<?xml version="1.0" encoding="UTF-8"?>
<testsuites name="ChiraghWeb_FrontEnd_Tests" time="398.41" tests="9" failures="7" errors="2">
   <testsuite name="ChiraghWeb_FrontEnd_Tests" tests="9" failures="7" errors="2" time="398.41" timestamp="2020-04-15 16:00:31" hostname="Administrator - 172.31.5.210" id="Test Suites/ChiraghWeb_FrontEnd_Tests">
      <properties>
         <property name="deviceName" value=""/>
         <property name="devicePlatform" value=""/>
         <property name="logFolder" value="C:\\Users\\Administrator\\Git\\chiraghAdminPanel\\Reports\\20200415_160028\\ChiraghWeb_FrontEnd_Tests\\20200415_160028"/>
         <property name="logFiles" value="C:\\Users\\Administrator\\Git\\chiraghAdminPanel\\Reports\\20200415_160028\\ChiraghWeb_FrontEnd_Tests\\20200415_160028\\execution0.log"/>
         <property name="attachments" value="C:\\Users\\Administrator\\Git\\chiraghAdminPanel\\Reports\\20200415_160028\\ChiraghWeb_FrontEnd_Tests\\20200415_160028/videos\\test_1.mov, C:\\Users\\Administrator\\Git\\chiraghAdminPanel\\Reports\\20200415_160028\\ChiraghWeb_FrontEnd_Tests\\20200415_160028/videos\\test_2.mov, C:\\Users\\Administrator\\Git\\chiraghAdminPanel\\Reports\\20200415_160028\\ChiraghWeb_FrontEnd_Tests\\20200415_160028\\1586966514331.png, C:\\Users\\Administrator\\Git\\chiraghAdminPanel\\Reports\\20200415_160028\\ChiraghWeb_FrontEnd_Tests\\20200415_160028/videos\\test_3.mov, C:\\Users\\Administrator\\Git\\chiraghAdminPanel\\Reports\\20200415_160028\\ChiraghWeb_FrontEnd_Tests\\20200415_160028\\1586966547699.png, C:\\Users\\Administrator\\Git\\chiraghAdminPanel\\Reports\\20200415_160028\\ChiraghWeb_FrontEnd_Tests\\20200415_160028/videos\\test_4.mov, C:\\Users\\Administrator\\Git\\chiraghAdminPanel\\Reports\\20200415_160028\\ChiraghWeb_FrontEnd_Tests\\20200415_160028\\1586966626681.png, C:\\Users\\Administrator\\Git\\chiraghAdminPanel\\Reports\\20200415_160028\\ChiraghWeb_FrontEnd_Tests\\20200415_160028\\1586966626742.png, C:\\Users\\Administrator\\Git\\chiraghAdminPanel\\Reports\\20200415_160028\\ChiraghWeb_FrontEnd_Tests\\20200415_160028/videos\\test_5.mov, C:\\Users\\Administrator\\Git\\chiraghAdminPanel\\Reports\\20200415_160028\\ChiraghWeb_FrontEnd_Tests\\20200415_160028\\1586966692546.png, C:\\Users\\Administrator\\Git\\chiraghAdminPanel\\Reports\\20200415_160028\\ChiraghWeb_FrontEnd_Tests\\20200415_160028/videos\\test_6.mov, C:\\Users\\Administrator\\Git\\chiraghAdminPanel\\Reports\\20200415_160028\\ChiraghWeb_FrontEnd_Tests\\20200415_160028\\1586966735069.png, C:\\Users\\Administrator\\Git\\chiraghAdminPanel\\Reports\\20200415_160028\\ChiraghWeb_FrontEnd_Tests\\20200415_160028/videos\\test_7.mov, C:\\Users\\Administrator\\Git\\chiraghAdminPanel\\Reports\\20200415_160028\\ChiraghWeb_FrontEnd_Tests\\20200415_160028\\1586966775080.png, C:\\Users\\Administrator\\Git\\chiraghAdminPanel\\Reports\\20200415_160028\\ChiraghWeb_FrontEnd_Tests\\20200415_160028/videos\\test_8.mov, C:\\Users\\Administrator\\Git\\chiraghAdminPanel\\Reports\\20200415_160028\\ChiraghWeb_FrontEnd_Tests\\20200415_160028\\1586966816995.png, C:\\Users\\Administrator\\Git\\chiraghAdminPanel\\Reports\\20200415_160028\\ChiraghWeb_FrontEnd_Tests\\20200415_160028/videos\\test_9.mov"/>
         <property name="hostName" value="Administrator - 172.31.5.210"/>
         <property name="os" value="Windows Server 2016 64bit"/>
         <property name="katalonVersion" value="7.3.1.1"/>
         <property name="browser" value="Firefox 75.0"/>
         <property name="hostAddress" value="172.31.5.210"/>
         <property name="sessionId" value="0add37ed-f5f0-4da5-89f9-2d1f04c7d09f"/>
         <property name="seleniumVersion" value="3.141.59"/>
         <property name="proxyInformation" value="ProxyInformation{proxyOption=NO_PROXY, proxyServerType=HTTP, password=, proxyServerAddress=, proxyServerPort=0, executionList=}"/>
         <property name="platform" value="Windows Server 2016"/>
      </properties>
      <testcase name="Test Cases/Smoke Tests/Header/TC_VerifySellTab_009" time="32.114" classname="Test Cases/Smoke Tests/Header/TC_VerifySellTab_009" status="ERROR">
         <error type="ERROR" message="Test Cases/Smoke Tests/Header/TC_VerifySellTab_009 FAILED.
Reason:
groovy.lang.MissingMethodException: No signature of method: static com.kms.katalon.core.webui.keyword.WebUiBuiltInKeywords.verifyElementPresent() is applicable for argument types: (com.kms.katalon.core.testobject.TestObject) values: [TestObject - 'Object Repository/Front End Objects/Smoke Tests/Header/Sell Tab/Page_Chiragh - Login/h1_Log In']
Possible solutions: verifyElementPresent(com.kms.katalon.core.testobject.TestObject, int), verifyElementPresent(com.kms.katalon.core.testobject.TestObject, int, com.kms.katalon.core.model.FailureHandling), verifyElementNotPresent(com.kms.katalon.core.testobject.TestObject, int), verifyAlertPresent(int), verifyElementNotPresent(com.kms.katalon.core.testobject.TestObject, int, com.kms.katalon.core.model.FailureHandling)
	at TC_VerifySellTab_009.run(TC_VerifySellTab_009:32)
	at com.kms.katalon.core.main.ScriptEngine.run(ScriptEngine.java:194)
	at com.kms.katalon.core.main.ScriptEngine.runScriptAsRawText(ScriptEngine.java:119)
	at com.kms.katalon.core.main.TestCaseExecutor.runScript(TestCaseExecutor.java:337)
	at com.kms.katalon.core.main.TestCaseExecutor.doExecute(TestCaseExecutor.java:328)
	at com.kms.katalon.core.main.TestCaseExecutor.processExecutionPhase(TestCaseExecutor.java:307)
	at com.kms.katalon.core.main.TestCaseExecutor.accessMainPhase(TestCaseExecutor.java:299)
	at com.kms.katalon.core.main.TestCaseExecutor.execute(TestCaseExecutor.java:233)
	at com.kms.katalon.core.main.TestSuiteExecutor.accessTestCaseMainPhase(TestSuiteExecutor.java:169)
	at com.kms.katalon.core.main.TestSuiteExecutor.accessTestSuiteMainPhase(TestSuiteExecutor.java:142)
	at com.kms.katalon.core.main.TestSuiteExecutor.execute(TestSuiteExecutor.java:91)
	at com.kms.katalon.core.main.TestCaseMain.startTestSuite(TestCaseMain.java:157)
	at com.kms.katalon.core.main.TestCaseMain$startTestSuite$0.call(Unknown Source)
	at TempTestSuite1586966428771.run(TempTestSuite1586966428771.groovy:36)
"/>
         <system-out><![CDATA[2020-04-15 16:00:32 - [TEST_CASE][ERROR] - Test Cases/Smoke Tests/Header/TC_VerifySellTab_009: Test Cases/Smoke Tests/Header/TC_VerifySellTab_009 FAILED.
Reason:
groovy.lang.MissingMethodException: No signature of method: static com.kms.katalon.core.webui.keyword.WebUiBuiltInKeywords.verifyElementPresent() is applicable for argument types: (com.kms.katalon.core.testobject.TestObject) values: [TestObject - 'Object Repository/Front End Objects/Smoke Tests/Header/Sell Tab/Page_Chiragh - Login/h1_Log In']
Possible solutions: verifyElementPresent(com.kms.katalon.core.testobject.TestObject, int), verifyElementPresent(com.kms.katalon.core.testobject.TestObject, int, com.kms.katalon.core.model.FailureHandling), verifyElementNotPresent(com.kms.katalon.core.testobject.TestObject, int), verifyAlertPresent(int), verifyElementNotPresent(com.kms.katalon.core.testobject.TestObject, int, com.kms.katalon.core.model.FailureHandling)
	at TC_VerifySellTab_009.run(TC_VerifySellTab_009:32)
	at com.kms.katalon.core.main.ScriptEngine.run(ScriptEngine.java:194)
	at com.kms.katalon.core.main.ScriptEngine.runScriptAsRawText(ScriptEngine.java:119)
	at com.kms.katalon.core.main.TestCaseExecutor.runScript(TestCaseExecutor.java:337)
	at com.kms.katalon.core.main.TestCaseExecutor.doExecute(TestCaseExecutor.java:328)
	at com.kms.katalon.core.main.TestCaseExecutor.processExecutionPhase(TestCaseExecutor.java:307)
	at com.kms.katalon.core.main.TestCaseExecutor.accessMainPhase(TestCaseExecutor.java:299)
	at com.kms.katalon.core.main.TestCaseExecutor.execute(TestCaseExecutor.java:233)
	at com.kms.katalon.core.main.TestSuiteExecutor.accessTestCaseMainPhase(TestSuiteExecutor.java:169)
	at com.kms.katalon.core.main.TestSuiteExecutor.accessTestSuiteMainPhase(TestSuiteExecutor.java:142)
	at com.kms.katalon.core.main.TestSuiteExecutor.execute(TestSuiteExecutor.java:91)
	at com.kms.katalon.core.main.TestCaseMain.startTestSuite(TestCaseMain.java:157)
	at com.kms.katalon.core.main.TestCaseMain$startTestSuite$0.call(Unknown Source)
	at TempTestSuite1586966428771.run(TempTestSuite1586966428771.groovy:36)


2020-04-15 16:00:32 - [TEST_STEP][PASSED] - openBrowser(""): Browser is opened with url: ''

2020-04-15 16:00:32 - [MESSAGE][INFO] - Starting 'Firefox' driver

2020-04-15 16:00:32 - [MESSAGE][INFO] - Action delay is set to 0 milliseconds

2020-04-15 16:00:36 - [MESSAGE][PASSED] - Browser is opened with url: ''

2020-04-15 16:00:36 - [TEST_STEP][PASSED] - navigateToUrl(Url): Navigate to 'http://test.chiragh.com' successfully

2020-04-15 16:00:38 - [MESSAGE][PASSED] - Navigate to 'http://test.chiragh.com' successfully

2020-04-15 16:00:38 - [TEST_STEP][PASSED] - waitForPageLoad(15): Wait for page load successfully

2020-04-15 16:00:38 - [MESSAGE][PASSED] - Wait for page load successfully

2020-04-15 16:00:38 - [TEST_STEP][PASSED] - maximizeWindow(): Current window maximized

2020-04-15 16:00:38 - [MESSAGE][PASSED] - Current window maximized

2020-04-15 16:00:38 - [TEST_STEP][PASSED] - delay(3): Delayed 3 second(s)

2020-04-15 16:00:41 - [MESSAGE][PASSED] - Delayed 3 second(s)

2020-04-15 16:00:41 - [TEST_STEP][PASSED] - doubleClick(findTestObject("Object Repository/Front End Objects/Smoke Tests/Header/Sell Tab/Page_Chiragh - Home/a_SELL")): Object: 'Object Repository/Front End Objects/Smoke Tests/Header/Sell Tab/Page_Chiragh - Home/a_SELL' is double clicked on

2020-04-15 16:00:42 - [MESSAGE][PASSED] - Object: 'Object Repository/Front End Objects/Smoke Tests/Header/Sell Tab/Page_Chiragh - Home/a_SELL' is double clicked on

2020-04-15 16:00:42 - [TEST_STEP][PASSED] - delay(20): Delayed 20 second(s)

2020-04-15 16:01:02 - [MESSAGE][PASSED] - Delayed 20 second(s)

2020-04-15 16:01:02 - [TEST_STEP][PASSED] - verifyElementPresent(findTestObject("Object Repository/Front End Objects/Smoke Tests/Header/Sell Tab/Page_Chiragh - Login/h1_Log In")): null

2020-04-15 16:01:04 - [TEST_STEP][PASSED] - Video: Video recording for test case 'Test Cases/Smoke Tests/Header/TC_VerifySellTab_009' .

2020-04-15 16:01:04 - [MESSAGE][INFO] - Video recording for test case 'Test Cases/Smoke Tests/Header/TC_VerifySellTab_009' .
[[ATTACHMENT|C:\\Users\\Administrator\\Git\\chiraghAdminPanel\\Reports\\20200415_160028\\ChiraghWeb_FrontEnd_Tests\\20200415_160028/videos\\test_1.mov]]]]></system-out>
         <system-err><![CDATA[2020-04-15 16:00:32 - [TEST_CASE][ERROR] - Test Cases/Smoke Tests/Header/TC_VerifySellTab_009: Test Cases/Smoke Tests/Header/TC_VerifySellTab_009 FAILED.
Reason:
groovy.lang.MissingMethodException: No signature of method: static com.kms.katalon.core.webui.keyword.WebUiBuiltInKeywords.verifyElementPresent() is applicable for argument types: (com.kms.katalon.core.testobject.TestObject) values: [TestObject - 'Object Repository/Front End Objects/Smoke Tests/Header/Sell Tab/Page_Chiragh - Login/h1_Log In']
Possible solutions: verifyElementPresent(com.kms.katalon.core.testobject.TestObject, int), verifyElementPresent(com.kms.katalon.core.testobject.TestObject, int, com.kms.katalon.core.model.FailureHandling), verifyElementNotPresent(com.kms.katalon.core.testobject.TestObject, int), verifyAlertPresent(int), verifyElementNotPresent(com.kms.katalon.core.testobject.TestObject, int, com.kms.katalon.core.model.FailureHandling)
	at TC_VerifySellTab_009.run(TC_VerifySellTab_009:32)
	at com.kms.katalon.core.main.ScriptEngine.run(ScriptEngine.java:194)
	at com.kms.katalon.core.main.ScriptEngine.runScriptAsRawText(ScriptEngine.java:119)
	at com.kms.katalon.core.main.TestCaseExecutor.runScript(TestCaseExecutor.java:337)
	at com.kms.katalon.core.main.TestCaseExecutor.doExecute(TestCaseExecutor.java:328)
	at com.kms.katalon.core.main.TestCaseExecutor.processExecutionPhase(TestCaseExecutor.java:307)
	at com.kms.katalon.core.main.TestCaseExecutor.accessMainPhase(TestCaseExecutor.java:299)
	at com.kms.katalon.core.main.TestCaseExecutor.execute(TestCaseExecutor.java:233)
	at com.kms.katalon.core.main.TestSuiteExecutor.accessTestCaseMainPhase(TestSuiteExecutor.java:169)
	at com.kms.katalon.core.main.TestSuiteExecutor.accessTestSuiteMainPhase(TestSuiteExecutor.java:142)
	at com.kms.katalon.core.main.TestSuiteExecutor.execute(TestSuiteExecutor.java:91)
	at com.kms.katalon.core.main.TestCaseMain.startTestSuite(TestCaseMain.java:157)
	at com.kms.katalon.core.main.TestCaseMain$startTestSuite$0.call(Unknown Source)
	at TempTestSuite1586966428771.run(TempTestSuite1586966428771.groovy:36)]]></system-err>
      </testcase>
      <testcase name="Test Cases/Front End/TC_ChangePassword" time="29.633" classname="Test Cases/Front End/TC_ChangePassword" status="ERROR">
         <error type="ERROR" message="Test Cases/Front End/TC_ChangePassword FAILED.
Reason:
groovy.lang.MissingPropertyException: No such property: changePassword for class: internal.GlobalVariable
	at TC_ChangePassword.run(TC_ChangePassword:69)
	at com.kms.katalon.core.main.ScriptEngine.run(ScriptEngine.java:194)
	at com.kms.katalon.core.main.ScriptEngine.runScriptAsRawText(ScriptEngine.java:119)
	at com.kms.katalon.core.main.TestCaseExecutor.runScript(TestCaseExecutor.java:337)
	at com.kms.katalon.core.main.TestCaseExecutor.doExecute(TestCaseExecutor.java:328)
	at com.kms.katalon.core.main.TestCaseExecutor.processExecutionPhase(TestCaseExecutor.java:307)
	at com.kms.katalon.core.main.TestCaseExecutor.accessMainPhase(TestCaseExecutor.java:299)
	at com.kms.katalon.core.main.TestCaseExecutor.execute(TestCaseExecutor.java:233)
	at com.kms.katalon.core.main.TestSuiteExecutor.accessTestCaseMainPhase(TestSuiteExecutor.java:169)
	at com.kms.katalon.core.main.TestSuiteExecutor.accessTestSuiteMainPhase(TestSuiteExecutor.java:142)
	at com.kms.katalon.core.main.TestSuiteExecutor.execute(TestSuiteExecutor.java:91)
	at com.kms.katalon.core.main.TestCaseMain.startTestSuite(TestCaseMain.java:157)
	at com.kms.katalon.core.main.TestCaseMain$startTestSuite$0.call(Unknown Source)
	at TempTestSuite1586966428771.run(TempTestSuite1586966428771.groovy:36)
"/>
         <system-out><![CDATA[2020-04-15 16:01:04 - [TEST_CASE][ERROR] - Test Cases/Front End/TC_ChangePassword: Test Cases/Front End/TC_ChangePassword FAILED.
Reason:
groovy.lang.MissingPropertyException: No such property: changePassword for class: internal.GlobalVariable
	at TC_ChangePassword.run(TC_ChangePassword:69)
	at com.kms.katalon.core.main.ScriptEngine.run(ScriptEngine.java:194)
	at com.kms.katalon.core.main.ScriptEngine.runScriptAsRawText(ScriptEngine.java:119)
	at com.kms.katalon.core.main.TestCaseExecutor.runScript(TestCaseExecutor.java:337)
	at com.kms.katalon.core.main.TestCaseExecutor.doExecute(TestCaseExecutor.java:328)
	at com.kms.katalon.core.main.TestCaseExecutor.processExecutionPhase(TestCaseExecutor.java:307)
	at com.kms.katalon.core.main.TestCaseExecutor.accessMainPhase(TestCaseExecutor.java:299)
	at com.kms.katalon.core.main.TestCaseExecutor.execute(TestCaseExecutor.java:233)
	at com.kms.katalon.core.main.TestSuiteExecutor.accessTestCaseMainPhase(TestSuiteExecutor.java:169)
	at com.kms.katalon.core.main.TestSuiteExecutor.accessTestSuiteMainPhase(TestSuiteExecutor.java:142)
	at com.kms.katalon.core.main.TestSuiteExecutor.execute(TestSuiteExecutor.java:91)
	at com.kms.katalon.core.main.TestCaseMain.startTestSuite(TestCaseMain.java:157)
	at com.kms.katalon.core.main.TestCaseMain$startTestSuite$0.call(Unknown Source)
	at TempTestSuite1586966428771.run(TempTestSuite1586966428771.groovy:36)


2020-04-15 16:01:04 - [TEST_STEP][PASSED] - openBrowser(""): Browser is opened with url: ''

2020-04-15 16:01:04 - [MESSAGE][WARNING] - A browser is already opened. Closing browser and opening a new one

2020-04-15 16:01:05 - [MESSAGE][INFO] - Starting 'Firefox' driver

2020-04-15 16:01:05 - [MESSAGE][INFO] - Action delay is set to 0 milliseconds

2020-04-15 16:01:08 - [MESSAGE][PASSED] - Browser is opened with url: ''

2020-04-15 16:01:08 - [TEST_STEP][PASSED] - navigateToUrl(Url): Navigate to 'http://test.chiragh.com' successfully

2020-04-15 16:01:10 - [MESSAGE][PASSED] - Navigate to 'http://test.chiragh.com' successfully

2020-04-15 16:01:10 - [TEST_STEP][PASSED] - waitForPageLoad(10): Wait for page load successfully

2020-04-15 16:01:10 - [MESSAGE][PASSED] - Wait for page load successfully

2020-04-15 16:01:10 - [TEST_STEP][PASSED] - maximizeWindow(): Current window maximized

2020-04-15 16:01:10 - [MESSAGE][PASSED] - Current window maximized

2020-04-15 16:01:10 - [TEST_STEP][PASSED] - delay(3): Delayed 3 second(s)

2020-04-15 16:01:13 - [MESSAGE][PASSED] - Delayed 3 second(s)

2020-04-15 16:01:13 - [TEST_STEP][PASSED] - click(findTestObject("Object Repository/Front End Objects/ChangePasswordObject/Page_Chiragh - Home/a_ENG_dropdownMenuLink")): Object: 'Object Repository/Front End Objects/ChangePasswordObject/Page_Chiragh - Home/a_ENG_dropdownMenuLink' is clicked on

2020-04-15 16:01:13 - [MESSAGE][PASSED] - Object: 'Object Repository/Front End Objects/ChangePasswordObject/Page_Chiragh - Home/a_ENG_dropdownMenuLink' is clicked on

2020-04-15 16:01:13 - [TEST_STEP][PASSED] - click(findTestObject("Object Repository/Front End Objects/ChangePasswordObject/Page_Chiragh - Home/a_Login")): Object: 'Object Repository/Front End Objects/ChangePasswordObject/Page_Chiragh - Home/a_Login' is clicked on

2020-04-15 16:01:14 - [MESSAGE][PASSED] - Object: 'Object Repository/Front End Objects/ChangePasswordObject/Page_Chiragh - Home/a_Login' is clicked on

2020-04-15 16:01:14 - [TEST_STEP][PASSED] - setText(findTestObject("Object Repository/Front End Objects/ChangePasswordObject/Page_Chiragh - Login/input_Username_un"), userName): Text 'AUTOCHIRAGH' is set on object 'Object Repository/Front End Objects/ChangePasswordObject/Page_Chiragh - Login/input_Username_un'

2020-04-15 16:01:15 - [MESSAGE][PASSED] - Text 'AUTOCHIRAGH' is set on object 'Object Repository/Front End Objects/ChangePasswordObject/Page_Chiragh - Login/input_Username_un'

2020-04-15 16:01:15 - [TEST_STEP][PASSED] - setText(findTestObject("Object Repository/Front End Objects/ChangePasswordObject/Page_Chiragh - Login/input_Password_userPassword"), passWord): Text '1234567890' is set on object 'Object Repository/Front End Objects/ChangePasswordObject/Page_Chiragh - Login/input_Password_userPassword'

2020-04-15 16:01:16 - [MESSAGE][PASSED] - Text '1234567890' is set on object 'Object Repository/Front End Objects/ChangePasswordObject/Page_Chiragh - Login/input_Password_userPassword'

2020-04-15 16:01:16 - [TEST_STEP][PASSED] - delay(2): Delayed 2 second(s)

2020-04-15 16:01:18 - [MESSAGE][PASSED] - Delayed 2 second(s)

2020-04-15 16:01:18 - [TEST_STEP][PASSED] - click(findTestObject("Object Repository/Front End Objects/ChangePasswordObject/Page_Chiragh - Login/button_Log In")): Object: 'Object Repository/Front End Objects/ChangePasswordObject/Page_Chiragh - Login/button_Log In' is clicked on

2020-04-15 16:01:18 - [MESSAGE][PASSED] - Object: 'Object Repository/Front End Objects/ChangePasswordObject/Page_Chiragh - Login/button_Log In' is clicked on

2020-04-15 16:01:18 - [TEST_STEP][PASSED] - waitForPageLoad(10): Wait for page load successfully

2020-04-15 16:01:18 - [MESSAGE][PASSED] - Wait for page load successfully

2020-04-15 16:01:18 - [TEST_STEP][PASSED] - click(findTestObject("Object Repository/Front End Objects/ChangePasswordObject/Page_Chiragh - Home/a_ENG_dropdownMenuLink")): Object: 'Object Repository/Front End Objects/ChangePasswordObject/Page_Chiragh - Home/a_ENG_dropdownMenuLink' is clicked on

2020-04-15 16:01:20 - [MESSAGE][PASSED] - Object: 'Object Repository/Front End Objects/ChangePasswordObject/Page_Chiragh - Home/a_ENG_dropdownMenuLink' is clicked on

2020-04-15 16:01:20 - [TEST_STEP][PASSED] - click(findTestObject("Object Repository/Front End Objects/ChangePasswordObject/Page_Chiragh - Home/a_HI AutoChiragh")): Object: 'Object Repository/Front End Objects/ChangePasswordObject/Page_Chiragh - Home/a_HI AutoChiragh' is clicked on

2020-04-15 16:01:21 - [MESSAGE][PASSED] - Object: 'Object Repository/Front End Objects/ChangePasswordObject/Page_Chiragh - Home/a_HI AutoChiragh' is clicked on

2020-04-15 16:01:21 - [TEST_STEP][PASSED] - delay(2): Delayed 2 second(s)

2020-04-15 16:01:23 - [MESSAGE][PASSED] - Delayed 2 second(s)

2020-04-15 16:01:23 - [TEST_STEP][PASSED] - click(findTestObject("Object Repository/Front End Objects/ChangePasswordObject/Page_Chiragh - Dashborad Home/a_Profile")): Object: 'Object Repository/Front End Objects/ChangePasswordObject/Page_Chiragh - Dashborad Home/a_Profile' is clicked on

2020-04-15 16:01:24 - [MESSAGE][PASSED] - Object: 'Object Repository/Front End Objects/ChangePasswordObject/Page_Chiragh - Dashborad Home/a_Profile' is clicked on

2020-04-15 16:01:24 - [TEST_STEP][PASSED] - delay(2): Delayed 2 second(s)

2020-04-15 16:01:26 - [MESSAGE][PASSED] - Delayed 2 second(s)

2020-04-15 16:01:26 - [TEST_STEP][PASSED] - scrollToElement(findTestObject("Object Repository/Front End Objects/ChangePasswordObject/Page_Chiragh - User Profile/p_Contact Info"), 6): Scroll to object 'Object Repository/Front End Objects/ChangePasswordObject/Page_Chiragh - User Profile/p_Contact Info' successfully

2020-04-15 16:01:26 - [MESSAGE][PASSED] - Scroll to object 'Object Repository/Front End Objects/ChangePasswordObject/Page_Chiragh - User Profile/p_Contact Info' successfully

2020-04-15 16:01:26 - [TEST_STEP][PASSED] - click(findTestObject("Object Repository/Front End Objects/ChangePasswordObject/Page_Chiragh - User Profile/svg_Sharjah UAE_svg-inline--fa fa-eye fa-w-18")): Object: 'Object Repository/Front End Objects/ChangePasswordObject/Page_Chiragh - User Profile/svg_Sharjah UAE_svg-inline--fa fa-eye fa-w-18' is clicked on

2020-04-15 16:01:26 - [MESSAGE][PASSED] - Object: 'Object Repository/Front End Objects/ChangePasswordObject/Page_Chiragh - User Profile/svg_Sharjah UAE_svg-inline--fa fa-eye fa-w-18' is clicked on

2020-04-15 16:01:26 - [TEST_STEP][PASSED] - delay(2): Delayed 2 second(s)

2020-04-15 16:01:28 - [MESSAGE][PASSED] - Delayed 2 second(s)

2020-04-15 16:01:28 - [TEST_STEP][PASSED] - setText(findTestObject("Object Repository/Front End Objects/ChangePasswordObject/Page_Chiragh - User Profile/input_Sharjah UAE_currentPassword"), passWord): Text '1234567890' is set on object 'Object Repository/Front End Objects/ChangePasswordObject/Page_Chiragh - User Profile/input_Sharjah UAE_currentPassword'

2020-04-15 16:01:29 - [MESSAGE][PASSED] - Text '1234567890' is set on object 'Object Repository/Front End Objects/ChangePasswordObject/Page_Chiragh - User Profile/input_Sharjah UAE_currentPassword'

2020-04-15 16:01:29 - [TEST_STEP][PASSED] - delay(2): Delayed 2 second(s)

2020-04-15 16:01:31 - [MESSAGE][PASSED] - Delayed 2 second(s)

2020-04-15 16:01:31 - [TEST_STEP][PASSED] - setText(findTestObject("Object Repository/Front End Objects/ChangePasswordObject/Page_Chiragh - User Profile/input_Sharjah UAE_userPassword"), changePassword): null

2020-04-15 16:01:33 - [TEST_STEP][PASSED] - Video: Video recording for test case 'Test Cases/Front End/TC_ChangePassword' .

2020-04-15 16:01:33 - [MESSAGE][INFO] - Video recording for test case 'Test Cases/Front End/TC_ChangePassword' .
[[ATTACHMENT|C:\\Users\\Administrator\\Git\\chiraghAdminPanel\\Reports\\20200415_160028\\ChiraghWeb_FrontEnd_Tests\\20200415_160028/videos\\test_2.mov]]]]></system-out>
         <system-err><![CDATA[2020-04-15 16:01:04 - [TEST_CASE][ERROR] - Test Cases/Front End/TC_ChangePassword: Test Cases/Front End/TC_ChangePassword FAILED.
Reason:
groovy.lang.MissingPropertyException: No such property: changePassword for class: internal.GlobalVariable
	at TC_ChangePassword.run(TC_ChangePassword:69)
	at com.kms.katalon.core.main.ScriptEngine.run(ScriptEngine.java:194)
	at com.kms.katalon.core.main.ScriptEngine.runScriptAsRawText(ScriptEngine.java:119)
	at com.kms.katalon.core.main.TestCaseExecutor.runScript(TestCaseExecutor.java:337)
	at com.kms.katalon.core.main.TestCaseExecutor.doExecute(TestCaseExecutor.java:328)
	at com.kms.katalon.core.main.TestCaseExecutor.processExecutionPhase(TestCaseExecutor.java:307)
	at com.kms.katalon.core.main.TestCaseExecutor.accessMainPhase(TestCaseExecutor.java:299)
	at com.kms.katalon.core.main.TestCaseExecutor.execute(TestCaseExecutor.java:233)
	at com.kms.katalon.core.main.TestSuiteExecutor.accessTestCaseMainPhase(TestSuiteExecutor.java:169)
	at com.kms.katalon.core.main.TestSuiteExecutor.accessTestSuiteMainPhase(TestSuiteExecutor.java:142)
	at com.kms.katalon.core.main.TestSuiteExecutor.execute(TestSuiteExecutor.java:91)
	at com.kms.katalon.core.main.TestCaseMain.startTestSuite(TestCaseMain.java:157)
	at com.kms.katalon.core.main.TestCaseMain$startTestSuite$0.call(Unknown Source)
	at TempTestSuite1586966428771.run(TempTestSuite1586966428771.groovy:36)]]></system-err>
      </testcase>
      <testcase name="Test Cases/Front End/TC_ChangeProfileImage" time="22.606" classname="Test Cases/Front End/TC_ChangeProfileImage" status="FAILED">
         <failure type="FAILED" message="Test Cases/Front End/TC_ChangeProfileImage FAILED.
Reason:
com.kms.katalon.core.exception.StepFailedException: Unable to upload file 'C:\Users\HP\git\chiraghAdminPanel\Include\PropertyImages\1584693242612-Scanned_Passport_Copy.png' to object 'Object Repository/Front End Objects/ProfileImageChange/capture/Page_Chiragh - Dashborad Home/input_You have no new notifications at the moment_file'
	at com.kms.katalon.core.webui.keyword.internal.WebUIKeywordMain.stepFailed(WebUIKeywordMain.groovy:64)
	at com.kms.katalon.core.webui.keyword.internal.WebUIKeywordMain.runKeyword(WebUIKeywordMain.groovy:26)
	at com.kms.katalon.core.webui.keyword.builtin.UploadFileKeyword.uploadFile(UploadFileKeyword.groovy:87)
	at com.kms.katalon.core.webui.keyword.builtin.UploadFileKeyword.execute(UploadFileKeyword.groovy:68)
	at com.kms.katalon.core.keyword.internal.KeywordExecutor.executeKeywordForPlatform(KeywordExecutor.groovy:72)
	at com.kms.katalon.core.webui.keyword.WebUiBuiltInKeywords.uploadFile(WebUiBuiltInKeywords.groovy:2971)
	at com.kms.katalon.core.webui.keyword.WebUiBuiltInKeywords$uploadFile$8.call(Unknown Source)
	at TC_ChangeProfileImage.run(TC_ChangeProfileImage:51)
	at com.kms.katalon.core.main.ScriptEngine.run(ScriptEngine.java:194)
	at com.kms.katalon.core.main.ScriptEngine.runScriptAsRawText(ScriptEngine.java:119)
	at com.kms.katalon.core.main.TestCaseExecutor.runScript(TestCaseExecutor.java:337)
	at com.kms.katalon.core.main.TestCaseExecutor.doExecute(TestCaseExecutor.java:328)
	at com.kms.katalon.core.main.TestCaseExecutor.processExecutionPhase(TestCaseExecutor.java:307)
	at com.kms.katalon.core.main.TestCaseExecutor.accessMainPhase(TestCaseExecutor.java:299)
	at com.kms.katalon.core.main.TestCaseExecutor.execute(TestCaseExecutor.java:233)
	at com.kms.katalon.core.main.TestSuiteExecutor.accessTestCaseMainPhase(TestSuiteExecutor.java:169)
	at com.kms.katalon.core.main.TestSuiteExecutor.accessTestSuiteMainPhase(TestSuiteExecutor.java:142)
	at com.kms.katalon.core.main.TestSuiteExecutor.execute(TestSuiteExecutor.java:91)
	at com.kms.katalon.core.main.TestCaseMain.startTestSuite(TestCaseMain.java:157)
	at com.kms.katalon.core.main.TestCaseMain$startTestSuite$0.call(Unknown Source)
	at TempTestSuite1586966428771.run(TempTestSuite1586966428771.groovy:36)
Caused by: org.openqa.selenium.InvalidArgumentException: File not found: C:\Users\HP\git\chiraghAdminPanel\Include\PropertyImages\1584693242612-Scanned_Passport_Copy.png
Build info: version: '3.141.59', revision: 'e82be7d358', time: '2018-11-14T08:25:53'
System info: host: 'EC2AMAZ-QUDPRKJ', ip: '172.31.5.210', os.name: 'Windows Server 2016', os.arch: 'amd64', os.version: '10.0', java.version: '1.8.0_181'
Driver info: com.kms.katalon.core.webui.driver.firefox.CGeckoDriver
Capabilities {acceptInsecureCerts: true, browserName: firefox, browserVersion: 75.0, javascriptEnabled: true, moz:accessibilityChecks: false, moz:buildID: 20200403170909, moz:geckodriverVersion: 0.23.0, moz:headless: false, moz:processID: 9924, moz:profile: C:\Users\Administrator\AppD..., moz:shutdownTimeout: 60000, moz:useNonSpecCompliantPointerOrigin: false, moz:webdriverClick: true, pageLoadStrategy: normal, platform: WINDOWS, platformName: WINDOWS, platformVersion: 10.0, proxy: Proxy(direct), rotatable: false, setWindowRect: true, strictFileInteractability: false, timeouts: {implicit: 0, pageLoad: 300000, script: 30000}, unhandledPromptBehavior: dismiss and notify}
Session ID: d575dec0-d46b-4598-9fd3-281e7431fcf6
	at org.openqa.selenium.remote.http.W3CHttpResponseCodec.createException(W3CHttpResponseCodec.java:187)
	at org.openqa.selenium.remote.http.W3CHttpResponseCodec.decode(W3CHttpResponseCodec.java:122)
	at org.openqa.selenium.remote.http.W3CHttpResponseCodec.decode(W3CHttpResponseCodec.java:49)
	at org.openqa.selenium.remote.HttpCommandExecutor.execute(HttpCommandExecutor.java:158)
	at org.openqa.selenium.remote.service.DriverCommandExecutor.execute(DriverCommandExecutor.java:83)
	at org.openqa.selenium.remote.RemoteWebDriver.execute(RemoteWebDriver.java:552)
	at com.kms.katalon.selenium.driver.CFirefoxDriver.execute(CFirefoxDriver.java:27)
	at org.openqa.selenium.remote.RemoteWebElement.execute(RemoteWebElement.java:285)
	at org.openqa.selenium.remote.RemoteWebElement.sendKeys(RemoteWebElement.java:106)
	at org.openqa.selenium.support.events.EventFiringWebDriver$EventFiringWebElement.lambda$new$0(EventFiringWebDriver.java:404)
	at com.sun.proxy.$Proxy10.sendKeys(Unknown Source)
	at org.openqa.selenium.support.events.EventFiringWebDriver$EventFiringWebElement.sendKeys(EventFiringWebDriver.java:429)
	at com.kms.katalon.core.webui.keyword.builtin.UploadFileKeyword$_uploadFile_closure1.doCall(UploadFileKeyword.groovy:80)
	at com.kms.katalon.core.webui.keyword.builtin.UploadFileKeyword$_uploadFile_closure1.call(UploadFileKeyword.groovy)
	at com.kms.katalon.core.webui.keyword.internal.WebUIKeywordMain.runKeyword(WebUIKeywordMain.groovy:20)
	... 19 more
"/>
         <system-out><![CDATA[2020-04-15 16:01:33 - [TEST_CASE][FAILED] - Test Cases/Front End/TC_ChangeProfileImage: Test Cases/Front End/TC_ChangeProfileImage FAILED.
Reason:
com.kms.katalon.core.exception.StepFailedException: Unable to upload file 'C:\Users\HP\git\chiraghAdminPanel\Include\PropertyImages\1584693242612-Scanned_Passport_Copy.png' to object 'Object Repository/Front End Objects/ProfileImageChange/capture/Page_Chiragh - Dashborad Home/input_You have no new notifications at the moment_file'
	at com.kms.katalon.core.webui.keyword.internal.WebUIKeywordMain.stepFailed(WebUIKeywordMain.groovy:64)
	at com.kms.katalon.core.webui.keyword.internal.WebUIKeywordMain.runKeyword(WebUIKeywordMain.groovy:26)
	at com.kms.katalon.core.webui.keyword.builtin.UploadFileKeyword.uploadFile(UploadFileKeyword.groovy:87)
	at com.kms.katalon.core.webui.keyword.builtin.UploadFileKeyword.execute(UploadFileKeyword.groovy:68)
	at com.kms.katalon.core.keyword.internal.KeywordExecutor.executeKeywordForPlatform(KeywordExecutor.groovy:72)
	at com.kms.katalon.core.webui.keyword.WebUiBuiltInKeywords.uploadFile(WebUiBuiltInKeywords.groovy:2971)
	at com.kms.katalon.core.webui.keyword.WebUiBuiltInKeywords$uploadFile$8.call(Unknown Source)
	at TC_ChangeProfileImage.run(TC_ChangeProfileImage:51)
	at com.kms.katalon.core.main.ScriptEngine.run(ScriptEngine.java:194)
	at com.kms.katalon.core.main.ScriptEngine.runScriptAsRawText(ScriptEngine.java:119)
	at com.kms.katalon.core.main.TestCaseExecutor.runScript(TestCaseExecutor.java:337)
	at com.kms.katalon.core.main.TestCaseExecutor.doExecute(TestCaseExecutor.java:328)
	at com.kms.katalon.core.main.TestCaseExecutor.processExecutionPhase(TestCaseExecutor.java:307)
	at com.kms.katalon.core.main.TestCaseExecutor.accessMainPhase(TestCaseExecutor.java:299)
	at com.kms.katalon.core.main.TestCaseExecutor.execute(TestCaseExecutor.java:233)
	at com.kms.katalon.core.main.TestSuiteExecutor.accessTestCaseMainPhase(TestSuiteExecutor.java:169)
	at com.kms.katalon.core.main.TestSuiteExecutor.accessTestSuiteMainPhase(TestSuiteExecutor.java:142)
	at com.kms.katalon.core.main.TestSuiteExecutor.execute(TestSuiteExecutor.java:91)
	at com.kms.katalon.core.main.TestCaseMain.startTestSuite(TestCaseMain.java:157)
	at com.kms.katalon.core.main.TestCaseMain$startTestSuite$0.call(Unknown Source)
	at TempTestSuite1586966428771.run(TempTestSuite1586966428771.groovy:36)
Caused by: org.openqa.selenium.InvalidArgumentException: File not found: C:\Users\HP\git\chiraghAdminPanel\Include\PropertyImages\1584693242612-Scanned_Passport_Copy.png
Build info: version: '3.141.59', revision: 'e82be7d358', time: '2018-11-14T08:25:53'
System info: host: 'EC2AMAZ-QUDPRKJ', ip: '172.31.5.210', os.name: 'Windows Server 2016', os.arch: 'amd64', os.version: '10.0', java.version: '1.8.0_181'
Driver info: com.kms.katalon.core.webui.driver.firefox.CGeckoDriver
Capabilities {acceptInsecureCerts: true, browserName: firefox, browserVersion: 75.0, javascriptEnabled: true, moz:accessibilityChecks: false, moz:buildID: 20200403170909, moz:geckodriverVersion: 0.23.0, moz:headless: false, moz:processID: 9924, moz:profile: C:\Users\Administrator\AppD..., moz:shutdownTimeout: 60000, moz:useNonSpecCompliantPointerOrigin: false, moz:webdriverClick: true, pageLoadStrategy: normal, platform: WINDOWS, platformName: WINDOWS, platformVersion: 10.0, proxy: Proxy(direct), rotatable: false, setWindowRect: true, strictFileInteractability: false, timeouts: {implicit: 0, pageLoad: 300000, script: 30000}, unhandledPromptBehavior: dismiss and notify}
Session ID: d575dec0-d46b-4598-9fd3-281e7431fcf6
	at org.openqa.selenium.remote.http.W3CHttpResponseCodec.createException(W3CHttpResponseCodec.java:187)
	at org.openqa.selenium.remote.http.W3CHttpResponseCodec.decode(W3CHttpResponseCodec.java:122)
	at org.openqa.selenium.remote.http.W3CHttpResponseCodec.decode(W3CHttpResponseCodec.java:49)
	at org.openqa.selenium.remote.HttpCommandExecutor.execute(HttpCommandExecutor.java:158)
	at org.openqa.selenium.remote.service.DriverCommandExecutor.execute(DriverCommandExecutor.java:83)
	at org.openqa.selenium.remote.RemoteWebDriver.execute(RemoteWebDriver.java:552)
	at com.kms.katalon.selenium.driver.CFirefoxDriver.execute(CFirefoxDriver.java:27)
	at org.openqa.selenium.remote.RemoteWebElement.execute(RemoteWebElement.java:285)
	at org.openqa.selenium.remote.RemoteWebElement.sendKeys(RemoteWebElement.java:106)
	at org.openqa.selenium.support.events.EventFiringWebDriver$EventFiringWebElement.lambda$new$0(EventFiringWebDriver.java:404)
	at com.sun.proxy.$Proxy10.sendKeys(Unknown Source)
	at org.openqa.selenium.support.events.EventFiringWebDriver$EventFiringWebElement.sendKeys(EventFiringWebDriver.java:429)
	at com.kms.katalon.core.webui.keyword.builtin.UploadFileKeyword$_uploadFile_closure1.doCall(UploadFileKeyword.groovy:80)
	at com.kms.katalon.core.webui.keyword.builtin.UploadFileKeyword$_uploadFile_closure1.call(UploadFileKeyword.groovy)
	at com.kms.katalon.core.webui.keyword.internal.WebUIKeywordMain.runKeyword(WebUIKeywordMain.groovy:20)
	... 19 more


2020-04-15 16:01:34 - [TEST_STEP][PASSED] - openBrowser(""): Browser is opened with url: ''

2020-04-15 16:01:34 - [MESSAGE][WARNING] - A browser is already opened. Closing browser and opening a new one

2020-04-15 16:01:35 - [MESSAGE][INFO] - Starting 'Firefox' driver

2020-04-15 16:01:35 - [MESSAGE][INFO] - Action delay is set to 0 milliseconds

2020-04-15 16:01:38 - [MESSAGE][PASSED] - Browser is opened with url: ''

2020-04-15 16:01:38 - [TEST_STEP][PASSED] - navigateToUrl(Url): Navigate to 'http://test.chiragh.com' successfully

2020-04-15 16:01:40 - [MESSAGE][PASSED] - Navigate to 'http://test.chiragh.com' successfully

2020-04-15 16:01:40 - [TEST_STEP][PASSED] - waitForPageLoad(10): Wait for page load successfully

2020-04-15 16:01:40 - [MESSAGE][PASSED] - Wait for page load successfully

2020-04-15 16:01:40 - [TEST_STEP][PASSED] - maximizeWindow(): Current window maximized

2020-04-15 16:01:40 - [MESSAGE][PASSED] - Current window maximized

2020-04-15 16:01:40 - [TEST_STEP][PASSED] - delay(3): Delayed 3 second(s)

2020-04-15 16:01:43 - [MESSAGE][PASSED] - Delayed 3 second(s)

2020-04-15 16:01:43 - [TEST_STEP][PASSED] - click(findTestObject("Object Repository/Front End Objects/ProfileImageChange/Page_Chiragh - Home/a_ENG_dropdownMenuLink")): Object: 'Object Repository/Front End Objects/ProfileImageChange/Page_Chiragh - Home/a_ENG_dropdownMenuLink' is clicked on

2020-04-15 16:01:43 - [MESSAGE][PASSED] - Object: 'Object Repository/Front End Objects/ProfileImageChange/Page_Chiragh - Home/a_ENG_dropdownMenuLink' is clicked on

2020-04-15 16:01:43 - [TEST_STEP][PASSED] - click(findTestObject("Object Repository/Front End Objects/ProfileImageChange/Page_Chiragh - Home/a_Login")): Object: 'Object Repository/Front End Objects/ProfileImageChange/Page_Chiragh - Home/a_Login' is clicked on

2020-04-15 16:01:44 - [MESSAGE][PASSED] - Object: 'Object Repository/Front End Objects/ProfileImageChange/Page_Chiragh - Home/a_Login' is clicked on

2020-04-15 16:01:44 - [TEST_STEP][PASSED] - setText(findTestObject("Object Repository/Front End Objects/ProfileImageChange/Page_Chiragh - Login/input_Username_un"), userName): Text 'AUTOCHIRAGH' is set on object 'Object Repository/Front End Objects/ProfileImageChange/Page_Chiragh - Login/input_Username_un'

2020-04-15 16:01:45 - [MESSAGE][PASSED] - Text 'AUTOCHIRAGH' is set on object 'Object Repository/Front End Objects/ProfileImageChange/Page_Chiragh - Login/input_Username_un'

2020-04-15 16:01:45 - [TEST_STEP][PASSED] - delay(2): Delayed 2 second(s)

2020-04-15 16:01:47 - [MESSAGE][PASSED] - Delayed 2 second(s)

2020-04-15 16:01:47 - [TEST_STEP][PASSED] - setEncryptedText(findTestObject("Object Repository/Front End Objects/ProfileImageChange/Page_Chiragh - Login/input_Password_userPassword"), "RigbBhfdqOBDK95asqKeHw=="): Text ****** has been set on object 'Object Repository/Front End Objects/ProfileImageChange/Page_Chiragh - Login/input_Password_userPassword'

2020-04-15 16:01:47 - [MESSAGE][PASSED] - Text ****** has been set on object 'Object Repository/Front End Objects/ProfileImageChange/Page_Chiragh - Login/input_Password_userPassword'

2020-04-15 16:01:47 - [TEST_STEP][PASSED] - click(findTestObject("Object Repository/Front End Objects/ProfileImageChange/Page_Chiragh - Login/button_Log In")): Object: 'Object Repository/Front End Objects/ProfileImageChange/Page_Chiragh - Login/button_Log In' is clicked on

2020-04-15 16:01:48 - [MESSAGE][PASSED] - Object: 'Object Repository/Front End Objects/ProfileImageChange/Page_Chiragh - Login/button_Log In' is clicked on

2020-04-15 16:01:48 - [TEST_STEP][PASSED] - delay(2): Delayed 2 second(s)

2020-04-15 16:01:50 - [MESSAGE][PASSED] - Delayed 2 second(s)

2020-04-15 16:01:50 - [TEST_STEP][PASSED] - click(findTestObject("Object Repository/Front End Objects/ProfileImageChange/Page_Chiragh - Home/a_ENG_dropdownMenuLink")): Object: 'Object Repository/Front End Objects/ProfileImageChange/Page_Chiragh - Home/a_ENG_dropdownMenuLink' is clicked on

2020-04-15 16:01:50 - [MESSAGE][PASSED] - Object: 'Object Repository/Front End Objects/ProfileImageChange/Page_Chiragh - Home/a_ENG_dropdownMenuLink' is clicked on

2020-04-15 16:01:50 - [TEST_STEP][PASSED] - click(findTestObject("Object Repository/Front End Objects/ProfileImageChange/Page_Chiragh - Home/a_HI chiragh1234")): Object: 'Object Repository/Front End Objects/ProfileImageChange/Page_Chiragh - Home/a_HI chiragh1234' is clicked on

2020-04-15 16:01:52 - [MESSAGE][PASSED] - Object: 'Object Repository/Front End Objects/ProfileImageChange/Page_Chiragh - Home/a_HI chiragh1234' is clicked on

2020-04-15 16:01:52 - [TEST_STEP][PASSED] - delay(2): Delayed 2 second(s)

2020-04-15 16:01:54 - [MESSAGE][PASSED] - Delayed 2 second(s)

2020-04-15 16:01:54 - [TEST_STEP][FAILED] - uploadFile(findTestObject("Object Repository/Front End Objects/ProfileImageChange/capture/Page_Chiragh - Dashborad Home/input_You have no new notifications at the moment_file"), "C:\Users\HP\git\chiraghAdminPanel\Include\PropertyImages\1584693242612-Scanned_Passport_Copy.png"): Unable to upload file 'C:\Users\HP\git\chiraghAdminPanel\Include\PropertyImages\1584693242612-Scanned_Passport_Copy.png' to object 'Object Repository/Front End Objects/ProfileImageChange/capture/Page_Chiragh - Dashborad Home/input_You have no new notifications at the moment_file' (Root cause: com.kms.katalon.core.exception.StepFailedException: Unable to upload file 'C:\Users\HP\git\chiraghAdminPanel\Include\PropertyImages\1584693242612-Scanned_Passport_Copy.png' to object 'Object Repository/Front End Objects/ProfileImageChange/capture/Page_Chiragh - Dashborad Home/input_You have no new notifications at the moment_file'
	at com.kms.katalon.core.webui.keyword.internal.WebUIKeywordMain.stepFailed(WebUIKeywordMain.groovy:64)
	at com.kms.katalon.core.webui.keyword.internal.WebUIKeywordMain.runKeyword(WebUIKeywordMain.groovy:26)
	at com.kms.katalon.core.webui.keyword.builtin.UploadFileKeyword.uploadFile(UploadFileKeyword.groovy:87)
	at com.kms.katalon.core.webui.keyword.builtin.UploadFileKeyword.execute(UploadFileKeyword.groovy:68)
	at com.kms.katalon.core.keyword.internal.KeywordExecutor.executeKeywordForPlatform(KeywordExecutor.groovy:72)
	at com.kms.katalon.core.webui.keyword.WebUiBuiltInKeywords.uploadFile(WebUiBuiltInKeywords.groovy:2971)
	at com.kms.katalon.core.webui.keyword.WebUiBuiltInKeywords$uploadFile$8.call(Unknown Source)
	at TC_ChangeProfileImage.run(TC_ChangeProfileImage:51)
	at com.kms.katalon.core.main.ScriptEngine.run(ScriptEngine.java:194)
	at com.kms.katalon.core.main.ScriptEngine.runScriptAsRawText(ScriptEngine.java:119)
	at com.kms.katalon.core.main.TestCaseExecutor.runScript(TestCaseExecutor.java:337)
	at com.kms.katalon.core.main.TestCaseExecutor.doExecute(TestCaseExecutor.java:328)
	at com.kms.katalon.core.main.TestCaseExecutor.processExecutionPhase(TestCaseExecutor.java:307)
	at com.kms.katalon.core.main.TestCaseExecutor.accessMainPhase(TestCaseExecutor.java:299)
	at com.kms.katalon.core.main.TestCaseExecutor.execute(TestCaseExecutor.java:233)
	at com.kms.katalon.core.main.TestSuiteExecutor.accessTestCaseMainPhase(TestSuiteExecutor.java:169)
	at com.kms.katalon.core.main.TestSuiteExecutor.accessTestSuiteMainPhase(TestSuiteExecutor.java:142)
	at com.kms.katalon.core.main.TestSuiteExecutor.execute(TestSuiteExecutor.java:91)
	at com.kms.katalon.core.main.TestCaseMain.startTestSuite(TestCaseMain.java:157)
	at com.kms.katalon.core.main.TestCaseMain$startTestSuite$0.call(Unknown Source)
	at TempTestSuite1586966428771.run(TempTestSuite1586966428771.groovy:36)
Caused by: org.openqa.selenium.InvalidArgumentException: File not found: C:\Users\HP\git\chiraghAdminPanel\Include\PropertyImages\1584693242612-Scanned_Passport_Copy.png
Build info: version: '3.141.59', revision: 'e82be7d358', time: '2018-11-14T08:25:53'
System info: host: 'EC2AMAZ-QUDPRKJ', ip: '172.31.5.210', os.name: 'Windows Server 2016', os.arch: 'amd64', os.version: '10.0', java.version: '1.8.0_181'
Driver info: com.kms.katalon.core.webui.driver.firefox.CGeckoDriver
Capabilities {acceptInsecureCerts: true, browserName: firefox, browserVersion: 75.0, javascriptEnabled: true, moz:accessibilityChecks: false, moz:buildID: 20200403170909, moz:geckodriverVersion: 0.23.0, moz:headless: false, moz:processID: 9924, moz:profile: C:\Users\Administrator\AppD..., moz:shutdownTimeout: 60000, moz:useNonSpecCompliantPointerOrigin: false, moz:webdriverClick: true, pageLoadStrategy: normal, platform: WINDOWS, platformName: WINDOWS, platformVersion: 10.0, proxy: Proxy(direct), rotatable: false, setWindowRect: true, strictFileInteractability: false, timeouts: {implicit: 0, pageLoad: 300000, script: 30000}, unhandledPromptBehavior: dismiss and notify}
Session ID: d575dec0-d46b-4598-9fd3-281e7431fcf6
	at org.openqa.selenium.remote.http.W3CHttpResponseCodec.createException(W3CHttpResponseCodec.java:187)
	at org.openqa.selenium.remote.http.W3CHttpResponseCodec.decode(W3CHttpResponseCodec.java:122)
	at org.openqa.selenium.remote.http.W3CHttpResponseCodec.decode(W3CHttpResponseCodec.java:49)
	at org.openqa.selenium.remote.HttpCommandExecutor.execute(HttpCommandExecutor.java:158)
	at org.openqa.selenium.remote.service.DriverCommandExecutor.execute(DriverCommandExecutor.java:83)
	at org.openqa.selenium.remote.RemoteWebDriver.execute(RemoteWebDriver.java:552)
	at com.kms.katalon.selenium.driver.CFirefoxDriver.execute(CFirefoxDriver.java:27)
	at org.openqa.selenium.remote.RemoteWebElement.execute(RemoteWebElement.java:285)
	at org.openqa.selenium.remote.RemoteWebElement.sendKeys(RemoteWebElement.java:106)
	at org.openqa.selenium.support.events.EventFiringWebDriver$EventFiringWebElement.lambda$new$0(EventFiringWebDriver.java:404)
	at com.sun.proxy.$Proxy10.sendKeys(Unknown Source)
	at org.openqa.selenium.support.events.EventFiringWebDriver$EventFiringWebElement.sendKeys(EventFiringWebDriver.java:429)
	at com.kms.katalon.core.webui.keyword.builtin.UploadFileKeyword$_uploadFile_closure1.doCall(UploadFileKeyword.groovy:80)
	at com.kms.katalon.core.webui.keyword.builtin.UploadFileKeyword$_uploadFile_closure1.call(UploadFileKeyword.groovy)
	at com.kms.katalon.core.webui.keyword.internal.WebUIKeywordMain.runKeyword(WebUIKeywordMain.groovy:20)
	at com.kms.katalon.core.webui.keyword.builtin.UploadFileKeyword.uploadFile(UploadFileKeyword.groovy:87)
	at com.kms.katalon.core.webui.keyword.builtin.UploadFileKeyword.execute(UploadFileKeyword.groovy:68)
	at com.kms.katalon.core.keyword.internal.KeywordExecutor.executeKeywordForPlatform(KeywordExecutor.groovy:72)
	at com.kms.katalon.core.webui.keyword.WebUiBuiltInKeywords.uploadFile(WebUiBuiltInKeywords.groovy:2971)
	at com.kms.katalon.core.webui.keyword.WebUiBuiltInKeywords$uploadFile$8.call(Unknown Source)
	at Script1586116971077.run(Script1586116971077.groovy:51)
	... 13 more
)

2020-04-15 16:01:54 - [MESSAGE][FAILED] - Unable to upload file 'C:\Users\HP\git\chiraghAdminPanel\Include\PropertyImages\1584693242612-Scanned_Passport_Copy.png' to object 'Object Repository/Front End Objects/ProfileImageChange/capture/Page_Chiragh - Dashborad Home/input_You have no new notifications at the moment_file' (Root cause: com.kms.katalon.core.exception.StepFailedException: Unable to upload file 'C:\Users\HP\git\chiraghAdminPanel\Include\PropertyImages\1584693242612-Scanned_Passport_Copy.png' to object 'Object Repository/Front End Objects/ProfileImageChange/capture/Page_Chiragh - Dashborad Home/input_You have no new notifications at the moment_file'
	at com.kms.katalon.core.webui.keyword.internal.WebUIKeywordMain.stepFailed(WebUIKeywordMain.groovy:64)
	at com.kms.katalon.core.webui.keyword.internal.WebUIKeywordMain.runKeyword(WebUIKeywordMain.groovy:26)
	at com.kms.katalon.core.webui.keyword.builtin.UploadFileKeyword.uploadFile(UploadFileKeyword.groovy:87)
	at com.kms.katalon.core.webui.keyword.builtin.UploadFileKeyword.execute(UploadFileKeyword.groovy:68)
	at com.kms.katalon.core.keyword.internal.KeywordExecutor.executeKeywordForPlatform(KeywordExecutor.groovy:72)
	at com.kms.katalon.core.webui.keyword.WebUiBuiltInKeywords.uploadFile(WebUiBuiltInKeywords.groovy:2971)
	at com.kms.katalon.core.webui.keyword.WebUiBuiltInKeywords$uploadFile$8.call(Unknown Source)
	at TC_ChangeProfileImage.run(TC_ChangeProfileImage:51)
	at com.kms.katalon.core.main.ScriptEngine.run(ScriptEngine.java:194)
	at com.kms.katalon.core.main.ScriptEngine.runScriptAsRawText(ScriptEngine.java:119)
	at com.kms.katalon.core.main.TestCaseExecutor.runScript(TestCaseExecutor.java:337)
	at com.kms.katalon.core.main.TestCaseExecutor.doExecute(TestCaseExecutor.java:328)
	at com.kms.katalon.core.main.TestCaseExecutor.processExecutionPhase(TestCaseExecutor.java:307)
	at com.kms.katalon.core.main.TestCaseExecutor.accessMainPhase(TestCaseExecutor.java:299)
	at com.kms.katalon.core.main.TestCaseExecutor.execute(TestCaseExecutor.java:233)
	at com.kms.katalon.core.main.TestSuiteExecutor.accessTestCaseMainPhase(TestSuiteExecutor.java:169)
	at com.kms.katalon.core.main.TestSuiteExecutor.accessTestSuiteMainPhase(TestSuiteExecutor.java:142)
	at com.kms.katalon.core.main.TestSuiteExecutor.execute(TestSuiteExecutor.java:91)
	at com.kms.katalon.core.main.TestCaseMain.startTestSuite(TestCaseMain.java:157)
	at com.kms.katalon.core.main.TestCaseMain$startTestSuite$0.call(Unknown Source)
	at TempTestSuite1586966428771.run(TempTestSuite1586966428771.groovy:36)
Caused by: org.openqa.selenium.InvalidArgumentException: File not found: C:\Users\HP\git\chiraghAdminPanel\Include\PropertyImages\1584693242612-Scanned_Passport_Copy.png
Build info: version: '3.141.59', revision: 'e82be7d358', time: '2018-11-14T08:25:53'
System info: host: 'EC2AMAZ-QUDPRKJ', ip: '172.31.5.210', os.name: 'Windows Server 2016', os.arch: 'amd64', os.version: '10.0', java.version: '1.8.0_181'
Driver info: com.kms.katalon.core.webui.driver.firefox.CGeckoDriver
Capabilities {acceptInsecureCerts: true, browserName: firefox, browserVersion: 75.0, javascriptEnabled: true, moz:accessibilityChecks: false, moz:buildID: 20200403170909, moz:geckodriverVersion: 0.23.0, moz:headless: false, moz:processID: 9924, moz:profile: C:\Users\Administrator\AppD..., moz:shutdownTimeout: 60000, moz:useNonSpecCompliantPointerOrigin: false, moz:webdriverClick: true, pageLoadStrategy: normal, platform: WINDOWS, platformName: WINDOWS, platformVersion: 10.0, proxy: Proxy(direct), rotatable: false, setWindowRect: true, strictFileInteractability: false, timeouts: {implicit: 0, pageLoad: 300000, script: 30000}, unhandledPromptBehavior: dismiss and notify}
Session ID: d575dec0-d46b-4598-9fd3-281e7431fcf6
	at org.openqa.selenium.remote.http.W3CHttpResponseCodec.createException(W3CHttpResponseCodec.java:187)
	at org.openqa.selenium.remote.http.W3CHttpResponseCodec.decode(W3CHttpResponseCodec.java:122)
	at org.openqa.selenium.remote.http.W3CHttpResponseCodec.decode(W3CHttpResponseCodec.java:49)
	at org.openqa.selenium.remote.HttpCommandExecutor.execute(HttpCommandExecutor.java:158)
	at org.openqa.selenium.remote.service.DriverCommandExecutor.execute(DriverCommandExecutor.java:83)
	at org.openqa.selenium.remote.RemoteWebDriver.execute(RemoteWebDriver.java:552)
	at com.kms.katalon.selenium.driver.CFirefoxDriver.execute(CFirefoxDriver.java:27)
	at org.openqa.selenium.remote.RemoteWebElement.execute(RemoteWebElement.java:285)
	at org.openqa.selenium.remote.RemoteWebElement.sendKeys(RemoteWebElement.java:106)
	at org.openqa.selenium.support.events.EventFiringWebDriver$EventFiringWebElement.lambda$new$0(EventFiringWebDriver.java:404)
	at com.sun.proxy.$Proxy10.sendKeys(Unknown Source)
	at org.openqa.selenium.support.events.EventFiringWebDriver$EventFiringWebElement.sendKeys(EventFiringWebDriver.java:429)
	at com.kms.katalon.core.webui.keyword.builtin.UploadFileKeyword$_uploadFile_closure1.doCall(UploadFileKeyword.groovy:80)
	at com.kms.katalon.core.webui.keyword.builtin.UploadFileKeyword$_uploadFile_closure1.call(UploadFileKeyword.groovy)
	at com.kms.katalon.core.webui.keyword.internal.WebUIKeywordMain.runKeyword(WebUIKeywordMain.groovy:20)
	at com.kms.katalon.core.webui.keyword.builtin.UploadFileKeyword.uploadFile(UploadFileKeyword.groovy:87)
	at com.kms.katalon.core.webui.keyword.builtin.UploadFileKeyword.execute(UploadFileKeyword.groovy:68)
	at com.kms.katalon.core.keyword.internal.KeywordExecutor.executeKeywordForPlatform(KeywordExecutor.groovy:72)
	at com.kms.katalon.core.webui.keyword.WebUiBuiltInKeywords.uploadFile(WebUiBuiltInKeywords.groovy:2971)
	at com.kms.katalon.core.webui.keyword.WebUiBuiltInKeywords$uploadFile$8.call(Unknown Source)
	at Script1586116971077.run(Script1586116971077.groovy:51)
	... 13 more
)
[[ATTACHMENT|C:\\Users\\Administrator\\Git\\chiraghAdminPanel\\Reports\\20200415_160028\\ChiraghWeb_FrontEnd_Tests\\20200415_160028\\1586966514331.png]]

2020-04-15 16:01:56 - [TEST_STEP][PASSED] - Video: Video recording for test case 'Test Cases/Front End/TC_ChangeProfileImage' .

2020-04-15 16:01:56 - [MESSAGE][INFO] - Video recording for test case 'Test Cases/Front End/TC_ChangeProfileImage' .
[[ATTACHMENT|C:\\Users\\Administrator\\Git\\chiraghAdminPanel\\Reports\\20200415_160028\\ChiraghWeb_FrontEnd_Tests\\20200415_160028/videos\\test_3.mov]]]]></system-out>
         <system-err><![CDATA[2020-04-15 16:01:33 - [TEST_CASE][FAILED] - Test Cases/Front End/TC_ChangeProfileImage: Test Cases/Front End/TC_ChangeProfileImage FAILED.
Reason:
com.kms.katalon.core.exception.StepFailedException: Unable to upload file 'C:\Users\HP\git\chiraghAdminPanel\Include\PropertyImages\1584693242612-Scanned_Passport_Copy.png' to object 'Object Repository/Front End Objects/ProfileImageChange/capture/Page_Chiragh - Dashborad Home/input_You have no new notifications at the moment_file'
	at com.kms.katalon.core.webui.keyword.internal.WebUIKeywordMain.stepFailed(WebUIKeywordMain.groovy:64)
	at com.kms.katalon.core.webui.keyword.internal.WebUIKeywordMain.runKeyword(WebUIKeywordMain.groovy:26)
	at com.kms.katalon.core.webui.keyword.builtin.UploadFileKeyword.uploadFile(UploadFileKeyword.groovy:87)
	at com.kms.katalon.core.webui.keyword.builtin.UploadFileKeyword.execute(UploadFileKeyword.groovy:68)
	at com.kms.katalon.core.keyword.internal.KeywordExecutor.executeKeywordForPlatform(KeywordExecutor.groovy:72)
	at com.kms.katalon.core.webui.keyword.WebUiBuiltInKeywords.uploadFile(WebUiBuiltInKeywords.groovy:2971)
	at com.kms.katalon.core.webui.keyword.WebUiBuiltInKeywords$uploadFile$8.call(Unknown Source)
	at TC_ChangeProfileImage.run(TC_ChangeProfileImage:51)
	at com.kms.katalon.core.main.ScriptEngine.run(ScriptEngine.java:194)
	at com.kms.katalon.core.main.ScriptEngine.runScriptAsRawText(ScriptEngine.java:119)
	at com.kms.katalon.core.main.TestCaseExecutor.runScript(TestCaseExecutor.java:337)
	at com.kms.katalon.core.main.TestCaseExecutor.doExecute(TestCaseExecutor.java:328)
	at com.kms.katalon.core.main.TestCaseExecutor.processExecutionPhase(TestCaseExecutor.java:307)
	at com.kms.katalon.core.main.TestCaseExecutor.accessMainPhase(TestCaseExecutor.java:299)
	at com.kms.katalon.core.main.TestCaseExecutor.execute(TestCaseExecutor.java:233)
	at com.kms.katalon.core.main.TestSuiteExecutor.accessTestCaseMainPhase(TestSuiteExecutor.java:169)
	at com.kms.katalon.core.main.TestSuiteExecutor.accessTestSuiteMainPhase(TestSuiteExecutor.java:142)
	at com.kms.katalon.core.main.TestSuiteExecutor.execute(TestSuiteExecutor.java:91)
	at com.kms.katalon.core.main.TestCaseMain.startTestSuite(TestCaseMain.java:157)
	at com.kms.katalon.core.main.TestCaseMain$startTestSuite$0.call(Unknown Source)
	at TempTestSuite1586966428771.run(TempTestSuite1586966428771.groovy:36)
Caused by: org.openqa.selenium.InvalidArgumentException: File not found: C:\Users\HP\git\chiraghAdminPanel\Include\PropertyImages\1584693242612-Scanned_Passport_Copy.png
Build info: version: '3.141.59', revision: 'e82be7d358', time: '2018-11-14T08:25:53'
System info: host: 'EC2AMAZ-QUDPRKJ', ip: '172.31.5.210', os.name: 'Windows Server 2016', os.arch: 'amd64', os.version: '10.0', java.version: '1.8.0_181'
Driver info: com.kms.katalon.core.webui.driver.firefox.CGeckoDriver
Capabilities {acceptInsecureCerts: true, browserName: firefox, browserVersion: 75.0, javascriptEnabled: true, moz:accessibilityChecks: false, moz:buildID: 20200403170909, moz:geckodriverVersion: 0.23.0, moz:headless: false, moz:processID: 9924, moz:profile: C:\Users\Administrator\AppD..., moz:shutdownTimeout: 60000, moz:useNonSpecCompliantPointerOrigin: false, moz:webdriverClick: true, pageLoadStrategy: normal, platform: WINDOWS, platformName: WINDOWS, platformVersion: 10.0, proxy: Proxy(direct), rotatable: false, setWindowRect: true, strictFileInteractability: false, timeouts: {implicit: 0, pageLoad: 300000, script: 30000}, unhandledPromptBehavior: dismiss and notify}
Session ID: d575dec0-d46b-4598-9fd3-281e7431fcf6
	at org.openqa.selenium.remote.http.W3CHttpResponseCodec.createException(W3CHttpResponseCodec.java:187)
	at org.openqa.selenium.remote.http.W3CHttpResponseCodec.decode(W3CHttpResponseCodec.java:122)
	at org.openqa.selenium.remote.http.W3CHttpResponseCodec.decode(W3CHttpResponseCodec.java:49)
	at org.openqa.selenium.remote.HttpCommandExecutor.execute(HttpCommandExecutor.java:158)
	at org.openqa.selenium.remote.service.DriverCommandExecutor.execute(DriverCommandExecutor.java:83)
	at org.openqa.selenium.remote.RemoteWebDriver.execute(RemoteWebDriver.java:552)
	at com.kms.katalon.selenium.driver.CFirefoxDriver.execute(CFirefoxDriver.java:27)
	at org.openqa.selenium.remote.RemoteWebElement.execute(RemoteWebElement.java:285)
	at org.openqa.selenium.remote.RemoteWebElement.sendKeys(RemoteWebElement.java:106)
	at org.openqa.selenium.support.events.EventFiringWebDriver$EventFiringWebElement.lambda$new$0(EventFiringWebDriver.java:404)
	at com.sun.proxy.$Proxy10.sendKeys(Unknown Source)
	at org.openqa.selenium.support.events.EventFiringWebDriver$EventFiringWebElement.sendKeys(EventFiringWebDriver.java:429)
	at com.kms.katalon.core.webui.keyword.builtin.UploadFileKeyword$_uploadFile_closure1.doCall(UploadFileKeyword.groovy:80)
	at com.kms.katalon.core.webui.keyword.builtin.UploadFileKeyword$_uploadFile_closure1.call(UploadFileKeyword.groovy)
	at com.kms.katalon.core.webui.keyword.internal.WebUIKeywordMain.runKeyword(WebUIKeywordMain.groovy:20)
	... 19 more]]></system-err>
      </testcase>
      <testcase name="Test Cases/Front End/TC_PropertySubmissionForm_002" time="33.346" classname="Test Cases/Front End/TC_PropertySubmissionForm_002" status="FAILED">
         <failure type="FAILED" message="Test Cases/Front End/TC_PropertySubmissionForm_002 FAILED.
Reason:
com.kms.katalon.core.exception.StepFailedException: Unable to upload file 'C:\Users\HP\git\chiraghAdminPanel\Include\PropertyImages\1584693242612-Scanned_Passport_Copy.png' to object 'Object Repository/Property submission/owner/Scanned Passport Copy'
	at com.kms.katalon.core.webui.keyword.internal.WebUIKeywordMain.stepFailed(WebUIKeywordMain.groovy:64)
	at com.kms.katalon.core.webui.keyword.internal.WebUIKeywordMain.runKeyword(WebUIKeywordMain.groovy:26)
	at com.kms.katalon.core.webui.keyword.builtin.UploadFileKeyword.uploadFile(UploadFileKeyword.groovy:87)
	at com.kms.katalon.core.webui.keyword.builtin.UploadFileKeyword.execute(UploadFileKeyword.groovy:68)
	at com.kms.katalon.core.keyword.internal.KeywordExecutor.executeKeywordForPlatform(KeywordExecutor.groovy:72)
	at com.kms.katalon.core.webui.keyword.WebUiBuiltInKeywords.uploadFile(WebUiBuiltInKeywords.groovy:2971)
	at com.kms.katalon.core.webui.keyword.WebUiBuiltInKeywords$uploadFile$8.call(Unknown Source)
	at TC_PropertySubmissionForm_002.run(TC_PropertySubmissionForm_002:65)
	at com.kms.katalon.core.main.ScriptEngine.run(ScriptEngine.java:194)
	at com.kms.katalon.core.main.ScriptEngine.runScriptAsRawText(ScriptEngine.java:119)
	at com.kms.katalon.core.main.TestCaseExecutor.runScript(TestCaseExecutor.java:337)
	at com.kms.katalon.core.main.TestCaseExecutor.doExecute(TestCaseExecutor.java:328)
	at com.kms.katalon.core.main.TestCaseExecutor.processExecutionPhase(TestCaseExecutor.java:307)
	at com.kms.katalon.core.main.TestCaseExecutor.accessMainPhase(TestCaseExecutor.java:299)
	at com.kms.katalon.core.main.TestCaseExecutor.execute(TestCaseExecutor.java:233)
	at com.kms.katalon.core.main.TestSuiteExecutor.accessTestCaseMainPhase(TestSuiteExecutor.java:169)
	at com.kms.katalon.core.main.TestSuiteExecutor.accessTestSuiteMainPhase(TestSuiteExecutor.java:142)
	at com.kms.katalon.core.main.TestSuiteExecutor.execute(TestSuiteExecutor.java:91)
	at com.kms.katalon.core.main.TestCaseMain.startTestSuite(TestCaseMain.java:157)
	at com.kms.katalon.core.main.TestCaseMain$startTestSuite$0.call(Unknown Source)
	at TempTestSuite1586966428771.run(TempTestSuite1586966428771.groovy:36)
Caused by: org.openqa.selenium.InvalidArgumentException: File not found: C:\Users\HP\git\chiraghAdminPanel\Include\PropertyImages\1584693242612-Scanned_Passport_Copy.png
Build info: version: '3.141.59', revision: 'e82be7d358', time: '2018-11-14T08:25:53'
System info: host: 'EC2AMAZ-QUDPRKJ', ip: '172.31.5.210', os.name: 'Windows Server 2016', os.arch: 'amd64', os.version: '10.0', java.version: '1.8.0_181'
Driver info: com.kms.katalon.core.webui.driver.firefox.CGeckoDriver
Capabilities {acceptInsecureCerts: true, browserName: firefox, browserVersion: 75.0, javascriptEnabled: true, moz:accessibilityChecks: false, moz:buildID: 20200403170909, moz:geckodriverVersion: 0.23.0, moz:headless: false, moz:processID: 5072, moz:profile: C:\Users\Administrator\AppD..., moz:shutdownTimeout: 60000, moz:useNonSpecCompliantPointerOrigin: false, moz:webdriverClick: true, pageLoadStrategy: normal, platform: WINDOWS, platformName: WINDOWS, platformVersion: 10.0, proxy: Proxy(direct), rotatable: false, setWindowRect: true, strictFileInteractability: false, timeouts: {implicit: 0, pageLoad: 300000, script: 30000}, unhandledPromptBehavior: dismiss and notify}
Session ID: b813359a-a805-49f5-8085-438c1b0d8e5c
	at org.openqa.selenium.remote.http.W3CHttpResponseCodec.createException(W3CHttpResponseCodec.java:187)
	at org.openqa.selenium.remote.http.W3CHttpResponseCodec.decode(W3CHttpResponseCodec.java:122)
	at org.openqa.selenium.remote.http.W3CHttpResponseCodec.decode(W3CHttpResponseCodec.java:49)
	at org.openqa.selenium.remote.HttpCommandExecutor.execute(HttpCommandExecutor.java:158)
	at org.openqa.selenium.remote.service.DriverCommandExecutor.execute(DriverCommandExecutor.java:83)
	at org.openqa.selenium.remote.RemoteWebDriver.execute(RemoteWebDriver.java:552)
	at com.kms.katalon.selenium.driver.CFirefoxDriver.execute(CFirefoxDriver.java:27)
	at org.openqa.selenium.remote.RemoteWebElement.execute(RemoteWebElement.java:285)
	at org.openqa.selenium.remote.RemoteWebElement.sendKeys(RemoteWebElement.java:106)
	at org.openqa.selenium.support.events.EventFiringWebDriver$EventFiringWebElement.lambda$new$0(EventFiringWebDriver.java:404)
	at com.sun.proxy.$Proxy10.sendKeys(Unknown Source)
	at org.openqa.selenium.support.events.EventFiringWebDriver$EventFiringWebElement.sendKeys(EventFiringWebDriver.java:429)
	at com.kms.katalon.core.webui.keyword.builtin.UploadFileKeyword$_uploadFile_closure1.doCall(UploadFileKeyword.groovy:80)
	at com.kms.katalon.core.webui.keyword.builtin.UploadFileKeyword$_uploadFile_closure1.call(UploadFileKeyword.groovy)
	at com.kms.katalon.core.webui.keyword.internal.WebUIKeywordMain.runKeyword(WebUIKeywordMain.groovy:20)
	... 19 more
"/>
         <system-out><![CDATA[2020-04-15 16:01:56 - [TEST_CASE][FAILED] - Test Cases/Front End/TC_PropertySubmissionForm_002: Test Cases/Front End/TC_PropertySubmissionForm_002 FAILED.
Reason:
com.kms.katalon.core.exception.StepFailedException: Unable to upload file 'C:\Users\HP\git\chiraghAdminPanel\Include\PropertyImages\1584693242612-Scanned_Passport_Copy.png' to object 'Object Repository/Property submission/owner/Scanned Passport Copy'
	at com.kms.katalon.core.webui.keyword.internal.WebUIKeywordMain.stepFailed(WebUIKeywordMain.groovy:64)
	at com.kms.katalon.core.webui.keyword.internal.WebUIKeywordMain.runKeyword(WebUIKeywordMain.groovy:26)
	at com.kms.katalon.core.webui.keyword.builtin.UploadFileKeyword.uploadFile(UploadFileKeyword.groovy:87)
	at com.kms.katalon.core.webui.keyword.builtin.UploadFileKeyword.execute(UploadFileKeyword.groovy:68)
	at com.kms.katalon.core.keyword.internal.KeywordExecutor.executeKeywordForPlatform(KeywordExecutor.groovy:72)
	at com.kms.katalon.core.webui.keyword.WebUiBuiltInKeywords.uploadFile(WebUiBuiltInKeywords.groovy:2971)
	at com.kms.katalon.core.webui.keyword.WebUiBuiltInKeywords$uploadFile$8.call(Unknown Source)
	at TC_PropertySubmissionForm_002.run(TC_PropertySubmissionForm_002:65)
	at com.kms.katalon.core.main.ScriptEngine.run(ScriptEngine.java:194)
	at com.kms.katalon.core.main.ScriptEngine.runScriptAsRawText(ScriptEngine.java:119)
	at com.kms.katalon.core.main.TestCaseExecutor.runScript(TestCaseExecutor.java:337)
	at com.kms.katalon.core.main.TestCaseExecutor.doExecute(TestCaseExecutor.java:328)
	at com.kms.katalon.core.main.TestCaseExecutor.processExecutionPhase(TestCaseExecutor.java:307)
	at com.kms.katalon.core.main.TestCaseExecutor.accessMainPhase(TestCaseExecutor.java:299)
	at com.kms.katalon.core.main.TestCaseExecutor.execute(TestCaseExecutor.java:233)
	at com.kms.katalon.core.main.TestSuiteExecutor.accessTestCaseMainPhase(TestSuiteExecutor.java:169)
	at com.kms.katalon.core.main.TestSuiteExecutor.accessTestSuiteMainPhase(TestSuiteExecutor.java:142)
	at com.kms.katalon.core.main.TestSuiteExecutor.execute(TestSuiteExecutor.java:91)
	at com.kms.katalon.core.main.TestCaseMain.startTestSuite(TestCaseMain.java:157)
	at com.kms.katalon.core.main.TestCaseMain$startTestSuite$0.call(Unknown Source)
	at TempTestSuite1586966428771.run(TempTestSuite1586966428771.groovy:36)
Caused by: org.openqa.selenium.InvalidArgumentException: File not found: C:\Users\HP\git\chiraghAdminPanel\Include\PropertyImages\1584693242612-Scanned_Passport_Copy.png
Build info: version: '3.141.59', revision: 'e82be7d358', time: '2018-11-14T08:25:53'
System info: host: 'EC2AMAZ-QUDPRKJ', ip: '172.31.5.210', os.name: 'Windows Server 2016', os.arch: 'amd64', os.version: '10.0', java.version: '1.8.0_181'
Driver info: com.kms.katalon.core.webui.driver.firefox.CGeckoDriver
Capabilities {acceptInsecureCerts: true, browserName: firefox, browserVersion: 75.0, javascriptEnabled: true, moz:accessibilityChecks: false, moz:buildID: 20200403170909, moz:geckodriverVersion: 0.23.0, moz:headless: false, moz:processID: 5072, moz:profile: C:\Users\Administrator\AppD..., moz:shutdownTimeout: 60000, moz:useNonSpecCompliantPointerOrigin: false, moz:webdriverClick: true, pageLoadStrategy: normal, platform: WINDOWS, platformName: WINDOWS, platformVersion: 10.0, proxy: Proxy(direct), rotatable: false, setWindowRect: true, strictFileInteractability: false, timeouts: {implicit: 0, pageLoad: 300000, script: 30000}, unhandledPromptBehavior: dismiss and notify}
Session ID: b813359a-a805-49f5-8085-438c1b0d8e5c
	at org.openqa.selenium.remote.http.W3CHttpResponseCodec.createException(W3CHttpResponseCodec.java:187)
	at org.openqa.selenium.remote.http.W3CHttpResponseCodec.decode(W3CHttpResponseCodec.java:122)
	at org.openqa.selenium.remote.http.W3CHttpResponseCodec.decode(W3CHttpResponseCodec.java:49)
	at org.openqa.selenium.remote.HttpCommandExecutor.execute(HttpCommandExecutor.java:158)
	at org.openqa.selenium.remote.service.DriverCommandExecutor.execute(DriverCommandExecutor.java:83)
	at org.openqa.selenium.remote.RemoteWebDriver.execute(RemoteWebDriver.java:552)
	at com.kms.katalon.selenium.driver.CFirefoxDriver.execute(CFirefoxDriver.java:27)
	at org.openqa.selenium.remote.RemoteWebElement.execute(RemoteWebElement.java:285)
	at org.openqa.selenium.remote.RemoteWebElement.sendKeys(RemoteWebElement.java:106)
	at org.openqa.selenium.support.events.EventFiringWebDriver$EventFiringWebElement.lambda$new$0(EventFiringWebDriver.java:404)
	at com.sun.proxy.$Proxy10.sendKeys(Unknown Source)
	at org.openqa.selenium.support.events.EventFiringWebDriver$EventFiringWebElement.sendKeys(EventFiringWebDriver.java:429)
	at com.kms.katalon.core.webui.keyword.builtin.UploadFileKeyword$_uploadFile_closure1.doCall(UploadFileKeyword.groovy:80)
	at com.kms.katalon.core.webui.keyword.builtin.UploadFileKeyword$_uploadFile_closure1.call(UploadFileKeyword.groovy)
	at com.kms.katalon.core.webui.keyword.internal.WebUIKeywordMain.runKeyword(WebUIKeywordMain.groovy:20)
	... 19 more


2020-04-15 16:01:56 - [TEST_STEP][PASSED] - faker = new com.github.javafaker.Faker(): null

2020-04-15 16:01:57 - [TEST_STEP][PASSED] - projectname = address().streetName(): null

2020-04-15 16:01:57 - [TEST_STEP][PASSED] - openBrowser(""): Browser is opened with url: ''

2020-04-15 16:01:57 - [MESSAGE][WARNING] - A browser is already opened. Closing browser and opening a new one

2020-04-15 16:01:58 - [MESSAGE][INFO] - Starting 'Firefox' driver

2020-04-15 16:01:58 - [MESSAGE][INFO] - Action delay is set to 0 milliseconds

2020-04-15 16:02:01 - [MESSAGE][PASSED] - Browser is opened with url: ''

2020-04-15 16:02:01 - [TEST_STEP][PASSED] - navigateToUrl(Url): Navigate to 'http://test.chiragh.com' successfully

2020-04-15 16:02:02 - [MESSAGE][PASSED] - Navigate to 'http://test.chiragh.com' successfully

2020-04-15 16:02:02 - [TEST_STEP][PASSED] - waitForPageLoad(15): Wait for page load successfully

2020-04-15 16:02:02 - [MESSAGE][PASSED] - Wait for page load successfully

2020-04-15 16:02:02 - [TEST_STEP][PASSED] - maximizeWindow(): Current window maximized

2020-04-15 16:02:02 - [MESSAGE][PASSED] - Current window maximized

2020-04-15 16:02:02 - [TEST_STEP][PASSED] - delay(3): Delayed 3 second(s)

2020-04-15 16:02:05 - [MESSAGE][PASSED] - Delayed 3 second(s)

2020-04-15 16:02:05 - [TEST_STEP][PASSED] - click(findTestObject("Property submission/owner/Page_Chiragh - Home/a_SELL")): Object: 'Object Repository/Property submission/owner/Page_Chiragh - Home/a_SELL' is clicked on

2020-04-15 16:02:06 - [MESSAGE][PASSED] - Object: 'Object Repository/Property submission/owner/Page_Chiragh - Home/a_SELL' is clicked on

2020-04-15 16:02:06 - [TEST_STEP][PASSED] - setText(findTestObject("Object Repository/Property submission/owner/Page_Chiragh - Login/input_Username_un"), userName): Text 'AUTOCHIRAGH' is set on object 'Object Repository/Property submission/owner/Page_Chiragh - Login/input_Username_un'

2020-04-15 16:02:07 - [MESSAGE][PASSED] - Text 'AUTOCHIRAGH' is set on object 'Object Repository/Property submission/owner/Page_Chiragh - Login/input_Username_un'

2020-04-15 16:02:07 - [TEST_STEP][PASSED] - setText(findTestObject("Object Repository/Property submission/owner/Page_Chiragh - Login/input_Password_userPassword"), passWord): Text '1234567890' is set on object 'Object Repository/Property submission/owner/Page_Chiragh - Login/input_Password_userPassword'

2020-04-15 16:02:08 - [MESSAGE][PASSED] - Text '1234567890' is set on object 'Object Repository/Property submission/owner/Page_Chiragh - Login/input_Password_userPassword'

2020-04-15 16:02:08 - [TEST_STEP][PASSED] - click(findTestObject("Object Repository/Property submission/owner/Page_Chiragh - Login/button_Log In")): Object: 'Object Repository/Property submission/owner/Page_Chiragh - Login/button_Log In' is clicked on

2020-04-15 16:02:08 - [MESSAGE][PASSED] - Object: 'Object Repository/Property submission/owner/Page_Chiragh - Login/button_Log In' is clicked on

2020-04-15 16:02:08 - [TEST_STEP][PASSED] - delay(10): Delayed 10 second(s)

2020-04-15 16:02:18 - [MESSAGE][PASSED] - Delayed 10 second(s)

2020-04-15 16:02:18 - [TEST_STEP][PASSED] - setText(findTestObject("Object Repository/Property submission/owner form/Page_Chiragh - Sell Your Property/Page_Chiragh - Sell Your Property/input_ID Card Number_idCardNo"), "3294723889"): Text '3294723889' is set on object 'Object Repository/Property submission/owner form/Page_Chiragh - Sell Your Property/Page_Chiragh - Sell Your Property/input_ID Card Number_idCardNo'

2020-04-15 16:02:19 - [MESSAGE][PASSED] - Text '3294723889' is set on object 'Object Repository/Property submission/owner form/Page_Chiragh - Sell Your Property/Page_Chiragh - Sell Your Property/input_ID Card Number_idCardNo'

2020-04-15 16:02:19 - [TEST_STEP][PASSED] - click(findTestObject("Object Repository/Property submission/owner form/Page_Chiragh - Sell Your Property/Page_Chiragh - Sell Your Property/ID card expiry")): Object: 'Object Repository/Property submission/owner form/Page_Chiragh - Sell Your Property/Page_Chiragh - Sell Your Property/ID card expiry' is clicked on

2020-04-15 16:02:20 - [MESSAGE][PASSED] - Object: 'Object Repository/Property submission/owner form/Page_Chiragh - Sell Your Property/Page_Chiragh - Sell Your Property/ID card expiry' is clicked on

2020-04-15 16:02:20 - [TEST_STEP][PASSED] - click(findTestObject("Object Repository/Property submission/owner form/Page_Chiragh - Sell Your Property/Page_Chiragh - Sell Your Property/span_Mar 2020")): Object: 'Object Repository/Property submission/owner form/Page_Chiragh - Sell Your Property/Page_Chiragh - Sell Your Property/span_Mar 2020' is clicked on

2020-04-15 16:02:21 - [MESSAGE][PASSED] - Object: 'Object Repository/Property submission/owner form/Page_Chiragh - Sell Your Property/Page_Chiragh - Sell Your Property/span_Mar 2020' is clicked on

2020-04-15 16:02:21 - [TEST_STEP][PASSED] - click(findTestObject("Object Repository/Property submission/owner form/Page_Chiragh - Sell Your Property/Page_Chiragh - Sell Your Property/span_2029")): Object: 'Object Repository/Property submission/owner form/Page_Chiragh - Sell Your Property/Page_Chiragh - Sell Your Property/span_2029' is clicked on

2020-04-15 16:02:21 - [MESSAGE][PASSED] - Object: 'Object Repository/Property submission/owner form/Page_Chiragh - Sell Your Property/Page_Chiragh - Sell Your Property/span_2029' is clicked on

2020-04-15 16:02:21 - [TEST_STEP][PASSED] - click(findTestObject("Object Repository/Property submission/owner form/Page_Chiragh - Sell Your Property/Page_Chiragh - Sell Your Property/month")): Object: 'Object Repository/Property submission/owner form/Page_Chiragh - Sell Your Property/Page_Chiragh - Sell Your Property/month' is clicked on

2020-04-15 16:02:22 - [MESSAGE][PASSED] - Object: 'Object Repository/Property submission/owner form/Page_Chiragh - Sell Your Property/Page_Chiragh - Sell Your Property/month' is clicked on

2020-04-15 16:02:22 - [TEST_STEP][PASSED] - click(findTestObject("Object Repository/Property submission/owner form/Page_Chiragh - Sell Your Property/Page_Chiragh - Sell Your Property/span_21")): Object: 'Object Repository/Property submission/owner form/Page_Chiragh - Sell Your Property/Page_Chiragh - Sell Your Property/span_21' is clicked on

2020-04-15 16:02:22 - [MESSAGE][PASSED] - Object: 'Object Repository/Property submission/owner form/Page_Chiragh - Sell Your Property/Page_Chiragh - Sell Your Property/span_21' is clicked on

2020-04-15 16:02:22 - [TEST_STEP][PASSED] - scrollToElement(findTestObject("Object Repository/Property submission/owner/Page_Chiragh - Sell Your Property/div_Scanned Passport Copy"), 5): Scroll to object 'Object Repository/Property submission/owner/Page_Chiragh - Sell Your Property/div_Scanned Passport Copy' successfully

2020-04-15 16:02:23 - [MESSAGE][PASSED] - Scroll to object 'Object Repository/Property submission/owner/Page_Chiragh - Sell Your Property/div_Scanned Passport Copy' successfully

2020-04-15 16:02:23 - [TEST_STEP][PASSED] - delay(4): Delayed 4 second(s)

2020-04-15 16:02:27 - [MESSAGE][PASSED] - Delayed 4 second(s)

2020-04-15 16:02:27 - [TEST_STEP][FAILED] - uploadFile(findTestObject("Property submission/owner/Scanned Passport Copy"), "C:\Users\HP\git\chiraghAdminPanel\Include\PropertyImages\1584693242612-Scanned_Passport_Copy.png"): Unable to upload file 'C:\Users\HP\git\chiraghAdminPanel\Include\PropertyImages\1584693242612-Scanned_Passport_Copy.png' to object 'Object Repository/Property submission/owner/Scanned Passport Copy' (Root cause: com.kms.katalon.core.exception.StepFailedException: Unable to upload file 'C:\Users\HP\git\chiraghAdminPanel\Include\PropertyImages\1584693242612-Scanned_Passport_Copy.png' to object 'Object Repository/Property submission/owner/Scanned Passport Copy'
	at com.kms.katalon.core.webui.keyword.internal.WebUIKeywordMain.stepFailed(WebUIKeywordMain.groovy:64)
	at com.kms.katalon.core.webui.keyword.internal.WebUIKeywordMain.runKeyword(WebUIKeywordMain.groovy:26)
	at com.kms.katalon.core.webui.keyword.builtin.UploadFileKeyword.uploadFile(UploadFileKeyword.groovy:87)
	at com.kms.katalon.core.webui.keyword.builtin.UploadFileKeyword.execute(UploadFileKeyword.groovy:68)
	at com.kms.katalon.core.keyword.internal.KeywordExecutor.executeKeywordForPlatform(KeywordExecutor.groovy:72)
	at com.kms.katalon.core.webui.keyword.WebUiBuiltInKeywords.uploadFile(WebUiBuiltInKeywords.groovy:2971)
	at com.kms.katalon.core.webui.keyword.WebUiBuiltInKeywords$uploadFile$8.call(Unknown Source)
	at TC_PropertySubmissionForm_002.run(TC_PropertySubmissionForm_002:65)
	at com.kms.katalon.core.main.ScriptEngine.run(ScriptEngine.java:194)
	at com.kms.katalon.core.main.ScriptEngine.runScriptAsRawText(ScriptEngine.java:119)
	at com.kms.katalon.core.main.TestCaseExecutor.runScript(TestCaseExecutor.java:337)
	at com.kms.katalon.core.main.TestCaseExecutor.doExecute(TestCaseExecutor.java:328)
	at com.kms.katalon.core.main.TestCaseExecutor.processExecutionPhase(TestCaseExecutor.java:307)
	at com.kms.katalon.core.main.TestCaseExecutor.accessMainPhase(TestCaseExecutor.java:299)
	at com.kms.katalon.core.main.TestCaseExecutor.execute(TestCaseExecutor.java:233)
	at com.kms.katalon.core.main.TestSuiteExecutor.accessTestCaseMainPhase(TestSuiteExecutor.java:169)
	at com.kms.katalon.core.main.TestSuiteExecutor.accessTestSuiteMainPhase(TestSuiteExecutor.java:142)
	at com.kms.katalon.core.main.TestSuiteExecutor.execute(TestSuiteExecutor.java:91)
	at com.kms.katalon.core.main.TestCaseMain.startTestSuite(TestCaseMain.java:157)
	at com.kms.katalon.core.main.TestCaseMain$startTestSuite$0.call(Unknown Source)
	at TempTestSuite1586966428771.run(TempTestSuite1586966428771.groovy:36)
Caused by: org.openqa.selenium.InvalidArgumentException: File not found: C:\Users\HP\git\chiraghAdminPanel\Include\PropertyImages\1584693242612-Scanned_Passport_Copy.png
Build info: version: '3.141.59', revision: 'e82be7d358', time: '2018-11-14T08:25:53'
System info: host: 'EC2AMAZ-QUDPRKJ', ip: '172.31.5.210', os.name: 'Windows Server 2016', os.arch: 'amd64', os.version: '10.0', java.version: '1.8.0_181'
Driver info: com.kms.katalon.core.webui.driver.firefox.CGeckoDriver
Capabilities {acceptInsecureCerts: true, browserName: firefox, browserVersion: 75.0, javascriptEnabled: true, moz:accessibilityChecks: false, moz:buildID: 20200403170909, moz:geckodriverVersion: 0.23.0, moz:headless: false, moz:processID: 5072, moz:profile: C:\Users\Administrator\AppD..., moz:shutdownTimeout: 60000, moz:useNonSpecCompliantPointerOrigin: false, moz:webdriverClick: true, pageLoadStrategy: normal, platform: WINDOWS, platformName: WINDOWS, platformVersion: 10.0, proxy: Proxy(direct), rotatable: false, setWindowRect: true, strictFileInteractability: false, timeouts: {implicit: 0, pageLoad: 300000, script: 30000}, unhandledPromptBehavior: dismiss and notify}
Session ID: b813359a-a805-49f5-8085-438c1b0d8e5c
	at org.openqa.selenium.remote.http.W3CHttpResponseCodec.createException(W3CHttpResponseCodec.java:187)
	at org.openqa.selenium.remote.http.W3CHttpResponseCodec.decode(W3CHttpResponseCodec.java:122)
	at org.openqa.selenium.remote.http.W3CHttpResponseCodec.decode(W3CHttpResponseCodec.java:49)
	at org.openqa.selenium.remote.HttpCommandExecutor.execute(HttpCommandExecutor.java:158)
	at org.openqa.selenium.remote.service.DriverCommandExecutor.execute(DriverCommandExecutor.java:83)
	at org.openqa.selenium.remote.RemoteWebDriver.execute(RemoteWebDriver.java:552)
	at com.kms.katalon.selenium.driver.CFirefoxDriver.execute(CFirefoxDriver.java:27)
	at org.openqa.selenium.remote.RemoteWebElement.execute(RemoteWebElement.java:285)
	at org.openqa.selenium.remote.RemoteWebElement.sendKeys(RemoteWebElement.java:106)
	at org.openqa.selenium.support.events.EventFiringWebDriver$EventFiringWebElement.lambda$new$0(EventFiringWebDriver.java:404)
	at com.sun.proxy.$Proxy10.sendKeys(Unknown Source)
	at org.openqa.selenium.support.events.EventFiringWebDriver$EventFiringWebElement.sendKeys(EventFiringWebDriver.java:429)
	at com.kms.katalon.core.webui.keyword.builtin.UploadFileKeyword$_uploadFile_closure1.doCall(UploadFileKeyword.groovy:80)
	at com.kms.katalon.core.webui.keyword.builtin.UploadFileKeyword$_uploadFile_closure1.call(UploadFileKeyword.groovy)
	at com.kms.katalon.core.webui.keyword.internal.WebUIKeywordMain.runKeyword(WebUIKeywordMain.groovy:20)
	at com.kms.katalon.core.webui.keyword.builtin.UploadFileKeyword.uploadFile(UploadFileKeyword.groovy:87)
	at com.kms.katalon.core.webui.keyword.builtin.UploadFileKeyword.execute(UploadFileKeyword.groovy:68)
	at com.kms.katalon.core.keyword.internal.KeywordExecutor.executeKeywordForPlatform(KeywordExecutor.groovy:72)
	at com.kms.katalon.core.webui.keyword.WebUiBuiltInKeywords.uploadFile(WebUiBuiltInKeywords.groovy:2971)
	at com.kms.katalon.core.webui.keyword.WebUiBuiltInKeywords$uploadFile$8.call(Unknown Source)
	at Script1585302879813.run(Script1585302879813.groovy:65)
	... 13 more
)

2020-04-15 16:02:27 - [MESSAGE][FAILED] - Unable to upload file 'C:\Users\HP\git\chiraghAdminPanel\Include\PropertyImages\1584693242612-Scanned_Passport_Copy.png' to object 'Object Repository/Property submission/owner/Scanned Passport Copy' (Root cause: com.kms.katalon.core.exception.StepFailedException: Unable to upload file 'C:\Users\HP\git\chiraghAdminPanel\Include\PropertyImages\1584693242612-Scanned_Passport_Copy.png' to object 'Object Repository/Property submission/owner/Scanned Passport Copy'
	at com.kms.katalon.core.webui.keyword.internal.WebUIKeywordMain.stepFailed(WebUIKeywordMain.groovy:64)
	at com.kms.katalon.core.webui.keyword.internal.WebUIKeywordMain.runKeyword(WebUIKeywordMain.groovy:26)
	at com.kms.katalon.core.webui.keyword.builtin.UploadFileKeyword.uploadFile(UploadFileKeyword.groovy:87)
	at com.kms.katalon.core.webui.keyword.builtin.UploadFileKeyword.execute(UploadFileKeyword.groovy:68)
	at com.kms.katalon.core.keyword.internal.KeywordExecutor.executeKeywordForPlatform(KeywordExecutor.groovy:72)
	at com.kms.katalon.core.webui.keyword.WebUiBuiltInKeywords.uploadFile(WebUiBuiltInKeywords.groovy:2971)
	at com.kms.katalon.core.webui.keyword.WebUiBuiltInKeywords$uploadFile$8.call(Unknown Source)
	at TC_PropertySubmissionForm_002.run(TC_PropertySubmissionForm_002:65)
	at com.kms.katalon.core.main.ScriptEngine.run(ScriptEngine.java:194)
	at com.kms.katalon.core.main.ScriptEngine.runScriptAsRawText(ScriptEngine.java:119)
	at com.kms.katalon.core.main.TestCaseExecutor.runScript(TestCaseExecutor.java:337)
	at com.kms.katalon.core.main.TestCaseExecutor.doExecute(TestCaseExecutor.java:328)
	at com.kms.katalon.core.main.TestCaseExecutor.processExecutionPhase(TestCaseExecutor.java:307)
	at com.kms.katalon.core.main.TestCaseExecutor.accessMainPhase(TestCaseExecutor.java:299)
	at com.kms.katalon.core.main.TestCaseExecutor.execute(TestCaseExecutor.java:233)
	at com.kms.katalon.core.main.TestSuiteExecutor.accessTestCaseMainPhase(TestSuiteExecutor.java:169)
	at com.kms.katalon.core.main.TestSuiteExecutor.accessTestSuiteMainPhase(TestSuiteExecutor.java:142)
	at com.kms.katalon.core.main.TestSuiteExecutor.execute(TestSuiteExecutor.java:91)
	at com.kms.katalon.core.main.TestCaseMain.startTestSuite(TestCaseMain.java:157)
	at com.kms.katalon.core.main.TestCaseMain$startTestSuite$0.call(Unknown Source)
	at TempTestSuite1586966428771.run(TempTestSuite1586966428771.groovy:36)
Caused by: org.openqa.selenium.InvalidArgumentException: File not found: C:\Users\HP\git\chiraghAdminPanel\Include\PropertyImages\1584693242612-Scanned_Passport_Copy.png
Build info: version: '3.141.59', revision: 'e82be7d358', time: '2018-11-14T08:25:53'
System info: host: 'EC2AMAZ-QUDPRKJ', ip: '172.31.5.210', os.name: 'Windows Server 2016', os.arch: 'amd64', os.version: '10.0', java.version: '1.8.0_181'
Driver info: com.kms.katalon.core.webui.driver.firefox.CGeckoDriver
Capabilities {acceptInsecureCerts: true, browserName: firefox, browserVersion: 75.0, javascriptEnabled: true, moz:accessibilityChecks: false, moz:buildID: 20200403170909, moz:geckodriverVersion: 0.23.0, moz:headless: false, moz:processID: 5072, moz:profile: C:\Users\Administrator\AppD..., moz:shutdownTimeout: 60000, moz:useNonSpecCompliantPointerOrigin: false, moz:webdriverClick: true, pageLoadStrategy: normal, platform: WINDOWS, platformName: WINDOWS, platformVersion: 10.0, proxy: Proxy(direct), rotatable: false, setWindowRect: true, strictFileInteractability: false, timeouts: {implicit: 0, pageLoad: 300000, script: 30000}, unhandledPromptBehavior: dismiss and notify}
Session ID: b813359a-a805-49f5-8085-438c1b0d8e5c
	at org.openqa.selenium.remote.http.W3CHttpResponseCodec.createException(W3CHttpResponseCodec.java:187)
	at org.openqa.selenium.remote.http.W3CHttpResponseCodec.decode(W3CHttpResponseCodec.java:122)
	at org.openqa.selenium.remote.http.W3CHttpResponseCodec.decode(W3CHttpResponseCodec.java:49)
	at org.openqa.selenium.remote.HttpCommandExecutor.execute(HttpCommandExecutor.java:158)
	at org.openqa.selenium.remote.service.DriverCommandExecutor.execute(DriverCommandExecutor.java:83)
	at org.openqa.selenium.remote.RemoteWebDriver.execute(RemoteWebDriver.java:552)
	at com.kms.katalon.selenium.driver.CFirefoxDriver.execute(CFirefoxDriver.java:27)
	at org.openqa.selenium.remote.RemoteWebElement.execute(RemoteWebElement.java:285)
	at org.openqa.selenium.remote.RemoteWebElement.sendKeys(RemoteWebElement.java:106)
	at org.openqa.selenium.support.events.EventFiringWebDriver$EventFiringWebElement.lambda$new$0(EventFiringWebDriver.java:404)
	at com.sun.proxy.$Proxy10.sendKeys(Unknown Source)
	at org.openqa.selenium.support.events.EventFiringWebDriver$EventFiringWebElement.sendKeys(EventFiringWebDriver.java:429)
	at com.kms.katalon.core.webui.keyword.builtin.UploadFileKeyword$_uploadFile_closure1.doCall(UploadFileKeyword.groovy:80)
	at com.kms.katalon.core.webui.keyword.builtin.UploadFileKeyword$_uploadFile_closure1.call(UploadFileKeyword.groovy)
	at com.kms.katalon.core.webui.keyword.internal.WebUIKeywordMain.runKeyword(WebUIKeywordMain.groovy:20)
	at com.kms.katalon.core.webui.keyword.builtin.UploadFileKeyword.uploadFile(UploadFileKeyword.groovy:87)
	at com.kms.katalon.core.webui.keyword.builtin.UploadFileKeyword.execute(UploadFileKeyword.groovy:68)
	at com.kms.katalon.core.keyword.internal.KeywordExecutor.executeKeywordForPlatform(KeywordExecutor.groovy:72)
	at com.kms.katalon.core.webui.keyword.WebUiBuiltInKeywords.uploadFile(WebUiBuiltInKeywords.groovy:2971)
	at com.kms.katalon.core.webui.keyword.WebUiBuiltInKeywords$uploadFile$8.call(Unknown Source)
	at Script1585302879813.run(Script1585302879813.groovy:65)
	... 13 more
)
[[ATTACHMENT|C:\\Users\\Administrator\\Git\\chiraghAdminPanel\\Reports\\20200415_160028\\ChiraghWeb_FrontEnd_Tests\\20200415_160028\\1586966547699.png]]

2020-04-15 16:02:29 - [TEST_STEP][PASSED] - Video: Video recording for test case 'Test Cases/Front End/TC_PropertySubmissionForm_002' .

2020-04-15 16:02:29 - [MESSAGE][INFO] - Video recording for test case 'Test Cases/Front End/TC_PropertySubmissionForm_002' .
[[ATTACHMENT|C:\\Users\\Administrator\\Git\\chiraghAdminPanel\\Reports\\20200415_160028\\ChiraghWeb_FrontEnd_Tests\\20200415_160028/videos\\test_4.mov]]]]></system-out>
         <system-err><![CDATA[2020-04-15 16:01:56 - [TEST_CASE][FAILED] - Test Cases/Front End/TC_PropertySubmissionForm_002: Test Cases/Front End/TC_PropertySubmissionForm_002 FAILED.
Reason:
com.kms.katalon.core.exception.StepFailedException: Unable to upload file 'C:\Users\HP\git\chiraghAdminPanel\Include\PropertyImages\1584693242612-Scanned_Passport_Copy.png' to object 'Object Repository/Property submission/owner/Scanned Passport Copy'
	at com.kms.katalon.core.webui.keyword.internal.WebUIKeywordMain.stepFailed(WebUIKeywordMain.groovy:64)
	at com.kms.katalon.core.webui.keyword.internal.WebUIKeywordMain.runKeyword(WebUIKeywordMain.groovy:26)
	at com.kms.katalon.core.webui.keyword.builtin.UploadFileKeyword.uploadFile(UploadFileKeyword.groovy:87)
	at com.kms.katalon.core.webui.keyword.builtin.UploadFileKeyword.execute(UploadFileKeyword.groovy:68)
	at com.kms.katalon.core.keyword.internal.KeywordExecutor.executeKeywordForPlatform(KeywordExecutor.groovy:72)
	at com.kms.katalon.core.webui.keyword.WebUiBuiltInKeywords.uploadFile(WebUiBuiltInKeywords.groovy:2971)
	at com.kms.katalon.core.webui.keyword.WebUiBuiltInKeywords$uploadFile$8.call(Unknown Source)
	at TC_PropertySubmissionForm_002.run(TC_PropertySubmissionForm_002:65)
	at com.kms.katalon.core.main.ScriptEngine.run(ScriptEngine.java:194)
	at com.kms.katalon.core.main.ScriptEngine.runScriptAsRawText(ScriptEngine.java:119)
	at com.kms.katalon.core.main.TestCaseExecutor.runScript(TestCaseExecutor.java:337)
	at com.kms.katalon.core.main.TestCaseExecutor.doExecute(TestCaseExecutor.java:328)
	at com.kms.katalon.core.main.TestCaseExecutor.processExecutionPhase(TestCaseExecutor.java:307)
	at com.kms.katalon.core.main.TestCaseExecutor.accessMainPhase(TestCaseExecutor.java:299)
	at com.kms.katalon.core.main.TestCaseExecutor.execute(TestCaseExecutor.java:233)
	at com.kms.katalon.core.main.TestSuiteExecutor.accessTestCaseMainPhase(TestSuiteExecutor.java:169)
	at com.kms.katalon.core.main.TestSuiteExecutor.accessTestSuiteMainPhase(TestSuiteExecutor.java:142)
	at com.kms.katalon.core.main.TestSuiteExecutor.execute(TestSuiteExecutor.java:91)
	at com.kms.katalon.core.main.TestCaseMain.startTestSuite(TestCaseMain.java:157)
	at com.kms.katalon.core.main.TestCaseMain$startTestSuite$0.call(Unknown Source)
	at TempTestSuite1586966428771.run(TempTestSuite1586966428771.groovy:36)
Caused by: org.openqa.selenium.InvalidArgumentException: File not found: C:\Users\HP\git\chiraghAdminPanel\Include\PropertyImages\1584693242612-Scanned_Passport_Copy.png
Build info: version: '3.141.59', revision: 'e82be7d358', time: '2018-11-14T08:25:53'
System info: host: 'EC2AMAZ-QUDPRKJ', ip: '172.31.5.210', os.name: 'Windows Server 2016', os.arch: 'amd64', os.version: '10.0', java.version: '1.8.0_181'
Driver info: com.kms.katalon.core.webui.driver.firefox.CGeckoDriver
Capabilities {acceptInsecureCerts: true, browserName: firefox, browserVersion: 75.0, javascriptEnabled: true, moz:accessibilityChecks: false, moz:buildID: 20200403170909, moz:geckodriverVersion: 0.23.0, moz:headless: false, moz:processID: 5072, moz:profile: C:\Users\Administrator\AppD..., moz:shutdownTimeout: 60000, moz:useNonSpecCompliantPointerOrigin: false, moz:webdriverClick: true, pageLoadStrategy: normal, platform: WINDOWS, platformName: WINDOWS, platformVersion: 10.0, proxy: Proxy(direct), rotatable: false, setWindowRect: true, strictFileInteractability: false, timeouts: {implicit: 0, pageLoad: 300000, script: 30000}, unhandledPromptBehavior: dismiss and notify}
Session ID: b813359a-a805-49f5-8085-438c1b0d8e5c
	at org.openqa.selenium.remote.http.W3CHttpResponseCodec.createException(W3CHttpResponseCodec.java:187)
	at org.openqa.selenium.remote.http.W3CHttpResponseCodec.decode(W3CHttpResponseCodec.java:122)
	at org.openqa.selenium.remote.http.W3CHttpResponseCodec.decode(W3CHttpResponseCodec.java:49)
	at org.openqa.selenium.remote.HttpCommandExecutor.execute(HttpCommandExecutor.java:158)
	at org.openqa.selenium.remote.service.DriverCommandExecutor.execute(DriverCommandExecutor.java:83)
	at org.openqa.selenium.remote.RemoteWebDriver.execute(RemoteWebDriver.java:552)
	at com.kms.katalon.selenium.driver.CFirefoxDriver.execute(CFirefoxDriver.java:27)
	at org.openqa.selenium.remote.RemoteWebElement.execute(RemoteWebElement.java:285)
	at org.openqa.selenium.remote.RemoteWebElement.sendKeys(RemoteWebElement.java:106)
	at org.openqa.selenium.support.events.EventFiringWebDriver$EventFiringWebElement.lambda$new$0(EventFiringWebDriver.java:404)
	at com.sun.proxy.$Proxy10.sendKeys(Unknown Source)
	at org.openqa.selenium.support.events.EventFiringWebDriver$EventFiringWebElement.sendKeys(EventFiringWebDriver.java:429)
	at com.kms.katalon.core.webui.keyword.builtin.UploadFileKeyword$_uploadFile_closure1.doCall(UploadFileKeyword.groovy:80)
	at com.kms.katalon.core.webui.keyword.builtin.UploadFileKeyword$_uploadFile_closure1.call(UploadFileKeyword.groovy)
	at com.kms.katalon.core.webui.keyword.internal.WebUIKeywordMain.runKeyword(WebUIKeywordMain.groovy:20)
	... 19 more]]></system-err>
      </testcase>
      <testcase name="Test Cases/Front End/TC_RegisterationForm_012" time="79.036" classname="Test Cases/Front End/TC_RegisterationForm_012" status="FAILED">
         <failure type="FAILED" message="Test Cases/Front End/TC_RegisterationForm_012 FAILED.
Reason:
com.kms.katalon.core.exception.StepFailedException: Verify element text of test object 'Object Repository/Page_Chiragh - Registration Confirmation/h1_Thank You  for Registering on Chiragh' FAILED.
	at com.kms.katalon.core.webui.keyword.internal.WebUIKeywordMain.stepFailed(WebUIKeywordMain.groovy:64)
	at com.kms.katalon.core.webui.keyword.internal.WebUIKeywordMain.runKeyword(WebUIKeywordMain.groovy:26)
	at com.kms.katalon.core.webui.keyword.builtin.VerifyElementTextKeyword.verifyElementText(VerifyElementTextKeyword.groovy:72)
	at com.kms.katalon.core.webui.keyword.builtin.VerifyElementTextKeyword.execute(VerifyElementTextKeyword.groovy:40)
	at com.kms.katalon.core.keyword.internal.KeywordExecutor.executeKeywordForPlatform(KeywordExecutor.groovy:72)
	at com.kms.katalon.core.webui.keyword.WebUiBuiltInKeywords.verifyElementText(WebUiBuiltInKeywords.groovy:3689)
	at com.kms.katalon.core.webui.keyword.WebUiBuiltInKeywords$verifyElementText$9.call(Unknown Source)
	at TC_RegisterationForm_012.run(TC_RegisterationForm_012:159)
	at com.kms.katalon.core.main.ScriptEngine.run(ScriptEngine.java:194)
	at com.kms.katalon.core.main.ScriptEngine.runScriptAsRawText(ScriptEngine.java:119)
	at com.kms.katalon.core.main.TestCaseExecutor.runScript(TestCaseExecutor.java:337)
	at com.kms.katalon.core.main.TestCaseExecutor.doExecute(TestCaseExecutor.java:328)
	at com.kms.katalon.core.main.TestCaseExecutor.processExecutionPhase(TestCaseExecutor.java:307)
	at com.kms.katalon.core.main.TestCaseExecutor.accessMainPhase(TestCaseExecutor.java:299)
	at com.kms.katalon.core.main.TestCaseExecutor.execute(TestCaseExecutor.java:233)
	at com.kms.katalon.core.main.TestSuiteExecutor.accessTestCaseMainPhase(TestSuiteExecutor.java:169)
	at com.kms.katalon.core.main.TestSuiteExecutor.accessTestSuiteMainPhase(TestSuiteExecutor.java:142)
	at com.kms.katalon.core.main.TestSuiteExecutor.execute(TestSuiteExecutor.java:91)
	at com.kms.katalon.core.main.TestCaseMain.startTestSuite(TestCaseMain.java:157)
	at com.kms.katalon.core.main.TestCaseMain$startTestSuite$0.call(Unknown Source)
	at TempTestSuite1586966428771.run(TempTestSuite1586966428771.groovy:36)
Caused by: com.kms.katalon.core.exception.StepFailedException: Actual text 'Thank You
for Registering on Chiragh' and expected text 'Thank You' of test object 'Object Repository/Page_Chiragh - Registration Confirmation/h1_Thank You  for Registering on Chiragh' are NOT matched.
	at com.kms.katalon.core.webui.keyword.internal.WebUIKeywordMain.stepFailed(WebUIKeywordMain.groovy:64)
	at com.kms.katalon.core.webui.keyword.builtin.VerifyElementTextKeyword$_verifyElementText_closure1.doCall(VerifyElementTextKeyword.groovy:57)
	at com.kms.katalon.core.webui.keyword.builtin.VerifyElementTextKeyword$_verifyElementText_closure1.call(VerifyElementTextKeyword.groovy)
	at com.kms.katalon.core.webui.keyword.internal.WebUIKeywordMain.runKeyword(WebUIKeywordMain.groovy:20)
	... 19 more
"/>
         <system-out><![CDATA[2020-04-15 16:02:29 - [TEST_CASE][FAILED] - Test Cases/Front End/TC_RegisterationForm_012: Test Cases/Front End/TC_RegisterationForm_012 FAILED.
Reason:
com.kms.katalon.core.exception.StepFailedException: Verify element text of test object 'Object Repository/Page_Chiragh - Registration Confirmation/h1_Thank You  for Registering on Chiragh' FAILED.
	at com.kms.katalon.core.webui.keyword.internal.WebUIKeywordMain.stepFailed(WebUIKeywordMain.groovy:64)
	at com.kms.katalon.core.webui.keyword.internal.WebUIKeywordMain.runKeyword(WebUIKeywordMain.groovy:26)
	at com.kms.katalon.core.webui.keyword.builtin.VerifyElementTextKeyword.verifyElementText(VerifyElementTextKeyword.groovy:72)
	at com.kms.katalon.core.webui.keyword.builtin.VerifyElementTextKeyword.execute(VerifyElementTextKeyword.groovy:40)
	at com.kms.katalon.core.keyword.internal.KeywordExecutor.executeKeywordForPlatform(KeywordExecutor.groovy:72)
	at com.kms.katalon.core.webui.keyword.WebUiBuiltInKeywords.verifyElementText(WebUiBuiltInKeywords.groovy:3689)
	at com.kms.katalon.core.webui.keyword.WebUiBuiltInKeywords$verifyElementText$9.call(Unknown Source)
	at TC_RegisterationForm_012.run(TC_RegisterationForm_012:159)
	at com.kms.katalon.core.main.ScriptEngine.run(ScriptEngine.java:194)
	at com.kms.katalon.core.main.ScriptEngine.runScriptAsRawText(ScriptEngine.java:119)
	at com.kms.katalon.core.main.TestCaseExecutor.runScript(TestCaseExecutor.java:337)
	at com.kms.katalon.core.main.TestCaseExecutor.doExecute(TestCaseExecutor.java:328)
	at com.kms.katalon.core.main.TestCaseExecutor.processExecutionPhase(TestCaseExecutor.java:307)
	at com.kms.katalon.core.main.TestCaseExecutor.accessMainPhase(TestCaseExecutor.java:299)
	at com.kms.katalon.core.main.TestCaseExecutor.execute(TestCaseExecutor.java:233)
	at com.kms.katalon.core.main.TestSuiteExecutor.accessTestCaseMainPhase(TestSuiteExecutor.java:169)
	at com.kms.katalon.core.main.TestSuiteExecutor.accessTestSuiteMainPhase(TestSuiteExecutor.java:142)
	at com.kms.katalon.core.main.TestSuiteExecutor.execute(TestSuiteExecutor.java:91)
	at com.kms.katalon.core.main.TestCaseMain.startTestSuite(TestCaseMain.java:157)
	at com.kms.katalon.core.main.TestCaseMain$startTestSuite$0.call(Unknown Source)
	at TempTestSuite1586966428771.run(TempTestSuite1586966428771.groovy:36)
Caused by: com.kms.katalon.core.exception.StepFailedException: Actual text 'Thank You
for Registering on Chiragh' and expected text 'Thank You' of test object 'Object Repository/Page_Chiragh - Registration Confirmation/h1_Thank You  for Registering on Chiragh' are NOT matched.
	at com.kms.katalon.core.webui.keyword.internal.WebUIKeywordMain.stepFailed(WebUIKeywordMain.groovy:64)
	at com.kms.katalon.core.webui.keyword.builtin.VerifyElementTextKeyword$_verifyElementText_closure1.doCall(VerifyElementTextKeyword.groovy:57)
	at com.kms.katalon.core.webui.keyword.builtin.VerifyElementTextKeyword$_verifyElementText_closure1.call(VerifyElementTextKeyword.groovy)
	at com.kms.katalon.core.webui.keyword.internal.WebUIKeywordMain.runKeyword(WebUIKeywordMain.groovy:20)
	... 19 more


2020-04-15 16:02:30 - [TEST_STEP][PASSED] - faker = new com.github.javafaker.Faker(): null

2020-04-15 16:02:30 - [TEST_STEP][PASSED] - openBrowser(""): Browser is opened with url: ''

2020-04-15 16:02:30 - [MESSAGE][WARNING] - A browser is already opened. Closing browser and opening a new one

2020-04-15 16:02:31 - [MESSAGE][INFO] - Starting 'Firefox' driver

2020-04-15 16:02:31 - [MESSAGE][INFO] - Action delay is set to 0 milliseconds

2020-04-15 16:02:34 - [MESSAGE][PASSED] - Browser is opened with url: ''

2020-04-15 16:02:34 - [TEST_STEP][PASSED] - navigateToUrl(Url): Navigate to 'http://test.chiragh.com' successfully

2020-04-15 16:02:35 - [MESSAGE][PASSED] - Navigate to 'http://test.chiragh.com' successfully

2020-04-15 16:02:35 - [TEST_STEP][PASSED] - waitForPageLoad(15): Wait for page load successfully

2020-04-15 16:02:35 - [MESSAGE][PASSED] - Wait for page load successfully

2020-04-15 16:02:35 - [TEST_STEP][PASSED] - maximizeWindow(): Current window maximized

2020-04-15 16:02:35 - [MESSAGE][PASSED] - Current window maximized

2020-04-15 16:02:35 - [TEST_STEP][PASSED] - delay(3): Delayed 3 second(s)

2020-04-15 16:02:38 - [MESSAGE][PASSED] - Delayed 3 second(s)

2020-04-15 16:02:38 - [TEST_STEP][PASSED] - click(findTestObject("Object Repository/Front End Objects/LoginWithValidCredentials/Page_Chiragh - Home/a_ENG_dropdownMenuLink")): Object: 'Object Repository/Front End Objects/LoginWithValidCredentials/Page_Chiragh - Home/a_ENG_dropdownMenuLink' is clicked on

2020-04-15 16:02:39 - [MESSAGE][PASSED] - Object: 'Object Repository/Front End Objects/LoginWithValidCredentials/Page_Chiragh - Home/a_ENG_dropdownMenuLink' is clicked on

2020-04-15 16:02:39 - [TEST_STEP][PASSED] - click(findTestObject("Object Repository/Front End Objects/LoginWithValidCredentials/Page_Chiragh - Home/a_Login")): Object: 'Object Repository/Front End Objects/LoginWithValidCredentials/Page_Chiragh - Home/a_Login' is clicked on

2020-04-15 16:02:40 - [MESSAGE][PASSED] - Object: 'Object Repository/Front End Objects/LoginWithValidCredentials/Page_Chiragh - Home/a_Login' is clicked on

2020-04-15 16:02:40 - [TEST_STEP][PASSED] - click(findTestObject("RegisterPage/Page_Chiragh - Login/a_Register")): Object: 'Object Repository/RegisterPage/Page_Chiragh - Login/a_Register' is clicked on

2020-04-15 16:02:40 - [MESSAGE][PASSED] - Object: 'Object Repository/RegisterPage/Page_Chiragh - Login/a_Register' is clicked on

2020-04-15 16:02:40 - [TEST_STEP][PASSED] - delay(2): Delayed 2 second(s)

2020-04-15 16:02:42 - [MESSAGE][PASSED] - Delayed 2 second(s)

2020-04-15 16:02:42 - [TEST_STEP][PASSED] - verifyElementText(findTestObject("Page_Chiragh - Register/h1_Register"), "Register"): Actual text and expected text of test object 'Object Repository/Page_Chiragh - Register/h1_Register' are matched.

2020-04-15 16:02:43 - [MESSAGE][PASSED] - Actual text and expected text of test object 'Object Repository/Page_Chiragh - Register/h1_Register' are matched.

2020-04-15 16:02:43 - [TEST_STEP][PASSED] - delay(2): Delayed 2 second(s)

2020-04-15 16:02:45 - [MESSAGE][PASSED] - Delayed 2 second(s)

2020-04-15 16:02:45 - [TEST_STEP][PASSED] - fName = name().firstName(): null

2020-04-15 16:02:45 - [TEST_STEP][PASSED] - setText(findTestObject("Page_Chiragh - Register/input_First Name_userFirstName"), fName): Text 'Clint' is set on object 'Object Repository/Page_Chiragh - Register/input_First Name_userFirstName'

2020-04-15 16:02:45 - [MESSAGE][PASSED] - Text 'Clint' is set on object 'Object Repository/Page_Chiragh - Register/input_First Name_userFirstName'

2020-04-15 16:02:45 - [TEST_STEP][PASSED] - delay(2): Delayed 2 second(s)

2020-04-15 16:02:47 - [MESSAGE][PASSED] - Delayed 2 second(s)

2020-04-15 16:02:47 - [TEST_STEP][PASSED] - lName = name().lastName(): null

2020-04-15 16:02:47 - [TEST_STEP][PASSED] - setText(findTestObject("Page_Chiragh - Register/input_Last Name_userlastName"), lName): Text 'Stanton' is set on object 'Object Repository/Page_Chiragh - Register/input_Last Name_userlastName'

2020-04-15 16:02:48 - [MESSAGE][PASSED] - Text 'Stanton' is set on object 'Object Repository/Page_Chiragh - Register/input_Last Name_userlastName'

2020-04-15 16:02:48 - [TEST_STEP][PASSED] - delay(2): Delayed 2 second(s)

2020-04-15 16:02:50 - [MESSAGE][PASSED] - Delayed 2 second(s)

2020-04-15 16:02:50 - [TEST_STEP][PASSED] - userName = name().firstName(): null

2020-04-15 16:02:50 - [TEST_STEP][PASSED] - setText(findTestObject("Page_Chiragh - Register/input_Username_0bdtue"), userName): Text 'Isac' is set on object 'Object Repository/Page_Chiragh - Register/input_Username_0bdtue'

2020-04-15 16:02:51 - [MESSAGE][PASSED] - Text 'Isac' is set on object 'Object Repository/Page_Chiragh - Register/input_Username_0bdtue'

2020-04-15 16:02:51 - [TEST_STEP][PASSED] - delay(2): Delayed 2 second(s)

2020-04-15 16:02:53 - [MESSAGE][PASSED] - Delayed 2 second(s)

2020-04-15 16:02:53 - [TEST_STEP][PASSED] - number = number.randomNumber(): null

2020-04-15 16:02:53 - [TEST_STEP][PASSED] - setText(findTestObject("Page_Chiragh - Register/input_Email _userEmail"), "testbcm11+" + number + "@gmail.com"): Text 'testbcm11+6@gmail.com' is set on object 'Object Repository/Page_Chiragh - Register/input_Email _userEmail'

2020-04-15 16:02:54 - [MESSAGE][PASSED] - Text 'testbcm11+6@gmail.com' is set on object 'Object Repository/Page_Chiragh - Register/input_Email _userEmail'

2020-04-15 16:02:54 - [TEST_STEP][PASSED] - delay(2): Delayed 2 second(s)

2020-04-15 16:02:56 - [MESSAGE][PASSED] - Delayed 2 second(s)

2020-04-15 16:02:56 - [TEST_STEP][PASSED] - setText(findTestObject("Page_Chiragh - Register/input_Password_userPassword"), "A123456s@"): Text 'A123456s@' is set on object 'Object Repository/Page_Chiragh - Register/input_Password_userPassword'

2020-04-15 16:02:56 - [MESSAGE][PASSED] - Text 'A123456s@' is set on object 'Object Repository/Page_Chiragh - Register/input_Password_userPassword'

2020-04-15 16:02:56 - [TEST_STEP][PASSED] - delay(7): Delayed 7 second(s)

2020-04-15 16:03:03 - [MESSAGE][PASSED] - Delayed 7 second(s)

2020-04-15 16:03:03 - [TEST_STEP][PASSED] - setText(findTestObject("Page_Chiragh - Register/input_Confirm Password_userConfirmPassword"), "A123456s@"): Text 'A123456s@' is set on object 'Object Repository/Page_Chiragh - Register/input_Confirm Password_userConfirmPassword'

2020-04-15 16:03:04 - [MESSAGE][PASSED] - Text 'A123456s@' is set on object 'Object Repository/Page_Chiragh - Register/input_Confirm Password_userConfirmPassword'

2020-04-15 16:03:04 - [TEST_STEP][PASSED] - delay(2): Delayed 2 second(s)

2020-04-15 16:03:06 - [MESSAGE][PASSED] - Delayed 2 second(s)

2020-04-15 16:03:06 - [TEST_STEP][PASSED] - click(findTestObject("Page_Chiragh - Register/button_Next")): Object: 'Object Repository/Page_Chiragh - Register/button_Next' is clicked on

2020-04-15 16:03:07 - [MESSAGE][PASSED] - Object: 'Object Repository/Page_Chiragh - Register/button_Next' is clicked on

2020-04-15 16:03:07 - [TEST_STEP][PASSED] - waitForPageLoad(4): Wait for page load successfully

2020-04-15 16:03:07 - [MESSAGE][PASSED] - Wait for page load successfully

2020-04-15 16:03:07 - [TEST_STEP][PASSED] - click(findTestObject("Page_Chiragh - Register/input_Date of Birth_dob")): Object: 'Object Repository/Page_Chiragh - Register/input_Date of Birth_dob' is clicked on

2020-04-15 16:03:07 - [MESSAGE][PASSED] - Object: 'Object Repository/Page_Chiragh - Register/input_Date of Birth_dob' is clicked on

2020-04-15 16:03:07 - [TEST_STEP][PASSED] - click(findTestObject("Page_Chiragh - Register/span_Mar 2020")): Object: 'Object Repository/Page_Chiragh - Register/span_Mar 2020' is clicked on

2020-04-15 16:03:08 - [MESSAGE][PASSED] - Object: 'Object Repository/Page_Chiragh - Register/span_Mar 2020' is clicked on

2020-04-15 16:03:08 - [TEST_STEP][PASSED] - click(findTestObject("Page_Chiragh - Register/svg")): Object: 'Object Repository/Page_Chiragh - Register/svg' is clicked on

2020-04-15 16:03:08 - [MESSAGE][PASSED] - Object: 'Object Repository/Page_Chiragh - Register/svg' is clicked on

2020-04-15 16:03:08 - [TEST_STEP][PASSED] - click(findTestObject("Page_Chiragh - Register/span_1996")): Object: 'Object Repository/Page_Chiragh - Register/span_1996' is clicked on

2020-04-15 16:03:09 - [MESSAGE][PASSED] - Object: 'Object Repository/Page_Chiragh - Register/span_1996' is clicked on

2020-04-15 16:03:09 - [TEST_STEP][PASSED] - click(findTestObject("Page_Chiragh - Register/span_Feb")): Object: 'Object Repository/Page_Chiragh - Register/span_Feb' is clicked on

2020-04-15 16:03:09 - [MESSAGE][PASSED] - Object: 'Object Repository/Page_Chiragh - Register/span_Feb' is clicked on

2020-04-15 16:03:09 - [TEST_STEP][PASSED] - click(findTestObject("Page_Chiragh - Register/span_8")): Object: 'Object Repository/Page_Chiragh - Register/span_8' is clicked on

2020-04-15 16:03:10 - [MESSAGE][PASSED] - Object: 'Object Repository/Page_Chiragh - Register/span_8' is clicked on

2020-04-15 16:03:10 - [TEST_STEP][PASSED] - delay(2): Delayed 2 second(s)

2020-04-15 16:03:12 - [MESSAGE][PASSED] - Delayed 2 second(s)

2020-04-15 16:03:12 - [TEST_STEP][PASSED] - setText(findTestObject("Page_Chiragh - Register/Nationality"), "Pakis"): Text 'Pakis' is set on object 'Object Repository/Page_Chiragh - Register/Nationality'

2020-04-15 16:03:12 - [MESSAGE][PASSED] - Text 'Pakis' is set on object 'Object Repository/Page_Chiragh - Register/Nationality'

2020-04-15 16:03:12 - [TEST_STEP][PASSED] - click(findTestObject("Page_Chiragh - Register/ng-dropdown-panel_Pakistani")): Object: 'Object Repository/Page_Chiragh - Register/ng-dropdown-panel_Pakistani' is clicked on

2020-04-15 16:03:13 - [MESSAGE][PASSED] - Object: 'Object Repository/Page_Chiragh - Register/ng-dropdown-panel_Pakistani' is clicked on

2020-04-15 16:03:13 - [TEST_STEP][PASSED] - Useraddress = address.fullAddress(): null

2020-04-15 16:03:13 - [TEST_STEP][PASSED] - setText(findTestObject("Page_Chiragh - Register/input_Complete address _address"), Useraddress): Text 'Suite 775 646 Jarrell Row, Champlinmouth, AK 85625' is set on object 'Object Repository/Page_Chiragh - Register/input_Complete address _address'

2020-04-15 16:03:14 - [MESSAGE][PASSED] - Text 'Suite 775 646 Jarrell Row, Champlinmouth, AK 85625' is set on object 'Object Repository/Page_Chiragh - Register/input_Complete address _address'

2020-04-15 16:03:14 - [TEST_STEP][PASSED] - delay(2): Delayed 2 second(s)

2020-04-15 16:03:16 - [MESSAGE][PASSED] - Delayed 2 second(s)

2020-04-15 16:03:16 - [TEST_STEP][PASSED] - PObox = address.zipCode(): null

2020-04-15 16:03:16 - [TEST_STEP][PASSED] - setText(findTestObject("Page_Chiragh - Register/input_POBox_poBox"), PObox): Text '60549-6929' is set on object 'Object Repository/Page_Chiragh - Register/input_POBox_poBox'

2020-04-15 16:03:16 - [MESSAGE][PASSED] - Text '60549-6929' is set on object 'Object Repository/Page_Chiragh - Register/input_POBox_poBox'

2020-04-15 16:03:16 - [TEST_STEP][PASSED] - setText(findTestObject("Page_Chiragh - Register/Country"), "Pakis"): Text 'Pakis' is set on object 'Object Repository/Page_Chiragh - Register/Country'

2020-04-15 16:03:17 - [MESSAGE][PASSED] - Text 'Pakis' is set on object 'Object Repository/Page_Chiragh - Register/Country'

2020-04-15 16:03:17 - [TEST_STEP][PASSED] - click(findTestObject("Page_Chiragh - Register/span_Pakistan")): Object: 'Object Repository/Page_Chiragh - Register/span_Pakistan' is clicked on

2020-04-15 16:03:18 - [MESSAGE][PASSED] - Object: 'Object Repository/Page_Chiragh - Register/span_Pakistan' is clicked on

2020-04-15 16:03:18 - [TEST_STEP][PASSED] - delay(5): Delayed 5 second(s)

2020-04-15 16:03:23 - [MESSAGE][PASSED] - Delayed 5 second(s)

2020-04-15 16:03:23 - [TEST_STEP][PASSED] - setText(findTestObject("Page_Chiragh - Register/City"), "Lahor"): Text 'Lahor' is set on object 'Object Repository/Page_Chiragh - Register/City'

2020-04-15 16:03:23 - [MESSAGE][PASSED] - Text 'Lahor' is set on object 'Object Repository/Page_Chiragh - Register/City'

2020-04-15 16:03:23 - [TEST_STEP][PASSED] - click(findTestObject("Page_Chiragh - Register/span_Lahore")): Object: 'Object Repository/Page_Chiragh - Register/span_Lahore' is clicked on

2020-04-15 16:03:24 - [MESSAGE][PASSED] - Object: 'Object Repository/Page_Chiragh - Register/span_Lahore' is clicked on

2020-04-15 16:03:24 - [TEST_STEP][PASSED] - delay(2): Delayed 2 second(s)

2020-04-15 16:03:26 - [MESSAGE][PASSED] - Delayed 2 second(s)

2020-04-15 16:03:26 - [TEST_STEP][PASSED] - setText(findTestObject("Page_Chiragh - Register/input_Identification Type_ng-star-inserted"), "National"): Text 'National' is set on object 'Object Repository/Page_Chiragh - Register/input_Identification Type_ng-star-inserted'

2020-04-15 16:03:26 - [MESSAGE][PASSED] - Text 'National' is set on object 'Object Repository/Page_Chiragh - Register/input_Identification Type_ng-star-inserted'

2020-04-15 16:03:26 - [TEST_STEP][PASSED] - delay(1): Delayed 1 second(s)

2020-04-15 16:03:27 - [MESSAGE][PASSED] - Delayed 1 second(s)

2020-04-15 16:03:27 - [TEST_STEP][PASSED] - click(findTestObject("Page_Chiragh - Register/span_National ID")): Object: 'Object Repository/Page_Chiragh - Register/span_National ID' is clicked on

2020-04-15 16:03:28 - [MESSAGE][PASSED] - Object: 'Object Repository/Page_Chiragh - Register/span_National ID' is clicked on

2020-04-15 16:03:28 - [TEST_STEP][PASSED] - IdCardNumber = number().digits(10): null

2020-04-15 16:03:28 - [TEST_STEP][PASSED] - setText(findTestObject("Page_Chiragh - Register/input_ID Number_idCardNo"), IdCardNumber): Text '3754586845' is set on object 'Object Repository/Page_Chiragh - Register/input_ID Number_idCardNo'

2020-04-15 16:03:29 - [MESSAGE][PASSED] - Text '3754586845' is set on object 'Object Repository/Page_Chiragh - Register/input_ID Number_idCardNo'

2020-04-15 16:03:29 - [TEST_STEP][PASSED] - click(findTestObject("Page_Chiragh - Register/input_ID Expiry Date_idExpiryDate")): Object: 'Object Repository/Page_Chiragh - Register/input_ID Expiry Date_idExpiryDate' is clicked on

2020-04-15 16:03:29 - [MESSAGE][PASSED] - Object: 'Object Repository/Page_Chiragh - Register/input_ID Expiry Date_idExpiryDate' is clicked on

2020-04-15 16:03:29 - [TEST_STEP][PASSED] - click(findTestObject("Page_Chiragh - Register/span_Apr 2020")): Object: 'Object Repository/Page_Chiragh - Register/span_Apr 2020' is clicked on

2020-04-15 16:03:30 - [MESSAGE][PASSED] - Object: 'Object Repository/Page_Chiragh - Register/span_Apr 2020' is clicked on

2020-04-15 16:03:30 - [TEST_STEP][PASSED] - click(findTestObject("Page_Chiragh - Register/span_2021")): Object: 'Object Repository/Page_Chiragh - Register/span_2021' is clicked on

2020-04-15 16:03:30 - [MESSAGE][PASSED] - Object: 'Object Repository/Page_Chiragh - Register/span_2021' is clicked on

2020-04-15 16:03:30 - [TEST_STEP][PASSED] - click(findTestObject("Page_Chiragh - Register/span_Jan")): Object: 'Object Repository/Page_Chiragh - Register/span_Jan' is clicked on

2020-04-15 16:03:31 - [MESSAGE][PASSED] - Object: 'Object Repository/Page_Chiragh - Register/span_Jan' is clicked on

2020-04-15 16:03:31 - [TEST_STEP][PASSED] - click(findTestObject("Page_Chiragh - Register/Jan1")): Object: 'Object Repository/Page_Chiragh - Register/Jan1' is clicked on

2020-04-15 16:03:31 - [MESSAGE][PASSED] - Object: 'Object Repository/Page_Chiragh - Register/Jan1' is clicked on

2020-04-15 16:03:31 - [TEST_STEP][PASSED] - delay(2): Delayed 2 second(s)

2020-04-15 16:03:33 - [MESSAGE][PASSED] - Delayed 2 second(s)

2020-04-15 16:03:33 - [TEST_STEP][PASSED] - setText(findTestObject("Page_Chiragh - Register/input_Country Code_ng-star-inserted"), "Pakis"): Text 'Pakis' is set on object 'Object Repository/Page_Chiragh - Register/input_Country Code_ng-star-inserted'

2020-04-15 16:03:34 - [MESSAGE][PASSED] - Text 'Pakis' is set on object 'Object Repository/Page_Chiragh - Register/input_Country Code_ng-star-inserted'

2020-04-15 16:03:34 - [TEST_STEP][PASSED] - click(findTestObject("Page_Chiragh - Register/span_(92) Pakistan")): Object: 'Object Repository/Page_Chiragh - Register/span_(92) Pakistan' is clicked on

2020-04-15 16:03:34 - [MESSAGE][PASSED] - Object: 'Object Repository/Page_Chiragh - Register/span_(92) Pakistan' is clicked on

2020-04-15 16:03:34 - [TEST_STEP][PASSED] - setText(findTestObject("Page_Chiragh - Register/input_Mobile Number _mobileNo"), "03451200042"): Text '03451200042' is set on object 'Object Repository/Page_Chiragh - Register/input_Mobile Number _mobileNo'

2020-04-15 16:03:35 - [MESSAGE][PASSED] - Text '03451200042' is set on object 'Object Repository/Page_Chiragh - Register/input_Mobile Number _mobileNo'

2020-04-15 16:03:35 - [TEST_STEP][PASSED] - click(findTestObject("Page_Chiragh - Register/input_Phone Number_terms")): Object: 'Object Repository/Page_Chiragh - Register/input_Phone Number_terms' is clicked on

2020-04-15 16:03:36 - [MESSAGE][PASSED] - Object: 'Object Repository/Page_Chiragh - Register/input_Phone Number_terms' is clicked on

2020-04-15 16:03:36 - [TEST_STEP][PASSED] - delay(2): Delayed 2 second(s)

2020-04-15 16:03:38 - [MESSAGE][PASSED] - Delayed 2 second(s)

2020-04-15 16:03:38 - [TEST_STEP][PASSED] - click(findTestObject("Page_Chiragh - Register/button_Register")): Object: 'Object Repository/Page_Chiragh - Register/button_Register' is clicked on

2020-04-15 16:03:38 - [MESSAGE][PASSED] - Object: 'Object Repository/Page_Chiragh - Register/button_Register' is clicked on

2020-04-15 16:03:38 - [TEST_STEP][PASSED] - delay(2): Delayed 2 second(s)

2020-04-15 16:03:40 - [MESSAGE][PASSED] - Delayed 2 second(s)

2020-04-15 16:03:40 - [TEST_STEP][PASSED] - click(findTestObject("Page_Chiragh - Register/button_Proceed")): Object: 'Object Repository/Page_Chiragh - Register/button_Proceed' is clicked on

2020-04-15 16:03:41 - [MESSAGE][PASSED] - Object: 'Object Repository/Page_Chiragh - Register/button_Proceed' is clicked on

2020-04-15 16:03:41 - [TEST_STEP][PASSED] - delay(5): Delayed 5 second(s)

2020-04-15 16:03:46 - [MESSAGE][PASSED] - Delayed 5 second(s)

2020-04-15 16:03:46 - [TEST_STEP][FAILED] - verifyElementText(findTestObject("Page_Chiragh - Registration Confirmation/h1_Thank You  for Registering on Chiragh"), "Thank You"): Verify element text of test object 'Object Repository/Page_Chiragh - Registration Confirmation/h1_Thank You  for Registering on Chiragh' FAILED. (Root cause: com.kms.katalon.core.exception.StepFailedException: Verify element text of test object 'Object Repository/Page_Chiragh - Registration Confirmation/h1_Thank You  for Registering on Chiragh' FAILED.
	at com.kms.katalon.core.webui.keyword.internal.WebUIKeywordMain.stepFailed(WebUIKeywordMain.groovy:64)
	at com.kms.katalon.core.webui.keyword.internal.WebUIKeywordMain.runKeyword(WebUIKeywordMain.groovy:26)
	at com.kms.katalon.core.webui.keyword.builtin.VerifyElementTextKeyword.verifyElementText(VerifyElementTextKeyword.groovy:72)
	at com.kms.katalon.core.webui.keyword.builtin.VerifyElementTextKeyword.execute(VerifyElementTextKeyword.groovy:40)
	at com.kms.katalon.core.keyword.internal.KeywordExecutor.executeKeywordForPlatform(KeywordExecutor.groovy:72)
	at com.kms.katalon.core.webui.keyword.WebUiBuiltInKeywords.verifyElementText(WebUiBuiltInKeywords.groovy:3689)
	at com.kms.katalon.core.webui.keyword.WebUiBuiltInKeywords$verifyElementText$9.call(Unknown Source)
	at TC_RegisterationForm_012.run(TC_RegisterationForm_012:159)
	at com.kms.katalon.core.main.ScriptEngine.run(ScriptEngine.java:194)
	at com.kms.katalon.core.main.ScriptEngine.runScriptAsRawText(ScriptEngine.java:119)
	at com.kms.katalon.core.main.TestCaseExecutor.runScript(TestCaseExecutor.java:337)
	at com.kms.katalon.core.main.TestCaseExecutor.doExecute(TestCaseExecutor.java:328)
	at com.kms.katalon.core.main.TestCaseExecutor.processExecutionPhase(TestCaseExecutor.java:307)
	at com.kms.katalon.core.main.TestCaseExecutor.accessMainPhase(TestCaseExecutor.java:299)
	at com.kms.katalon.core.main.TestCaseExecutor.execute(TestCaseExecutor.java:233)
	at com.kms.katalon.core.main.TestSuiteExecutor.accessTestCaseMainPhase(TestSuiteExecutor.java:169)
	at com.kms.katalon.core.main.TestSuiteExecutor.accessTestSuiteMainPhase(TestSuiteExecutor.java:142)
	at com.kms.katalon.core.main.TestSuiteExecutor.execute(TestSuiteExecutor.java:91)
	at com.kms.katalon.core.main.TestCaseMain.startTestSuite(TestCaseMain.java:157)
	at com.kms.katalon.core.main.TestCaseMain$startTestSuite$0.call(Unknown Source)
	at TempTestSuite1586966428771.run(TempTestSuite1586966428771.groovy:36)
Caused by: com.kms.katalon.core.exception.StepFailedException: Actual text 'Thank You
for Registering on Chiragh' and expected text 'Thank You' of test object 'Object Repository/Page_Chiragh - Registration Confirmation/h1_Thank You  for Registering on Chiragh' are NOT matched.
	at com.kms.katalon.core.webui.keyword.internal.WebUIKeywordMain.stepFailed(WebUIKeywordMain.groovy:64)
	at com.kms.katalon.core.webui.keyword.builtin.VerifyElementTextKeyword$_verifyElementText_closure1.doCall(VerifyElementTextKeyword.groovy:57)
	at com.kms.katalon.core.webui.keyword.builtin.VerifyElementTextKeyword$_verifyElementText_closure1.call(VerifyElementTextKeyword.groovy)
	at com.kms.katalon.core.webui.keyword.internal.WebUIKeywordMain.runKeyword(WebUIKeywordMain.groovy:20)
	... 19 more
)

2020-04-15 16:03:46 - [MESSAGE][FAILED] - Actual text 'Thank You
for Registering on Chiragh' and expected text 'Thank You' of test object 'Object Repository/Page_Chiragh - Registration Confirmation/h1_Thank You  for Registering on Chiragh' are NOT matched. (Root cause: com.kms.katalon.core.exception.StepFailedException: Actual text 'Thank You
for Registering on Chiragh' and expected text 'Thank You' of test object 'Object Repository/Page_Chiragh - Registration Confirmation/h1_Thank You  for Registering on Chiragh' are NOT matched.
	at com.kms.katalon.core.webui.keyword.internal.WebUIKeywordMain.stepFailed(WebUIKeywordMain.groovy:64)
	at com.kms.katalon.core.webui.keyword.builtin.VerifyElementTextKeyword$_verifyElementText_closure1.doCall(VerifyElementTextKeyword.groovy:57)
	at com.kms.katalon.core.webui.keyword.builtin.VerifyElementTextKeyword$_verifyElementText_closure1.call(VerifyElementTextKeyword.groovy)
	at com.kms.katalon.core.webui.keyword.internal.WebUIKeywordMain.runKeyword(WebUIKeywordMain.groovy:20)
	at com.kms.katalon.core.webui.keyword.builtin.VerifyElementTextKeyword.verifyElementText(VerifyElementTextKeyword.groovy:72)
	at com.kms.katalon.core.webui.keyword.builtin.VerifyElementTextKeyword.execute(VerifyElementTextKeyword.groovy:40)
	at com.kms.katalon.core.keyword.internal.KeywordExecutor.executeKeywordForPlatform(KeywordExecutor.groovy:72)
	at com.kms.katalon.core.webui.keyword.WebUiBuiltInKeywords.verifyElementText(WebUiBuiltInKeywords.groovy:3689)
	at com.kms.katalon.core.webui.keyword.WebUiBuiltInKeywords$verifyElementText$9.call(Unknown Source)
	at TC_RegisterationForm_012.run(TC_RegisterationForm_012:159)
	at com.kms.katalon.core.main.ScriptEngine.run(ScriptEngine.java:194)
	at com.kms.katalon.core.main.ScriptEngine.runScriptAsRawText(ScriptEngine.java:119)
	at com.kms.katalon.core.main.TestCaseExecutor.runScript(TestCaseExecutor.java:337)
	at com.kms.katalon.core.main.TestCaseExecutor.doExecute(TestCaseExecutor.java:328)
	at com.kms.katalon.core.main.TestCaseExecutor.processExecutionPhase(TestCaseExecutor.java:307)
	at com.kms.katalon.core.main.TestCaseExecutor.accessMainPhase(TestCaseExecutor.java:299)
	at com.kms.katalon.core.main.TestCaseExecutor.execute(TestCaseExecutor.java:233)
	at com.kms.katalon.core.main.TestSuiteExecutor.accessTestCaseMainPhase(TestSuiteExecutor.java:169)
	at com.kms.katalon.core.main.TestSuiteExecutor.accessTestSuiteMainPhase(TestSuiteExecutor.java:142)
	at com.kms.katalon.core.main.TestSuiteExecutor.execute(TestSuiteExecutor.java:91)
	at com.kms.katalon.core.main.TestCaseMain.startTestSuite(TestCaseMain.java:157)
	at com.kms.katalon.core.main.TestCaseMain$startTestSuite$0.call(Unknown Source)
	at TempTestSuite1586966428771.run(TempTestSuite1586966428771.groovy:36)
)
[[ATTACHMENT|C:\\Users\\Administrator\\Git\\chiraghAdminPanel\\Reports\\20200415_160028\\ChiraghWeb_FrontEnd_Tests\\20200415_160028\\1586966626681.png]]

2020-04-15 16:03:46 - [MESSAGE][FAILED] - Verify element text of test object 'Object Repository/Page_Chiragh - Registration Confirmation/h1_Thank You  for Registering on Chiragh' FAILED. (Root cause: com.kms.katalon.core.exception.StepFailedException: Verify element text of test object 'Object Repository/Page_Chiragh - Registration Confirmation/h1_Thank You  for Registering on Chiragh' FAILED.
	at com.kms.katalon.core.webui.keyword.internal.WebUIKeywordMain.stepFailed(WebUIKeywordMain.groovy:64)
	at com.kms.katalon.core.webui.keyword.internal.WebUIKeywordMain.runKeyword(WebUIKeywordMain.groovy:26)
	at com.kms.katalon.core.webui.keyword.builtin.VerifyElementTextKeyword.verifyElementText(VerifyElementTextKeyword.groovy:72)
	at com.kms.katalon.core.webui.keyword.builtin.VerifyElementTextKeyword.execute(VerifyElementTextKeyword.groovy:40)
	at com.kms.katalon.core.keyword.internal.KeywordExecutor.executeKeywordForPlatform(KeywordExecutor.groovy:72)
	at com.kms.katalon.core.webui.keyword.WebUiBuiltInKeywords.verifyElementText(WebUiBuiltInKeywords.groovy:3689)
	at com.kms.katalon.core.webui.keyword.WebUiBuiltInKeywords$verifyElementText$9.call(Unknown Source)
	at TC_RegisterationForm_012.run(TC_RegisterationForm_012:159)
	at com.kms.katalon.core.main.ScriptEngine.run(ScriptEngine.java:194)
	at com.kms.katalon.core.main.ScriptEngine.runScriptAsRawText(ScriptEngine.java:119)
	at com.kms.katalon.core.main.TestCaseExecutor.runScript(TestCaseExecutor.java:337)
	at com.kms.katalon.core.main.TestCaseExecutor.doExecute(TestCaseExecutor.java:328)
	at com.kms.katalon.core.main.TestCaseExecutor.processExecutionPhase(TestCaseExecutor.java:307)
	at com.kms.katalon.core.main.TestCaseExecutor.accessMainPhase(TestCaseExecutor.java:299)
	at com.kms.katalon.core.main.TestCaseExecutor.execute(TestCaseExecutor.java:233)
	at com.kms.katalon.core.main.TestSuiteExecutor.accessTestCaseMainPhase(TestSuiteExecutor.java:169)
	at com.kms.katalon.core.main.TestSuiteExecutor.accessTestSuiteMainPhase(TestSuiteExecutor.java:142)
	at com.kms.katalon.core.main.TestSuiteExecutor.execute(TestSuiteExecutor.java:91)
	at com.kms.katalon.core.main.TestCaseMain.startTestSuite(TestCaseMain.java:157)
	at com.kms.katalon.core.main.TestCaseMain$startTestSuite$0.call(Unknown Source)
	at TempTestSuite1586966428771.run(TempTestSuite1586966428771.groovy:36)
Caused by: com.kms.katalon.core.exception.StepFailedException: Actual text 'Thank You
for Registering on Chiragh' and expected text 'Thank You' of test object 'Object Repository/Page_Chiragh - Registration Confirmation/h1_Thank You  for Registering on Chiragh' are NOT matched.
	at com.kms.katalon.core.webui.keyword.internal.WebUIKeywordMain.stepFailed(WebUIKeywordMain.groovy:64)
	at com.kms.katalon.core.webui.keyword.builtin.VerifyElementTextKeyword$_verifyElementText_closure1.doCall(VerifyElementTextKeyword.groovy:57)
	at com.kms.katalon.core.webui.keyword.builtin.VerifyElementTextKeyword$_verifyElementText_closure1.call(VerifyElementTextKeyword.groovy)
	at com.kms.katalon.core.webui.keyword.internal.WebUIKeywordMain.runKeyword(WebUIKeywordMain.groovy:20)
	... 19 more
)
[[ATTACHMENT|C:\\Users\\Administrator\\Git\\chiraghAdminPanel\\Reports\\20200415_160028\\ChiraghWeb_FrontEnd_Tests\\20200415_160028\\1586966626742.png]]

2020-04-15 16:03:48 - [TEST_STEP][PASSED] - Video: Video recording for test case 'Test Cases/Front End/TC_RegisterationForm_012' .

2020-04-15 16:03:48 - [MESSAGE][INFO] - Video recording for test case 'Test Cases/Front End/TC_RegisterationForm_012' .
[[ATTACHMENT|C:\\Users\\Administrator\\Git\\chiraghAdminPanel\\Reports\\20200415_160028\\ChiraghWeb_FrontEnd_Tests\\20200415_160028/videos\\test_5.mov]]]]></system-out>
         <system-err><![CDATA[2020-04-15 16:02:29 - [TEST_CASE][FAILED] - Test Cases/Front End/TC_RegisterationForm_012: Test Cases/Front End/TC_RegisterationForm_012 FAILED.
Reason:
com.kms.katalon.core.exception.StepFailedException: Verify element text of test object 'Object Repository/Page_Chiragh - Registration Confirmation/h1_Thank You  for Registering on Chiragh' FAILED.
	at com.kms.katalon.core.webui.keyword.internal.WebUIKeywordMain.stepFailed(WebUIKeywordMain.groovy:64)
	at com.kms.katalon.core.webui.keyword.internal.WebUIKeywordMain.runKeyword(WebUIKeywordMain.groovy:26)
	at com.kms.katalon.core.webui.keyword.builtin.VerifyElementTextKeyword.verifyElementText(VerifyElementTextKeyword.groovy:72)
	at com.kms.katalon.core.webui.keyword.builtin.VerifyElementTextKeyword.execute(VerifyElementTextKeyword.groovy:40)
	at com.kms.katalon.core.keyword.internal.KeywordExecutor.executeKeywordForPlatform(KeywordExecutor.groovy:72)
	at com.kms.katalon.core.webui.keyword.WebUiBuiltInKeywords.verifyElementText(WebUiBuiltInKeywords.groovy:3689)
	at com.kms.katalon.core.webui.keyword.WebUiBuiltInKeywords$verifyElementText$9.call(Unknown Source)
	at TC_RegisterationForm_012.run(TC_RegisterationForm_012:159)
	at com.kms.katalon.core.main.ScriptEngine.run(ScriptEngine.java:194)
	at com.kms.katalon.core.main.ScriptEngine.runScriptAsRawText(ScriptEngine.java:119)
	at com.kms.katalon.core.main.TestCaseExecutor.runScript(TestCaseExecutor.java:337)
	at com.kms.katalon.core.main.TestCaseExecutor.doExecute(TestCaseExecutor.java:328)
	at com.kms.katalon.core.main.TestCaseExecutor.processExecutionPhase(TestCaseExecutor.java:307)
	at com.kms.katalon.core.main.TestCaseExecutor.accessMainPhase(TestCaseExecutor.java:299)
	at com.kms.katalon.core.main.TestCaseExecutor.execute(TestCaseExecutor.java:233)
	at com.kms.katalon.core.main.TestSuiteExecutor.accessTestCaseMainPhase(TestSuiteExecutor.java:169)
	at com.kms.katalon.core.main.TestSuiteExecutor.accessTestSuiteMainPhase(TestSuiteExecutor.java:142)
	at com.kms.katalon.core.main.TestSuiteExecutor.execute(TestSuiteExecutor.java:91)
	at com.kms.katalon.core.main.TestCaseMain.startTestSuite(TestCaseMain.java:157)
	at com.kms.katalon.core.main.TestCaseMain$startTestSuite$0.call(Unknown Source)
	at TempTestSuite1586966428771.run(TempTestSuite1586966428771.groovy:36)
Caused by: com.kms.katalon.core.exception.StepFailedException: Actual text 'Thank You
for Registering on Chiragh' and expected text 'Thank You' of test object 'Object Repository/Page_Chiragh - Registration Confirmation/h1_Thank You  for Registering on Chiragh' are NOT matched.
	at com.kms.katalon.core.webui.keyword.internal.WebUIKeywordMain.stepFailed(WebUIKeywordMain.groovy:64)
	at com.kms.katalon.core.webui.keyword.builtin.VerifyElementTextKeyword$_verifyElementText_closure1.doCall(VerifyElementTextKeyword.groovy:57)
	at com.kms.katalon.core.webui.keyword.builtin.VerifyElementTextKeyword$_verifyElementText_closure1.call(VerifyElementTextKeyword.groovy)
	at com.kms.katalon.core.webui.keyword.internal.WebUIKeywordMain.runKeyword(WebUIKeywordMain.groovy:20)
	... 19 more]]></system-err>
      </testcase>
      <testcase name="Test Cases/Front End/TC_RegisterUserRemove(WatchList)" time="65.927" classname="Test Cases/Front End/TC_RegisterUserRemove(WatchList)" status="FAILED">
         <failure type="FAILED" message="Test Cases/Front End/TC_RegisterUserRemove(WatchList) FAILED.
Reason:
com.kms.katalon.core.exception.StepFailedException: Unable to click on object 'Object Repository/Front End Objects/RegisterUserRemove(WatchList)/Page_Chiragh - Watch List/svg_PROPERTY ID 38916_svg-inline--fa fa-times fa-w-12'
	at com.kms.katalon.core.webui.keyword.internal.WebUIKeywordMain.stepFailed(WebUIKeywordMain.groovy:64)
	at com.kms.katalon.core.webui.keyword.internal.WebUIKeywordMain.runKeyword(WebUIKeywordMain.groovy:26)
	at com.kms.katalon.core.webui.keyword.builtin.ClickKeyword.click(ClickKeyword.groovy:76)
	at com.kms.katalon.core.webui.keyword.builtin.ClickKeyword.execute(ClickKeyword.groovy:43)
	at com.kms.katalon.core.keyword.internal.KeywordExecutor.executeKeywordForPlatform(KeywordExecutor.groovy:72)
	at com.kms.katalon.core.webui.keyword.WebUiBuiltInKeywords.click(WebUiBuiltInKeywords.groovy:616)
	at com.kms.katalon.core.webui.keyword.WebUiBuiltInKeywords$click$4.call(Unknown Source)
	at TC_RegisterUserRemove(WatchList).run(TC_RegisterUserRemove(WatchList):49)
	at com.kms.katalon.core.main.ScriptEngine.run(ScriptEngine.java:194)
	at com.kms.katalon.core.main.ScriptEngine.runScriptAsRawText(ScriptEngine.java:119)
	at com.kms.katalon.core.main.TestCaseExecutor.runScript(TestCaseExecutor.java:337)
	at com.kms.katalon.core.main.TestCaseExecutor.doExecute(TestCaseExecutor.java:328)
	at com.kms.katalon.core.main.TestCaseExecutor.processExecutionPhase(TestCaseExecutor.java:307)
	at com.kms.katalon.core.main.TestCaseExecutor.accessMainPhase(TestCaseExecutor.java:299)
	at com.kms.katalon.core.main.TestCaseExecutor.execute(TestCaseExecutor.java:233)
	at com.kms.katalon.core.main.TestSuiteExecutor.accessTestCaseMainPhase(TestSuiteExecutor.java:169)
	at com.kms.katalon.core.main.TestSuiteExecutor.accessTestSuiteMainPhase(TestSuiteExecutor.java:142)
	at com.kms.katalon.core.main.TestSuiteExecutor.execute(TestSuiteExecutor.java:91)
	at com.kms.katalon.core.main.TestCaseMain.startTestSuite(TestCaseMain.java:157)
	at com.kms.katalon.core.main.TestCaseMain$startTestSuite$0.call(Unknown Source)
	at TempTestSuite1586966428771.run(TempTestSuite1586966428771.groovy:36)
Caused by: com.kms.katalon.core.webui.exception.WebElementNotFoundException: Web element with id: 'Object Repository/Front End Objects/RegisterUserRemove(WatchList)/Page_Chiragh - Watch List/svg_PROPERTY ID 38916_svg-inline--fa fa-times fa-w-12' located by 'By.xpath: (.//*[normalize-space(text()) and normalize-space(.)='PROPERTY ID 38916'])[1]/following::*[name()='svg'][1]' not found
	at com.kms.katalon.core.webui.common.WebUiCommonHelper.findWebElement(WebUiCommonHelper.java:1154)
	at com.kms.katalon.core.webui.keyword.internal.WebUIAbstractKeyword.findWebElement(WebUIAbstractKeyword.groovy:27)
	at com.kms.katalon.core.webui.keyword.internal.WebUIAbstractKeyword.findWebElement(WebUIAbstractKeyword.groovy:26)
	at com.kms.katalon.core.webui.keyword.builtin.ClickKeyword$_click_closure1.doCall(ClickKeyword.groovy:67)
	at com.kms.katalon.core.webui.keyword.builtin.ClickKeyword$_click_closure1.call(ClickKeyword.groovy)
	at com.kms.katalon.core.webui.keyword.internal.WebUIKeywordMain.runKeyword(WebUIKeywordMain.groovy:20)
	... 19 more
"/>
         <system-out><![CDATA[2020-04-15 16:03:48 - [TEST_CASE][FAILED] - Test Cases/Front End/TC_RegisterUserRemove(WatchList): Test Cases/Front End/TC_RegisterUserRemove(WatchList) FAILED.
Reason:
com.kms.katalon.core.exception.StepFailedException: Unable to click on object 'Object Repository/Front End Objects/RegisterUserRemove(WatchList)/Page_Chiragh - Watch List/svg_PROPERTY ID 38916_svg-inline--fa fa-times fa-w-12'
	at com.kms.katalon.core.webui.keyword.internal.WebUIKeywordMain.stepFailed(WebUIKeywordMain.groovy:64)
	at com.kms.katalon.core.webui.keyword.internal.WebUIKeywordMain.runKeyword(WebUIKeywordMain.groovy:26)
	at com.kms.katalon.core.webui.keyword.builtin.ClickKeyword.click(ClickKeyword.groovy:76)
	at com.kms.katalon.core.webui.keyword.builtin.ClickKeyword.execute(ClickKeyword.groovy:43)
	at com.kms.katalon.core.keyword.internal.KeywordExecutor.executeKeywordForPlatform(KeywordExecutor.groovy:72)
	at com.kms.katalon.core.webui.keyword.WebUiBuiltInKeywords.click(WebUiBuiltInKeywords.groovy:616)
	at com.kms.katalon.core.webui.keyword.WebUiBuiltInKeywords$click$4.call(Unknown Source)
	at TC_RegisterUserRemove(WatchList).run(TC_RegisterUserRemove(WatchList):49)
	at com.kms.katalon.core.main.ScriptEngine.run(ScriptEngine.java:194)
	at com.kms.katalon.core.main.ScriptEngine.runScriptAsRawText(ScriptEngine.java:119)
	at com.kms.katalon.core.main.TestCaseExecutor.runScript(TestCaseExecutor.java:337)
	at com.kms.katalon.core.main.TestCaseExecutor.doExecute(TestCaseExecutor.java:328)
	at com.kms.katalon.core.main.TestCaseExecutor.processExecutionPhase(TestCaseExecutor.java:307)
	at com.kms.katalon.core.main.TestCaseExecutor.accessMainPhase(TestCaseExecutor.java:299)
	at com.kms.katalon.core.main.TestCaseExecutor.execute(TestCaseExecutor.java:233)
	at com.kms.katalon.core.main.TestSuiteExecutor.accessTestCaseMainPhase(TestSuiteExecutor.java:169)
	at com.kms.katalon.core.main.TestSuiteExecutor.accessTestSuiteMainPhase(TestSuiteExecutor.java:142)
	at com.kms.katalon.core.main.TestSuiteExecutor.execute(TestSuiteExecutor.java:91)
	at com.kms.katalon.core.main.TestCaseMain.startTestSuite(TestCaseMain.java:157)
	at com.kms.katalon.core.main.TestCaseMain$startTestSuite$0.call(Unknown Source)
	at TempTestSuite1586966428771.run(TempTestSuite1586966428771.groovy:36)
Caused by: com.kms.katalon.core.webui.exception.WebElementNotFoundException: Web element with id: 'Object Repository/Front End Objects/RegisterUserRemove(WatchList)/Page_Chiragh - Watch List/svg_PROPERTY ID 38916_svg-inline--fa fa-times fa-w-12' located by 'By.xpath: (.//*[normalize-space(text()) and normalize-space(.)='PROPERTY ID 38916'])[1]/following::*[name()='svg'][1]' not found
	at com.kms.katalon.core.webui.common.WebUiCommonHelper.findWebElement(WebUiCommonHelper.java:1154)
	at com.kms.katalon.core.webui.keyword.internal.WebUIAbstractKeyword.findWebElement(WebUIAbstractKeyword.groovy:27)
	at com.kms.katalon.core.webui.keyword.internal.WebUIAbstractKeyword.findWebElement(WebUIAbstractKeyword.groovy:26)
	at com.kms.katalon.core.webui.keyword.builtin.ClickKeyword$_click_closure1.doCall(ClickKeyword.groovy:67)
	at com.kms.katalon.core.webui.keyword.builtin.ClickKeyword$_click_closure1.call(ClickKeyword.groovy)
	at com.kms.katalon.core.webui.keyword.internal.WebUIKeywordMain.runKeyword(WebUIKeywordMain.groovy:20)
	... 19 more


2020-04-15 16:03:49 - [TEST_STEP][PASSED] - openBrowser(""): Browser is opened with url: ''

2020-04-15 16:03:49 - [MESSAGE][WARNING] - A browser is already opened. Closing browser and opening a new one

2020-04-15 16:03:49 - [MESSAGE][INFO] - Starting 'Firefox' driver

2020-04-15 16:03:49 - [MESSAGE][INFO] - Action delay is set to 0 milliseconds

2020-04-15 16:03:52 - [MESSAGE][PASSED] - Browser is opened with url: ''

2020-04-15 16:03:52 - [TEST_STEP][PASSED] - navigateToUrl(Url): Navigate to 'http://test.chiragh.com' successfully

2020-04-15 16:03:54 - [MESSAGE][PASSED] - Navigate to 'http://test.chiragh.com' successfully

2020-04-15 16:03:54 - [TEST_STEP][PASSED] - waitForPageLoad(15): Wait for page load successfully

2020-04-15 16:03:54 - [MESSAGE][PASSED] - Wait for page load successfully

2020-04-15 16:03:54 - [TEST_STEP][PASSED] - maximizeWindow(): Current window maximized

2020-04-15 16:03:54 - [MESSAGE][PASSED] - Current window maximized

2020-04-15 16:03:54 - [TEST_STEP][PASSED] - delay(3): Delayed 3 second(s)

2020-04-15 16:03:57 - [MESSAGE][PASSED] - Delayed 3 second(s)

2020-04-15 16:03:57 - [TEST_STEP][PASSED] - click(findTestObject("Object Repository/Front End Objects/RegisterUserRemove(WatchList)/Page_Chiragh - Home/a_ENG_dropdownMenuLink")): Object: 'Object Repository/Front End Objects/RegisterUserRemove(WatchList)/Page_Chiragh - Home/a_ENG_dropdownMenuLink' is clicked on

2020-04-15 16:03:58 - [MESSAGE][PASSED] - Object: 'Object Repository/Front End Objects/RegisterUserRemove(WatchList)/Page_Chiragh - Home/a_ENG_dropdownMenuLink' is clicked on

2020-04-15 16:03:58 - [TEST_STEP][PASSED] - click(findTestObject("Object Repository/Front End Objects/RegisterUserRemove(WatchList)/Page_Chiragh - Home/a_Login")): Object: 'Object Repository/Front End Objects/RegisterUserRemove(WatchList)/Page_Chiragh - Home/a_Login' is clicked on

2020-04-15 16:03:59 - [MESSAGE][PASSED] - Object: 'Object Repository/Front End Objects/RegisterUserRemove(WatchList)/Page_Chiragh - Home/a_Login' is clicked on

2020-04-15 16:03:59 - [TEST_STEP][PASSED] - setText(findTestObject("Object Repository/Front End Objects/RegisterUserRemove(WatchList)/Page_Chiragh - Login/input_Username_un"), "AUTOCHIRAGH"): Text 'AUTOCHIRAGH' is set on object 'Object Repository/Front End Objects/RegisterUserRemove(WatchList)/Page_Chiragh - Login/input_Username_un'

2020-04-15 16:04:00 - [MESSAGE][PASSED] - Text 'AUTOCHIRAGH' is set on object 'Object Repository/Front End Objects/RegisterUserRemove(WatchList)/Page_Chiragh - Login/input_Username_un'

2020-04-15 16:04:00 - [TEST_STEP][PASSED] - setEncryptedText(findTestObject("Object Repository/Front End Objects/RegisterUserRemove(WatchList)/Page_Chiragh - Login/input_Password_userPassword"), "RigbBhfdqOBDK95asqKeHw=="): Text ****** has been set on object 'Object Repository/Front End Objects/RegisterUserRemove(WatchList)/Page_Chiragh - Login/input_Password_userPassword'

2020-04-15 16:04:00 - [MESSAGE][PASSED] - Text ****** has been set on object 'Object Repository/Front End Objects/RegisterUserRemove(WatchList)/Page_Chiragh - Login/input_Password_userPassword'

2020-04-15 16:04:00 - [TEST_STEP][PASSED] - click(findTestObject("Object Repository/Front End Objects/RegisterUserRemove(WatchList)/Page_Chiragh - Login/button_Log In")): Object: 'Object Repository/Front End Objects/RegisterUserRemove(WatchList)/Page_Chiragh - Login/button_Log In' is clicked on

2020-04-15 16:04:01 - [MESSAGE][PASSED] - Object: 'Object Repository/Front End Objects/RegisterUserRemove(WatchList)/Page_Chiragh - Login/button_Log In' is clicked on

2020-04-15 16:04:01 - [TEST_STEP][PASSED] - click(findTestObject("Object Repository/Front End Objects/RegisterUserRemove(WatchList)/Page_Chiragh - Home/a_ENG_dropdownMenuLink")): Object: 'Object Repository/Front End Objects/RegisterUserRemove(WatchList)/Page_Chiragh - Home/a_ENG_dropdownMenuLink' is clicked on

2020-04-15 16:04:03 - [MESSAGE][PASSED] - Object: 'Object Repository/Front End Objects/RegisterUserRemove(WatchList)/Page_Chiragh - Home/a_ENG_dropdownMenuLink' is clicked on

2020-04-15 16:04:03 - [TEST_STEP][PASSED] - click(findTestObject("Object Repository/Front End Objects/RegisterUserRemove(WatchList)/Page_Chiragh - Home/a_HI AutoChiragh")): Object: 'Object Repository/Front End Objects/RegisterUserRemove(WatchList)/Page_Chiragh - Home/a_HI AutoChiragh' is clicked on

2020-04-15 16:04:05 - [MESSAGE][PASSED] - Object: 'Object Repository/Front End Objects/RegisterUserRemove(WatchList)/Page_Chiragh - Home/a_HI AutoChiragh' is clicked on

2020-04-15 16:04:05 - [TEST_STEP][PASSED] - click(findTestObject("Object Repository/Front End Objects/RegisterUserRemove(WatchList)/Page_Chiragh - Dashborad Home/b_Manage Activity")): Object: 'Object Repository/Front End Objects/RegisterUserRemove(WatchList)/Page_Chiragh - Dashborad Home/b_Manage Activity' is clicked on

2020-04-15 16:04:06 - [MESSAGE][PASSED] - Object: 'Object Repository/Front End Objects/RegisterUserRemove(WatchList)/Page_Chiragh - Dashborad Home/b_Manage Activity' is clicked on

2020-04-15 16:04:06 - [TEST_STEP][PASSED] - click(findTestObject("Object Repository/Front End Objects/RegisterUserRemove(WatchList)/Page_Chiragh - Open House/a_Watch List")): Object: 'Object Repository/Front End Objects/RegisterUserRemove(WatchList)/Page_Chiragh - Open House/a_Watch List' is clicked on

2020-04-15 16:04:07 - [MESSAGE][PASSED] - Object: 'Object Repository/Front End Objects/RegisterUserRemove(WatchList)/Page_Chiragh - Open House/a_Watch List' is clicked on

2020-04-15 16:04:07 - [TEST_STEP][FAILED] - click(findTestObject("Object Repository/Front End Objects/RegisterUserRemove(WatchList)/Page_Chiragh - Watch List/svg_PROPERTY ID 38916_svg-inline--fa fa-times fa-w-12")): Unable to click on object 'Object Repository/Front End Objects/RegisterUserRemove(WatchList)/Page_Chiragh - Watch List/svg_PROPERTY ID 38916_svg-inline--fa fa-times fa-w-12' (Root cause: com.kms.katalon.core.exception.StepFailedException: Unable to click on object 'Object Repository/Front End Objects/RegisterUserRemove(WatchList)/Page_Chiragh - Watch List/svg_PROPERTY ID 38916_svg-inline--fa fa-times fa-w-12'
	at com.kms.katalon.core.webui.keyword.internal.WebUIKeywordMain.stepFailed(WebUIKeywordMain.groovy:64)
	at com.kms.katalon.core.webui.keyword.internal.WebUIKeywordMain.runKeyword(WebUIKeywordMain.groovy:26)
	at com.kms.katalon.core.webui.keyword.builtin.ClickKeyword.click(ClickKeyword.groovy:76)
	at com.kms.katalon.core.webui.keyword.builtin.ClickKeyword.execute(ClickKeyword.groovy:43)
	at com.kms.katalon.core.keyword.internal.KeywordExecutor.executeKeywordForPlatform(KeywordExecutor.groovy:72)
	at com.kms.katalon.core.webui.keyword.WebUiBuiltInKeywords.click(WebUiBuiltInKeywords.groovy:616)
	at com.kms.katalon.core.webui.keyword.WebUiBuiltInKeywords$click$4.call(Unknown Source)
	at TC_RegisterUserRemove(WatchList).run(TC_RegisterUserRemove(WatchList):49)
	at com.kms.katalon.core.main.ScriptEngine.run(ScriptEngine.java:194)
	at com.kms.katalon.core.main.ScriptEngine.runScriptAsRawText(ScriptEngine.java:119)
	at com.kms.katalon.core.main.TestCaseExecutor.runScript(TestCaseExecutor.java:337)
	at com.kms.katalon.core.main.TestCaseExecutor.doExecute(TestCaseExecutor.java:328)
	at com.kms.katalon.core.main.TestCaseExecutor.processExecutionPhase(TestCaseExecutor.java:307)
	at com.kms.katalon.core.main.TestCaseExecutor.accessMainPhase(TestCaseExecutor.java:299)
	at com.kms.katalon.core.main.TestCaseExecutor.execute(TestCaseExecutor.java:233)
	at com.kms.katalon.core.main.TestSuiteExecutor.accessTestCaseMainPhase(TestSuiteExecutor.java:169)
	at com.kms.katalon.core.main.TestSuiteExecutor.accessTestSuiteMainPhase(TestSuiteExecutor.java:142)
	at com.kms.katalon.core.main.TestSuiteExecutor.execute(TestSuiteExecutor.java:91)
	at com.kms.katalon.core.main.TestCaseMain.startTestSuite(TestCaseMain.java:157)
	at com.kms.katalon.core.main.TestCaseMain$startTestSuite$0.call(Unknown Source)
	at TempTestSuite1586966428771.run(TempTestSuite1586966428771.groovy:36)
Caused by: com.kms.katalon.core.webui.exception.WebElementNotFoundException: Web element with id: 'Object Repository/Front End Objects/RegisterUserRemove(WatchList)/Page_Chiragh - Watch List/svg_PROPERTY ID 38916_svg-inline--fa fa-times fa-w-12' located by 'By.xpath: (.//*[normalize-space(text()) and normalize-space(.)='PROPERTY ID 38916'])[1]/following::*[name()='svg'][1]' not found
	at com.kms.katalon.core.webui.common.WebUiCommonHelper.findWebElement(WebUiCommonHelper.java:1154)
	at com.kms.katalon.core.webui.keyword.internal.WebUIAbstractKeyword.findWebElement(WebUIAbstractKeyword.groovy:27)
	at com.kms.katalon.core.webui.keyword.internal.WebUIAbstractKeyword.findWebElement(WebUIAbstractKeyword.groovy:26)
	at com.kms.katalon.core.webui.keyword.builtin.ClickKeyword$_click_closure1.doCall(ClickKeyword.groovy:67)
	at com.kms.katalon.core.webui.keyword.builtin.ClickKeyword$_click_closure1.call(ClickKeyword.groovy)
	at com.kms.katalon.core.webui.keyword.internal.WebUIKeywordMain.runKeyword(WebUIKeywordMain.groovy:20)
	at com.kms.katalon.core.webui.keyword.builtin.ClickKeyword.click(ClickKeyword.groovy:76)
	at com.kms.katalon.core.webui.keyword.builtin.ClickKeyword.execute(ClickKeyword.groovy:43)
	at com.kms.katalon.core.keyword.internal.KeywordExecutor.executeKeywordForPlatform(KeywordExecutor.groovy:72)
	at com.kms.katalon.core.webui.keyword.WebUiBuiltInKeywords.click(WebUiBuiltInKeywords.groovy:616)
	at com.kms.katalon.core.webui.keyword.WebUiBuiltInKeywords$click$4.call(Unknown Source)
	at Script1585825883505.run(Script1585825883505.groovy:49)
	... 13 more
)

2020-04-15 16:04:52 - [MESSAGE][INFO] - Unable to find the element located by 'By.xpath: (.//*[normalize-space(text()) and normalize-space(.)='PROPERTY ID 38916'])[1]/following::*[name()='svg'][1]'. Please recheck the objects properties to make sure the desired element is located. 

2020-04-15 16:04:52 - [MESSAGE][FAILED] - Unable to click on object 'Object Repository/Front End Objects/RegisterUserRemove(WatchList)/Page_Chiragh - Watch List/svg_PROPERTY ID 38916_svg-inline--fa fa-times fa-w-12' (Root cause: com.kms.katalon.core.exception.StepFailedException: Unable to click on object 'Object Repository/Front End Objects/RegisterUserRemove(WatchList)/Page_Chiragh - Watch List/svg_PROPERTY ID 38916_svg-inline--fa fa-times fa-w-12'
	at com.kms.katalon.core.webui.keyword.internal.WebUIKeywordMain.stepFailed(WebUIKeywordMain.groovy:64)
	at com.kms.katalon.core.webui.keyword.internal.WebUIKeywordMain.runKeyword(WebUIKeywordMain.groovy:26)
	at com.kms.katalon.core.webui.keyword.builtin.ClickKeyword.click(ClickKeyword.groovy:76)
	at com.kms.katalon.core.webui.keyword.builtin.ClickKeyword.execute(ClickKeyword.groovy:43)
	at com.kms.katalon.core.keyword.internal.KeywordExecutor.executeKeywordForPlatform(KeywordExecutor.groovy:72)
	at com.kms.katalon.core.webui.keyword.WebUiBuiltInKeywords.click(WebUiBuiltInKeywords.groovy:616)
	at com.kms.katalon.core.webui.keyword.WebUiBuiltInKeywords$click$4.call(Unknown Source)
	at TC_RegisterUserRemove(WatchList).run(TC_RegisterUserRemove(WatchList):49)
	at com.kms.katalon.core.main.ScriptEngine.run(ScriptEngine.java:194)
	at com.kms.katalon.core.main.ScriptEngine.runScriptAsRawText(ScriptEngine.java:119)
	at com.kms.katalon.core.main.TestCaseExecutor.runScript(TestCaseExecutor.java:337)
	at com.kms.katalon.core.main.TestCaseExecutor.doExecute(TestCaseExecutor.java:328)
	at com.kms.katalon.core.main.TestCaseExecutor.processExecutionPhase(TestCaseExecutor.java:307)
	at com.kms.katalon.core.main.TestCaseExecutor.accessMainPhase(TestCaseExecutor.java:299)
	at com.kms.katalon.core.main.TestCaseExecutor.execute(TestCaseExecutor.java:233)
	at com.kms.katalon.core.main.TestSuiteExecutor.accessTestCaseMainPhase(TestSuiteExecutor.java:169)
	at com.kms.katalon.core.main.TestSuiteExecutor.accessTestSuiteMainPhase(TestSuiteExecutor.java:142)
	at com.kms.katalon.core.main.TestSuiteExecutor.execute(TestSuiteExecutor.java:91)
	at com.kms.katalon.core.main.TestCaseMain.startTestSuite(TestCaseMain.java:157)
	at com.kms.katalon.core.main.TestCaseMain$startTestSuite$0.call(Unknown Source)
	at TempTestSuite1586966428771.run(TempTestSuite1586966428771.groovy:36)
Caused by: com.kms.katalon.core.webui.exception.WebElementNotFoundException: Web element with id: 'Object Repository/Front End Objects/RegisterUserRemove(WatchList)/Page_Chiragh - Watch List/svg_PROPERTY ID 38916_svg-inline--fa fa-times fa-w-12' located by 'By.xpath: (.//*[normalize-space(text()) and normalize-space(.)='PROPERTY ID 38916'])[1]/following::*[name()='svg'][1]' not found
	at com.kms.katalon.core.webui.common.WebUiCommonHelper.findWebElement(WebUiCommonHelper.java:1154)
	at com.kms.katalon.core.webui.keyword.internal.WebUIAbstractKeyword.findWebElement(WebUIAbstractKeyword.groovy:27)
	at com.kms.katalon.core.webui.keyword.internal.WebUIAbstractKeyword.findWebElement(WebUIAbstractKeyword.groovy:26)
	at com.kms.katalon.core.webui.keyword.builtin.ClickKeyword$_click_closure1.doCall(ClickKeyword.groovy:67)
	at com.kms.katalon.core.webui.keyword.builtin.ClickKeyword$_click_closure1.call(ClickKeyword.groovy)
	at com.kms.katalon.core.webui.keyword.internal.WebUIKeywordMain.runKeyword(WebUIKeywordMain.groovy:20)
	at com.kms.katalon.core.webui.keyword.builtin.ClickKeyword.click(ClickKeyword.groovy:76)
	at com.kms.katalon.core.webui.keyword.builtin.ClickKeyword.execute(ClickKeyword.groovy:43)
	at com.kms.katalon.core.keyword.internal.KeywordExecutor.executeKeywordForPlatform(KeywordExecutor.groovy:72)
	at com.kms.katalon.core.webui.keyword.WebUiBuiltInKeywords.click(WebUiBuiltInKeywords.groovy:616)
	at com.kms.katalon.core.webui.keyword.WebUiBuiltInKeywords$click$4.call(Unknown Source)
	at Script1585825883505.run(Script1585825883505.groovy:49)
	... 13 more
)
[[ATTACHMENT|C:\\Users\\Administrator\\Git\\chiraghAdminPanel\\Reports\\20200415_160028\\ChiraghWeb_FrontEnd_Tests\\20200415_160028\\1586966692546.png]]

2020-04-15 16:04:54 - [TEST_STEP][PASSED] - Video: Video recording for test case 'Test Cases/Front End/TC_RegisterUserRemove(WatchList)' .

2020-04-15 16:04:54 - [MESSAGE][INFO] - Video recording for test case 'Test Cases/Front End/TC_RegisterUserRemove(WatchList)' .
[[ATTACHMENT|C:\\Users\\Administrator\\Git\\chiraghAdminPanel\\Reports\\20200415_160028\\ChiraghWeb_FrontEnd_Tests\\20200415_160028/videos\\test_6.mov]]]]></system-out>
         <system-err><![CDATA[2020-04-15 16:03:48 - [TEST_CASE][FAILED] - Test Cases/Front End/TC_RegisterUserRemove(WatchList): Test Cases/Front End/TC_RegisterUserRemove(WatchList) FAILED.
Reason:
com.kms.katalon.core.exception.StepFailedException: Unable to click on object 'Object Repository/Front End Objects/RegisterUserRemove(WatchList)/Page_Chiragh - Watch List/svg_PROPERTY ID 38916_svg-inline--fa fa-times fa-w-12'
	at com.kms.katalon.core.webui.keyword.internal.WebUIKeywordMain.stepFailed(WebUIKeywordMain.groovy:64)
	at com.kms.katalon.core.webui.keyword.internal.WebUIKeywordMain.runKeyword(WebUIKeywordMain.groovy:26)
	at com.kms.katalon.core.webui.keyword.builtin.ClickKeyword.click(ClickKeyword.groovy:76)
	at com.kms.katalon.core.webui.keyword.builtin.ClickKeyword.execute(ClickKeyword.groovy:43)
	at com.kms.katalon.core.keyword.internal.KeywordExecutor.executeKeywordForPlatform(KeywordExecutor.groovy:72)
	at com.kms.katalon.core.webui.keyword.WebUiBuiltInKeywords.click(WebUiBuiltInKeywords.groovy:616)
	at com.kms.katalon.core.webui.keyword.WebUiBuiltInKeywords$click$4.call(Unknown Source)
	at TC_RegisterUserRemove(WatchList).run(TC_RegisterUserRemove(WatchList):49)
	at com.kms.katalon.core.main.ScriptEngine.run(ScriptEngine.java:194)
	at com.kms.katalon.core.main.ScriptEngine.runScriptAsRawText(ScriptEngine.java:119)
	at com.kms.katalon.core.main.TestCaseExecutor.runScript(TestCaseExecutor.java:337)
	at com.kms.katalon.core.main.TestCaseExecutor.doExecute(TestCaseExecutor.java:328)
	at com.kms.katalon.core.main.TestCaseExecutor.processExecutionPhase(TestCaseExecutor.java:307)
	at com.kms.katalon.core.main.TestCaseExecutor.accessMainPhase(TestCaseExecutor.java:299)
	at com.kms.katalon.core.main.TestCaseExecutor.execute(TestCaseExecutor.java:233)
	at com.kms.katalon.core.main.TestSuiteExecutor.accessTestCaseMainPhase(TestSuiteExecutor.java:169)
	at com.kms.katalon.core.main.TestSuiteExecutor.accessTestSuiteMainPhase(TestSuiteExecutor.java:142)
	at com.kms.katalon.core.main.TestSuiteExecutor.execute(TestSuiteExecutor.java:91)
	at com.kms.katalon.core.main.TestCaseMain.startTestSuite(TestCaseMain.java:157)
	at com.kms.katalon.core.main.TestCaseMain$startTestSuite$0.call(Unknown Source)
	at TempTestSuite1586966428771.run(TempTestSuite1586966428771.groovy:36)
Caused by: com.kms.katalon.core.webui.exception.WebElementNotFoundException: Web element with id: 'Object Repository/Front End Objects/RegisterUserRemove(WatchList)/Page_Chiragh - Watch List/svg_PROPERTY ID 38916_svg-inline--fa fa-times fa-w-12' located by 'By.xpath: (.//*[normalize-space(text()) and normalize-space(.)='PROPERTY ID 38916'])[1]/following::*[name()='svg'][1]' not found
	at com.kms.katalon.core.webui.common.WebUiCommonHelper.findWebElement(WebUiCommonHelper.java:1154)
	at com.kms.katalon.core.webui.keyword.internal.WebUIAbstractKeyword.findWebElement(WebUIAbstractKeyword.groovy:27)
	at com.kms.katalon.core.webui.keyword.internal.WebUIAbstractKeyword.findWebElement(WebUIAbstractKeyword.groovy:26)
	at com.kms.katalon.core.webui.keyword.builtin.ClickKeyword$_click_closure1.doCall(ClickKeyword.groovy:67)
	at com.kms.katalon.core.webui.keyword.builtin.ClickKeyword$_click_closure1.call(ClickKeyword.groovy)
	at com.kms.katalon.core.webui.keyword.internal.WebUIKeywordMain.runKeyword(WebUIKeywordMain.groovy:20)
	... 19 more]]></system-err>
      </testcase>
      <testcase name="Test Cases/Front End/TC_TopUP(AED)_003" time="42.391" classname="Test Cases/Front End/TC_TopUP(AED)_003" status="FAILED">
         <failure type="FAILED" message="Test Cases/Front End/TC_TopUP(AED)_003 FAILED.
Reason:
com.kms.katalon.core.exception.StepFailedException: Unable to upload file 'C:\Users\HP\git\chiraghAdminPanel\Include\PropertyImages\1584693242612-Scanned_Passport_Copy.png' to object 'Object Repository/Front End Objects/TopUp(AED)/Page_Chiragh - Transaction Top Up/UploadReceipt'
	at com.kms.katalon.core.webui.keyword.internal.WebUIKeywordMain.stepFailed(WebUIKeywordMain.groovy:64)
	at com.kms.katalon.core.webui.keyword.internal.WebUIKeywordMain.runKeyword(WebUIKeywordMain.groovy:26)
	at com.kms.katalon.core.webui.keyword.builtin.UploadFileKeyword.uploadFile(UploadFileKeyword.groovy:87)
	at com.kms.katalon.core.webui.keyword.builtin.UploadFileKeyword.execute(UploadFileKeyword.groovy:68)
	at com.kms.katalon.core.keyword.internal.KeywordExecutor.executeKeywordForPlatform(KeywordExecutor.groovy:72)
	at com.kms.katalon.core.webui.keyword.WebUiBuiltInKeywords.uploadFile(WebUiBuiltInKeywords.groovy:2971)
	at com.kms.katalon.core.webui.keyword.WebUiBuiltInKeywords$uploadFile$8.call(Unknown Source)
	at TC_TopUP(AED)_003.run(TC_TopUP(AED)_003:66)
	at com.kms.katalon.core.main.ScriptEngine.run(ScriptEngine.java:194)
	at com.kms.katalon.core.main.ScriptEngine.runScriptAsRawText(ScriptEngine.java:119)
	at com.kms.katalon.core.main.TestCaseExecutor.runScript(TestCaseExecutor.java:337)
	at com.kms.katalon.core.main.TestCaseExecutor.doExecute(TestCaseExecutor.java:328)
	at com.kms.katalon.core.main.TestCaseExecutor.processExecutionPhase(TestCaseExecutor.java:307)
	at com.kms.katalon.core.main.TestCaseExecutor.accessMainPhase(TestCaseExecutor.java:299)
	at com.kms.katalon.core.main.TestCaseExecutor.execute(TestCaseExecutor.java:233)
	at com.kms.katalon.core.main.TestSuiteExecutor.accessTestCaseMainPhase(TestSuiteExecutor.java:169)
	at com.kms.katalon.core.main.TestSuiteExecutor.accessTestSuiteMainPhase(TestSuiteExecutor.java:142)
	at com.kms.katalon.core.main.TestSuiteExecutor.execute(TestSuiteExecutor.java:91)
	at com.kms.katalon.core.main.TestCaseMain.startTestSuite(TestCaseMain.java:157)
	at com.kms.katalon.core.main.TestCaseMain$startTestSuite$0.call(Unknown Source)
	at TempTestSuite1586966428771.run(TempTestSuite1586966428771.groovy:36)
Caused by: org.openqa.selenium.InvalidArgumentException: File not found: C:\Users\HP\git\chiraghAdminPanel\Include\PropertyImages\1584693242612-Scanned_Passport_Copy.png
Build info: version: '3.141.59', revision: 'e82be7d358', time: '2018-11-14T08:25:53'
System info: host: 'EC2AMAZ-QUDPRKJ', ip: '172.31.5.210', os.name: 'Windows Server 2016', os.arch: 'amd64', os.version: '10.0', java.version: '1.8.0_181'
Driver info: com.kms.katalon.core.webui.driver.firefox.CGeckoDriver
Capabilities {acceptInsecureCerts: true, browserName: firefox, browserVersion: 75.0, javascriptEnabled: true, moz:accessibilityChecks: false, moz:buildID: 20200403170909, moz:geckodriverVersion: 0.23.0, moz:headless: false, moz:processID: 10056, moz:profile: C:\Users\Administrator\AppD..., moz:shutdownTimeout: 60000, moz:useNonSpecCompliantPointerOrigin: false, moz:webdriverClick: true, pageLoadStrategy: normal, platform: WINDOWS, platformName: WINDOWS, platformVersion: 10.0, proxy: Proxy(direct), rotatable: false, setWindowRect: true, strictFileInteractability: false, timeouts: {implicit: 0, pageLoad: 300000, script: 30000}, unhandledPromptBehavior: dismiss and notify}
Session ID: 84453245-0958-4b4f-bb2e-197cd52707fd
	at org.openqa.selenium.remote.http.W3CHttpResponseCodec.createException(W3CHttpResponseCodec.java:187)
	at org.openqa.selenium.remote.http.W3CHttpResponseCodec.decode(W3CHttpResponseCodec.java:122)
	at org.openqa.selenium.remote.http.W3CHttpResponseCodec.decode(W3CHttpResponseCodec.java:49)
	at org.openqa.selenium.remote.HttpCommandExecutor.execute(HttpCommandExecutor.java:158)
	at org.openqa.selenium.remote.service.DriverCommandExecutor.execute(DriverCommandExecutor.java:83)
	at org.openqa.selenium.remote.RemoteWebDriver.execute(RemoteWebDriver.java:552)
	at com.kms.katalon.selenium.driver.CFirefoxDriver.execute(CFirefoxDriver.java:27)
	at org.openqa.selenium.remote.RemoteWebElement.execute(RemoteWebElement.java:285)
	at org.openqa.selenium.remote.RemoteWebElement.sendKeys(RemoteWebElement.java:106)
	at org.openqa.selenium.support.events.EventFiringWebDriver$EventFiringWebElement.lambda$new$0(EventFiringWebDriver.java:404)
	at com.sun.proxy.$Proxy10.sendKeys(Unknown Source)
	at org.openqa.selenium.support.events.EventFiringWebDriver$EventFiringWebElement.sendKeys(EventFiringWebDriver.java:429)
	at com.kms.katalon.core.webui.keyword.builtin.UploadFileKeyword$_uploadFile_closure1.doCall(UploadFileKeyword.groovy:80)
	at com.kms.katalon.core.webui.keyword.builtin.UploadFileKeyword$_uploadFile_closure1.call(UploadFileKeyword.groovy)
	at com.kms.katalon.core.webui.keyword.internal.WebUIKeywordMain.runKeyword(WebUIKeywordMain.groovy:20)
	... 19 more
"/>
         <system-out><![CDATA[2020-04-15 16:04:54 - [TEST_CASE][FAILED] - Test Cases/Front End/TC_TopUP(AED)_003: Test Cases/Front End/TC_TopUP(AED)_003 FAILED.
Reason:
com.kms.katalon.core.exception.StepFailedException: Unable to upload file 'C:\Users\HP\git\chiraghAdminPanel\Include\PropertyImages\1584693242612-Scanned_Passport_Copy.png' to object 'Object Repository/Front End Objects/TopUp(AED)/Page_Chiragh - Transaction Top Up/UploadReceipt'
	at com.kms.katalon.core.webui.keyword.internal.WebUIKeywordMain.stepFailed(WebUIKeywordMain.groovy:64)
	at com.kms.katalon.core.webui.keyword.internal.WebUIKeywordMain.runKeyword(WebUIKeywordMain.groovy:26)
	at com.kms.katalon.core.webui.keyword.builtin.UploadFileKeyword.uploadFile(UploadFileKeyword.groovy:87)
	at com.kms.katalon.core.webui.keyword.builtin.UploadFileKeyword.execute(UploadFileKeyword.groovy:68)
	at com.kms.katalon.core.keyword.internal.KeywordExecutor.executeKeywordForPlatform(KeywordExecutor.groovy:72)
	at com.kms.katalon.core.webui.keyword.WebUiBuiltInKeywords.uploadFile(WebUiBuiltInKeywords.groovy:2971)
	at com.kms.katalon.core.webui.keyword.WebUiBuiltInKeywords$uploadFile$8.call(Unknown Source)
	at TC_TopUP(AED)_003.run(TC_TopUP(AED)_003:66)
	at com.kms.katalon.core.main.ScriptEngine.run(ScriptEngine.java:194)
	at com.kms.katalon.core.main.ScriptEngine.runScriptAsRawText(ScriptEngine.java:119)
	at com.kms.katalon.core.main.TestCaseExecutor.runScript(TestCaseExecutor.java:337)
	at com.kms.katalon.core.main.TestCaseExecutor.doExecute(TestCaseExecutor.java:328)
	at com.kms.katalon.core.main.TestCaseExecutor.processExecutionPhase(TestCaseExecutor.java:307)
	at com.kms.katalon.core.main.TestCaseExecutor.accessMainPhase(TestCaseExecutor.java:299)
	at com.kms.katalon.core.main.TestCaseExecutor.execute(TestCaseExecutor.java:233)
	at com.kms.katalon.core.main.TestSuiteExecutor.accessTestCaseMainPhase(TestSuiteExecutor.java:169)
	at com.kms.katalon.core.main.TestSuiteExecutor.accessTestSuiteMainPhase(TestSuiteExecutor.java:142)
	at com.kms.katalon.core.main.TestSuiteExecutor.execute(TestSuiteExecutor.java:91)
	at com.kms.katalon.core.main.TestCaseMain.startTestSuite(TestCaseMain.java:157)
	at com.kms.katalon.core.main.TestCaseMain$startTestSuite$0.call(Unknown Source)
	at TempTestSuite1586966428771.run(TempTestSuite1586966428771.groovy:36)
Caused by: org.openqa.selenium.InvalidArgumentException: File not found: C:\Users\HP\git\chiraghAdminPanel\Include\PropertyImages\1584693242612-Scanned_Passport_Copy.png
Build info: version: '3.141.59', revision: 'e82be7d358', time: '2018-11-14T08:25:53'
System info: host: 'EC2AMAZ-QUDPRKJ', ip: '172.31.5.210', os.name: 'Windows Server 2016', os.arch: 'amd64', os.version: '10.0', java.version: '1.8.0_181'
Driver info: com.kms.katalon.core.webui.driver.firefox.CGeckoDriver
Capabilities {acceptInsecureCerts: true, browserName: firefox, browserVersion: 75.0, javascriptEnabled: true, moz:accessibilityChecks: false, moz:buildID: 20200403170909, moz:geckodriverVersion: 0.23.0, moz:headless: false, moz:processID: 10056, moz:profile: C:\Users\Administrator\AppD..., moz:shutdownTimeout: 60000, moz:useNonSpecCompliantPointerOrigin: false, moz:webdriverClick: true, pageLoadStrategy: normal, platform: WINDOWS, platformName: WINDOWS, platformVersion: 10.0, proxy: Proxy(direct), rotatable: false, setWindowRect: true, strictFileInteractability: false, timeouts: {implicit: 0, pageLoad: 300000, script: 30000}, unhandledPromptBehavior: dismiss and notify}
Session ID: 84453245-0958-4b4f-bb2e-197cd52707fd
	at org.openqa.selenium.remote.http.W3CHttpResponseCodec.createException(W3CHttpResponseCodec.java:187)
	at org.openqa.selenium.remote.http.W3CHttpResponseCodec.decode(W3CHttpResponseCodec.java:122)
	at org.openqa.selenium.remote.http.W3CHttpResponseCodec.decode(W3CHttpResponseCodec.java:49)
	at org.openqa.selenium.remote.HttpCommandExecutor.execute(HttpCommandExecutor.java:158)
	at org.openqa.selenium.remote.service.DriverCommandExecutor.execute(DriverCommandExecutor.java:83)
	at org.openqa.selenium.remote.RemoteWebDriver.execute(RemoteWebDriver.java:552)
	at com.kms.katalon.selenium.driver.CFirefoxDriver.execute(CFirefoxDriver.java:27)
	at org.openqa.selenium.remote.RemoteWebElement.execute(RemoteWebElement.java:285)
	at org.openqa.selenium.remote.RemoteWebElement.sendKeys(RemoteWebElement.java:106)
	at org.openqa.selenium.support.events.EventFiringWebDriver$EventFiringWebElement.lambda$new$0(EventFiringWebDriver.java:404)
	at com.sun.proxy.$Proxy10.sendKeys(Unknown Source)
	at org.openqa.selenium.support.events.EventFiringWebDriver$EventFiringWebElement.sendKeys(EventFiringWebDriver.java:429)
	at com.kms.katalon.core.webui.keyword.builtin.UploadFileKeyword$_uploadFile_closure1.doCall(UploadFileKeyword.groovy:80)
	at com.kms.katalon.core.webui.keyword.builtin.UploadFileKeyword$_uploadFile_closure1.call(UploadFileKeyword.groovy)
	at com.kms.katalon.core.webui.keyword.internal.WebUIKeywordMain.runKeyword(WebUIKeywordMain.groovy:20)
	... 19 more


2020-04-15 16:04:54 - [TEST_STEP][PASSED] - openBrowser(""): Browser is opened with url: ''

2020-04-15 16:04:54 - [MESSAGE][WARNING] - A browser is already opened. Closing browser and opening a new one

2020-04-15 16:04:55 - [MESSAGE][INFO] - Starting 'Firefox' driver

2020-04-15 16:04:55 - [MESSAGE][INFO] - Action delay is set to 0 milliseconds

2020-04-15 16:04:58 - [MESSAGE][PASSED] - Browser is opened with url: ''

2020-04-15 16:04:58 - [TEST_STEP][PASSED] - navigateToUrl(Url): Navigate to 'http://test.chiragh.com' successfully

2020-04-15 16:05:00 - [MESSAGE][PASSED] - Navigate to 'http://test.chiragh.com' successfully

2020-04-15 16:05:00 - [TEST_STEP][PASSED] - waitForPageLoad(15): Wait for page load successfully

2020-04-15 16:05:00 - [MESSAGE][PASSED] - Wait for page load successfully

2020-04-15 16:05:00 - [TEST_STEP][PASSED] - maximizeWindow(): Current window maximized

2020-04-15 16:05:00 - [MESSAGE][PASSED] - Current window maximized

2020-04-15 16:05:00 - [TEST_STEP][PASSED] - delay(3): Delayed 3 second(s)

2020-04-15 16:05:03 - [MESSAGE][PASSED] - Delayed 3 second(s)

2020-04-15 16:05:03 - [TEST_STEP][PASSED] - click(findTestObject("Object Repository/Front End Objects/LoginWithValidCredentials/Page_Chiragh - Home/a_ENG_dropdownMenuLink")): Object: 'Object Repository/Front End Objects/LoginWithValidCredentials/Page_Chiragh - Home/a_ENG_dropdownMenuLink' is clicked on

2020-04-15 16:05:04 - [MESSAGE][PASSED] - Object: 'Object Repository/Front End Objects/LoginWithValidCredentials/Page_Chiragh - Home/a_ENG_dropdownMenuLink' is clicked on

2020-04-15 16:05:04 - [TEST_STEP][PASSED] - click(findTestObject("Object Repository/Front End Objects/LoginWithValidCredentials/Page_Chiragh - Home/a_Login")): Object: 'Object Repository/Front End Objects/LoginWithValidCredentials/Page_Chiragh - Home/a_Login' is clicked on

2020-04-15 16:05:04 - [MESSAGE][PASSED] - Object: 'Object Repository/Front End Objects/LoginWithValidCredentials/Page_Chiragh - Home/a_Login' is clicked on

2020-04-15 16:05:04 - [TEST_STEP][PASSED] - setText(findTestObject("Object Repository/Front End Objects/LoginWithValidCredentials/Page_Chiragh - Login/input_Username_un"), userName): Text 'AUTOCHIRAGH' is set on object 'Object Repository/Front End Objects/LoginWithValidCredentials/Page_Chiragh - Login/input_Username_un'

2020-04-15 16:05:05 - [MESSAGE][PASSED] - Text 'AUTOCHIRAGH' is set on object 'Object Repository/Front End Objects/LoginWithValidCredentials/Page_Chiragh - Login/input_Username_un'

2020-04-15 16:05:05 - [TEST_STEP][PASSED] - setEncryptedText(findTestObject("Object Repository/Front End Objects/LoginWithValidCredentials/Page_Chiragh - Login/input_Password_userPassword"), "RigbBhfdqOBDK95asqKeHw=="): Text ****** has been set on object 'Object Repository/Front End Objects/LoginWithValidCredentials/Page_Chiragh - Login/input_Password_userPassword'

2020-04-15 16:05:05 - [MESSAGE][PASSED] - Text ****** has been set on object 'Object Repository/Front End Objects/LoginWithValidCredentials/Page_Chiragh - Login/input_Password_userPassword'

2020-04-15 16:05:05 - [TEST_STEP][PASSED] - click(findTestObject("Object Repository/Front End Objects/LoginWithValidCredentials/Page_Chiragh - Login/button_Log In")): Object: 'Object Repository/Front End Objects/LoginWithValidCredentials/Page_Chiragh - Login/button_Log In' is clicked on

2020-04-15 16:05:06 - [MESSAGE][PASSED] - Object: 'Object Repository/Front End Objects/LoginWithValidCredentials/Page_Chiragh - Login/button_Log In' is clicked on

2020-04-15 16:05:06 - [TEST_STEP][PASSED] - waitForPageLoad(15): Wait for page load successfully

2020-04-15 16:05:06 - [MESSAGE][PASSED] - Wait for page load successfully

2020-04-15 16:05:06 - [TEST_STEP][PASSED] - click(findTestObject("Object Repository/Front End Objects/LoginWithValidCredentials/Page_Chiragh - Home/a_a month ago_dropdownMenuLink")): Object: 'Object Repository/Front End Objects/LoginWithValidCredentials/Page_Chiragh - Home/a_a month ago_dropdownMenuLink' is clicked on

2020-04-15 16:05:08 - [MESSAGE][PASSED] - Object: 'Object Repository/Front End Objects/LoginWithValidCredentials/Page_Chiragh - Home/a_a month ago_dropdownMenuLink' is clicked on

2020-04-15 16:05:08 - [TEST_STEP][PASSED] - delay(5): Delayed 5 second(s)

2020-04-15 16:05:13 - [MESSAGE][PASSED] - Delayed 5 second(s)

2020-04-15 16:05:13 - [TEST_STEP][PASSED] - click(findTestObject("Object Repository/Front End Objects/LoginWithValidCredentials/Page_Chiragh - Home/a_HI AutoChiragh")): Object: 'Object Repository/Front End Objects/LoginWithValidCredentials/Page_Chiragh - Home/a_HI AutoChiragh' is clicked on

2020-04-15 16:05:14 - [MESSAGE][PASSED] - Object: 'Object Repository/Front End Objects/LoginWithValidCredentials/Page_Chiragh - Home/a_HI AutoChiragh' is clicked on

2020-04-15 16:05:14 - [TEST_STEP][PASSED] - click(findTestObject("Front End Objects/TopUp(AED)/Page_Chiragh - Dashborad Home/a_My Wallet")): Object: 'Object Repository/Front End Objects/TopUp(AED)/Page_Chiragh - Dashborad Home/a_My Wallet' is clicked on

2020-04-15 16:05:16 - [MESSAGE][PASSED] - Object: 'Object Repository/Front End Objects/TopUp(AED)/Page_Chiragh - Dashborad Home/a_My Wallet' is clicked on

2020-04-15 16:05:16 - [TEST_STEP][PASSED] - click(findTestObject("Front End Objects/TopUp(AED)/Page_Chiragh - User Account Summary/a_Make a Transaction")): Object: 'Object Repository/Front End Objects/TopUp(AED)/Page_Chiragh - User Account Summary/a_Make a Transaction' is clicked on

2020-04-15 16:05:18 - [MESSAGE][PASSED] - Object: 'Object Repository/Front End Objects/TopUp(AED)/Page_Chiragh - User Account Summary/a_Make a Transaction' is clicked on

2020-04-15 16:05:18 - [TEST_STEP][PASSED] - delay(3): Delayed 3 second(s)

2020-04-15 16:05:21 - [MESSAGE][PASSED] - Delayed 3 second(s)

2020-04-15 16:05:21 - [TEST_STEP][PASSED] - setText(findTestObject("Front End Objects/TopUp(AED)/Page_Chiragh - Transaction Top Up/input_Chiragh Wallet _amount"), "1000"): Text '1000' is set on object 'Object Repository/Front End Objects/TopUp(AED)/Page_Chiragh - Transaction Top Up/input_Chiragh Wallet _amount'

2020-04-15 16:05:22 - [MESSAGE][PASSED] - Text '1000' is set on object 'Object Repository/Front End Objects/TopUp(AED)/Page_Chiragh - Transaction Top Up/input_Chiragh Wallet _amount'

2020-04-15 16:05:22 - [TEST_STEP][PASSED] - delay(5): Delayed 5 second(s)

2020-04-15 16:05:27 - [MESSAGE][PASSED] - Delayed 5 second(s)

2020-04-15 16:05:27 - [TEST_STEP][PASSED] - click(findTestObject("Front End Objects/TopUp(AED)/Page_Chiragh - Transaction Top Up/select_ChiraghBank")): Object: 'Object Repository/Front End Objects/TopUp(AED)/Page_Chiragh - Transaction Top Up/select_ChiraghBank' is clicked on

2020-04-15 16:05:27 - [MESSAGE][PASSED] - Object: 'Object Repository/Front End Objects/TopUp(AED)/Page_Chiragh - Transaction Top Up/select_ChiraghBank' is clicked on

2020-04-15 16:05:27 - [TEST_STEP][PASSED] - click(findTestObject("Front End Objects/TopUp(AED)/Page_Chiragh - Transaction Top Up/BankOption1")): Object: 'Object Repository/Front End Objects/TopUp(AED)/Page_Chiragh - Transaction Top Up/BankOption1' is clicked on

2020-04-15 16:05:28 - [MESSAGE][PASSED] - Object: 'Object Repository/Front End Objects/TopUp(AED)/Page_Chiragh - Transaction Top Up/BankOption1' is clicked on

2020-04-15 16:05:28 - [TEST_STEP][PASSED] - setText(findTestObject("Front End Objects/TopUp(AED)/Page_Chiragh - Transaction Top Up/input_Transaction ID _transact"), "676767"): Text '676767' is set on object 'Object Repository/Front End Objects/TopUp(AED)/Page_Chiragh - Transaction Top Up/input_Transaction ID _transact'

2020-04-15 16:05:34 - [MESSAGE][PASSED] - Text '676767' is set on object 'Object Repository/Front End Objects/TopUp(AED)/Page_Chiragh - Transaction Top Up/input_Transaction ID _transact'

2020-04-15 16:05:34 - [TEST_STEP][FAILED] - uploadFile(findTestObject("Front End Objects/TopUp(AED)/Page_Chiragh - Transaction Top Up/UploadReceipt"), "C:\Users\HP\git\chiraghAdminPanel\Include\PropertyImages\1584693242612-Scanned_Passport_Copy.png"): Unable to upload file 'C:\Users\HP\git\chiraghAdminPanel\Include\PropertyImages\1584693242612-Scanned_Passport_Copy.png' to object 'Object Repository/Front End Objects/TopUp(AED)/Page_Chiragh - Transaction Top Up/UploadReceipt' (Root cause: com.kms.katalon.core.exception.StepFailedException: Unable to upload file 'C:\Users\HP\git\chiraghAdminPanel\Include\PropertyImages\1584693242612-Scanned_Passport_Copy.png' to object 'Object Repository/Front End Objects/TopUp(AED)/Page_Chiragh - Transaction Top Up/UploadReceipt'
	at com.kms.katalon.core.webui.keyword.internal.WebUIKeywordMain.stepFailed(WebUIKeywordMain.groovy:64)
	at com.kms.katalon.core.webui.keyword.internal.WebUIKeywordMain.runKeyword(WebUIKeywordMain.groovy:26)
	at com.kms.katalon.core.webui.keyword.builtin.UploadFileKeyword.uploadFile(UploadFileKeyword.groovy:87)
	at com.kms.katalon.core.webui.keyword.builtin.UploadFileKeyword.execute(UploadFileKeyword.groovy:68)
	at com.kms.katalon.core.keyword.internal.KeywordExecutor.executeKeywordForPlatform(KeywordExecutor.groovy:72)
	at com.kms.katalon.core.webui.keyword.WebUiBuiltInKeywords.uploadFile(WebUiBuiltInKeywords.groovy:2971)
	at com.kms.katalon.core.webui.keyword.WebUiBuiltInKeywords$uploadFile$8.call(Unknown Source)
	at TC_TopUP(AED)_003.run(TC_TopUP(AED)_003:66)
	at com.kms.katalon.core.main.ScriptEngine.run(ScriptEngine.java:194)
	at com.kms.katalon.core.main.ScriptEngine.runScriptAsRawText(ScriptEngine.java:119)
	at com.kms.katalon.core.main.TestCaseExecutor.runScript(TestCaseExecutor.java:337)
	at com.kms.katalon.core.main.TestCaseExecutor.doExecute(TestCaseExecutor.java:328)
	at com.kms.katalon.core.main.TestCaseExecutor.processExecutionPhase(TestCaseExecutor.java:307)
	at com.kms.katalon.core.main.TestCaseExecutor.accessMainPhase(TestCaseExecutor.java:299)
	at com.kms.katalon.core.main.TestCaseExecutor.execute(TestCaseExecutor.java:233)
	at com.kms.katalon.core.main.TestSuiteExecutor.accessTestCaseMainPhase(TestSuiteExecutor.java:169)
	at com.kms.katalon.core.main.TestSuiteExecutor.accessTestSuiteMainPhase(TestSuiteExecutor.java:142)
	at com.kms.katalon.core.main.TestSuiteExecutor.execute(TestSuiteExecutor.java:91)
	at com.kms.katalon.core.main.TestCaseMain.startTestSuite(TestCaseMain.java:157)
	at com.kms.katalon.core.main.TestCaseMain$startTestSuite$0.call(Unknown Source)
	at TempTestSuite1586966428771.run(TempTestSuite1586966428771.groovy:36)
Caused by: org.openqa.selenium.InvalidArgumentException: File not found: C:\Users\HP\git\chiraghAdminPanel\Include\PropertyImages\1584693242612-Scanned_Passport_Copy.png
Build info: version: '3.141.59', revision: 'e82be7d358', time: '2018-11-14T08:25:53'
System info: host: 'EC2AMAZ-QUDPRKJ', ip: '172.31.5.210', os.name: 'Windows Server 2016', os.arch: 'amd64', os.version: '10.0', java.version: '1.8.0_181'
Driver info: com.kms.katalon.core.webui.driver.firefox.CGeckoDriver
Capabilities {acceptInsecureCerts: true, browserName: firefox, browserVersion: 75.0, javascriptEnabled: true, moz:accessibilityChecks: false, moz:buildID: 20200403170909, moz:geckodriverVersion: 0.23.0, moz:headless: false, moz:processID: 10056, moz:profile: C:\Users\Administrator\AppD..., moz:shutdownTimeout: 60000, moz:useNonSpecCompliantPointerOrigin: false, moz:webdriverClick: true, pageLoadStrategy: normal, platform: WINDOWS, platformName: WINDOWS, platformVersion: 10.0, proxy: Proxy(direct), rotatable: false, setWindowRect: true, strictFileInteractability: false, timeouts: {implicit: 0, pageLoad: 300000, script: 30000}, unhandledPromptBehavior: dismiss and notify}
Session ID: 84453245-0958-4b4f-bb2e-197cd52707fd
	at org.openqa.selenium.remote.http.W3CHttpResponseCodec.createException(W3CHttpResponseCodec.java:187)
	at org.openqa.selenium.remote.http.W3CHttpResponseCodec.decode(W3CHttpResponseCodec.java:122)
	at org.openqa.selenium.remote.http.W3CHttpResponseCodec.decode(W3CHttpResponseCodec.java:49)
	at org.openqa.selenium.remote.HttpCommandExecutor.execute(HttpCommandExecutor.java:158)
	at org.openqa.selenium.remote.service.DriverCommandExecutor.execute(DriverCommandExecutor.java:83)
	at org.openqa.selenium.remote.RemoteWebDriver.execute(RemoteWebDriver.java:552)
	at com.kms.katalon.selenium.driver.CFirefoxDriver.execute(CFirefoxDriver.java:27)
	at org.openqa.selenium.remote.RemoteWebElement.execute(RemoteWebElement.java:285)
	at org.openqa.selenium.remote.RemoteWebElement.sendKeys(RemoteWebElement.java:106)
	at org.openqa.selenium.support.events.EventFiringWebDriver$EventFiringWebElement.lambda$new$0(EventFiringWebDriver.java:404)
	at com.sun.proxy.$Proxy10.sendKeys(Unknown Source)
	at org.openqa.selenium.support.events.EventFiringWebDriver$EventFiringWebElement.sendKeys(EventFiringWebDriver.java:429)
	at com.kms.katalon.core.webui.keyword.builtin.UploadFileKeyword$_uploadFile_closure1.doCall(UploadFileKeyword.groovy:80)
	at com.kms.katalon.core.webui.keyword.builtin.UploadFileKeyword$_uploadFile_closure1.call(UploadFileKeyword.groovy)
	at com.kms.katalon.core.webui.keyword.internal.WebUIKeywordMain.runKeyword(WebUIKeywordMain.groovy:20)
	at com.kms.katalon.core.webui.keyword.builtin.UploadFileKeyword.uploadFile(UploadFileKeyword.groovy:87)
	at com.kms.katalon.core.webui.keyword.builtin.UploadFileKeyword.execute(UploadFileKeyword.groovy:68)
	at com.kms.katalon.core.keyword.internal.KeywordExecutor.executeKeywordForPlatform(KeywordExecutor.groovy:72)
	at com.kms.katalon.core.webui.keyword.WebUiBuiltInKeywords.uploadFile(WebUiBuiltInKeywords.groovy:2971)
	at com.kms.katalon.core.webui.keyword.WebUiBuiltInKeywords$uploadFile$8.call(Unknown Source)
	at Script1585302902526.run(Script1585302902526.groovy:66)
	... 13 more
)

2020-04-15 16:05:35 - [MESSAGE][FAILED] - Unable to upload file 'C:\Users\HP\git\chiraghAdminPanel\Include\PropertyImages\1584693242612-Scanned_Passport_Copy.png' to object 'Object Repository/Front End Objects/TopUp(AED)/Page_Chiragh - Transaction Top Up/UploadReceipt' (Root cause: com.kms.katalon.core.exception.StepFailedException: Unable to upload file 'C:\Users\HP\git\chiraghAdminPanel\Include\PropertyImages\1584693242612-Scanned_Passport_Copy.png' to object 'Object Repository/Front End Objects/TopUp(AED)/Page_Chiragh - Transaction Top Up/UploadReceipt'
	at com.kms.katalon.core.webui.keyword.internal.WebUIKeywordMain.stepFailed(WebUIKeywordMain.groovy:64)
	at com.kms.katalon.core.webui.keyword.internal.WebUIKeywordMain.runKeyword(WebUIKeywordMain.groovy:26)
	at com.kms.katalon.core.webui.keyword.builtin.UploadFileKeyword.uploadFile(UploadFileKeyword.groovy:87)
	at com.kms.katalon.core.webui.keyword.builtin.UploadFileKeyword.execute(UploadFileKeyword.groovy:68)
	at com.kms.katalon.core.keyword.internal.KeywordExecutor.executeKeywordForPlatform(KeywordExecutor.groovy:72)
	at com.kms.katalon.core.webui.keyword.WebUiBuiltInKeywords.uploadFile(WebUiBuiltInKeywords.groovy:2971)
	at com.kms.katalon.core.webui.keyword.WebUiBuiltInKeywords$uploadFile$8.call(Unknown Source)
	at TC_TopUP(AED)_003.run(TC_TopUP(AED)_003:66)
	at com.kms.katalon.core.main.ScriptEngine.run(ScriptEngine.java:194)
	at com.kms.katalon.core.main.ScriptEngine.runScriptAsRawText(ScriptEngine.java:119)
	at com.kms.katalon.core.main.TestCaseExecutor.runScript(TestCaseExecutor.java:337)
	at com.kms.katalon.core.main.TestCaseExecutor.doExecute(TestCaseExecutor.java:328)
	at com.kms.katalon.core.main.TestCaseExecutor.processExecutionPhase(TestCaseExecutor.java:307)
	at com.kms.katalon.core.main.TestCaseExecutor.accessMainPhase(TestCaseExecutor.java:299)
	at com.kms.katalon.core.main.TestCaseExecutor.execute(TestCaseExecutor.java:233)
	at com.kms.katalon.core.main.TestSuiteExecutor.accessTestCaseMainPhase(TestSuiteExecutor.java:169)
	at com.kms.katalon.core.main.TestSuiteExecutor.accessTestSuiteMainPhase(TestSuiteExecutor.java:142)
	at com.kms.katalon.core.main.TestSuiteExecutor.execute(TestSuiteExecutor.java:91)
	at com.kms.katalon.core.main.TestCaseMain.startTestSuite(TestCaseMain.java:157)
	at com.kms.katalon.core.main.TestCaseMain$startTestSuite$0.call(Unknown Source)
	at TempTestSuite1586966428771.run(TempTestSuite1586966428771.groovy:36)
Caused by: org.openqa.selenium.InvalidArgumentException: File not found: C:\Users\HP\git\chiraghAdminPanel\Include\PropertyImages\1584693242612-Scanned_Passport_Copy.png
Build info: version: '3.141.59', revision: 'e82be7d358', time: '2018-11-14T08:25:53'
System info: host: 'EC2AMAZ-QUDPRKJ', ip: '172.31.5.210', os.name: 'Windows Server 2016', os.arch: 'amd64', os.version: '10.0', java.version: '1.8.0_181'
Driver info: com.kms.katalon.core.webui.driver.firefox.CGeckoDriver
Capabilities {acceptInsecureCerts: true, browserName: firefox, browserVersion: 75.0, javascriptEnabled: true, moz:accessibilityChecks: false, moz:buildID: 20200403170909, moz:geckodriverVersion: 0.23.0, moz:headless: false, moz:processID: 10056, moz:profile: C:\Users\Administrator\AppD..., moz:shutdownTimeout: 60000, moz:useNonSpecCompliantPointerOrigin: false, moz:webdriverClick: true, pageLoadStrategy: normal, platform: WINDOWS, platformName: WINDOWS, platformVersion: 10.0, proxy: Proxy(direct), rotatable: false, setWindowRect: true, strictFileInteractability: false, timeouts: {implicit: 0, pageLoad: 300000, script: 30000}, unhandledPromptBehavior: dismiss and notify}
Session ID: 84453245-0958-4b4f-bb2e-197cd52707fd
	at org.openqa.selenium.remote.http.W3CHttpResponseCodec.createException(W3CHttpResponseCodec.java:187)
	at org.openqa.selenium.remote.http.W3CHttpResponseCodec.decode(W3CHttpResponseCodec.java:122)
	at org.openqa.selenium.remote.http.W3CHttpResponseCodec.decode(W3CHttpResponseCodec.java:49)
	at org.openqa.selenium.remote.HttpCommandExecutor.execute(HttpCommandExecutor.java:158)
	at org.openqa.selenium.remote.service.DriverCommandExecutor.execute(DriverCommandExecutor.java:83)
	at org.openqa.selenium.remote.RemoteWebDriver.execute(RemoteWebDriver.java:552)
	at com.kms.katalon.selenium.driver.CFirefoxDriver.execute(CFirefoxDriver.java:27)
	at org.openqa.selenium.remote.RemoteWebElement.execute(RemoteWebElement.java:285)
	at org.openqa.selenium.remote.RemoteWebElement.sendKeys(RemoteWebElement.java:106)
	at org.openqa.selenium.support.events.EventFiringWebDriver$EventFiringWebElement.lambda$new$0(EventFiringWebDriver.java:404)
	at com.sun.proxy.$Proxy10.sendKeys(Unknown Source)
	at org.openqa.selenium.support.events.EventFiringWebDriver$EventFiringWebElement.sendKeys(EventFiringWebDriver.java:429)
	at com.kms.katalon.core.webui.keyword.builtin.UploadFileKeyword$_uploadFile_closure1.doCall(UploadFileKeyword.groovy:80)
	at com.kms.katalon.core.webui.keyword.builtin.UploadFileKeyword$_uploadFile_closure1.call(UploadFileKeyword.groovy)
	at com.kms.katalon.core.webui.keyword.internal.WebUIKeywordMain.runKeyword(WebUIKeywordMain.groovy:20)
	at com.kms.katalon.core.webui.keyword.builtin.UploadFileKeyword.uploadFile(UploadFileKeyword.groovy:87)
	at com.kms.katalon.core.webui.keyword.builtin.UploadFileKeyword.execute(UploadFileKeyword.groovy:68)
	at com.kms.katalon.core.keyword.internal.KeywordExecutor.executeKeywordForPlatform(KeywordExecutor.groovy:72)
	at com.kms.katalon.core.webui.keyword.WebUiBuiltInKeywords.uploadFile(WebUiBuiltInKeywords.groovy:2971)
	at com.kms.katalon.core.webui.keyword.WebUiBuiltInKeywords$uploadFile$8.call(Unknown Source)
	at Script1585302902526.run(Script1585302902526.groovy:66)
	... 13 more
)
[[ATTACHMENT|C:\\Users\\Administrator\\Git\\chiraghAdminPanel\\Reports\\20200415_160028\\ChiraghWeb_FrontEnd_Tests\\20200415_160028\\1586966735069.png]]

2020-04-15 16:05:37 - [TEST_STEP][PASSED] - Video: Video recording for test case 'Test Cases/Front End/TC_TopUP(AED)_003' .

2020-04-15 16:05:37 - [MESSAGE][INFO] - Video recording for test case 'Test Cases/Front End/TC_TopUP(AED)_003' .
[[ATTACHMENT|C:\\Users\\Administrator\\Git\\chiraghAdminPanel\\Reports\\20200415_160028\\ChiraghWeb_FrontEnd_Tests\\20200415_160028/videos\\test_7.mov]]]]></system-out>
         <system-err><![CDATA[2020-04-15 16:04:54 - [TEST_CASE][FAILED] - Test Cases/Front End/TC_TopUP(AED)_003: Test Cases/Front End/TC_TopUP(AED)_003 FAILED.
Reason:
com.kms.katalon.core.exception.StepFailedException: Unable to upload file 'C:\Users\HP\git\chiraghAdminPanel\Include\PropertyImages\1584693242612-Scanned_Passport_Copy.png' to object 'Object Repository/Front End Objects/TopUp(AED)/Page_Chiragh - Transaction Top Up/UploadReceipt'
	at com.kms.katalon.core.webui.keyword.internal.WebUIKeywordMain.stepFailed(WebUIKeywordMain.groovy:64)
	at com.kms.katalon.core.webui.keyword.internal.WebUIKeywordMain.runKeyword(WebUIKeywordMain.groovy:26)
	at com.kms.katalon.core.webui.keyword.builtin.UploadFileKeyword.uploadFile(UploadFileKeyword.groovy:87)
	at com.kms.katalon.core.webui.keyword.builtin.UploadFileKeyword.execute(UploadFileKeyword.groovy:68)
	at com.kms.katalon.core.keyword.internal.KeywordExecutor.executeKeywordForPlatform(KeywordExecutor.groovy:72)
	at com.kms.katalon.core.webui.keyword.WebUiBuiltInKeywords.uploadFile(WebUiBuiltInKeywords.groovy:2971)
	at com.kms.katalon.core.webui.keyword.WebUiBuiltInKeywords$uploadFile$8.call(Unknown Source)
	at TC_TopUP(AED)_003.run(TC_TopUP(AED)_003:66)
	at com.kms.katalon.core.main.ScriptEngine.run(ScriptEngine.java:194)
	at com.kms.katalon.core.main.ScriptEngine.runScriptAsRawText(ScriptEngine.java:119)
	at com.kms.katalon.core.main.TestCaseExecutor.runScript(TestCaseExecutor.java:337)
	at com.kms.katalon.core.main.TestCaseExecutor.doExecute(TestCaseExecutor.java:328)
	at com.kms.katalon.core.main.TestCaseExecutor.processExecutionPhase(TestCaseExecutor.java:307)
	at com.kms.katalon.core.main.TestCaseExecutor.accessMainPhase(TestCaseExecutor.java:299)
	at com.kms.katalon.core.main.TestCaseExecutor.execute(TestCaseExecutor.java:233)
	at com.kms.katalon.core.main.TestSuiteExecutor.accessTestCaseMainPhase(TestSuiteExecutor.java:169)
	at com.kms.katalon.core.main.TestSuiteExecutor.accessTestSuiteMainPhase(TestSuiteExecutor.java:142)
	at com.kms.katalon.core.main.TestSuiteExecutor.execute(TestSuiteExecutor.java:91)
	at com.kms.katalon.core.main.TestCaseMain.startTestSuite(TestCaseMain.java:157)
	at com.kms.katalon.core.main.TestCaseMain$startTestSuite$0.call(Unknown Source)
	at TempTestSuite1586966428771.run(TempTestSuite1586966428771.groovy:36)
Caused by: org.openqa.selenium.InvalidArgumentException: File not found: C:\Users\HP\git\chiraghAdminPanel\Include\PropertyImages\1584693242612-Scanned_Passport_Copy.png
Build info: version: '3.141.59', revision: 'e82be7d358', time: '2018-11-14T08:25:53'
System info: host: 'EC2AMAZ-QUDPRKJ', ip: '172.31.5.210', os.name: 'Windows Server 2016', os.arch: 'amd64', os.version: '10.0', java.version: '1.8.0_181'
Driver info: com.kms.katalon.core.webui.driver.firefox.CGeckoDriver
Capabilities {acceptInsecureCerts: true, browserName: firefox, browserVersion: 75.0, javascriptEnabled: true, moz:accessibilityChecks: false, moz:buildID: 20200403170909, moz:geckodriverVersion: 0.23.0, moz:headless: false, moz:processID: 10056, moz:profile: C:\Users\Administrator\AppD..., moz:shutdownTimeout: 60000, moz:useNonSpecCompliantPointerOrigin: false, moz:webdriverClick: true, pageLoadStrategy: normal, platform: WINDOWS, platformName: WINDOWS, platformVersion: 10.0, proxy: Proxy(direct), rotatable: false, setWindowRect: true, strictFileInteractability: false, timeouts: {implicit: 0, pageLoad: 300000, script: 30000}, unhandledPromptBehavior: dismiss and notify}
Session ID: 84453245-0958-4b4f-bb2e-197cd52707fd
	at org.openqa.selenium.remote.http.W3CHttpResponseCodec.createException(W3CHttpResponseCodec.java:187)
	at org.openqa.selenium.remote.http.W3CHttpResponseCodec.decode(W3CHttpResponseCodec.java:122)
	at org.openqa.selenium.remote.http.W3CHttpResponseCodec.decode(W3CHttpResponseCodec.java:49)
	at org.openqa.selenium.remote.HttpCommandExecutor.execute(HttpCommandExecutor.java:158)
	at org.openqa.selenium.remote.service.DriverCommandExecutor.execute(DriverCommandExecutor.java:83)
	at org.openqa.selenium.remote.RemoteWebDriver.execute(RemoteWebDriver.java:552)
	at com.kms.katalon.selenium.driver.CFirefoxDriver.execute(CFirefoxDriver.java:27)
	at org.openqa.selenium.remote.RemoteWebElement.execute(RemoteWebElement.java:285)
	at org.openqa.selenium.remote.RemoteWebElement.sendKeys(RemoteWebElement.java:106)
	at org.openqa.selenium.support.events.EventFiringWebDriver$EventFiringWebElement.lambda$new$0(EventFiringWebDriver.java:404)
	at com.sun.proxy.$Proxy10.sendKeys(Unknown Source)
	at org.openqa.selenium.support.events.EventFiringWebDriver$EventFiringWebElement.sendKeys(EventFiringWebDriver.java:429)
	at com.kms.katalon.core.webui.keyword.builtin.UploadFileKeyword$_uploadFile_closure1.doCall(UploadFileKeyword.groovy:80)
	at com.kms.katalon.core.webui.keyword.builtin.UploadFileKeyword$_uploadFile_closure1.call(UploadFileKeyword.groovy)
	at com.kms.katalon.core.webui.keyword.internal.WebUIKeywordMain.runKeyword(WebUIKeywordMain.groovy:20)
	... 19 more]]></system-err>
      </testcase>
      <testcase name="Test Cases/Front End/TC_TopUP(EUR)_004" time="40.022" classname="Test Cases/Front End/TC_TopUP(EUR)_004" status="FAILED">
         <failure type="FAILED" message="Test Cases/Front End/TC_TopUP(EUR)_004 FAILED.
Reason:
com.kms.katalon.core.exception.StepFailedException: Unable to upload file 'C:\Users\HP\git\chiraghAdminPanel\Include\PropertyImages\1584693242612-Scanned_Passport_Copy.png' to object 'Object Repository/Front End Objects/TopUp(AED)/Page_Chiragh - Transaction Top Up/UploadReceipt'
	at com.kms.katalon.core.webui.keyword.internal.WebUIKeywordMain.stepFailed(WebUIKeywordMain.groovy:64)
	at com.kms.katalon.core.webui.keyword.internal.WebUIKeywordMain.runKeyword(WebUIKeywordMain.groovy:26)
	at com.kms.katalon.core.webui.keyword.builtin.UploadFileKeyword.uploadFile(UploadFileKeyword.groovy:87)
	at com.kms.katalon.core.webui.keyword.builtin.UploadFileKeyword.execute(UploadFileKeyword.groovy:68)
	at com.kms.katalon.core.keyword.internal.KeywordExecutor.executeKeywordForPlatform(KeywordExecutor.groovy:72)
	at com.kms.katalon.core.webui.keyword.WebUiBuiltInKeywords.uploadFile(WebUiBuiltInKeywords.groovy:2971)
	at com.kms.katalon.core.webui.keyword.WebUiBuiltInKeywords$uploadFile$8.call(Unknown Source)
	at TC_TopUP(EUR)_004.run(TC_TopUP(EUR)_004:68)
	at com.kms.katalon.core.main.ScriptEngine.run(ScriptEngine.java:194)
	at com.kms.katalon.core.main.ScriptEngine.runScriptAsRawText(ScriptEngine.java:119)
	at com.kms.katalon.core.main.TestCaseExecutor.runScript(TestCaseExecutor.java:337)
	at com.kms.katalon.core.main.TestCaseExecutor.doExecute(TestCaseExecutor.java:328)
	at com.kms.katalon.core.main.TestCaseExecutor.processExecutionPhase(TestCaseExecutor.java:307)
	at com.kms.katalon.core.main.TestCaseExecutor.accessMainPhase(TestCaseExecutor.java:299)
	at com.kms.katalon.core.main.TestCaseExecutor.execute(TestCaseExecutor.java:233)
	at com.kms.katalon.core.main.TestSuiteExecutor.accessTestCaseMainPhase(TestSuiteExecutor.java:169)
	at com.kms.katalon.core.main.TestSuiteExecutor.accessTestSuiteMainPhase(TestSuiteExecutor.java:142)
	at com.kms.katalon.core.main.TestSuiteExecutor.execute(TestSuiteExecutor.java:91)
	at com.kms.katalon.core.main.TestCaseMain.startTestSuite(TestCaseMain.java:157)
	at com.kms.katalon.core.main.TestCaseMain$startTestSuite$0.call(Unknown Source)
	at TempTestSuite1586966428771.run(TempTestSuite1586966428771.groovy:36)
Caused by: org.openqa.selenium.InvalidArgumentException: File not found: C:\Users\HP\git\chiraghAdminPanel\Include\PropertyImages\1584693242612-Scanned_Passport_Copy.png
Build info: version: '3.141.59', revision: 'e82be7d358', time: '2018-11-14T08:25:53'
System info: host: 'EC2AMAZ-QUDPRKJ', ip: '172.31.5.210', os.name: 'Windows Server 2016', os.arch: 'amd64', os.version: '10.0', java.version: '1.8.0_181'
Driver info: com.kms.katalon.core.webui.driver.firefox.CGeckoDriver
Capabilities {acceptInsecureCerts: true, browserName: firefox, browserVersion: 75.0, javascriptEnabled: true, moz:accessibilityChecks: false, moz:buildID: 20200403170909, moz:geckodriverVersion: 0.23.0, moz:headless: false, moz:processID: 164, moz:profile: C:\Users\Administrator\AppD..., moz:shutdownTimeout: 60000, moz:useNonSpecCompliantPointerOrigin: false, moz:webdriverClick: true, pageLoadStrategy: normal, platform: WINDOWS, platformName: WINDOWS, platformVersion: 10.0, proxy: Proxy(direct), rotatable: false, setWindowRect: true, strictFileInteractability: false, timeouts: {implicit: 0, pageLoad: 300000, script: 30000}, unhandledPromptBehavior: dismiss and notify}
Session ID: 0d56bfb7-68bc-456a-853c-ec40cb3b045e
	at org.openqa.selenium.remote.http.W3CHttpResponseCodec.createException(W3CHttpResponseCodec.java:187)
	at org.openqa.selenium.remote.http.W3CHttpResponseCodec.decode(W3CHttpResponseCodec.java:122)
	at org.openqa.selenium.remote.http.W3CHttpResponseCodec.decode(W3CHttpResponseCodec.java:49)
	at org.openqa.selenium.remote.HttpCommandExecutor.execute(HttpCommandExecutor.java:158)
	at org.openqa.selenium.remote.service.DriverCommandExecutor.execute(DriverCommandExecutor.java:83)
	at org.openqa.selenium.remote.RemoteWebDriver.execute(RemoteWebDriver.java:552)
	at com.kms.katalon.selenium.driver.CFirefoxDriver.execute(CFirefoxDriver.java:27)
	at org.openqa.selenium.remote.RemoteWebElement.execute(RemoteWebElement.java:285)
	at org.openqa.selenium.remote.RemoteWebElement.sendKeys(RemoteWebElement.java:106)
	at org.openqa.selenium.support.events.EventFiringWebDriver$EventFiringWebElement.lambda$new$0(EventFiringWebDriver.java:404)
	at com.sun.proxy.$Proxy10.sendKeys(Unknown Source)
	at org.openqa.selenium.support.events.EventFiringWebDriver$EventFiringWebElement.sendKeys(EventFiringWebDriver.java:429)
	at com.kms.katalon.core.webui.keyword.builtin.UploadFileKeyword$_uploadFile_closure1.doCall(UploadFileKeyword.groovy:80)
	at com.kms.katalon.core.webui.keyword.builtin.UploadFileKeyword$_uploadFile_closure1.call(UploadFileKeyword.groovy)
	at com.kms.katalon.core.webui.keyword.internal.WebUIKeywordMain.runKeyword(WebUIKeywordMain.groovy:20)
	... 19 more
"/>
         <system-out><![CDATA[2020-04-15 16:05:37 - [TEST_CASE][FAILED] - Test Cases/Front End/TC_TopUP(EUR)_004: Test Cases/Front End/TC_TopUP(EUR)_004 FAILED.
Reason:
com.kms.katalon.core.exception.StepFailedException: Unable to upload file 'C:\Users\HP\git\chiraghAdminPanel\Include\PropertyImages\1584693242612-Scanned_Passport_Copy.png' to object 'Object Repository/Front End Objects/TopUp(AED)/Page_Chiragh - Transaction Top Up/UploadReceipt'
	at com.kms.katalon.core.webui.keyword.internal.WebUIKeywordMain.stepFailed(WebUIKeywordMain.groovy:64)
	at com.kms.katalon.core.webui.keyword.internal.WebUIKeywordMain.runKeyword(WebUIKeywordMain.groovy:26)
	at com.kms.katalon.core.webui.keyword.builtin.UploadFileKeyword.uploadFile(UploadFileKeyword.groovy:87)
	at com.kms.katalon.core.webui.keyword.builtin.UploadFileKeyword.execute(UploadFileKeyword.groovy:68)
	at com.kms.katalon.core.keyword.internal.KeywordExecutor.executeKeywordForPlatform(KeywordExecutor.groovy:72)
	at com.kms.katalon.core.webui.keyword.WebUiBuiltInKeywords.uploadFile(WebUiBuiltInKeywords.groovy:2971)
	at com.kms.katalon.core.webui.keyword.WebUiBuiltInKeywords$uploadFile$8.call(Unknown Source)
	at TC_TopUP(EUR)_004.run(TC_TopUP(EUR)_004:68)
	at com.kms.katalon.core.main.ScriptEngine.run(ScriptEngine.java:194)
	at com.kms.katalon.core.main.ScriptEngine.runScriptAsRawText(ScriptEngine.java:119)
	at com.kms.katalon.core.main.TestCaseExecutor.runScript(TestCaseExecutor.java:337)
	at com.kms.katalon.core.main.TestCaseExecutor.doExecute(TestCaseExecutor.java:328)
	at com.kms.katalon.core.main.TestCaseExecutor.processExecutionPhase(TestCaseExecutor.java:307)
	at com.kms.katalon.core.main.TestCaseExecutor.accessMainPhase(TestCaseExecutor.java:299)
	at com.kms.katalon.core.main.TestCaseExecutor.execute(TestCaseExecutor.java:233)
	at com.kms.katalon.core.main.TestSuiteExecutor.accessTestCaseMainPhase(TestSuiteExecutor.java:169)
	at com.kms.katalon.core.main.TestSuiteExecutor.accessTestSuiteMainPhase(TestSuiteExecutor.java:142)
	at com.kms.katalon.core.main.TestSuiteExecutor.execute(TestSuiteExecutor.java:91)
	at com.kms.katalon.core.main.TestCaseMain.startTestSuite(TestCaseMain.java:157)
	at com.kms.katalon.core.main.TestCaseMain$startTestSuite$0.call(Unknown Source)
	at TempTestSuite1586966428771.run(TempTestSuite1586966428771.groovy:36)
Caused by: org.openqa.selenium.InvalidArgumentException: File not found: C:\Users\HP\git\chiraghAdminPanel\Include\PropertyImages\1584693242612-Scanned_Passport_Copy.png
Build info: version: '3.141.59', revision: 'e82be7d358', time: '2018-11-14T08:25:53'
System info: host: 'EC2AMAZ-QUDPRKJ', ip: '172.31.5.210', os.name: 'Windows Server 2016', os.arch: 'amd64', os.version: '10.0', java.version: '1.8.0_181'
Driver info: com.kms.katalon.core.webui.driver.firefox.CGeckoDriver
Capabilities {acceptInsecureCerts: true, browserName: firefox, browserVersion: 75.0, javascriptEnabled: true, moz:accessibilityChecks: false, moz:buildID: 20200403170909, moz:geckodriverVersion: 0.23.0, moz:headless: false, moz:processID: 164, moz:profile: C:\Users\Administrator\AppD..., moz:shutdownTimeout: 60000, moz:useNonSpecCompliantPointerOrigin: false, moz:webdriverClick: true, pageLoadStrategy: normal, platform: WINDOWS, platformName: WINDOWS, platformVersion: 10.0, proxy: Proxy(direct), rotatable: false, setWindowRect: true, strictFileInteractability: false, timeouts: {implicit: 0, pageLoad: 300000, script: 30000}, unhandledPromptBehavior: dismiss and notify}
Session ID: 0d56bfb7-68bc-456a-853c-ec40cb3b045e
	at org.openqa.selenium.remote.http.W3CHttpResponseCodec.createException(W3CHttpResponseCodec.java:187)
	at org.openqa.selenium.remote.http.W3CHttpResponseCodec.decode(W3CHttpResponseCodec.java:122)
	at org.openqa.selenium.remote.http.W3CHttpResponseCodec.decode(W3CHttpResponseCodec.java:49)
	at org.openqa.selenium.remote.HttpCommandExecutor.execute(HttpCommandExecutor.java:158)
	at org.openqa.selenium.remote.service.DriverCommandExecutor.execute(DriverCommandExecutor.java:83)
	at org.openqa.selenium.remote.RemoteWebDriver.execute(RemoteWebDriver.java:552)
	at com.kms.katalon.selenium.driver.CFirefoxDriver.execute(CFirefoxDriver.java:27)
	at org.openqa.selenium.remote.RemoteWebElement.execute(RemoteWebElement.java:285)
	at org.openqa.selenium.remote.RemoteWebElement.sendKeys(RemoteWebElement.java:106)
	at org.openqa.selenium.support.events.EventFiringWebDriver$EventFiringWebElement.lambda$new$0(EventFiringWebDriver.java:404)
	at com.sun.proxy.$Proxy10.sendKeys(Unknown Source)
	at org.openqa.selenium.support.events.EventFiringWebDriver$EventFiringWebElement.sendKeys(EventFiringWebDriver.java:429)
	at com.kms.katalon.core.webui.keyword.builtin.UploadFileKeyword$_uploadFile_closure1.doCall(UploadFileKeyword.groovy:80)
	at com.kms.katalon.core.webui.keyword.builtin.UploadFileKeyword$_uploadFile_closure1.call(UploadFileKeyword.groovy)
	at com.kms.katalon.core.webui.keyword.internal.WebUIKeywordMain.runKeyword(WebUIKeywordMain.groovy:20)
	... 19 more


2020-04-15 16:05:37 - [TEST_STEP][PASSED] - openBrowser(""): Browser is opened with url: ''

2020-04-15 16:05:37 - [MESSAGE][WARNING] - A browser is already opened. Closing browser and opening a new one

2020-04-15 16:05:38 - [MESSAGE][INFO] - Starting 'Firefox' driver

2020-04-15 16:05:38 - [MESSAGE][INFO] - Action delay is set to 0 milliseconds

2020-04-15 16:05:41 - [MESSAGE][PASSED] - Browser is opened with url: ''

2020-04-15 16:05:41 - [TEST_STEP][PASSED] - navigateToUrl(Url): Navigate to 'http://test.chiragh.com' successfully

2020-04-15 16:05:42 - [MESSAGE][PASSED] - Navigate to 'http://test.chiragh.com' successfully

2020-04-15 16:05:42 - [TEST_STEP][PASSED] - waitForPageLoad(15): Wait for page load successfully

2020-04-15 16:05:42 - [MESSAGE][PASSED] - Wait for page load successfully

2020-04-15 16:05:42 - [TEST_STEP][PASSED] - maximizeWindow(): Current window maximized

2020-04-15 16:05:42 - [MESSAGE][PASSED] - Current window maximized

2020-04-15 16:05:42 - [TEST_STEP][PASSED] - delay(3): Delayed 3 second(s)

2020-04-15 16:05:45 - [MESSAGE][PASSED] - Delayed 3 second(s)

2020-04-15 16:05:45 - [TEST_STEP][PASSED] - click(findTestObject("Object Repository/Front End Objects/LoginWithValidCredentials/Page_Chiragh - Home/a_ENG_dropdownMenuLink")): Object: 'Object Repository/Front End Objects/LoginWithValidCredentials/Page_Chiragh - Home/a_ENG_dropdownMenuLink' is clicked on

2020-04-15 16:05:46 - [MESSAGE][PASSED] - Object: 'Object Repository/Front End Objects/LoginWithValidCredentials/Page_Chiragh - Home/a_ENG_dropdownMenuLink' is clicked on

2020-04-15 16:05:46 - [TEST_STEP][PASSED] - click(findTestObject("Object Repository/Front End Objects/LoginWithValidCredentials/Page_Chiragh - Home/a_Login")): Object: 'Object Repository/Front End Objects/LoginWithValidCredentials/Page_Chiragh - Home/a_Login' is clicked on

2020-04-15 16:05:47 - [MESSAGE][PASSED] - Object: 'Object Repository/Front End Objects/LoginWithValidCredentials/Page_Chiragh - Home/a_Login' is clicked on

2020-04-15 16:05:47 - [TEST_STEP][PASSED] - setText(findTestObject("Object Repository/Front End Objects/LoginWithValidCredentials/Page_Chiragh - Login/input_Username_un"), userName): Text 'AUTOCHIRAGH' is set on object 'Object Repository/Front End Objects/LoginWithValidCredentials/Page_Chiragh - Login/input_Username_un'

2020-04-15 16:05:48 - [MESSAGE][PASSED] - Text 'AUTOCHIRAGH' is set on object 'Object Repository/Front End Objects/LoginWithValidCredentials/Page_Chiragh - Login/input_Username_un'

2020-04-15 16:05:48 - [TEST_STEP][PASSED] - setEncryptedText(findTestObject("Object Repository/Front End Objects/LoginWithValidCredentials/Page_Chiragh - Login/input_Password_userPassword"), "RigbBhfdqOBDK95asqKeHw=="): Text ****** has been set on object 'Object Repository/Front End Objects/LoginWithValidCredentials/Page_Chiragh - Login/input_Password_userPassword'

2020-04-15 16:05:48 - [MESSAGE][PASSED] - Text ****** has been set on object 'Object Repository/Front End Objects/LoginWithValidCredentials/Page_Chiragh - Login/input_Password_userPassword'

2020-04-15 16:05:48 - [TEST_STEP][PASSED] - click(findTestObject("Object Repository/Front End Objects/LoginWithValidCredentials/Page_Chiragh - Login/button_Log In")): Object: 'Object Repository/Front End Objects/LoginWithValidCredentials/Page_Chiragh - Login/button_Log In' is clicked on

2020-04-15 16:05:49 - [MESSAGE][PASSED] - Object: 'Object Repository/Front End Objects/LoginWithValidCredentials/Page_Chiragh - Login/button_Log In' is clicked on

2020-04-15 16:05:49 - [TEST_STEP][PASSED] - waitForPageLoad(15): Wait for page load successfully

2020-04-15 16:05:49 - [MESSAGE][PASSED] - Wait for page load successfully

2020-04-15 16:05:49 - [TEST_STEP][PASSED] - click(findTestObject("Object Repository/Front End Objects/LoginWithValidCredentials/Page_Chiragh - Home/a_a month ago_dropdownMenuLink")): Object: 'Object Repository/Front End Objects/LoginWithValidCredentials/Page_Chiragh - Home/a_a month ago_dropdownMenuLink' is clicked on

2020-04-15 16:05:51 - [MESSAGE][PASSED] - Object: 'Object Repository/Front End Objects/LoginWithValidCredentials/Page_Chiragh - Home/a_a month ago_dropdownMenuLink' is clicked on

2020-04-15 16:05:51 - [TEST_STEP][PASSED] - delay(5): Delayed 5 second(s)

2020-04-15 16:05:56 - [MESSAGE][PASSED] - Delayed 5 second(s)

2020-04-15 16:05:56 - [TEST_STEP][PASSED] - click(findTestObject("Object Repository/Front End Objects/LoginWithValidCredentials/Page_Chiragh - Home/a_HI AutoChiragh")): Object: 'Object Repository/Front End Objects/LoginWithValidCredentials/Page_Chiragh - Home/a_HI AutoChiragh' is clicked on

2020-04-15 16:05:58 - [MESSAGE][PASSED] - Object: 'Object Repository/Front End Objects/LoginWithValidCredentials/Page_Chiragh - Home/a_HI AutoChiragh' is clicked on

2020-04-15 16:05:58 - [TEST_STEP][PASSED] - click(findTestObject("Front End Objects/TopUp(AED)/Page_Chiragh - Dashborad Home/a_My Wallet")): Object: 'Object Repository/Front End Objects/TopUp(AED)/Page_Chiragh - Dashborad Home/a_My Wallet' is clicked on

2020-04-15 16:05:59 - [MESSAGE][PASSED] - Object: 'Object Repository/Front End Objects/TopUp(AED)/Page_Chiragh - Dashborad Home/a_My Wallet' is clicked on

2020-04-15 16:05:59 - [TEST_STEP][PASSED] - click(findTestObject("Front End Objects/TopUp(AED)/Page_Chiragh - User Account Summary/a_Make a Transaction")): Object: 'Object Repository/Front End Objects/TopUp(AED)/Page_Chiragh - User Account Summary/a_Make a Transaction' is clicked on

2020-04-15 16:06:02 - [MESSAGE][PASSED] - Object: 'Object Repository/Front End Objects/TopUp(AED)/Page_Chiragh - User Account Summary/a_Make a Transaction' is clicked on

2020-04-15 16:06:02 - [TEST_STEP][PASSED] - delay(3): Delayed 3 second(s)

2020-04-15 16:06:05 - [MESSAGE][PASSED] - Delayed 3 second(s)

2020-04-15 16:06:05 - [TEST_STEP][PASSED] - setText(findTestObject("Front End Objects/TopUp(AED)/Page_Chiragh - Transaction Top Up/input_Chiragh Wallet _amount"), "1000"): Text '1000' is set on object 'Object Repository/Front End Objects/TopUp(AED)/Page_Chiragh - Transaction Top Up/input_Chiragh Wallet _amount'

2020-04-15 16:06:06 - [MESSAGE][PASSED] - Text '1000' is set on object 'Object Repository/Front End Objects/TopUp(AED)/Page_Chiragh - Transaction Top Up/input_Chiragh Wallet _amount'

2020-04-15 16:06:06 - [TEST_STEP][PASSED] - click(findTestObject("Object Repository/Front End Objects/TopUp(AED)/Page_Chiragh - Transaction Top Up/select_USD AED EUR")): Object: 'Object Repository/Front End Objects/TopUp(AED)/Page_Chiragh - Transaction Top Up/select_USD AED EUR' is clicked on

2020-04-15 16:06:06 - [MESSAGE][PASSED] - Object: 'Object Repository/Front End Objects/TopUp(AED)/Page_Chiragh - Transaction Top Up/select_USD AED EUR' is clicked on

2020-04-15 16:06:06 - [TEST_STEP][PASSED] - click(findTestObject("Object Repository/Front End Objects/TopUp(AED)/Page_Chiragh - Transaction Top Up/currency_EUR")): Object: 'Object Repository/Front End Objects/TopUp(AED)/Page_Chiragh - Transaction Top Up/currency_EUR' is clicked on

2020-04-15 16:06:07 - [MESSAGE][PASSED] - Object: 'Object Repository/Front End Objects/TopUp(AED)/Page_Chiragh - Transaction Top Up/currency_EUR' is clicked on

2020-04-15 16:06:07 - [TEST_STEP][PASSED] - delay(5): Delayed 5 second(s)

2020-04-15 16:06:12 - [MESSAGE][PASSED] - Delayed 5 second(s)

2020-04-15 16:06:12 - [TEST_STEP][PASSED] - click(findTestObject("Front End Objects/TopUp(AED)/Page_Chiragh - Transaction Top Up/select_ChiraghBank")): Object: 'Object Repository/Front End Objects/TopUp(AED)/Page_Chiragh - Transaction Top Up/select_ChiraghBank' is clicked on

2020-04-15 16:06:12 - [MESSAGE][PASSED] - Object: 'Object Repository/Front End Objects/TopUp(AED)/Page_Chiragh - Transaction Top Up/select_ChiraghBank' is clicked on

2020-04-15 16:06:12 - [TEST_STEP][PASSED] - click(findTestObject("Front End Objects/TopUp(AED)/Page_Chiragh - Transaction Top Up/BankOption1")): Object: 'Object Repository/Front End Objects/TopUp(AED)/Page_Chiragh - Transaction Top Up/BankOption1' is clicked on

2020-04-15 16:06:13 - [MESSAGE][PASSED] - Object: 'Object Repository/Front End Objects/TopUp(AED)/Page_Chiragh - Transaction Top Up/BankOption1' is clicked on

2020-04-15 16:06:13 - [TEST_STEP][PASSED] - setText(findTestObject("Front End Objects/TopUp(AED)/Page_Chiragh - Transaction Top Up/input_Transaction ID _transact"), "676767"): Text '676767' is set on object 'Object Repository/Front End Objects/TopUp(AED)/Page_Chiragh - Transaction Top Up/input_Transaction ID _transact'

2020-04-15 16:06:14 - [MESSAGE][PASSED] - Text '676767' is set on object 'Object Repository/Front End Objects/TopUp(AED)/Page_Chiragh - Transaction Top Up/input_Transaction ID _transact'

2020-04-15 16:06:14 - [TEST_STEP][FAILED] - uploadFile(findTestObject("Front End Objects/TopUp(AED)/Page_Chiragh - Transaction Top Up/UploadReceipt"), "C:\Users\HP\git\chiraghAdminPanel\Include\PropertyImages\1584693242612-Scanned_Passport_Copy.png"): Unable to upload file 'C:\Users\HP\git\chiraghAdminPanel\Include\PropertyImages\1584693242612-Scanned_Passport_Copy.png' to object 'Object Repository/Front End Objects/TopUp(AED)/Page_Chiragh - Transaction Top Up/UploadReceipt' (Root cause: com.kms.katalon.core.exception.StepFailedException: Unable to upload file 'C:\Users\HP\git\chiraghAdminPanel\Include\PropertyImages\1584693242612-Scanned_Passport_Copy.png' to object 'Object Repository/Front End Objects/TopUp(AED)/Page_Chiragh - Transaction Top Up/UploadReceipt'
	at com.kms.katalon.core.webui.keyword.internal.WebUIKeywordMain.stepFailed(WebUIKeywordMain.groovy:64)
	at com.kms.katalon.core.webui.keyword.internal.WebUIKeywordMain.runKeyword(WebUIKeywordMain.groovy:26)
	at com.kms.katalon.core.webui.keyword.builtin.UploadFileKeyword.uploadFile(UploadFileKeyword.groovy:87)
	at com.kms.katalon.core.webui.keyword.builtin.UploadFileKeyword.execute(UploadFileKeyword.groovy:68)
	at com.kms.katalon.core.keyword.internal.KeywordExecutor.executeKeywordForPlatform(KeywordExecutor.groovy:72)
	at com.kms.katalon.core.webui.keyword.WebUiBuiltInKeywords.uploadFile(WebUiBuiltInKeywords.groovy:2971)
	at com.kms.katalon.core.webui.keyword.WebUiBuiltInKeywords$uploadFile$8.call(Unknown Source)
	at TC_TopUP(EUR)_004.run(TC_TopUP(EUR)_004:68)
	at com.kms.katalon.core.main.ScriptEngine.run(ScriptEngine.java:194)
	at com.kms.katalon.core.main.ScriptEngine.runScriptAsRawText(ScriptEngine.java:119)
	at com.kms.katalon.core.main.TestCaseExecutor.runScript(TestCaseExecutor.java:337)
	at com.kms.katalon.core.main.TestCaseExecutor.doExecute(TestCaseExecutor.java:328)
	at com.kms.katalon.core.main.TestCaseExecutor.processExecutionPhase(TestCaseExecutor.java:307)
	at com.kms.katalon.core.main.TestCaseExecutor.accessMainPhase(TestCaseExecutor.java:299)
	at com.kms.katalon.core.main.TestCaseExecutor.execute(TestCaseExecutor.java:233)
	at com.kms.katalon.core.main.TestSuiteExecutor.accessTestCaseMainPhase(TestSuiteExecutor.java:169)
	at com.kms.katalon.core.main.TestSuiteExecutor.accessTestSuiteMainPhase(TestSuiteExecutor.java:142)
	at com.kms.katalon.core.main.TestSuiteExecutor.execute(TestSuiteExecutor.java:91)
	at com.kms.katalon.core.main.TestCaseMain.startTestSuite(TestCaseMain.java:157)
	at com.kms.katalon.core.main.TestCaseMain$startTestSuite$0.call(Unknown Source)
	at TempTestSuite1586966428771.run(TempTestSuite1586966428771.groovy:36)
Caused by: org.openqa.selenium.InvalidArgumentException: File not found: C:\Users\HP\git\chiraghAdminPanel\Include\PropertyImages\1584693242612-Scanned_Passport_Copy.png
Build info: version: '3.141.59', revision: 'e82be7d358', time: '2018-11-14T08:25:53'
System info: host: 'EC2AMAZ-QUDPRKJ', ip: '172.31.5.210', os.name: 'Windows Server 2016', os.arch: 'amd64', os.version: '10.0', java.version: '1.8.0_181'
Driver info: com.kms.katalon.core.webui.driver.firefox.CGeckoDriver
Capabilities {acceptInsecureCerts: true, browserName: firefox, browserVersion: 75.0, javascriptEnabled: true, moz:accessibilityChecks: false, moz:buildID: 20200403170909, moz:geckodriverVersion: 0.23.0, moz:headless: false, moz:processID: 164, moz:profile: C:\Users\Administrator\AppD..., moz:shutdownTimeout: 60000, moz:useNonSpecCompliantPointerOrigin: false, moz:webdriverClick: true, pageLoadStrategy: normal, platform: WINDOWS, platformName: WINDOWS, platformVersion: 10.0, proxy: Proxy(direct), rotatable: false, setWindowRect: true, strictFileInteractability: false, timeouts: {implicit: 0, pageLoad: 300000, script: 30000}, unhandledPromptBehavior: dismiss and notify}
Session ID: 0d56bfb7-68bc-456a-853c-ec40cb3b045e
	at org.openqa.selenium.remote.http.W3CHttpResponseCodec.createException(W3CHttpResponseCodec.java:187)
	at org.openqa.selenium.remote.http.W3CHttpResponseCodec.decode(W3CHttpResponseCodec.java:122)
	at org.openqa.selenium.remote.http.W3CHttpResponseCodec.decode(W3CHttpResponseCodec.java:49)
	at org.openqa.selenium.remote.HttpCommandExecutor.execute(HttpCommandExecutor.java:158)
	at org.openqa.selenium.remote.service.DriverCommandExecutor.execute(DriverCommandExecutor.java:83)
	at org.openqa.selenium.remote.RemoteWebDriver.execute(RemoteWebDriver.java:552)
	at com.kms.katalon.selenium.driver.CFirefoxDriver.execute(CFirefoxDriver.java:27)
	at org.openqa.selenium.remote.RemoteWebElement.execute(RemoteWebElement.java:285)
	at org.openqa.selenium.remote.RemoteWebElement.sendKeys(RemoteWebElement.java:106)
	at org.openqa.selenium.support.events.EventFiringWebDriver$EventFiringWebElement.lambda$new$0(EventFiringWebDriver.java:404)
	at com.sun.proxy.$Proxy10.sendKeys(Unknown Source)
	at org.openqa.selenium.support.events.EventFiringWebDriver$EventFiringWebElement.sendKeys(EventFiringWebDriver.java:429)
	at com.kms.katalon.core.webui.keyword.builtin.UploadFileKeyword$_uploadFile_closure1.doCall(UploadFileKeyword.groovy:80)
	at com.kms.katalon.core.webui.keyword.builtin.UploadFileKeyword$_uploadFile_closure1.call(UploadFileKeyword.groovy)
	at com.kms.katalon.core.webui.keyword.internal.WebUIKeywordMain.runKeyword(WebUIKeywordMain.groovy:20)
	at com.kms.katalon.core.webui.keyword.builtin.UploadFileKeyword.uploadFile(UploadFileKeyword.groovy:87)
	at com.kms.katalon.core.webui.keyword.builtin.UploadFileKeyword.execute(UploadFileKeyword.groovy:68)
	at com.kms.katalon.core.keyword.internal.KeywordExecutor.executeKeywordForPlatform(KeywordExecutor.groovy:72)
	at com.kms.katalon.core.webui.keyword.WebUiBuiltInKeywords.uploadFile(WebUiBuiltInKeywords.groovy:2971)
	at com.kms.katalon.core.webui.keyword.WebUiBuiltInKeywords$uploadFile$8.call(Unknown Source)
	at Script1585303668614.run(Script1585303668614.groovy:68)
	... 13 more
)

2020-04-15 16:06:15 - [MESSAGE][FAILED] - Unable to upload file 'C:\Users\HP\git\chiraghAdminPanel\Include\PropertyImages\1584693242612-Scanned_Passport_Copy.png' to object 'Object Repository/Front End Objects/TopUp(AED)/Page_Chiragh - Transaction Top Up/UploadReceipt' (Root cause: com.kms.katalon.core.exception.StepFailedException: Unable to upload file 'C:\Users\HP\git\chiraghAdminPanel\Include\PropertyImages\1584693242612-Scanned_Passport_Copy.png' to object 'Object Repository/Front End Objects/TopUp(AED)/Page_Chiragh - Transaction Top Up/UploadReceipt'
	at com.kms.katalon.core.webui.keyword.internal.WebUIKeywordMain.stepFailed(WebUIKeywordMain.groovy:64)
	at com.kms.katalon.core.webui.keyword.internal.WebUIKeywordMain.runKeyword(WebUIKeywordMain.groovy:26)
	at com.kms.katalon.core.webui.keyword.builtin.UploadFileKeyword.uploadFile(UploadFileKeyword.groovy:87)
	at com.kms.katalon.core.webui.keyword.builtin.UploadFileKeyword.execute(UploadFileKeyword.groovy:68)
	at com.kms.katalon.core.keyword.internal.KeywordExecutor.executeKeywordForPlatform(KeywordExecutor.groovy:72)
	at com.kms.katalon.core.webui.keyword.WebUiBuiltInKeywords.uploadFile(WebUiBuiltInKeywords.groovy:2971)
	at com.kms.katalon.core.webui.keyword.WebUiBuiltInKeywords$uploadFile$8.call(Unknown Source)
	at TC_TopUP(EUR)_004.run(TC_TopUP(EUR)_004:68)
	at com.kms.katalon.core.main.ScriptEngine.run(ScriptEngine.java:194)
	at com.kms.katalon.core.main.ScriptEngine.runScriptAsRawText(ScriptEngine.java:119)
	at com.kms.katalon.core.main.TestCaseExecutor.runScript(TestCaseExecutor.java:337)
	at com.kms.katalon.core.main.TestCaseExecutor.doExecute(TestCaseExecutor.java:328)
	at com.kms.katalon.core.main.TestCaseExecutor.processExecutionPhase(TestCaseExecutor.java:307)
	at com.kms.katalon.core.main.TestCaseExecutor.accessMainPhase(TestCaseExecutor.java:299)
	at com.kms.katalon.core.main.TestCaseExecutor.execute(TestCaseExecutor.java:233)
	at com.kms.katalon.core.main.TestSuiteExecutor.accessTestCaseMainPhase(TestSuiteExecutor.java:169)
	at com.kms.katalon.core.main.TestSuiteExecutor.accessTestSuiteMainPhase(TestSuiteExecutor.java:142)
	at com.kms.katalon.core.main.TestSuiteExecutor.execute(TestSuiteExecutor.java:91)
	at com.kms.katalon.core.main.TestCaseMain.startTestSuite(TestCaseMain.java:157)
	at com.kms.katalon.core.main.TestCaseMain$startTestSuite$0.call(Unknown Source)
	at TempTestSuite1586966428771.run(TempTestSuite1586966428771.groovy:36)
Caused by: org.openqa.selenium.InvalidArgumentException: File not found: C:\Users\HP\git\chiraghAdminPanel\Include\PropertyImages\1584693242612-Scanned_Passport_Copy.png
Build info: version: '3.141.59', revision: 'e82be7d358', time: '2018-11-14T08:25:53'
System info: host: 'EC2AMAZ-QUDPRKJ', ip: '172.31.5.210', os.name: 'Windows Server 2016', os.arch: 'amd64', os.version: '10.0', java.version: '1.8.0_181'
Driver info: com.kms.katalon.core.webui.driver.firefox.CGeckoDriver
Capabilities {acceptInsecureCerts: true, browserName: firefox, browserVersion: 75.0, javascriptEnabled: true, moz:accessibilityChecks: false, moz:buildID: 20200403170909, moz:geckodriverVersion: 0.23.0, moz:headless: false, moz:processID: 164, moz:profile: C:\Users\Administrator\AppD..., moz:shutdownTimeout: 60000, moz:useNonSpecCompliantPointerOrigin: false, moz:webdriverClick: true, pageLoadStrategy: normal, platform: WINDOWS, platformName: WINDOWS, platformVersion: 10.0, proxy: Proxy(direct), rotatable: false, setWindowRect: true, strictFileInteractability: false, timeouts: {implicit: 0, pageLoad: 300000, script: 30000}, unhandledPromptBehavior: dismiss and notify}
Session ID: 0d56bfb7-68bc-456a-853c-ec40cb3b045e
	at org.openqa.selenium.remote.http.W3CHttpResponseCodec.createException(W3CHttpResponseCodec.java:187)
	at org.openqa.selenium.remote.http.W3CHttpResponseCodec.decode(W3CHttpResponseCodec.java:122)
	at org.openqa.selenium.remote.http.W3CHttpResponseCodec.decode(W3CHttpResponseCodec.java:49)
	at org.openqa.selenium.remote.HttpCommandExecutor.execute(HttpCommandExecutor.java:158)
	at org.openqa.selenium.remote.service.DriverCommandExecutor.execute(DriverCommandExecutor.java:83)
	at org.openqa.selenium.remote.RemoteWebDriver.execute(RemoteWebDriver.java:552)
	at com.kms.katalon.selenium.driver.CFirefoxDriver.execute(CFirefoxDriver.java:27)
	at org.openqa.selenium.remote.RemoteWebElement.execute(RemoteWebElement.java:285)
	at org.openqa.selenium.remote.RemoteWebElement.sendKeys(RemoteWebElement.java:106)
	at org.openqa.selenium.support.events.EventFiringWebDriver$EventFiringWebElement.lambda$new$0(EventFiringWebDriver.java:404)
	at com.sun.proxy.$Proxy10.sendKeys(Unknown Source)
	at org.openqa.selenium.support.events.EventFiringWebDriver$EventFiringWebElement.sendKeys(EventFiringWebDriver.java:429)
	at com.kms.katalon.core.webui.keyword.builtin.UploadFileKeyword$_uploadFile_closure1.doCall(UploadFileKeyword.groovy:80)
	at com.kms.katalon.core.webui.keyword.builtin.UploadFileKeyword$_uploadFile_closure1.call(UploadFileKeyword.groovy)
	at com.kms.katalon.core.webui.keyword.internal.WebUIKeywordMain.runKeyword(WebUIKeywordMain.groovy:20)
	at com.kms.katalon.core.webui.keyword.builtin.UploadFileKeyword.uploadFile(UploadFileKeyword.groovy:87)
	at com.kms.katalon.core.webui.keyword.builtin.UploadFileKeyword.execute(UploadFileKeyword.groovy:68)
	at com.kms.katalon.core.keyword.internal.KeywordExecutor.executeKeywordForPlatform(KeywordExecutor.groovy:72)
	at com.kms.katalon.core.webui.keyword.WebUiBuiltInKeywords.uploadFile(WebUiBuiltInKeywords.groovy:2971)
	at com.kms.katalon.core.webui.keyword.WebUiBuiltInKeywords$uploadFile$8.call(Unknown Source)
	at Script1585303668614.run(Script1585303668614.groovy:68)
	... 13 more
)
[[ATTACHMENT|C:\\Users\\Administrator\\Git\\chiraghAdminPanel\\Reports\\20200415_160028\\ChiraghWeb_FrontEnd_Tests\\20200415_160028\\1586966775080.png]]

2020-04-15 16:06:17 - [TEST_STEP][PASSED] - Video: Video recording for test case 'Test Cases/Front End/TC_TopUP(EUR)_004' .

2020-04-15 16:06:17 - [MESSAGE][INFO] - Video recording for test case 'Test Cases/Front End/TC_TopUP(EUR)_004' .
[[ATTACHMENT|C:\\Users\\Administrator\\Git\\chiraghAdminPanel\\Reports\\20200415_160028\\ChiraghWeb_FrontEnd_Tests\\20200415_160028/videos\\test_8.mov]]]]></system-out>
         <system-err><![CDATA[2020-04-15 16:05:37 - [TEST_CASE][FAILED] - Test Cases/Front End/TC_TopUP(EUR)_004: Test Cases/Front End/TC_TopUP(EUR)_004 FAILED.
Reason:
com.kms.katalon.core.exception.StepFailedException: Unable to upload file 'C:\Users\HP\git\chiraghAdminPanel\Include\PropertyImages\1584693242612-Scanned_Passport_Copy.png' to object 'Object Repository/Front End Objects/TopUp(AED)/Page_Chiragh - Transaction Top Up/UploadReceipt'
	at com.kms.katalon.core.webui.keyword.internal.WebUIKeywordMain.stepFailed(WebUIKeywordMain.groovy:64)
	at com.kms.katalon.core.webui.keyword.internal.WebUIKeywordMain.runKeyword(WebUIKeywordMain.groovy:26)
	at com.kms.katalon.core.webui.keyword.builtin.UploadFileKeyword.uploadFile(UploadFileKeyword.groovy:87)
	at com.kms.katalon.core.webui.keyword.builtin.UploadFileKeyword.execute(UploadFileKeyword.groovy:68)
	at com.kms.katalon.core.keyword.internal.KeywordExecutor.executeKeywordForPlatform(KeywordExecutor.groovy:72)
	at com.kms.katalon.core.webui.keyword.WebUiBuiltInKeywords.uploadFile(WebUiBuiltInKeywords.groovy:2971)
	at com.kms.katalon.core.webui.keyword.WebUiBuiltInKeywords$uploadFile$8.call(Unknown Source)
	at TC_TopUP(EUR)_004.run(TC_TopUP(EUR)_004:68)
	at com.kms.katalon.core.main.ScriptEngine.run(ScriptEngine.java:194)
	at com.kms.katalon.core.main.ScriptEngine.runScriptAsRawText(ScriptEngine.java:119)
	at com.kms.katalon.core.main.TestCaseExecutor.runScript(TestCaseExecutor.java:337)
	at com.kms.katalon.core.main.TestCaseExecutor.doExecute(TestCaseExecutor.java:328)
	at com.kms.katalon.core.main.TestCaseExecutor.processExecutionPhase(TestCaseExecutor.java:307)
	at com.kms.katalon.core.main.TestCaseExecutor.accessMainPhase(TestCaseExecutor.java:299)
	at com.kms.katalon.core.main.TestCaseExecutor.execute(TestCaseExecutor.java:233)
	at com.kms.katalon.core.main.TestSuiteExecutor.accessTestCaseMainPhase(TestSuiteExecutor.java:169)
	at com.kms.katalon.core.main.TestSuiteExecutor.accessTestSuiteMainPhase(TestSuiteExecutor.java:142)
	at com.kms.katalon.core.main.TestSuiteExecutor.execute(TestSuiteExecutor.java:91)
	at com.kms.katalon.core.main.TestCaseMain.startTestSuite(TestCaseMain.java:157)
	at com.kms.katalon.core.main.TestCaseMain$startTestSuite$0.call(Unknown Source)
	at TempTestSuite1586966428771.run(TempTestSuite1586966428771.groovy:36)
Caused by: org.openqa.selenium.InvalidArgumentException: File not found: C:\Users\HP\git\chiraghAdminPanel\Include\PropertyImages\1584693242612-Scanned_Passport_Copy.png
Build info: version: '3.141.59', revision: 'e82be7d358', time: '2018-11-14T08:25:53'
System info: host: 'EC2AMAZ-QUDPRKJ', ip: '172.31.5.210', os.name: 'Windows Server 2016', os.arch: 'amd64', os.version: '10.0', java.version: '1.8.0_181'
Driver info: com.kms.katalon.core.webui.driver.firefox.CGeckoDriver
Capabilities {acceptInsecureCerts: true, browserName: firefox, browserVersion: 75.0, javascriptEnabled: true, moz:accessibilityChecks: false, moz:buildID: 20200403170909, moz:geckodriverVersion: 0.23.0, moz:headless: false, moz:processID: 164, moz:profile: C:\Users\Administrator\AppD..., moz:shutdownTimeout: 60000, moz:useNonSpecCompliantPointerOrigin: false, moz:webdriverClick: true, pageLoadStrategy: normal, platform: WINDOWS, platformName: WINDOWS, platformVersion: 10.0, proxy: Proxy(direct), rotatable: false, setWindowRect: true, strictFileInteractability: false, timeouts: {implicit: 0, pageLoad: 300000, script: 30000}, unhandledPromptBehavior: dismiss and notify}
Session ID: 0d56bfb7-68bc-456a-853c-ec40cb3b045e
	at org.openqa.selenium.remote.http.W3CHttpResponseCodec.createException(W3CHttpResponseCodec.java:187)
	at org.openqa.selenium.remote.http.W3CHttpResponseCodec.decode(W3CHttpResponseCodec.java:122)
	at org.openqa.selenium.remote.http.W3CHttpResponseCodec.decode(W3CHttpResponseCodec.java:49)
	at org.openqa.selenium.remote.HttpCommandExecutor.execute(HttpCommandExecutor.java:158)
	at org.openqa.selenium.remote.service.DriverCommandExecutor.execute(DriverCommandExecutor.java:83)
	at org.openqa.selenium.remote.RemoteWebDriver.execute(RemoteWebDriver.java:552)
	at com.kms.katalon.selenium.driver.CFirefoxDriver.execute(CFirefoxDriver.java:27)
	at org.openqa.selenium.remote.RemoteWebElement.execute(RemoteWebElement.java:285)
	at org.openqa.selenium.remote.RemoteWebElement.sendKeys(RemoteWebElement.java:106)
	at org.openqa.selenium.support.events.EventFiringWebDriver$EventFiringWebElement.lambda$new$0(EventFiringWebDriver.java:404)
	at com.sun.proxy.$Proxy10.sendKeys(Unknown Source)
	at org.openqa.selenium.support.events.EventFiringWebDriver$EventFiringWebElement.sendKeys(EventFiringWebDriver.java:429)
	at com.kms.katalon.core.webui.keyword.builtin.UploadFileKeyword$_uploadFile_closure1.doCall(UploadFileKeyword.groovy:80)
	at com.kms.katalon.core.webui.keyword.builtin.UploadFileKeyword$_uploadFile_closure1.call(UploadFileKeyword.groovy)
	at com.kms.katalon.core.webui.keyword.internal.WebUIKeywordMain.runKeyword(WebUIKeywordMain.groovy:20)
	... 19 more]]></system-err>
      </testcase>
      <testcase name="Test Cases/Front End/TC_TopUP(USD)_005" time="41.917" classname="Test Cases/Front End/TC_TopUP(USD)_005" status="FAILED">
         <failure type="FAILED" message="Test Cases/Front End/TC_TopUP(USD)_005 FAILED.
Reason:
com.kms.katalon.core.exception.StepFailedException: Unable to upload file 'C:\Users\HP\git\chiraghAdminPanel\Include\PropertyImages\1584693242612-Scanned_Passport_Copy.png' to object 'Object Repository/Front End Objects/TopUp(AED)/Page_Chiragh - Transaction Top Up/UploadReceipt'
	at com.kms.katalon.core.webui.keyword.internal.WebUIKeywordMain.stepFailed(WebUIKeywordMain.groovy:64)
	at com.kms.katalon.core.webui.keyword.internal.WebUIKeywordMain.runKeyword(WebUIKeywordMain.groovy:26)
	at com.kms.katalon.core.webui.keyword.builtin.UploadFileKeyword.uploadFile(UploadFileKeyword.groovy:87)
	at com.kms.katalon.core.webui.keyword.builtin.UploadFileKeyword.execute(UploadFileKeyword.groovy:68)
	at com.kms.katalon.core.keyword.internal.KeywordExecutor.executeKeywordForPlatform(KeywordExecutor.groovy:72)
	at com.kms.katalon.core.webui.keyword.WebUiBuiltInKeywords.uploadFile(WebUiBuiltInKeywords.groovy:2971)
	at com.kms.katalon.core.webui.keyword.WebUiBuiltInKeywords$uploadFile$8.call(Unknown Source)
	at TC_TopUP(USD)_005.run(TC_TopUP(USD)_005:70)
	at com.kms.katalon.core.main.ScriptEngine.run(ScriptEngine.java:194)
	at com.kms.katalon.core.main.ScriptEngine.runScriptAsRawText(ScriptEngine.java:119)
	at com.kms.katalon.core.main.TestCaseExecutor.runScript(TestCaseExecutor.java:337)
	at com.kms.katalon.core.main.TestCaseExecutor.doExecute(TestCaseExecutor.java:328)
	at com.kms.katalon.core.main.TestCaseExecutor.processExecutionPhase(TestCaseExecutor.java:307)
	at com.kms.katalon.core.main.TestCaseExecutor.accessMainPhase(TestCaseExecutor.java:299)
	at com.kms.katalon.core.main.TestCaseExecutor.execute(TestCaseExecutor.java:233)
	at com.kms.katalon.core.main.TestSuiteExecutor.accessTestCaseMainPhase(TestSuiteExecutor.java:169)
	at com.kms.katalon.core.main.TestSuiteExecutor.accessTestSuiteMainPhase(TestSuiteExecutor.java:142)
	at com.kms.katalon.core.main.TestSuiteExecutor.execute(TestSuiteExecutor.java:91)
	at com.kms.katalon.core.main.TestCaseMain.startTestSuite(TestCaseMain.java:157)
	at com.kms.katalon.core.main.TestCaseMain$startTestSuite$0.call(Unknown Source)
	at TempTestSuite1586966428771.run(TempTestSuite1586966428771.groovy:36)
Caused by: org.openqa.selenium.InvalidArgumentException: File not found: C:\Users\HP\git\chiraghAdminPanel\Include\PropertyImages\1584693242612-Scanned_Passport_Copy.png
Build info: version: '3.141.59', revision: 'e82be7d358', time: '2018-11-14T08:25:53'
System info: host: 'EC2AMAZ-QUDPRKJ', ip: '172.31.5.210', os.name: 'Windows Server 2016', os.arch: 'amd64', os.version: '10.0', java.version: '1.8.0_181'
Driver info: com.kms.katalon.core.webui.driver.firefox.CGeckoDriver
Capabilities {acceptInsecureCerts: true, browserName: firefox, browserVersion: 75.0, javascriptEnabled: true, moz:accessibilityChecks: false, moz:buildID: 20200403170909, moz:geckodriverVersion: 0.23.0, moz:headless: false, moz:processID: 8612, moz:profile: C:\Users\Administrator\AppD..., moz:shutdownTimeout: 60000, moz:useNonSpecCompliantPointerOrigin: false, moz:webdriverClick: true, pageLoadStrategy: normal, platform: WINDOWS, platformName: WINDOWS, platformVersion: 10.0, proxy: Proxy(direct), rotatable: false, setWindowRect: true, strictFileInteractability: false, timeouts: {implicit: 0, pageLoad: 300000, script: 30000}, unhandledPromptBehavior: dismiss and notify}
Session ID: 0add37ed-f5f0-4da5-89f9-2d1f04c7d09f
	at org.openqa.selenium.remote.http.W3CHttpResponseCodec.createException(W3CHttpResponseCodec.java:187)
	at org.openqa.selenium.remote.http.W3CHttpResponseCodec.decode(W3CHttpResponseCodec.java:122)
	at org.openqa.selenium.remote.http.W3CHttpResponseCodec.decode(W3CHttpResponseCodec.java:49)
	at org.openqa.selenium.remote.HttpCommandExecutor.execute(HttpCommandExecutor.java:158)
	at org.openqa.selenium.remote.service.DriverCommandExecutor.execute(DriverCommandExecutor.java:83)
	at org.openqa.selenium.remote.RemoteWebDriver.execute(RemoteWebDriver.java:552)
	at com.kms.katalon.selenium.driver.CFirefoxDriver.execute(CFirefoxDriver.java:27)
	at org.openqa.selenium.remote.RemoteWebElement.execute(RemoteWebElement.java:285)
	at org.openqa.selenium.remote.RemoteWebElement.sendKeys(RemoteWebElement.java:106)
	at org.openqa.selenium.support.events.EventFiringWebDriver$EventFiringWebElement.lambda$new$0(EventFiringWebDriver.java:404)
	at com.sun.proxy.$Proxy10.sendKeys(Unknown Source)
	at org.openqa.selenium.support.events.EventFiringWebDriver$EventFiringWebElement.sendKeys(EventFiringWebDriver.java:429)
	at com.kms.katalon.core.webui.keyword.builtin.UploadFileKeyword$_uploadFile_closure1.doCall(UploadFileKeyword.groovy:80)
	at com.kms.katalon.core.webui.keyword.builtin.UploadFileKeyword$_uploadFile_closure1.call(UploadFileKeyword.groovy)
	at com.kms.katalon.core.webui.keyword.internal.WebUIKeywordMain.runKeyword(WebUIKeywordMain.groovy:20)
	... 19 more
"/>
         <system-out><![CDATA[2020-04-15 16:06:17 - [TEST_CASE][FAILED] - Test Cases/Front End/TC_TopUP(USD)_005: Test Cases/Front End/TC_TopUP(USD)_005 FAILED.
Reason:
com.kms.katalon.core.exception.StepFailedException: Unable to upload file 'C:\Users\HP\git\chiraghAdminPanel\Include\PropertyImages\1584693242612-Scanned_Passport_Copy.png' to object 'Object Repository/Front End Objects/TopUp(AED)/Page_Chiragh - Transaction Top Up/UploadReceipt'
	at com.kms.katalon.core.webui.keyword.internal.WebUIKeywordMain.stepFailed(WebUIKeywordMain.groovy:64)
	at com.kms.katalon.core.webui.keyword.internal.WebUIKeywordMain.runKeyword(WebUIKeywordMain.groovy:26)
	at com.kms.katalon.core.webui.keyword.builtin.UploadFileKeyword.uploadFile(UploadFileKeyword.groovy:87)
	at com.kms.katalon.core.webui.keyword.builtin.UploadFileKeyword.execute(UploadFileKeyword.groovy:68)
	at com.kms.katalon.core.keyword.internal.KeywordExecutor.executeKeywordForPlatform(KeywordExecutor.groovy:72)
	at com.kms.katalon.core.webui.keyword.WebUiBuiltInKeywords.uploadFile(WebUiBuiltInKeywords.groovy:2971)
	at com.kms.katalon.core.webui.keyword.WebUiBuiltInKeywords$uploadFile$8.call(Unknown Source)
	at TC_TopUP(USD)_005.run(TC_TopUP(USD)_005:70)
	at com.kms.katalon.core.main.ScriptEngine.run(ScriptEngine.java:194)
	at com.kms.katalon.core.main.ScriptEngine.runScriptAsRawText(ScriptEngine.java:119)
	at com.kms.katalon.core.main.TestCaseExecutor.runScript(TestCaseExecutor.java:337)
	at com.kms.katalon.core.main.TestCaseExecutor.doExecute(TestCaseExecutor.java:328)
	at com.kms.katalon.core.main.TestCaseExecutor.processExecutionPhase(TestCaseExecutor.java:307)
	at com.kms.katalon.core.main.TestCaseExecutor.accessMainPhase(TestCaseExecutor.java:299)
	at com.kms.katalon.core.main.TestCaseExecutor.execute(TestCaseExecutor.java:233)
	at com.kms.katalon.core.main.TestSuiteExecutor.accessTestCaseMainPhase(TestSuiteExecutor.java:169)
	at com.kms.katalon.core.main.TestSuiteExecutor.accessTestSuiteMainPhase(TestSuiteExecutor.java:142)
	at com.kms.katalon.core.main.TestSuiteExecutor.execute(TestSuiteExecutor.java:91)
	at com.kms.katalon.core.main.TestCaseMain.startTestSuite(TestCaseMain.java:157)
	at com.kms.katalon.core.main.TestCaseMain$startTestSuite$0.call(Unknown Source)
	at TempTestSuite1586966428771.run(TempTestSuite1586966428771.groovy:36)
Caused by: org.openqa.selenium.InvalidArgumentException: File not found: C:\Users\HP\git\chiraghAdminPanel\Include\PropertyImages\1584693242612-Scanned_Passport_Copy.png
Build info: version: '3.141.59', revision: 'e82be7d358', time: '2018-11-14T08:25:53'
System info: host: 'EC2AMAZ-QUDPRKJ', ip: '172.31.5.210', os.name: 'Windows Server 2016', os.arch: 'amd64', os.version: '10.0', java.version: '1.8.0_181'
Driver info: com.kms.katalon.core.webui.driver.firefox.CGeckoDriver
Capabilities {acceptInsecureCerts: true, browserName: firefox, browserVersion: 75.0, javascriptEnabled: true, moz:accessibilityChecks: false, moz:buildID: 20200403170909, moz:geckodriverVersion: 0.23.0, moz:headless: false, moz:processID: 8612, moz:profile: C:\Users\Administrator\AppD..., moz:shutdownTimeout: 60000, moz:useNonSpecCompliantPointerOrigin: false, moz:webdriverClick: true, pageLoadStrategy: normal, platform: WINDOWS, platformName: WINDOWS, platformVersion: 10.0, proxy: Proxy(direct), rotatable: false, setWindowRect: true, strictFileInteractability: false, timeouts: {implicit: 0, pageLoad: 300000, script: 30000}, unhandledPromptBehavior: dismiss and notify}
Session ID: 0add37ed-f5f0-4da5-89f9-2d1f04c7d09f
	at org.openqa.selenium.remote.http.W3CHttpResponseCodec.createException(W3CHttpResponseCodec.java:187)
	at org.openqa.selenium.remote.http.W3CHttpResponseCodec.decode(W3CHttpResponseCodec.java:122)
	at org.openqa.selenium.remote.http.W3CHttpResponseCodec.decode(W3CHttpResponseCodec.java:49)
	at org.openqa.selenium.remote.HttpCommandExecutor.execute(HttpCommandExecutor.java:158)
	at org.openqa.selenium.remote.service.DriverCommandExecutor.execute(DriverCommandExecutor.java:83)
	at org.openqa.selenium.remote.RemoteWebDriver.execute(RemoteWebDriver.java:552)
	at com.kms.katalon.selenium.driver.CFirefoxDriver.execute(CFirefoxDriver.java:27)
	at org.openqa.selenium.remote.RemoteWebElement.execute(RemoteWebElement.java:285)
	at org.openqa.selenium.remote.RemoteWebElement.sendKeys(RemoteWebElement.java:106)
	at org.openqa.selenium.support.events.EventFiringWebDriver$EventFiringWebElement.lambda$new$0(EventFiringWebDriver.java:404)
	at com.sun.proxy.$Proxy10.sendKeys(Unknown Source)
	at org.openqa.selenium.support.events.EventFiringWebDriver$EventFiringWebElement.sendKeys(EventFiringWebDriver.java:429)
	at com.kms.katalon.core.webui.keyword.builtin.UploadFileKeyword$_uploadFile_closure1.doCall(UploadFileKeyword.groovy:80)
	at com.kms.katalon.core.webui.keyword.builtin.UploadFileKeyword$_uploadFile_closure1.call(UploadFileKeyword.groovy)
	at com.kms.katalon.core.webui.keyword.internal.WebUIKeywordMain.runKeyword(WebUIKeywordMain.groovy:20)
	... 19 more


2020-04-15 16:06:17 - [TEST_STEP][PASSED] - openBrowser(""): Browser is opened with url: ''

2020-04-15 16:06:17 - [MESSAGE][WARNING] - A browser is already opened. Closing browser and opening a new one

2020-04-15 16:06:18 - [MESSAGE][INFO] - Starting 'Firefox' driver

2020-04-15 16:06:18 - [MESSAGE][INFO] - Action delay is set to 0 milliseconds

2020-04-15 16:06:21 - [MESSAGE][PASSED] - Browser is opened with url: ''

2020-04-15 16:06:21 - [TEST_STEP][PASSED] - navigateToUrl(Url): Navigate to 'http://test.chiragh.com' successfully

2020-04-15 16:06:22 - [MESSAGE][PASSED] - Navigate to 'http://test.chiragh.com' successfully

2020-04-15 16:06:22 - [TEST_STEP][PASSED] - waitForPageLoad(15): Wait for page load successfully

2020-04-15 16:06:23 - [MESSAGE][PASSED] - Wait for page load successfully

2020-04-15 16:06:23 - [TEST_STEP][PASSED] - maximizeWindow(): Current window maximized

2020-04-15 16:06:23 - [MESSAGE][PASSED] - Current window maximized

2020-04-15 16:06:23 - [TEST_STEP][PASSED] - delay(3): Delayed 3 second(s)

2020-04-15 16:06:26 - [MESSAGE][PASSED] - Delayed 3 second(s)

2020-04-15 16:06:26 - [TEST_STEP][PASSED] - click(findTestObject("Object Repository/Front End Objects/LoginWithValidCredentials/Page_Chiragh - Home/a_ENG_dropdownMenuLink")): Object: 'Object Repository/Front End Objects/LoginWithValidCredentials/Page_Chiragh - Home/a_ENG_dropdownMenuLink' is clicked on

2020-04-15 16:06:26 - [MESSAGE][PASSED] - Object: 'Object Repository/Front End Objects/LoginWithValidCredentials/Page_Chiragh - Home/a_ENG_dropdownMenuLink' is clicked on

2020-04-15 16:06:26 - [TEST_STEP][PASSED] - click(findTestObject("Object Repository/Front End Objects/LoginWithValidCredentials/Page_Chiragh - Home/a_Login")): Object: 'Object Repository/Front End Objects/LoginWithValidCredentials/Page_Chiragh - Home/a_Login' is clicked on

2020-04-15 16:06:27 - [MESSAGE][PASSED] - Object: 'Object Repository/Front End Objects/LoginWithValidCredentials/Page_Chiragh - Home/a_Login' is clicked on

2020-04-15 16:06:27 - [TEST_STEP][PASSED] - setText(findTestObject("Object Repository/Front End Objects/LoginWithValidCredentials/Page_Chiragh - Login/input_Username_un"), userName): Text 'AUTOCHIRAGH' is set on object 'Object Repository/Front End Objects/LoginWithValidCredentials/Page_Chiragh - Login/input_Username_un'

2020-04-15 16:06:27 - [MESSAGE][PASSED] - Text 'AUTOCHIRAGH' is set on object 'Object Repository/Front End Objects/LoginWithValidCredentials/Page_Chiragh - Login/input_Username_un'

2020-04-15 16:06:27 - [TEST_STEP][PASSED] - setEncryptedText(findTestObject("Object Repository/Front End Objects/LoginWithValidCredentials/Page_Chiragh - Login/input_Password_userPassword"), "RigbBhfdqOBDK95asqKeHw=="): Text ****** has been set on object 'Object Repository/Front End Objects/LoginWithValidCredentials/Page_Chiragh - Login/input_Password_userPassword'

2020-04-15 16:06:28 - [MESSAGE][PASSED] - Text ****** has been set on object 'Object Repository/Front End Objects/LoginWithValidCredentials/Page_Chiragh - Login/input_Password_userPassword'

2020-04-15 16:06:28 - [TEST_STEP][PASSED] - click(findTestObject("Object Repository/Front End Objects/LoginWithValidCredentials/Page_Chiragh - Login/button_Log In")): Object: 'Object Repository/Front End Objects/LoginWithValidCredentials/Page_Chiragh - Login/button_Log In' is clicked on

2020-04-15 16:06:29 - [MESSAGE][PASSED] - Object: 'Object Repository/Front End Objects/LoginWithValidCredentials/Page_Chiragh - Login/button_Log In' is clicked on

2020-04-15 16:06:29 - [TEST_STEP][PASSED] - waitForPageLoad(15): Wait for page load successfully

2020-04-15 16:06:29 - [MESSAGE][PASSED] - Wait for page load successfully

2020-04-15 16:06:29 - [TEST_STEP][PASSED] - click(findTestObject("Object Repository/Front End Objects/LoginWithValidCredentials/Page_Chiragh - Home/a_a month ago_dropdownMenuLink")): Object: 'Object Repository/Front End Objects/LoginWithValidCredentials/Page_Chiragh - Home/a_a month ago_dropdownMenuLink' is clicked on

2020-04-15 16:06:31 - [MESSAGE][PASSED] - Object: 'Object Repository/Front End Objects/LoginWithValidCredentials/Page_Chiragh - Home/a_a month ago_dropdownMenuLink' is clicked on

2020-04-15 16:06:31 - [TEST_STEP][PASSED] - delay(5): Delayed 5 second(s)

2020-04-15 16:06:36 - [MESSAGE][PASSED] - Delayed 5 second(s)

2020-04-15 16:06:36 - [TEST_STEP][PASSED] - click(findTestObject("Object Repository/Front End Objects/LoginWithValidCredentials/Page_Chiragh - Home/a_HI AutoChiragh")): Object: 'Object Repository/Front End Objects/LoginWithValidCredentials/Page_Chiragh - Home/a_HI AutoChiragh' is clicked on

2020-04-15 16:06:37 - [MESSAGE][PASSED] - Object: 'Object Repository/Front End Objects/LoginWithValidCredentials/Page_Chiragh - Home/a_HI AutoChiragh' is clicked on

2020-04-15 16:06:37 - [TEST_STEP][PASSED] - click(findTestObject("Front End Objects/TopUp(AED)/Page_Chiragh - Dashborad Home/a_My Wallet")): Object: 'Object Repository/Front End Objects/TopUp(AED)/Page_Chiragh - Dashborad Home/a_My Wallet' is clicked on

2020-04-15 16:06:38 - [MESSAGE][PASSED] - Object: 'Object Repository/Front End Objects/TopUp(AED)/Page_Chiragh - Dashborad Home/a_My Wallet' is clicked on

2020-04-15 16:06:38 - [TEST_STEP][PASSED] - click(findTestObject("Front End Objects/TopUp(AED)/Page_Chiragh - User Account Summary/a_Make a Transaction")): Object: 'Object Repository/Front End Objects/TopUp(AED)/Page_Chiragh - User Account Summary/a_Make a Transaction' is clicked on

2020-04-15 16:06:40 - [MESSAGE][PASSED] - Object: 'Object Repository/Front End Objects/TopUp(AED)/Page_Chiragh - User Account Summary/a_Make a Transaction' is clicked on

2020-04-15 16:06:40 - [TEST_STEP][PASSED] - delay(3): Delayed 3 second(s)

2020-04-15 16:06:43 - [MESSAGE][PASSED] - Delayed 3 second(s)

2020-04-15 16:06:43 - [TEST_STEP][PASSED] - setText(findTestObject("Front End Objects/TopUp(AED)/Page_Chiragh - Transaction Top Up/input_Chiragh Wallet _amount"), "1000"): Text '1000' is set on object 'Object Repository/Front End Objects/TopUp(AED)/Page_Chiragh - Transaction Top Up/input_Chiragh Wallet _amount'

2020-04-15 16:06:44 - [MESSAGE][PASSED] - Text '1000' is set on object 'Object Repository/Front End Objects/TopUp(AED)/Page_Chiragh - Transaction Top Up/input_Chiragh Wallet _amount'

2020-04-15 16:06:44 - [TEST_STEP][PASSED] - delay(3): Delayed 3 second(s)

2020-04-15 16:06:47 - [MESSAGE][PASSED] - Delayed 3 second(s)

2020-04-15 16:06:47 - [TEST_STEP][PASSED] - click(findTestObject("Object Repository/Front End Objects/TopUp(AED)/Page_Chiragh - Transaction Top Up/select_USD AED EUR")): Object: 'Object Repository/Front End Objects/TopUp(AED)/Page_Chiragh - Transaction Top Up/select_USD AED EUR' is clicked on

2020-04-15 16:06:47 - [MESSAGE][PASSED] - Object: 'Object Repository/Front End Objects/TopUp(AED)/Page_Chiragh - Transaction Top Up/select_USD AED EUR' is clicked on

2020-04-15 16:06:47 - [TEST_STEP][PASSED] - click(findTestObject("Object Repository/Front End Objects/TopUp(AED)/Page_Chiragh - Transaction Top Up/currency_USD")): Object: 'Object Repository/Front End Objects/TopUp(AED)/Page_Chiragh - Transaction Top Up/currency_USD' is clicked on

2020-04-15 16:06:48 - [MESSAGE][PASSED] - Object: 'Object Repository/Front End Objects/TopUp(AED)/Page_Chiragh - Transaction Top Up/currency_USD' is clicked on

2020-04-15 16:06:48 - [TEST_STEP][PASSED] - delay(5): Delayed 5 second(s)

2020-04-15 16:06:53 - [MESSAGE][PASSED] - Delayed 5 second(s)

2020-04-15 16:06:53 - [TEST_STEP][PASSED] - click(findTestObject("Front End Objects/TopUp(AED)/Page_Chiragh - Transaction Top Up/select_ChiraghBank")): Object: 'Object Repository/Front End Objects/TopUp(AED)/Page_Chiragh - Transaction Top Up/select_ChiraghBank' is clicked on

2020-04-15 16:06:53 - [MESSAGE][PASSED] - Object: 'Object Repository/Front End Objects/TopUp(AED)/Page_Chiragh - Transaction Top Up/select_ChiraghBank' is clicked on

2020-04-15 16:06:53 - [TEST_STEP][PASSED] - click(findTestObject("Front End Objects/TopUp(AED)/Page_Chiragh - Transaction Top Up/BankOption1")): Object: 'Object Repository/Front End Objects/TopUp(AED)/Page_Chiragh - Transaction Top Up/BankOption1' is clicked on

2020-04-15 16:06:54 - [MESSAGE][PASSED] - Object: 'Object Repository/Front End Objects/TopUp(AED)/Page_Chiragh - Transaction Top Up/BankOption1' is clicked on

2020-04-15 16:06:54 - [TEST_STEP][PASSED] - setText(findTestObject("Front End Objects/TopUp(AED)/Page_Chiragh - Transaction Top Up/input_Transaction ID _transact"), "676767"): Text '676767' is set on object 'Object Repository/Front End Objects/TopUp(AED)/Page_Chiragh - Transaction Top Up/input_Transaction ID _transact'

2020-04-15 16:06:56 - [MESSAGE][PASSED] - Text '676767' is set on object 'Object Repository/Front End Objects/TopUp(AED)/Page_Chiragh - Transaction Top Up/input_Transaction ID _transact'

2020-04-15 16:06:56 - [TEST_STEP][FAILED] - uploadFile(findTestObject("Front End Objects/TopUp(AED)/Page_Chiragh - Transaction Top Up/UploadReceipt"), "C:\Users\HP\git\chiraghAdminPanel\Include\PropertyImages\1584693242612-Scanned_Passport_Copy.png"): Unable to upload file 'C:\Users\HP\git\chiraghAdminPanel\Include\PropertyImages\1584693242612-Scanned_Passport_Copy.png' to object 'Object Repository/Front End Objects/TopUp(AED)/Page_Chiragh - Transaction Top Up/UploadReceipt' (Root cause: com.kms.katalon.core.exception.StepFailedException: Unable to upload file 'C:\Users\HP\git\chiraghAdminPanel\Include\PropertyImages\1584693242612-Scanned_Passport_Copy.png' to object 'Object Repository/Front End Objects/TopUp(AED)/Page_Chiragh - Transaction Top Up/UploadReceipt'
	at com.kms.katalon.core.webui.keyword.internal.WebUIKeywordMain.stepFailed(WebUIKeywordMain.groovy:64)
	at com.kms.katalon.core.webui.keyword.internal.WebUIKeywordMain.runKeyword(WebUIKeywordMain.groovy:26)
	at com.kms.katalon.core.webui.keyword.builtin.UploadFileKeyword.uploadFile(UploadFileKeyword.groovy:87)
	at com.kms.katalon.core.webui.keyword.builtin.UploadFileKeyword.execute(UploadFileKeyword.groovy:68)
	at com.kms.katalon.core.keyword.internal.KeywordExecutor.executeKeywordForPlatform(KeywordExecutor.groovy:72)
	at com.kms.katalon.core.webui.keyword.WebUiBuiltInKeywords.uploadFile(WebUiBuiltInKeywords.groovy:2971)
	at com.kms.katalon.core.webui.keyword.WebUiBuiltInKeywords$uploadFile$8.call(Unknown Source)
	at TC_TopUP(USD)_005.run(TC_TopUP(USD)_005:70)
	at com.kms.katalon.core.main.ScriptEngine.run(ScriptEngine.java:194)
	at com.kms.katalon.core.main.ScriptEngine.runScriptAsRawText(ScriptEngine.java:119)
	at com.kms.katalon.core.main.TestCaseExecutor.runScript(TestCaseExecutor.java:337)
	at com.kms.katalon.core.main.TestCaseExecutor.doExecute(TestCaseExecutor.java:328)
	at com.kms.katalon.core.main.TestCaseExecutor.processExecutionPhase(TestCaseExecutor.java:307)
	at com.kms.katalon.core.main.TestCaseExecutor.accessMainPhase(TestCaseExecutor.java:299)
	at com.kms.katalon.core.main.TestCaseExecutor.execute(TestCaseExecutor.java:233)
	at com.kms.katalon.core.main.TestSuiteExecutor.accessTestCaseMainPhase(TestSuiteExecutor.java:169)
	at com.kms.katalon.core.main.TestSuiteExecutor.accessTestSuiteMainPhase(TestSuiteExecutor.java:142)
	at com.kms.katalon.core.main.TestSuiteExecutor.execute(TestSuiteExecutor.java:91)
	at com.kms.katalon.core.main.TestCaseMain.startTestSuite(TestCaseMain.java:157)
	at com.kms.katalon.core.main.TestCaseMain$startTestSuite$0.call(Unknown Source)
	at TempTestSuite1586966428771.run(TempTestSuite1586966428771.groovy:36)
Caused by: org.openqa.selenium.InvalidArgumentException: File not found: C:\Users\HP\git\chiraghAdminPanel\Include\PropertyImages\1584693242612-Scanned_Passport_Copy.png
Build info: version: '3.141.59', revision: 'e82be7d358', time: '2018-11-14T08:25:53'
System info: host: 'EC2AMAZ-QUDPRKJ', ip: '172.31.5.210', os.name: 'Windows Server 2016', os.arch: 'amd64', os.version: '10.0', java.version: '1.8.0_181'
Driver info: com.kms.katalon.core.webui.driver.firefox.CGeckoDriver
Capabilities {acceptInsecureCerts: true, browserName: firefox, browserVersion: 75.0, javascriptEnabled: true, moz:accessibilityChecks: false, moz:buildID: 20200403170909, moz:geckodriverVersion: 0.23.0, moz:headless: false, moz:processID: 8612, moz:profile: C:\Users\Administrator\AppD..., moz:shutdownTimeout: 60000, moz:useNonSpecCompliantPointerOrigin: false, moz:webdriverClick: true, pageLoadStrategy: normal, platform: WINDOWS, platformName: WINDOWS, platformVersion: 10.0, proxy: Proxy(direct), rotatable: false, setWindowRect: true, strictFileInteractability: false, timeouts: {implicit: 0, pageLoad: 300000, script: 30000}, unhandledPromptBehavior: dismiss and notify}
Session ID: 0add37ed-f5f0-4da5-89f9-2d1f04c7d09f
	at org.openqa.selenium.remote.http.W3CHttpResponseCodec.createException(W3CHttpResponseCodec.java:187)
	at org.openqa.selenium.remote.http.W3CHttpResponseCodec.decode(W3CHttpResponseCodec.java:122)
	at org.openqa.selenium.remote.http.W3CHttpResponseCodec.decode(W3CHttpResponseCodec.java:49)
	at org.openqa.selenium.remote.HttpCommandExecutor.execute(HttpCommandExecutor.java:158)
	at org.openqa.selenium.remote.service.DriverCommandExecutor.execute(DriverCommandExecutor.java:83)
	at org.openqa.selenium.remote.RemoteWebDriver.execute(RemoteWebDriver.java:552)
	at com.kms.katalon.selenium.driver.CFirefoxDriver.execute(CFirefoxDriver.java:27)
	at org.openqa.selenium.remote.RemoteWebElement.execute(RemoteWebElement.java:285)
	at org.openqa.selenium.remote.RemoteWebElement.sendKeys(RemoteWebElement.java:106)
	at org.openqa.selenium.support.events.EventFiringWebDriver$EventFiringWebElement.lambda$new$0(EventFiringWebDriver.java:404)
	at com.sun.proxy.$Proxy10.sendKeys(Unknown Source)
	at org.openqa.selenium.support.events.EventFiringWebDriver$EventFiringWebElement.sendKeys(EventFiringWebDriver.java:429)
	at com.kms.katalon.core.webui.keyword.builtin.UploadFileKeyword$_uploadFile_closure1.doCall(UploadFileKeyword.groovy:80)
	at com.kms.katalon.core.webui.keyword.builtin.UploadFileKeyword$_uploadFile_closure1.call(UploadFileKeyword.groovy)
	at com.kms.katalon.core.webui.keyword.internal.WebUIKeywordMain.runKeyword(WebUIKeywordMain.groovy:20)
	at com.kms.katalon.core.webui.keyword.builtin.UploadFileKeyword.uploadFile(UploadFileKeyword.groovy:87)
	at com.kms.katalon.core.webui.keyword.builtin.UploadFileKeyword.execute(UploadFileKeyword.groovy:68)
	at com.kms.katalon.core.keyword.internal.KeywordExecutor.executeKeywordForPlatform(KeywordExecutor.groovy:72)
	at com.kms.katalon.core.webui.keyword.WebUiBuiltInKeywords.uploadFile(WebUiBuiltInKeywords.groovy:2971)
	at com.kms.katalon.core.webui.keyword.WebUiBuiltInKeywords$uploadFile$8.call(Unknown Source)
	at Script1585304284236.run(Script1585304284236.groovy:70)
	... 13 more
)

2020-04-15 16:06:57 - [MESSAGE][FAILED] - Unable to upload file 'C:\Users\HP\git\chiraghAdminPanel\Include\PropertyImages\1584693242612-Scanned_Passport_Copy.png' to object 'Object Repository/Front End Objects/TopUp(AED)/Page_Chiragh - Transaction Top Up/UploadReceipt' (Root cause: com.kms.katalon.core.exception.StepFailedException: Unable to upload file 'C:\Users\HP\git\chiraghAdminPanel\Include\PropertyImages\1584693242612-Scanned_Passport_Copy.png' to object 'Object Repository/Front End Objects/TopUp(AED)/Page_Chiragh - Transaction Top Up/UploadReceipt'
	at com.kms.katalon.core.webui.keyword.internal.WebUIKeywordMain.stepFailed(WebUIKeywordMain.groovy:64)
	at com.kms.katalon.core.webui.keyword.internal.WebUIKeywordMain.runKeyword(WebUIKeywordMain.groovy:26)
	at com.kms.katalon.core.webui.keyword.builtin.UploadFileKeyword.uploadFile(UploadFileKeyword.groovy:87)
	at com.kms.katalon.core.webui.keyword.builtin.UploadFileKeyword.execute(UploadFileKeyword.groovy:68)
	at com.kms.katalon.core.keyword.internal.KeywordExecutor.executeKeywordForPlatform(KeywordExecutor.groovy:72)
	at com.kms.katalon.core.webui.keyword.WebUiBuiltInKeywords.uploadFile(WebUiBuiltInKeywords.groovy:2971)
	at com.kms.katalon.core.webui.keyword.WebUiBuiltInKeywords$uploadFile$8.call(Unknown Source)
	at TC_TopUP(USD)_005.run(TC_TopUP(USD)_005:70)
	at com.kms.katalon.core.main.ScriptEngine.run(ScriptEngine.java:194)
	at com.kms.katalon.core.main.ScriptEngine.runScriptAsRawText(ScriptEngine.java:119)
	at com.kms.katalon.core.main.TestCaseExecutor.runScript(TestCaseExecutor.java:337)
	at com.kms.katalon.core.main.TestCaseExecutor.doExecute(TestCaseExecutor.java:328)
	at com.kms.katalon.core.main.TestCaseExecutor.processExecutionPhase(TestCaseExecutor.java:307)
	at com.kms.katalon.core.main.TestCaseExecutor.accessMainPhase(TestCaseExecutor.java:299)
	at com.kms.katalon.core.main.TestCaseExecutor.execute(TestCaseExecutor.java:233)
	at com.kms.katalon.core.main.TestSuiteExecutor.accessTestCaseMainPhase(TestSuiteExecutor.java:169)
	at com.kms.katalon.core.main.TestSuiteExecutor.accessTestSuiteMainPhase(TestSuiteExecutor.java:142)
	at com.kms.katalon.core.main.TestSuiteExecutor.execute(TestSuiteExecutor.java:91)
	at com.kms.katalon.core.main.TestCaseMain.startTestSuite(TestCaseMain.java:157)
	at com.kms.katalon.core.main.TestCaseMain$startTestSuite$0.call(Unknown Source)
	at TempTestSuite1586966428771.run(TempTestSuite1586966428771.groovy:36)
Caused by: org.openqa.selenium.InvalidArgumentException: File not found: C:\Users\HP\git\chiraghAdminPanel\Include\PropertyImages\1584693242612-Scanned_Passport_Copy.png
Build info: version: '3.141.59', revision: 'e82be7d358', time: '2018-11-14T08:25:53'
System info: host: 'EC2AMAZ-QUDPRKJ', ip: '172.31.5.210', os.name: 'Windows Server 2016', os.arch: 'amd64', os.version: '10.0', java.version: '1.8.0_181'
Driver info: com.kms.katalon.core.webui.driver.firefox.CGeckoDriver
Capabilities {acceptInsecureCerts: true, browserName: firefox, browserVersion: 75.0, javascriptEnabled: true, moz:accessibilityChecks: false, moz:buildID: 20200403170909, moz:geckodriverVersion: 0.23.0, moz:headless: false, moz:processID: 8612, moz:profile: C:\Users\Administrator\AppD..., moz:shutdownTimeout: 60000, moz:useNonSpecCompliantPointerOrigin: false, moz:webdriverClick: true, pageLoadStrategy: normal, platform: WINDOWS, platformName: WINDOWS, platformVersion: 10.0, proxy: Proxy(direct), rotatable: false, setWindowRect: true, strictFileInteractability: false, timeouts: {implicit: 0, pageLoad: 300000, script: 30000}, unhandledPromptBehavior: dismiss and notify}
Session ID: 0add37ed-f5f0-4da5-89f9-2d1f04c7d09f
	at org.openqa.selenium.remote.http.W3CHttpResponseCodec.createException(W3CHttpResponseCodec.java:187)
	at org.openqa.selenium.remote.http.W3CHttpResponseCodec.decode(W3CHttpResponseCodec.java:122)
	at org.openqa.selenium.remote.http.W3CHttpResponseCodec.decode(W3CHttpResponseCodec.java:49)
	at org.openqa.selenium.remote.HttpCommandExecutor.execute(HttpCommandExecutor.java:158)
	at org.openqa.selenium.remote.service.DriverCommandExecutor.execute(DriverCommandExecutor.java:83)
	at org.openqa.selenium.remote.RemoteWebDriver.execute(RemoteWebDriver.java:552)
	at com.kms.katalon.selenium.driver.CFirefoxDriver.execute(CFirefoxDriver.java:27)
	at org.openqa.selenium.remote.RemoteWebElement.execute(RemoteWebElement.java:285)
	at org.openqa.selenium.remote.RemoteWebElement.sendKeys(RemoteWebElement.java:106)
	at org.openqa.selenium.support.events.EventFiringWebDriver$EventFiringWebElement.lambda$new$0(EventFiringWebDriver.java:404)
	at com.sun.proxy.$Proxy10.sendKeys(Unknown Source)
	at org.openqa.selenium.support.events.EventFiringWebDriver$EventFiringWebElement.sendKeys(EventFiringWebDriver.java:429)
	at com.kms.katalon.core.webui.keyword.builtin.UploadFileKeyword$_uploadFile_closure1.doCall(UploadFileKeyword.groovy:80)
	at com.kms.katalon.core.webui.keyword.builtin.UploadFileKeyword$_uploadFile_closure1.call(UploadFileKeyword.groovy)
	at com.kms.katalon.core.webui.keyword.internal.WebUIKeywordMain.runKeyword(WebUIKeywordMain.groovy:20)
	at com.kms.katalon.core.webui.keyword.builtin.UploadFileKeyword.uploadFile(UploadFileKeyword.groovy:87)
	at com.kms.katalon.core.webui.keyword.builtin.UploadFileKeyword.execute(UploadFileKeyword.groovy:68)
	at com.kms.katalon.core.keyword.internal.KeywordExecutor.executeKeywordForPlatform(KeywordExecutor.groovy:72)
	at com.kms.katalon.core.webui.keyword.WebUiBuiltInKeywords.uploadFile(WebUiBuiltInKeywords.groovy:2971)
	at com.kms.katalon.core.webui.keyword.WebUiBuiltInKeywords$uploadFile$8.call(Unknown Source)
	at Script1585304284236.run(Script1585304284236.groovy:70)
	... 13 more
)
[[ATTACHMENT|C:\\Users\\Administrator\\Git\\chiraghAdminPanel\\Reports\\20200415_160028\\ChiraghWeb_FrontEnd_Tests\\20200415_160028\\1586966816995.png]]

2020-04-15 16:06:59 - [TEST_STEP][PASSED] - Video: Video recording for test case 'Test Cases/Front End/TC_TopUP(USD)_005' .

2020-04-15 16:06:59 - [MESSAGE][INFO] - Video recording for test case 'Test Cases/Front End/TC_TopUP(USD)_005' .
[[ATTACHMENT|C:\\Users\\Administrator\\Git\\chiraghAdminPanel\\Reports\\20200415_160028\\ChiraghWeb_FrontEnd_Tests\\20200415_160028/videos\\test_9.mov]]]]></system-out>
         <system-err><![CDATA[2020-04-15 16:06:17 - [TEST_CASE][FAILED] - Test Cases/Front End/TC_TopUP(USD)_005: Test Cases/Front End/TC_TopUP(USD)_005 FAILED.
Reason:
com.kms.katalon.core.exception.StepFailedException: Unable to upload file 'C:\Users\HP\git\chiraghAdminPanel\Include\PropertyImages\1584693242612-Scanned_Passport_Copy.png' to object 'Object Repository/Front End Objects/TopUp(AED)/Page_Chiragh - Transaction Top Up/UploadReceipt'
	at com.kms.katalon.core.webui.keyword.internal.WebUIKeywordMain.stepFailed(WebUIKeywordMain.groovy:64)
	at com.kms.katalon.core.webui.keyword.internal.WebUIKeywordMain.runKeyword(WebUIKeywordMain.groovy:26)
	at com.kms.katalon.core.webui.keyword.builtin.UploadFileKeyword.uploadFile(UploadFileKeyword.groovy:87)
	at com.kms.katalon.core.webui.keyword.builtin.UploadFileKeyword.execute(UploadFileKeyword.groovy:68)
	at com.kms.katalon.core.keyword.internal.KeywordExecutor.executeKeywordForPlatform(KeywordExecutor.groovy:72)
	at com.kms.katalon.core.webui.keyword.WebUiBuiltInKeywords.uploadFile(WebUiBuiltInKeywords.groovy:2971)
	at com.kms.katalon.core.webui.keyword.WebUiBuiltInKeywords$uploadFile$8.call(Unknown Source)
	at TC_TopUP(USD)_005.run(TC_TopUP(USD)_005:70)
	at com.kms.katalon.core.main.ScriptEngine.run(ScriptEngine.java:194)
	at com.kms.katalon.core.main.ScriptEngine.runScriptAsRawText(ScriptEngine.java:119)
	at com.kms.katalon.core.main.TestCaseExecutor.runScript(TestCaseExecutor.java:337)
	at com.kms.katalon.core.main.TestCaseExecutor.doExecute(TestCaseExecutor.java:328)
	at com.kms.katalon.core.main.TestCaseExecutor.processExecutionPhase(TestCaseExecutor.java:307)
	at com.kms.katalon.core.main.TestCaseExecutor.accessMainPhase(TestCaseExecutor.java:299)
	at com.kms.katalon.core.main.TestCaseExecutor.execute(TestCaseExecutor.java:233)
	at com.kms.katalon.core.main.TestSuiteExecutor.accessTestCaseMainPhase(TestSuiteExecutor.java:169)
	at com.kms.katalon.core.main.TestSuiteExecutor.accessTestSuiteMainPhase(TestSuiteExecutor.java:142)
	at com.kms.katalon.core.main.TestSuiteExecutor.execute(TestSuiteExecutor.java:91)
	at com.kms.katalon.core.main.TestCaseMain.startTestSuite(TestCaseMain.java:157)
	at com.kms.katalon.core.main.TestCaseMain$startTestSuite$0.call(Unknown Source)
	at TempTestSuite1586966428771.run(TempTestSuite1586966428771.groovy:36)
Caused by: org.openqa.selenium.InvalidArgumentException: File not found: C:\Users\HP\git\chiraghAdminPanel\Include\PropertyImages\1584693242612-Scanned_Passport_Copy.png
Build info: version: '3.141.59', revision: 'e82be7d358', time: '2018-11-14T08:25:53'
System info: host: 'EC2AMAZ-QUDPRKJ', ip: '172.31.5.210', os.name: 'Windows Server 2016', os.arch: 'amd64', os.version: '10.0', java.version: '1.8.0_181'
Driver info: com.kms.katalon.core.webui.driver.firefox.CGeckoDriver
Capabilities {acceptInsecureCerts: true, browserName: firefox, browserVersion: 75.0, javascriptEnabled: true, moz:accessibilityChecks: false, moz:buildID: 20200403170909, moz:geckodriverVersion: 0.23.0, moz:headless: false, moz:processID: 8612, moz:profile: C:\Users\Administrator\AppD..., moz:shutdownTimeout: 60000, moz:useNonSpecCompliantPointerOrigin: false, moz:webdriverClick: true, pageLoadStrategy: normal, platform: WINDOWS, platformName: WINDOWS, platformVersion: 10.0, proxy: Proxy(direct), rotatable: false, setWindowRect: true, strictFileInteractability: false, timeouts: {implicit: 0, pageLoad: 300000, script: 30000}, unhandledPromptBehavior: dismiss and notify}
Session ID: 0add37ed-f5f0-4da5-89f9-2d1f04c7d09f
	at org.openqa.selenium.remote.http.W3CHttpResponseCodec.createException(W3CHttpResponseCodec.java:187)
	at org.openqa.selenium.remote.http.W3CHttpResponseCodec.decode(W3CHttpResponseCodec.java:122)
	at org.openqa.selenium.remote.http.W3CHttpResponseCodec.decode(W3CHttpResponseCodec.java:49)
	at org.openqa.selenium.remote.HttpCommandExecutor.execute(HttpCommandExecutor.java:158)
	at org.openqa.selenium.remote.service.DriverCommandExecutor.execute(DriverCommandExecutor.java:83)
	at org.openqa.selenium.remote.RemoteWebDriver.execute(RemoteWebDriver.java:552)
	at com.kms.katalon.selenium.driver.CFirefoxDriver.execute(CFirefoxDriver.java:27)
	at org.openqa.selenium.remote.RemoteWebElement.execute(RemoteWebElement.java:285)
	at org.openqa.selenium.remote.RemoteWebElement.sendKeys(RemoteWebElement.java:106)
	at org.openqa.selenium.support.events.EventFiringWebDriver$EventFiringWebElement.lambda$new$0(EventFiringWebDriver.java:404)
	at com.sun.proxy.$Proxy10.sendKeys(Unknown Source)
	at org.openqa.selenium.support.events.EventFiringWebDriver$EventFiringWebElement.sendKeys(EventFiringWebDriver.java:429)
	at com.kms.katalon.core.webui.keyword.builtin.UploadFileKeyword$_uploadFile_closure1.doCall(UploadFileKeyword.groovy:80)
	at com.kms.katalon.core.webui.keyword.builtin.UploadFileKeyword$_uploadFile_closure1.call(UploadFileKeyword.groovy)
	at com.kms.katalon.core.webui.keyword.internal.WebUIKeywordMain.runKeyword(WebUIKeywordMain.groovy:20)
	... 19 more]]></system-err>
      </testcase>
      <system-out><![CDATA[2020-04-15 16:00:31 - [TEST_SUITE][ERROR] - ChiraghWeb_FrontEnd_Tests: Test Cases/Smoke Tests/Header/TC_VerifySellTab_009 FAILED.
Reason:
groovy.lang.MissingMethodException: No signature of method: static com.kms.katalon.core.webui.keyword.WebUiBuiltInKeywords.verifyElementPresent() is applicable for argument types: (com.kms.katalon.core.testobject.TestObject) values: [TestObject - 'Object Repository/Front End Objects/Smoke Tests/Header/Sell Tab/Page_Chiragh - Login/h1_Log In']
Possible solutions: verifyElementPresent(com.kms.katalon.core.testobject.TestObject, int), verifyElementPresent(com.kms.katalon.core.testobject.TestObject, int, com.kms.katalon.core.model.FailureHandling), verifyElementNotPresent(com.kms.katalon.core.testobject.TestObject, int), verifyAlertPresent(int), verifyElementNotPresent(com.kms.katalon.core.testobject.TestObject, int, com.kms.katalon.core.model.FailureHandling)
	at TC_VerifySellTab_009.run(TC_VerifySellTab_009:32)
	at com.kms.katalon.core.main.ScriptEngine.run(ScriptEngine.java:194)
	at com.kms.katalon.core.main.ScriptEngine.runScriptAsRawText(ScriptEngine.java:119)
	at com.kms.katalon.core.main.TestCaseExecutor.runScript(TestCaseExecutor.java:337)
	at com.kms.katalon.core.main.TestCaseExecutor.doExecute(TestCaseExecutor.java:328)
	at com.kms.katalon.core.main.TestCaseExecutor.processExecutionPhase(TestCaseExecutor.java:307)
	at com.kms.katalon.core.main.TestCaseExecutor.accessMainPhase(TestCaseExecutor.java:299)
	at com.kms.katalon.core.main.TestCaseExecutor.execute(TestCaseExecutor.java:233)
	at com.kms.katalon.core.main.TestSuiteExecutor.accessTestCaseMainPhase(TestSuiteExecutor.java:169)
	at com.kms.katalon.core.main.TestSuiteExecutor.accessTestSuiteMainPhase(TestSuiteExecutor.java:142)
	at com.kms.katalon.core.main.TestSuiteExecutor.execute(TestSuiteExecutor.java:91)
	at com.kms.katalon.core.main.TestCaseMain.startTestSuite(TestCaseMain.java:157)
	at com.kms.katalon.core.main.TestCaseMain$startTestSuite$0.call(Unknown Source)
	at TempTestSuite1586966428771.run(TempTestSuite1586966428771.groovy:36)]]></system-out>
      <system-err><![CDATA[2020-04-15 16:00:31 - [TEST_SUITE][ERROR] - ChiraghWeb_FrontEnd_Tests: Test Cases/Smoke Tests/Header/TC_VerifySellTab_009 FAILED.
Reason:
groovy.lang.MissingMethodException: No signature of method: static com.kms.katalon.core.webui.keyword.WebUiBuiltInKeywords.verifyElementPresent() is applicable for argument types: (com.kms.katalon.core.testobject.TestObject) values: [TestObject - 'Object Repository/Front End Objects/Smoke Tests/Header/Sell Tab/Page_Chiragh - Login/h1_Log In']
Possible solutions: verifyElementPresent(com.kms.katalon.core.testobject.TestObject, int), verifyElementPresent(com.kms.katalon.core.testobject.TestObject, int, com.kms.katalon.core.model.FailureHandling), verifyElementNotPresent(com.kms.katalon.core.testobject.TestObject, int), verifyAlertPresent(int), verifyElementNotPresent(com.kms.katalon.core.testobject.TestObject, int, com.kms.katalon.core.model.FailureHandling)
	at TC_VerifySellTab_009.run(TC_VerifySellTab_009:32)
	at com.kms.katalon.core.main.ScriptEngine.run(ScriptEngine.java:194)
	at com.kms.katalon.core.main.ScriptEngine.runScriptAsRawText(ScriptEngine.java:119)
	at com.kms.katalon.core.main.TestCaseExecutor.runScript(TestCaseExecutor.java:337)
	at com.kms.katalon.core.main.TestCaseExecutor.doExecute(TestCaseExecutor.java:328)
	at com.kms.katalon.core.main.TestCaseExecutor.processExecutionPhase(TestCaseExecutor.java:307)
	at com.kms.katalon.core.main.TestCaseExecutor.accessMainPhase(TestCaseExecutor.java:299)
	at com.kms.katalon.core.main.TestCaseExecutor.execute(TestCaseExecutor.java:233)
	at com.kms.katalon.core.main.TestSuiteExecutor.accessTestCaseMainPhase(TestSuiteExecutor.java:169)
	at com.kms.katalon.core.main.TestSuiteExecutor.accessTestSuiteMainPhase(TestSuiteExecutor.java:142)
	at com.kms.katalon.core.main.TestSuiteExecutor.execute(TestSuiteExecutor.java:91)
	at com.kms.katalon.core.main.TestCaseMain.startTestSuite(TestCaseMain.java:157)
	at com.kms.katalon.core.main.TestCaseMain$startTestSuite$0.call(Unknown Source)
	at TempTestSuite1586966428771.run(TempTestSuite1586966428771.groovy:36)]]></system-err>
   </testsuite>
</testsuites>
