<?xml version="1.0" encoding="UTF-8"?>
<testsuites name="ChiraghWeb_FrontEnd_Tests" time="472.45" tests="12" failures="7" errors="2">
   <testsuite name="ChiraghWeb_FrontEnd_Tests" tests="12" failures="7" errors="2" time="472.45" timestamp="2020-04-15 15:51:46" hostname="Administrator - 172.31.5.210" id="Test Suites/ChiraghWeb_FrontEnd_Tests">
      <properties>
         <property name="deviceName" value=""/>
         <property name="devicePlatform" value=""/>
         <property name="logFolder" value="C:\\Users\\Administrator\\Git\\chiraghAdminPanel\\Reports\\20200415_155143\\ChiraghWeb_FrontEnd_Tests\\20200415_155143"/>
         <property name="logFiles" value="C:\\Users\\Administrator\\Git\\chiraghAdminPanel\\Reports\\20200415_155143\\ChiraghWeb_FrontEnd_Tests\\20200415_155143\\execution0.log"/>
         <property name="attachments" value="C:\\Users\\Administrator\\Git\\chiraghAdminPanel\\Reports\\20200415_155143\\ChiraghWeb_FrontEnd_Tests\\20200415_155143/videos\\test_1.mov, C:\\Users\\Administrator\\Git\\chiraghAdminPanel\\Reports\\20200415_155143\\ChiraghWeb_FrontEnd_Tests\\20200415_155143/videos\\test_2.mov, C:\\Users\\Administrator\\Git\\chiraghAdminPanel\\Reports\\20200415_155143\\ChiraghWeb_FrontEnd_Tests\\20200415_155143/videos\\test_3.mov, C:\\Users\\Administrator\\Git\\chiraghAdminPanel\\Reports\\20200415_155143\\ChiraghWeb_FrontEnd_Tests\\20200415_155143/videos\\test_4.mov, C:\\Users\\Administrator\\Git\\chiraghAdminPanel\\Reports\\20200415_155143\\ChiraghWeb_FrontEnd_Tests\\20200415_155143/videos\\test_5.mov, C:\\Users\\Administrator\\Git\\chiraghAdminPanel\\Reports\\20200415_155143\\ChiraghWeb_FrontEnd_Tests\\20200415_155143\\1586966049357.png, C:\\Users\\Administrator\\Git\\chiraghAdminPanel\\Reports\\20200415_155143\\ChiraghWeb_FrontEnd_Tests\\20200415_155143/videos\\test_6.mov, C:\\Users\\Administrator\\Git\\chiraghAdminPanel\\Reports\\20200415_155143\\ChiraghWeb_FrontEnd_Tests\\20200415_155143\\1586966082600.png, C:\\Users\\Administrator\\Git\\chiraghAdminPanel\\Reports\\20200415_155143\\ChiraghWeb_FrontEnd_Tests\\20200415_155143/videos\\test_7.mov, C:\\Users\\Administrator\\Git\\chiraghAdminPanel\\Reports\\20200415_155143\\ChiraghWeb_FrontEnd_Tests\\20200415_155143\\1586966162157.png, C:\\Users\\Administrator\\Git\\chiraghAdminPanel\\Reports\\20200415_155143\\ChiraghWeb_FrontEnd_Tests\\20200415_155143\\1586966162215.png, C:\\Users\\Administrator\\Git\\chiraghAdminPanel\\Reports\\20200415_155143\\ChiraghWeb_FrontEnd_Tests\\20200415_155143/videos\\test_8.mov, C:\\Users\\Administrator\\Git\\chiraghAdminPanel\\Reports\\20200415_155143\\ChiraghWeb_FrontEnd_Tests\\20200415_155143\\1586966226461.png, C:\\Users\\Administrator\\Git\\chiraghAdminPanel\\Reports\\20200415_155143\\ChiraghWeb_FrontEnd_Tests\\20200415_155143/videos\\test_9.mov, C:\\Users\\Administrator\\Git\\chiraghAdminPanel\\Reports\\20200415_155143\\ChiraghWeb_FrontEnd_Tests\\20200415_155143\\1586966267039.png, C:\\Users\\Administrator\\Git\\chiraghAdminPanel\\Reports\\20200415_155143\\ChiraghWeb_FrontEnd_Tests\\20200415_155143/videos\\test_10.mov, C:\\Users\\Administrator\\Git\\chiraghAdminPanel\\Reports\\20200415_155143\\ChiraghWeb_FrontEnd_Tests\\20200415_155143\\1586966311644.png, C:\\Users\\Administrator\\Git\\chiraghAdminPanel\\Reports\\20200415_155143\\ChiraghWeb_FrontEnd_Tests\\20200415_155143/videos\\test_11.mov, C:\\Users\\Administrator\\Git\\chiraghAdminPanel\\Reports\\20200415_155143\\ChiraghWeb_FrontEnd_Tests\\20200415_155143\\1586966364399.png, C:\\Users\\Administrator\\Git\\chiraghAdminPanel\\Reports\\20200415_155143\\ChiraghWeb_FrontEnd_Tests\\20200415_155143/videos\\test_12.mov"/>
         <property name="hostName" value="Administrator - 172.31.5.210"/>
         <property name="os" value="Windows Server 2016 64bit"/>
         <property name="katalonVersion" value="7.3.1.1"/>
         <property name="browser" value="Firefox 75.0"/>
         <property name="hostAddress" value="172.31.5.210"/>
         <property name="sessionId" value="a2b7e09e-7140-4916-8ec9-032aed2fd722"/>
         <property name="seleniumVersion" value="3.141.59"/>
         <property name="proxyInformation" value="ProxyInformation{proxyOption=NO_PROXY, proxyServerType=HTTP, password=, proxyServerAddress=, proxyServerPort=0, executionList=}"/>
         <property name="platform" value="Windows Server 2016"/>
      </properties>
      <testcase name="Test Cases/Front End/TC_SmokeTests_006" time="25.263" classname="Test Cases/Front End/TC_SmokeTests_006" status="PASSED">
         <system-out><![CDATA[2020-04-15 15:51:47 - [TEST_CASE][PASSED] - Test Cases/Front End/TC_SmokeTests_006: Test Cases/Front End/TC_SmokeTests_006

2020-04-15 15:51:47 - [TEST_STEP][PASSED] - openBrowser(""): Browser is opened with url: ''

2020-04-15 15:51:47 - [MESSAGE][INFO] - Starting 'Firefox' driver

2020-04-15 15:51:47 - [MESSAGE][INFO] - Action delay is set to 0 milliseconds

2020-04-15 15:51:51 - [MESSAGE][PASSED] - Browser is opened with url: ''

2020-04-15 15:51:51 - [TEST_STEP][PASSED] - navigateToUrl(Url): Navigate to 'http://test.chiragh.com' successfully

2020-04-15 15:51:53 - [MESSAGE][PASSED] - Navigate to 'http://test.chiragh.com' successfully

2020-04-15 15:51:53 - [TEST_STEP][PASSED] - waitForPageLoad(15): Wait for page load successfully

2020-04-15 15:51:53 - [MESSAGE][PASSED] - Wait for page load successfully

2020-04-15 15:51:53 - [TEST_STEP][PASSED] - maximizeWindow(): Current window maximized

2020-04-15 15:51:53 - [MESSAGE][PASSED] - Current window maximized

2020-04-15 15:51:53 - [TEST_STEP][PASSED] - delay(3): Delayed 3 second(s)

2020-04-15 15:51:56 - [MESSAGE][PASSED] - Delayed 3 second(s)

2020-04-15 15:51:56 - [TEST_STEP][PASSED] - verifyElementText(findTestObject("SmokeTests/Page_Chiragh - Home/h1_Dubais Leading Online Real Estate Auction"), "Dubai's Leading Online Real Estate Auction"): Actual text and expected text of test object 'Object Repository/SmokeTests/Page_Chiragh - Home/h1_Dubais Leading Online Real Estate Auction' are matched.

2020-04-15 15:51:57 - [MESSAGE][PASSED] - Actual text and expected text of test object 'Object Repository/SmokeTests/Page_Chiragh - Home/h1_Dubais Leading Online Real Estate Auction' are matched.

2020-04-15 15:51:57 - [TEST_STEP][PASSED] - verifyElementText(findTestObject("Page_Chiragh - Home/h2_Current Auctions"), "Current Auctions"): Actual text and expected text of test object 'Object Repository/Page_Chiragh - Home/h2_Current Auctions' are matched.

2020-04-15 15:51:57 - [MESSAGE][PASSED] - Actual text and expected text of test object 'Object Repository/Page_Chiragh - Home/h2_Current Auctions' are matched.

2020-04-15 15:51:57 - [TEST_STEP][PASSED] - verifyAllLinksOnCurrentPageAccessible(false, []): All links on the page 'http://test.chiragh.com/' are accessible

2020-04-15 15:52:00 - [MESSAGE][PASSED] - Found 81 unique links on the page http://test.chiragh.com/

2020-04-15 15:52:01 - [MESSAGE][INFO] - HAR: C:\Users\Administrator\Git\chiraghAdminPanel\Reports\20200415_155143\ChiraghWeb_FrontEnd_Tests\20200415_155143\requests\main\0.har

2020-04-15 15:52:01 - [MESSAGE][PASSED] - Send request successfully

2020-04-15 15:52:01 - [MESSAGE][INFO] - HAR: C:\Users\Administrator\Git\chiraghAdminPanel\Reports\20200415_155143\ChiraghWeb_FrontEnd_Tests\20200415_155143\requests\main\1.har

2020-04-15 15:52:01 - [MESSAGE][PASSED] - Send request successfully

2020-04-15 15:52:01 - [MESSAGE][INFO] - HAR: C:\Users\Administrator\Git\chiraghAdminPanel\Reports\20200415_155143\ChiraghWeb_FrontEnd_Tests\20200415_155143\requests\main\2.har

2020-04-15 15:52:01 - [MESSAGE][PASSED] - Send request successfully

2020-04-15 15:52:01 - [MESSAGE][INFO] - HAR: C:\Users\Administrator\Git\chiraghAdminPanel\Reports\20200415_155143\ChiraghWeb_FrontEnd_Tests\20200415_155143\requests\main\3.har

2020-04-15 15:52:01 - [MESSAGE][PASSED] - Send request successfully

2020-04-15 15:52:01 - [MESSAGE][INFO] - HAR: C:\Users\Administrator\Git\chiraghAdminPanel\Reports\20200415_155143\ChiraghWeb_FrontEnd_Tests\20200415_155143\requests\main\4.har

2020-04-15 15:52:01 - [MESSAGE][PASSED] - Send request successfully

2020-04-15 15:52:01 - [MESSAGE][INFO] - HAR: C:\Users\Administrator\Git\chiraghAdminPanel\Reports\20200415_155143\ChiraghWeb_FrontEnd_Tests\20200415_155143\requests\main\5.har

2020-04-15 15:52:01 - [MESSAGE][PASSED] - Send request successfully

2020-04-15 15:52:01 - [MESSAGE][INFO] - HAR: C:\Users\Administrator\Git\chiraghAdminPanel\Reports\20200415_155143\ChiraghWeb_FrontEnd_Tests\20200415_155143\requests\main\6.har

2020-04-15 15:52:01 - [MESSAGE][PASSED] - Send request successfully

2020-04-15 15:52:01 - [MESSAGE][INFO] - HAR: C:\Users\Administrator\Git\chiraghAdminPanel\Reports\20200415_155143\ChiraghWeb_FrontEnd_Tests\20200415_155143\requests\main\7.har

2020-04-15 15:52:01 - [MESSAGE][PASSED] - Send request successfully

2020-04-15 15:52:01 - [MESSAGE][INFO] - HAR: C:\Users\Administrator\Git\chiraghAdminPanel\Reports\20200415_155143\ChiraghWeb_FrontEnd_Tests\20200415_155143\requests\main\8.har

2020-04-15 15:52:01 - [MESSAGE][PASSED] - Send request successfully

2020-04-15 15:52:01 - [MESSAGE][INFO] - HAR: C:\Users\Administrator\Git\chiraghAdminPanel\Reports\20200415_155143\ChiraghWeb_FrontEnd_Tests\20200415_155143\requests\main\9.har

2020-04-15 15:52:01 - [MESSAGE][PASSED] - Send request successfully

2020-04-15 15:52:01 - [MESSAGE][INFO] - HAR: C:\Users\Administrator\Git\chiraghAdminPanel\Reports\20200415_155143\ChiraghWeb_FrontEnd_Tests\20200415_155143\requests\main\10.har

2020-04-15 15:52:01 - [MESSAGE][PASSED] - Send request successfully

2020-04-15 15:52:01 - [MESSAGE][INFO] - HAR: C:\Users\Administrator\Git\chiraghAdminPanel\Reports\20200415_155143\ChiraghWeb_FrontEnd_Tests\20200415_155143\requests\main\11.har

2020-04-15 15:52:01 - [MESSAGE][PASSED] - Send request successfully

2020-04-15 15:52:01 - [MESSAGE][INFO] - HAR: C:\Users\Administrator\Git\chiraghAdminPanel\Reports\20200415_155143\ChiraghWeb_FrontEnd_Tests\20200415_155143\requests\main\12.har

2020-04-15 15:52:01 - [MESSAGE][PASSED] - Send request successfully

2020-04-15 15:52:01 - [MESSAGE][INFO] - HAR: C:\Users\Administrator\Git\chiraghAdminPanel\Reports\20200415_155143\ChiraghWeb_FrontEnd_Tests\20200415_155143\requests\main\13.har

2020-04-15 15:52:01 - [MESSAGE][PASSED] - Send request successfully

2020-04-15 15:52:01 - [MESSAGE][INFO] - HAR: C:\Users\Administrator\Git\chiraghAdminPanel\Reports\20200415_155143\ChiraghWeb_FrontEnd_Tests\20200415_155143\requests\main\14.har

2020-04-15 15:52:01 - [MESSAGE][PASSED] - Send request successfully

2020-04-15 15:52:01 - [MESSAGE][INFO] - HAR: C:\Users\Administrator\Git\chiraghAdminPanel\Reports\20200415_155143\ChiraghWeb_FrontEnd_Tests\20200415_155143\requests\main\15.har

2020-04-15 15:52:01 - [MESSAGE][PASSED] - Send request successfully

2020-04-15 15:52:01 - [MESSAGE][INFO] - HAR: C:\Users\Administrator\Git\chiraghAdminPanel\Reports\20200415_155143\ChiraghWeb_FrontEnd_Tests\20200415_155143\requests\main\16.har

2020-04-15 15:52:01 - [MESSAGE][PASSED] - Send request successfully

2020-04-15 15:52:01 - [MESSAGE][INFO] - HAR: C:\Users\Administrator\Git\chiraghAdminPanel\Reports\20200415_155143\ChiraghWeb_FrontEnd_Tests\20200415_155143\requests\main\17.har

2020-04-15 15:52:01 - [MESSAGE][PASSED] - Send request successfully

2020-04-15 15:52:01 - [MESSAGE][INFO] - HAR: C:\Users\Administrator\Git\chiraghAdminPanel\Reports\20200415_155143\ChiraghWeb_FrontEnd_Tests\20200415_155143\requests\main\18.har

2020-04-15 15:52:01 - [MESSAGE][PASSED] - Send request successfully

2020-04-15 15:52:01 - [MESSAGE][INFO] - HAR: C:\Users\Administrator\Git\chiraghAdminPanel\Reports\20200415_155143\ChiraghWeb_FrontEnd_Tests\20200415_155143\requests\main\19.har

2020-04-15 15:52:01 - [MESSAGE][PASSED] - Send request successfully

2020-04-15 15:52:01 - [MESSAGE][INFO] - HAR: C:\Users\Administrator\Git\chiraghAdminPanel\Reports\20200415_155143\ChiraghWeb_FrontEnd_Tests\20200415_155143\requests\main\20.har

2020-04-15 15:52:01 - [MESSAGE][PASSED] - Send request successfully

2020-04-15 15:52:01 - [MESSAGE][INFO] - HAR: C:\Users\Administrator\Git\chiraghAdminPanel\Reports\20200415_155143\ChiraghWeb_FrontEnd_Tests\20200415_155143\requests\main\21.har

2020-04-15 15:52:01 - [MESSAGE][PASSED] - Send request successfully

2020-04-15 15:52:01 - [MESSAGE][INFO] - HAR: C:\Users\Administrator\Git\chiraghAdminPanel\Reports\20200415_155143\ChiraghWeb_FrontEnd_Tests\20200415_155143\requests\main\22.har

2020-04-15 15:52:01 - [MESSAGE][PASSED] - Send request successfully

2020-04-15 15:52:01 - [MESSAGE][INFO] - HAR: C:\Users\Administrator\Git\chiraghAdminPanel\Reports\20200415_155143\ChiraghWeb_FrontEnd_Tests\20200415_155143\requests\main\23.har

2020-04-15 15:52:01 - [MESSAGE][PASSED] - Send request successfully

2020-04-15 15:52:01 - [MESSAGE][INFO] - HAR: C:\Users\Administrator\Git\chiraghAdminPanel\Reports\20200415_155143\ChiraghWeb_FrontEnd_Tests\20200415_155143\requests\main\24.har

2020-04-15 15:52:01 - [MESSAGE][PASSED] - Send request successfully

2020-04-15 15:52:01 - [MESSAGE][INFO] - HAR: C:\Users\Administrator\Git\chiraghAdminPanel\Reports\20200415_155143\ChiraghWeb_FrontEnd_Tests\20200415_155143\requests\main\25.har

2020-04-15 15:52:01 - [MESSAGE][PASSED] - Send request successfully

2020-04-15 15:52:01 - [MESSAGE][INFO] - HAR: C:\Users\Administrator\Git\chiraghAdminPanel\Reports\20200415_155143\ChiraghWeb_FrontEnd_Tests\20200415_155143\requests\main\26.har

2020-04-15 15:52:01 - [MESSAGE][PASSED] - Send request successfully

2020-04-15 15:52:01 - [MESSAGE][INFO] - HAR: C:\Users\Administrator\Git\chiraghAdminPanel\Reports\20200415_155143\ChiraghWeb_FrontEnd_Tests\20200415_155143\requests\main\27.har

2020-04-15 15:52:01 - [MESSAGE][PASSED] - Send request successfully

2020-04-15 15:52:01 - [MESSAGE][INFO] - HAR: C:\Users\Administrator\Git\chiraghAdminPanel\Reports\20200415_155143\ChiraghWeb_FrontEnd_Tests\20200415_155143\requests\main\28.har

2020-04-15 15:52:01 - [MESSAGE][PASSED] - Send request successfully

2020-04-15 15:52:01 - [MESSAGE][INFO] - HAR: C:\Users\Administrator\Git\chiraghAdminPanel\Reports\20200415_155143\ChiraghWeb_FrontEnd_Tests\20200415_155143\requests\main\29.har

2020-04-15 15:52:01 - [MESSAGE][PASSED] - Send request successfully

2020-04-15 15:52:01 - [MESSAGE][INFO] - HAR: C:\Users\Administrator\Git\chiraghAdminPanel\Reports\20200415_155143\ChiraghWeb_FrontEnd_Tests\20200415_155143\requests\main\30.har

2020-04-15 15:52:01 - [MESSAGE][PASSED] - Send request successfully

2020-04-15 15:52:01 - [MESSAGE][INFO] - HAR: C:\Users\Administrator\Git\chiraghAdminPanel\Reports\20200415_155143\ChiraghWeb_FrontEnd_Tests\20200415_155143\requests\main\31.har

2020-04-15 15:52:01 - [MESSAGE][PASSED] - Send request successfully

2020-04-15 15:52:01 - [MESSAGE][INFO] - HAR: C:\Users\Administrator\Git\chiraghAdminPanel\Reports\20200415_155143\ChiraghWeb_FrontEnd_Tests\20200415_155143\requests\main\32.har

2020-04-15 15:52:01 - [MESSAGE][PASSED] - Send request successfully

2020-04-15 15:52:01 - [MESSAGE][INFO] - HAR: C:\Users\Administrator\Git\chiraghAdminPanel\Reports\20200415_155143\ChiraghWeb_FrontEnd_Tests\20200415_155143\requests\main\33.har

2020-04-15 15:52:01 - [MESSAGE][PASSED] - Send request successfully

2020-04-15 15:52:01 - [MESSAGE][INFO] - HAR: C:\Users\Administrator\Git\chiraghAdminPanel\Reports\20200415_155143\ChiraghWeb_FrontEnd_Tests\20200415_155143\requests\main\34.har

2020-04-15 15:52:01 - [MESSAGE][PASSED] - Send request successfully

2020-04-15 15:52:01 - [MESSAGE][INFO] - HAR: C:\Users\Administrator\Git\chiraghAdminPanel\Reports\20200415_155143\ChiraghWeb_FrontEnd_Tests\20200415_155143\requests\main\35.har

2020-04-15 15:52:01 - [MESSAGE][PASSED] - Send request successfully

2020-04-15 15:52:01 - [MESSAGE][INFO] - HAR: C:\Users\Administrator\Git\chiraghAdminPanel\Reports\20200415_155143\ChiraghWeb_FrontEnd_Tests\20200415_155143\requests\main\36.har

2020-04-15 15:52:01 - [MESSAGE][PASSED] - Send request successfully

2020-04-15 15:52:01 - [MESSAGE][INFO] - HAR: C:\Users\Administrator\Git\chiraghAdminPanel\Reports\20200415_155143\ChiraghWeb_FrontEnd_Tests\20200415_155143\requests\main\37.har

2020-04-15 15:52:01 - [MESSAGE][PASSED] - Send request successfully

2020-04-15 15:52:01 - [MESSAGE][INFO] - HAR: C:\Users\Administrator\Git\chiraghAdminPanel\Reports\20200415_155143\ChiraghWeb_FrontEnd_Tests\20200415_155143\requests\main\38.har

2020-04-15 15:52:01 - [MESSAGE][PASSED] - Send request successfully

2020-04-15 15:52:01 - [MESSAGE][INFO] - HAR: C:\Users\Administrator\Git\chiraghAdminPanel\Reports\20200415_155143\ChiraghWeb_FrontEnd_Tests\20200415_155143\requests\main\39.har

2020-04-15 15:52:01 - [MESSAGE][PASSED] - Send request successfully

2020-04-15 15:52:01 - [MESSAGE][INFO] - HAR: C:\Users\Administrator\Git\chiraghAdminPanel\Reports\20200415_155143\ChiraghWeb_FrontEnd_Tests\20200415_155143\requests\main\40.har

2020-04-15 15:52:01 - [MESSAGE][PASSED] - Send request successfully

2020-04-15 15:52:01 - [MESSAGE][INFO] - HAR: C:\Users\Administrator\Git\chiraghAdminPanel\Reports\20200415_155143\ChiraghWeb_FrontEnd_Tests\20200415_155143\requests\main\41.har

2020-04-15 15:52:01 - [MESSAGE][PASSED] - Send request successfully

2020-04-15 15:52:01 - [MESSAGE][INFO] - HAR: C:\Users\Administrator\Git\chiraghAdminPanel\Reports\20200415_155143\ChiraghWeb_FrontEnd_Tests\20200415_155143\requests\main\42.har

2020-04-15 15:52:01 - [MESSAGE][PASSED] - Send request successfully

2020-04-15 15:52:01 - [MESSAGE][INFO] - HAR: C:\Users\Administrator\Git\chiraghAdminPanel\Reports\20200415_155143\ChiraghWeb_FrontEnd_Tests\20200415_155143\requests\main\43.har

2020-04-15 15:52:01 - [MESSAGE][PASSED] - Send request successfully

2020-04-15 15:52:01 - [MESSAGE][INFO] - HAR: C:\Users\Administrator\Git\chiraghAdminPanel\Reports\20200415_155143\ChiraghWeb_FrontEnd_Tests\20200415_155143\requests\main\44.har

2020-04-15 15:52:01 - [MESSAGE][PASSED] - Send request successfully

2020-04-15 15:52:01 - [MESSAGE][INFO] - HAR: C:\Users\Administrator\Git\chiraghAdminPanel\Reports\20200415_155143\ChiraghWeb_FrontEnd_Tests\20200415_155143\requests\main\45.har

2020-04-15 15:52:01 - [MESSAGE][PASSED] - Send request successfully

2020-04-15 15:52:01 - [MESSAGE][INFO] - HAR: C:\Users\Administrator\Git\chiraghAdminPanel\Reports\20200415_155143\ChiraghWeb_FrontEnd_Tests\20200415_155143\requests\main\46.har

2020-04-15 15:52:01 - [MESSAGE][PASSED] - Send request successfully

2020-04-15 15:52:01 - [MESSAGE][INFO] - HAR: C:\Users\Administrator\Git\chiraghAdminPanel\Reports\20200415_155143\ChiraghWeb_FrontEnd_Tests\20200415_155143\requests\main\47.har

2020-04-15 15:52:01 - [MESSAGE][PASSED] - Send request successfully

2020-04-15 15:52:01 - [MESSAGE][INFO] - HAR: C:\Users\Administrator\Git\chiraghAdminPanel\Reports\20200415_155143\ChiraghWeb_FrontEnd_Tests\20200415_155143\requests\main\48.har

2020-04-15 15:52:01 - [MESSAGE][PASSED] - Send request successfully

2020-04-15 15:52:01 - [MESSAGE][INFO] - HAR: C:\Users\Administrator\Git\chiraghAdminPanel\Reports\20200415_155143\ChiraghWeb_FrontEnd_Tests\20200415_155143\requests\main\49.har

2020-04-15 15:52:01 - [MESSAGE][PASSED] - Send request successfully

2020-04-15 15:52:02 - [MESSAGE][INFO] - HAR: C:\Users\Administrator\Git\chiraghAdminPanel\Reports\20200415_155143\ChiraghWeb_FrontEnd_Tests\20200415_155143\requests\main\50.har

2020-04-15 15:52:02 - [MESSAGE][PASSED] - Send request successfully

2020-04-15 15:52:02 - [MESSAGE][INFO] - HAR: C:\Users\Administrator\Git\chiraghAdminPanel\Reports\20200415_155143\ChiraghWeb_FrontEnd_Tests\20200415_155143\requests\main\51.har

2020-04-15 15:52:02 - [MESSAGE][PASSED] - Send request successfully

2020-04-15 15:52:02 - [MESSAGE][INFO] - HAR: C:\Users\Administrator\Git\chiraghAdminPanel\Reports\20200415_155143\ChiraghWeb_FrontEnd_Tests\20200415_155143\requests\main\52.har

2020-04-15 15:52:02 - [MESSAGE][PASSED] - Send request successfully

2020-04-15 15:52:02 - [MESSAGE][INFO] - HAR: C:\Users\Administrator\Git\chiraghAdminPanel\Reports\20200415_155143\ChiraghWeb_FrontEnd_Tests\20200415_155143\requests\main\53.har

2020-04-15 15:52:02 - [MESSAGE][PASSED] - Send request successfully

2020-04-15 15:52:02 - [MESSAGE][INFO] - HAR: C:\Users\Administrator\Git\chiraghAdminPanel\Reports\20200415_155143\ChiraghWeb_FrontEnd_Tests\20200415_155143\requests\main\54.har

2020-04-15 15:52:02 - [MESSAGE][PASSED] - Send request successfully

2020-04-15 15:52:02 - [MESSAGE][INFO] - HAR: C:\Users\Administrator\Git\chiraghAdminPanel\Reports\20200415_155143\ChiraghWeb_FrontEnd_Tests\20200415_155143\requests\main\55.har

2020-04-15 15:52:02 - [MESSAGE][PASSED] - Send request successfully

2020-04-15 15:52:02 - [MESSAGE][INFO] - HAR: C:\Users\Administrator\Git\chiraghAdminPanel\Reports\20200415_155143\ChiraghWeb_FrontEnd_Tests\20200415_155143\requests\main\56.har

2020-04-15 15:52:02 - [MESSAGE][PASSED] - Send request successfully

2020-04-15 15:52:02 - [MESSAGE][INFO] - HAR: C:\Users\Administrator\Git\chiraghAdminPanel\Reports\20200415_155143\ChiraghWeb_FrontEnd_Tests\20200415_155143\requests\main\57.har

2020-04-15 15:52:02 - [MESSAGE][PASSED] - Send request successfully

2020-04-15 15:52:02 - [MESSAGE][INFO] - HAR: C:\Users\Administrator\Git\chiraghAdminPanel\Reports\20200415_155143\ChiraghWeb_FrontEnd_Tests\20200415_155143\requests\main\58.har

2020-04-15 15:52:02 - [MESSAGE][PASSED] - Send request successfully

2020-04-15 15:52:02 - [MESSAGE][INFO] - HAR: C:\Users\Administrator\Git\chiraghAdminPanel\Reports\20200415_155143\ChiraghWeb_FrontEnd_Tests\20200415_155143\requests\main\59.har

2020-04-15 15:52:02 - [MESSAGE][PASSED] - Send request successfully

2020-04-15 15:52:02 - [MESSAGE][INFO] - HAR: C:\Users\Administrator\Git\chiraghAdminPanel\Reports\20200415_155143\ChiraghWeb_FrontEnd_Tests\20200415_155143\requests\main\60.har

2020-04-15 15:52:02 - [MESSAGE][PASSED] - Send request successfully

2020-04-15 15:52:02 - [MESSAGE][INFO] - HAR: C:\Users\Administrator\Git\chiraghAdminPanel\Reports\20200415_155143\ChiraghWeb_FrontEnd_Tests\20200415_155143\requests\main\61.har

2020-04-15 15:52:02 - [MESSAGE][PASSED] - Send request successfully

2020-04-15 15:52:02 - [MESSAGE][INFO] - HAR: C:\Users\Administrator\Git\chiraghAdminPanel\Reports\20200415_155143\ChiraghWeb_FrontEnd_Tests\20200415_155143\requests\main\62.har

2020-04-15 15:52:02 - [MESSAGE][PASSED] - Send request successfully

2020-04-15 15:52:02 - [MESSAGE][INFO] - HAR: C:\Users\Administrator\Git\chiraghAdminPanel\Reports\20200415_155143\ChiraghWeb_FrontEnd_Tests\20200415_155143\requests\main\63.har

2020-04-15 15:52:02 - [MESSAGE][PASSED] - Send request successfully

2020-04-15 15:52:02 - [MESSAGE][INFO] - HAR: C:\Users\Administrator\Git\chiraghAdminPanel\Reports\20200415_155143\ChiraghWeb_FrontEnd_Tests\20200415_155143\requests\main\64.har

2020-04-15 15:52:02 - [MESSAGE][PASSED] - Send request successfully

2020-04-15 15:52:02 - [MESSAGE][INFO] - HAR: C:\Users\Administrator\Git\chiraghAdminPanel\Reports\20200415_155143\ChiraghWeb_FrontEnd_Tests\20200415_155143\requests\main\65.har

2020-04-15 15:52:02 - [MESSAGE][PASSED] - Send request successfully

2020-04-15 15:52:02 - [MESSAGE][INFO] - HAR: C:\Users\Administrator\Git\chiraghAdminPanel\Reports\20200415_155143\ChiraghWeb_FrontEnd_Tests\20200415_155143\requests\main\66.har

2020-04-15 15:52:02 - [MESSAGE][PASSED] - Send request successfully

2020-04-15 15:52:02 - [MESSAGE][INFO] - HAR: C:\Users\Administrator\Git\chiraghAdminPanel\Reports\20200415_155143\ChiraghWeb_FrontEnd_Tests\20200415_155143\requests\main\67.har

2020-04-15 15:52:02 - [MESSAGE][PASSED] - Send request successfully

2020-04-15 15:52:02 - [MESSAGE][INFO] - HAR: C:\Users\Administrator\Git\chiraghAdminPanel\Reports\20200415_155143\ChiraghWeb_FrontEnd_Tests\20200415_155143\requests\main\68.har

2020-04-15 15:52:02 - [MESSAGE][PASSED] - Send request successfully

2020-04-15 15:52:02 - [MESSAGE][INFO] - HAR: C:\Users\Administrator\Git\chiraghAdminPanel\Reports\20200415_155143\ChiraghWeb_FrontEnd_Tests\20200415_155143\requests\main\69.har

2020-04-15 15:52:02 - [MESSAGE][PASSED] - Send request successfully

2020-04-15 15:52:02 - [MESSAGE][INFO] - HAR: C:\Users\Administrator\Git\chiraghAdminPanel\Reports\20200415_155143\ChiraghWeb_FrontEnd_Tests\20200415_155143\requests\main\70.har

2020-04-15 15:52:02 - [MESSAGE][PASSED] - Send request successfully

2020-04-15 15:52:02 - [MESSAGE][INFO] - HAR: C:\Users\Administrator\Git\chiraghAdminPanel\Reports\20200415_155143\ChiraghWeb_FrontEnd_Tests\20200415_155143\requests\main\71.har

2020-04-15 15:52:02 - [MESSAGE][PASSED] - Send request successfully

2020-04-15 15:52:02 - [MESSAGE][INFO] - HAR: C:\Users\Administrator\Git\chiraghAdminPanel\Reports\20200415_155143\ChiraghWeb_FrontEnd_Tests\20200415_155143\requests\main\72.har

2020-04-15 15:52:02 - [MESSAGE][PASSED] - Send request successfully

2020-04-15 15:52:02 - [MESSAGE][INFO] - HAR: C:\Users\Administrator\Git\chiraghAdminPanel\Reports\20200415_155143\ChiraghWeb_FrontEnd_Tests\20200415_155143\requests\main\73.har

2020-04-15 15:52:02 - [MESSAGE][PASSED] - Send request successfully

2020-04-15 15:52:02 - [MESSAGE][INFO] - HAR: C:\Users\Administrator\Git\chiraghAdminPanel\Reports\20200415_155143\ChiraghWeb_FrontEnd_Tests\20200415_155143\requests\main\74.har

2020-04-15 15:52:02 - [MESSAGE][PASSED] - Send request successfully

2020-04-15 15:52:02 - [MESSAGE][INFO] - HAR: C:\Users\Administrator\Git\chiraghAdminPanel\Reports\20200415_155143\ChiraghWeb_FrontEnd_Tests\20200415_155143\requests\main\75.har

2020-04-15 15:52:02 - [MESSAGE][PASSED] - Send request successfully

2020-04-15 15:52:02 - [MESSAGE][INFO] - HAR: C:\Users\Administrator\Git\chiraghAdminPanel\Reports\20200415_155143\ChiraghWeb_FrontEnd_Tests\20200415_155143\requests\main\76.har

2020-04-15 15:52:02 - [MESSAGE][PASSED] - Send request successfully

2020-04-15 15:52:02 - [MESSAGE][INFO] - HAR: C:\Users\Administrator\Git\chiraghAdminPanel\Reports\20200415_155143\ChiraghWeb_FrontEnd_Tests\20200415_155143\requests\main\77.har

2020-04-15 15:52:02 - [MESSAGE][PASSED] - Send request successfully

2020-04-15 15:52:02 - [MESSAGE][INFO] - HAR: C:\Users\Administrator\Git\chiraghAdminPanel\Reports\20200415_155143\ChiraghWeb_FrontEnd_Tests\20200415_155143\requests\main\78.har

2020-04-15 15:52:02 - [MESSAGE][PASSED] - Send request successfully

2020-04-15 15:52:02 - [MESSAGE][INFO] - HAR: C:\Users\Administrator\Git\chiraghAdminPanel\Reports\20200415_155143\ChiraghWeb_FrontEnd_Tests\20200415_155143\requests\main\79.har

2020-04-15 15:52:02 - [MESSAGE][PASSED] - Send request successfully

2020-04-15 15:52:02 - [MESSAGE][INFO] - HAR: C:\Users\Administrator\Git\chiraghAdminPanel\Reports\20200415_155143\ChiraghWeb_FrontEnd_Tests\20200415_155143\requests\main\80.har

2020-04-15 15:52:02 - [MESSAGE][PASSED] - Send request successfully

2020-04-15 15:52:02 - [MESSAGE][PASSED] - All links are accessible

2020-04-15 15:52:02 - [MESSAGE][PASSED] - All links on the page 'http://test.chiragh.com/' are accessible

2020-04-15 15:52:02 - [TEST_STEP][PASSED] - delay(1): Delayed 1 second(s)

2020-04-15 15:52:03 - [MESSAGE][PASSED] - Delayed 1 second(s)

2020-04-15 15:52:03 - [TEST_STEP][PASSED] - navigateToUrl("http://test.chiragh.com/auctions"): Navigate to 'http://test.chiragh.com/auctions' successfully

2020-04-15 15:52:04 - [MESSAGE][PASSED] - Navigate to 'http://test.chiragh.com/auctions' successfully

2020-04-15 15:52:04 - [TEST_STEP][PASSED] - verifyAllLinksOnCurrentPageAccessible(false, []): All links on the page 'http://test.chiragh.com/auctions' are accessible

2020-04-15 15:52:08 - [MESSAGE][PASSED] - Found 56 unique links on the page http://test.chiragh.com/auctions

2020-04-15 15:52:08 - [MESSAGE][INFO] - HAR: C:\Users\Administrator\Git\chiraghAdminPanel\Reports\20200415_155143\ChiraghWeb_FrontEnd_Tests\20200415_155143\requests\main\81.har

2020-04-15 15:52:08 - [MESSAGE][PASSED] - Send request successfully

2020-04-15 15:52:08 - [MESSAGE][INFO] - HAR: C:\Users\Administrator\Git\chiraghAdminPanel\Reports\20200415_155143\ChiraghWeb_FrontEnd_Tests\20200415_155143\requests\main\82.har

2020-04-15 15:52:08 - [MESSAGE][PASSED] - Send request successfully

2020-04-15 15:52:08 - [MESSAGE][INFO] - HAR: C:\Users\Administrator\Git\chiraghAdminPanel\Reports\20200415_155143\ChiraghWeb_FrontEnd_Tests\20200415_155143\requests\main\83.har

2020-04-15 15:52:08 - [MESSAGE][PASSED] - Send request successfully

2020-04-15 15:52:08 - [MESSAGE][INFO] - HAR: C:\Users\Administrator\Git\chiraghAdminPanel\Reports\20200415_155143\ChiraghWeb_FrontEnd_Tests\20200415_155143\requests\main\84.har

2020-04-15 15:52:08 - [MESSAGE][PASSED] - Send request successfully

2020-04-15 15:52:08 - [MESSAGE][INFO] - HAR: C:\Users\Administrator\Git\chiraghAdminPanel\Reports\20200415_155143\ChiraghWeb_FrontEnd_Tests\20200415_155143\requests\main\85.har

2020-04-15 15:52:08 - [MESSAGE][PASSED] - Send request successfully

2020-04-15 15:52:08 - [MESSAGE][INFO] - HAR: C:\Users\Administrator\Git\chiraghAdminPanel\Reports\20200415_155143\ChiraghWeb_FrontEnd_Tests\20200415_155143\requests\main\86.har

2020-04-15 15:52:08 - [MESSAGE][PASSED] - Send request successfully

2020-04-15 15:52:08 - [MESSAGE][INFO] - HAR: C:\Users\Administrator\Git\chiraghAdminPanel\Reports\20200415_155143\ChiraghWeb_FrontEnd_Tests\20200415_155143\requests\main\87.har

2020-04-15 15:52:08 - [MESSAGE][PASSED] - Send request successfully

2020-04-15 15:52:08 - [MESSAGE][INFO] - HAR: C:\Users\Administrator\Git\chiraghAdminPanel\Reports\20200415_155143\ChiraghWeb_FrontEnd_Tests\20200415_155143\requests\main\88.har

2020-04-15 15:52:08 - [MESSAGE][PASSED] - Send request successfully

2020-04-15 15:52:08 - [MESSAGE][INFO] - HAR: C:\Users\Administrator\Git\chiraghAdminPanel\Reports\20200415_155143\ChiraghWeb_FrontEnd_Tests\20200415_155143\requests\main\89.har

2020-04-15 15:52:08 - [MESSAGE][PASSED] - Send request successfully

2020-04-15 15:52:08 - [MESSAGE][INFO] - HAR: C:\Users\Administrator\Git\chiraghAdminPanel\Reports\20200415_155143\ChiraghWeb_FrontEnd_Tests\20200415_155143\requests\main\90.har

2020-04-15 15:52:08 - [MESSAGE][PASSED] - Send request successfully

2020-04-15 15:52:08 - [MESSAGE][INFO] - HAR: C:\Users\Administrator\Git\chiraghAdminPanel\Reports\20200415_155143\ChiraghWeb_FrontEnd_Tests\20200415_155143\requests\main\91.har

2020-04-15 15:52:08 - [MESSAGE][PASSED] - Send request successfully

2020-04-15 15:52:08 - [MESSAGE][INFO] - HAR: C:\Users\Administrator\Git\chiraghAdminPanel\Reports\20200415_155143\ChiraghWeb_FrontEnd_Tests\20200415_155143\requests\main\92.har

2020-04-15 15:52:08 - [MESSAGE][PASSED] - Send request successfully

2020-04-15 15:52:08 - [MESSAGE][INFO] - HAR: C:\Users\Administrator\Git\chiraghAdminPanel\Reports\20200415_155143\ChiraghWeb_FrontEnd_Tests\20200415_155143\requests\main\93.har

2020-04-15 15:52:08 - [MESSAGE][PASSED] - Send request successfully

2020-04-15 15:52:08 - [MESSAGE][INFO] - HAR: C:\Users\Administrator\Git\chiraghAdminPanel\Reports\20200415_155143\ChiraghWeb_FrontEnd_Tests\20200415_155143\requests\main\94.har

2020-04-15 15:52:08 - [MESSAGE][PASSED] - Send request successfully

2020-04-15 15:52:08 - [MESSAGE][INFO] - HAR: C:\Users\Administrator\Git\chiraghAdminPanel\Reports\20200415_155143\ChiraghWeb_FrontEnd_Tests\20200415_155143\requests\main\95.har

2020-04-15 15:52:08 - [MESSAGE][PASSED] - Send request successfully

2020-04-15 15:52:08 - [MESSAGE][INFO] - HAR: C:\Users\Administrator\Git\chiraghAdminPanel\Reports\20200415_155143\ChiraghWeb_FrontEnd_Tests\20200415_155143\requests\main\96.har

2020-04-15 15:52:08 - [MESSAGE][PASSED] - Send request successfully

2020-04-15 15:52:08 - [MESSAGE][INFO] - HAR: C:\Users\Administrator\Git\chiraghAdminPanel\Reports\20200415_155143\ChiraghWeb_FrontEnd_Tests\20200415_155143\requests\main\97.har

2020-04-15 15:52:08 - [MESSAGE][PASSED] - Send request successfully

2020-04-15 15:52:08 - [MESSAGE][INFO] - HAR: C:\Users\Administrator\Git\chiraghAdminPanel\Reports\20200415_155143\ChiraghWeb_FrontEnd_Tests\20200415_155143\requests\main\98.har

2020-04-15 15:52:08 - [MESSAGE][PASSED] - Send request successfully

2020-04-15 15:52:08 - [MESSAGE][INFO] - HAR: C:\Users\Administrator\Git\chiraghAdminPanel\Reports\20200415_155143\ChiraghWeb_FrontEnd_Tests\20200415_155143\requests\main\99.har

2020-04-15 15:52:08 - [MESSAGE][PASSED] - Send request successfully

2020-04-15 15:52:08 - [MESSAGE][INFO] - HAR: C:\Users\Administrator\Git\chiraghAdminPanel\Reports\20200415_155143\ChiraghWeb_FrontEnd_Tests\20200415_155143\requests\main\100.har

2020-04-15 15:52:08 - [MESSAGE][PASSED] - Send request successfully

2020-04-15 15:52:08 - [MESSAGE][INFO] - HAR: C:\Users\Administrator\Git\chiraghAdminPanel\Reports\20200415_155143\ChiraghWeb_FrontEnd_Tests\20200415_155143\requests\main\101.har

2020-04-15 15:52:08 - [MESSAGE][PASSED] - Send request successfully

2020-04-15 15:52:08 - [MESSAGE][INFO] - HAR: C:\Users\Administrator\Git\chiraghAdminPanel\Reports\20200415_155143\ChiraghWeb_FrontEnd_Tests\20200415_155143\requests\main\102.har

2020-04-15 15:52:08 - [MESSAGE][PASSED] - Send request successfully

2020-04-15 15:52:08 - [MESSAGE][INFO] - HAR: C:\Users\Administrator\Git\chiraghAdminPanel\Reports\20200415_155143\ChiraghWeb_FrontEnd_Tests\20200415_155143\requests\main\103.har

2020-04-15 15:52:08 - [MESSAGE][PASSED] - Send request successfully

2020-04-15 15:52:08 - [MESSAGE][INFO] - HAR: C:\Users\Administrator\Git\chiraghAdminPanel\Reports\20200415_155143\ChiraghWeb_FrontEnd_Tests\20200415_155143\requests\main\104.har

2020-04-15 15:52:08 - [MESSAGE][PASSED] - Send request successfully

2020-04-15 15:52:08 - [MESSAGE][INFO] - HAR: C:\Users\Administrator\Git\chiraghAdminPanel\Reports\20200415_155143\ChiraghWeb_FrontEnd_Tests\20200415_155143\requests\main\105.har

2020-04-15 15:52:08 - [MESSAGE][PASSED] - Send request successfully

2020-04-15 15:52:08 - [MESSAGE][INFO] - HAR: C:\Users\Administrator\Git\chiraghAdminPanel\Reports\20200415_155143\ChiraghWeb_FrontEnd_Tests\20200415_155143\requests\main\106.har

2020-04-15 15:52:08 - [MESSAGE][PASSED] - Send request successfully

2020-04-15 15:52:08 - [MESSAGE][INFO] - HAR: C:\Users\Administrator\Git\chiraghAdminPanel\Reports\20200415_155143\ChiraghWeb_FrontEnd_Tests\20200415_155143\requests\main\107.har

2020-04-15 15:52:08 - [MESSAGE][PASSED] - Send request successfully

2020-04-15 15:52:08 - [MESSAGE][INFO] - HAR: C:\Users\Administrator\Git\chiraghAdminPanel\Reports\20200415_155143\ChiraghWeb_FrontEnd_Tests\20200415_155143\requests\main\108.har

2020-04-15 15:52:08 - [MESSAGE][PASSED] - Send request successfully

2020-04-15 15:52:08 - [MESSAGE][INFO] - HAR: C:\Users\Administrator\Git\chiraghAdminPanel\Reports\20200415_155143\ChiraghWeb_FrontEnd_Tests\20200415_155143\requests\main\109.har

2020-04-15 15:52:08 - [MESSAGE][PASSED] - Send request successfully

2020-04-15 15:52:08 - [MESSAGE][INFO] - HAR: C:\Users\Administrator\Git\chiraghAdminPanel\Reports\20200415_155143\ChiraghWeb_FrontEnd_Tests\20200415_155143\requests\main\110.har

2020-04-15 15:52:08 - [MESSAGE][PASSED] - Send request successfully

2020-04-15 15:52:08 - [MESSAGE][INFO] - HAR: C:\Users\Administrator\Git\chiraghAdminPanel\Reports\20200415_155143\ChiraghWeb_FrontEnd_Tests\20200415_155143\requests\main\111.har

2020-04-15 15:52:08 - [MESSAGE][PASSED] - Send request successfully

2020-04-15 15:52:08 - [MESSAGE][INFO] - HAR: C:\Users\Administrator\Git\chiraghAdminPanel\Reports\20200415_155143\ChiraghWeb_FrontEnd_Tests\20200415_155143\requests\main\112.har

2020-04-15 15:52:08 - [MESSAGE][PASSED] - Send request successfully

2020-04-15 15:52:08 - [MESSAGE][INFO] - HAR: C:\Users\Administrator\Git\chiraghAdminPanel\Reports\20200415_155143\ChiraghWeb_FrontEnd_Tests\20200415_155143\requests\main\113.har

2020-04-15 15:52:08 - [MESSAGE][PASSED] - Send request successfully

2020-04-15 15:52:08 - [MESSAGE][INFO] - HAR: C:\Users\Administrator\Git\chiraghAdminPanel\Reports\20200415_155143\ChiraghWeb_FrontEnd_Tests\20200415_155143\requests\main\114.har

2020-04-15 15:52:08 - [MESSAGE][PASSED] - Send request successfully

2020-04-15 15:52:08 - [MESSAGE][INFO] - HAR: C:\Users\Administrator\Git\chiraghAdminPanel\Reports\20200415_155143\ChiraghWeb_FrontEnd_Tests\20200415_155143\requests\main\115.har

2020-04-15 15:52:08 - [MESSAGE][PASSED] - Send request successfully

2020-04-15 15:52:08 - [MESSAGE][INFO] - HAR: C:\Users\Administrator\Git\chiraghAdminPanel\Reports\20200415_155143\ChiraghWeb_FrontEnd_Tests\20200415_155143\requests\main\116.har

2020-04-15 15:52:08 - [MESSAGE][PASSED] - Send request successfully

2020-04-15 15:52:08 - [MESSAGE][INFO] - HAR: C:\Users\Administrator\Git\chiraghAdminPanel\Reports\20200415_155143\ChiraghWeb_FrontEnd_Tests\20200415_155143\requests\main\117.har

2020-04-15 15:52:08 - [MESSAGE][PASSED] - Send request successfully

2020-04-15 15:52:08 - [MESSAGE][INFO] - HAR: C:\Users\Administrator\Git\chiraghAdminPanel\Reports\20200415_155143\ChiraghWeb_FrontEnd_Tests\20200415_155143\requests\main\118.har

2020-04-15 15:52:08 - [MESSAGE][PASSED] - Send request successfully

2020-04-15 15:52:08 - [MESSAGE][INFO] - HAR: C:\Users\Administrator\Git\chiraghAdminPanel\Reports\20200415_155143\ChiraghWeb_FrontEnd_Tests\20200415_155143\requests\main\119.har

2020-04-15 15:52:08 - [MESSAGE][PASSED] - Send request successfully

2020-04-15 15:52:08 - [MESSAGE][INFO] - HAR: C:\Users\Administrator\Git\chiraghAdminPanel\Reports\20200415_155143\ChiraghWeb_FrontEnd_Tests\20200415_155143\requests\main\120.har

2020-04-15 15:52:08 - [MESSAGE][PASSED] - Send request successfully

2020-04-15 15:52:08 - [MESSAGE][INFO] - HAR: C:\Users\Administrator\Git\chiraghAdminPanel\Reports\20200415_155143\ChiraghWeb_FrontEnd_Tests\20200415_155143\requests\main\121.har

2020-04-15 15:52:08 - [MESSAGE][PASSED] - Send request successfully

2020-04-15 15:52:08 - [MESSAGE][INFO] - HAR: C:\Users\Administrator\Git\chiraghAdminPanel\Reports\20200415_155143\ChiraghWeb_FrontEnd_Tests\20200415_155143\requests\main\122.har

2020-04-15 15:52:08 - [MESSAGE][PASSED] - Send request successfully

2020-04-15 15:52:08 - [MESSAGE][INFO] - HAR: C:\Users\Administrator\Git\chiraghAdminPanel\Reports\20200415_155143\ChiraghWeb_FrontEnd_Tests\20200415_155143\requests\main\123.har

2020-04-15 15:52:08 - [MESSAGE][PASSED] - Send request successfully

2020-04-15 15:52:08 - [MESSAGE][INFO] - HAR: C:\Users\Administrator\Git\chiraghAdminPanel\Reports\20200415_155143\ChiraghWeb_FrontEnd_Tests\20200415_155143\requests\main\124.har

2020-04-15 15:52:08 - [MESSAGE][PASSED] - Send request successfully

2020-04-15 15:52:08 - [MESSAGE][INFO] - HAR: C:\Users\Administrator\Git\chiraghAdminPanel\Reports\20200415_155143\ChiraghWeb_FrontEnd_Tests\20200415_155143\requests\main\125.har

2020-04-15 15:52:08 - [MESSAGE][PASSED] - Send request successfully

2020-04-15 15:52:08 - [MESSAGE][INFO] - HAR: C:\Users\Administrator\Git\chiraghAdminPanel\Reports\20200415_155143\ChiraghWeb_FrontEnd_Tests\20200415_155143\requests\main\126.har

2020-04-15 15:52:08 - [MESSAGE][PASSED] - Send request successfully

2020-04-15 15:52:08 - [MESSAGE][INFO] - HAR: C:\Users\Administrator\Git\chiraghAdminPanel\Reports\20200415_155143\ChiraghWeb_FrontEnd_Tests\20200415_155143\requests\main\127.har

2020-04-15 15:52:08 - [MESSAGE][PASSED] - Send request successfully

2020-04-15 15:52:08 - [MESSAGE][INFO] - HAR: C:\Users\Administrator\Git\chiraghAdminPanel\Reports\20200415_155143\ChiraghWeb_FrontEnd_Tests\20200415_155143\requests\main\128.har

2020-04-15 15:52:08 - [MESSAGE][PASSED] - Send request successfully

2020-04-15 15:52:08 - [MESSAGE][INFO] - HAR: C:\Users\Administrator\Git\chiraghAdminPanel\Reports\20200415_155143\ChiraghWeb_FrontEnd_Tests\20200415_155143\requests\main\129.har

2020-04-15 15:52:08 - [MESSAGE][PASSED] - Send request successfully

2020-04-15 15:52:08 - [MESSAGE][INFO] - HAR: C:\Users\Administrator\Git\chiraghAdminPanel\Reports\20200415_155143\ChiraghWeb_FrontEnd_Tests\20200415_155143\requests\main\130.har

2020-04-15 15:52:08 - [MESSAGE][PASSED] - Send request successfully

2020-04-15 15:52:08 - [MESSAGE][INFO] - HAR: C:\Users\Administrator\Git\chiraghAdminPanel\Reports\20200415_155143\ChiraghWeb_FrontEnd_Tests\20200415_155143\requests\main\131.har

2020-04-15 15:52:08 - [MESSAGE][PASSED] - Send request successfully

2020-04-15 15:52:08 - [MESSAGE][INFO] - HAR: C:\Users\Administrator\Git\chiraghAdminPanel\Reports\20200415_155143\ChiraghWeb_FrontEnd_Tests\20200415_155143\requests\main\132.har

2020-04-15 15:52:08 - [MESSAGE][PASSED] - Send request successfully

2020-04-15 15:52:08 - [MESSAGE][INFO] - HAR: C:\Users\Administrator\Git\chiraghAdminPanel\Reports\20200415_155143\ChiraghWeb_FrontEnd_Tests\20200415_155143\requests\main\133.har

2020-04-15 15:52:08 - [MESSAGE][PASSED] - Send request successfully

2020-04-15 15:52:08 - [MESSAGE][INFO] - HAR: C:\Users\Administrator\Git\chiraghAdminPanel\Reports\20200415_155143\ChiraghWeb_FrontEnd_Tests\20200415_155143\requests\main\134.har

2020-04-15 15:52:08 - [MESSAGE][PASSED] - Send request successfully

2020-04-15 15:52:08 - [MESSAGE][INFO] - HAR: C:\Users\Administrator\Git\chiraghAdminPanel\Reports\20200415_155143\ChiraghWeb_FrontEnd_Tests\20200415_155143\requests\main\135.har

2020-04-15 15:52:08 - [MESSAGE][PASSED] - Send request successfully

2020-04-15 15:52:08 - [MESSAGE][INFO] - HAR: C:\Users\Administrator\Git\chiraghAdminPanel\Reports\20200415_155143\ChiraghWeb_FrontEnd_Tests\20200415_155143\requests\main\136.har

2020-04-15 15:52:09 - [MESSAGE][PASSED] - Send request successfully

2020-04-15 15:52:09 - [MESSAGE][PASSED] - All links are accessible

2020-04-15 15:52:09 - [MESSAGE][PASSED] - All links on the page 'http://test.chiragh.com/auctions' are accessible

2020-04-15 15:52:09 - [TEST_STEP][PASSED] - closeBrowser(): Browser is closed

2020-04-15 15:52:10 - [MESSAGE][PASSED] - Browser is closed

2020-04-15 15:52:12 - [TEST_STEP][PASSED] - Video: Video recording for test case 'Test Cases/Front End/TC_SmokeTests_006' .

2020-04-15 15:52:12 - [MESSAGE][INFO] - Video recording for test case 'Test Cases/Front End/TC_SmokeTests_006' .
[[ATTACHMENT|C:\\Users\\Administrator\\Git\\chiraghAdminPanel\\Reports\\20200415_155143\\ChiraghWeb_FrontEnd_Tests\\20200415_155143/videos\\test_1.mov]]]]></system-out>
         <system-err><![CDATA[]]></system-err>
      </testcase>
      <testcase name="Test Cases/Smoke Tests/Header/TC_VerifyRentTab_010" time="21.76" classname="Test Cases/Smoke Tests/Header/TC_VerifyRentTab_010" status="PASSED">
         <system-out><![CDATA[2020-04-15 15:52:12 - [TEST_CASE][PASSED] - Test Cases/Smoke Tests/Header/TC_VerifyRentTab_010: Test Cases/Smoke Tests/Header/TC_VerifyRentTab_010

2020-04-15 15:52:12 - [TEST_STEP][PASSED] - openBrowser(""): Browser is opened with url: ''

2020-04-15 15:52:12 - [MESSAGE][INFO] - Starting 'Firefox' driver

2020-04-15 15:52:12 - [MESSAGE][INFO] - Action delay is set to 0 milliseconds

2020-04-15 15:52:15 - [MESSAGE][PASSED] - Browser is opened with url: ''

2020-04-15 15:52:15 - [TEST_STEP][PASSED] - navigateToUrl(Url): Navigate to 'http://test.chiragh.com' successfully

2020-04-15 15:52:17 - [MESSAGE][PASSED] - Navigate to 'http://test.chiragh.com' successfully

2020-04-15 15:52:17 - [TEST_STEP][PASSED] - waitForPageLoad(15): Wait for page load successfully

2020-04-15 15:52:17 - [MESSAGE][PASSED] - Wait for page load successfully

2020-04-15 15:52:17 - [TEST_STEP][PASSED] - maximizeWindow(): Current window maximized

2020-04-15 15:52:17 - [MESSAGE][PASSED] - Current window maximized

2020-04-15 15:52:17 - [TEST_STEP][PASSED] - delay(3): Delayed 3 second(s)

2020-04-15 15:52:20 - [MESSAGE][PASSED] - Delayed 3 second(s)

2020-04-15 15:52:20 - [TEST_STEP][PASSED] - click(findTestObject("Object Repository/Front End Objects/Smoke Tests/Header/Rent Tab/Page_Chiragh - Home/a_RENT")): Object: 'Object Repository/Front End Objects/Smoke Tests/Header/Rent Tab/Page_Chiragh - Home/a_RENT' is clicked on

2020-04-15 15:52:20 - [MESSAGE][PASSED] - Object: 'Object Repository/Front End Objects/Smoke Tests/Header/Rent Tab/Page_Chiragh - Home/a_RENT' is clicked on

2020-04-15 15:52:20 - [TEST_STEP][PASSED] - delay(10): Delayed 10 second(s)

2020-04-15 15:52:30 - [MESSAGE][PASSED] - Delayed 10 second(s)

2020-04-15 15:52:30 - [TEST_STEP][PASSED] - switchToWindowUrl("http://test.chiragh.com/rent"): Switched to window with url: 'http://test.chiragh.com/rent'

2020-04-15 15:52:30 - [MESSAGE][PASSED] - Switched to window with url: 'http://test.chiragh.com/rent'

2020-04-15 15:52:30 - [TEST_STEP][PASSED] - verifyElementPresent(findTestObject("Object Repository/Front End Objects/Smoke Tests/Header/Rent Tab/Page_Chiragh - Rent/ComingSoonImage"), 7): Object 'Object Repository/Front End Objects/Smoke Tests/Header/Rent Tab/Page_Chiragh - Rent/ComingSoonImage' is present

2020-04-15 15:52:30 - [MESSAGE][PASSED] - Object 'Object Repository/Front End Objects/Smoke Tests/Header/Rent Tab/Page_Chiragh - Rent/ComingSoonImage' is present

2020-04-15 15:52:30 - [TEST_STEP][PASSED] - closeBrowser(): Browser is closed

2020-04-15 15:52:32 - [MESSAGE][PASSED] - Browser is closed

2020-04-15 15:52:34 - [TEST_STEP][PASSED] - Video: Video recording for test case 'Test Cases/Smoke Tests/Header/TC_VerifyRentTab_010' .

2020-04-15 15:52:34 - [MESSAGE][INFO] - Video recording for test case 'Test Cases/Smoke Tests/Header/TC_VerifyRentTab_010' .
[[ATTACHMENT|C:\\Users\\Administrator\\Git\\chiraghAdminPanel\\Reports\\20200415_155143\\ChiraghWeb_FrontEnd_Tests\\20200415_155143/videos\\test_2.mov]]]]></system-out>
         <system-err><![CDATA[]]></system-err>
      </testcase>
      <testcase name="Test Cases/Smoke Tests/Header/TC_VerifySellTab_009" time="30.863" classname="Test Cases/Smoke Tests/Header/TC_VerifySellTab_009" status="ERROR">
         <error type="ERROR" message="Test Cases/Smoke Tests/Header/TC_VerifySellTab_009 FAILED.
Reason:
groovy.lang.MissingMethodException: No signature of method: static com.kms.katalon.core.webui.keyword.WebUiBuiltInKeywords.verifyElementPresent() is applicable for argument types: (com.kms.katalon.core.testobject.TestObject) values: [TestObject - 'Object Repository/Front End Objects/Smoke Tests/Header/Sell Tab/Page_Chiragh - Login/h1_Log In']
Possible solutions: verifyElementPresent(com.kms.katalon.core.testobject.TestObject, int), verifyElementPresent(com.kms.katalon.core.testobject.TestObject, int, com.kms.katalon.core.model.FailureHandling), verifyElementNotPresent(com.kms.katalon.core.testobject.TestObject, int), verifyAlertPresent(int), verifyElementNotPresent(com.kms.katalon.core.testobject.TestObject, int, com.kms.katalon.core.model.FailureHandling)
	at TC_VerifySellTab_009.run(TC_VerifySellTab_009:32)
	at com.kms.katalon.core.main.ScriptEngine.run(ScriptEngine.java:194)
	at com.kms.katalon.core.main.ScriptEngine.runScriptAsRawText(ScriptEngine.java:119)
	at com.kms.katalon.core.main.TestCaseExecutor.runScript(TestCaseExecutor.java:337)
	at com.kms.katalon.core.main.TestCaseExecutor.doExecute(TestCaseExecutor.java:328)
	at com.kms.katalon.core.main.TestCaseExecutor.processExecutionPhase(TestCaseExecutor.java:307)
	at com.kms.katalon.core.main.TestCaseExecutor.accessMainPhase(TestCaseExecutor.java:299)
	at com.kms.katalon.core.main.TestCaseExecutor.execute(TestCaseExecutor.java:233)
	at com.kms.katalon.core.main.TestSuiteExecutor.accessTestCaseMainPhase(TestSuiteExecutor.java:169)
	at com.kms.katalon.core.main.TestSuiteExecutor.accessTestSuiteMainPhase(TestSuiteExecutor.java:142)
	at com.kms.katalon.core.main.TestSuiteExecutor.execute(TestSuiteExecutor.java:91)
	at com.kms.katalon.core.main.TestCaseMain.startTestSuite(TestCaseMain.java:157)
	at com.kms.katalon.core.main.TestCaseMain$startTestSuite$0.call(Unknown Source)
	at TempTestSuite1586965903647.run(TempTestSuite1586965903647.groovy:36)
"/>
         <system-out><![CDATA[2020-04-15 15:52:34 - [TEST_CASE][ERROR] - Test Cases/Smoke Tests/Header/TC_VerifySellTab_009: Test Cases/Smoke Tests/Header/TC_VerifySellTab_009 FAILED.
Reason:
groovy.lang.MissingMethodException: No signature of method: static com.kms.katalon.core.webui.keyword.WebUiBuiltInKeywords.verifyElementPresent() is applicable for argument types: (com.kms.katalon.core.testobject.TestObject) values: [TestObject - 'Object Repository/Front End Objects/Smoke Tests/Header/Sell Tab/Page_Chiragh - Login/h1_Log In']
Possible solutions: verifyElementPresent(com.kms.katalon.core.testobject.TestObject, int), verifyElementPresent(com.kms.katalon.core.testobject.TestObject, int, com.kms.katalon.core.model.FailureHandling), verifyElementNotPresent(com.kms.katalon.core.testobject.TestObject, int), verifyAlertPresent(int), verifyElementNotPresent(com.kms.katalon.core.testobject.TestObject, int, com.kms.katalon.core.model.FailureHandling)
	at TC_VerifySellTab_009.run(TC_VerifySellTab_009:32)
	at com.kms.katalon.core.main.ScriptEngine.run(ScriptEngine.java:194)
	at com.kms.katalon.core.main.ScriptEngine.runScriptAsRawText(ScriptEngine.java:119)
	at com.kms.katalon.core.main.TestCaseExecutor.runScript(TestCaseExecutor.java:337)
	at com.kms.katalon.core.main.TestCaseExecutor.doExecute(TestCaseExecutor.java:328)
	at com.kms.katalon.core.main.TestCaseExecutor.processExecutionPhase(TestCaseExecutor.java:307)
	at com.kms.katalon.core.main.TestCaseExecutor.accessMainPhase(TestCaseExecutor.java:299)
	at com.kms.katalon.core.main.TestCaseExecutor.execute(TestCaseExecutor.java:233)
	at com.kms.katalon.core.main.TestSuiteExecutor.accessTestCaseMainPhase(TestSuiteExecutor.java:169)
	at com.kms.katalon.core.main.TestSuiteExecutor.accessTestSuiteMainPhase(TestSuiteExecutor.java:142)
	at com.kms.katalon.core.main.TestSuiteExecutor.execute(TestSuiteExecutor.java:91)
	at com.kms.katalon.core.main.TestCaseMain.startTestSuite(TestCaseMain.java:157)
	at com.kms.katalon.core.main.TestCaseMain$startTestSuite$0.call(Unknown Source)
	at TempTestSuite1586965903647.run(TempTestSuite1586965903647.groovy:36)


2020-04-15 15:52:34 - [TEST_STEP][PASSED] - openBrowser(""): Browser is opened with url: ''

2020-04-15 15:52:34 - [MESSAGE][INFO] - Starting 'Firefox' driver

2020-04-15 15:52:34 - [MESSAGE][INFO] - Action delay is set to 0 milliseconds

2020-04-15 15:52:37 - [MESSAGE][PASSED] - Browser is opened with url: ''

2020-04-15 15:52:37 - [TEST_STEP][PASSED] - navigateToUrl(Url): Navigate to 'http://test.chiragh.com' successfully

2020-04-15 15:52:38 - [MESSAGE][PASSED] - Navigate to 'http://test.chiragh.com' successfully

2020-04-15 15:52:38 - [TEST_STEP][PASSED] - waitForPageLoad(15): Wait for page load successfully

2020-04-15 15:52:39 - [MESSAGE][PASSED] - Wait for page load successfully

2020-04-15 15:52:39 - [TEST_STEP][PASSED] - maximizeWindow(): Current window maximized

2020-04-15 15:52:39 - [MESSAGE][PASSED] - Current window maximized

2020-04-15 15:52:39 - [TEST_STEP][PASSED] - delay(3): Delayed 3 second(s)

2020-04-15 15:52:42 - [MESSAGE][PASSED] - Delayed 3 second(s)

2020-04-15 15:52:42 - [TEST_STEP][PASSED] - doubleClick(findTestObject("Object Repository/Front End Objects/Smoke Tests/Header/Sell Tab/Page_Chiragh - Home/a_SELL")): Object: 'Object Repository/Front End Objects/Smoke Tests/Header/Sell Tab/Page_Chiragh - Home/a_SELL' is double clicked on

2020-04-15 15:52:42 - [MESSAGE][PASSED] - Object: 'Object Repository/Front End Objects/Smoke Tests/Header/Sell Tab/Page_Chiragh - Home/a_SELL' is double clicked on

2020-04-15 15:52:42 - [TEST_STEP][PASSED] - delay(20): Delayed 20 second(s)

2020-04-15 15:53:02 - [MESSAGE][PASSED] - Delayed 20 second(s)

2020-04-15 15:53:02 - [TEST_STEP][PASSED] - verifyElementPresent(findTestObject("Object Repository/Front End Objects/Smoke Tests/Header/Sell Tab/Page_Chiragh - Login/h1_Log In")): null

2020-04-15 15:53:04 - [TEST_STEP][PASSED] - Video: Video recording for test case 'Test Cases/Smoke Tests/Header/TC_VerifySellTab_009' .

2020-04-15 15:53:04 - [MESSAGE][INFO] - Video recording for test case 'Test Cases/Smoke Tests/Header/TC_VerifySellTab_009' .
[[ATTACHMENT|C:\\Users\\Administrator\\Git\\chiraghAdminPanel\\Reports\\20200415_155143\\ChiraghWeb_FrontEnd_Tests\\20200415_155143/videos\\test_3.mov]]]]></system-out>
         <system-err><![CDATA[2020-04-15 15:52:34 - [TEST_CASE][ERROR] - Test Cases/Smoke Tests/Header/TC_VerifySellTab_009: Test Cases/Smoke Tests/Header/TC_VerifySellTab_009 FAILED.
Reason:
groovy.lang.MissingMethodException: No signature of method: static com.kms.katalon.core.webui.keyword.WebUiBuiltInKeywords.verifyElementPresent() is applicable for argument types: (com.kms.katalon.core.testobject.TestObject) values: [TestObject - 'Object Repository/Front End Objects/Smoke Tests/Header/Sell Tab/Page_Chiragh - Login/h1_Log In']
Possible solutions: verifyElementPresent(com.kms.katalon.core.testobject.TestObject, int), verifyElementPresent(com.kms.katalon.core.testobject.TestObject, int, com.kms.katalon.core.model.FailureHandling), verifyElementNotPresent(com.kms.katalon.core.testobject.TestObject, int), verifyAlertPresent(int), verifyElementNotPresent(com.kms.katalon.core.testobject.TestObject, int, com.kms.katalon.core.model.FailureHandling)
	at TC_VerifySellTab_009.run(TC_VerifySellTab_009:32)
	at com.kms.katalon.core.main.ScriptEngine.run(ScriptEngine.java:194)
	at com.kms.katalon.core.main.ScriptEngine.runScriptAsRawText(ScriptEngine.java:119)
	at com.kms.katalon.core.main.TestCaseExecutor.runScript(TestCaseExecutor.java:337)
	at com.kms.katalon.core.main.TestCaseExecutor.doExecute(TestCaseExecutor.java:328)
	at com.kms.katalon.core.main.TestCaseExecutor.processExecutionPhase(TestCaseExecutor.java:307)
	at com.kms.katalon.core.main.TestCaseExecutor.accessMainPhase(TestCaseExecutor.java:299)
	at com.kms.katalon.core.main.TestCaseExecutor.execute(TestCaseExecutor.java:233)
	at com.kms.katalon.core.main.TestSuiteExecutor.accessTestCaseMainPhase(TestSuiteExecutor.java:169)
	at com.kms.katalon.core.main.TestSuiteExecutor.accessTestSuiteMainPhase(TestSuiteExecutor.java:142)
	at com.kms.katalon.core.main.TestSuiteExecutor.execute(TestSuiteExecutor.java:91)
	at com.kms.katalon.core.main.TestCaseMain.startTestSuite(TestCaseMain.java:157)
	at com.kms.katalon.core.main.TestCaseMain$startTestSuite$0.call(Unknown Source)
	at TempTestSuite1586965903647.run(TempTestSuite1586965903647.groovy:36)]]></system-err>
      </testcase>
      <testcase name="Test Cases/Front End/NotLoginWithInvalidCredentials" time="16.48" classname="Test Cases/Front End/NotLoginWithInvalidCredentials" status="PASSED">
         <system-out><![CDATA[2020-04-15 15:53:04 - [TEST_CASE][PASSED] - Test Cases/Front End/NotLoginWithInvalidCredentials: Test Cases/Front End/NotLoginWithInvalidCredentials

2020-04-15 15:53:05 - [TEST_STEP][PASSED] - openBrowser(""): Browser is opened with url: ''

2020-04-15 15:53:05 - [MESSAGE][WARNING] - A browser is already opened. Closing browser and opening a new one

2020-04-15 15:53:06 - [MESSAGE][INFO] - Starting 'Firefox' driver

2020-04-15 15:53:06 - [MESSAGE][INFO] - Action delay is set to 0 milliseconds

2020-04-15 15:53:09 - [MESSAGE][PASSED] - Browser is opened with url: ''

2020-04-15 15:53:09 - [TEST_STEP][PASSED] - navigateToUrl(Url): Navigate to 'http://test.chiragh.com' successfully

2020-04-15 15:53:11 - [MESSAGE][PASSED] - Navigate to 'http://test.chiragh.com' successfully

2020-04-15 15:53:11 - [TEST_STEP][PASSED] - waitForPageLoad(15): Wait for page load successfully

2020-04-15 15:53:11 - [MESSAGE][PASSED] - Wait for page load successfully

2020-04-15 15:53:11 - [TEST_STEP][PASSED] - maximizeWindow(): Current window maximized

2020-04-15 15:53:11 - [MESSAGE][PASSED] - Current window maximized

2020-04-15 15:53:11 - [TEST_STEP][PASSED] - delay(3): Delayed 3 second(s)

2020-04-15 15:53:14 - [MESSAGE][PASSED] - Delayed 3 second(s)

2020-04-15 15:53:14 - [TEST_STEP][PASSED] - click(findTestObject("Object Repository/Front End Objects/NotLoginWithInvalidCredential/Page_Chiragh - Home/a_ENG_dropdownMenuLink")): Object: 'Object Repository/Front End Objects/NotLoginWithInvalidCredential/Page_Chiragh - Home/a_ENG_dropdownMenuLink' is clicked on

2020-04-15 15:53:14 - [MESSAGE][PASSED] - Object: 'Object Repository/Front End Objects/NotLoginWithInvalidCredential/Page_Chiragh - Home/a_ENG_dropdownMenuLink' is clicked on

2020-04-15 15:53:14 - [TEST_STEP][PASSED] - click(findTestObject("Object Repository/Front End Objects/NotLoginWithInvalidCredential/Page_Chiragh - Home/a_Login")): Object: 'Object Repository/Front End Objects/NotLoginWithInvalidCredential/Page_Chiragh - Home/a_Login' is clicked on

2020-04-15 15:53:15 - [MESSAGE][PASSED] - Object: 'Object Repository/Front End Objects/NotLoginWithInvalidCredential/Page_Chiragh - Home/a_Login' is clicked on

2020-04-15 15:53:15 - [TEST_STEP][PASSED] - setText(findTestObject("Object Repository/Front End Objects/NotLoginWithInvalidCredential/Page_Chiragh - Login/input_Username_un"), "AUTOCHIRAGH"): Text 'AUTOCHIRAGH' is set on object 'Object Repository/Front End Objects/NotLoginWithInvalidCredential/Page_Chiragh - Login/input_Username_un'

2020-04-15 15:53:16 - [MESSAGE][PASSED] - Text 'AUTOCHIRAGH' is set on object 'Object Repository/Front End Objects/NotLoginWithInvalidCredential/Page_Chiragh - Login/input_Username_un'

2020-04-15 15:53:16 - [TEST_STEP][PASSED] - setText(findTestObject("Object Repository/Front End Objects/NotLoginWithInvalidCredential/Page_Chiragh - Login/input_Password_userPassword"), "rtyu"): Text 'rtyu' is set on object 'Object Repository/Front End Objects/NotLoginWithInvalidCredential/Page_Chiragh - Login/input_Password_userPassword'

2020-04-15 15:53:17 - [MESSAGE][PASSED] - Text 'rtyu' is set on object 'Object Repository/Front End Objects/NotLoginWithInvalidCredential/Page_Chiragh - Login/input_Password_userPassword'

2020-04-15 15:53:17 - [TEST_STEP][PASSED] - click(findTestObject("Object Repository/Front End Objects/NotLoginWithInvalidCredential/Page_Chiragh - Login/button_Log In")): Object: 'Object Repository/Front End Objects/NotLoginWithInvalidCredential/Page_Chiragh - Login/button_Log In' is clicked on

2020-04-15 15:53:17 - [MESSAGE][PASSED] - Object: 'Object Repository/Front End Objects/NotLoginWithInvalidCredential/Page_Chiragh - Login/button_Log In' is clicked on

2020-04-15 15:53:17 - [TEST_STEP][PASSED] - waitForPageLoad(15): Wait for page load successfully

2020-04-15 15:53:17 - [MESSAGE][PASSED] - Wait for page load successfully

2020-04-15 15:53:17 - [TEST_STEP][PASSED] - errorMessage = getText(findTestObject("Object Repository/Front End Objects/NotLoginWithInvalidCredential/Page_Chiragh - Login/div_Invalid username or password")): Text of object 'Object Repository/Front End Objects/NotLoginWithInvalidCredential/Page_Chiragh - Login/div_Invalid username or password' is: 'Invalid username or password'

2020-04-15 15:53:18 - [MESSAGE][PASSED] - Text of object 'Object Repository/Front End Objects/NotLoginWithInvalidCredential/Page_Chiragh - Login/div_Invalid username or password' is: 'Invalid username or password'

2020-04-15 15:53:18 - [TEST_STEP][PASSED] - verifyEqual(errorMessage, "Invalid username or password"): Actual object 'Invalid username or password' and expected object 'Invalid username or password' are equal

2020-04-15 15:53:18 - [MESSAGE][PASSED] - Actual object 'Invalid username or password' and expected object 'Invalid username or password' are equal

2020-04-15 15:53:18 - [TEST_STEP][PASSED] - closeBrowser(): Browser is closed

2020-04-15 15:53:19 - [MESSAGE][PASSED] - Browser is closed

2020-04-15 15:53:21 - [TEST_STEP][PASSED] - Video: Video recording for test case 'Test Cases/Front End/NotLoginWithInvalidCredentials' .

2020-04-15 15:53:21 - [MESSAGE][INFO] - Video recording for test case 'Test Cases/Front End/NotLoginWithInvalidCredentials' .
[[ATTACHMENT|C:\\Users\\Administrator\\Git\\chiraghAdminPanel\\Reports\\20200415_155143\\ChiraghWeb_FrontEnd_Tests\\20200415_155143/videos\\test_4.mov]]]]></system-out>
         <system-err><![CDATA[]]></system-err>
      </testcase>
      <testcase name="Test Cases/Front End/TC_ChangePassword" time="28.31" classname="Test Cases/Front End/TC_ChangePassword" status="ERROR">
         <error type="ERROR" message="Test Cases/Front End/TC_ChangePassword FAILED.
Reason:
groovy.lang.MissingPropertyException: No such property: changePassword for class: internal.GlobalVariable
	at TC_ChangePassword.run(TC_ChangePassword:69)
	at com.kms.katalon.core.main.ScriptEngine.run(ScriptEngine.java:194)
	at com.kms.katalon.core.main.ScriptEngine.runScriptAsRawText(ScriptEngine.java:119)
	at com.kms.katalon.core.main.TestCaseExecutor.runScript(TestCaseExecutor.java:337)
	at com.kms.katalon.core.main.TestCaseExecutor.doExecute(TestCaseExecutor.java:328)
	at com.kms.katalon.core.main.TestCaseExecutor.processExecutionPhase(TestCaseExecutor.java:307)
	at com.kms.katalon.core.main.TestCaseExecutor.accessMainPhase(TestCaseExecutor.java:299)
	at com.kms.katalon.core.main.TestCaseExecutor.execute(TestCaseExecutor.java:233)
	at com.kms.katalon.core.main.TestSuiteExecutor.accessTestCaseMainPhase(TestSuiteExecutor.java:169)
	at com.kms.katalon.core.main.TestSuiteExecutor.accessTestSuiteMainPhase(TestSuiteExecutor.java:142)
	at com.kms.katalon.core.main.TestSuiteExecutor.execute(TestSuiteExecutor.java:91)
	at com.kms.katalon.core.main.TestCaseMain.startTestSuite(TestCaseMain.java:157)
	at com.kms.katalon.core.main.TestCaseMain$startTestSuite$0.call(Unknown Source)
	at TempTestSuite1586965903647.run(TempTestSuite1586965903647.groovy:36)
"/>
         <system-out><![CDATA[2020-04-15 15:53:21 - [TEST_CASE][ERROR] - Test Cases/Front End/TC_ChangePassword: Test Cases/Front End/TC_ChangePassword FAILED.
Reason:
groovy.lang.MissingPropertyException: No such property: changePassword for class: internal.GlobalVariable
	at TC_ChangePassword.run(TC_ChangePassword:69)
	at com.kms.katalon.core.main.ScriptEngine.run(ScriptEngine.java:194)
	at com.kms.katalon.core.main.ScriptEngine.runScriptAsRawText(ScriptEngine.java:119)
	at com.kms.katalon.core.main.TestCaseExecutor.runScript(TestCaseExecutor.java:337)
	at com.kms.katalon.core.main.TestCaseExecutor.doExecute(TestCaseExecutor.java:328)
	at com.kms.katalon.core.main.TestCaseExecutor.processExecutionPhase(TestCaseExecutor.java:307)
	at com.kms.katalon.core.main.TestCaseExecutor.accessMainPhase(TestCaseExecutor.java:299)
	at com.kms.katalon.core.main.TestCaseExecutor.execute(TestCaseExecutor.java:233)
	at com.kms.katalon.core.main.TestSuiteExecutor.accessTestCaseMainPhase(TestSuiteExecutor.java:169)
	at com.kms.katalon.core.main.TestSuiteExecutor.accessTestSuiteMainPhase(TestSuiteExecutor.java:142)
	at com.kms.katalon.core.main.TestSuiteExecutor.execute(TestSuiteExecutor.java:91)
	at com.kms.katalon.core.main.TestCaseMain.startTestSuite(TestCaseMain.java:157)
	at com.kms.katalon.core.main.TestCaseMain$startTestSuite$0.call(Unknown Source)
	at TempTestSuite1586965903647.run(TempTestSuite1586965903647.groovy:36)


2020-04-15 15:53:21 - [TEST_STEP][PASSED] - openBrowser(""): Browser is opened with url: ''

2020-04-15 15:53:21 - [MESSAGE][INFO] - Starting 'Firefox' driver

2020-04-15 15:53:21 - [MESSAGE][INFO] - Action delay is set to 0 milliseconds

2020-04-15 15:53:24 - [MESSAGE][PASSED] - Browser is opened with url: ''

2020-04-15 15:53:24 - [TEST_STEP][PASSED] - navigateToUrl(Url): Navigate to 'http://test.chiragh.com' successfully

2020-04-15 15:53:26 - [MESSAGE][PASSED] - Navigate to 'http://test.chiragh.com' successfully

2020-04-15 15:53:26 - [TEST_STEP][PASSED] - waitForPageLoad(10): Wait for page load successfully

2020-04-15 15:53:26 - [MESSAGE][PASSED] - Wait for page load successfully

2020-04-15 15:53:26 - [TEST_STEP][PASSED] - maximizeWindow(): Current window maximized

2020-04-15 15:53:26 - [MESSAGE][PASSED] - Current window maximized

2020-04-15 15:53:26 - [TEST_STEP][PASSED] - delay(3): Delayed 3 second(s)

2020-04-15 15:53:29 - [MESSAGE][PASSED] - Delayed 3 second(s)

2020-04-15 15:53:29 - [TEST_STEP][PASSED] - click(findTestObject("Object Repository/Front End Objects/ChangePasswordObject/Page_Chiragh - Home/a_ENG_dropdownMenuLink")): Object: 'Object Repository/Front End Objects/ChangePasswordObject/Page_Chiragh - Home/a_ENG_dropdownMenuLink' is clicked on

2020-04-15 15:53:30 - [MESSAGE][PASSED] - Object: 'Object Repository/Front End Objects/ChangePasswordObject/Page_Chiragh - Home/a_ENG_dropdownMenuLink' is clicked on

2020-04-15 15:53:30 - [TEST_STEP][PASSED] - click(findTestObject("Object Repository/Front End Objects/ChangePasswordObject/Page_Chiragh - Home/a_Login")): Object: 'Object Repository/Front End Objects/ChangePasswordObject/Page_Chiragh - Home/a_Login' is clicked on

2020-04-15 15:53:30 - [MESSAGE][PASSED] - Object: 'Object Repository/Front End Objects/ChangePasswordObject/Page_Chiragh - Home/a_Login' is clicked on

2020-04-15 15:53:30 - [TEST_STEP][PASSED] - setText(findTestObject("Object Repository/Front End Objects/ChangePasswordObject/Page_Chiragh - Login/input_Username_un"), userName): Text 'AUTOCHIRAGH' is set on object 'Object Repository/Front End Objects/ChangePasswordObject/Page_Chiragh - Login/input_Username_un'

2020-04-15 15:53:31 - [MESSAGE][PASSED] - Text 'AUTOCHIRAGH' is set on object 'Object Repository/Front End Objects/ChangePasswordObject/Page_Chiragh - Login/input_Username_un'

2020-04-15 15:53:31 - [TEST_STEP][PASSED] - setText(findTestObject("Object Repository/Front End Objects/ChangePasswordObject/Page_Chiragh - Login/input_Password_userPassword"), passWord): Text '1234567890' is set on object 'Object Repository/Front End Objects/ChangePasswordObject/Page_Chiragh - Login/input_Password_userPassword'

2020-04-15 15:53:31 - [MESSAGE][PASSED] - Text '1234567890' is set on object 'Object Repository/Front End Objects/ChangePasswordObject/Page_Chiragh - Login/input_Password_userPassword'

2020-04-15 15:53:31 - [TEST_STEP][PASSED] - delay(2): Delayed 2 second(s)

2020-04-15 15:53:33 - [MESSAGE][PASSED] - Delayed 2 second(s)

2020-04-15 15:53:33 - [TEST_STEP][PASSED] - click(findTestObject("Object Repository/Front End Objects/ChangePasswordObject/Page_Chiragh - Login/button_Log In")): Object: 'Object Repository/Front End Objects/ChangePasswordObject/Page_Chiragh - Login/button_Log In' is clicked on

2020-04-15 15:53:34 - [MESSAGE][PASSED] - Object: 'Object Repository/Front End Objects/ChangePasswordObject/Page_Chiragh - Login/button_Log In' is clicked on

2020-04-15 15:53:34 - [TEST_STEP][PASSED] - waitForPageLoad(10): Wait for page load successfully

2020-04-15 15:53:34 - [MESSAGE][PASSED] - Wait for page load successfully

2020-04-15 15:53:34 - [TEST_STEP][PASSED] - click(findTestObject("Object Repository/Front End Objects/ChangePasswordObject/Page_Chiragh - Home/a_ENG_dropdownMenuLink")): Object: 'Object Repository/Front End Objects/ChangePasswordObject/Page_Chiragh - Home/a_ENG_dropdownMenuLink' is clicked on

2020-04-15 15:53:36 - [MESSAGE][PASSED] - Object: 'Object Repository/Front End Objects/ChangePasswordObject/Page_Chiragh - Home/a_ENG_dropdownMenuLink' is clicked on

2020-04-15 15:53:36 - [TEST_STEP][PASSED] - click(findTestObject("Object Repository/Front End Objects/ChangePasswordObject/Page_Chiragh - Home/a_HI AutoChiragh")): Object: 'Object Repository/Front End Objects/ChangePasswordObject/Page_Chiragh - Home/a_HI AutoChiragh' is clicked on

2020-04-15 15:53:37 - [MESSAGE][PASSED] - Object: 'Object Repository/Front End Objects/ChangePasswordObject/Page_Chiragh - Home/a_HI AutoChiragh' is clicked on

2020-04-15 15:53:37 - [TEST_STEP][PASSED] - delay(2): Delayed 2 second(s)

2020-04-15 15:53:39 - [MESSAGE][PASSED] - Delayed 2 second(s)

2020-04-15 15:53:39 - [TEST_STEP][PASSED] - click(findTestObject("Object Repository/Front End Objects/ChangePasswordObject/Page_Chiragh - Dashborad Home/a_Profile")): Object: 'Object Repository/Front End Objects/ChangePasswordObject/Page_Chiragh - Dashborad Home/a_Profile' is clicked on

2020-04-15 15:53:40 - [MESSAGE][PASSED] - Object: 'Object Repository/Front End Objects/ChangePasswordObject/Page_Chiragh - Dashborad Home/a_Profile' is clicked on

2020-04-15 15:53:40 - [TEST_STEP][PASSED] - delay(2): Delayed 2 second(s)

2020-04-15 15:53:42 - [MESSAGE][PASSED] - Delayed 2 second(s)

2020-04-15 15:53:42 - [TEST_STEP][PASSED] - scrollToElement(findTestObject("Object Repository/Front End Objects/ChangePasswordObject/Page_Chiragh - User Profile/p_Contact Info"), 6): Scroll to object 'Object Repository/Front End Objects/ChangePasswordObject/Page_Chiragh - User Profile/p_Contact Info' successfully

2020-04-15 15:53:42 - [MESSAGE][PASSED] - Scroll to object 'Object Repository/Front End Objects/ChangePasswordObject/Page_Chiragh - User Profile/p_Contact Info' successfully

2020-04-15 15:53:42 - [TEST_STEP][PASSED] - click(findTestObject("Object Repository/Front End Objects/ChangePasswordObject/Page_Chiragh - User Profile/svg_Sharjah UAE_svg-inline--fa fa-eye fa-w-18")): Object: 'Object Repository/Front End Objects/ChangePasswordObject/Page_Chiragh - User Profile/svg_Sharjah UAE_svg-inline--fa fa-eye fa-w-18' is clicked on

2020-04-15 15:53:42 - [MESSAGE][PASSED] - Object: 'Object Repository/Front End Objects/ChangePasswordObject/Page_Chiragh - User Profile/svg_Sharjah UAE_svg-inline--fa fa-eye fa-w-18' is clicked on

2020-04-15 15:53:42 - [TEST_STEP][PASSED] - delay(2): Delayed 2 second(s)

2020-04-15 15:53:44 - [MESSAGE][PASSED] - Delayed 2 second(s)

2020-04-15 15:53:44 - [TEST_STEP][PASSED] - setText(findTestObject("Object Repository/Front End Objects/ChangePasswordObject/Page_Chiragh - User Profile/input_Sharjah UAE_currentPassword"), passWord): Text '1234567890' is set on object 'Object Repository/Front End Objects/ChangePasswordObject/Page_Chiragh - User Profile/input_Sharjah UAE_currentPassword'

2020-04-15 15:53:45 - [MESSAGE][PASSED] - Text '1234567890' is set on object 'Object Repository/Front End Objects/ChangePasswordObject/Page_Chiragh - User Profile/input_Sharjah UAE_currentPassword'

2020-04-15 15:53:45 - [TEST_STEP][PASSED] - delay(2): Delayed 2 second(s)

2020-04-15 15:53:47 - [MESSAGE][PASSED] - Delayed 2 second(s)

2020-04-15 15:53:47 - [TEST_STEP][PASSED] - setText(findTestObject("Object Repository/Front End Objects/ChangePasswordObject/Page_Chiragh - User Profile/input_Sharjah UAE_userPassword"), changePassword): null

2020-04-15 15:53:49 - [TEST_STEP][PASSED] - Video: Video recording for test case 'Test Cases/Front End/TC_ChangePassword' .

2020-04-15 15:53:49 - [MESSAGE][INFO] - Video recording for test case 'Test Cases/Front End/TC_ChangePassword' .
[[ATTACHMENT|C:\\Users\\Administrator\\Git\\chiraghAdminPanel\\Reports\\20200415_155143\\ChiraghWeb_FrontEnd_Tests\\20200415_155143/videos\\test_5.mov]]]]></system-out>
         <system-err><![CDATA[2020-04-15 15:53:21 - [TEST_CASE][ERROR] - Test Cases/Front End/TC_ChangePassword: Test Cases/Front End/TC_ChangePassword FAILED.
Reason:
groovy.lang.MissingPropertyException: No such property: changePassword for class: internal.GlobalVariable
	at TC_ChangePassword.run(TC_ChangePassword:69)
	at com.kms.katalon.core.main.ScriptEngine.run(ScriptEngine.java:194)
	at com.kms.katalon.core.main.ScriptEngine.runScriptAsRawText(ScriptEngine.java:119)
	at com.kms.katalon.core.main.TestCaseExecutor.runScript(TestCaseExecutor.java:337)
	at com.kms.katalon.core.main.TestCaseExecutor.doExecute(TestCaseExecutor.java:328)
	at com.kms.katalon.core.main.TestCaseExecutor.processExecutionPhase(TestCaseExecutor.java:307)
	at com.kms.katalon.core.main.TestCaseExecutor.accessMainPhase(TestCaseExecutor.java:299)
	at com.kms.katalon.core.main.TestCaseExecutor.execute(TestCaseExecutor.java:233)
	at com.kms.katalon.core.main.TestSuiteExecutor.accessTestCaseMainPhase(TestSuiteExecutor.java:169)
	at com.kms.katalon.core.main.TestSuiteExecutor.accessTestSuiteMainPhase(TestSuiteExecutor.java:142)
	at com.kms.katalon.core.main.TestSuiteExecutor.execute(TestSuiteExecutor.java:91)
	at com.kms.katalon.core.main.TestCaseMain.startTestSuite(TestCaseMain.java:157)
	at com.kms.katalon.core.main.TestCaseMain$startTestSuite$0.call(Unknown Source)
	at TempTestSuite1586965903647.run(TempTestSuite1586965903647.groovy:36)]]></system-err>
      </testcase>
      <testcase name="Test Cases/Front End/TC_ChangeProfileImage" time="21.773" classname="Test Cases/Front End/TC_ChangeProfileImage" status="FAILED">
         <failure type="FAILED" message="Test Cases/Front End/TC_ChangeProfileImage FAILED.
Reason:
com.kms.katalon.core.exception.StepFailedException: Unable to upload file 'C:\Users\HP\git\chiraghAdminPanel\Include\PropertyImages\1584693242612-Scanned_Passport_Copy.png' to object 'Object Repository/Front End Objects/ProfileImageChange/capture/Page_Chiragh - Dashborad Home/input_You have no new notifications at the moment_file'
	at com.kms.katalon.core.webui.keyword.internal.WebUIKeywordMain.stepFailed(WebUIKeywordMain.groovy:64)
	at com.kms.katalon.core.webui.keyword.internal.WebUIKeywordMain.runKeyword(WebUIKeywordMain.groovy:26)
	at com.kms.katalon.core.webui.keyword.builtin.UploadFileKeyword.uploadFile(UploadFileKeyword.groovy:87)
	at com.kms.katalon.core.webui.keyword.builtin.UploadFileKeyword.execute(UploadFileKeyword.groovy:68)
	at com.kms.katalon.core.keyword.internal.KeywordExecutor.executeKeywordForPlatform(KeywordExecutor.groovy:72)
	at com.kms.katalon.core.webui.keyword.WebUiBuiltInKeywords.uploadFile(WebUiBuiltInKeywords.groovy:2971)
	at com.kms.katalon.core.webui.keyword.WebUiBuiltInKeywords$uploadFile$14.call(Unknown Source)
	at TC_ChangeProfileImage.run(TC_ChangeProfileImage:51)
	at com.kms.katalon.core.main.ScriptEngine.run(ScriptEngine.java:194)
	at com.kms.katalon.core.main.ScriptEngine.runScriptAsRawText(ScriptEngine.java:119)
	at com.kms.katalon.core.main.TestCaseExecutor.runScript(TestCaseExecutor.java:337)
	at com.kms.katalon.core.main.TestCaseExecutor.doExecute(TestCaseExecutor.java:328)
	at com.kms.katalon.core.main.TestCaseExecutor.processExecutionPhase(TestCaseExecutor.java:307)
	at com.kms.katalon.core.main.TestCaseExecutor.accessMainPhase(TestCaseExecutor.java:299)
	at com.kms.katalon.core.main.TestCaseExecutor.execute(TestCaseExecutor.java:233)
	at com.kms.katalon.core.main.TestSuiteExecutor.accessTestCaseMainPhase(TestSuiteExecutor.java:169)
	at com.kms.katalon.core.main.TestSuiteExecutor.accessTestSuiteMainPhase(TestSuiteExecutor.java:142)
	at com.kms.katalon.core.main.TestSuiteExecutor.execute(TestSuiteExecutor.java:91)
	at com.kms.katalon.core.main.TestCaseMain.startTestSuite(TestCaseMain.java:157)
	at com.kms.katalon.core.main.TestCaseMain$startTestSuite$0.call(Unknown Source)
	at TempTestSuite1586965903647.run(TempTestSuite1586965903647.groovy:36)
Caused by: org.openqa.selenium.InvalidArgumentException: File not found: C:\Users\HP\git\chiraghAdminPanel\Include\PropertyImages\1584693242612-Scanned_Passport_Copy.png
Build info: version: '3.141.59', revision: 'e82be7d358', time: '2018-11-14T08:25:53'
System info: host: 'EC2AMAZ-QUDPRKJ', ip: '172.31.5.210', os.name: 'Windows Server 2016', os.arch: 'amd64', os.version: '10.0', java.version: '1.8.0_181'
Driver info: com.kms.katalon.core.webui.driver.firefox.CGeckoDriver
Capabilities {acceptInsecureCerts: true, browserName: firefox, browserVersion: 75.0, javascriptEnabled: true, moz:accessibilityChecks: false, moz:buildID: 20200403170909, moz:geckodriverVersion: 0.23.0, moz:headless: false, moz:processID: 7812, moz:profile: C:\Users\Administrator\AppD..., moz:shutdownTimeout: 60000, moz:useNonSpecCompliantPointerOrigin: false, moz:webdriverClick: true, pageLoadStrategy: normal, platform: WINDOWS, platformName: WINDOWS, platformVersion: 10.0, proxy: Proxy(direct), rotatable: false, setWindowRect: true, strictFileInteractability: false, timeouts: {implicit: 0, pageLoad: 300000, script: 30000}, unhandledPromptBehavior: dismiss and notify}
Session ID: ed0a6914-728e-4a5b-b1d5-791e13a1dbba
	at org.openqa.selenium.remote.http.W3CHttpResponseCodec.createException(W3CHttpResponseCodec.java:187)
	at org.openqa.selenium.remote.http.W3CHttpResponseCodec.decode(W3CHttpResponseCodec.java:122)
	at org.openqa.selenium.remote.http.W3CHttpResponseCodec.decode(W3CHttpResponseCodec.java:49)
	at org.openqa.selenium.remote.HttpCommandExecutor.execute(HttpCommandExecutor.java:158)
	at org.openqa.selenium.remote.service.DriverCommandExecutor.execute(DriverCommandExecutor.java:83)
	at org.openqa.selenium.remote.RemoteWebDriver.execute(RemoteWebDriver.java:552)
	at com.kms.katalon.selenium.driver.CFirefoxDriver.execute(CFirefoxDriver.java:27)
	at org.openqa.selenium.remote.RemoteWebElement.execute(RemoteWebElement.java:285)
	at org.openqa.selenium.remote.RemoteWebElement.sendKeys(RemoteWebElement.java:106)
	at org.openqa.selenium.support.events.EventFiringWebDriver$EventFiringWebElement.lambda$new$0(EventFiringWebDriver.java:404)
	at com.sun.proxy.$Proxy10.sendKeys(Unknown Source)
	at org.openqa.selenium.support.events.EventFiringWebDriver$EventFiringWebElement.sendKeys(EventFiringWebDriver.java:429)
	at com.kms.katalon.core.webui.keyword.builtin.UploadFileKeyword$_uploadFile_closure1.doCall(UploadFileKeyword.groovy:80)
	at com.kms.katalon.core.webui.keyword.builtin.UploadFileKeyword$_uploadFile_closure1.call(UploadFileKeyword.groovy)
	at com.kms.katalon.core.webui.keyword.internal.WebUIKeywordMain.runKeyword(WebUIKeywordMain.groovy:20)
	... 19 more
"/>
         <system-out><![CDATA[2020-04-15 15:53:49 - [TEST_CASE][FAILED] - Test Cases/Front End/TC_ChangeProfileImage: Test Cases/Front End/TC_ChangeProfileImage FAILED.
Reason:
com.kms.katalon.core.exception.StepFailedException: Unable to upload file 'C:\Users\HP\git\chiraghAdminPanel\Include\PropertyImages\1584693242612-Scanned_Passport_Copy.png' to object 'Object Repository/Front End Objects/ProfileImageChange/capture/Page_Chiragh - Dashborad Home/input_You have no new notifications at the moment_file'
	at com.kms.katalon.core.webui.keyword.internal.WebUIKeywordMain.stepFailed(WebUIKeywordMain.groovy:64)
	at com.kms.katalon.core.webui.keyword.internal.WebUIKeywordMain.runKeyword(WebUIKeywordMain.groovy:26)
	at com.kms.katalon.core.webui.keyword.builtin.UploadFileKeyword.uploadFile(UploadFileKeyword.groovy:87)
	at com.kms.katalon.core.webui.keyword.builtin.UploadFileKeyword.execute(UploadFileKeyword.groovy:68)
	at com.kms.katalon.core.keyword.internal.KeywordExecutor.executeKeywordForPlatform(KeywordExecutor.groovy:72)
	at com.kms.katalon.core.webui.keyword.WebUiBuiltInKeywords.uploadFile(WebUiBuiltInKeywords.groovy:2971)
	at com.kms.katalon.core.webui.keyword.WebUiBuiltInKeywords$uploadFile$14.call(Unknown Source)
	at TC_ChangeProfileImage.run(TC_ChangeProfileImage:51)
	at com.kms.katalon.core.main.ScriptEngine.run(ScriptEngine.java:194)
	at com.kms.katalon.core.main.ScriptEngine.runScriptAsRawText(ScriptEngine.java:119)
	at com.kms.katalon.core.main.TestCaseExecutor.runScript(TestCaseExecutor.java:337)
	at com.kms.katalon.core.main.TestCaseExecutor.doExecute(TestCaseExecutor.java:328)
	at com.kms.katalon.core.main.TestCaseExecutor.processExecutionPhase(TestCaseExecutor.java:307)
	at com.kms.katalon.core.main.TestCaseExecutor.accessMainPhase(TestCaseExecutor.java:299)
	at com.kms.katalon.core.main.TestCaseExecutor.execute(TestCaseExecutor.java:233)
	at com.kms.katalon.core.main.TestSuiteExecutor.accessTestCaseMainPhase(TestSuiteExecutor.java:169)
	at com.kms.katalon.core.main.TestSuiteExecutor.accessTestSuiteMainPhase(TestSuiteExecutor.java:142)
	at com.kms.katalon.core.main.TestSuiteExecutor.execute(TestSuiteExecutor.java:91)
	at com.kms.katalon.core.main.TestCaseMain.startTestSuite(TestCaseMain.java:157)
	at com.kms.katalon.core.main.TestCaseMain$startTestSuite$0.call(Unknown Source)
	at TempTestSuite1586965903647.run(TempTestSuite1586965903647.groovy:36)
Caused by: org.openqa.selenium.InvalidArgumentException: File not found: C:\Users\HP\git\chiraghAdminPanel\Include\PropertyImages\1584693242612-Scanned_Passport_Copy.png
Build info: version: '3.141.59', revision: 'e82be7d358', time: '2018-11-14T08:25:53'
System info: host: 'EC2AMAZ-QUDPRKJ', ip: '172.31.5.210', os.name: 'Windows Server 2016', os.arch: 'amd64', os.version: '10.0', java.version: '1.8.0_181'
Driver info: com.kms.katalon.core.webui.driver.firefox.CGeckoDriver
Capabilities {acceptInsecureCerts: true, browserName: firefox, browserVersion: 75.0, javascriptEnabled: true, moz:accessibilityChecks: false, moz:buildID: 20200403170909, moz:geckodriverVersion: 0.23.0, moz:headless: false, moz:processID: 7812, moz:profile: C:\Users\Administrator\AppD..., moz:shutdownTimeout: 60000, moz:useNonSpecCompliantPointerOrigin: false, moz:webdriverClick: true, pageLoadStrategy: normal, platform: WINDOWS, platformName: WINDOWS, platformVersion: 10.0, proxy: Proxy(direct), rotatable: false, setWindowRect: true, strictFileInteractability: false, timeouts: {implicit: 0, pageLoad: 300000, script: 30000}, unhandledPromptBehavior: dismiss and notify}
Session ID: ed0a6914-728e-4a5b-b1d5-791e13a1dbba
	at org.openqa.selenium.remote.http.W3CHttpResponseCodec.createException(W3CHttpResponseCodec.java:187)
	at org.openqa.selenium.remote.http.W3CHttpResponseCodec.decode(W3CHttpResponseCodec.java:122)
	at org.openqa.selenium.remote.http.W3CHttpResponseCodec.decode(W3CHttpResponseCodec.java:49)
	at org.openqa.selenium.remote.HttpCommandExecutor.execute(HttpCommandExecutor.java:158)
	at org.openqa.selenium.remote.service.DriverCommandExecutor.execute(DriverCommandExecutor.java:83)
	at org.openqa.selenium.remote.RemoteWebDriver.execute(RemoteWebDriver.java:552)
	at com.kms.katalon.selenium.driver.CFirefoxDriver.execute(CFirefoxDriver.java:27)
	at org.openqa.selenium.remote.RemoteWebElement.execute(RemoteWebElement.java:285)
	at org.openqa.selenium.remote.RemoteWebElement.sendKeys(RemoteWebElement.java:106)
	at org.openqa.selenium.support.events.EventFiringWebDriver$EventFiringWebElement.lambda$new$0(EventFiringWebDriver.java:404)
	at com.sun.proxy.$Proxy10.sendKeys(Unknown Source)
	at org.openqa.selenium.support.events.EventFiringWebDriver$EventFiringWebElement.sendKeys(EventFiringWebDriver.java:429)
	at com.kms.katalon.core.webui.keyword.builtin.UploadFileKeyword$_uploadFile_closure1.doCall(UploadFileKeyword.groovy:80)
	at com.kms.katalon.core.webui.keyword.builtin.UploadFileKeyword$_uploadFile_closure1.call(UploadFileKeyword.groovy)
	at com.kms.katalon.core.webui.keyword.internal.WebUIKeywordMain.runKeyword(WebUIKeywordMain.groovy:20)
	... 19 more


2020-04-15 15:53:49 - [TEST_STEP][PASSED] - openBrowser(""): Browser is opened with url: ''

2020-04-15 15:53:49 - [MESSAGE][WARNING] - A browser is already opened. Closing browser and opening a new one

2020-04-15 15:53:51 - [MESSAGE][INFO] - Starting 'Firefox' driver

2020-04-15 15:53:51 - [MESSAGE][INFO] - Action delay is set to 0 milliseconds

2020-04-15 15:53:54 - [MESSAGE][PASSED] - Browser is opened with url: ''

2020-04-15 15:53:54 - [TEST_STEP][PASSED] - navigateToUrl(Url): Navigate to 'http://test.chiragh.com' successfully

2020-04-15 15:53:55 - [MESSAGE][PASSED] - Navigate to 'http://test.chiragh.com' successfully

2020-04-15 15:53:55 - [TEST_STEP][PASSED] - waitForPageLoad(10): Wait for page load successfully

2020-04-15 15:53:55 - [MESSAGE][PASSED] - Wait for page load successfully

2020-04-15 15:53:55 - [TEST_STEP][PASSED] - maximizeWindow(): Current window maximized

2020-04-15 15:53:55 - [MESSAGE][PASSED] - Current window maximized

2020-04-15 15:53:55 - [TEST_STEP][PASSED] - delay(3): Delayed 3 second(s)

2020-04-15 15:53:58 - [MESSAGE][PASSED] - Delayed 3 second(s)

2020-04-15 15:53:58 - [TEST_STEP][PASSED] - click(findTestObject("Object Repository/Front End Objects/ProfileImageChange/Page_Chiragh - Home/a_ENG_dropdownMenuLink")): Object: 'Object Repository/Front End Objects/ProfileImageChange/Page_Chiragh - Home/a_ENG_dropdownMenuLink' is clicked on

2020-04-15 15:53:59 - [MESSAGE][PASSED] - Object: 'Object Repository/Front End Objects/ProfileImageChange/Page_Chiragh - Home/a_ENG_dropdownMenuLink' is clicked on

2020-04-15 15:53:59 - [TEST_STEP][PASSED] - click(findTestObject("Object Repository/Front End Objects/ProfileImageChange/Page_Chiragh - Home/a_Login")): Object: 'Object Repository/Front End Objects/ProfileImageChange/Page_Chiragh - Home/a_Login' is clicked on

2020-04-15 15:53:59 - [MESSAGE][PASSED] - Object: 'Object Repository/Front End Objects/ProfileImageChange/Page_Chiragh - Home/a_Login' is clicked on

2020-04-15 15:53:59 - [TEST_STEP][PASSED] - setText(findTestObject("Object Repository/Front End Objects/ProfileImageChange/Page_Chiragh - Login/input_Username_un"), userName): Text 'AUTOCHIRAGH' is set on object 'Object Repository/Front End Objects/ProfileImageChange/Page_Chiragh - Login/input_Username_un'

2020-04-15 15:54:00 - [MESSAGE][PASSED] - Text 'AUTOCHIRAGH' is set on object 'Object Repository/Front End Objects/ProfileImageChange/Page_Chiragh - Login/input_Username_un'

2020-04-15 15:54:00 - [TEST_STEP][PASSED] - delay(2): Delayed 2 second(s)

2020-04-15 15:54:02 - [MESSAGE][PASSED] - Delayed 2 second(s)

2020-04-15 15:54:02 - [TEST_STEP][PASSED] - setEncryptedText(findTestObject("Object Repository/Front End Objects/ProfileImageChange/Page_Chiragh - Login/input_Password_userPassword"), "RigbBhfdqOBDK95asqKeHw=="): Text ****** has been set on object 'Object Repository/Front End Objects/ProfileImageChange/Page_Chiragh - Login/input_Password_userPassword'

2020-04-15 15:54:02 - [MESSAGE][PASSED] - Text ****** has been set on object 'Object Repository/Front End Objects/ProfileImageChange/Page_Chiragh - Login/input_Password_userPassword'

2020-04-15 15:54:02 - [TEST_STEP][PASSED] - click(findTestObject("Object Repository/Front End Objects/ProfileImageChange/Page_Chiragh - Login/button_Log In")): Object: 'Object Repository/Front End Objects/ProfileImageChange/Page_Chiragh - Login/button_Log In' is clicked on

2020-04-15 15:54:03 - [MESSAGE][PASSED] - Object: 'Object Repository/Front End Objects/ProfileImageChange/Page_Chiragh - Login/button_Log In' is clicked on

2020-04-15 15:54:03 - [TEST_STEP][PASSED] - delay(2): Delayed 2 second(s)

2020-04-15 15:54:05 - [MESSAGE][PASSED] - Delayed 2 second(s)

2020-04-15 15:54:05 - [TEST_STEP][PASSED] - click(findTestObject("Object Repository/Front End Objects/ProfileImageChange/Page_Chiragh - Home/a_ENG_dropdownMenuLink")): Object: 'Object Repository/Front End Objects/ProfileImageChange/Page_Chiragh - Home/a_ENG_dropdownMenuLink' is clicked on

2020-04-15 15:54:05 - [MESSAGE][PASSED] - Object: 'Object Repository/Front End Objects/ProfileImageChange/Page_Chiragh - Home/a_ENG_dropdownMenuLink' is clicked on

2020-04-15 15:54:05 - [TEST_STEP][PASSED] - click(findTestObject("Object Repository/Front End Objects/ProfileImageChange/Page_Chiragh - Home/a_HI chiragh1234")): Object: 'Object Repository/Front End Objects/ProfileImageChange/Page_Chiragh - Home/a_HI chiragh1234' is clicked on

2020-04-15 15:54:07 - [MESSAGE][PASSED] - Object: 'Object Repository/Front End Objects/ProfileImageChange/Page_Chiragh - Home/a_HI chiragh1234' is clicked on

2020-04-15 15:54:07 - [TEST_STEP][PASSED] - delay(2): Delayed 2 second(s)

2020-04-15 15:54:09 - [MESSAGE][PASSED] - Delayed 2 second(s)

2020-04-15 15:54:09 - [TEST_STEP][FAILED] - uploadFile(findTestObject("Object Repository/Front End Objects/ProfileImageChange/capture/Page_Chiragh - Dashborad Home/input_You have no new notifications at the moment_file"), "C:\Users\HP\git\chiraghAdminPanel\Include\PropertyImages\1584693242612-Scanned_Passport_Copy.png"): Unable to upload file 'C:\Users\HP\git\chiraghAdminPanel\Include\PropertyImages\1584693242612-Scanned_Passport_Copy.png' to object 'Object Repository/Front End Objects/ProfileImageChange/capture/Page_Chiragh - Dashborad Home/input_You have no new notifications at the moment_file' (Root cause: com.kms.katalon.core.exception.StepFailedException: Unable to upload file 'C:\Users\HP\git\chiraghAdminPanel\Include\PropertyImages\1584693242612-Scanned_Passport_Copy.png' to object 'Object Repository/Front End Objects/ProfileImageChange/capture/Page_Chiragh - Dashborad Home/input_You have no new notifications at the moment_file'
	at com.kms.katalon.core.webui.keyword.internal.WebUIKeywordMain.stepFailed(WebUIKeywordMain.groovy:64)
	at com.kms.katalon.core.webui.keyword.internal.WebUIKeywordMain.runKeyword(WebUIKeywordMain.groovy:26)
	at com.kms.katalon.core.webui.keyword.builtin.UploadFileKeyword.uploadFile(UploadFileKeyword.groovy:87)
	at com.kms.katalon.core.webui.keyword.builtin.UploadFileKeyword.execute(UploadFileKeyword.groovy:68)
	at com.kms.katalon.core.keyword.internal.KeywordExecutor.executeKeywordForPlatform(KeywordExecutor.groovy:72)
	at com.kms.katalon.core.webui.keyword.WebUiBuiltInKeywords.uploadFile(WebUiBuiltInKeywords.groovy:2971)
	at com.kms.katalon.core.webui.keyword.WebUiBuiltInKeywords$uploadFile$14.call(Unknown Source)
	at TC_ChangeProfileImage.run(TC_ChangeProfileImage:51)
	at com.kms.katalon.core.main.ScriptEngine.run(ScriptEngine.java:194)
	at com.kms.katalon.core.main.ScriptEngine.runScriptAsRawText(ScriptEngine.java:119)
	at com.kms.katalon.core.main.TestCaseExecutor.runScript(TestCaseExecutor.java:337)
	at com.kms.katalon.core.main.TestCaseExecutor.doExecute(TestCaseExecutor.java:328)
	at com.kms.katalon.core.main.TestCaseExecutor.processExecutionPhase(TestCaseExecutor.java:307)
	at com.kms.katalon.core.main.TestCaseExecutor.accessMainPhase(TestCaseExecutor.java:299)
	at com.kms.katalon.core.main.TestCaseExecutor.execute(TestCaseExecutor.java:233)
	at com.kms.katalon.core.main.TestSuiteExecutor.accessTestCaseMainPhase(TestSuiteExecutor.java:169)
	at com.kms.katalon.core.main.TestSuiteExecutor.accessTestSuiteMainPhase(TestSuiteExecutor.java:142)
	at com.kms.katalon.core.main.TestSuiteExecutor.execute(TestSuiteExecutor.java:91)
	at com.kms.katalon.core.main.TestCaseMain.startTestSuite(TestCaseMain.java:157)
	at com.kms.katalon.core.main.TestCaseMain$startTestSuite$0.call(Unknown Source)
	at TempTestSuite1586965903647.run(TempTestSuite1586965903647.groovy:36)
Caused by: org.openqa.selenium.InvalidArgumentException: File not found: C:\Users\HP\git\chiraghAdminPanel\Include\PropertyImages\1584693242612-Scanned_Passport_Copy.png
Build info: version: '3.141.59', revision: 'e82be7d358', time: '2018-11-14T08:25:53'
System info: host: 'EC2AMAZ-QUDPRKJ', ip: '172.31.5.210', os.name: 'Windows Server 2016', os.arch: 'amd64', os.version: '10.0', java.version: '1.8.0_181'
Driver info: com.kms.katalon.core.webui.driver.firefox.CGeckoDriver
Capabilities {acceptInsecureCerts: true, browserName: firefox, browserVersion: 75.0, javascriptEnabled: true, moz:accessibilityChecks: false, moz:buildID: 20200403170909, moz:geckodriverVersion: 0.23.0, moz:headless: false, moz:processID: 7812, moz:profile: C:\Users\Administrator\AppD..., moz:shutdownTimeout: 60000, moz:useNonSpecCompliantPointerOrigin: false, moz:webdriverClick: true, pageLoadStrategy: normal, platform: WINDOWS, platformName: WINDOWS, platformVersion: 10.0, proxy: Proxy(direct), rotatable: false, setWindowRect: true, strictFileInteractability: false, timeouts: {implicit: 0, pageLoad: 300000, script: 30000}, unhandledPromptBehavior: dismiss and notify}
Session ID: ed0a6914-728e-4a5b-b1d5-791e13a1dbba
	at org.openqa.selenium.remote.http.W3CHttpResponseCodec.createException(W3CHttpResponseCodec.java:187)
	at org.openqa.selenium.remote.http.W3CHttpResponseCodec.decode(W3CHttpResponseCodec.java:122)
	at org.openqa.selenium.remote.http.W3CHttpResponseCodec.decode(W3CHttpResponseCodec.java:49)
	at org.openqa.selenium.remote.HttpCommandExecutor.execute(HttpCommandExecutor.java:158)
	at org.openqa.selenium.remote.service.DriverCommandExecutor.execute(DriverCommandExecutor.java:83)
	at org.openqa.selenium.remote.RemoteWebDriver.execute(RemoteWebDriver.java:552)
	at com.kms.katalon.selenium.driver.CFirefoxDriver.execute(CFirefoxDriver.java:27)
	at org.openqa.selenium.remote.RemoteWebElement.execute(RemoteWebElement.java:285)
	at org.openqa.selenium.remote.RemoteWebElement.sendKeys(RemoteWebElement.java:106)
	at org.openqa.selenium.support.events.EventFiringWebDriver$EventFiringWebElement.lambda$new$0(EventFiringWebDriver.java:404)
	at com.sun.proxy.$Proxy10.sendKeys(Unknown Source)
	at org.openqa.selenium.support.events.EventFiringWebDriver$EventFiringWebElement.sendKeys(EventFiringWebDriver.java:429)
	at com.kms.katalon.core.webui.keyword.builtin.UploadFileKeyword$_uploadFile_closure1.doCall(UploadFileKeyword.groovy:80)
	at com.kms.katalon.core.webui.keyword.builtin.UploadFileKeyword$_uploadFile_closure1.call(UploadFileKeyword.groovy)
	at com.kms.katalon.core.webui.keyword.internal.WebUIKeywordMain.runKeyword(WebUIKeywordMain.groovy:20)
	at com.kms.katalon.core.webui.keyword.builtin.UploadFileKeyword.uploadFile(UploadFileKeyword.groovy:87)
	at com.kms.katalon.core.webui.keyword.builtin.UploadFileKeyword.execute(UploadFileKeyword.groovy:68)
	at com.kms.katalon.core.keyword.internal.KeywordExecutor.executeKeywordForPlatform(KeywordExecutor.groovy:72)
	at com.kms.katalon.core.webui.keyword.WebUiBuiltInKeywords.uploadFile(WebUiBuiltInKeywords.groovy:2971)
	at com.kms.katalon.core.webui.keyword.WebUiBuiltInKeywords$uploadFile$14.call(Unknown Source)
	at Script1586116971077.run(Script1586116971077.groovy:51)
	... 13 more
)

2020-04-15 15:54:09 - [MESSAGE][FAILED] - Unable to upload file 'C:\Users\HP\git\chiraghAdminPanel\Include\PropertyImages\1584693242612-Scanned_Passport_Copy.png' to object 'Object Repository/Front End Objects/ProfileImageChange/capture/Page_Chiragh - Dashborad Home/input_You have no new notifications at the moment_file' (Root cause: com.kms.katalon.core.exception.StepFailedException: Unable to upload file 'C:\Users\HP\git\chiraghAdminPanel\Include\PropertyImages\1584693242612-Scanned_Passport_Copy.png' to object 'Object Repository/Front End Objects/ProfileImageChange/capture/Page_Chiragh - Dashborad Home/input_You have no new notifications at the moment_file'
	at com.kms.katalon.core.webui.keyword.internal.WebUIKeywordMain.stepFailed(WebUIKeywordMain.groovy:64)
	at com.kms.katalon.core.webui.keyword.internal.WebUIKeywordMain.runKeyword(WebUIKeywordMain.groovy:26)
	at com.kms.katalon.core.webui.keyword.builtin.UploadFileKeyword.uploadFile(UploadFileKeyword.groovy:87)
	at com.kms.katalon.core.webui.keyword.builtin.UploadFileKeyword.execute(UploadFileKeyword.groovy:68)
	at com.kms.katalon.core.keyword.internal.KeywordExecutor.executeKeywordForPlatform(KeywordExecutor.groovy:72)
	at com.kms.katalon.core.webui.keyword.WebUiBuiltInKeywords.uploadFile(WebUiBuiltInKeywords.groovy:2971)
	at com.kms.katalon.core.webui.keyword.WebUiBuiltInKeywords$uploadFile$14.call(Unknown Source)
	at TC_ChangeProfileImage.run(TC_ChangeProfileImage:51)
	at com.kms.katalon.core.main.ScriptEngine.run(ScriptEngine.java:194)
	at com.kms.katalon.core.main.ScriptEngine.runScriptAsRawText(ScriptEngine.java:119)
	at com.kms.katalon.core.main.TestCaseExecutor.runScript(TestCaseExecutor.java:337)
	at com.kms.katalon.core.main.TestCaseExecutor.doExecute(TestCaseExecutor.java:328)
	at com.kms.katalon.core.main.TestCaseExecutor.processExecutionPhase(TestCaseExecutor.java:307)
	at com.kms.katalon.core.main.TestCaseExecutor.accessMainPhase(TestCaseExecutor.java:299)
	at com.kms.katalon.core.main.TestCaseExecutor.execute(TestCaseExecutor.java:233)
	at com.kms.katalon.core.main.TestSuiteExecutor.accessTestCaseMainPhase(TestSuiteExecutor.java:169)
	at com.kms.katalon.core.main.TestSuiteExecutor.accessTestSuiteMainPhase(TestSuiteExecutor.java:142)
	at com.kms.katalon.core.main.TestSuiteExecutor.execute(TestSuiteExecutor.java:91)
	at com.kms.katalon.core.main.TestCaseMain.startTestSuite(TestCaseMain.java:157)
	at com.kms.katalon.core.main.TestCaseMain$startTestSuite$0.call(Unknown Source)
	at TempTestSuite1586965903647.run(TempTestSuite1586965903647.groovy:36)
Caused by: org.openqa.selenium.InvalidArgumentException: File not found: C:\Users\HP\git\chiraghAdminPanel\Include\PropertyImages\1584693242612-Scanned_Passport_Copy.png
Build info: version: '3.141.59', revision: 'e82be7d358', time: '2018-11-14T08:25:53'
System info: host: 'EC2AMAZ-QUDPRKJ', ip: '172.31.5.210', os.name: 'Windows Server 2016', os.arch: 'amd64', os.version: '10.0', java.version: '1.8.0_181'
Driver info: com.kms.katalon.core.webui.driver.firefox.CGeckoDriver
Capabilities {acceptInsecureCerts: true, browserName: firefox, browserVersion: 75.0, javascriptEnabled: true, moz:accessibilityChecks: false, moz:buildID: 20200403170909, moz:geckodriverVersion: 0.23.0, moz:headless: false, moz:processID: 7812, moz:profile: C:\Users\Administrator\AppD..., moz:shutdownTimeout: 60000, moz:useNonSpecCompliantPointerOrigin: false, moz:webdriverClick: true, pageLoadStrategy: normal, platform: WINDOWS, platformName: WINDOWS, platformVersion: 10.0, proxy: Proxy(direct), rotatable: false, setWindowRect: true, strictFileInteractability: false, timeouts: {implicit: 0, pageLoad: 300000, script: 30000}, unhandledPromptBehavior: dismiss and notify}
Session ID: ed0a6914-728e-4a5b-b1d5-791e13a1dbba
	at org.openqa.selenium.remote.http.W3CHttpResponseCodec.createException(W3CHttpResponseCodec.java:187)
	at org.openqa.selenium.remote.http.W3CHttpResponseCodec.decode(W3CHttpResponseCodec.java:122)
	at org.openqa.selenium.remote.http.W3CHttpResponseCodec.decode(W3CHttpResponseCodec.java:49)
	at org.openqa.selenium.remote.HttpCommandExecutor.execute(HttpCommandExecutor.java:158)
	at org.openqa.selenium.remote.service.DriverCommandExecutor.execute(DriverCommandExecutor.java:83)
	at org.openqa.selenium.remote.RemoteWebDriver.execute(RemoteWebDriver.java:552)
	at com.kms.katalon.selenium.driver.CFirefoxDriver.execute(CFirefoxDriver.java:27)
	at org.openqa.selenium.remote.RemoteWebElement.execute(RemoteWebElement.java:285)
	at org.openqa.selenium.remote.RemoteWebElement.sendKeys(RemoteWebElement.java:106)
	at org.openqa.selenium.support.events.EventFiringWebDriver$EventFiringWebElement.lambda$new$0(EventFiringWebDriver.java:404)
	at com.sun.proxy.$Proxy10.sendKeys(Unknown Source)
	at org.openqa.selenium.support.events.EventFiringWebDriver$EventFiringWebElement.sendKeys(EventFiringWebDriver.java:429)
	at com.kms.katalon.core.webui.keyword.builtin.UploadFileKeyword$_uploadFile_closure1.doCall(UploadFileKeyword.groovy:80)
	at com.kms.katalon.core.webui.keyword.builtin.UploadFileKeyword$_uploadFile_closure1.call(UploadFileKeyword.groovy)
	at com.kms.katalon.core.webui.keyword.internal.WebUIKeywordMain.runKeyword(WebUIKeywordMain.groovy:20)
	at com.kms.katalon.core.webui.keyword.builtin.UploadFileKeyword.uploadFile(UploadFileKeyword.groovy:87)
	at com.kms.katalon.core.webui.keyword.builtin.UploadFileKeyword.execute(UploadFileKeyword.groovy:68)
	at com.kms.katalon.core.keyword.internal.KeywordExecutor.executeKeywordForPlatform(KeywordExecutor.groovy:72)
	at com.kms.katalon.core.webui.keyword.WebUiBuiltInKeywords.uploadFile(WebUiBuiltInKeywords.groovy:2971)
	at com.kms.katalon.core.webui.keyword.WebUiBuiltInKeywords$uploadFile$14.call(Unknown Source)
	at Script1586116971077.run(Script1586116971077.groovy:51)
	... 13 more
)
[[ATTACHMENT|C:\\Users\\Administrator\\Git\\chiraghAdminPanel\\Reports\\20200415_155143\\ChiraghWeb_FrontEnd_Tests\\20200415_155143\\1586966049357.png]]

2020-04-15 15:54:11 - [TEST_STEP][PASSED] - Video: Video recording for test case 'Test Cases/Front End/TC_ChangeProfileImage' .

2020-04-15 15:54:11 - [MESSAGE][INFO] - Video recording for test case 'Test Cases/Front End/TC_ChangeProfileImage' .
[[ATTACHMENT|C:\\Users\\Administrator\\Git\\chiraghAdminPanel\\Reports\\20200415_155143\\ChiraghWeb_FrontEnd_Tests\\20200415_155143/videos\\test_6.mov]]]]></system-out>
         <system-err><![CDATA[2020-04-15 15:53:49 - [TEST_CASE][FAILED] - Test Cases/Front End/TC_ChangeProfileImage: Test Cases/Front End/TC_ChangeProfileImage FAILED.
Reason:
com.kms.katalon.core.exception.StepFailedException: Unable to upload file 'C:\Users\HP\git\chiraghAdminPanel\Include\PropertyImages\1584693242612-Scanned_Passport_Copy.png' to object 'Object Repository/Front End Objects/ProfileImageChange/capture/Page_Chiragh - Dashborad Home/input_You have no new notifications at the moment_file'
	at com.kms.katalon.core.webui.keyword.internal.WebUIKeywordMain.stepFailed(WebUIKeywordMain.groovy:64)
	at com.kms.katalon.core.webui.keyword.internal.WebUIKeywordMain.runKeyword(WebUIKeywordMain.groovy:26)
	at com.kms.katalon.core.webui.keyword.builtin.UploadFileKeyword.uploadFile(UploadFileKeyword.groovy:87)
	at com.kms.katalon.core.webui.keyword.builtin.UploadFileKeyword.execute(UploadFileKeyword.groovy:68)
	at com.kms.katalon.core.keyword.internal.KeywordExecutor.executeKeywordForPlatform(KeywordExecutor.groovy:72)
	at com.kms.katalon.core.webui.keyword.WebUiBuiltInKeywords.uploadFile(WebUiBuiltInKeywords.groovy:2971)
	at com.kms.katalon.core.webui.keyword.WebUiBuiltInKeywords$uploadFile$14.call(Unknown Source)
	at TC_ChangeProfileImage.run(TC_ChangeProfileImage:51)
	at com.kms.katalon.core.main.ScriptEngine.run(ScriptEngine.java:194)
	at com.kms.katalon.core.main.ScriptEngine.runScriptAsRawText(ScriptEngine.java:119)
	at com.kms.katalon.core.main.TestCaseExecutor.runScript(TestCaseExecutor.java:337)
	at com.kms.katalon.core.main.TestCaseExecutor.doExecute(TestCaseExecutor.java:328)
	at com.kms.katalon.core.main.TestCaseExecutor.processExecutionPhase(TestCaseExecutor.java:307)
	at com.kms.katalon.core.main.TestCaseExecutor.accessMainPhase(TestCaseExecutor.java:299)
	at com.kms.katalon.core.main.TestCaseExecutor.execute(TestCaseExecutor.java:233)
	at com.kms.katalon.core.main.TestSuiteExecutor.accessTestCaseMainPhase(TestSuiteExecutor.java:169)
	at com.kms.katalon.core.main.TestSuiteExecutor.accessTestSuiteMainPhase(TestSuiteExecutor.java:142)
	at com.kms.katalon.core.main.TestSuiteExecutor.execute(TestSuiteExecutor.java:91)
	at com.kms.katalon.core.main.TestCaseMain.startTestSuite(TestCaseMain.java:157)
	at com.kms.katalon.core.main.TestCaseMain$startTestSuite$0.call(Unknown Source)
	at TempTestSuite1586965903647.run(TempTestSuite1586965903647.groovy:36)
Caused by: org.openqa.selenium.InvalidArgumentException: File not found: C:\Users\HP\git\chiraghAdminPanel\Include\PropertyImages\1584693242612-Scanned_Passport_Copy.png
Build info: version: '3.141.59', revision: 'e82be7d358', time: '2018-11-14T08:25:53'
System info: host: 'EC2AMAZ-QUDPRKJ', ip: '172.31.5.210', os.name: 'Windows Server 2016', os.arch: 'amd64', os.version: '10.0', java.version: '1.8.0_181'
Driver info: com.kms.katalon.core.webui.driver.firefox.CGeckoDriver
Capabilities {acceptInsecureCerts: true, browserName: firefox, browserVersion: 75.0, javascriptEnabled: true, moz:accessibilityChecks: false, moz:buildID: 20200403170909, moz:geckodriverVersion: 0.23.0, moz:headless: false, moz:processID: 7812, moz:profile: C:\Users\Administrator\AppD..., moz:shutdownTimeout: 60000, moz:useNonSpecCompliantPointerOrigin: false, moz:webdriverClick: true, pageLoadStrategy: normal, platform: WINDOWS, platformName: WINDOWS, platformVersion: 10.0, proxy: Proxy(direct), rotatable: false, setWindowRect: true, strictFileInteractability: false, timeouts: {implicit: 0, pageLoad: 300000, script: 30000}, unhandledPromptBehavior: dismiss and notify}
Session ID: ed0a6914-728e-4a5b-b1d5-791e13a1dbba
	at org.openqa.selenium.remote.http.W3CHttpResponseCodec.createException(W3CHttpResponseCodec.java:187)
	at org.openqa.selenium.remote.http.W3CHttpResponseCodec.decode(W3CHttpResponseCodec.java:122)
	at org.openqa.selenium.remote.http.W3CHttpResponseCodec.decode(W3CHttpResponseCodec.java:49)
	at org.openqa.selenium.remote.HttpCommandExecutor.execute(HttpCommandExecutor.java:158)
	at org.openqa.selenium.remote.service.DriverCommandExecutor.execute(DriverCommandExecutor.java:83)
	at org.openqa.selenium.remote.RemoteWebDriver.execute(RemoteWebDriver.java:552)
	at com.kms.katalon.selenium.driver.CFirefoxDriver.execute(CFirefoxDriver.java:27)
	at org.openqa.selenium.remote.RemoteWebElement.execute(RemoteWebElement.java:285)
	at org.openqa.selenium.remote.RemoteWebElement.sendKeys(RemoteWebElement.java:106)
	at org.openqa.selenium.support.events.EventFiringWebDriver$EventFiringWebElement.lambda$new$0(EventFiringWebDriver.java:404)
	at com.sun.proxy.$Proxy10.sendKeys(Unknown Source)
	at org.openqa.selenium.support.events.EventFiringWebDriver$EventFiringWebElement.sendKeys(EventFiringWebDriver.java:429)
	at com.kms.katalon.core.webui.keyword.builtin.UploadFileKeyword$_uploadFile_closure1.doCall(UploadFileKeyword.groovy:80)
	at com.kms.katalon.core.webui.keyword.builtin.UploadFileKeyword$_uploadFile_closure1.call(UploadFileKeyword.groovy)
	at com.kms.katalon.core.webui.keyword.internal.WebUIKeywordMain.runKeyword(WebUIKeywordMain.groovy:20)
	... 19 more]]></system-err>
      </testcase>
      <testcase name="Test Cases/Front End/TC_PropertySubmissionForm_002" time="33.217" classname="Test Cases/Front End/TC_PropertySubmissionForm_002" status="FAILED">
         <failure type="FAILED" message="Test Cases/Front End/TC_PropertySubmissionForm_002 FAILED.
Reason:
com.kms.katalon.core.exception.StepFailedException: Unable to upload file 'C:\Users\HP\git\chiraghAdminPanel\Include\PropertyImages\1584693242612-Scanned_Passport_Copy.png' to object 'Object Repository/Property submission/owner/Scanned Passport Copy'
	at com.kms.katalon.core.webui.keyword.internal.WebUIKeywordMain.stepFailed(WebUIKeywordMain.groovy:64)
	at com.kms.katalon.core.webui.keyword.internal.WebUIKeywordMain.runKeyword(WebUIKeywordMain.groovy:26)
	at com.kms.katalon.core.webui.keyword.builtin.UploadFileKeyword.uploadFile(UploadFileKeyword.groovy:87)
	at com.kms.katalon.core.webui.keyword.builtin.UploadFileKeyword.execute(UploadFileKeyword.groovy:68)
	at com.kms.katalon.core.keyword.internal.KeywordExecutor.executeKeywordForPlatform(KeywordExecutor.groovy:72)
	at com.kms.katalon.core.webui.keyword.WebUiBuiltInKeywords.uploadFile(WebUiBuiltInKeywords.groovy:2971)
	at com.kms.katalon.core.webui.keyword.WebUiBuiltInKeywords$uploadFile$14.call(Unknown Source)
	at TC_PropertySubmissionForm_002.run(TC_PropertySubmissionForm_002:65)
	at com.kms.katalon.core.main.ScriptEngine.run(ScriptEngine.java:194)
	at com.kms.katalon.core.main.ScriptEngine.runScriptAsRawText(ScriptEngine.java:119)
	at com.kms.katalon.core.main.TestCaseExecutor.runScript(TestCaseExecutor.java:337)
	at com.kms.katalon.core.main.TestCaseExecutor.doExecute(TestCaseExecutor.java:328)
	at com.kms.katalon.core.main.TestCaseExecutor.processExecutionPhase(TestCaseExecutor.java:307)
	at com.kms.katalon.core.main.TestCaseExecutor.accessMainPhase(TestCaseExecutor.java:299)
	at com.kms.katalon.core.main.TestCaseExecutor.execute(TestCaseExecutor.java:233)
	at com.kms.katalon.core.main.TestSuiteExecutor.accessTestCaseMainPhase(TestSuiteExecutor.java:169)
	at com.kms.katalon.core.main.TestSuiteExecutor.accessTestSuiteMainPhase(TestSuiteExecutor.java:142)
	at com.kms.katalon.core.main.TestSuiteExecutor.execute(TestSuiteExecutor.java:91)
	at com.kms.katalon.core.main.TestCaseMain.startTestSuite(TestCaseMain.java:157)
	at com.kms.katalon.core.main.TestCaseMain$startTestSuite$0.call(Unknown Source)
	at TempTestSuite1586965903647.run(TempTestSuite1586965903647.groovy:36)
Caused by: org.openqa.selenium.InvalidArgumentException: File not found: C:\Users\HP\git\chiraghAdminPanel\Include\PropertyImages\1584693242612-Scanned_Passport_Copy.png
Build info: version: '3.141.59', revision: 'e82be7d358', time: '2018-11-14T08:25:53'
System info: host: 'EC2AMAZ-QUDPRKJ', ip: '172.31.5.210', os.name: 'Windows Server 2016', os.arch: 'amd64', os.version: '10.0', java.version: '1.8.0_181'
Driver info: com.kms.katalon.core.webui.driver.firefox.CGeckoDriver
Capabilities {acceptInsecureCerts: true, browserName: firefox, browserVersion: 75.0, javascriptEnabled: true, moz:accessibilityChecks: false, moz:buildID: 20200403170909, moz:geckodriverVersion: 0.23.0, moz:headless: false, moz:processID: 912, moz:profile: C:\Users\Administrator\AppD..., moz:shutdownTimeout: 60000, moz:useNonSpecCompliantPointerOrigin: false, moz:webdriverClick: true, pageLoadStrategy: normal, platform: WINDOWS, platformName: WINDOWS, platformVersion: 10.0, proxy: Proxy(direct), rotatable: false, setWindowRect: true, strictFileInteractability: false, timeouts: {implicit: 0, pageLoad: 300000, script: 30000}, unhandledPromptBehavior: dismiss and notify}
Session ID: 54200152-3328-4817-81f2-a62c5ded4fc5
	at org.openqa.selenium.remote.http.W3CHttpResponseCodec.createException(W3CHttpResponseCodec.java:187)
	at org.openqa.selenium.remote.http.W3CHttpResponseCodec.decode(W3CHttpResponseCodec.java:122)
	at org.openqa.selenium.remote.http.W3CHttpResponseCodec.decode(W3CHttpResponseCodec.java:49)
	at org.openqa.selenium.remote.HttpCommandExecutor.execute(HttpCommandExecutor.java:158)
	at org.openqa.selenium.remote.service.DriverCommandExecutor.execute(DriverCommandExecutor.java:83)
	at org.openqa.selenium.remote.RemoteWebDriver.execute(RemoteWebDriver.java:552)
	at com.kms.katalon.selenium.driver.CFirefoxDriver.execute(CFirefoxDriver.java:27)
	at org.openqa.selenium.remote.RemoteWebElement.execute(RemoteWebElement.java:285)
	at org.openqa.selenium.remote.RemoteWebElement.sendKeys(RemoteWebElement.java:106)
	at org.openqa.selenium.support.events.EventFiringWebDriver$EventFiringWebElement.lambda$new$0(EventFiringWebDriver.java:404)
	at com.sun.proxy.$Proxy10.sendKeys(Unknown Source)
	at org.openqa.selenium.support.events.EventFiringWebDriver$EventFiringWebElement.sendKeys(EventFiringWebDriver.java:429)
	at com.kms.katalon.core.webui.keyword.builtin.UploadFileKeyword$_uploadFile_closure1.doCall(UploadFileKeyword.groovy:80)
	at com.kms.katalon.core.webui.keyword.builtin.UploadFileKeyword$_uploadFile_closure1.call(UploadFileKeyword.groovy)
	at com.kms.katalon.core.webui.keyword.internal.WebUIKeywordMain.runKeyword(WebUIKeywordMain.groovy:20)
	... 19 more
"/>
         <system-out><![CDATA[2020-04-15 15:54:11 - [TEST_CASE][FAILED] - Test Cases/Front End/TC_PropertySubmissionForm_002: Test Cases/Front End/TC_PropertySubmissionForm_002 FAILED.
Reason:
com.kms.katalon.core.exception.StepFailedException: Unable to upload file 'C:\Users\HP\git\chiraghAdminPanel\Include\PropertyImages\1584693242612-Scanned_Passport_Copy.png' to object 'Object Repository/Property submission/owner/Scanned Passport Copy'
	at com.kms.katalon.core.webui.keyword.internal.WebUIKeywordMain.stepFailed(WebUIKeywordMain.groovy:64)
	at com.kms.katalon.core.webui.keyword.internal.WebUIKeywordMain.runKeyword(WebUIKeywordMain.groovy:26)
	at com.kms.katalon.core.webui.keyword.builtin.UploadFileKeyword.uploadFile(UploadFileKeyword.groovy:87)
	at com.kms.katalon.core.webui.keyword.builtin.UploadFileKeyword.execute(UploadFileKeyword.groovy:68)
	at com.kms.katalon.core.keyword.internal.KeywordExecutor.executeKeywordForPlatform(KeywordExecutor.groovy:72)
	at com.kms.katalon.core.webui.keyword.WebUiBuiltInKeywords.uploadFile(WebUiBuiltInKeywords.groovy:2971)
	at com.kms.katalon.core.webui.keyword.WebUiBuiltInKeywords$uploadFile$14.call(Unknown Source)
	at TC_PropertySubmissionForm_002.run(TC_PropertySubmissionForm_002:65)
	at com.kms.katalon.core.main.ScriptEngine.run(ScriptEngine.java:194)
	at com.kms.katalon.core.main.ScriptEngine.runScriptAsRawText(ScriptEngine.java:119)
	at com.kms.katalon.core.main.TestCaseExecutor.runScript(TestCaseExecutor.java:337)
	at com.kms.katalon.core.main.TestCaseExecutor.doExecute(TestCaseExecutor.java:328)
	at com.kms.katalon.core.main.TestCaseExecutor.processExecutionPhase(TestCaseExecutor.java:307)
	at com.kms.katalon.core.main.TestCaseExecutor.accessMainPhase(TestCaseExecutor.java:299)
	at com.kms.katalon.core.main.TestCaseExecutor.execute(TestCaseExecutor.java:233)
	at com.kms.katalon.core.main.TestSuiteExecutor.accessTestCaseMainPhase(TestSuiteExecutor.java:169)
	at com.kms.katalon.core.main.TestSuiteExecutor.accessTestSuiteMainPhase(TestSuiteExecutor.java:142)
	at com.kms.katalon.core.main.TestSuiteExecutor.execute(TestSuiteExecutor.java:91)
	at com.kms.katalon.core.main.TestCaseMain.startTestSuite(TestCaseMain.java:157)
	at com.kms.katalon.core.main.TestCaseMain$startTestSuite$0.call(Unknown Source)
	at TempTestSuite1586965903647.run(TempTestSuite1586965903647.groovy:36)
Caused by: org.openqa.selenium.InvalidArgumentException: File not found: C:\Users\HP\git\chiraghAdminPanel\Include\PropertyImages\1584693242612-Scanned_Passport_Copy.png
Build info: version: '3.141.59', revision: 'e82be7d358', time: '2018-11-14T08:25:53'
System info: host: 'EC2AMAZ-QUDPRKJ', ip: '172.31.5.210', os.name: 'Windows Server 2016', os.arch: 'amd64', os.version: '10.0', java.version: '1.8.0_181'
Driver info: com.kms.katalon.core.webui.driver.firefox.CGeckoDriver
Capabilities {acceptInsecureCerts: true, browserName: firefox, browserVersion: 75.0, javascriptEnabled: true, moz:accessibilityChecks: false, moz:buildID: 20200403170909, moz:geckodriverVersion: 0.23.0, moz:headless: false, moz:processID: 912, moz:profile: C:\Users\Administrator\AppD..., moz:shutdownTimeout: 60000, moz:useNonSpecCompliantPointerOrigin: false, moz:webdriverClick: true, pageLoadStrategy: normal, platform: WINDOWS, platformName: WINDOWS, platformVersion: 10.0, proxy: Proxy(direct), rotatable: false, setWindowRect: true, strictFileInteractability: false, timeouts: {implicit: 0, pageLoad: 300000, script: 30000}, unhandledPromptBehavior: dismiss and notify}
Session ID: 54200152-3328-4817-81f2-a62c5ded4fc5
	at org.openqa.selenium.remote.http.W3CHttpResponseCodec.createException(W3CHttpResponseCodec.java:187)
	at org.openqa.selenium.remote.http.W3CHttpResponseCodec.decode(W3CHttpResponseCodec.java:122)
	at org.openqa.selenium.remote.http.W3CHttpResponseCodec.decode(W3CHttpResponseCodec.java:49)
	at org.openqa.selenium.remote.HttpCommandExecutor.execute(HttpCommandExecutor.java:158)
	at org.openqa.selenium.remote.service.DriverCommandExecutor.execute(DriverCommandExecutor.java:83)
	at org.openqa.selenium.remote.RemoteWebDriver.execute(RemoteWebDriver.java:552)
	at com.kms.katalon.selenium.driver.CFirefoxDriver.execute(CFirefoxDriver.java:27)
	at org.openqa.selenium.remote.RemoteWebElement.execute(RemoteWebElement.java:285)
	at org.openqa.selenium.remote.RemoteWebElement.sendKeys(RemoteWebElement.java:106)
	at org.openqa.selenium.support.events.EventFiringWebDriver$EventFiringWebElement.lambda$new$0(EventFiringWebDriver.java:404)
	at com.sun.proxy.$Proxy10.sendKeys(Unknown Source)
	at org.openqa.selenium.support.events.EventFiringWebDriver$EventFiringWebElement.sendKeys(EventFiringWebDriver.java:429)
	at com.kms.katalon.core.webui.keyword.builtin.UploadFileKeyword$_uploadFile_closure1.doCall(UploadFileKeyword.groovy:80)
	at com.kms.katalon.core.webui.keyword.builtin.UploadFileKeyword$_uploadFile_closure1.call(UploadFileKeyword.groovy)
	at com.kms.katalon.core.webui.keyword.internal.WebUIKeywordMain.runKeyword(WebUIKeywordMain.groovy:20)
	... 19 more


2020-04-15 15:54:11 - [TEST_STEP][PASSED] - faker = new com.github.javafaker.Faker(): null

2020-04-15 15:54:11 - [TEST_STEP][PASSED] - projectname = address().streetName(): null

2020-04-15 15:54:11 - [TEST_STEP][PASSED] - openBrowser(""): Browser is opened with url: ''

2020-04-15 15:54:11 - [MESSAGE][WARNING] - A browser is already opened. Closing browser and opening a new one

2020-04-15 15:54:13 - [MESSAGE][INFO] - Starting 'Firefox' driver

2020-04-15 15:54:13 - [MESSAGE][INFO] - Action delay is set to 0 milliseconds

2020-04-15 15:54:15 - [MESSAGE][PASSED] - Browser is opened with url: ''

2020-04-15 15:54:15 - [TEST_STEP][PASSED] - navigateToUrl(Url): Navigate to 'http://test.chiragh.com' successfully

2020-04-15 15:54:17 - [MESSAGE][PASSED] - Navigate to 'http://test.chiragh.com' successfully

2020-04-15 15:54:17 - [TEST_STEP][PASSED] - waitForPageLoad(15): Wait for page load successfully

2020-04-15 15:54:17 - [MESSAGE][PASSED] - Wait for page load successfully

2020-04-15 15:54:17 - [TEST_STEP][PASSED] - maximizeWindow(): Current window maximized

2020-04-15 15:54:17 - [MESSAGE][PASSED] - Current window maximized

2020-04-15 15:54:17 - [TEST_STEP][PASSED] - delay(3): Delayed 3 second(s)

2020-04-15 15:54:20 - [MESSAGE][PASSED] - Delayed 3 second(s)

2020-04-15 15:54:20 - [TEST_STEP][PASSED] - click(findTestObject("Property submission/owner/Page_Chiragh - Home/a_SELL")): Object: 'Object Repository/Property submission/owner/Page_Chiragh - Home/a_SELL' is clicked on

2020-04-15 15:54:21 - [MESSAGE][PASSED] - Object: 'Object Repository/Property submission/owner/Page_Chiragh - Home/a_SELL' is clicked on

2020-04-15 15:54:21 - [TEST_STEP][PASSED] - setText(findTestObject("Object Repository/Property submission/owner/Page_Chiragh - Login/input_Username_un"), userName): Text 'AUTOCHIRAGH' is set on object 'Object Repository/Property submission/owner/Page_Chiragh - Login/input_Username_un'

2020-04-15 15:54:22 - [MESSAGE][PASSED] - Text 'AUTOCHIRAGH' is set on object 'Object Repository/Property submission/owner/Page_Chiragh - Login/input_Username_un'

2020-04-15 15:54:22 - [TEST_STEP][PASSED] - setText(findTestObject("Object Repository/Property submission/owner/Page_Chiragh - Login/input_Password_userPassword"), passWord): Text '1234567890' is set on object 'Object Repository/Property submission/owner/Page_Chiragh - Login/input_Password_userPassword'

2020-04-15 15:54:23 - [MESSAGE][PASSED] - Text '1234567890' is set on object 'Object Repository/Property submission/owner/Page_Chiragh - Login/input_Password_userPassword'

2020-04-15 15:54:23 - [TEST_STEP][PASSED] - click(findTestObject("Object Repository/Property submission/owner/Page_Chiragh - Login/button_Log In")): Object: 'Object Repository/Property submission/owner/Page_Chiragh - Login/button_Log In' is clicked on

2020-04-15 15:54:23 - [MESSAGE][PASSED] - Object: 'Object Repository/Property submission/owner/Page_Chiragh - Login/button_Log In' is clicked on

2020-04-15 15:54:23 - [TEST_STEP][PASSED] - delay(10): Delayed 10 second(s)

2020-04-15 15:54:33 - [MESSAGE][PASSED] - Delayed 10 second(s)

2020-04-15 15:54:33 - [TEST_STEP][PASSED] - setText(findTestObject("Object Repository/Property submission/owner form/Page_Chiragh - Sell Your Property/Page_Chiragh - Sell Your Property/input_ID Card Number_idCardNo"), "3294723889"): Text '3294723889' is set on object 'Object Repository/Property submission/owner form/Page_Chiragh - Sell Your Property/Page_Chiragh - Sell Your Property/input_ID Card Number_idCardNo'

2020-04-15 15:54:34 - [MESSAGE][PASSED] - Text '3294723889' is set on object 'Object Repository/Property submission/owner form/Page_Chiragh - Sell Your Property/Page_Chiragh - Sell Your Property/input_ID Card Number_idCardNo'

2020-04-15 15:54:34 - [TEST_STEP][PASSED] - click(findTestObject("Object Repository/Property submission/owner form/Page_Chiragh - Sell Your Property/Page_Chiragh - Sell Your Property/ID card expiry")): Object: 'Object Repository/Property submission/owner form/Page_Chiragh - Sell Your Property/Page_Chiragh - Sell Your Property/ID card expiry' is clicked on

2020-04-15 15:54:35 - [MESSAGE][PASSED] - Object: 'Object Repository/Property submission/owner form/Page_Chiragh - Sell Your Property/Page_Chiragh - Sell Your Property/ID card expiry' is clicked on

2020-04-15 15:54:35 - [TEST_STEP][PASSED] - click(findTestObject("Object Repository/Property submission/owner form/Page_Chiragh - Sell Your Property/Page_Chiragh - Sell Your Property/span_Mar 2020")): Object: 'Object Repository/Property submission/owner form/Page_Chiragh - Sell Your Property/Page_Chiragh - Sell Your Property/span_Mar 2020' is clicked on

2020-04-15 15:54:36 - [MESSAGE][PASSED] - Object: 'Object Repository/Property submission/owner form/Page_Chiragh - Sell Your Property/Page_Chiragh - Sell Your Property/span_Mar 2020' is clicked on

2020-04-15 15:54:36 - [TEST_STEP][PASSED] - click(findTestObject("Object Repository/Property submission/owner form/Page_Chiragh - Sell Your Property/Page_Chiragh - Sell Your Property/span_2029")): Object: 'Object Repository/Property submission/owner form/Page_Chiragh - Sell Your Property/Page_Chiragh - Sell Your Property/span_2029' is clicked on

2020-04-15 15:54:36 - [MESSAGE][PASSED] - Object: 'Object Repository/Property submission/owner form/Page_Chiragh - Sell Your Property/Page_Chiragh - Sell Your Property/span_2029' is clicked on

2020-04-15 15:54:36 - [TEST_STEP][PASSED] - click(findTestObject("Object Repository/Property submission/owner form/Page_Chiragh - Sell Your Property/Page_Chiragh - Sell Your Property/month")): Object: 'Object Repository/Property submission/owner form/Page_Chiragh - Sell Your Property/Page_Chiragh - Sell Your Property/month' is clicked on

2020-04-15 15:54:37 - [MESSAGE][PASSED] - Object: 'Object Repository/Property submission/owner form/Page_Chiragh - Sell Your Property/Page_Chiragh - Sell Your Property/month' is clicked on

2020-04-15 15:54:37 - [TEST_STEP][PASSED] - click(findTestObject("Object Repository/Property submission/owner form/Page_Chiragh - Sell Your Property/Page_Chiragh - Sell Your Property/span_21")): Object: 'Object Repository/Property submission/owner form/Page_Chiragh - Sell Your Property/Page_Chiragh - Sell Your Property/span_21' is clicked on

2020-04-15 15:54:37 - [MESSAGE][PASSED] - Object: 'Object Repository/Property submission/owner form/Page_Chiragh - Sell Your Property/Page_Chiragh - Sell Your Property/span_21' is clicked on

2020-04-15 15:54:37 - [TEST_STEP][PASSED] - scrollToElement(findTestObject("Object Repository/Property submission/owner/Page_Chiragh - Sell Your Property/div_Scanned Passport Copy"), 5): Scroll to object 'Object Repository/Property submission/owner/Page_Chiragh - Sell Your Property/div_Scanned Passport Copy' successfully

2020-04-15 15:54:38 - [MESSAGE][PASSED] - Scroll to object 'Object Repository/Property submission/owner/Page_Chiragh - Sell Your Property/div_Scanned Passport Copy' successfully

2020-04-15 15:54:38 - [TEST_STEP][PASSED] - delay(4): Delayed 4 second(s)

2020-04-15 15:54:42 - [MESSAGE][PASSED] - Delayed 4 second(s)

2020-04-15 15:54:42 - [TEST_STEP][FAILED] - uploadFile(findTestObject("Property submission/owner/Scanned Passport Copy"), "C:\Users\HP\git\chiraghAdminPanel\Include\PropertyImages\1584693242612-Scanned_Passport_Copy.png"): Unable to upload file 'C:\Users\HP\git\chiraghAdminPanel\Include\PropertyImages\1584693242612-Scanned_Passport_Copy.png' to object 'Object Repository/Property submission/owner/Scanned Passport Copy' (Root cause: com.kms.katalon.core.exception.StepFailedException: Unable to upload file 'C:\Users\HP\git\chiraghAdminPanel\Include\PropertyImages\1584693242612-Scanned_Passport_Copy.png' to object 'Object Repository/Property submission/owner/Scanned Passport Copy'
	at com.kms.katalon.core.webui.keyword.internal.WebUIKeywordMain.stepFailed(WebUIKeywordMain.groovy:64)
	at com.kms.katalon.core.webui.keyword.internal.WebUIKeywordMain.runKeyword(WebUIKeywordMain.groovy:26)
	at com.kms.katalon.core.webui.keyword.builtin.UploadFileKeyword.uploadFile(UploadFileKeyword.groovy:87)
	at com.kms.katalon.core.webui.keyword.builtin.UploadFileKeyword.execute(UploadFileKeyword.groovy:68)
	at com.kms.katalon.core.keyword.internal.KeywordExecutor.executeKeywordForPlatform(KeywordExecutor.groovy:72)
	at com.kms.katalon.core.webui.keyword.WebUiBuiltInKeywords.uploadFile(WebUiBuiltInKeywords.groovy:2971)
	at com.kms.katalon.core.webui.keyword.WebUiBuiltInKeywords$uploadFile$14.call(Unknown Source)
	at TC_PropertySubmissionForm_002.run(TC_PropertySubmissionForm_002:65)
	at com.kms.katalon.core.main.ScriptEngine.run(ScriptEngine.java:194)
	at com.kms.katalon.core.main.ScriptEngine.runScriptAsRawText(ScriptEngine.java:119)
	at com.kms.katalon.core.main.TestCaseExecutor.runScript(TestCaseExecutor.java:337)
	at com.kms.katalon.core.main.TestCaseExecutor.doExecute(TestCaseExecutor.java:328)
	at com.kms.katalon.core.main.TestCaseExecutor.processExecutionPhase(TestCaseExecutor.java:307)
	at com.kms.katalon.core.main.TestCaseExecutor.accessMainPhase(TestCaseExecutor.java:299)
	at com.kms.katalon.core.main.TestCaseExecutor.execute(TestCaseExecutor.java:233)
	at com.kms.katalon.core.main.TestSuiteExecutor.accessTestCaseMainPhase(TestSuiteExecutor.java:169)
	at com.kms.katalon.core.main.TestSuiteExecutor.accessTestSuiteMainPhase(TestSuiteExecutor.java:142)
	at com.kms.katalon.core.main.TestSuiteExecutor.execute(TestSuiteExecutor.java:91)
	at com.kms.katalon.core.main.TestCaseMain.startTestSuite(TestCaseMain.java:157)
	at com.kms.katalon.core.main.TestCaseMain$startTestSuite$0.call(Unknown Source)
	at TempTestSuite1586965903647.run(TempTestSuite1586965903647.groovy:36)
Caused by: org.openqa.selenium.InvalidArgumentException: File not found: C:\Users\HP\git\chiraghAdminPanel\Include\PropertyImages\1584693242612-Scanned_Passport_Copy.png
Build info: version: '3.141.59', revision: 'e82be7d358', time: '2018-11-14T08:25:53'
System info: host: 'EC2AMAZ-QUDPRKJ', ip: '172.31.5.210', os.name: 'Windows Server 2016', os.arch: 'amd64', os.version: '10.0', java.version: '1.8.0_181'
Driver info: com.kms.katalon.core.webui.driver.firefox.CGeckoDriver
Capabilities {acceptInsecureCerts: true, browserName: firefox, browserVersion: 75.0, javascriptEnabled: true, moz:accessibilityChecks: false, moz:buildID: 20200403170909, moz:geckodriverVersion: 0.23.0, moz:headless: false, moz:processID: 912, moz:profile: C:\Users\Administrator\AppD..., moz:shutdownTimeout: 60000, moz:useNonSpecCompliantPointerOrigin: false, moz:webdriverClick: true, pageLoadStrategy: normal, platform: WINDOWS, platformName: WINDOWS, platformVersion: 10.0, proxy: Proxy(direct), rotatable: false, setWindowRect: true, strictFileInteractability: false, timeouts: {implicit: 0, pageLoad: 300000, script: 30000}, unhandledPromptBehavior: dismiss and notify}
Session ID: 54200152-3328-4817-81f2-a62c5ded4fc5
	at org.openqa.selenium.remote.http.W3CHttpResponseCodec.createException(W3CHttpResponseCodec.java:187)
	at org.openqa.selenium.remote.http.W3CHttpResponseCodec.decode(W3CHttpResponseCodec.java:122)
	at org.openqa.selenium.remote.http.W3CHttpResponseCodec.decode(W3CHttpResponseCodec.java:49)
	at org.openqa.selenium.remote.HttpCommandExecutor.execute(HttpCommandExecutor.java:158)
	at org.openqa.selenium.remote.service.DriverCommandExecutor.execute(DriverCommandExecutor.java:83)
	at org.openqa.selenium.remote.RemoteWebDriver.execute(RemoteWebDriver.java:552)
	at com.kms.katalon.selenium.driver.CFirefoxDriver.execute(CFirefoxDriver.java:27)
	at org.openqa.selenium.remote.RemoteWebElement.execute(RemoteWebElement.java:285)
	at org.openqa.selenium.remote.RemoteWebElement.sendKeys(RemoteWebElement.java:106)
	at org.openqa.selenium.support.events.EventFiringWebDriver$EventFiringWebElement.lambda$new$0(EventFiringWebDriver.java:404)
	at com.sun.proxy.$Proxy10.sendKeys(Unknown Source)
	at org.openqa.selenium.support.events.EventFiringWebDriver$EventFiringWebElement.sendKeys(EventFiringWebDriver.java:429)
	at com.kms.katalon.core.webui.keyword.builtin.UploadFileKeyword$_uploadFile_closure1.doCall(UploadFileKeyword.groovy:80)
	at com.kms.katalon.core.webui.keyword.builtin.UploadFileKeyword$_uploadFile_closure1.call(UploadFileKeyword.groovy)
	at com.kms.katalon.core.webui.keyword.internal.WebUIKeywordMain.runKeyword(WebUIKeywordMain.groovy:20)
	at com.kms.katalon.core.webui.keyword.builtin.UploadFileKeyword.uploadFile(UploadFileKeyword.groovy:87)
	at com.kms.katalon.core.webui.keyword.builtin.UploadFileKeyword.execute(UploadFileKeyword.groovy:68)
	at com.kms.katalon.core.keyword.internal.KeywordExecutor.executeKeywordForPlatform(KeywordExecutor.groovy:72)
	at com.kms.katalon.core.webui.keyword.WebUiBuiltInKeywords.uploadFile(WebUiBuiltInKeywords.groovy:2971)
	at com.kms.katalon.core.webui.keyword.WebUiBuiltInKeywords$uploadFile$14.call(Unknown Source)
	at Script1585302879813.run(Script1585302879813.groovy:65)
	... 13 more
)

2020-04-15 15:54:42 - [MESSAGE][FAILED] - Unable to upload file 'C:\Users\HP\git\chiraghAdminPanel\Include\PropertyImages\1584693242612-Scanned_Passport_Copy.png' to object 'Object Repository/Property submission/owner/Scanned Passport Copy' (Root cause: com.kms.katalon.core.exception.StepFailedException: Unable to upload file 'C:\Users\HP\git\chiraghAdminPanel\Include\PropertyImages\1584693242612-Scanned_Passport_Copy.png' to object 'Object Repository/Property submission/owner/Scanned Passport Copy'
	at com.kms.katalon.core.webui.keyword.internal.WebUIKeywordMain.stepFailed(WebUIKeywordMain.groovy:64)
	at com.kms.katalon.core.webui.keyword.internal.WebUIKeywordMain.runKeyword(WebUIKeywordMain.groovy:26)
	at com.kms.katalon.core.webui.keyword.builtin.UploadFileKeyword.uploadFile(UploadFileKeyword.groovy:87)
	at com.kms.katalon.core.webui.keyword.builtin.UploadFileKeyword.execute(UploadFileKeyword.groovy:68)
	at com.kms.katalon.core.keyword.internal.KeywordExecutor.executeKeywordForPlatform(KeywordExecutor.groovy:72)
	at com.kms.katalon.core.webui.keyword.WebUiBuiltInKeywords.uploadFile(WebUiBuiltInKeywords.groovy:2971)
	at com.kms.katalon.core.webui.keyword.WebUiBuiltInKeywords$uploadFile$14.call(Unknown Source)
	at TC_PropertySubmissionForm_002.run(TC_PropertySubmissionForm_002:65)
	at com.kms.katalon.core.main.ScriptEngine.run(ScriptEngine.java:194)
	at com.kms.katalon.core.main.ScriptEngine.runScriptAsRawText(ScriptEngine.java:119)
	at com.kms.katalon.core.main.TestCaseExecutor.runScript(TestCaseExecutor.java:337)
	at com.kms.katalon.core.main.TestCaseExecutor.doExecute(TestCaseExecutor.java:328)
	at com.kms.katalon.core.main.TestCaseExecutor.processExecutionPhase(TestCaseExecutor.java:307)
	at com.kms.katalon.core.main.TestCaseExecutor.accessMainPhase(TestCaseExecutor.java:299)
	at com.kms.katalon.core.main.TestCaseExecutor.execute(TestCaseExecutor.java:233)
	at com.kms.katalon.core.main.TestSuiteExecutor.accessTestCaseMainPhase(TestSuiteExecutor.java:169)
	at com.kms.katalon.core.main.TestSuiteExecutor.accessTestSuiteMainPhase(TestSuiteExecutor.java:142)
	at com.kms.katalon.core.main.TestSuiteExecutor.execute(TestSuiteExecutor.java:91)
	at com.kms.katalon.core.main.TestCaseMain.startTestSuite(TestCaseMain.java:157)
	at com.kms.katalon.core.main.TestCaseMain$startTestSuite$0.call(Unknown Source)
	at TempTestSuite1586965903647.run(TempTestSuite1586965903647.groovy:36)
Caused by: org.openqa.selenium.InvalidArgumentException: File not found: C:\Users\HP\git\chiraghAdminPanel\Include\PropertyImages\1584693242612-Scanned_Passport_Copy.png
Build info: version: '3.141.59', revision: 'e82be7d358', time: '2018-11-14T08:25:53'
System info: host: 'EC2AMAZ-QUDPRKJ', ip: '172.31.5.210', os.name: 'Windows Server 2016', os.arch: 'amd64', os.version: '10.0', java.version: '1.8.0_181'
Driver info: com.kms.katalon.core.webui.driver.firefox.CGeckoDriver
Capabilities {acceptInsecureCerts: true, browserName: firefox, browserVersion: 75.0, javascriptEnabled: true, moz:accessibilityChecks: false, moz:buildID: 20200403170909, moz:geckodriverVersion: 0.23.0, moz:headless: false, moz:processID: 912, moz:profile: C:\Users\Administrator\AppD..., moz:shutdownTimeout: 60000, moz:useNonSpecCompliantPointerOrigin: false, moz:webdriverClick: true, pageLoadStrategy: normal, platform: WINDOWS, platformName: WINDOWS, platformVersion: 10.0, proxy: Proxy(direct), rotatable: false, setWindowRect: true, strictFileInteractability: false, timeouts: {implicit: 0, pageLoad: 300000, script: 30000}, unhandledPromptBehavior: dismiss and notify}
Session ID: 54200152-3328-4817-81f2-a62c5ded4fc5
	at org.openqa.selenium.remote.http.W3CHttpResponseCodec.createException(W3CHttpResponseCodec.java:187)
	at org.openqa.selenium.remote.http.W3CHttpResponseCodec.decode(W3CHttpResponseCodec.java:122)
	at org.openqa.selenium.remote.http.W3CHttpResponseCodec.decode(W3CHttpResponseCodec.java:49)
	at org.openqa.selenium.remote.HttpCommandExecutor.execute(HttpCommandExecutor.java:158)
	at org.openqa.selenium.remote.service.DriverCommandExecutor.execute(DriverCommandExecutor.java:83)
	at org.openqa.selenium.remote.RemoteWebDriver.execute(RemoteWebDriver.java:552)
	at com.kms.katalon.selenium.driver.CFirefoxDriver.execute(CFirefoxDriver.java:27)
	at org.openqa.selenium.remote.RemoteWebElement.execute(RemoteWebElement.java:285)
	at org.openqa.selenium.remote.RemoteWebElement.sendKeys(RemoteWebElement.java:106)
	at org.openqa.selenium.support.events.EventFiringWebDriver$EventFiringWebElement.lambda$new$0(EventFiringWebDriver.java:404)
	at com.sun.proxy.$Proxy10.sendKeys(Unknown Source)
	at org.openqa.selenium.support.events.EventFiringWebDriver$EventFiringWebElement.sendKeys(EventFiringWebDriver.java:429)
	at com.kms.katalon.core.webui.keyword.builtin.UploadFileKeyword$_uploadFile_closure1.doCall(UploadFileKeyword.groovy:80)
	at com.kms.katalon.core.webui.keyword.builtin.UploadFileKeyword$_uploadFile_closure1.call(UploadFileKeyword.groovy)
	at com.kms.katalon.core.webui.keyword.internal.WebUIKeywordMain.runKeyword(WebUIKeywordMain.groovy:20)
	at com.kms.katalon.core.webui.keyword.builtin.UploadFileKeyword.uploadFile(UploadFileKeyword.groovy:87)
	at com.kms.katalon.core.webui.keyword.builtin.UploadFileKeyword.execute(UploadFileKeyword.groovy:68)
	at com.kms.katalon.core.keyword.internal.KeywordExecutor.executeKeywordForPlatform(KeywordExecutor.groovy:72)
	at com.kms.katalon.core.webui.keyword.WebUiBuiltInKeywords.uploadFile(WebUiBuiltInKeywords.groovy:2971)
	at com.kms.katalon.core.webui.keyword.WebUiBuiltInKeywords$uploadFile$14.call(Unknown Source)
	at Script1585302879813.run(Script1585302879813.groovy:65)
	... 13 more
)
[[ATTACHMENT|C:\\Users\\Administrator\\Git\\chiraghAdminPanel\\Reports\\20200415_155143\\ChiraghWeb_FrontEnd_Tests\\20200415_155143\\1586966082600.png]]

2020-04-15 15:54:44 - [TEST_STEP][PASSED] - Video: Video recording for test case 'Test Cases/Front End/TC_PropertySubmissionForm_002' .

2020-04-15 15:54:44 - [MESSAGE][INFO] - Video recording for test case 'Test Cases/Front End/TC_PropertySubmissionForm_002' .
[[ATTACHMENT|C:\\Users\\Administrator\\Git\\chiraghAdminPanel\\Reports\\20200415_155143\\ChiraghWeb_FrontEnd_Tests\\20200415_155143/videos\\test_7.mov]]]]></system-out>
         <system-err><![CDATA[2020-04-15 15:54:11 - [TEST_CASE][FAILED] - Test Cases/Front End/TC_PropertySubmissionForm_002: Test Cases/Front End/TC_PropertySubmissionForm_002 FAILED.
Reason:
com.kms.katalon.core.exception.StepFailedException: Unable to upload file 'C:\Users\HP\git\chiraghAdminPanel\Include\PropertyImages\1584693242612-Scanned_Passport_Copy.png' to object 'Object Repository/Property submission/owner/Scanned Passport Copy'
	at com.kms.katalon.core.webui.keyword.internal.WebUIKeywordMain.stepFailed(WebUIKeywordMain.groovy:64)
	at com.kms.katalon.core.webui.keyword.internal.WebUIKeywordMain.runKeyword(WebUIKeywordMain.groovy:26)
	at com.kms.katalon.core.webui.keyword.builtin.UploadFileKeyword.uploadFile(UploadFileKeyword.groovy:87)
	at com.kms.katalon.core.webui.keyword.builtin.UploadFileKeyword.execute(UploadFileKeyword.groovy:68)
	at com.kms.katalon.core.keyword.internal.KeywordExecutor.executeKeywordForPlatform(KeywordExecutor.groovy:72)
	at com.kms.katalon.core.webui.keyword.WebUiBuiltInKeywords.uploadFile(WebUiBuiltInKeywords.groovy:2971)
	at com.kms.katalon.core.webui.keyword.WebUiBuiltInKeywords$uploadFile$14.call(Unknown Source)
	at TC_PropertySubmissionForm_002.run(TC_PropertySubmissionForm_002:65)
	at com.kms.katalon.core.main.ScriptEngine.run(ScriptEngine.java:194)
	at com.kms.katalon.core.main.ScriptEngine.runScriptAsRawText(ScriptEngine.java:119)
	at com.kms.katalon.core.main.TestCaseExecutor.runScript(TestCaseExecutor.java:337)
	at com.kms.katalon.core.main.TestCaseExecutor.doExecute(TestCaseExecutor.java:328)
	at com.kms.katalon.core.main.TestCaseExecutor.processExecutionPhase(TestCaseExecutor.java:307)
	at com.kms.katalon.core.main.TestCaseExecutor.accessMainPhase(TestCaseExecutor.java:299)
	at com.kms.katalon.core.main.TestCaseExecutor.execute(TestCaseExecutor.java:233)
	at com.kms.katalon.core.main.TestSuiteExecutor.accessTestCaseMainPhase(TestSuiteExecutor.java:169)
	at com.kms.katalon.core.main.TestSuiteExecutor.accessTestSuiteMainPhase(TestSuiteExecutor.java:142)
	at com.kms.katalon.core.main.TestSuiteExecutor.execute(TestSuiteExecutor.java:91)
	at com.kms.katalon.core.main.TestCaseMain.startTestSuite(TestCaseMain.java:157)
	at com.kms.katalon.core.main.TestCaseMain$startTestSuite$0.call(Unknown Source)
	at TempTestSuite1586965903647.run(TempTestSuite1586965903647.groovy:36)
Caused by: org.openqa.selenium.InvalidArgumentException: File not found: C:\Users\HP\git\chiraghAdminPanel\Include\PropertyImages\1584693242612-Scanned_Passport_Copy.png
Build info: version: '3.141.59', revision: 'e82be7d358', time: '2018-11-14T08:25:53'
System info: host: 'EC2AMAZ-QUDPRKJ', ip: '172.31.5.210', os.name: 'Windows Server 2016', os.arch: 'amd64', os.version: '10.0', java.version: '1.8.0_181'
Driver info: com.kms.katalon.core.webui.driver.firefox.CGeckoDriver
Capabilities {acceptInsecureCerts: true, browserName: firefox, browserVersion: 75.0, javascriptEnabled: true, moz:accessibilityChecks: false, moz:buildID: 20200403170909, moz:geckodriverVersion: 0.23.0, moz:headless: false, moz:processID: 912, moz:profile: C:\Users\Administrator\AppD..., moz:shutdownTimeout: 60000, moz:useNonSpecCompliantPointerOrigin: false, moz:webdriverClick: true, pageLoadStrategy: normal, platform: WINDOWS, platformName: WINDOWS, platformVersion: 10.0, proxy: Proxy(direct), rotatable: false, setWindowRect: true, strictFileInteractability: false, timeouts: {implicit: 0, pageLoad: 300000, script: 30000}, unhandledPromptBehavior: dismiss and notify}
Session ID: 54200152-3328-4817-81f2-a62c5ded4fc5
	at org.openqa.selenium.remote.http.W3CHttpResponseCodec.createException(W3CHttpResponseCodec.java:187)
	at org.openqa.selenium.remote.http.W3CHttpResponseCodec.decode(W3CHttpResponseCodec.java:122)
	at org.openqa.selenium.remote.http.W3CHttpResponseCodec.decode(W3CHttpResponseCodec.java:49)
	at org.openqa.selenium.remote.HttpCommandExecutor.execute(HttpCommandExecutor.java:158)
	at org.openqa.selenium.remote.service.DriverCommandExecutor.execute(DriverCommandExecutor.java:83)
	at org.openqa.selenium.remote.RemoteWebDriver.execute(RemoteWebDriver.java:552)
	at com.kms.katalon.selenium.driver.CFirefoxDriver.execute(CFirefoxDriver.java:27)
	at org.openqa.selenium.remote.RemoteWebElement.execute(RemoteWebElement.java:285)
	at org.openqa.selenium.remote.RemoteWebElement.sendKeys(RemoteWebElement.java:106)
	at org.openqa.selenium.support.events.EventFiringWebDriver$EventFiringWebElement.lambda$new$0(EventFiringWebDriver.java:404)
	at com.sun.proxy.$Proxy10.sendKeys(Unknown Source)
	at org.openqa.selenium.support.events.EventFiringWebDriver$EventFiringWebElement.sendKeys(EventFiringWebDriver.java:429)
	at com.kms.katalon.core.webui.keyword.builtin.UploadFileKeyword$_uploadFile_closure1.doCall(UploadFileKeyword.groovy:80)
	at com.kms.katalon.core.webui.keyword.builtin.UploadFileKeyword$_uploadFile_closure1.call(UploadFileKeyword.groovy)
	at com.kms.katalon.core.webui.keyword.internal.WebUIKeywordMain.runKeyword(WebUIKeywordMain.groovy:20)
	... 19 more]]></system-err>
      </testcase>
      <testcase name="Test Cases/Front End/TC_RegisterationForm_012" time="79.609" classname="Test Cases/Front End/TC_RegisterationForm_012" status="FAILED">
         <failure type="FAILED" message="Test Cases/Front End/TC_RegisterationForm_012 FAILED.
Reason:
com.kms.katalon.core.exception.StepFailedException: Verify element text of test object 'Object Repository/Page_Chiragh - Registration Confirmation/h1_Thank You  for Registering on Chiragh' FAILED.
	at com.kms.katalon.core.webui.keyword.internal.WebUIKeywordMain.stepFailed(WebUIKeywordMain.groovy:64)
	at com.kms.katalon.core.webui.keyword.internal.WebUIKeywordMain.runKeyword(WebUIKeywordMain.groovy:26)
	at com.kms.katalon.core.webui.keyword.builtin.VerifyElementTextKeyword.verifyElementText(VerifyElementTextKeyword.groovy:72)
	at com.kms.katalon.core.webui.keyword.builtin.VerifyElementTextKeyword.execute(VerifyElementTextKeyword.groovy:40)
	at com.kms.katalon.core.keyword.internal.KeywordExecutor.executeKeywordForPlatform(KeywordExecutor.groovy:72)
	at com.kms.katalon.core.webui.keyword.WebUiBuiltInKeywords.verifyElementText(WebUiBuiltInKeywords.groovy:3689)
	at com.kms.katalon.core.webui.keyword.WebUiBuiltInKeywords$verifyElementText$3.call(Unknown Source)
	at TC_RegisterationForm_012.run(TC_RegisterationForm_012:159)
	at com.kms.katalon.core.main.ScriptEngine.run(ScriptEngine.java:194)
	at com.kms.katalon.core.main.ScriptEngine.runScriptAsRawText(ScriptEngine.java:119)
	at com.kms.katalon.core.main.TestCaseExecutor.runScript(TestCaseExecutor.java:337)
	at com.kms.katalon.core.main.TestCaseExecutor.doExecute(TestCaseExecutor.java:328)
	at com.kms.katalon.core.main.TestCaseExecutor.processExecutionPhase(TestCaseExecutor.java:307)
	at com.kms.katalon.core.main.TestCaseExecutor.accessMainPhase(TestCaseExecutor.java:299)
	at com.kms.katalon.core.main.TestCaseExecutor.execute(TestCaseExecutor.java:233)
	at com.kms.katalon.core.main.TestSuiteExecutor.accessTestCaseMainPhase(TestSuiteExecutor.java:169)
	at com.kms.katalon.core.main.TestSuiteExecutor.accessTestSuiteMainPhase(TestSuiteExecutor.java:142)
	at com.kms.katalon.core.main.TestSuiteExecutor.execute(TestSuiteExecutor.java:91)
	at com.kms.katalon.core.main.TestCaseMain.startTestSuite(TestCaseMain.java:157)
	at com.kms.katalon.core.main.TestCaseMain$startTestSuite$0.call(Unknown Source)
	at TempTestSuite1586965903647.run(TempTestSuite1586965903647.groovy:36)
Caused by: com.kms.katalon.core.exception.StepFailedException: Actual text 'Thank You
for Registering on Chiragh' and expected text 'Thank You' of test object 'Object Repository/Page_Chiragh - Registration Confirmation/h1_Thank You  for Registering on Chiragh' are NOT matched.
	at com.kms.katalon.core.webui.keyword.internal.WebUIKeywordMain.stepFailed(WebUIKeywordMain.groovy:64)
	at com.kms.katalon.core.webui.keyword.builtin.VerifyElementTextKeyword$_verifyElementText_closure1.doCall(VerifyElementTextKeyword.groovy:57)
	at com.kms.katalon.core.webui.keyword.builtin.VerifyElementTextKeyword$_verifyElementText_closure1.call(VerifyElementTextKeyword.groovy)
	at com.kms.katalon.core.webui.keyword.internal.WebUIKeywordMain.runKeyword(WebUIKeywordMain.groovy:20)
	... 19 more
"/>
         <system-out><![CDATA[2020-04-15 15:54:44 - [TEST_CASE][FAILED] - Test Cases/Front End/TC_RegisterationForm_012: Test Cases/Front End/TC_RegisterationForm_012 FAILED.
Reason:
com.kms.katalon.core.exception.StepFailedException: Verify element text of test object 'Object Repository/Page_Chiragh - Registration Confirmation/h1_Thank You  for Registering on Chiragh' FAILED.
	at com.kms.katalon.core.webui.keyword.internal.WebUIKeywordMain.stepFailed(WebUIKeywordMain.groovy:64)
	at com.kms.katalon.core.webui.keyword.internal.WebUIKeywordMain.runKeyword(WebUIKeywordMain.groovy:26)
	at com.kms.katalon.core.webui.keyword.builtin.VerifyElementTextKeyword.verifyElementText(VerifyElementTextKeyword.groovy:72)
	at com.kms.katalon.core.webui.keyword.builtin.VerifyElementTextKeyword.execute(VerifyElementTextKeyword.groovy:40)
	at com.kms.katalon.core.keyword.internal.KeywordExecutor.executeKeywordForPlatform(KeywordExecutor.groovy:72)
	at com.kms.katalon.core.webui.keyword.WebUiBuiltInKeywords.verifyElementText(WebUiBuiltInKeywords.groovy:3689)
	at com.kms.katalon.core.webui.keyword.WebUiBuiltInKeywords$verifyElementText$3.call(Unknown Source)
	at TC_RegisterationForm_012.run(TC_RegisterationForm_012:159)
	at com.kms.katalon.core.main.ScriptEngine.run(ScriptEngine.java:194)
	at com.kms.katalon.core.main.ScriptEngine.runScriptAsRawText(ScriptEngine.java:119)
	at com.kms.katalon.core.main.TestCaseExecutor.runScript(TestCaseExecutor.java:337)
	at com.kms.katalon.core.main.TestCaseExecutor.doExecute(TestCaseExecutor.java:328)
	at com.kms.katalon.core.main.TestCaseExecutor.processExecutionPhase(TestCaseExecutor.java:307)
	at com.kms.katalon.core.main.TestCaseExecutor.accessMainPhase(TestCaseExecutor.java:299)
	at com.kms.katalon.core.main.TestCaseExecutor.execute(TestCaseExecutor.java:233)
	at com.kms.katalon.core.main.TestSuiteExecutor.accessTestCaseMainPhase(TestSuiteExecutor.java:169)
	at com.kms.katalon.core.main.TestSuiteExecutor.accessTestSuiteMainPhase(TestSuiteExecutor.java:142)
	at com.kms.katalon.core.main.TestSuiteExecutor.execute(TestSuiteExecutor.java:91)
	at com.kms.katalon.core.main.TestCaseMain.startTestSuite(TestCaseMain.java:157)
	at com.kms.katalon.core.main.TestCaseMain$startTestSuite$0.call(Unknown Source)
	at TempTestSuite1586965903647.run(TempTestSuite1586965903647.groovy:36)
Caused by: com.kms.katalon.core.exception.StepFailedException: Actual text 'Thank You
for Registering on Chiragh' and expected text 'Thank You' of test object 'Object Repository/Page_Chiragh - Registration Confirmation/h1_Thank You  for Registering on Chiragh' are NOT matched.
	at com.kms.katalon.core.webui.keyword.internal.WebUIKeywordMain.stepFailed(WebUIKeywordMain.groovy:64)
	at com.kms.katalon.core.webui.keyword.builtin.VerifyElementTextKeyword$_verifyElementText_closure1.doCall(VerifyElementTextKeyword.groovy:57)
	at com.kms.katalon.core.webui.keyword.builtin.VerifyElementTextKeyword$_verifyElementText_closure1.call(VerifyElementTextKeyword.groovy)
	at com.kms.katalon.core.webui.keyword.internal.WebUIKeywordMain.runKeyword(WebUIKeywordMain.groovy:20)
	... 19 more


2020-04-15 15:54:44 - [TEST_STEP][PASSED] - faker = new com.github.javafaker.Faker(): null

2020-04-15 15:54:44 - [TEST_STEP][PASSED] - openBrowser(""): Browser is opened with url: ''

2020-04-15 15:54:44 - [MESSAGE][WARNING] - A browser is already opened. Closing browser and opening a new one

2020-04-15 15:54:46 - [MESSAGE][INFO] - Starting 'Firefox' driver

2020-04-15 15:54:46 - [MESSAGE][INFO] - Action delay is set to 0 milliseconds

2020-04-15 15:54:49 - [MESSAGE][PASSED] - Browser is opened with url: ''

2020-04-15 15:54:49 - [TEST_STEP][PASSED] - navigateToUrl(Url): Navigate to 'http://test.chiragh.com' successfully

2020-04-15 15:54:50 - [MESSAGE][PASSED] - Navigate to 'http://test.chiragh.com' successfully

2020-04-15 15:54:50 - [TEST_STEP][PASSED] - waitForPageLoad(15): Wait for page load successfully

2020-04-15 15:54:50 - [MESSAGE][PASSED] - Wait for page load successfully

2020-04-15 15:54:50 - [TEST_STEP][PASSED] - maximizeWindow(): Current window maximized

2020-04-15 15:54:50 - [MESSAGE][PASSED] - Current window maximized

2020-04-15 15:54:50 - [TEST_STEP][PASSED] - delay(3): Delayed 3 second(s)

2020-04-15 15:54:53 - [MESSAGE][PASSED] - Delayed 3 second(s)

2020-04-15 15:54:53 - [TEST_STEP][PASSED] - click(findTestObject("Object Repository/Front End Objects/LoginWithValidCredentials/Page_Chiragh - Home/a_ENG_dropdownMenuLink")): Object: 'Object Repository/Front End Objects/LoginWithValidCredentials/Page_Chiragh - Home/a_ENG_dropdownMenuLink' is clicked on

2020-04-15 15:54:54 - [MESSAGE][PASSED] - Object: 'Object Repository/Front End Objects/LoginWithValidCredentials/Page_Chiragh - Home/a_ENG_dropdownMenuLink' is clicked on

2020-04-15 15:54:54 - [TEST_STEP][PASSED] - click(findTestObject("Object Repository/Front End Objects/LoginWithValidCredentials/Page_Chiragh - Home/a_Login")): Object: 'Object Repository/Front End Objects/LoginWithValidCredentials/Page_Chiragh - Home/a_Login' is clicked on

2020-04-15 15:54:55 - [MESSAGE][PASSED] - Object: 'Object Repository/Front End Objects/LoginWithValidCredentials/Page_Chiragh - Home/a_Login' is clicked on

2020-04-15 15:54:55 - [TEST_STEP][PASSED] - click(findTestObject("RegisterPage/Page_Chiragh - Login/a_Register")): Object: 'Object Repository/RegisterPage/Page_Chiragh - Login/a_Register' is clicked on

2020-04-15 15:54:56 - [MESSAGE][PASSED] - Object: 'Object Repository/RegisterPage/Page_Chiragh - Login/a_Register' is clicked on

2020-04-15 15:54:56 - [TEST_STEP][PASSED] - delay(2): Delayed 2 second(s)

2020-04-15 15:54:58 - [MESSAGE][PASSED] - Delayed 2 second(s)

2020-04-15 15:54:58 - [TEST_STEP][PASSED] - verifyElementText(findTestObject("Page_Chiragh - Register/h1_Register"), "Register"): Actual text and expected text of test object 'Object Repository/Page_Chiragh - Register/h1_Register' are matched.

2020-04-15 15:54:58 - [MESSAGE][PASSED] - Actual text and expected text of test object 'Object Repository/Page_Chiragh - Register/h1_Register' are matched.

2020-04-15 15:54:58 - [TEST_STEP][PASSED] - delay(2): Delayed 2 second(s)

2020-04-15 15:55:00 - [MESSAGE][PASSED] - Delayed 2 second(s)

2020-04-15 15:55:00 - [TEST_STEP][PASSED] - fName = name().firstName(): null

2020-04-15 15:55:00 - [TEST_STEP][PASSED] - setText(findTestObject("Page_Chiragh - Register/input_First Name_userFirstName"), fName): Text 'Pattie' is set on object 'Object Repository/Page_Chiragh - Register/input_First Name_userFirstName'

2020-04-15 15:55:01 - [MESSAGE][PASSED] - Text 'Pattie' is set on object 'Object Repository/Page_Chiragh - Register/input_First Name_userFirstName'

2020-04-15 15:55:01 - [TEST_STEP][PASSED] - delay(2): Delayed 2 second(s)

2020-04-15 15:55:03 - [MESSAGE][PASSED] - Delayed 2 second(s)

2020-04-15 15:55:03 - [TEST_STEP][PASSED] - lName = name().lastName(): null

2020-04-15 15:55:03 - [TEST_STEP][PASSED] - setText(findTestObject("Page_Chiragh - Register/input_Last Name_userlastName"), lName): Text 'Fadel' is set on object 'Object Repository/Page_Chiragh - Register/input_Last Name_userlastName'

2020-04-15 15:55:04 - [MESSAGE][PASSED] - Text 'Fadel' is set on object 'Object Repository/Page_Chiragh - Register/input_Last Name_userlastName'

2020-04-15 15:55:04 - [TEST_STEP][PASSED] - delay(2): Delayed 2 second(s)

2020-04-15 15:55:06 - [MESSAGE][PASSED] - Delayed 2 second(s)

2020-04-15 15:55:06 - [TEST_STEP][PASSED] - userName = name().firstName(): null

2020-04-15 15:55:06 - [TEST_STEP][PASSED] - setText(findTestObject("Page_Chiragh - Register/input_Username_0bdtue"), userName): Text 'Landen' is set on object 'Object Repository/Page_Chiragh - Register/input_Username_0bdtue'

2020-04-15 15:55:06 - [MESSAGE][PASSED] - Text 'Landen' is set on object 'Object Repository/Page_Chiragh - Register/input_Username_0bdtue'

2020-04-15 15:55:06 - [TEST_STEP][PASSED] - delay(2): Delayed 2 second(s)

2020-04-15 15:55:08 - [MESSAGE][PASSED] - Delayed 2 second(s)

2020-04-15 15:55:08 - [TEST_STEP][PASSED] - number = number.randomNumber(): null

2020-04-15 15:55:08 - [TEST_STEP][PASSED] - setText(findTestObject("Page_Chiragh - Register/input_Email _userEmail"), "testbcm11+" + number + "@gmail.com"): Text 'testbcm11+7@gmail.com' is set on object 'Object Repository/Page_Chiragh - Register/input_Email _userEmail'

2020-04-15 15:55:09 - [MESSAGE][PASSED] - Text 'testbcm11+7@gmail.com' is set on object 'Object Repository/Page_Chiragh - Register/input_Email _userEmail'

2020-04-15 15:55:09 - [TEST_STEP][PASSED] - delay(2): Delayed 2 second(s)

2020-04-15 15:55:11 - [MESSAGE][PASSED] - Delayed 2 second(s)

2020-04-15 15:55:11 - [TEST_STEP][PASSED] - setText(findTestObject("Page_Chiragh - Register/input_Password_userPassword"), "A123456s@"): Text 'A123456s@' is set on object 'Object Repository/Page_Chiragh - Register/input_Password_userPassword'

2020-04-15 15:55:12 - [MESSAGE][PASSED] - Text 'A123456s@' is set on object 'Object Repository/Page_Chiragh - Register/input_Password_userPassword'

2020-04-15 15:55:12 - [TEST_STEP][PASSED] - delay(7): Delayed 7 second(s)

2020-04-15 15:55:19 - [MESSAGE][PASSED] - Delayed 7 second(s)

2020-04-15 15:55:19 - [TEST_STEP][PASSED] - setText(findTestObject("Page_Chiragh - Register/input_Confirm Password_userConfirmPassword"), "A123456s@"): Text 'A123456s@' is set on object 'Object Repository/Page_Chiragh - Register/input_Confirm Password_userConfirmPassword'

2020-04-15 15:55:20 - [MESSAGE][PASSED] - Text 'A123456s@' is set on object 'Object Repository/Page_Chiragh - Register/input_Confirm Password_userConfirmPassword'

2020-04-15 15:55:20 - [TEST_STEP][PASSED] - delay(2): Delayed 2 second(s)

2020-04-15 15:55:22 - [MESSAGE][PASSED] - Delayed 2 second(s)

2020-04-15 15:55:22 - [TEST_STEP][PASSED] - click(findTestObject("Page_Chiragh - Register/button_Next")): Object: 'Object Repository/Page_Chiragh - Register/button_Next' is clicked on

2020-04-15 15:55:22 - [MESSAGE][PASSED] - Object: 'Object Repository/Page_Chiragh - Register/button_Next' is clicked on

2020-04-15 15:55:22 - [TEST_STEP][PASSED] - waitForPageLoad(4): Wait for page load successfully

2020-04-15 15:55:22 - [MESSAGE][PASSED] - Wait for page load successfully

2020-04-15 15:55:22 - [TEST_STEP][PASSED] - click(findTestObject("Page_Chiragh - Register/input_Date of Birth_dob")): Object: 'Object Repository/Page_Chiragh - Register/input_Date of Birth_dob' is clicked on

2020-04-15 15:55:23 - [MESSAGE][PASSED] - Object: 'Object Repository/Page_Chiragh - Register/input_Date of Birth_dob' is clicked on

2020-04-15 15:55:23 - [TEST_STEP][PASSED] - click(findTestObject("Page_Chiragh - Register/span_Mar 2020")): Object: 'Object Repository/Page_Chiragh - Register/span_Mar 2020' is clicked on

2020-04-15 15:55:23 - [MESSAGE][PASSED] - Object: 'Object Repository/Page_Chiragh - Register/span_Mar 2020' is clicked on

2020-04-15 15:55:23 - [TEST_STEP][PASSED] - click(findTestObject("Page_Chiragh - Register/svg")): Object: 'Object Repository/Page_Chiragh - Register/svg' is clicked on

2020-04-15 15:55:24 - [MESSAGE][PASSED] - Object: 'Object Repository/Page_Chiragh - Register/svg' is clicked on

2020-04-15 15:55:24 - [TEST_STEP][PASSED] - click(findTestObject("Page_Chiragh - Register/span_1996")): Object: 'Object Repository/Page_Chiragh - Register/span_1996' is clicked on

2020-04-15 15:55:24 - [MESSAGE][PASSED] - Object: 'Object Repository/Page_Chiragh - Register/span_1996' is clicked on

2020-04-15 15:55:24 - [TEST_STEP][PASSED] - click(findTestObject("Page_Chiragh - Register/span_Feb")): Object: 'Object Repository/Page_Chiragh - Register/span_Feb' is clicked on

2020-04-15 15:55:25 - [MESSAGE][PASSED] - Object: 'Object Repository/Page_Chiragh - Register/span_Feb' is clicked on

2020-04-15 15:55:25 - [TEST_STEP][PASSED] - click(findTestObject("Page_Chiragh - Register/span_8")): Object: 'Object Repository/Page_Chiragh - Register/span_8' is clicked on

2020-04-15 15:55:25 - [MESSAGE][PASSED] - Object: 'Object Repository/Page_Chiragh - Register/span_8' is clicked on

2020-04-15 15:55:25 - [TEST_STEP][PASSED] - delay(2): Delayed 2 second(s)

2020-04-15 15:55:27 - [MESSAGE][PASSED] - Delayed 2 second(s)

2020-04-15 15:55:27 - [TEST_STEP][PASSED] - setText(findTestObject("Page_Chiragh - Register/Nationality"), "Pakis"): Text 'Pakis' is set on object 'Object Repository/Page_Chiragh - Register/Nationality'

2020-04-15 15:55:28 - [MESSAGE][PASSED] - Text 'Pakis' is set on object 'Object Repository/Page_Chiragh - Register/Nationality'

2020-04-15 15:55:28 - [TEST_STEP][PASSED] - click(findTestObject("Page_Chiragh - Register/ng-dropdown-panel_Pakistani")): Object: 'Object Repository/Page_Chiragh - Register/ng-dropdown-panel_Pakistani' is clicked on

2020-04-15 15:55:29 - [MESSAGE][PASSED] - Object: 'Object Repository/Page_Chiragh - Register/ng-dropdown-panel_Pakistani' is clicked on

2020-04-15 15:55:29 - [TEST_STEP][PASSED] - Useraddress = address.fullAddress(): null

2020-04-15 15:55:29 - [TEST_STEP][PASSED] - setText(findTestObject("Page_Chiragh - Register/input_Complete address _address"), Useraddress): Text 'Apt. 767 95571 Welch Roads, East Santiagobury, IN 90711-3610' is set on object 'Object Repository/Page_Chiragh - Register/input_Complete address _address'

2020-04-15 15:55:29 - [MESSAGE][PASSED] - Text 'Apt. 767 95571 Welch Roads, East Santiagobury, IN 90711-3610' is set on object 'Object Repository/Page_Chiragh - Register/input_Complete address _address'

2020-04-15 15:55:29 - [TEST_STEP][PASSED] - delay(2): Delayed 2 second(s)

2020-04-15 15:55:31 - [MESSAGE][PASSED] - Delayed 2 second(s)

2020-04-15 15:55:31 - [TEST_STEP][PASSED] - PObox = address.zipCode(): null

2020-04-15 15:55:31 - [TEST_STEP][PASSED] - setText(findTestObject("Page_Chiragh - Register/input_POBox_poBox"), PObox): Text '94449-3574' is set on object 'Object Repository/Page_Chiragh - Register/input_POBox_poBox'

2020-04-15 15:55:32 - [MESSAGE][PASSED] - Text '94449-3574' is set on object 'Object Repository/Page_Chiragh - Register/input_POBox_poBox'

2020-04-15 15:55:32 - [TEST_STEP][PASSED] - setText(findTestObject("Page_Chiragh - Register/Country"), "Pakis"): Text 'Pakis' is set on object 'Object Repository/Page_Chiragh - Register/Country'

2020-04-15 15:55:33 - [MESSAGE][PASSED] - Text 'Pakis' is set on object 'Object Repository/Page_Chiragh - Register/Country'

2020-04-15 15:55:33 - [TEST_STEP][PASSED] - click(findTestObject("Page_Chiragh - Register/span_Pakistan")): Object: 'Object Repository/Page_Chiragh - Register/span_Pakistan' is clicked on

2020-04-15 15:55:33 - [MESSAGE][PASSED] - Object: 'Object Repository/Page_Chiragh - Register/span_Pakistan' is clicked on

2020-04-15 15:55:33 - [TEST_STEP][PASSED] - delay(5): Delayed 5 second(s)

2020-04-15 15:55:38 - [MESSAGE][PASSED] - Delayed 5 second(s)

2020-04-15 15:55:38 - [TEST_STEP][PASSED] - setText(findTestObject("Page_Chiragh - Register/City"), "Lahor"): Text 'Lahor' is set on object 'Object Repository/Page_Chiragh - Register/City'

2020-04-15 15:55:39 - [MESSAGE][PASSED] - Text 'Lahor' is set on object 'Object Repository/Page_Chiragh - Register/City'

2020-04-15 15:55:39 - [TEST_STEP][PASSED] - click(findTestObject("Page_Chiragh - Register/span_Lahore")): Object: 'Object Repository/Page_Chiragh - Register/span_Lahore' is clicked on

2020-04-15 15:55:39 - [MESSAGE][PASSED] - Object: 'Object Repository/Page_Chiragh - Register/span_Lahore' is clicked on

2020-04-15 15:55:39 - [TEST_STEP][PASSED] - delay(2): Delayed 2 second(s)

2020-04-15 15:55:41 - [MESSAGE][PASSED] - Delayed 2 second(s)

2020-04-15 15:55:41 - [TEST_STEP][PASSED] - setText(findTestObject("Page_Chiragh - Register/input_Identification Type_ng-star-inserted"), "National"): Text 'National' is set on object 'Object Repository/Page_Chiragh - Register/input_Identification Type_ng-star-inserted'

2020-04-15 15:55:42 - [MESSAGE][PASSED] - Text 'National' is set on object 'Object Repository/Page_Chiragh - Register/input_Identification Type_ng-star-inserted'

2020-04-15 15:55:42 - [TEST_STEP][PASSED] - delay(1): Delayed 1 second(s)

2020-04-15 15:55:43 - [MESSAGE][PASSED] - Delayed 1 second(s)

2020-04-15 15:55:43 - [TEST_STEP][PASSED] - click(findTestObject("Page_Chiragh - Register/span_National ID")): Object: 'Object Repository/Page_Chiragh - Register/span_National ID' is clicked on

2020-04-15 15:55:43 - [MESSAGE][PASSED] - Object: 'Object Repository/Page_Chiragh - Register/span_National ID' is clicked on

2020-04-15 15:55:43 - [TEST_STEP][PASSED] - IdCardNumber = number().digits(10): null

2020-04-15 15:55:43 - [TEST_STEP][PASSED] - setText(findTestObject("Page_Chiragh - Register/input_ID Number_idCardNo"), IdCardNumber): Text '2389624053' is set on object 'Object Repository/Page_Chiragh - Register/input_ID Number_idCardNo'

2020-04-15 15:55:44 - [MESSAGE][PASSED] - Text '2389624053' is set on object 'Object Repository/Page_Chiragh - Register/input_ID Number_idCardNo'

2020-04-15 15:55:44 - [TEST_STEP][PASSED] - click(findTestObject("Page_Chiragh - Register/input_ID Expiry Date_idExpiryDate")): Object: 'Object Repository/Page_Chiragh - Register/input_ID Expiry Date_idExpiryDate' is clicked on

2020-04-15 15:55:45 - [MESSAGE][PASSED] - Object: 'Object Repository/Page_Chiragh - Register/input_ID Expiry Date_idExpiryDate' is clicked on

2020-04-15 15:55:45 - [TEST_STEP][PASSED] - click(findTestObject("Page_Chiragh - Register/span_Apr 2020")): Object: 'Object Repository/Page_Chiragh - Register/span_Apr 2020' is clicked on

2020-04-15 15:55:45 - [MESSAGE][PASSED] - Object: 'Object Repository/Page_Chiragh - Register/span_Apr 2020' is clicked on

2020-04-15 15:55:45 - [TEST_STEP][PASSED] - click(findTestObject("Page_Chiragh - Register/span_2021")): Object: 'Object Repository/Page_Chiragh - Register/span_2021' is clicked on

2020-04-15 15:55:46 - [MESSAGE][PASSED] - Object: 'Object Repository/Page_Chiragh - Register/span_2021' is clicked on

2020-04-15 15:55:46 - [TEST_STEP][PASSED] - click(findTestObject("Page_Chiragh - Register/span_Jan")): Object: 'Object Repository/Page_Chiragh - Register/span_Jan' is clicked on

2020-04-15 15:55:46 - [MESSAGE][PASSED] - Object: 'Object Repository/Page_Chiragh - Register/span_Jan' is clicked on

2020-04-15 15:55:46 - [TEST_STEP][PASSED] - click(findTestObject("Page_Chiragh - Register/Jan1")): Object: 'Object Repository/Page_Chiragh - Register/Jan1' is clicked on

2020-04-15 15:55:47 - [MESSAGE][PASSED] - Object: 'Object Repository/Page_Chiragh - Register/Jan1' is clicked on

2020-04-15 15:55:47 - [TEST_STEP][PASSED] - delay(2): Delayed 2 second(s)

2020-04-15 15:55:49 - [MESSAGE][PASSED] - Delayed 2 second(s)

2020-04-15 15:55:49 - [TEST_STEP][PASSED] - setText(findTestObject("Page_Chiragh - Register/input_Country Code_ng-star-inserted"), "Pakis"): Text 'Pakis' is set on object 'Object Repository/Page_Chiragh - Register/input_Country Code_ng-star-inserted'

2020-04-15 15:55:49 - [MESSAGE][PASSED] - Text 'Pakis' is set on object 'Object Repository/Page_Chiragh - Register/input_Country Code_ng-star-inserted'

2020-04-15 15:55:49 - [TEST_STEP][PASSED] - click(findTestObject("Page_Chiragh - Register/span_(92) Pakistan")): Object: 'Object Repository/Page_Chiragh - Register/span_(92) Pakistan' is clicked on

2020-04-15 15:55:50 - [MESSAGE][PASSED] - Object: 'Object Repository/Page_Chiragh - Register/span_(92) Pakistan' is clicked on

2020-04-15 15:55:50 - [TEST_STEP][PASSED] - setText(findTestObject("Page_Chiragh - Register/input_Mobile Number _mobileNo"), "03451200042"): Text '03451200042' is set on object 'Object Repository/Page_Chiragh - Register/input_Mobile Number _mobileNo'

2020-04-15 15:55:51 - [MESSAGE][PASSED] - Text '03451200042' is set on object 'Object Repository/Page_Chiragh - Register/input_Mobile Number _mobileNo'

2020-04-15 15:55:51 - [TEST_STEP][PASSED] - click(findTestObject("Page_Chiragh - Register/input_Phone Number_terms")): Object: 'Object Repository/Page_Chiragh - Register/input_Phone Number_terms' is clicked on

2020-04-15 15:55:51 - [MESSAGE][PASSED] - Object: 'Object Repository/Page_Chiragh - Register/input_Phone Number_terms' is clicked on

2020-04-15 15:55:51 - [TEST_STEP][PASSED] - delay(2): Delayed 2 second(s)

2020-04-15 15:55:53 - [MESSAGE][PASSED] - Delayed 2 second(s)

2020-04-15 15:55:53 - [TEST_STEP][PASSED] - click(findTestObject("Page_Chiragh - Register/button_Register")): Object: 'Object Repository/Page_Chiragh - Register/button_Register' is clicked on

2020-04-15 15:55:54 - [MESSAGE][PASSED] - Object: 'Object Repository/Page_Chiragh - Register/button_Register' is clicked on

2020-04-15 15:55:54 - [TEST_STEP][PASSED] - delay(2): Delayed 2 second(s)

2020-04-15 15:55:56 - [MESSAGE][PASSED] - Delayed 2 second(s)

2020-04-15 15:55:56 - [TEST_STEP][PASSED] - click(findTestObject("Page_Chiragh - Register/button_Proceed")): Object: 'Object Repository/Page_Chiragh - Register/button_Proceed' is clicked on

2020-04-15 15:55:56 - [MESSAGE][PASSED] - Object: 'Object Repository/Page_Chiragh - Register/button_Proceed' is clicked on

2020-04-15 15:55:56 - [TEST_STEP][PASSED] - delay(5): Delayed 5 second(s)

2020-04-15 15:56:01 - [MESSAGE][PASSED] - Delayed 5 second(s)

2020-04-15 15:56:01 - [TEST_STEP][FAILED] - verifyElementText(findTestObject("Page_Chiragh - Registration Confirmation/h1_Thank You  for Registering on Chiragh"), "Thank You"): Verify element text of test object 'Object Repository/Page_Chiragh - Registration Confirmation/h1_Thank You  for Registering on Chiragh' FAILED. (Root cause: com.kms.katalon.core.exception.StepFailedException: Verify element text of test object 'Object Repository/Page_Chiragh - Registration Confirmation/h1_Thank You  for Registering on Chiragh' FAILED.
	at com.kms.katalon.core.webui.keyword.internal.WebUIKeywordMain.stepFailed(WebUIKeywordMain.groovy:64)
	at com.kms.katalon.core.webui.keyword.internal.WebUIKeywordMain.runKeyword(WebUIKeywordMain.groovy:26)
	at com.kms.katalon.core.webui.keyword.builtin.VerifyElementTextKeyword.verifyElementText(VerifyElementTextKeyword.groovy:72)
	at com.kms.katalon.core.webui.keyword.builtin.VerifyElementTextKeyword.execute(VerifyElementTextKeyword.groovy:40)
	at com.kms.katalon.core.keyword.internal.KeywordExecutor.executeKeywordForPlatform(KeywordExecutor.groovy:72)
	at com.kms.katalon.core.webui.keyword.WebUiBuiltInKeywords.verifyElementText(WebUiBuiltInKeywords.groovy:3689)
	at com.kms.katalon.core.webui.keyword.WebUiBuiltInKeywords$verifyElementText$3.call(Unknown Source)
	at TC_RegisterationForm_012.run(TC_RegisterationForm_012:159)
	at com.kms.katalon.core.main.ScriptEngine.run(ScriptEngine.java:194)
	at com.kms.katalon.core.main.ScriptEngine.runScriptAsRawText(ScriptEngine.java:119)
	at com.kms.katalon.core.main.TestCaseExecutor.runScript(TestCaseExecutor.java:337)
	at com.kms.katalon.core.main.TestCaseExecutor.doExecute(TestCaseExecutor.java:328)
	at com.kms.katalon.core.main.TestCaseExecutor.processExecutionPhase(TestCaseExecutor.java:307)
	at com.kms.katalon.core.main.TestCaseExecutor.accessMainPhase(TestCaseExecutor.java:299)
	at com.kms.katalon.core.main.TestCaseExecutor.execute(TestCaseExecutor.java:233)
	at com.kms.katalon.core.main.TestSuiteExecutor.accessTestCaseMainPhase(TestSuiteExecutor.java:169)
	at com.kms.katalon.core.main.TestSuiteExecutor.accessTestSuiteMainPhase(TestSuiteExecutor.java:142)
	at com.kms.katalon.core.main.TestSuiteExecutor.execute(TestSuiteExecutor.java:91)
	at com.kms.katalon.core.main.TestCaseMain.startTestSuite(TestCaseMain.java:157)
	at com.kms.katalon.core.main.TestCaseMain$startTestSuite$0.call(Unknown Source)
	at TempTestSuite1586965903647.run(TempTestSuite1586965903647.groovy:36)
Caused by: com.kms.katalon.core.exception.StepFailedException: Actual text 'Thank You
for Registering on Chiragh' and expected text 'Thank You' of test object 'Object Repository/Page_Chiragh - Registration Confirmation/h1_Thank You  for Registering on Chiragh' are NOT matched.
	at com.kms.katalon.core.webui.keyword.internal.WebUIKeywordMain.stepFailed(WebUIKeywordMain.groovy:64)
	at com.kms.katalon.core.webui.keyword.builtin.VerifyElementTextKeyword$_verifyElementText_closure1.doCall(VerifyElementTextKeyword.groovy:57)
	at com.kms.katalon.core.webui.keyword.builtin.VerifyElementTextKeyword$_verifyElementText_closure1.call(VerifyElementTextKeyword.groovy)
	at com.kms.katalon.core.webui.keyword.internal.WebUIKeywordMain.runKeyword(WebUIKeywordMain.groovy:20)
	... 19 more
)

2020-04-15 15:56:02 - [MESSAGE][FAILED] - Actual text 'Thank You
for Registering on Chiragh' and expected text 'Thank You' of test object 'Object Repository/Page_Chiragh - Registration Confirmation/h1_Thank You  for Registering on Chiragh' are NOT matched. (Root cause: com.kms.katalon.core.exception.StepFailedException: Actual text 'Thank You
for Registering on Chiragh' and expected text 'Thank You' of test object 'Object Repository/Page_Chiragh - Registration Confirmation/h1_Thank You  for Registering on Chiragh' are NOT matched.
	at com.kms.katalon.core.webui.keyword.internal.WebUIKeywordMain.stepFailed(WebUIKeywordMain.groovy:64)
	at com.kms.katalon.core.webui.keyword.builtin.VerifyElementTextKeyword$_verifyElementText_closure1.doCall(VerifyElementTextKeyword.groovy:57)
	at com.kms.katalon.core.webui.keyword.builtin.VerifyElementTextKeyword$_verifyElementText_closure1.call(VerifyElementTextKeyword.groovy)
	at com.kms.katalon.core.webui.keyword.internal.WebUIKeywordMain.runKeyword(WebUIKeywordMain.groovy:20)
	at com.kms.katalon.core.webui.keyword.builtin.VerifyElementTextKeyword.verifyElementText(VerifyElementTextKeyword.groovy:72)
	at com.kms.katalon.core.webui.keyword.builtin.VerifyElementTextKeyword.execute(VerifyElementTextKeyword.groovy:40)
	at com.kms.katalon.core.keyword.internal.KeywordExecutor.executeKeywordForPlatform(KeywordExecutor.groovy:72)
	at com.kms.katalon.core.webui.keyword.WebUiBuiltInKeywords.verifyElementText(WebUiBuiltInKeywords.groovy:3689)
	at com.kms.katalon.core.webui.keyword.WebUiBuiltInKeywords$verifyElementText$3.call(Unknown Source)
	at TC_RegisterationForm_012.run(TC_RegisterationForm_012:159)
	at com.kms.katalon.core.main.ScriptEngine.run(ScriptEngine.java:194)
	at com.kms.katalon.core.main.ScriptEngine.runScriptAsRawText(ScriptEngine.java:119)
	at com.kms.katalon.core.main.TestCaseExecutor.runScript(TestCaseExecutor.java:337)
	at com.kms.katalon.core.main.TestCaseExecutor.doExecute(TestCaseExecutor.java:328)
	at com.kms.katalon.core.main.TestCaseExecutor.processExecutionPhase(TestCaseExecutor.java:307)
	at com.kms.katalon.core.main.TestCaseExecutor.accessMainPhase(TestCaseExecutor.java:299)
	at com.kms.katalon.core.main.TestCaseExecutor.execute(TestCaseExecutor.java:233)
	at com.kms.katalon.core.main.TestSuiteExecutor.accessTestCaseMainPhase(TestSuiteExecutor.java:169)
	at com.kms.katalon.core.main.TestSuiteExecutor.accessTestSuiteMainPhase(TestSuiteExecutor.java:142)
	at com.kms.katalon.core.main.TestSuiteExecutor.execute(TestSuiteExecutor.java:91)
	at com.kms.katalon.core.main.TestCaseMain.startTestSuite(TestCaseMain.java:157)
	at com.kms.katalon.core.main.TestCaseMain$startTestSuite$0.call(Unknown Source)
	at TempTestSuite1586965903647.run(TempTestSuite1586965903647.groovy:36)
)
[[ATTACHMENT|C:\\Users\\Administrator\\Git\\chiraghAdminPanel\\Reports\\20200415_155143\\ChiraghWeb_FrontEnd_Tests\\20200415_155143\\1586966162157.png]]

2020-04-15 15:56:02 - [MESSAGE][FAILED] - Verify element text of test object 'Object Repository/Page_Chiragh - Registration Confirmation/h1_Thank You  for Registering on Chiragh' FAILED. (Root cause: com.kms.katalon.core.exception.StepFailedException: Verify element text of test object 'Object Repository/Page_Chiragh - Registration Confirmation/h1_Thank You  for Registering on Chiragh' FAILED.
	at com.kms.katalon.core.webui.keyword.internal.WebUIKeywordMain.stepFailed(WebUIKeywordMain.groovy:64)
	at com.kms.katalon.core.webui.keyword.internal.WebUIKeywordMain.runKeyword(WebUIKeywordMain.groovy:26)
	at com.kms.katalon.core.webui.keyword.builtin.VerifyElementTextKeyword.verifyElementText(VerifyElementTextKeyword.groovy:72)
	at com.kms.katalon.core.webui.keyword.builtin.VerifyElementTextKeyword.execute(VerifyElementTextKeyword.groovy:40)
	at com.kms.katalon.core.keyword.internal.KeywordExecutor.executeKeywordForPlatform(KeywordExecutor.groovy:72)
	at com.kms.katalon.core.webui.keyword.WebUiBuiltInKeywords.verifyElementText(WebUiBuiltInKeywords.groovy:3689)
	at com.kms.katalon.core.webui.keyword.WebUiBuiltInKeywords$verifyElementText$3.call(Unknown Source)
	at TC_RegisterationForm_012.run(TC_RegisterationForm_012:159)
	at com.kms.katalon.core.main.ScriptEngine.run(ScriptEngine.java:194)
	at com.kms.katalon.core.main.ScriptEngine.runScriptAsRawText(ScriptEngine.java:119)
	at com.kms.katalon.core.main.TestCaseExecutor.runScript(TestCaseExecutor.java:337)
	at com.kms.katalon.core.main.TestCaseExecutor.doExecute(TestCaseExecutor.java:328)
	at com.kms.katalon.core.main.TestCaseExecutor.processExecutionPhase(TestCaseExecutor.java:307)
	at com.kms.katalon.core.main.TestCaseExecutor.accessMainPhase(TestCaseExecutor.java:299)
	at com.kms.katalon.core.main.TestCaseExecutor.execute(TestCaseExecutor.java:233)
	at com.kms.katalon.core.main.TestSuiteExecutor.accessTestCaseMainPhase(TestSuiteExecutor.java:169)
	at com.kms.katalon.core.main.TestSuiteExecutor.accessTestSuiteMainPhase(TestSuiteExecutor.java:142)
	at com.kms.katalon.core.main.TestSuiteExecutor.execute(TestSuiteExecutor.java:91)
	at com.kms.katalon.core.main.TestCaseMain.startTestSuite(TestCaseMain.java:157)
	at com.kms.katalon.core.main.TestCaseMain$startTestSuite$0.call(Unknown Source)
	at TempTestSuite1586965903647.run(TempTestSuite1586965903647.groovy:36)
Caused by: com.kms.katalon.core.exception.StepFailedException: Actual text 'Thank You
for Registering on Chiragh' and expected text 'Thank You' of test object 'Object Repository/Page_Chiragh - Registration Confirmation/h1_Thank You  for Registering on Chiragh' are NOT matched.
	at com.kms.katalon.core.webui.keyword.internal.WebUIKeywordMain.stepFailed(WebUIKeywordMain.groovy:64)
	at com.kms.katalon.core.webui.keyword.builtin.VerifyElementTextKeyword$_verifyElementText_closure1.doCall(VerifyElementTextKeyword.groovy:57)
	at com.kms.katalon.core.webui.keyword.builtin.VerifyElementTextKeyword$_verifyElementText_closure1.call(VerifyElementTextKeyword.groovy)
	at com.kms.katalon.core.webui.keyword.internal.WebUIKeywordMain.runKeyword(WebUIKeywordMain.groovy:20)
	... 19 more
)
[[ATTACHMENT|C:\\Users\\Administrator\\Git\\chiraghAdminPanel\\Reports\\20200415_155143\\ChiraghWeb_FrontEnd_Tests\\20200415_155143\\1586966162215.png]]

2020-04-15 15:56:04 - [TEST_STEP][PASSED] - Video: Video recording for test case 'Test Cases/Front End/TC_RegisterationForm_012' .

2020-04-15 15:56:04 - [MESSAGE][INFO] - Video recording for test case 'Test Cases/Front End/TC_RegisterationForm_012' .
[[ATTACHMENT|C:\\Users\\Administrator\\Git\\chiraghAdminPanel\\Reports\\20200415_155143\\ChiraghWeb_FrontEnd_Tests\\20200415_155143/videos\\test_8.mov]]]]></system-out>
         <system-err><![CDATA[2020-04-15 15:54:44 - [TEST_CASE][FAILED] - Test Cases/Front End/TC_RegisterationForm_012: Test Cases/Front End/TC_RegisterationForm_012 FAILED.
Reason:
com.kms.katalon.core.exception.StepFailedException: Verify element text of test object 'Object Repository/Page_Chiragh - Registration Confirmation/h1_Thank You  for Registering on Chiragh' FAILED.
	at com.kms.katalon.core.webui.keyword.internal.WebUIKeywordMain.stepFailed(WebUIKeywordMain.groovy:64)
	at com.kms.katalon.core.webui.keyword.internal.WebUIKeywordMain.runKeyword(WebUIKeywordMain.groovy:26)
	at com.kms.katalon.core.webui.keyword.builtin.VerifyElementTextKeyword.verifyElementText(VerifyElementTextKeyword.groovy:72)
	at com.kms.katalon.core.webui.keyword.builtin.VerifyElementTextKeyword.execute(VerifyElementTextKeyword.groovy:40)
	at com.kms.katalon.core.keyword.internal.KeywordExecutor.executeKeywordForPlatform(KeywordExecutor.groovy:72)
	at com.kms.katalon.core.webui.keyword.WebUiBuiltInKeywords.verifyElementText(WebUiBuiltInKeywords.groovy:3689)
	at com.kms.katalon.core.webui.keyword.WebUiBuiltInKeywords$verifyElementText$3.call(Unknown Source)
	at TC_RegisterationForm_012.run(TC_RegisterationForm_012:159)
	at com.kms.katalon.core.main.ScriptEngine.run(ScriptEngine.java:194)
	at com.kms.katalon.core.main.ScriptEngine.runScriptAsRawText(ScriptEngine.java:119)
	at com.kms.katalon.core.main.TestCaseExecutor.runScript(TestCaseExecutor.java:337)
	at com.kms.katalon.core.main.TestCaseExecutor.doExecute(TestCaseExecutor.java:328)
	at com.kms.katalon.core.main.TestCaseExecutor.processExecutionPhase(TestCaseExecutor.java:307)
	at com.kms.katalon.core.main.TestCaseExecutor.accessMainPhase(TestCaseExecutor.java:299)
	at com.kms.katalon.core.main.TestCaseExecutor.execute(TestCaseExecutor.java:233)
	at com.kms.katalon.core.main.TestSuiteExecutor.accessTestCaseMainPhase(TestSuiteExecutor.java:169)
	at com.kms.katalon.core.main.TestSuiteExecutor.accessTestSuiteMainPhase(TestSuiteExecutor.java:142)
	at com.kms.katalon.core.main.TestSuiteExecutor.execute(TestSuiteExecutor.java:91)
	at com.kms.katalon.core.main.TestCaseMain.startTestSuite(TestCaseMain.java:157)
	at com.kms.katalon.core.main.TestCaseMain$startTestSuite$0.call(Unknown Source)
	at TempTestSuite1586965903647.run(TempTestSuite1586965903647.groovy:36)
Caused by: com.kms.katalon.core.exception.StepFailedException: Actual text 'Thank You
for Registering on Chiragh' and expected text 'Thank You' of test object 'Object Repository/Page_Chiragh - Registration Confirmation/h1_Thank You  for Registering on Chiragh' are NOT matched.
	at com.kms.katalon.core.webui.keyword.internal.WebUIKeywordMain.stepFailed(WebUIKeywordMain.groovy:64)
	at com.kms.katalon.core.webui.keyword.builtin.VerifyElementTextKeyword$_verifyElementText_closure1.doCall(VerifyElementTextKeyword.groovy:57)
	at com.kms.katalon.core.webui.keyword.builtin.VerifyElementTextKeyword$_verifyElementText_closure1.call(VerifyElementTextKeyword.groovy)
	at com.kms.katalon.core.webui.keyword.internal.WebUIKeywordMain.runKeyword(WebUIKeywordMain.groovy:20)
	... 19 more]]></system-err>
      </testcase>
      <testcase name="Test Cases/Front End/TC_RegisterUserRemove(WatchList)" time="64.373" classname="Test Cases/Front End/TC_RegisterUserRemove(WatchList)" status="FAILED">
         <failure type="FAILED" message="Test Cases/Front End/TC_RegisterUserRemove(WatchList) FAILED.
Reason:
com.kms.katalon.core.exception.StepFailedException: Unable to click on object 'Object Repository/Front End Objects/RegisterUserRemove(WatchList)/Page_Chiragh - Watch List/svg_PROPERTY ID 38916_svg-inline--fa fa-times fa-w-12'
	at com.kms.katalon.core.webui.keyword.internal.WebUIKeywordMain.stepFailed(WebUIKeywordMain.groovy:64)
	at com.kms.katalon.core.webui.keyword.internal.WebUIKeywordMain.runKeyword(WebUIKeywordMain.groovy:26)
	at com.kms.katalon.core.webui.keyword.builtin.ClickKeyword.click(ClickKeyword.groovy:76)
	at com.kms.katalon.core.webui.keyword.builtin.ClickKeyword.execute(ClickKeyword.groovy:43)
	at com.kms.katalon.core.keyword.internal.KeywordExecutor.executeKeywordForPlatform(KeywordExecutor.groovy:72)
	at com.kms.katalon.core.webui.keyword.WebUiBuiltInKeywords.click(WebUiBuiltInKeywords.groovy:616)
	at com.kms.katalon.core.webui.keyword.WebUiBuiltInKeywords$click$6.call(Unknown Source)
	at TC_RegisterUserRemove(WatchList).run(TC_RegisterUserRemove(WatchList):49)
	at com.kms.katalon.core.main.ScriptEngine.run(ScriptEngine.java:194)
	at com.kms.katalon.core.main.ScriptEngine.runScriptAsRawText(ScriptEngine.java:119)
	at com.kms.katalon.core.main.TestCaseExecutor.runScript(TestCaseExecutor.java:337)
	at com.kms.katalon.core.main.TestCaseExecutor.doExecute(TestCaseExecutor.java:328)
	at com.kms.katalon.core.main.TestCaseExecutor.processExecutionPhase(TestCaseExecutor.java:307)
	at com.kms.katalon.core.main.TestCaseExecutor.accessMainPhase(TestCaseExecutor.java:299)
	at com.kms.katalon.core.main.TestCaseExecutor.execute(TestCaseExecutor.java:233)
	at com.kms.katalon.core.main.TestSuiteExecutor.accessTestCaseMainPhase(TestSuiteExecutor.java:169)
	at com.kms.katalon.core.main.TestSuiteExecutor.accessTestSuiteMainPhase(TestSuiteExecutor.java:142)
	at com.kms.katalon.core.main.TestSuiteExecutor.execute(TestSuiteExecutor.java:91)
	at com.kms.katalon.core.main.TestCaseMain.startTestSuite(TestCaseMain.java:157)
	at com.kms.katalon.core.main.TestCaseMain$startTestSuite$0.call(Unknown Source)
	at TempTestSuite1586965903647.run(TempTestSuite1586965903647.groovy:36)
Caused by: com.kms.katalon.core.webui.exception.WebElementNotFoundException: Web element with id: 'Object Repository/Front End Objects/RegisterUserRemove(WatchList)/Page_Chiragh - Watch List/svg_PROPERTY ID 38916_svg-inline--fa fa-times fa-w-12' located by 'By.xpath: (.//*[normalize-space(text()) and normalize-space(.)='PROPERTY ID 38916'])[1]/following::*[name()='svg'][1]' not found
	at com.kms.katalon.core.webui.common.WebUiCommonHelper.findWebElement(WebUiCommonHelper.java:1154)
	at com.kms.katalon.core.webui.keyword.internal.WebUIAbstractKeyword.findWebElement(WebUIAbstractKeyword.groovy:27)
	at com.kms.katalon.core.webui.keyword.internal.WebUIAbstractKeyword.findWebElement(WebUIAbstractKeyword.groovy:26)
	at com.kms.katalon.core.webui.keyword.builtin.ClickKeyword$_click_closure1.doCall(ClickKeyword.groovy:67)
	at com.kms.katalon.core.webui.keyword.builtin.ClickKeyword$_click_closure1.call(ClickKeyword.groovy)
	at com.kms.katalon.core.webui.keyword.internal.WebUIKeywordMain.runKeyword(WebUIKeywordMain.groovy:20)
	... 19 more
"/>
         <system-out><![CDATA[2020-04-15 15:56:04 - [TEST_CASE][FAILED] - Test Cases/Front End/TC_RegisterUserRemove(WatchList): Test Cases/Front End/TC_RegisterUserRemove(WatchList) FAILED.
Reason:
com.kms.katalon.core.exception.StepFailedException: Unable to click on object 'Object Repository/Front End Objects/RegisterUserRemove(WatchList)/Page_Chiragh - Watch List/svg_PROPERTY ID 38916_svg-inline--fa fa-times fa-w-12'
	at com.kms.katalon.core.webui.keyword.internal.WebUIKeywordMain.stepFailed(WebUIKeywordMain.groovy:64)
	at com.kms.katalon.core.webui.keyword.internal.WebUIKeywordMain.runKeyword(WebUIKeywordMain.groovy:26)
	at com.kms.katalon.core.webui.keyword.builtin.ClickKeyword.click(ClickKeyword.groovy:76)
	at com.kms.katalon.core.webui.keyword.builtin.ClickKeyword.execute(ClickKeyword.groovy:43)
	at com.kms.katalon.core.keyword.internal.KeywordExecutor.executeKeywordForPlatform(KeywordExecutor.groovy:72)
	at com.kms.katalon.core.webui.keyword.WebUiBuiltInKeywords.click(WebUiBuiltInKeywords.groovy:616)
	at com.kms.katalon.core.webui.keyword.WebUiBuiltInKeywords$click$6.call(Unknown Source)
	at TC_RegisterUserRemove(WatchList).run(TC_RegisterUserRemove(WatchList):49)
	at com.kms.katalon.core.main.ScriptEngine.run(ScriptEngine.java:194)
	at com.kms.katalon.core.main.ScriptEngine.runScriptAsRawText(ScriptEngine.java:119)
	at com.kms.katalon.core.main.TestCaseExecutor.runScript(TestCaseExecutor.java:337)
	at com.kms.katalon.core.main.TestCaseExecutor.doExecute(TestCaseExecutor.java:328)
	at com.kms.katalon.core.main.TestCaseExecutor.processExecutionPhase(TestCaseExecutor.java:307)
	at com.kms.katalon.core.main.TestCaseExecutor.accessMainPhase(TestCaseExecutor.java:299)
	at com.kms.katalon.core.main.TestCaseExecutor.execute(TestCaseExecutor.java:233)
	at com.kms.katalon.core.main.TestSuiteExecutor.accessTestCaseMainPhase(TestSuiteExecutor.java:169)
	at com.kms.katalon.core.main.TestSuiteExecutor.accessTestSuiteMainPhase(TestSuiteExecutor.java:142)
	at com.kms.katalon.core.main.TestSuiteExecutor.execute(TestSuiteExecutor.java:91)
	at com.kms.katalon.core.main.TestCaseMain.startTestSuite(TestCaseMain.java:157)
	at com.kms.katalon.core.main.TestCaseMain$startTestSuite$0.call(Unknown Source)
	at TempTestSuite1586965903647.run(TempTestSuite1586965903647.groovy:36)
Caused by: com.kms.katalon.core.webui.exception.WebElementNotFoundException: Web element with id: 'Object Repository/Front End Objects/RegisterUserRemove(WatchList)/Page_Chiragh - Watch List/svg_PROPERTY ID 38916_svg-inline--fa fa-times fa-w-12' located by 'By.xpath: (.//*[normalize-space(text()) and normalize-space(.)='PROPERTY ID 38916'])[1]/following::*[name()='svg'][1]' not found
	at com.kms.katalon.core.webui.common.WebUiCommonHelper.findWebElement(WebUiCommonHelper.java:1154)
	at com.kms.katalon.core.webui.keyword.internal.WebUIAbstractKeyword.findWebElement(WebUIAbstractKeyword.groovy:27)
	at com.kms.katalon.core.webui.keyword.internal.WebUIAbstractKeyword.findWebElement(WebUIAbstractKeyword.groovy:26)
	at com.kms.katalon.core.webui.keyword.builtin.ClickKeyword$_click_closure1.doCall(ClickKeyword.groovy:67)
	at com.kms.katalon.core.webui.keyword.builtin.ClickKeyword$_click_closure1.call(ClickKeyword.groovy)
	at com.kms.katalon.core.webui.keyword.internal.WebUIKeywordMain.runKeyword(WebUIKeywordMain.groovy:20)
	... 19 more


2020-04-15 15:56:04 - [TEST_STEP][PASSED] - openBrowser(""): Browser is opened with url: ''

2020-04-15 15:56:04 - [MESSAGE][WARNING] - A browser is already opened. Closing browser and opening a new one

2020-04-15 15:56:05 - [MESSAGE][INFO] - Starting 'Firefox' driver

2020-04-15 15:56:05 - [MESSAGE][INFO] - Action delay is set to 0 milliseconds

2020-04-15 15:56:08 - [MESSAGE][PASSED] - Browser is opened with url: ''

2020-04-15 15:56:08 - [TEST_STEP][PASSED] - navigateToUrl(Url): Navigate to 'http://test.chiragh.com' successfully

2020-04-15 15:56:09 - [MESSAGE][PASSED] - Navigate to 'http://test.chiragh.com' successfully

2020-04-15 15:56:09 - [TEST_STEP][PASSED] - waitForPageLoad(15): Wait for page load successfully

2020-04-15 15:56:09 - [MESSAGE][PASSED] - Wait for page load successfully

2020-04-15 15:56:09 - [TEST_STEP][PASSED] - maximizeWindow(): Current window maximized

2020-04-15 15:56:09 - [MESSAGE][PASSED] - Current window maximized

2020-04-15 15:56:09 - [TEST_STEP][PASSED] - delay(3): Delayed 3 second(s)

2020-04-15 15:56:12 - [MESSAGE][PASSED] - Delayed 3 second(s)

2020-04-15 15:56:12 - [TEST_STEP][PASSED] - click(findTestObject("Object Repository/Front End Objects/RegisterUserRemove(WatchList)/Page_Chiragh - Home/a_ENG_dropdownMenuLink")): Object: 'Object Repository/Front End Objects/RegisterUserRemove(WatchList)/Page_Chiragh - Home/a_ENG_dropdownMenuLink' is clicked on

2020-04-15 15:56:13 - [MESSAGE][PASSED] - Object: 'Object Repository/Front End Objects/RegisterUserRemove(WatchList)/Page_Chiragh - Home/a_ENG_dropdownMenuLink' is clicked on

2020-04-15 15:56:13 - [TEST_STEP][PASSED] - click(findTestObject("Object Repository/Front End Objects/RegisterUserRemove(WatchList)/Page_Chiragh - Home/a_Login")): Object: 'Object Repository/Front End Objects/RegisterUserRemove(WatchList)/Page_Chiragh - Home/a_Login' is clicked on

2020-04-15 15:56:14 - [MESSAGE][PASSED] - Object: 'Object Repository/Front End Objects/RegisterUserRemove(WatchList)/Page_Chiragh - Home/a_Login' is clicked on

2020-04-15 15:56:14 - [TEST_STEP][PASSED] - setText(findTestObject("Object Repository/Front End Objects/RegisterUserRemove(WatchList)/Page_Chiragh - Login/input_Username_un"), "AUTOCHIRAGH"): Text 'AUTOCHIRAGH' is set on object 'Object Repository/Front End Objects/RegisterUserRemove(WatchList)/Page_Chiragh - Login/input_Username_un'

2020-04-15 15:56:14 - [MESSAGE][PASSED] - Text 'AUTOCHIRAGH' is set on object 'Object Repository/Front End Objects/RegisterUserRemove(WatchList)/Page_Chiragh - Login/input_Username_un'

2020-04-15 15:56:14 - [TEST_STEP][PASSED] - setEncryptedText(findTestObject("Object Repository/Front End Objects/RegisterUserRemove(WatchList)/Page_Chiragh - Login/input_Password_userPassword"), "RigbBhfdqOBDK95asqKeHw=="): Text ****** has been set on object 'Object Repository/Front End Objects/RegisterUserRemove(WatchList)/Page_Chiragh - Login/input_Password_userPassword'

2020-04-15 15:56:15 - [MESSAGE][PASSED] - Text ****** has been set on object 'Object Repository/Front End Objects/RegisterUserRemove(WatchList)/Page_Chiragh - Login/input_Password_userPassword'

2020-04-15 15:56:15 - [TEST_STEP][PASSED] - click(findTestObject("Object Repository/Front End Objects/RegisterUserRemove(WatchList)/Page_Chiragh - Login/button_Log In")): Object: 'Object Repository/Front End Objects/RegisterUserRemove(WatchList)/Page_Chiragh - Login/button_Log In' is clicked on

2020-04-15 15:56:16 - [MESSAGE][PASSED] - Object: 'Object Repository/Front End Objects/RegisterUserRemove(WatchList)/Page_Chiragh - Login/button_Log In' is clicked on

2020-04-15 15:56:16 - [TEST_STEP][PASSED] - click(findTestObject("Object Repository/Front End Objects/RegisterUserRemove(WatchList)/Page_Chiragh - Home/a_ENG_dropdownMenuLink")): Object: 'Object Repository/Front End Objects/RegisterUserRemove(WatchList)/Page_Chiragh - Home/a_ENG_dropdownMenuLink' is clicked on

2020-04-15 15:56:18 - [MESSAGE][PASSED] - Object: 'Object Repository/Front End Objects/RegisterUserRemove(WatchList)/Page_Chiragh - Home/a_ENG_dropdownMenuLink' is clicked on

2020-04-15 15:56:18 - [TEST_STEP][PASSED] - click(findTestObject("Object Repository/Front End Objects/RegisterUserRemove(WatchList)/Page_Chiragh - Home/a_HI AutoChiragh")): Object: 'Object Repository/Front End Objects/RegisterUserRemove(WatchList)/Page_Chiragh - Home/a_HI AutoChiragh' is clicked on

2020-04-15 15:56:18 - [MESSAGE][PASSED] - Object: 'Object Repository/Front End Objects/RegisterUserRemove(WatchList)/Page_Chiragh - Home/a_HI AutoChiragh' is clicked on

2020-04-15 15:56:18 - [TEST_STEP][PASSED] - click(findTestObject("Object Repository/Front End Objects/RegisterUserRemove(WatchList)/Page_Chiragh - Dashborad Home/b_Manage Activity")): Object: 'Object Repository/Front End Objects/RegisterUserRemove(WatchList)/Page_Chiragh - Dashborad Home/b_Manage Activity' is clicked on

2020-04-15 15:56:20 - [MESSAGE][PASSED] - Object: 'Object Repository/Front End Objects/RegisterUserRemove(WatchList)/Page_Chiragh - Dashborad Home/b_Manage Activity' is clicked on

2020-04-15 15:56:20 - [TEST_STEP][PASSED] - click(findTestObject("Object Repository/Front End Objects/RegisterUserRemove(WatchList)/Page_Chiragh - Open House/a_Watch List")): Object: 'Object Repository/Front End Objects/RegisterUserRemove(WatchList)/Page_Chiragh - Open House/a_Watch List' is clicked on

2020-04-15 15:56:21 - [MESSAGE][PASSED] - Object: 'Object Repository/Front End Objects/RegisterUserRemove(WatchList)/Page_Chiragh - Open House/a_Watch List' is clicked on

2020-04-15 15:56:21 - [TEST_STEP][FAILED] - click(findTestObject("Object Repository/Front End Objects/RegisterUserRemove(WatchList)/Page_Chiragh - Watch List/svg_PROPERTY ID 38916_svg-inline--fa fa-times fa-w-12")): Unable to click on object 'Object Repository/Front End Objects/RegisterUserRemove(WatchList)/Page_Chiragh - Watch List/svg_PROPERTY ID 38916_svg-inline--fa fa-times fa-w-12' (Root cause: com.kms.katalon.core.exception.StepFailedException: Unable to click on object 'Object Repository/Front End Objects/RegisterUserRemove(WatchList)/Page_Chiragh - Watch List/svg_PROPERTY ID 38916_svg-inline--fa fa-times fa-w-12'
	at com.kms.katalon.core.webui.keyword.internal.WebUIKeywordMain.stepFailed(WebUIKeywordMain.groovy:64)
	at com.kms.katalon.core.webui.keyword.internal.WebUIKeywordMain.runKeyword(WebUIKeywordMain.groovy:26)
	at com.kms.katalon.core.webui.keyword.builtin.ClickKeyword.click(ClickKeyword.groovy:76)
	at com.kms.katalon.core.webui.keyword.builtin.ClickKeyword.execute(ClickKeyword.groovy:43)
	at com.kms.katalon.core.keyword.internal.KeywordExecutor.executeKeywordForPlatform(KeywordExecutor.groovy:72)
	at com.kms.katalon.core.webui.keyword.WebUiBuiltInKeywords.click(WebUiBuiltInKeywords.groovy:616)
	at com.kms.katalon.core.webui.keyword.WebUiBuiltInKeywords$click$6.call(Unknown Source)
	at TC_RegisterUserRemove(WatchList).run(TC_RegisterUserRemove(WatchList):49)
	at com.kms.katalon.core.main.ScriptEngine.run(ScriptEngine.java:194)
	at com.kms.katalon.core.main.ScriptEngine.runScriptAsRawText(ScriptEngine.java:119)
	at com.kms.katalon.core.main.TestCaseExecutor.runScript(TestCaseExecutor.java:337)
	at com.kms.katalon.core.main.TestCaseExecutor.doExecute(TestCaseExecutor.java:328)
	at com.kms.katalon.core.main.TestCaseExecutor.processExecutionPhase(TestCaseExecutor.java:307)
	at com.kms.katalon.core.main.TestCaseExecutor.accessMainPhase(TestCaseExecutor.java:299)
	at com.kms.katalon.core.main.TestCaseExecutor.execute(TestCaseExecutor.java:233)
	at com.kms.katalon.core.main.TestSuiteExecutor.accessTestCaseMainPhase(TestSuiteExecutor.java:169)
	at com.kms.katalon.core.main.TestSuiteExecutor.accessTestSuiteMainPhase(TestSuiteExecutor.java:142)
	at com.kms.katalon.core.main.TestSuiteExecutor.execute(TestSuiteExecutor.java:91)
	at com.kms.katalon.core.main.TestCaseMain.startTestSuite(TestCaseMain.java:157)
	at com.kms.katalon.core.main.TestCaseMain$startTestSuite$0.call(Unknown Source)
	at TempTestSuite1586965903647.run(TempTestSuite1586965903647.groovy:36)
Caused by: com.kms.katalon.core.webui.exception.WebElementNotFoundException: Web element with id: 'Object Repository/Front End Objects/RegisterUserRemove(WatchList)/Page_Chiragh - Watch List/svg_PROPERTY ID 38916_svg-inline--fa fa-times fa-w-12' located by 'By.xpath: (.//*[normalize-space(text()) and normalize-space(.)='PROPERTY ID 38916'])[1]/following::*[name()='svg'][1]' not found
	at com.kms.katalon.core.webui.common.WebUiCommonHelper.findWebElement(WebUiCommonHelper.java:1154)
	at com.kms.katalon.core.webui.keyword.internal.WebUIAbstractKeyword.findWebElement(WebUIAbstractKeyword.groovy:27)
	at com.kms.katalon.core.webui.keyword.internal.WebUIAbstractKeyword.findWebElement(WebUIAbstractKeyword.groovy:26)
	at com.kms.katalon.core.webui.keyword.builtin.ClickKeyword$_click_closure1.doCall(ClickKeyword.groovy:67)
	at com.kms.katalon.core.webui.keyword.builtin.ClickKeyword$_click_closure1.call(ClickKeyword.groovy)
	at com.kms.katalon.core.webui.keyword.internal.WebUIKeywordMain.runKeyword(WebUIKeywordMain.groovy:20)
	at com.kms.katalon.core.webui.keyword.builtin.ClickKeyword.click(ClickKeyword.groovy:76)
	at com.kms.katalon.core.webui.keyword.builtin.ClickKeyword.execute(ClickKeyword.groovy:43)
	at com.kms.katalon.core.keyword.internal.KeywordExecutor.executeKeywordForPlatform(KeywordExecutor.groovy:72)
	at com.kms.katalon.core.webui.keyword.WebUiBuiltInKeywords.click(WebUiBuiltInKeywords.groovy:616)
	at com.kms.katalon.core.webui.keyword.WebUiBuiltInKeywords$click$6.call(Unknown Source)
	at Script1585825883505.run(Script1585825883505.groovy:49)
	... 13 more
)

2020-04-15 15:57:06 - [MESSAGE][INFO] - Unable to find the element located by 'By.xpath: (.//*[normalize-space(text()) and normalize-space(.)='PROPERTY ID 38916'])[1]/following::*[name()='svg'][1]'. Please recheck the objects properties to make sure the desired element is located. 

2020-04-15 15:57:06 - [MESSAGE][FAILED] - Unable to click on object 'Object Repository/Front End Objects/RegisterUserRemove(WatchList)/Page_Chiragh - Watch List/svg_PROPERTY ID 38916_svg-inline--fa fa-times fa-w-12' (Root cause: com.kms.katalon.core.exception.StepFailedException: Unable to click on object 'Object Repository/Front End Objects/RegisterUserRemove(WatchList)/Page_Chiragh - Watch List/svg_PROPERTY ID 38916_svg-inline--fa fa-times fa-w-12'
	at com.kms.katalon.core.webui.keyword.internal.WebUIKeywordMain.stepFailed(WebUIKeywordMain.groovy:64)
	at com.kms.katalon.core.webui.keyword.internal.WebUIKeywordMain.runKeyword(WebUIKeywordMain.groovy:26)
	at com.kms.katalon.core.webui.keyword.builtin.ClickKeyword.click(ClickKeyword.groovy:76)
	at com.kms.katalon.core.webui.keyword.builtin.ClickKeyword.execute(ClickKeyword.groovy:43)
	at com.kms.katalon.core.keyword.internal.KeywordExecutor.executeKeywordForPlatform(KeywordExecutor.groovy:72)
	at com.kms.katalon.core.webui.keyword.WebUiBuiltInKeywords.click(WebUiBuiltInKeywords.groovy:616)
	at com.kms.katalon.core.webui.keyword.WebUiBuiltInKeywords$click$6.call(Unknown Source)
	at TC_RegisterUserRemove(WatchList).run(TC_RegisterUserRemove(WatchList):49)
	at com.kms.katalon.core.main.ScriptEngine.run(ScriptEngine.java:194)
	at com.kms.katalon.core.main.ScriptEngine.runScriptAsRawText(ScriptEngine.java:119)
	at com.kms.katalon.core.main.TestCaseExecutor.runScript(TestCaseExecutor.java:337)
	at com.kms.katalon.core.main.TestCaseExecutor.doExecute(TestCaseExecutor.java:328)
	at com.kms.katalon.core.main.TestCaseExecutor.processExecutionPhase(TestCaseExecutor.java:307)
	at com.kms.katalon.core.main.TestCaseExecutor.accessMainPhase(TestCaseExecutor.java:299)
	at com.kms.katalon.core.main.TestCaseExecutor.execute(TestCaseExecutor.java:233)
	at com.kms.katalon.core.main.TestSuiteExecutor.accessTestCaseMainPhase(TestSuiteExecutor.java:169)
	at com.kms.katalon.core.main.TestSuiteExecutor.accessTestSuiteMainPhase(TestSuiteExecutor.java:142)
	at com.kms.katalon.core.main.TestSuiteExecutor.execute(TestSuiteExecutor.java:91)
	at com.kms.katalon.core.main.TestCaseMain.startTestSuite(TestCaseMain.java:157)
	at com.kms.katalon.core.main.TestCaseMain$startTestSuite$0.call(Unknown Source)
	at TempTestSuite1586965903647.run(TempTestSuite1586965903647.groovy:36)
Caused by: com.kms.katalon.core.webui.exception.WebElementNotFoundException: Web element with id: 'Object Repository/Front End Objects/RegisterUserRemove(WatchList)/Page_Chiragh - Watch List/svg_PROPERTY ID 38916_svg-inline--fa fa-times fa-w-12' located by 'By.xpath: (.//*[normalize-space(text()) and normalize-space(.)='PROPERTY ID 38916'])[1]/following::*[name()='svg'][1]' not found
	at com.kms.katalon.core.webui.common.WebUiCommonHelper.findWebElement(WebUiCommonHelper.java:1154)
	at com.kms.katalon.core.webui.keyword.internal.WebUIAbstractKeyword.findWebElement(WebUIAbstractKeyword.groovy:27)
	at com.kms.katalon.core.webui.keyword.internal.WebUIAbstractKeyword.findWebElement(WebUIAbstractKeyword.groovy:26)
	at com.kms.katalon.core.webui.keyword.builtin.ClickKeyword$_click_closure1.doCall(ClickKeyword.groovy:67)
	at com.kms.katalon.core.webui.keyword.builtin.ClickKeyword$_click_closure1.call(ClickKeyword.groovy)
	at com.kms.katalon.core.webui.keyword.internal.WebUIKeywordMain.runKeyword(WebUIKeywordMain.groovy:20)
	at com.kms.katalon.core.webui.keyword.builtin.ClickKeyword.click(ClickKeyword.groovy:76)
	at com.kms.katalon.core.webui.keyword.builtin.ClickKeyword.execute(ClickKeyword.groovy:43)
	at com.kms.katalon.core.keyword.internal.KeywordExecutor.executeKeywordForPlatform(KeywordExecutor.groovy:72)
	at com.kms.katalon.core.webui.keyword.WebUiBuiltInKeywords.click(WebUiBuiltInKeywords.groovy:616)
	at com.kms.katalon.core.webui.keyword.WebUiBuiltInKeywords$click$6.call(Unknown Source)
	at Script1585825883505.run(Script1585825883505.groovy:49)
	... 13 more
)
[[ATTACHMENT|C:\\Users\\Administrator\\Git\\chiraghAdminPanel\\Reports\\20200415_155143\\ChiraghWeb_FrontEnd_Tests\\20200415_155143\\1586966226461.png]]

2020-04-15 15:57:08 - [TEST_STEP][PASSED] - Video: Video recording for test case 'Test Cases/Front End/TC_RegisterUserRemove(WatchList)' .

2020-04-15 15:57:08 - [MESSAGE][INFO] - Video recording for test case 'Test Cases/Front End/TC_RegisterUserRemove(WatchList)' .
[[ATTACHMENT|C:\\Users\\Administrator\\Git\\chiraghAdminPanel\\Reports\\20200415_155143\\ChiraghWeb_FrontEnd_Tests\\20200415_155143/videos\\test_9.mov]]]]></system-out>
         <system-err><![CDATA[2020-04-15 15:56:04 - [TEST_CASE][FAILED] - Test Cases/Front End/TC_RegisterUserRemove(WatchList): Test Cases/Front End/TC_RegisterUserRemove(WatchList) FAILED.
Reason:
com.kms.katalon.core.exception.StepFailedException: Unable to click on object 'Object Repository/Front End Objects/RegisterUserRemove(WatchList)/Page_Chiragh - Watch List/svg_PROPERTY ID 38916_svg-inline--fa fa-times fa-w-12'
	at com.kms.katalon.core.webui.keyword.internal.WebUIKeywordMain.stepFailed(WebUIKeywordMain.groovy:64)
	at com.kms.katalon.core.webui.keyword.internal.WebUIKeywordMain.runKeyword(WebUIKeywordMain.groovy:26)
	at com.kms.katalon.core.webui.keyword.builtin.ClickKeyword.click(ClickKeyword.groovy:76)
	at com.kms.katalon.core.webui.keyword.builtin.ClickKeyword.execute(ClickKeyword.groovy:43)
	at com.kms.katalon.core.keyword.internal.KeywordExecutor.executeKeywordForPlatform(KeywordExecutor.groovy:72)
	at com.kms.katalon.core.webui.keyword.WebUiBuiltInKeywords.click(WebUiBuiltInKeywords.groovy:616)
	at com.kms.katalon.core.webui.keyword.WebUiBuiltInKeywords$click$6.call(Unknown Source)
	at TC_RegisterUserRemove(WatchList).run(TC_RegisterUserRemove(WatchList):49)
	at com.kms.katalon.core.main.ScriptEngine.run(ScriptEngine.java:194)
	at com.kms.katalon.core.main.ScriptEngine.runScriptAsRawText(ScriptEngine.java:119)
	at com.kms.katalon.core.main.TestCaseExecutor.runScript(TestCaseExecutor.java:337)
	at com.kms.katalon.core.main.TestCaseExecutor.doExecute(TestCaseExecutor.java:328)
	at com.kms.katalon.core.main.TestCaseExecutor.processExecutionPhase(TestCaseExecutor.java:307)
	at com.kms.katalon.core.main.TestCaseExecutor.accessMainPhase(TestCaseExecutor.java:299)
	at com.kms.katalon.core.main.TestCaseExecutor.execute(TestCaseExecutor.java:233)
	at com.kms.katalon.core.main.TestSuiteExecutor.accessTestCaseMainPhase(TestSuiteExecutor.java:169)
	at com.kms.katalon.core.main.TestSuiteExecutor.accessTestSuiteMainPhase(TestSuiteExecutor.java:142)
	at com.kms.katalon.core.main.TestSuiteExecutor.execute(TestSuiteExecutor.java:91)
	at com.kms.katalon.core.main.TestCaseMain.startTestSuite(TestCaseMain.java:157)
	at com.kms.katalon.core.main.TestCaseMain$startTestSuite$0.call(Unknown Source)
	at TempTestSuite1586965903647.run(TempTestSuite1586965903647.groovy:36)
Caused by: com.kms.katalon.core.webui.exception.WebElementNotFoundException: Web element with id: 'Object Repository/Front End Objects/RegisterUserRemove(WatchList)/Page_Chiragh - Watch List/svg_PROPERTY ID 38916_svg-inline--fa fa-times fa-w-12' located by 'By.xpath: (.//*[normalize-space(text()) and normalize-space(.)='PROPERTY ID 38916'])[1]/following::*[name()='svg'][1]' not found
	at com.kms.katalon.core.webui.common.WebUiCommonHelper.findWebElement(WebUiCommonHelper.java:1154)
	at com.kms.katalon.core.webui.keyword.internal.WebUIAbstractKeyword.findWebElement(WebUIAbstractKeyword.groovy:27)
	at com.kms.katalon.core.webui.keyword.internal.WebUIAbstractKeyword.findWebElement(WebUIAbstractKeyword.groovy:26)
	at com.kms.katalon.core.webui.keyword.builtin.ClickKeyword$_click_closure1.doCall(ClickKeyword.groovy:67)
	at com.kms.katalon.core.webui.keyword.builtin.ClickKeyword$_click_closure1.call(ClickKeyword.groovy)
	at com.kms.katalon.core.webui.keyword.internal.WebUIKeywordMain.runKeyword(WebUIKeywordMain.groovy:20)
	... 19 more]]></system-err>
      </testcase>
      <testcase name="Test Cases/Front End/TC_TopUP(AED)_003" time="40.466" classname="Test Cases/Front End/TC_TopUP(AED)_003" status="FAILED">
         <failure type="FAILED" message="Test Cases/Front End/TC_TopUP(AED)_003 FAILED.
Reason:
com.kms.katalon.core.exception.StepFailedException: Unable to upload file 'C:\Users\HP\git\chiraghAdminPanel\Include\PropertyImages\1584693242612-Scanned_Passport_Copy.png' to object 'Object Repository/Front End Objects/TopUp(AED)/Page_Chiragh - Transaction Top Up/UploadReceipt'
	at com.kms.katalon.core.webui.keyword.internal.WebUIKeywordMain.stepFailed(WebUIKeywordMain.groovy:64)
	at com.kms.katalon.core.webui.keyword.internal.WebUIKeywordMain.runKeyword(WebUIKeywordMain.groovy:26)
	at com.kms.katalon.core.webui.keyword.builtin.UploadFileKeyword.uploadFile(UploadFileKeyword.groovy:87)
	at com.kms.katalon.core.webui.keyword.builtin.UploadFileKeyword.execute(UploadFileKeyword.groovy:68)
	at com.kms.katalon.core.keyword.internal.KeywordExecutor.executeKeywordForPlatform(KeywordExecutor.groovy:72)
	at com.kms.katalon.core.webui.keyword.WebUiBuiltInKeywords.uploadFile(WebUiBuiltInKeywords.groovy:2971)
	at com.kms.katalon.core.webui.keyword.WebUiBuiltInKeywords$uploadFile$14.call(Unknown Source)
	at TC_TopUP(AED)_003.run(TC_TopUP(AED)_003:66)
	at com.kms.katalon.core.main.ScriptEngine.run(ScriptEngine.java:194)
	at com.kms.katalon.core.main.ScriptEngine.runScriptAsRawText(ScriptEngine.java:119)
	at com.kms.katalon.core.main.TestCaseExecutor.runScript(TestCaseExecutor.java:337)
	at com.kms.katalon.core.main.TestCaseExecutor.doExecute(TestCaseExecutor.java:328)
	at com.kms.katalon.core.main.TestCaseExecutor.processExecutionPhase(TestCaseExecutor.java:307)
	at com.kms.katalon.core.main.TestCaseExecutor.accessMainPhase(TestCaseExecutor.java:299)
	at com.kms.katalon.core.main.TestCaseExecutor.execute(TestCaseExecutor.java:233)
	at com.kms.katalon.core.main.TestSuiteExecutor.accessTestCaseMainPhase(TestSuiteExecutor.java:169)
	at com.kms.katalon.core.main.TestSuiteExecutor.accessTestSuiteMainPhase(TestSuiteExecutor.java:142)
	at com.kms.katalon.core.main.TestSuiteExecutor.execute(TestSuiteExecutor.java:91)
	at com.kms.katalon.core.main.TestCaseMain.startTestSuite(TestCaseMain.java:157)
	at com.kms.katalon.core.main.TestCaseMain$startTestSuite$0.call(Unknown Source)
	at TempTestSuite1586965903647.run(TempTestSuite1586965903647.groovy:36)
Caused by: org.openqa.selenium.InvalidArgumentException: File not found: C:\Users\HP\git\chiraghAdminPanel\Include\PropertyImages\1584693242612-Scanned_Passport_Copy.png
Build info: version: '3.141.59', revision: 'e82be7d358', time: '2018-11-14T08:25:53'
System info: host: 'EC2AMAZ-QUDPRKJ', ip: '172.31.5.210', os.name: 'Windows Server 2016', os.arch: 'amd64', os.version: '10.0', java.version: '1.8.0_181'
Driver info: com.kms.katalon.core.webui.driver.firefox.CGeckoDriver
Capabilities {acceptInsecureCerts: true, browserName: firefox, browserVersion: 75.0, javascriptEnabled: true, moz:accessibilityChecks: false, moz:buildID: 20200403170909, moz:geckodriverVersion: 0.23.0, moz:headless: false, moz:processID: 10124, moz:profile: C:\Users\Administrator\AppD..., moz:shutdownTimeout: 60000, moz:useNonSpecCompliantPointerOrigin: false, moz:webdriverClick: true, pageLoadStrategy: normal, platform: WINDOWS, platformName: WINDOWS, platformVersion: 10.0, proxy: Proxy(direct), rotatable: false, setWindowRect: true, strictFileInteractability: false, timeouts: {implicit: 0, pageLoad: 300000, script: 30000}, unhandledPromptBehavior: dismiss and notify}
Session ID: 832e66c4-b5b3-4412-b8d2-be52cbd4c136
	at org.openqa.selenium.remote.http.W3CHttpResponseCodec.createException(W3CHttpResponseCodec.java:187)
	at org.openqa.selenium.remote.http.W3CHttpResponseCodec.decode(W3CHttpResponseCodec.java:122)
	at org.openqa.selenium.remote.http.W3CHttpResponseCodec.decode(W3CHttpResponseCodec.java:49)
	at org.openqa.selenium.remote.HttpCommandExecutor.execute(HttpCommandExecutor.java:158)
	at org.openqa.selenium.remote.service.DriverCommandExecutor.execute(DriverCommandExecutor.java:83)
	at org.openqa.selenium.remote.RemoteWebDriver.execute(RemoteWebDriver.java:552)
	at com.kms.katalon.selenium.driver.CFirefoxDriver.execute(CFirefoxDriver.java:27)
	at org.openqa.selenium.remote.RemoteWebElement.execute(RemoteWebElement.java:285)
	at org.openqa.selenium.remote.RemoteWebElement.sendKeys(RemoteWebElement.java:106)
	at org.openqa.selenium.support.events.EventFiringWebDriver$EventFiringWebElement.lambda$new$0(EventFiringWebDriver.java:404)
	at com.sun.proxy.$Proxy10.sendKeys(Unknown Source)
	at org.openqa.selenium.support.events.EventFiringWebDriver$EventFiringWebElement.sendKeys(EventFiringWebDriver.java:429)
	at com.kms.katalon.core.webui.keyword.builtin.UploadFileKeyword$_uploadFile_closure1.doCall(UploadFileKeyword.groovy:80)
	at com.kms.katalon.core.webui.keyword.builtin.UploadFileKeyword$_uploadFile_closure1.call(UploadFileKeyword.groovy)
	at com.kms.katalon.core.webui.keyword.internal.WebUIKeywordMain.runKeyword(WebUIKeywordMain.groovy:20)
	... 19 more
"/>
         <system-out><![CDATA[2020-04-15 15:57:08 - [TEST_CASE][FAILED] - Test Cases/Front End/TC_TopUP(AED)_003: Test Cases/Front End/TC_TopUP(AED)_003 FAILED.
Reason:
com.kms.katalon.core.exception.StepFailedException: Unable to upload file 'C:\Users\HP\git\chiraghAdminPanel\Include\PropertyImages\1584693242612-Scanned_Passport_Copy.png' to object 'Object Repository/Front End Objects/TopUp(AED)/Page_Chiragh - Transaction Top Up/UploadReceipt'
	at com.kms.katalon.core.webui.keyword.internal.WebUIKeywordMain.stepFailed(WebUIKeywordMain.groovy:64)
	at com.kms.katalon.core.webui.keyword.internal.WebUIKeywordMain.runKeyword(WebUIKeywordMain.groovy:26)
	at com.kms.katalon.core.webui.keyword.builtin.UploadFileKeyword.uploadFile(UploadFileKeyword.groovy:87)
	at com.kms.katalon.core.webui.keyword.builtin.UploadFileKeyword.execute(UploadFileKeyword.groovy:68)
	at com.kms.katalon.core.keyword.internal.KeywordExecutor.executeKeywordForPlatform(KeywordExecutor.groovy:72)
	at com.kms.katalon.core.webui.keyword.WebUiBuiltInKeywords.uploadFile(WebUiBuiltInKeywords.groovy:2971)
	at com.kms.katalon.core.webui.keyword.WebUiBuiltInKeywords$uploadFile$14.call(Unknown Source)
	at TC_TopUP(AED)_003.run(TC_TopUP(AED)_003:66)
	at com.kms.katalon.core.main.ScriptEngine.run(ScriptEngine.java:194)
	at com.kms.katalon.core.main.ScriptEngine.runScriptAsRawText(ScriptEngine.java:119)
	at com.kms.katalon.core.main.TestCaseExecutor.runScript(TestCaseExecutor.java:337)
	at com.kms.katalon.core.main.TestCaseExecutor.doExecute(TestCaseExecutor.java:328)
	at com.kms.katalon.core.main.TestCaseExecutor.processExecutionPhase(TestCaseExecutor.java:307)
	at com.kms.katalon.core.main.TestCaseExecutor.accessMainPhase(TestCaseExecutor.java:299)
	at com.kms.katalon.core.main.TestCaseExecutor.execute(TestCaseExecutor.java:233)
	at com.kms.katalon.core.main.TestSuiteExecutor.accessTestCaseMainPhase(TestSuiteExecutor.java:169)
	at com.kms.katalon.core.main.TestSuiteExecutor.accessTestSuiteMainPhase(TestSuiteExecutor.java:142)
	at com.kms.katalon.core.main.TestSuiteExecutor.execute(TestSuiteExecutor.java:91)
	at com.kms.katalon.core.main.TestCaseMain.startTestSuite(TestCaseMain.java:157)
	at com.kms.katalon.core.main.TestCaseMain$startTestSuite$0.call(Unknown Source)
	at TempTestSuite1586965903647.run(TempTestSuite1586965903647.groovy:36)
Caused by: org.openqa.selenium.InvalidArgumentException: File not found: C:\Users\HP\git\chiraghAdminPanel\Include\PropertyImages\1584693242612-Scanned_Passport_Copy.png
Build info: version: '3.141.59', revision: 'e82be7d358', time: '2018-11-14T08:25:53'
System info: host: 'EC2AMAZ-QUDPRKJ', ip: '172.31.5.210', os.name: 'Windows Server 2016', os.arch: 'amd64', os.version: '10.0', java.version: '1.8.0_181'
Driver info: com.kms.katalon.core.webui.driver.firefox.CGeckoDriver
Capabilities {acceptInsecureCerts: true, browserName: firefox, browserVersion: 75.0, javascriptEnabled: true, moz:accessibilityChecks: false, moz:buildID: 20200403170909, moz:geckodriverVersion: 0.23.0, moz:headless: false, moz:processID: 10124, moz:profile: C:\Users\Administrator\AppD..., moz:shutdownTimeout: 60000, moz:useNonSpecCompliantPointerOrigin: false, moz:webdriverClick: true, pageLoadStrategy: normal, platform: WINDOWS, platformName: WINDOWS, platformVersion: 10.0, proxy: Proxy(direct), rotatable: false, setWindowRect: true, strictFileInteractability: false, timeouts: {implicit: 0, pageLoad: 300000, script: 30000}, unhandledPromptBehavior: dismiss and notify}
Session ID: 832e66c4-b5b3-4412-b8d2-be52cbd4c136
	at org.openqa.selenium.remote.http.W3CHttpResponseCodec.createException(W3CHttpResponseCodec.java:187)
	at org.openqa.selenium.remote.http.W3CHttpResponseCodec.decode(W3CHttpResponseCodec.java:122)
	at org.openqa.selenium.remote.http.W3CHttpResponseCodec.decode(W3CHttpResponseCodec.java:49)
	at org.openqa.selenium.remote.HttpCommandExecutor.execute(HttpCommandExecutor.java:158)
	at org.openqa.selenium.remote.service.DriverCommandExecutor.execute(DriverCommandExecutor.java:83)
	at org.openqa.selenium.remote.RemoteWebDriver.execute(RemoteWebDriver.java:552)
	at com.kms.katalon.selenium.driver.CFirefoxDriver.execute(CFirefoxDriver.java:27)
	at org.openqa.selenium.remote.RemoteWebElement.execute(RemoteWebElement.java:285)
	at org.openqa.selenium.remote.RemoteWebElement.sendKeys(RemoteWebElement.java:106)
	at org.openqa.selenium.support.events.EventFiringWebDriver$EventFiringWebElement.lambda$new$0(EventFiringWebDriver.java:404)
	at com.sun.proxy.$Proxy10.sendKeys(Unknown Source)
	at org.openqa.selenium.support.events.EventFiringWebDriver$EventFiringWebElement.sendKeys(EventFiringWebDriver.java:429)
	at com.kms.katalon.core.webui.keyword.builtin.UploadFileKeyword$_uploadFile_closure1.doCall(UploadFileKeyword.groovy:80)
	at com.kms.katalon.core.webui.keyword.builtin.UploadFileKeyword$_uploadFile_closure1.call(UploadFileKeyword.groovy)
	at com.kms.katalon.core.webui.keyword.internal.WebUIKeywordMain.runKeyword(WebUIKeywordMain.groovy:20)
	... 19 more


2020-04-15 15:57:08 - [TEST_STEP][PASSED] - openBrowser(""): Browser is opened with url: ''

2020-04-15 15:57:08 - [MESSAGE][WARNING] - A browser is already opened. Closing browser and opening a new one

2020-04-15 15:57:09 - [MESSAGE][INFO] - Starting 'Firefox' driver

2020-04-15 15:57:09 - [MESSAGE][INFO] - Action delay is set to 0 milliseconds

2020-04-15 15:57:12 - [MESSAGE][PASSED] - Browser is opened with url: ''

2020-04-15 15:57:12 - [TEST_STEP][PASSED] - navigateToUrl(Url): Navigate to 'http://test.chiragh.com' successfully

2020-04-15 15:57:14 - [MESSAGE][PASSED] - Navigate to 'http://test.chiragh.com' successfully

2020-04-15 15:57:14 - [TEST_STEP][PASSED] - waitForPageLoad(15): Wait for page load successfully

2020-04-15 15:57:14 - [MESSAGE][PASSED] - Wait for page load successfully

2020-04-15 15:57:14 - [TEST_STEP][PASSED] - maximizeWindow(): Current window maximized

2020-04-15 15:57:14 - [MESSAGE][PASSED] - Current window maximized

2020-04-15 15:57:14 - [TEST_STEP][PASSED] - delay(3): Delayed 3 second(s)

2020-04-15 15:57:17 - [MESSAGE][PASSED] - Delayed 3 second(s)

2020-04-15 15:57:17 - [TEST_STEP][PASSED] - click(findTestObject("Object Repository/Front End Objects/LoginWithValidCredentials/Page_Chiragh - Home/a_ENG_dropdownMenuLink")): Object: 'Object Repository/Front End Objects/LoginWithValidCredentials/Page_Chiragh - Home/a_ENG_dropdownMenuLink' is clicked on

2020-04-15 15:57:17 - [MESSAGE][PASSED] - Object: 'Object Repository/Front End Objects/LoginWithValidCredentials/Page_Chiragh - Home/a_ENG_dropdownMenuLink' is clicked on

2020-04-15 15:57:17 - [TEST_STEP][PASSED] - click(findTestObject("Object Repository/Front End Objects/LoginWithValidCredentials/Page_Chiragh - Home/a_Login")): Object: 'Object Repository/Front End Objects/LoginWithValidCredentials/Page_Chiragh - Home/a_Login' is clicked on

2020-04-15 15:57:18 - [MESSAGE][PASSED] - Object: 'Object Repository/Front End Objects/LoginWithValidCredentials/Page_Chiragh - Home/a_Login' is clicked on

2020-04-15 15:57:18 - [TEST_STEP][PASSED] - setText(findTestObject("Object Repository/Front End Objects/LoginWithValidCredentials/Page_Chiragh - Login/input_Username_un"), userName): Text 'AUTOCHIRAGH' is set on object 'Object Repository/Front End Objects/LoginWithValidCredentials/Page_Chiragh - Login/input_Username_un'

2020-04-15 15:57:19 - [MESSAGE][PASSED] - Text 'AUTOCHIRAGH' is set on object 'Object Repository/Front End Objects/LoginWithValidCredentials/Page_Chiragh - Login/input_Username_un'

2020-04-15 15:57:19 - [TEST_STEP][PASSED] - setEncryptedText(findTestObject("Object Repository/Front End Objects/LoginWithValidCredentials/Page_Chiragh - Login/input_Password_userPassword"), "RigbBhfdqOBDK95asqKeHw=="): Text ****** has been set on object 'Object Repository/Front End Objects/LoginWithValidCredentials/Page_Chiragh - Login/input_Password_userPassword'

2020-04-15 15:57:19 - [MESSAGE][PASSED] - Text ****** has been set on object 'Object Repository/Front End Objects/LoginWithValidCredentials/Page_Chiragh - Login/input_Password_userPassword'

2020-04-15 15:57:19 - [TEST_STEP][PASSED] - click(findTestObject("Object Repository/Front End Objects/LoginWithValidCredentials/Page_Chiragh - Login/button_Log In")): Object: 'Object Repository/Front End Objects/LoginWithValidCredentials/Page_Chiragh - Login/button_Log In' is clicked on

2020-04-15 15:57:20 - [MESSAGE][PASSED] - Object: 'Object Repository/Front End Objects/LoginWithValidCredentials/Page_Chiragh - Login/button_Log In' is clicked on

2020-04-15 15:57:20 - [TEST_STEP][PASSED] - waitForPageLoad(15): Wait for page load successfully

2020-04-15 15:57:20 - [MESSAGE][PASSED] - Wait for page load successfully

2020-04-15 15:57:20 - [TEST_STEP][PASSED] - click(findTestObject("Object Repository/Front End Objects/LoginWithValidCredentials/Page_Chiragh - Home/a_a month ago_dropdownMenuLink")): Object: 'Object Repository/Front End Objects/LoginWithValidCredentials/Page_Chiragh - Home/a_a month ago_dropdownMenuLink' is clicked on

2020-04-15 15:57:22 - [MESSAGE][PASSED] - Object: 'Object Repository/Front End Objects/LoginWithValidCredentials/Page_Chiragh - Home/a_a month ago_dropdownMenuLink' is clicked on

2020-04-15 15:57:22 - [TEST_STEP][PASSED] - delay(5): Delayed 5 second(s)

2020-04-15 15:57:27 - [MESSAGE][PASSED] - Delayed 5 second(s)

2020-04-15 15:57:27 - [TEST_STEP][PASSED] - click(findTestObject("Object Repository/Front End Objects/LoginWithValidCredentials/Page_Chiragh - Home/a_HI AutoChiragh")): Object: 'Object Repository/Front End Objects/LoginWithValidCredentials/Page_Chiragh - Home/a_HI AutoChiragh' is clicked on

2020-04-15 15:57:29 - [MESSAGE][PASSED] - Object: 'Object Repository/Front End Objects/LoginWithValidCredentials/Page_Chiragh - Home/a_HI AutoChiragh' is clicked on

2020-04-15 15:57:29 - [TEST_STEP][PASSED] - click(findTestObject("Front End Objects/TopUp(AED)/Page_Chiragh - Dashborad Home/a_My Wallet")): Object: 'Object Repository/Front End Objects/TopUp(AED)/Page_Chiragh - Dashborad Home/a_My Wallet' is clicked on

2020-04-15 15:57:30 - [MESSAGE][PASSED] - Object: 'Object Repository/Front End Objects/TopUp(AED)/Page_Chiragh - Dashborad Home/a_My Wallet' is clicked on

2020-04-15 15:57:30 - [TEST_STEP][PASSED] - click(findTestObject("Front End Objects/TopUp(AED)/Page_Chiragh - User Account Summary/a_Make a Transaction")): Object: 'Object Repository/Front End Objects/TopUp(AED)/Page_Chiragh - User Account Summary/a_Make a Transaction' is clicked on

2020-04-15 15:57:33 - [MESSAGE][PASSED] - Object: 'Object Repository/Front End Objects/TopUp(AED)/Page_Chiragh - User Account Summary/a_Make a Transaction' is clicked on

2020-04-15 15:57:33 - [TEST_STEP][PASSED] - delay(3): Delayed 3 second(s)

2020-04-15 15:57:36 - [MESSAGE][PASSED] - Delayed 3 second(s)

2020-04-15 15:57:36 - [TEST_STEP][PASSED] - setText(findTestObject("Front End Objects/TopUp(AED)/Page_Chiragh - Transaction Top Up/input_Chiragh Wallet _amount"), "1000"): Text '1000' is set on object 'Object Repository/Front End Objects/TopUp(AED)/Page_Chiragh - Transaction Top Up/input_Chiragh Wallet _amount'

2020-04-15 15:57:36 - [MESSAGE][PASSED] - Text '1000' is set on object 'Object Repository/Front End Objects/TopUp(AED)/Page_Chiragh - Transaction Top Up/input_Chiragh Wallet _amount'

2020-04-15 15:57:36 - [TEST_STEP][PASSED] - delay(5): Delayed 5 second(s)

2020-04-15 15:57:41 - [MESSAGE][PASSED] - Delayed 5 second(s)

2020-04-15 15:57:41 - [TEST_STEP][PASSED] - click(findTestObject("Front End Objects/TopUp(AED)/Page_Chiragh - Transaction Top Up/select_ChiraghBank")): Object: 'Object Repository/Front End Objects/TopUp(AED)/Page_Chiragh - Transaction Top Up/select_ChiraghBank' is clicked on

2020-04-15 15:57:42 - [MESSAGE][PASSED] - Object: 'Object Repository/Front End Objects/TopUp(AED)/Page_Chiragh - Transaction Top Up/select_ChiraghBank' is clicked on

2020-04-15 15:57:42 - [TEST_STEP][PASSED] - click(findTestObject("Front End Objects/TopUp(AED)/Page_Chiragh - Transaction Top Up/BankOption1")): Object: 'Object Repository/Front End Objects/TopUp(AED)/Page_Chiragh - Transaction Top Up/BankOption1' is clicked on

2020-04-15 15:57:42 - [MESSAGE][PASSED] - Object: 'Object Repository/Front End Objects/TopUp(AED)/Page_Chiragh - Transaction Top Up/BankOption1' is clicked on

2020-04-15 15:57:42 - [TEST_STEP][PASSED] - setText(findTestObject("Front End Objects/TopUp(AED)/Page_Chiragh - Transaction Top Up/input_Transaction ID _transact"), "676767"): Text '676767' is set on object 'Object Repository/Front End Objects/TopUp(AED)/Page_Chiragh - Transaction Top Up/input_Transaction ID _transact'

2020-04-15 15:57:46 - [MESSAGE][PASSED] - Text '676767' is set on object 'Object Repository/Front End Objects/TopUp(AED)/Page_Chiragh - Transaction Top Up/input_Transaction ID _transact'

2020-04-15 15:57:46 - [TEST_STEP][FAILED] - uploadFile(findTestObject("Front End Objects/TopUp(AED)/Page_Chiragh - Transaction Top Up/UploadReceipt"), "C:\Users\HP\git\chiraghAdminPanel\Include\PropertyImages\1584693242612-Scanned_Passport_Copy.png"): Unable to upload file 'C:\Users\HP\git\chiraghAdminPanel\Include\PropertyImages\1584693242612-Scanned_Passport_Copy.png' to object 'Object Repository/Front End Objects/TopUp(AED)/Page_Chiragh - Transaction Top Up/UploadReceipt' (Root cause: com.kms.katalon.core.exception.StepFailedException: Unable to upload file 'C:\Users\HP\git\chiraghAdminPanel\Include\PropertyImages\1584693242612-Scanned_Passport_Copy.png' to object 'Object Repository/Front End Objects/TopUp(AED)/Page_Chiragh - Transaction Top Up/UploadReceipt'
	at com.kms.katalon.core.webui.keyword.internal.WebUIKeywordMain.stepFailed(WebUIKeywordMain.groovy:64)
	at com.kms.katalon.core.webui.keyword.internal.WebUIKeywordMain.runKeyword(WebUIKeywordMain.groovy:26)
	at com.kms.katalon.core.webui.keyword.builtin.UploadFileKeyword.uploadFile(UploadFileKeyword.groovy:87)
	at com.kms.katalon.core.webui.keyword.builtin.UploadFileKeyword.execute(UploadFileKeyword.groovy:68)
	at com.kms.katalon.core.keyword.internal.KeywordExecutor.executeKeywordForPlatform(KeywordExecutor.groovy:72)
	at com.kms.katalon.core.webui.keyword.WebUiBuiltInKeywords.uploadFile(WebUiBuiltInKeywords.groovy:2971)
	at com.kms.katalon.core.webui.keyword.WebUiBuiltInKeywords$uploadFile$14.call(Unknown Source)
	at TC_TopUP(AED)_003.run(TC_TopUP(AED)_003:66)
	at com.kms.katalon.core.main.ScriptEngine.run(ScriptEngine.java:194)
	at com.kms.katalon.core.main.ScriptEngine.runScriptAsRawText(ScriptEngine.java:119)
	at com.kms.katalon.core.main.TestCaseExecutor.runScript(TestCaseExecutor.java:337)
	at com.kms.katalon.core.main.TestCaseExecutor.doExecute(TestCaseExecutor.java:328)
	at com.kms.katalon.core.main.TestCaseExecutor.processExecutionPhase(TestCaseExecutor.java:307)
	at com.kms.katalon.core.main.TestCaseExecutor.accessMainPhase(TestCaseExecutor.java:299)
	at com.kms.katalon.core.main.TestCaseExecutor.execute(TestCaseExecutor.java:233)
	at com.kms.katalon.core.main.TestSuiteExecutor.accessTestCaseMainPhase(TestSuiteExecutor.java:169)
	at com.kms.katalon.core.main.TestSuiteExecutor.accessTestSuiteMainPhase(TestSuiteExecutor.java:142)
	at com.kms.katalon.core.main.TestSuiteExecutor.execute(TestSuiteExecutor.java:91)
	at com.kms.katalon.core.main.TestCaseMain.startTestSuite(TestCaseMain.java:157)
	at com.kms.katalon.core.main.TestCaseMain$startTestSuite$0.call(Unknown Source)
	at TempTestSuite1586965903647.run(TempTestSuite1586965903647.groovy:36)
Caused by: org.openqa.selenium.InvalidArgumentException: File not found: C:\Users\HP\git\chiraghAdminPanel\Include\PropertyImages\1584693242612-Scanned_Passport_Copy.png
Build info: version: '3.141.59', revision: 'e82be7d358', time: '2018-11-14T08:25:53'
System info: host: 'EC2AMAZ-QUDPRKJ', ip: '172.31.5.210', os.name: 'Windows Server 2016', os.arch: 'amd64', os.version: '10.0', java.version: '1.8.0_181'
Driver info: com.kms.katalon.core.webui.driver.firefox.CGeckoDriver
Capabilities {acceptInsecureCerts: true, browserName: firefox, browserVersion: 75.0, javascriptEnabled: true, moz:accessibilityChecks: false, moz:buildID: 20200403170909, moz:geckodriverVersion: 0.23.0, moz:headless: false, moz:processID: 10124, moz:profile: C:\Users\Administrator\AppD..., moz:shutdownTimeout: 60000, moz:useNonSpecCompliantPointerOrigin: false, moz:webdriverClick: true, pageLoadStrategy: normal, platform: WINDOWS, platformName: WINDOWS, platformVersion: 10.0, proxy: Proxy(direct), rotatable: false, setWindowRect: true, strictFileInteractability: false, timeouts: {implicit: 0, pageLoad: 300000, script: 30000}, unhandledPromptBehavior: dismiss and notify}
Session ID: 832e66c4-b5b3-4412-b8d2-be52cbd4c136
	at org.openqa.selenium.remote.http.W3CHttpResponseCodec.createException(W3CHttpResponseCodec.java:187)
	at org.openqa.selenium.remote.http.W3CHttpResponseCodec.decode(W3CHttpResponseCodec.java:122)
	at org.openqa.selenium.remote.http.W3CHttpResponseCodec.decode(W3CHttpResponseCodec.java:49)
	at org.openqa.selenium.remote.HttpCommandExecutor.execute(HttpCommandExecutor.java:158)
	at org.openqa.selenium.remote.service.DriverCommandExecutor.execute(DriverCommandExecutor.java:83)
	at org.openqa.selenium.remote.RemoteWebDriver.execute(RemoteWebDriver.java:552)
	at com.kms.katalon.selenium.driver.CFirefoxDriver.execute(CFirefoxDriver.java:27)
	at org.openqa.selenium.remote.RemoteWebElement.execute(RemoteWebElement.java:285)
	at org.openqa.selenium.remote.RemoteWebElement.sendKeys(RemoteWebElement.java:106)
	at org.openqa.selenium.support.events.EventFiringWebDriver$EventFiringWebElement.lambda$new$0(EventFiringWebDriver.java:404)
	at com.sun.proxy.$Proxy10.sendKeys(Unknown Source)
	at org.openqa.selenium.support.events.EventFiringWebDriver$EventFiringWebElement.sendKeys(EventFiringWebDriver.java:429)
	at com.kms.katalon.core.webui.keyword.builtin.UploadFileKeyword$_uploadFile_closure1.doCall(UploadFileKeyword.groovy:80)
	at com.kms.katalon.core.webui.keyword.builtin.UploadFileKeyword$_uploadFile_closure1.call(UploadFileKeyword.groovy)
	at com.kms.katalon.core.webui.keyword.internal.WebUIKeywordMain.runKeyword(WebUIKeywordMain.groovy:20)
	at com.kms.katalon.core.webui.keyword.builtin.UploadFileKeyword.uploadFile(UploadFileKeyword.groovy:87)
	at com.kms.katalon.core.webui.keyword.builtin.UploadFileKeyword.execute(UploadFileKeyword.groovy:68)
	at com.kms.katalon.core.keyword.internal.KeywordExecutor.executeKeywordForPlatform(KeywordExecutor.groovy:72)
	at com.kms.katalon.core.webui.keyword.WebUiBuiltInKeywords.uploadFile(WebUiBuiltInKeywords.groovy:2971)
	at com.kms.katalon.core.webui.keyword.WebUiBuiltInKeywords$uploadFile$14.call(Unknown Source)
	at Script1585302902526.run(Script1585302902526.groovy:66)
	... 13 more
)

2020-04-15 15:57:47 - [MESSAGE][FAILED] - Unable to upload file 'C:\Users\HP\git\chiraghAdminPanel\Include\PropertyImages\1584693242612-Scanned_Passport_Copy.png' to object 'Object Repository/Front End Objects/TopUp(AED)/Page_Chiragh - Transaction Top Up/UploadReceipt' (Root cause: com.kms.katalon.core.exception.StepFailedException: Unable to upload file 'C:\Users\HP\git\chiraghAdminPanel\Include\PropertyImages\1584693242612-Scanned_Passport_Copy.png' to object 'Object Repository/Front End Objects/TopUp(AED)/Page_Chiragh - Transaction Top Up/UploadReceipt'
	at com.kms.katalon.core.webui.keyword.internal.WebUIKeywordMain.stepFailed(WebUIKeywordMain.groovy:64)
	at com.kms.katalon.core.webui.keyword.internal.WebUIKeywordMain.runKeyword(WebUIKeywordMain.groovy:26)
	at com.kms.katalon.core.webui.keyword.builtin.UploadFileKeyword.uploadFile(UploadFileKeyword.groovy:87)
	at com.kms.katalon.core.webui.keyword.builtin.UploadFileKeyword.execute(UploadFileKeyword.groovy:68)
	at com.kms.katalon.core.keyword.internal.KeywordExecutor.executeKeywordForPlatform(KeywordExecutor.groovy:72)
	at com.kms.katalon.core.webui.keyword.WebUiBuiltInKeywords.uploadFile(WebUiBuiltInKeywords.groovy:2971)
	at com.kms.katalon.core.webui.keyword.WebUiBuiltInKeywords$uploadFile$14.call(Unknown Source)
	at TC_TopUP(AED)_003.run(TC_TopUP(AED)_003:66)
	at com.kms.katalon.core.main.ScriptEngine.run(ScriptEngine.java:194)
	at com.kms.katalon.core.main.ScriptEngine.runScriptAsRawText(ScriptEngine.java:119)
	at com.kms.katalon.core.main.TestCaseExecutor.runScript(TestCaseExecutor.java:337)
	at com.kms.katalon.core.main.TestCaseExecutor.doExecute(TestCaseExecutor.java:328)
	at com.kms.katalon.core.main.TestCaseExecutor.processExecutionPhase(TestCaseExecutor.java:307)
	at com.kms.katalon.core.main.TestCaseExecutor.accessMainPhase(TestCaseExecutor.java:299)
	at com.kms.katalon.core.main.TestCaseExecutor.execute(TestCaseExecutor.java:233)
	at com.kms.katalon.core.main.TestSuiteExecutor.accessTestCaseMainPhase(TestSuiteExecutor.java:169)
	at com.kms.katalon.core.main.TestSuiteExecutor.accessTestSuiteMainPhase(TestSuiteExecutor.java:142)
	at com.kms.katalon.core.main.TestSuiteExecutor.execute(TestSuiteExecutor.java:91)
	at com.kms.katalon.core.main.TestCaseMain.startTestSuite(TestCaseMain.java:157)
	at com.kms.katalon.core.main.TestCaseMain$startTestSuite$0.call(Unknown Source)
	at TempTestSuite1586965903647.run(TempTestSuite1586965903647.groovy:36)
Caused by: org.openqa.selenium.InvalidArgumentException: File not found: C:\Users\HP\git\chiraghAdminPanel\Include\PropertyImages\1584693242612-Scanned_Passport_Copy.png
Build info: version: '3.141.59', revision: 'e82be7d358', time: '2018-11-14T08:25:53'
System info: host: 'EC2AMAZ-QUDPRKJ', ip: '172.31.5.210', os.name: 'Windows Server 2016', os.arch: 'amd64', os.version: '10.0', java.version: '1.8.0_181'
Driver info: com.kms.katalon.core.webui.driver.firefox.CGeckoDriver
Capabilities {acceptInsecureCerts: true, browserName: firefox, browserVersion: 75.0, javascriptEnabled: true, moz:accessibilityChecks: false, moz:buildID: 20200403170909, moz:geckodriverVersion: 0.23.0, moz:headless: false, moz:processID: 10124, moz:profile: C:\Users\Administrator\AppD..., moz:shutdownTimeout: 60000, moz:useNonSpecCompliantPointerOrigin: false, moz:webdriverClick: true, pageLoadStrategy: normal, platform: WINDOWS, platformName: WINDOWS, platformVersion: 10.0, proxy: Proxy(direct), rotatable: false, setWindowRect: true, strictFileInteractability: false, timeouts: {implicit: 0, pageLoad: 300000, script: 30000}, unhandledPromptBehavior: dismiss and notify}
Session ID: 832e66c4-b5b3-4412-b8d2-be52cbd4c136
	at org.openqa.selenium.remote.http.W3CHttpResponseCodec.createException(W3CHttpResponseCodec.java:187)
	at org.openqa.selenium.remote.http.W3CHttpResponseCodec.decode(W3CHttpResponseCodec.java:122)
	at org.openqa.selenium.remote.http.W3CHttpResponseCodec.decode(W3CHttpResponseCodec.java:49)
	at org.openqa.selenium.remote.HttpCommandExecutor.execute(HttpCommandExecutor.java:158)
	at org.openqa.selenium.remote.service.DriverCommandExecutor.execute(DriverCommandExecutor.java:83)
	at org.openqa.selenium.remote.RemoteWebDriver.execute(RemoteWebDriver.java:552)
	at com.kms.katalon.selenium.driver.CFirefoxDriver.execute(CFirefoxDriver.java:27)
	at org.openqa.selenium.remote.RemoteWebElement.execute(RemoteWebElement.java:285)
	at org.openqa.selenium.remote.RemoteWebElement.sendKeys(RemoteWebElement.java:106)
	at org.openqa.selenium.support.events.EventFiringWebDriver$EventFiringWebElement.lambda$new$0(EventFiringWebDriver.java:404)
	at com.sun.proxy.$Proxy10.sendKeys(Unknown Source)
	at org.openqa.selenium.support.events.EventFiringWebDriver$EventFiringWebElement.sendKeys(EventFiringWebDriver.java:429)
	at com.kms.katalon.core.webui.keyword.builtin.UploadFileKeyword$_uploadFile_closure1.doCall(UploadFileKeyword.groovy:80)
	at com.kms.katalon.core.webui.keyword.builtin.UploadFileKeyword$_uploadFile_closure1.call(UploadFileKeyword.groovy)
	at com.kms.katalon.core.webui.keyword.internal.WebUIKeywordMain.runKeyword(WebUIKeywordMain.groovy:20)
	at com.kms.katalon.core.webui.keyword.builtin.UploadFileKeyword.uploadFile(UploadFileKeyword.groovy:87)
	at com.kms.katalon.core.webui.keyword.builtin.UploadFileKeyword.execute(UploadFileKeyword.groovy:68)
	at com.kms.katalon.core.keyword.internal.KeywordExecutor.executeKeywordForPlatform(KeywordExecutor.groovy:72)
	at com.kms.katalon.core.webui.keyword.WebUiBuiltInKeywords.uploadFile(WebUiBuiltInKeywords.groovy:2971)
	at com.kms.katalon.core.webui.keyword.WebUiBuiltInKeywords$uploadFile$14.call(Unknown Source)
	at Script1585302902526.run(Script1585302902526.groovy:66)
	... 13 more
)
[[ATTACHMENT|C:\\Users\\Administrator\\Git\\chiraghAdminPanel\\Reports\\20200415_155143\\ChiraghWeb_FrontEnd_Tests\\20200415_155143\\1586966267039.png]]

2020-04-15 15:57:49 - [TEST_STEP][PASSED] - Video: Video recording for test case 'Test Cases/Front End/TC_TopUP(AED)_003' .

2020-04-15 15:57:49 - [MESSAGE][INFO] - Video recording for test case 'Test Cases/Front End/TC_TopUP(AED)_003' .
[[ATTACHMENT|C:\\Users\\Administrator\\Git\\chiraghAdminPanel\\Reports\\20200415_155143\\ChiraghWeb_FrontEnd_Tests\\20200415_155143/videos\\test_10.mov]]]]></system-out>
         <system-err><![CDATA[2020-04-15 15:57:08 - [TEST_CASE][FAILED] - Test Cases/Front End/TC_TopUP(AED)_003: Test Cases/Front End/TC_TopUP(AED)_003 FAILED.
Reason:
com.kms.katalon.core.exception.StepFailedException: Unable to upload file 'C:\Users\HP\git\chiraghAdminPanel\Include\PropertyImages\1584693242612-Scanned_Passport_Copy.png' to object 'Object Repository/Front End Objects/TopUp(AED)/Page_Chiragh - Transaction Top Up/UploadReceipt'
	at com.kms.katalon.core.webui.keyword.internal.WebUIKeywordMain.stepFailed(WebUIKeywordMain.groovy:64)
	at com.kms.katalon.core.webui.keyword.internal.WebUIKeywordMain.runKeyword(WebUIKeywordMain.groovy:26)
	at com.kms.katalon.core.webui.keyword.builtin.UploadFileKeyword.uploadFile(UploadFileKeyword.groovy:87)
	at com.kms.katalon.core.webui.keyword.builtin.UploadFileKeyword.execute(UploadFileKeyword.groovy:68)
	at com.kms.katalon.core.keyword.internal.KeywordExecutor.executeKeywordForPlatform(KeywordExecutor.groovy:72)
	at com.kms.katalon.core.webui.keyword.WebUiBuiltInKeywords.uploadFile(WebUiBuiltInKeywords.groovy:2971)
	at com.kms.katalon.core.webui.keyword.WebUiBuiltInKeywords$uploadFile$14.call(Unknown Source)
	at TC_TopUP(AED)_003.run(TC_TopUP(AED)_003:66)
	at com.kms.katalon.core.main.ScriptEngine.run(ScriptEngine.java:194)
	at com.kms.katalon.core.main.ScriptEngine.runScriptAsRawText(ScriptEngine.java:119)
	at com.kms.katalon.core.main.TestCaseExecutor.runScript(TestCaseExecutor.java:337)
	at com.kms.katalon.core.main.TestCaseExecutor.doExecute(TestCaseExecutor.java:328)
	at com.kms.katalon.core.main.TestCaseExecutor.processExecutionPhase(TestCaseExecutor.java:307)
	at com.kms.katalon.core.main.TestCaseExecutor.accessMainPhase(TestCaseExecutor.java:299)
	at com.kms.katalon.core.main.TestCaseExecutor.execute(TestCaseExecutor.java:233)
	at com.kms.katalon.core.main.TestSuiteExecutor.accessTestCaseMainPhase(TestSuiteExecutor.java:169)
	at com.kms.katalon.core.main.TestSuiteExecutor.accessTestSuiteMainPhase(TestSuiteExecutor.java:142)
	at com.kms.katalon.core.main.TestSuiteExecutor.execute(TestSuiteExecutor.java:91)
	at com.kms.katalon.core.main.TestCaseMain.startTestSuite(TestCaseMain.java:157)
	at com.kms.katalon.core.main.TestCaseMain$startTestSuite$0.call(Unknown Source)
	at TempTestSuite1586965903647.run(TempTestSuite1586965903647.groovy:36)
Caused by: org.openqa.selenium.InvalidArgumentException: File not found: C:\Users\HP\git\chiraghAdminPanel\Include\PropertyImages\1584693242612-Scanned_Passport_Copy.png
Build info: version: '3.141.59', revision: 'e82be7d358', time: '2018-11-14T08:25:53'
System info: host: 'EC2AMAZ-QUDPRKJ', ip: '172.31.5.210', os.name: 'Windows Server 2016', os.arch: 'amd64', os.version: '10.0', java.version: '1.8.0_181'
Driver info: com.kms.katalon.core.webui.driver.firefox.CGeckoDriver
Capabilities {acceptInsecureCerts: true, browserName: firefox, browserVersion: 75.0, javascriptEnabled: true, moz:accessibilityChecks: false, moz:buildID: 20200403170909, moz:geckodriverVersion: 0.23.0, moz:headless: false, moz:processID: 10124, moz:profile: C:\Users\Administrator\AppD..., moz:shutdownTimeout: 60000, moz:useNonSpecCompliantPointerOrigin: false, moz:webdriverClick: true, pageLoadStrategy: normal, platform: WINDOWS, platformName: WINDOWS, platformVersion: 10.0, proxy: Proxy(direct), rotatable: false, setWindowRect: true, strictFileInteractability: false, timeouts: {implicit: 0, pageLoad: 300000, script: 30000}, unhandledPromptBehavior: dismiss and notify}
Session ID: 832e66c4-b5b3-4412-b8d2-be52cbd4c136
	at org.openqa.selenium.remote.http.W3CHttpResponseCodec.createException(W3CHttpResponseCodec.java:187)
	at org.openqa.selenium.remote.http.W3CHttpResponseCodec.decode(W3CHttpResponseCodec.java:122)
	at org.openqa.selenium.remote.http.W3CHttpResponseCodec.decode(W3CHttpResponseCodec.java:49)
	at org.openqa.selenium.remote.HttpCommandExecutor.execute(HttpCommandExecutor.java:158)
	at org.openqa.selenium.remote.service.DriverCommandExecutor.execute(DriverCommandExecutor.java:83)
	at org.openqa.selenium.remote.RemoteWebDriver.execute(RemoteWebDriver.java:552)
	at com.kms.katalon.selenium.driver.CFirefoxDriver.execute(CFirefoxDriver.java:27)
	at org.openqa.selenium.remote.RemoteWebElement.execute(RemoteWebElement.java:285)
	at org.openqa.selenium.remote.RemoteWebElement.sendKeys(RemoteWebElement.java:106)
	at org.openqa.selenium.support.events.EventFiringWebDriver$EventFiringWebElement.lambda$new$0(EventFiringWebDriver.java:404)
	at com.sun.proxy.$Proxy10.sendKeys(Unknown Source)
	at org.openqa.selenium.support.events.EventFiringWebDriver$EventFiringWebElement.sendKeys(EventFiringWebDriver.java:429)
	at com.kms.katalon.core.webui.keyword.builtin.UploadFileKeyword$_uploadFile_closure1.doCall(UploadFileKeyword.groovy:80)
	at com.kms.katalon.core.webui.keyword.builtin.UploadFileKeyword$_uploadFile_closure1.call(UploadFileKeyword.groovy)
	at com.kms.katalon.core.webui.keyword.internal.WebUIKeywordMain.runKeyword(WebUIKeywordMain.groovy:20)
	... 19 more]]></system-err>
      </testcase>
      <testcase name="Test Cases/Front End/TC_TopUP(EUR)_004" time="44.581" classname="Test Cases/Front End/TC_TopUP(EUR)_004" status="FAILED">
         <failure type="FAILED" message="Test Cases/Front End/TC_TopUP(EUR)_004 FAILED.
Reason:
com.kms.katalon.core.exception.StepFailedException: Unable to upload file 'C:\Users\HP\git\chiraghAdminPanel\Include\PropertyImages\1584693242612-Scanned_Passport_Copy.png' to object 'Object Repository/Front End Objects/TopUp(AED)/Page_Chiragh - Transaction Top Up/UploadReceipt'
	at com.kms.katalon.core.webui.keyword.internal.WebUIKeywordMain.stepFailed(WebUIKeywordMain.groovy:64)
	at com.kms.katalon.core.webui.keyword.internal.WebUIKeywordMain.runKeyword(WebUIKeywordMain.groovy:26)
	at com.kms.katalon.core.webui.keyword.builtin.UploadFileKeyword.uploadFile(UploadFileKeyword.groovy:87)
	at com.kms.katalon.core.webui.keyword.builtin.UploadFileKeyword.execute(UploadFileKeyword.groovy:68)
	at com.kms.katalon.core.keyword.internal.KeywordExecutor.executeKeywordForPlatform(KeywordExecutor.groovy:72)
	at com.kms.katalon.core.webui.keyword.WebUiBuiltInKeywords.uploadFile(WebUiBuiltInKeywords.groovy:2971)
	at com.kms.katalon.core.webui.keyword.WebUiBuiltInKeywords$uploadFile$14.call(Unknown Source)
	at TC_TopUP(EUR)_004.run(TC_TopUP(EUR)_004:68)
	at com.kms.katalon.core.main.ScriptEngine.run(ScriptEngine.java:194)
	at com.kms.katalon.core.main.ScriptEngine.runScriptAsRawText(ScriptEngine.java:119)
	at com.kms.katalon.core.main.TestCaseExecutor.runScript(TestCaseExecutor.java:337)
	at com.kms.katalon.core.main.TestCaseExecutor.doExecute(TestCaseExecutor.java:328)
	at com.kms.katalon.core.main.TestCaseExecutor.processExecutionPhase(TestCaseExecutor.java:307)
	at com.kms.katalon.core.main.TestCaseExecutor.accessMainPhase(TestCaseExecutor.java:299)
	at com.kms.katalon.core.main.TestCaseExecutor.execute(TestCaseExecutor.java:233)
	at com.kms.katalon.core.main.TestSuiteExecutor.accessTestCaseMainPhase(TestSuiteExecutor.java:169)
	at com.kms.katalon.core.main.TestSuiteExecutor.accessTestSuiteMainPhase(TestSuiteExecutor.java:142)
	at com.kms.katalon.core.main.TestSuiteExecutor.execute(TestSuiteExecutor.java:91)
	at com.kms.katalon.core.main.TestCaseMain.startTestSuite(TestCaseMain.java:157)
	at com.kms.katalon.core.main.TestCaseMain$startTestSuite$0.call(Unknown Source)
	at TempTestSuite1586965903647.run(TempTestSuite1586965903647.groovy:36)
Caused by: org.openqa.selenium.InvalidArgumentException: File not found: C:\Users\HP\git\chiraghAdminPanel\Include\PropertyImages\1584693242612-Scanned_Passport_Copy.png
Build info: version: '3.141.59', revision: 'e82be7d358', time: '2018-11-14T08:25:53'
System info: host: 'EC2AMAZ-QUDPRKJ', ip: '172.31.5.210', os.name: 'Windows Server 2016', os.arch: 'amd64', os.version: '10.0', java.version: '1.8.0_181'
Driver info: com.kms.katalon.core.webui.driver.firefox.CGeckoDriver
Capabilities {acceptInsecureCerts: true, browserName: firefox, browserVersion: 75.0, javascriptEnabled: true, moz:accessibilityChecks: false, moz:buildID: 20200403170909, moz:geckodriverVersion: 0.23.0, moz:headless: false, moz:processID: 4348, moz:profile: C:\Users\Administrator\AppD..., moz:shutdownTimeout: 60000, moz:useNonSpecCompliantPointerOrigin: false, moz:webdriverClick: true, pageLoadStrategy: normal, platform: WINDOWS, platformName: WINDOWS, platformVersion: 10.0, proxy: Proxy(direct), rotatable: false, setWindowRect: true, strictFileInteractability: false, timeouts: {implicit: 0, pageLoad: 300000, script: 30000}, unhandledPromptBehavior: dismiss and notify}
Session ID: 612995cd-e948-4799-9c79-9aa8aff46b0a
	at org.openqa.selenium.remote.http.W3CHttpResponseCodec.createException(W3CHttpResponseCodec.java:187)
	at org.openqa.selenium.remote.http.W3CHttpResponseCodec.decode(W3CHttpResponseCodec.java:122)
	at org.openqa.selenium.remote.http.W3CHttpResponseCodec.decode(W3CHttpResponseCodec.java:49)
	at org.openqa.selenium.remote.HttpCommandExecutor.execute(HttpCommandExecutor.java:158)
	at org.openqa.selenium.remote.service.DriverCommandExecutor.execute(DriverCommandExecutor.java:83)
	at org.openqa.selenium.remote.RemoteWebDriver.execute(RemoteWebDriver.java:552)
	at com.kms.katalon.selenium.driver.CFirefoxDriver.execute(CFirefoxDriver.java:27)
	at org.openqa.selenium.remote.RemoteWebElement.execute(RemoteWebElement.java:285)
	at org.openqa.selenium.remote.RemoteWebElement.sendKeys(RemoteWebElement.java:106)
	at org.openqa.selenium.support.events.EventFiringWebDriver$EventFiringWebElement.lambda$new$0(EventFiringWebDriver.java:404)
	at com.sun.proxy.$Proxy10.sendKeys(Unknown Source)
	at org.openqa.selenium.support.events.EventFiringWebDriver$EventFiringWebElement.sendKeys(EventFiringWebDriver.java:429)
	at com.kms.katalon.core.webui.keyword.builtin.UploadFileKeyword$_uploadFile_closure1.doCall(UploadFileKeyword.groovy:80)
	at com.kms.katalon.core.webui.keyword.builtin.UploadFileKeyword$_uploadFile_closure1.call(UploadFileKeyword.groovy)
	at com.kms.katalon.core.webui.keyword.internal.WebUIKeywordMain.runKeyword(WebUIKeywordMain.groovy:20)
	... 19 more
"/>
         <system-out><![CDATA[2020-04-15 15:57:49 - [TEST_CASE][FAILED] - Test Cases/Front End/TC_TopUP(EUR)_004: Test Cases/Front End/TC_TopUP(EUR)_004 FAILED.
Reason:
com.kms.katalon.core.exception.StepFailedException: Unable to upload file 'C:\Users\HP\git\chiraghAdminPanel\Include\PropertyImages\1584693242612-Scanned_Passport_Copy.png' to object 'Object Repository/Front End Objects/TopUp(AED)/Page_Chiragh - Transaction Top Up/UploadReceipt'
	at com.kms.katalon.core.webui.keyword.internal.WebUIKeywordMain.stepFailed(WebUIKeywordMain.groovy:64)
	at com.kms.katalon.core.webui.keyword.internal.WebUIKeywordMain.runKeyword(WebUIKeywordMain.groovy:26)
	at com.kms.katalon.core.webui.keyword.builtin.UploadFileKeyword.uploadFile(UploadFileKeyword.groovy:87)
	at com.kms.katalon.core.webui.keyword.builtin.UploadFileKeyword.execute(UploadFileKeyword.groovy:68)
	at com.kms.katalon.core.keyword.internal.KeywordExecutor.executeKeywordForPlatform(KeywordExecutor.groovy:72)
	at com.kms.katalon.core.webui.keyword.WebUiBuiltInKeywords.uploadFile(WebUiBuiltInKeywords.groovy:2971)
	at com.kms.katalon.core.webui.keyword.WebUiBuiltInKeywords$uploadFile$14.call(Unknown Source)
	at TC_TopUP(EUR)_004.run(TC_TopUP(EUR)_004:68)
	at com.kms.katalon.core.main.ScriptEngine.run(ScriptEngine.java:194)
	at com.kms.katalon.core.main.ScriptEngine.runScriptAsRawText(ScriptEngine.java:119)
	at com.kms.katalon.core.main.TestCaseExecutor.runScript(TestCaseExecutor.java:337)
	at com.kms.katalon.core.main.TestCaseExecutor.doExecute(TestCaseExecutor.java:328)
	at com.kms.katalon.core.main.TestCaseExecutor.processExecutionPhase(TestCaseExecutor.java:307)
	at com.kms.katalon.core.main.TestCaseExecutor.accessMainPhase(TestCaseExecutor.java:299)
	at com.kms.katalon.core.main.TestCaseExecutor.execute(TestCaseExecutor.java:233)
	at com.kms.katalon.core.main.TestSuiteExecutor.accessTestCaseMainPhase(TestSuiteExecutor.java:169)
	at com.kms.katalon.core.main.TestSuiteExecutor.accessTestSuiteMainPhase(TestSuiteExecutor.java:142)
	at com.kms.katalon.core.main.TestSuiteExecutor.execute(TestSuiteExecutor.java:91)
	at com.kms.katalon.core.main.TestCaseMain.startTestSuite(TestCaseMain.java:157)
	at com.kms.katalon.core.main.TestCaseMain$startTestSuite$0.call(Unknown Source)
	at TempTestSuite1586965903647.run(TempTestSuite1586965903647.groovy:36)
Caused by: org.openqa.selenium.InvalidArgumentException: File not found: C:\Users\HP\git\chiraghAdminPanel\Include\PropertyImages\1584693242612-Scanned_Passport_Copy.png
Build info: version: '3.141.59', revision: 'e82be7d358', time: '2018-11-14T08:25:53'
System info: host: 'EC2AMAZ-QUDPRKJ', ip: '172.31.5.210', os.name: 'Windows Server 2016', os.arch: 'amd64', os.version: '10.0', java.version: '1.8.0_181'
Driver info: com.kms.katalon.core.webui.driver.firefox.CGeckoDriver
Capabilities {acceptInsecureCerts: true, browserName: firefox, browserVersion: 75.0, javascriptEnabled: true, moz:accessibilityChecks: false, moz:buildID: 20200403170909, moz:geckodriverVersion: 0.23.0, moz:headless: false, moz:processID: 4348, moz:profile: C:\Users\Administrator\AppD..., moz:shutdownTimeout: 60000, moz:useNonSpecCompliantPointerOrigin: false, moz:webdriverClick: true, pageLoadStrategy: normal, platform: WINDOWS, platformName: WINDOWS, platformVersion: 10.0, proxy: Proxy(direct), rotatable: false, setWindowRect: true, strictFileInteractability: false, timeouts: {implicit: 0, pageLoad: 300000, script: 30000}, unhandledPromptBehavior: dismiss and notify}
Session ID: 612995cd-e948-4799-9c79-9aa8aff46b0a
	at org.openqa.selenium.remote.http.W3CHttpResponseCodec.createException(W3CHttpResponseCodec.java:187)
	at org.openqa.selenium.remote.http.W3CHttpResponseCodec.decode(W3CHttpResponseCodec.java:122)
	at org.openqa.selenium.remote.http.W3CHttpResponseCodec.decode(W3CHttpResponseCodec.java:49)
	at org.openqa.selenium.remote.HttpCommandExecutor.execute(HttpCommandExecutor.java:158)
	at org.openqa.selenium.remote.service.DriverCommandExecutor.execute(DriverCommandExecutor.java:83)
	at org.openqa.selenium.remote.RemoteWebDriver.execute(RemoteWebDriver.java:552)
	at com.kms.katalon.selenium.driver.CFirefoxDriver.execute(CFirefoxDriver.java:27)
	at org.openqa.selenium.remote.RemoteWebElement.execute(RemoteWebElement.java:285)
	at org.openqa.selenium.remote.RemoteWebElement.sendKeys(RemoteWebElement.java:106)
	at org.openqa.selenium.support.events.EventFiringWebDriver$EventFiringWebElement.lambda$new$0(EventFiringWebDriver.java:404)
	at com.sun.proxy.$Proxy10.sendKeys(Unknown Source)
	at org.openqa.selenium.support.events.EventFiringWebDriver$EventFiringWebElement.sendKeys(EventFiringWebDriver.java:429)
	at com.kms.katalon.core.webui.keyword.builtin.UploadFileKeyword$_uploadFile_closure1.doCall(UploadFileKeyword.groovy:80)
	at com.kms.katalon.core.webui.keyword.builtin.UploadFileKeyword$_uploadFile_closure1.call(UploadFileKeyword.groovy)
	at com.kms.katalon.core.webui.keyword.internal.WebUIKeywordMain.runKeyword(WebUIKeywordMain.groovy:20)
	... 19 more


2020-04-15 15:57:49 - [TEST_STEP][PASSED] - openBrowser(""): Browser is opened with url: ''

2020-04-15 15:57:49 - [MESSAGE][WARNING] - A browser is already opened. Closing browser and opening a new one

2020-04-15 15:57:50 - [MESSAGE][INFO] - Starting 'Firefox' driver

2020-04-15 15:57:50 - [MESSAGE][INFO] - Action delay is set to 0 milliseconds

2020-04-15 15:57:53 - [MESSAGE][PASSED] - Browser is opened with url: ''

2020-04-15 15:57:53 - [TEST_STEP][PASSED] - navigateToUrl(Url): Navigate to 'http://test.chiragh.com' successfully

2020-04-15 15:57:54 - [MESSAGE][PASSED] - Navigate to 'http://test.chiragh.com' successfully

2020-04-15 15:57:54 - [TEST_STEP][PASSED] - waitForPageLoad(15): Wait for page load successfully

2020-04-15 15:57:54 - [MESSAGE][PASSED] - Wait for page load successfully

2020-04-15 15:57:54 - [TEST_STEP][PASSED] - maximizeWindow(): Current window maximized

2020-04-15 15:57:54 - [MESSAGE][PASSED] - Current window maximized

2020-04-15 15:57:54 - [TEST_STEP][PASSED] - delay(3): Delayed 3 second(s)

2020-04-15 15:57:57 - [MESSAGE][PASSED] - Delayed 3 second(s)

2020-04-15 15:57:57 - [TEST_STEP][PASSED] - click(findTestObject("Object Repository/Front End Objects/LoginWithValidCredentials/Page_Chiragh - Home/a_ENG_dropdownMenuLink")): Object: 'Object Repository/Front End Objects/LoginWithValidCredentials/Page_Chiragh - Home/a_ENG_dropdownMenuLink' is clicked on

2020-04-15 15:57:58 - [MESSAGE][PASSED] - Object: 'Object Repository/Front End Objects/LoginWithValidCredentials/Page_Chiragh - Home/a_ENG_dropdownMenuLink' is clicked on

2020-04-15 15:57:58 - [TEST_STEP][PASSED] - click(findTestObject("Object Repository/Front End Objects/LoginWithValidCredentials/Page_Chiragh - Home/a_Login")): Object: 'Object Repository/Front End Objects/LoginWithValidCredentials/Page_Chiragh - Home/a_Login' is clicked on

2020-04-15 15:57:59 - [MESSAGE][PASSED] - Object: 'Object Repository/Front End Objects/LoginWithValidCredentials/Page_Chiragh - Home/a_Login' is clicked on

2020-04-15 15:57:59 - [TEST_STEP][PASSED] - setText(findTestObject("Object Repository/Front End Objects/LoginWithValidCredentials/Page_Chiragh - Login/input_Username_un"), userName): Text 'AUTOCHIRAGH' is set on object 'Object Repository/Front End Objects/LoginWithValidCredentials/Page_Chiragh - Login/input_Username_un'

2020-04-15 15:58:00 - [MESSAGE][PASSED] - Text 'AUTOCHIRAGH' is set on object 'Object Repository/Front End Objects/LoginWithValidCredentials/Page_Chiragh - Login/input_Username_un'

2020-04-15 15:58:00 - [TEST_STEP][PASSED] - setEncryptedText(findTestObject("Object Repository/Front End Objects/LoginWithValidCredentials/Page_Chiragh - Login/input_Password_userPassword"), "RigbBhfdqOBDK95asqKeHw=="): Text ****** has been set on object 'Object Repository/Front End Objects/LoginWithValidCredentials/Page_Chiragh - Login/input_Password_userPassword'

2020-04-15 15:58:00 - [MESSAGE][PASSED] - Text ****** has been set on object 'Object Repository/Front End Objects/LoginWithValidCredentials/Page_Chiragh - Login/input_Password_userPassword'

2020-04-15 15:58:00 - [TEST_STEP][PASSED] - click(findTestObject("Object Repository/Front End Objects/LoginWithValidCredentials/Page_Chiragh - Login/button_Log In")): Object: 'Object Repository/Front End Objects/LoginWithValidCredentials/Page_Chiragh - Login/button_Log In' is clicked on

2020-04-15 15:58:01 - [MESSAGE][PASSED] - Object: 'Object Repository/Front End Objects/LoginWithValidCredentials/Page_Chiragh - Login/button_Log In' is clicked on

2020-04-15 15:58:01 - [TEST_STEP][PASSED] - waitForPageLoad(15): Wait for page load successfully

2020-04-15 15:58:01 - [MESSAGE][PASSED] - Wait for page load successfully

2020-04-15 15:58:01 - [TEST_STEP][PASSED] - click(findTestObject("Object Repository/Front End Objects/LoginWithValidCredentials/Page_Chiragh - Home/a_a month ago_dropdownMenuLink")): Object: 'Object Repository/Front End Objects/LoginWithValidCredentials/Page_Chiragh - Home/a_a month ago_dropdownMenuLink' is clicked on

2020-04-15 15:58:03 - [MESSAGE][PASSED] - Object: 'Object Repository/Front End Objects/LoginWithValidCredentials/Page_Chiragh - Home/a_a month ago_dropdownMenuLink' is clicked on

2020-04-15 15:58:03 - [TEST_STEP][PASSED] - delay(5): Delayed 5 second(s)

2020-04-15 15:58:08 - [MESSAGE][PASSED] - Delayed 5 second(s)

2020-04-15 15:58:08 - [TEST_STEP][PASSED] - click(findTestObject("Object Repository/Front End Objects/LoginWithValidCredentials/Page_Chiragh - Home/a_HI AutoChiragh")): Object: 'Object Repository/Front End Objects/LoginWithValidCredentials/Page_Chiragh - Home/a_HI AutoChiragh' is clicked on

2020-04-15 15:58:09 - [MESSAGE][PASSED] - Object: 'Object Repository/Front End Objects/LoginWithValidCredentials/Page_Chiragh - Home/a_HI AutoChiragh' is clicked on

2020-04-15 15:58:09 - [TEST_STEP][PASSED] - click(findTestObject("Front End Objects/TopUp(AED)/Page_Chiragh - Dashborad Home/a_My Wallet")): Object: 'Object Repository/Front End Objects/TopUp(AED)/Page_Chiragh - Dashborad Home/a_My Wallet' is clicked on

2020-04-15 15:58:11 - [MESSAGE][PASSED] - Object: 'Object Repository/Front End Objects/TopUp(AED)/Page_Chiragh - Dashborad Home/a_My Wallet' is clicked on

2020-04-15 15:58:11 - [TEST_STEP][PASSED] - click(findTestObject("Front End Objects/TopUp(AED)/Page_Chiragh - User Account Summary/a_Make a Transaction")): Object: 'Object Repository/Front End Objects/TopUp(AED)/Page_Chiragh - User Account Summary/a_Make a Transaction' is clicked on

2020-04-15 15:58:13 - [MESSAGE][PASSED] - Object: 'Object Repository/Front End Objects/TopUp(AED)/Page_Chiragh - User Account Summary/a_Make a Transaction' is clicked on

2020-04-15 15:58:13 - [TEST_STEP][PASSED] - delay(3): Delayed 3 second(s)

2020-04-15 15:58:16 - [MESSAGE][PASSED] - Delayed 3 second(s)

2020-04-15 15:58:16 - [TEST_STEP][PASSED] - setText(findTestObject("Front End Objects/TopUp(AED)/Page_Chiragh - Transaction Top Up/input_Chiragh Wallet _amount"), "1000"): Text '1000' is set on object 'Object Repository/Front End Objects/TopUp(AED)/Page_Chiragh - Transaction Top Up/input_Chiragh Wallet _amount'

2020-04-15 15:58:17 - [MESSAGE][PASSED] - Text '1000' is set on object 'Object Repository/Front End Objects/TopUp(AED)/Page_Chiragh - Transaction Top Up/input_Chiragh Wallet _amount'

2020-04-15 15:58:17 - [TEST_STEP][PASSED] - click(findTestObject("Object Repository/Front End Objects/TopUp(AED)/Page_Chiragh - Transaction Top Up/select_USD AED EUR")): Object: 'Object Repository/Front End Objects/TopUp(AED)/Page_Chiragh - Transaction Top Up/select_USD AED EUR' is clicked on

2020-04-15 15:58:17 - [MESSAGE][PASSED] - Object: 'Object Repository/Front End Objects/TopUp(AED)/Page_Chiragh - Transaction Top Up/select_USD AED EUR' is clicked on

2020-04-15 15:58:17 - [TEST_STEP][PASSED] - click(findTestObject("Object Repository/Front End Objects/TopUp(AED)/Page_Chiragh - Transaction Top Up/currency_EUR")): Object: 'Object Repository/Front End Objects/TopUp(AED)/Page_Chiragh - Transaction Top Up/currency_EUR' is clicked on

2020-04-15 15:58:18 - [MESSAGE][PASSED] - Object: 'Object Repository/Front End Objects/TopUp(AED)/Page_Chiragh - Transaction Top Up/currency_EUR' is clicked on

2020-04-15 15:58:18 - [TEST_STEP][PASSED] - delay(5): Delayed 5 second(s)

2020-04-15 15:58:23 - [MESSAGE][PASSED] - Delayed 5 second(s)

2020-04-15 15:58:23 - [TEST_STEP][PASSED] - click(findTestObject("Front End Objects/TopUp(AED)/Page_Chiragh - Transaction Top Up/select_ChiraghBank")): Object: 'Object Repository/Front End Objects/TopUp(AED)/Page_Chiragh - Transaction Top Up/select_ChiraghBank' is clicked on

2020-04-15 15:58:23 - [MESSAGE][PASSED] - Object: 'Object Repository/Front End Objects/TopUp(AED)/Page_Chiragh - Transaction Top Up/select_ChiraghBank' is clicked on

2020-04-15 15:58:23 - [TEST_STEP][PASSED] - click(findTestObject("Front End Objects/TopUp(AED)/Page_Chiragh - Transaction Top Up/BankOption1")): Object: 'Object Repository/Front End Objects/TopUp(AED)/Page_Chiragh - Transaction Top Up/BankOption1' is clicked on

2020-04-15 15:58:24 - [MESSAGE][PASSED] - Object: 'Object Repository/Front End Objects/TopUp(AED)/Page_Chiragh - Transaction Top Up/BankOption1' is clicked on

2020-04-15 15:58:24 - [TEST_STEP][PASSED] - setText(findTestObject("Front End Objects/TopUp(AED)/Page_Chiragh - Transaction Top Up/input_Transaction ID _transact"), "676767"): Text '676767' is set on object 'Object Repository/Front End Objects/TopUp(AED)/Page_Chiragh - Transaction Top Up/input_Transaction ID _transact'

2020-04-15 15:58:31 - [MESSAGE][PASSED] - Text '676767' is set on object 'Object Repository/Front End Objects/TopUp(AED)/Page_Chiragh - Transaction Top Up/input_Transaction ID _transact'

2020-04-15 15:58:31 - [TEST_STEP][FAILED] - uploadFile(findTestObject("Front End Objects/TopUp(AED)/Page_Chiragh - Transaction Top Up/UploadReceipt"), "C:\Users\HP\git\chiraghAdminPanel\Include\PropertyImages\1584693242612-Scanned_Passport_Copy.png"): Unable to upload file 'C:\Users\HP\git\chiraghAdminPanel\Include\PropertyImages\1584693242612-Scanned_Passport_Copy.png' to object 'Object Repository/Front End Objects/TopUp(AED)/Page_Chiragh - Transaction Top Up/UploadReceipt' (Root cause: com.kms.katalon.core.exception.StepFailedException: Unable to upload file 'C:\Users\HP\git\chiraghAdminPanel\Include\PropertyImages\1584693242612-Scanned_Passport_Copy.png' to object 'Object Repository/Front End Objects/TopUp(AED)/Page_Chiragh - Transaction Top Up/UploadReceipt'
	at com.kms.katalon.core.webui.keyword.internal.WebUIKeywordMain.stepFailed(WebUIKeywordMain.groovy:64)
	at com.kms.katalon.core.webui.keyword.internal.WebUIKeywordMain.runKeyword(WebUIKeywordMain.groovy:26)
	at com.kms.katalon.core.webui.keyword.builtin.UploadFileKeyword.uploadFile(UploadFileKeyword.groovy:87)
	at com.kms.katalon.core.webui.keyword.builtin.UploadFileKeyword.execute(UploadFileKeyword.groovy:68)
	at com.kms.katalon.core.keyword.internal.KeywordExecutor.executeKeywordForPlatform(KeywordExecutor.groovy:72)
	at com.kms.katalon.core.webui.keyword.WebUiBuiltInKeywords.uploadFile(WebUiBuiltInKeywords.groovy:2971)
	at com.kms.katalon.core.webui.keyword.WebUiBuiltInKeywords$uploadFile$14.call(Unknown Source)
	at TC_TopUP(EUR)_004.run(TC_TopUP(EUR)_004:68)
	at com.kms.katalon.core.main.ScriptEngine.run(ScriptEngine.java:194)
	at com.kms.katalon.core.main.ScriptEngine.runScriptAsRawText(ScriptEngine.java:119)
	at com.kms.katalon.core.main.TestCaseExecutor.runScript(TestCaseExecutor.java:337)
	at com.kms.katalon.core.main.TestCaseExecutor.doExecute(TestCaseExecutor.java:328)
	at com.kms.katalon.core.main.TestCaseExecutor.processExecutionPhase(TestCaseExecutor.java:307)
	at com.kms.katalon.core.main.TestCaseExecutor.accessMainPhase(TestCaseExecutor.java:299)
	at com.kms.katalon.core.main.TestCaseExecutor.execute(TestCaseExecutor.java:233)
	at com.kms.katalon.core.main.TestSuiteExecutor.accessTestCaseMainPhase(TestSuiteExecutor.java:169)
	at com.kms.katalon.core.main.TestSuiteExecutor.accessTestSuiteMainPhase(TestSuiteExecutor.java:142)
	at com.kms.katalon.core.main.TestSuiteExecutor.execute(TestSuiteExecutor.java:91)
	at com.kms.katalon.core.main.TestCaseMain.startTestSuite(TestCaseMain.java:157)
	at com.kms.katalon.core.main.TestCaseMain$startTestSuite$0.call(Unknown Source)
	at TempTestSuite1586965903647.run(TempTestSuite1586965903647.groovy:36)
Caused by: org.openqa.selenium.InvalidArgumentException: File not found: C:\Users\HP\git\chiraghAdminPanel\Include\PropertyImages\1584693242612-Scanned_Passport_Copy.png
Build info: version: '3.141.59', revision: 'e82be7d358', time: '2018-11-14T08:25:53'
System info: host: 'EC2AMAZ-QUDPRKJ', ip: '172.31.5.210', os.name: 'Windows Server 2016', os.arch: 'amd64', os.version: '10.0', java.version: '1.8.0_181'
Driver info: com.kms.katalon.core.webui.driver.firefox.CGeckoDriver
Capabilities {acceptInsecureCerts: true, browserName: firefox, browserVersion: 75.0, javascriptEnabled: true, moz:accessibilityChecks: false, moz:buildID: 20200403170909, moz:geckodriverVersion: 0.23.0, moz:headless: false, moz:processID: 4348, moz:profile: C:\Users\Administrator\AppD..., moz:shutdownTimeout: 60000, moz:useNonSpecCompliantPointerOrigin: false, moz:webdriverClick: true, pageLoadStrategy: normal, platform: WINDOWS, platformName: WINDOWS, platformVersion: 10.0, proxy: Proxy(direct), rotatable: false, setWindowRect: true, strictFileInteractability: false, timeouts: {implicit: 0, pageLoad: 300000, script: 30000}, unhandledPromptBehavior: dismiss and notify}
Session ID: 612995cd-e948-4799-9c79-9aa8aff46b0a
	at org.openqa.selenium.remote.http.W3CHttpResponseCodec.createException(W3CHttpResponseCodec.java:187)
	at org.openqa.selenium.remote.http.W3CHttpResponseCodec.decode(W3CHttpResponseCodec.java:122)
	at org.openqa.selenium.remote.http.W3CHttpResponseCodec.decode(W3CHttpResponseCodec.java:49)
	at org.openqa.selenium.remote.HttpCommandExecutor.execute(HttpCommandExecutor.java:158)
	at org.openqa.selenium.remote.service.DriverCommandExecutor.execute(DriverCommandExecutor.java:83)
	at org.openqa.selenium.remote.RemoteWebDriver.execute(RemoteWebDriver.java:552)
	at com.kms.katalon.selenium.driver.CFirefoxDriver.execute(CFirefoxDriver.java:27)
	at org.openqa.selenium.remote.RemoteWebElement.execute(RemoteWebElement.java:285)
	at org.openqa.selenium.remote.RemoteWebElement.sendKeys(RemoteWebElement.java:106)
	at org.openqa.selenium.support.events.EventFiringWebDriver$EventFiringWebElement.lambda$new$0(EventFiringWebDriver.java:404)
	at com.sun.proxy.$Proxy10.sendKeys(Unknown Source)
	at org.openqa.selenium.support.events.EventFiringWebDriver$EventFiringWebElement.sendKeys(EventFiringWebDriver.java:429)
	at com.kms.katalon.core.webui.keyword.builtin.UploadFileKeyword$_uploadFile_closure1.doCall(UploadFileKeyword.groovy:80)
	at com.kms.katalon.core.webui.keyword.builtin.UploadFileKeyword$_uploadFile_closure1.call(UploadFileKeyword.groovy)
	at com.kms.katalon.core.webui.keyword.internal.WebUIKeywordMain.runKeyword(WebUIKeywordMain.groovy:20)
	at com.kms.katalon.core.webui.keyword.builtin.UploadFileKeyword.uploadFile(UploadFileKeyword.groovy:87)
	at com.kms.katalon.core.webui.keyword.builtin.UploadFileKeyword.execute(UploadFileKeyword.groovy:68)
	at com.kms.katalon.core.keyword.internal.KeywordExecutor.executeKeywordForPlatform(KeywordExecutor.groovy:72)
	at com.kms.katalon.core.webui.keyword.WebUiBuiltInKeywords.uploadFile(WebUiBuiltInKeywords.groovy:2971)
	at com.kms.katalon.core.webui.keyword.WebUiBuiltInKeywords$uploadFile$14.call(Unknown Source)
	at Script1585303668614.run(Script1585303668614.groovy:68)
	... 13 more
)

2020-04-15 15:58:31 - [MESSAGE][FAILED] - Unable to upload file 'C:\Users\HP\git\chiraghAdminPanel\Include\PropertyImages\1584693242612-Scanned_Passport_Copy.png' to object 'Object Repository/Front End Objects/TopUp(AED)/Page_Chiragh - Transaction Top Up/UploadReceipt' (Root cause: com.kms.katalon.core.exception.StepFailedException: Unable to upload file 'C:\Users\HP\git\chiraghAdminPanel\Include\PropertyImages\1584693242612-Scanned_Passport_Copy.png' to object 'Object Repository/Front End Objects/TopUp(AED)/Page_Chiragh - Transaction Top Up/UploadReceipt'
	at com.kms.katalon.core.webui.keyword.internal.WebUIKeywordMain.stepFailed(WebUIKeywordMain.groovy:64)
	at com.kms.katalon.core.webui.keyword.internal.WebUIKeywordMain.runKeyword(WebUIKeywordMain.groovy:26)
	at com.kms.katalon.core.webui.keyword.builtin.UploadFileKeyword.uploadFile(UploadFileKeyword.groovy:87)
	at com.kms.katalon.core.webui.keyword.builtin.UploadFileKeyword.execute(UploadFileKeyword.groovy:68)
	at com.kms.katalon.core.keyword.internal.KeywordExecutor.executeKeywordForPlatform(KeywordExecutor.groovy:72)
	at com.kms.katalon.core.webui.keyword.WebUiBuiltInKeywords.uploadFile(WebUiBuiltInKeywords.groovy:2971)
	at com.kms.katalon.core.webui.keyword.WebUiBuiltInKeywords$uploadFile$14.call(Unknown Source)
	at TC_TopUP(EUR)_004.run(TC_TopUP(EUR)_004:68)
	at com.kms.katalon.core.main.ScriptEngine.run(ScriptEngine.java:194)
	at com.kms.katalon.core.main.ScriptEngine.runScriptAsRawText(ScriptEngine.java:119)
	at com.kms.katalon.core.main.TestCaseExecutor.runScript(TestCaseExecutor.java:337)
	at com.kms.katalon.core.main.TestCaseExecutor.doExecute(TestCaseExecutor.java:328)
	at com.kms.katalon.core.main.TestCaseExecutor.processExecutionPhase(TestCaseExecutor.java:307)
	at com.kms.katalon.core.main.TestCaseExecutor.accessMainPhase(TestCaseExecutor.java:299)
	at com.kms.katalon.core.main.TestCaseExecutor.execute(TestCaseExecutor.java:233)
	at com.kms.katalon.core.main.TestSuiteExecutor.accessTestCaseMainPhase(TestSuiteExecutor.java:169)
	at com.kms.katalon.core.main.TestSuiteExecutor.accessTestSuiteMainPhase(TestSuiteExecutor.java:142)
	at com.kms.katalon.core.main.TestSuiteExecutor.execute(TestSuiteExecutor.java:91)
	at com.kms.katalon.core.main.TestCaseMain.startTestSuite(TestCaseMain.java:157)
	at com.kms.katalon.core.main.TestCaseMain$startTestSuite$0.call(Unknown Source)
	at TempTestSuite1586965903647.run(TempTestSuite1586965903647.groovy:36)
Caused by: org.openqa.selenium.InvalidArgumentException: File not found: C:\Users\HP\git\chiraghAdminPanel\Include\PropertyImages\1584693242612-Scanned_Passport_Copy.png
Build info: version: '3.141.59', revision: 'e82be7d358', time: '2018-11-14T08:25:53'
System info: host: 'EC2AMAZ-QUDPRKJ', ip: '172.31.5.210', os.name: 'Windows Server 2016', os.arch: 'amd64', os.version: '10.0', java.version: '1.8.0_181'
Driver info: com.kms.katalon.core.webui.driver.firefox.CGeckoDriver
Capabilities {acceptInsecureCerts: true, browserName: firefox, browserVersion: 75.0, javascriptEnabled: true, moz:accessibilityChecks: false, moz:buildID: 20200403170909, moz:geckodriverVersion: 0.23.0, moz:headless: false, moz:processID: 4348, moz:profile: C:\Users\Administrator\AppD..., moz:shutdownTimeout: 60000, moz:useNonSpecCompliantPointerOrigin: false, moz:webdriverClick: true, pageLoadStrategy: normal, platform: WINDOWS, platformName: WINDOWS, platformVersion: 10.0, proxy: Proxy(direct), rotatable: false, setWindowRect: true, strictFileInteractability: false, timeouts: {implicit: 0, pageLoad: 300000, script: 30000}, unhandledPromptBehavior: dismiss and notify}
Session ID: 612995cd-e948-4799-9c79-9aa8aff46b0a
	at org.openqa.selenium.remote.http.W3CHttpResponseCodec.createException(W3CHttpResponseCodec.java:187)
	at org.openqa.selenium.remote.http.W3CHttpResponseCodec.decode(W3CHttpResponseCodec.java:122)
	at org.openqa.selenium.remote.http.W3CHttpResponseCodec.decode(W3CHttpResponseCodec.java:49)
	at org.openqa.selenium.remote.HttpCommandExecutor.execute(HttpCommandExecutor.java:158)
	at org.openqa.selenium.remote.service.DriverCommandExecutor.execute(DriverCommandExecutor.java:83)
	at org.openqa.selenium.remote.RemoteWebDriver.execute(RemoteWebDriver.java:552)
	at com.kms.katalon.selenium.driver.CFirefoxDriver.execute(CFirefoxDriver.java:27)
	at org.openqa.selenium.remote.RemoteWebElement.execute(RemoteWebElement.java:285)
	at org.openqa.selenium.remote.RemoteWebElement.sendKeys(RemoteWebElement.java:106)
	at org.openqa.selenium.support.events.EventFiringWebDriver$EventFiringWebElement.lambda$new$0(EventFiringWebDriver.java:404)
	at com.sun.proxy.$Proxy10.sendKeys(Unknown Source)
	at org.openqa.selenium.support.events.EventFiringWebDriver$EventFiringWebElement.sendKeys(EventFiringWebDriver.java:429)
	at com.kms.katalon.core.webui.keyword.builtin.UploadFileKeyword$_uploadFile_closure1.doCall(UploadFileKeyword.groovy:80)
	at com.kms.katalon.core.webui.keyword.builtin.UploadFileKeyword$_uploadFile_closure1.call(UploadFileKeyword.groovy)
	at com.kms.katalon.core.webui.keyword.internal.WebUIKeywordMain.runKeyword(WebUIKeywordMain.groovy:20)
	at com.kms.katalon.core.webui.keyword.builtin.UploadFileKeyword.uploadFile(UploadFileKeyword.groovy:87)
	at com.kms.katalon.core.webui.keyword.builtin.UploadFileKeyword.execute(UploadFileKeyword.groovy:68)
	at com.kms.katalon.core.keyword.internal.KeywordExecutor.executeKeywordForPlatform(KeywordExecutor.groovy:72)
	at com.kms.katalon.core.webui.keyword.WebUiBuiltInKeywords.uploadFile(WebUiBuiltInKeywords.groovy:2971)
	at com.kms.katalon.core.webui.keyword.WebUiBuiltInKeywords$uploadFile$14.call(Unknown Source)
	at Script1585303668614.run(Script1585303668614.groovy:68)
	... 13 more
)
[[ATTACHMENT|C:\\Users\\Administrator\\Git\\chiraghAdminPanel\\Reports\\20200415_155143\\ChiraghWeb_FrontEnd_Tests\\20200415_155143\\1586966311644.png]]

2020-04-15 15:58:33 - [TEST_STEP][PASSED] - Video: Video recording for test case 'Test Cases/Front End/TC_TopUP(EUR)_004' .

2020-04-15 15:58:33 - [MESSAGE][INFO] - Video recording for test case 'Test Cases/Front End/TC_TopUP(EUR)_004' .
[[ATTACHMENT|C:\\Users\\Administrator\\Git\\chiraghAdminPanel\\Reports\\20200415_155143\\ChiraghWeb_FrontEnd_Tests\\20200415_155143/videos\\test_11.mov]]]]></system-out>
         <system-err><![CDATA[2020-04-15 15:57:49 - [TEST_CASE][FAILED] - Test Cases/Front End/TC_TopUP(EUR)_004: Test Cases/Front End/TC_TopUP(EUR)_004 FAILED.
Reason:
com.kms.katalon.core.exception.StepFailedException: Unable to upload file 'C:\Users\HP\git\chiraghAdminPanel\Include\PropertyImages\1584693242612-Scanned_Passport_Copy.png' to object 'Object Repository/Front End Objects/TopUp(AED)/Page_Chiragh - Transaction Top Up/UploadReceipt'
	at com.kms.katalon.core.webui.keyword.internal.WebUIKeywordMain.stepFailed(WebUIKeywordMain.groovy:64)
	at com.kms.katalon.core.webui.keyword.internal.WebUIKeywordMain.runKeyword(WebUIKeywordMain.groovy:26)
	at com.kms.katalon.core.webui.keyword.builtin.UploadFileKeyword.uploadFile(UploadFileKeyword.groovy:87)
	at com.kms.katalon.core.webui.keyword.builtin.UploadFileKeyword.execute(UploadFileKeyword.groovy:68)
	at com.kms.katalon.core.keyword.internal.KeywordExecutor.executeKeywordForPlatform(KeywordExecutor.groovy:72)
	at com.kms.katalon.core.webui.keyword.WebUiBuiltInKeywords.uploadFile(WebUiBuiltInKeywords.groovy:2971)
	at com.kms.katalon.core.webui.keyword.WebUiBuiltInKeywords$uploadFile$14.call(Unknown Source)
	at TC_TopUP(EUR)_004.run(TC_TopUP(EUR)_004:68)
	at com.kms.katalon.core.main.ScriptEngine.run(ScriptEngine.java:194)
	at com.kms.katalon.core.main.ScriptEngine.runScriptAsRawText(ScriptEngine.java:119)
	at com.kms.katalon.core.main.TestCaseExecutor.runScript(TestCaseExecutor.java:337)
	at com.kms.katalon.core.main.TestCaseExecutor.doExecute(TestCaseExecutor.java:328)
	at com.kms.katalon.core.main.TestCaseExecutor.processExecutionPhase(TestCaseExecutor.java:307)
	at com.kms.katalon.core.main.TestCaseExecutor.accessMainPhase(TestCaseExecutor.java:299)
	at com.kms.katalon.core.main.TestCaseExecutor.execute(TestCaseExecutor.java:233)
	at com.kms.katalon.core.main.TestSuiteExecutor.accessTestCaseMainPhase(TestSuiteExecutor.java:169)
	at com.kms.katalon.core.main.TestSuiteExecutor.accessTestSuiteMainPhase(TestSuiteExecutor.java:142)
	at com.kms.katalon.core.main.TestSuiteExecutor.execute(TestSuiteExecutor.java:91)
	at com.kms.katalon.core.main.TestCaseMain.startTestSuite(TestCaseMain.java:157)
	at com.kms.katalon.core.main.TestCaseMain$startTestSuite$0.call(Unknown Source)
	at TempTestSuite1586965903647.run(TempTestSuite1586965903647.groovy:36)
Caused by: org.openqa.selenium.InvalidArgumentException: File not found: C:\Users\HP\git\chiraghAdminPanel\Include\PropertyImages\1584693242612-Scanned_Passport_Copy.png
Build info: version: '3.141.59', revision: 'e82be7d358', time: '2018-11-14T08:25:53'
System info: host: 'EC2AMAZ-QUDPRKJ', ip: '172.31.5.210', os.name: 'Windows Server 2016', os.arch: 'amd64', os.version: '10.0', java.version: '1.8.0_181'
Driver info: com.kms.katalon.core.webui.driver.firefox.CGeckoDriver
Capabilities {acceptInsecureCerts: true, browserName: firefox, browserVersion: 75.0, javascriptEnabled: true, moz:accessibilityChecks: false, moz:buildID: 20200403170909, moz:geckodriverVersion: 0.23.0, moz:headless: false, moz:processID: 4348, moz:profile: C:\Users\Administrator\AppD..., moz:shutdownTimeout: 60000, moz:useNonSpecCompliantPointerOrigin: false, moz:webdriverClick: true, pageLoadStrategy: normal, platform: WINDOWS, platformName: WINDOWS, platformVersion: 10.0, proxy: Proxy(direct), rotatable: false, setWindowRect: true, strictFileInteractability: false, timeouts: {implicit: 0, pageLoad: 300000, script: 30000}, unhandledPromptBehavior: dismiss and notify}
Session ID: 612995cd-e948-4799-9c79-9aa8aff46b0a
	at org.openqa.selenium.remote.http.W3CHttpResponseCodec.createException(W3CHttpResponseCodec.java:187)
	at org.openqa.selenium.remote.http.W3CHttpResponseCodec.decode(W3CHttpResponseCodec.java:122)
	at org.openqa.selenium.remote.http.W3CHttpResponseCodec.decode(W3CHttpResponseCodec.java:49)
	at org.openqa.selenium.remote.HttpCommandExecutor.execute(HttpCommandExecutor.java:158)
	at org.openqa.selenium.remote.service.DriverCommandExecutor.execute(DriverCommandExecutor.java:83)
	at org.openqa.selenium.remote.RemoteWebDriver.execute(RemoteWebDriver.java:552)
	at com.kms.katalon.selenium.driver.CFirefoxDriver.execute(CFirefoxDriver.java:27)
	at org.openqa.selenium.remote.RemoteWebElement.execute(RemoteWebElement.java:285)
	at org.openqa.selenium.remote.RemoteWebElement.sendKeys(RemoteWebElement.java:106)
	at org.openqa.selenium.support.events.EventFiringWebDriver$EventFiringWebElement.lambda$new$0(EventFiringWebDriver.java:404)
	at com.sun.proxy.$Proxy10.sendKeys(Unknown Source)
	at org.openqa.selenium.support.events.EventFiringWebDriver$EventFiringWebElement.sendKeys(EventFiringWebDriver.java:429)
	at com.kms.katalon.core.webui.keyword.builtin.UploadFileKeyword$_uploadFile_closure1.doCall(UploadFileKeyword.groovy:80)
	at com.kms.katalon.core.webui.keyword.builtin.UploadFileKeyword$_uploadFile_closure1.call(UploadFileKeyword.groovy)
	at com.kms.katalon.core.webui.keyword.internal.WebUIKeywordMain.runKeyword(WebUIKeywordMain.groovy:20)
	... 19 more]]></system-err>
      </testcase>
      <testcase name="Test Cases/Front End/TC_TopUP(USD)_005" time="52.765" classname="Test Cases/Front End/TC_TopUP(USD)_005" status="FAILED">
         <failure type="FAILED" message="Test Cases/Front End/TC_TopUP(USD)_005 FAILED.
Reason:
com.kms.katalon.core.exception.StepFailedException: Unable to upload file 'C:\Users\HP\git\chiraghAdminPanel\Include\PropertyImages\1584693242612-Scanned_Passport_Copy.png' to object 'Object Repository/Front End Objects/TopUp(AED)/Page_Chiragh - Transaction Top Up/UploadReceipt'
	at com.kms.katalon.core.webui.keyword.internal.WebUIKeywordMain.stepFailed(WebUIKeywordMain.groovy:64)
	at com.kms.katalon.core.webui.keyword.internal.WebUIKeywordMain.runKeyword(WebUIKeywordMain.groovy:26)
	at com.kms.katalon.core.webui.keyword.builtin.UploadFileKeyword.uploadFile(UploadFileKeyword.groovy:87)
	at com.kms.katalon.core.webui.keyword.builtin.UploadFileKeyword.execute(UploadFileKeyword.groovy:68)
	at com.kms.katalon.core.keyword.internal.KeywordExecutor.executeKeywordForPlatform(KeywordExecutor.groovy:72)
	at com.kms.katalon.core.webui.keyword.WebUiBuiltInKeywords.uploadFile(WebUiBuiltInKeywords.groovy:2971)
	at com.kms.katalon.core.webui.keyword.WebUiBuiltInKeywords$uploadFile$14.call(Unknown Source)
	at TC_TopUP(USD)_005.run(TC_TopUP(USD)_005:70)
	at com.kms.katalon.core.main.ScriptEngine.run(ScriptEngine.java:194)
	at com.kms.katalon.core.main.ScriptEngine.runScriptAsRawText(ScriptEngine.java:119)
	at com.kms.katalon.core.main.TestCaseExecutor.runScript(TestCaseExecutor.java:337)
	at com.kms.katalon.core.main.TestCaseExecutor.doExecute(TestCaseExecutor.java:328)
	at com.kms.katalon.core.main.TestCaseExecutor.processExecutionPhase(TestCaseExecutor.java:307)
	at com.kms.katalon.core.main.TestCaseExecutor.accessMainPhase(TestCaseExecutor.java:299)
	at com.kms.katalon.core.main.TestCaseExecutor.execute(TestCaseExecutor.java:233)
	at com.kms.katalon.core.main.TestSuiteExecutor.accessTestCaseMainPhase(TestSuiteExecutor.java:169)
	at com.kms.katalon.core.main.TestSuiteExecutor.accessTestSuiteMainPhase(TestSuiteExecutor.java:142)
	at com.kms.katalon.core.main.TestSuiteExecutor.execute(TestSuiteExecutor.java:91)
	at com.kms.katalon.core.main.TestCaseMain.startTestSuite(TestCaseMain.java:157)
	at com.kms.katalon.core.main.TestCaseMain$startTestSuite$0.call(Unknown Source)
	at TempTestSuite1586965903647.run(TempTestSuite1586965903647.groovy:36)
Caused by: org.openqa.selenium.InvalidArgumentException: File not found: C:\Users\HP\git\chiraghAdminPanel\Include\PropertyImages\1584693242612-Scanned_Passport_Copy.png
Build info: version: '3.141.59', revision: 'e82be7d358', time: '2018-11-14T08:25:53'
System info: host: 'EC2AMAZ-QUDPRKJ', ip: '172.31.5.210', os.name: 'Windows Server 2016', os.arch: 'amd64', os.version: '10.0', java.version: '1.8.0_181'
Driver info: com.kms.katalon.core.webui.driver.firefox.CGeckoDriver
Capabilities {acceptInsecureCerts: true, browserName: firefox, browserVersion: 75.0, javascriptEnabled: true, moz:accessibilityChecks: false, moz:buildID: 20200403170909, moz:geckodriverVersion: 0.23.0, moz:headless: false, moz:processID: 8448, moz:profile: C:\Users\Administrator\AppD..., moz:shutdownTimeout: 60000, moz:useNonSpecCompliantPointerOrigin: false, moz:webdriverClick: true, pageLoadStrategy: normal, platform: WINDOWS, platformName: WINDOWS, platformVersion: 10.0, proxy: Proxy(direct), rotatable: false, setWindowRect: true, strictFileInteractability: false, timeouts: {implicit: 0, pageLoad: 300000, script: 30000}, unhandledPromptBehavior: dismiss and notify}
Session ID: a2b7e09e-7140-4916-8ec9-032aed2fd722
	at org.openqa.selenium.remote.http.W3CHttpResponseCodec.createException(W3CHttpResponseCodec.java:187)
	at org.openqa.selenium.remote.http.W3CHttpResponseCodec.decode(W3CHttpResponseCodec.java:122)
	at org.openqa.selenium.remote.http.W3CHttpResponseCodec.decode(W3CHttpResponseCodec.java:49)
	at org.openqa.selenium.remote.HttpCommandExecutor.execute(HttpCommandExecutor.java:158)
	at org.openqa.selenium.remote.service.DriverCommandExecutor.execute(DriverCommandExecutor.java:83)
	at org.openqa.selenium.remote.RemoteWebDriver.execute(RemoteWebDriver.java:552)
	at com.kms.katalon.selenium.driver.CFirefoxDriver.execute(CFirefoxDriver.java:27)
	at org.openqa.selenium.remote.RemoteWebElement.execute(RemoteWebElement.java:285)
	at org.openqa.selenium.remote.RemoteWebElement.sendKeys(RemoteWebElement.java:106)
	at org.openqa.selenium.support.events.EventFiringWebDriver$EventFiringWebElement.lambda$new$0(EventFiringWebDriver.java:404)
	at com.sun.proxy.$Proxy10.sendKeys(Unknown Source)
	at org.openqa.selenium.support.events.EventFiringWebDriver$EventFiringWebElement.sendKeys(EventFiringWebDriver.java:429)
	at com.kms.katalon.core.webui.keyword.builtin.UploadFileKeyword$_uploadFile_closure1.doCall(UploadFileKeyword.groovy:80)
	at com.kms.katalon.core.webui.keyword.builtin.UploadFileKeyword$_uploadFile_closure1.call(UploadFileKeyword.groovy)
	at com.kms.katalon.core.webui.keyword.internal.WebUIKeywordMain.runKeyword(WebUIKeywordMain.groovy:20)
	... 19 more
"/>
         <system-out><![CDATA[2020-04-15 15:58:33 - [TEST_CASE][FAILED] - Test Cases/Front End/TC_TopUP(USD)_005: Test Cases/Front End/TC_TopUP(USD)_005 FAILED.
Reason:
com.kms.katalon.core.exception.StepFailedException: Unable to upload file 'C:\Users\HP\git\chiraghAdminPanel\Include\PropertyImages\1584693242612-Scanned_Passport_Copy.png' to object 'Object Repository/Front End Objects/TopUp(AED)/Page_Chiragh - Transaction Top Up/UploadReceipt'
	at com.kms.katalon.core.webui.keyword.internal.WebUIKeywordMain.stepFailed(WebUIKeywordMain.groovy:64)
	at com.kms.katalon.core.webui.keyword.internal.WebUIKeywordMain.runKeyword(WebUIKeywordMain.groovy:26)
	at com.kms.katalon.core.webui.keyword.builtin.UploadFileKeyword.uploadFile(UploadFileKeyword.groovy:87)
	at com.kms.katalon.core.webui.keyword.builtin.UploadFileKeyword.execute(UploadFileKeyword.groovy:68)
	at com.kms.katalon.core.keyword.internal.KeywordExecutor.executeKeywordForPlatform(KeywordExecutor.groovy:72)
	at com.kms.katalon.core.webui.keyword.WebUiBuiltInKeywords.uploadFile(WebUiBuiltInKeywords.groovy:2971)
	at com.kms.katalon.core.webui.keyword.WebUiBuiltInKeywords$uploadFile$14.call(Unknown Source)
	at TC_TopUP(USD)_005.run(TC_TopUP(USD)_005:70)
	at com.kms.katalon.core.main.ScriptEngine.run(ScriptEngine.java:194)
	at com.kms.katalon.core.main.ScriptEngine.runScriptAsRawText(ScriptEngine.java:119)
	at com.kms.katalon.core.main.TestCaseExecutor.runScript(TestCaseExecutor.java:337)
	at com.kms.katalon.core.main.TestCaseExecutor.doExecute(TestCaseExecutor.java:328)
	at com.kms.katalon.core.main.TestCaseExecutor.processExecutionPhase(TestCaseExecutor.java:307)
	at com.kms.katalon.core.main.TestCaseExecutor.accessMainPhase(TestCaseExecutor.java:299)
	at com.kms.katalon.core.main.TestCaseExecutor.execute(TestCaseExecutor.java:233)
	at com.kms.katalon.core.main.TestSuiteExecutor.accessTestCaseMainPhase(TestSuiteExecutor.java:169)
	at com.kms.katalon.core.main.TestSuiteExecutor.accessTestSuiteMainPhase(TestSuiteExecutor.java:142)
	at com.kms.katalon.core.main.TestSuiteExecutor.execute(TestSuiteExecutor.java:91)
	at com.kms.katalon.core.main.TestCaseMain.startTestSuite(TestCaseMain.java:157)
	at com.kms.katalon.core.main.TestCaseMain$startTestSuite$0.call(Unknown Source)
	at TempTestSuite1586965903647.run(TempTestSuite1586965903647.groovy:36)
Caused by: org.openqa.selenium.InvalidArgumentException: File not found: C:\Users\HP\git\chiraghAdminPanel\Include\PropertyImages\1584693242612-Scanned_Passport_Copy.png
Build info: version: '3.141.59', revision: 'e82be7d358', time: '2018-11-14T08:25:53'
System info: host: 'EC2AMAZ-QUDPRKJ', ip: '172.31.5.210', os.name: 'Windows Server 2016', os.arch: 'amd64', os.version: '10.0', java.version: '1.8.0_181'
Driver info: com.kms.katalon.core.webui.driver.firefox.CGeckoDriver
Capabilities {acceptInsecureCerts: true, browserName: firefox, browserVersion: 75.0, javascriptEnabled: true, moz:accessibilityChecks: false, moz:buildID: 20200403170909, moz:geckodriverVersion: 0.23.0, moz:headless: false, moz:processID: 8448, moz:profile: C:\Users\Administrator\AppD..., moz:shutdownTimeout: 60000, moz:useNonSpecCompliantPointerOrigin: false, moz:webdriverClick: true, pageLoadStrategy: normal, platform: WINDOWS, platformName: WINDOWS, platformVersion: 10.0, proxy: Proxy(direct), rotatable: false, setWindowRect: true, strictFileInteractability: false, timeouts: {implicit: 0, pageLoad: 300000, script: 30000}, unhandledPromptBehavior: dismiss and notify}
Session ID: a2b7e09e-7140-4916-8ec9-032aed2fd722
	at org.openqa.selenium.remote.http.W3CHttpResponseCodec.createException(W3CHttpResponseCodec.java:187)
	at org.openqa.selenium.remote.http.W3CHttpResponseCodec.decode(W3CHttpResponseCodec.java:122)
	at org.openqa.selenium.remote.http.W3CHttpResponseCodec.decode(W3CHttpResponseCodec.java:49)
	at org.openqa.selenium.remote.HttpCommandExecutor.execute(HttpCommandExecutor.java:158)
	at org.openqa.selenium.remote.service.DriverCommandExecutor.execute(DriverCommandExecutor.java:83)
	at org.openqa.selenium.remote.RemoteWebDriver.execute(RemoteWebDriver.java:552)
	at com.kms.katalon.selenium.driver.CFirefoxDriver.execute(CFirefoxDriver.java:27)
	at org.openqa.selenium.remote.RemoteWebElement.execute(RemoteWebElement.java:285)
	at org.openqa.selenium.remote.RemoteWebElement.sendKeys(RemoteWebElement.java:106)
	at org.openqa.selenium.support.events.EventFiringWebDriver$EventFiringWebElement.lambda$new$0(EventFiringWebDriver.java:404)
	at com.sun.proxy.$Proxy10.sendKeys(Unknown Source)
	at org.openqa.selenium.support.events.EventFiringWebDriver$EventFiringWebElement.sendKeys(EventFiringWebDriver.java:429)
	at com.kms.katalon.core.webui.keyword.builtin.UploadFileKeyword$_uploadFile_closure1.doCall(UploadFileKeyword.groovy:80)
	at com.kms.katalon.core.webui.keyword.builtin.UploadFileKeyword$_uploadFile_closure1.call(UploadFileKeyword.groovy)
	at com.kms.katalon.core.webui.keyword.internal.WebUIKeywordMain.runKeyword(WebUIKeywordMain.groovy:20)
	... 19 more


2020-04-15 15:58:33 - [TEST_STEP][PASSED] - openBrowser(""): Browser is opened with url: ''

2020-04-15 15:58:33 - [MESSAGE][WARNING] - A browser is already opened. Closing browser and opening a new one

2020-04-15 15:58:35 - [MESSAGE][INFO] - Starting 'Firefox' driver

2020-04-15 15:58:35 - [MESSAGE][INFO] - Action delay is set to 0 milliseconds

2020-04-15 15:58:37 - [MESSAGE][PASSED] - Browser is opened with url: ''

2020-04-15 15:58:37 - [TEST_STEP][PASSED] - navigateToUrl(Url): Navigate to 'http://test.chiragh.com' successfully

2020-04-15 15:58:39 - [MESSAGE][PASSED] - Navigate to 'http://test.chiragh.com' successfully

2020-04-15 15:58:39 - [TEST_STEP][PASSED] - waitForPageLoad(15): Wait for page load successfully

2020-04-15 15:58:39 - [MESSAGE][PASSED] - Wait for page load successfully

2020-04-15 15:58:39 - [TEST_STEP][PASSED] - maximizeWindow(): Current window maximized

2020-04-15 15:58:39 - [MESSAGE][PASSED] - Current window maximized

2020-04-15 15:58:39 - [TEST_STEP][PASSED] - delay(3): Delayed 3 second(s)

2020-04-15 15:58:42 - [MESSAGE][PASSED] - Delayed 3 second(s)

2020-04-15 15:58:42 - [TEST_STEP][PASSED] - click(findTestObject("Object Repository/Front End Objects/LoginWithValidCredentials/Page_Chiragh - Home/a_ENG_dropdownMenuLink")): Object: 'Object Repository/Front End Objects/LoginWithValidCredentials/Page_Chiragh - Home/a_ENG_dropdownMenuLink' is clicked on

2020-04-15 15:58:43 - [MESSAGE][PASSED] - Object: 'Object Repository/Front End Objects/LoginWithValidCredentials/Page_Chiragh - Home/a_ENG_dropdownMenuLink' is clicked on

2020-04-15 15:58:43 - [TEST_STEP][PASSED] - click(findTestObject("Object Repository/Front End Objects/LoginWithValidCredentials/Page_Chiragh - Home/a_Login")): Object: 'Object Repository/Front End Objects/LoginWithValidCredentials/Page_Chiragh - Home/a_Login' is clicked on

2020-04-15 15:58:44 - [MESSAGE][PASSED] - Object: 'Object Repository/Front End Objects/LoginWithValidCredentials/Page_Chiragh - Home/a_Login' is clicked on

2020-04-15 15:58:44 - [TEST_STEP][PASSED] - setText(findTestObject("Object Repository/Front End Objects/LoginWithValidCredentials/Page_Chiragh - Login/input_Username_un"), userName): Text 'AUTOCHIRAGH' is set on object 'Object Repository/Front End Objects/LoginWithValidCredentials/Page_Chiragh - Login/input_Username_un'

2020-04-15 15:58:44 - [MESSAGE][PASSED] - Text 'AUTOCHIRAGH' is set on object 'Object Repository/Front End Objects/LoginWithValidCredentials/Page_Chiragh - Login/input_Username_un'

2020-04-15 15:58:44 - [TEST_STEP][PASSED] - setEncryptedText(findTestObject("Object Repository/Front End Objects/LoginWithValidCredentials/Page_Chiragh - Login/input_Password_userPassword"), "RigbBhfdqOBDK95asqKeHw=="): Text ****** has been set on object 'Object Repository/Front End Objects/LoginWithValidCredentials/Page_Chiragh - Login/input_Password_userPassword'

2020-04-15 15:58:45 - [MESSAGE][PASSED] - Text ****** has been set on object 'Object Repository/Front End Objects/LoginWithValidCredentials/Page_Chiragh - Login/input_Password_userPassword'

2020-04-15 15:58:45 - [TEST_STEP][PASSED] - click(findTestObject("Object Repository/Front End Objects/LoginWithValidCredentials/Page_Chiragh - Login/button_Log In")): Object: 'Object Repository/Front End Objects/LoginWithValidCredentials/Page_Chiragh - Login/button_Log In' is clicked on

2020-04-15 15:58:46 - [MESSAGE][PASSED] - Object: 'Object Repository/Front End Objects/LoginWithValidCredentials/Page_Chiragh - Login/button_Log In' is clicked on

2020-04-15 15:58:46 - [TEST_STEP][PASSED] - waitForPageLoad(15): Wait for page load successfully

2020-04-15 15:58:46 - [MESSAGE][PASSED] - Wait for page load successfully

2020-04-15 15:58:46 - [TEST_STEP][PASSED] - click(findTestObject("Object Repository/Front End Objects/LoginWithValidCredentials/Page_Chiragh - Home/a_a month ago_dropdownMenuLink")): Object: 'Object Repository/Front End Objects/LoginWithValidCredentials/Page_Chiragh - Home/a_a month ago_dropdownMenuLink' is clicked on

2020-04-15 15:58:48 - [MESSAGE][PASSED] - Object: 'Object Repository/Front End Objects/LoginWithValidCredentials/Page_Chiragh - Home/a_a month ago_dropdownMenuLink' is clicked on

2020-04-15 15:58:48 - [TEST_STEP][PASSED] - delay(5): Delayed 5 second(s)

2020-04-15 15:58:53 - [MESSAGE][PASSED] - Delayed 5 second(s)

2020-04-15 15:58:53 - [TEST_STEP][PASSED] - click(findTestObject("Object Repository/Front End Objects/LoginWithValidCredentials/Page_Chiragh - Home/a_HI AutoChiragh")): Object: 'Object Repository/Front End Objects/LoginWithValidCredentials/Page_Chiragh - Home/a_HI AutoChiragh' is clicked on

2020-04-15 15:58:53 - [MESSAGE][PASSED] - Object: 'Object Repository/Front End Objects/LoginWithValidCredentials/Page_Chiragh - Home/a_HI AutoChiragh' is clicked on

2020-04-15 15:58:53 - [TEST_STEP][PASSED] - click(findTestObject("Front End Objects/TopUp(AED)/Page_Chiragh - Dashborad Home/a_My Wallet")): Object: 'Object Repository/Front End Objects/TopUp(AED)/Page_Chiragh - Dashborad Home/a_My Wallet' is clicked on

2020-04-15 15:58:55 - [MESSAGE][PASSED] - Object: 'Object Repository/Front End Objects/TopUp(AED)/Page_Chiragh - Dashborad Home/a_My Wallet' is clicked on

2020-04-15 15:58:55 - [TEST_STEP][PASSED] - click(findTestObject("Front End Objects/TopUp(AED)/Page_Chiragh - User Account Summary/a_Make a Transaction")): Object: 'Object Repository/Front End Objects/TopUp(AED)/Page_Chiragh - User Account Summary/a_Make a Transaction' is clicked on

2020-04-15 15:58:57 - [MESSAGE][PASSED] - Object: 'Object Repository/Front End Objects/TopUp(AED)/Page_Chiragh - User Account Summary/a_Make a Transaction' is clicked on

2020-04-15 15:58:57 - [TEST_STEP][PASSED] - delay(3): Delayed 3 second(s)

2020-04-15 15:59:00 - [MESSAGE][PASSED] - Delayed 3 second(s)

2020-04-15 15:59:00 - [TEST_STEP][PASSED] - setText(findTestObject("Front End Objects/TopUp(AED)/Page_Chiragh - Transaction Top Up/input_Chiragh Wallet _amount"), "1000"): Text '1000' is set on object 'Object Repository/Front End Objects/TopUp(AED)/Page_Chiragh - Transaction Top Up/input_Chiragh Wallet _amount'

2020-04-15 15:59:01 - [MESSAGE][PASSED] - Text '1000' is set on object 'Object Repository/Front End Objects/TopUp(AED)/Page_Chiragh - Transaction Top Up/input_Chiragh Wallet _amount'

2020-04-15 15:59:01 - [TEST_STEP][PASSED] - delay(3): Delayed 3 second(s)

2020-04-15 15:59:04 - [MESSAGE][PASSED] - Delayed 3 second(s)

2020-04-15 15:59:04 - [TEST_STEP][PASSED] - click(findTestObject("Object Repository/Front End Objects/TopUp(AED)/Page_Chiragh - Transaction Top Up/select_USD AED EUR")): Object: 'Object Repository/Front End Objects/TopUp(AED)/Page_Chiragh - Transaction Top Up/select_USD AED EUR' is clicked on

2020-04-15 15:59:04 - [MESSAGE][PASSED] - Object: 'Object Repository/Front End Objects/TopUp(AED)/Page_Chiragh - Transaction Top Up/select_USD AED EUR' is clicked on

2020-04-15 15:59:04 - [TEST_STEP][PASSED] - click(findTestObject("Object Repository/Front End Objects/TopUp(AED)/Page_Chiragh - Transaction Top Up/currency_USD")): Object: 'Object Repository/Front End Objects/TopUp(AED)/Page_Chiragh - Transaction Top Up/currency_USD' is clicked on

2020-04-15 15:59:05 - [MESSAGE][PASSED] - Object: 'Object Repository/Front End Objects/TopUp(AED)/Page_Chiragh - Transaction Top Up/currency_USD' is clicked on

2020-04-15 15:59:05 - [TEST_STEP][PASSED] - delay(5): Delayed 5 second(s)

2020-04-15 15:59:10 - [MESSAGE][PASSED] - Delayed 5 second(s)

2020-04-15 15:59:10 - [TEST_STEP][PASSED] - click(findTestObject("Front End Objects/TopUp(AED)/Page_Chiragh - Transaction Top Up/select_ChiraghBank")): Object: 'Object Repository/Front End Objects/TopUp(AED)/Page_Chiragh - Transaction Top Up/select_ChiraghBank' is clicked on

2020-04-15 15:59:10 - [MESSAGE][PASSED] - Object: 'Object Repository/Front End Objects/TopUp(AED)/Page_Chiragh - Transaction Top Up/select_ChiraghBank' is clicked on

2020-04-15 15:59:10 - [TEST_STEP][PASSED] - click(findTestObject("Front End Objects/TopUp(AED)/Page_Chiragh - Transaction Top Up/BankOption1")): Object: 'Object Repository/Front End Objects/TopUp(AED)/Page_Chiragh - Transaction Top Up/BankOption1' is clicked on

2020-04-15 15:59:11 - [MESSAGE][PASSED] - Object: 'Object Repository/Front End Objects/TopUp(AED)/Page_Chiragh - Transaction Top Up/BankOption1' is clicked on

2020-04-15 15:59:11 - [TEST_STEP][PASSED] - setText(findTestObject("Front End Objects/TopUp(AED)/Page_Chiragh - Transaction Top Up/input_Transaction ID _transact"), "676767"): Text '676767' is set on object 'Object Repository/Front End Objects/TopUp(AED)/Page_Chiragh - Transaction Top Up/input_Transaction ID _transact'

2020-04-15 15:59:23 - [MESSAGE][PASSED] - Text '676767' is set on object 'Object Repository/Front End Objects/TopUp(AED)/Page_Chiragh - Transaction Top Up/input_Transaction ID _transact'

2020-04-15 15:59:23 - [TEST_STEP][FAILED] - uploadFile(findTestObject("Front End Objects/TopUp(AED)/Page_Chiragh - Transaction Top Up/UploadReceipt"), "C:\Users\HP\git\chiraghAdminPanel\Include\PropertyImages\1584693242612-Scanned_Passport_Copy.png"): Unable to upload file 'C:\Users\HP\git\chiraghAdminPanel\Include\PropertyImages\1584693242612-Scanned_Passport_Copy.png' to object 'Object Repository/Front End Objects/TopUp(AED)/Page_Chiragh - Transaction Top Up/UploadReceipt' (Root cause: com.kms.katalon.core.exception.StepFailedException: Unable to upload file 'C:\Users\HP\git\chiraghAdminPanel\Include\PropertyImages\1584693242612-Scanned_Passport_Copy.png' to object 'Object Repository/Front End Objects/TopUp(AED)/Page_Chiragh - Transaction Top Up/UploadReceipt'
	at com.kms.katalon.core.webui.keyword.internal.WebUIKeywordMain.stepFailed(WebUIKeywordMain.groovy:64)
	at com.kms.katalon.core.webui.keyword.internal.WebUIKeywordMain.runKeyword(WebUIKeywordMain.groovy:26)
	at com.kms.katalon.core.webui.keyword.builtin.UploadFileKeyword.uploadFile(UploadFileKeyword.groovy:87)
	at com.kms.katalon.core.webui.keyword.builtin.UploadFileKeyword.execute(UploadFileKeyword.groovy:68)
	at com.kms.katalon.core.keyword.internal.KeywordExecutor.executeKeywordForPlatform(KeywordExecutor.groovy:72)
	at com.kms.katalon.core.webui.keyword.WebUiBuiltInKeywords.uploadFile(WebUiBuiltInKeywords.groovy:2971)
	at com.kms.katalon.core.webui.keyword.WebUiBuiltInKeywords$uploadFile$14.call(Unknown Source)
	at TC_TopUP(USD)_005.run(TC_TopUP(USD)_005:70)
	at com.kms.katalon.core.main.ScriptEngine.run(ScriptEngine.java:194)
	at com.kms.katalon.core.main.ScriptEngine.runScriptAsRawText(ScriptEngine.java:119)
	at com.kms.katalon.core.main.TestCaseExecutor.runScript(TestCaseExecutor.java:337)
	at com.kms.katalon.core.main.TestCaseExecutor.doExecute(TestCaseExecutor.java:328)
	at com.kms.katalon.core.main.TestCaseExecutor.processExecutionPhase(TestCaseExecutor.java:307)
	at com.kms.katalon.core.main.TestCaseExecutor.accessMainPhase(TestCaseExecutor.java:299)
	at com.kms.katalon.core.main.TestCaseExecutor.execute(TestCaseExecutor.java:233)
	at com.kms.katalon.core.main.TestSuiteExecutor.accessTestCaseMainPhase(TestSuiteExecutor.java:169)
	at com.kms.katalon.core.main.TestSuiteExecutor.accessTestSuiteMainPhase(TestSuiteExecutor.java:142)
	at com.kms.katalon.core.main.TestSuiteExecutor.execute(TestSuiteExecutor.java:91)
	at com.kms.katalon.core.main.TestCaseMain.startTestSuite(TestCaseMain.java:157)
	at com.kms.katalon.core.main.TestCaseMain$startTestSuite$0.call(Unknown Source)
	at TempTestSuite1586965903647.run(TempTestSuite1586965903647.groovy:36)
Caused by: org.openqa.selenium.InvalidArgumentException: File not found: C:\Users\HP\git\chiraghAdminPanel\Include\PropertyImages\1584693242612-Scanned_Passport_Copy.png
Build info: version: '3.141.59', revision: 'e82be7d358', time: '2018-11-14T08:25:53'
System info: host: 'EC2AMAZ-QUDPRKJ', ip: '172.31.5.210', os.name: 'Windows Server 2016', os.arch: 'amd64', os.version: '10.0', java.version: '1.8.0_181'
Driver info: com.kms.katalon.core.webui.driver.firefox.CGeckoDriver
Capabilities {acceptInsecureCerts: true, browserName: firefox, browserVersion: 75.0, javascriptEnabled: true, moz:accessibilityChecks: false, moz:buildID: 20200403170909, moz:geckodriverVersion: 0.23.0, moz:headless: false, moz:processID: 8448, moz:profile: C:\Users\Administrator\AppD..., moz:shutdownTimeout: 60000, moz:useNonSpecCompliantPointerOrigin: false, moz:webdriverClick: true, pageLoadStrategy: normal, platform: WINDOWS, platformName: WINDOWS, platformVersion: 10.0, proxy: Proxy(direct), rotatable: false, setWindowRect: true, strictFileInteractability: false, timeouts: {implicit: 0, pageLoad: 300000, script: 30000}, unhandledPromptBehavior: dismiss and notify}
Session ID: a2b7e09e-7140-4916-8ec9-032aed2fd722
	at org.openqa.selenium.remote.http.W3CHttpResponseCodec.createException(W3CHttpResponseCodec.java:187)
	at org.openqa.selenium.remote.http.W3CHttpResponseCodec.decode(W3CHttpResponseCodec.java:122)
	at org.openqa.selenium.remote.http.W3CHttpResponseCodec.decode(W3CHttpResponseCodec.java:49)
	at org.openqa.selenium.remote.HttpCommandExecutor.execute(HttpCommandExecutor.java:158)
	at org.openqa.selenium.remote.service.DriverCommandExecutor.execute(DriverCommandExecutor.java:83)
	at org.openqa.selenium.remote.RemoteWebDriver.execute(RemoteWebDriver.java:552)
	at com.kms.katalon.selenium.driver.CFirefoxDriver.execute(CFirefoxDriver.java:27)
	at org.openqa.selenium.remote.RemoteWebElement.execute(RemoteWebElement.java:285)
	at org.openqa.selenium.remote.RemoteWebElement.sendKeys(RemoteWebElement.java:106)
	at org.openqa.selenium.support.events.EventFiringWebDriver$EventFiringWebElement.lambda$new$0(EventFiringWebDriver.java:404)
	at com.sun.proxy.$Proxy10.sendKeys(Unknown Source)
	at org.openqa.selenium.support.events.EventFiringWebDriver$EventFiringWebElement.sendKeys(EventFiringWebDriver.java:429)
	at com.kms.katalon.core.webui.keyword.builtin.UploadFileKeyword$_uploadFile_closure1.doCall(UploadFileKeyword.groovy:80)
	at com.kms.katalon.core.webui.keyword.builtin.UploadFileKeyword$_uploadFile_closure1.call(UploadFileKeyword.groovy)
	at com.kms.katalon.core.webui.keyword.internal.WebUIKeywordMain.runKeyword(WebUIKeywordMain.groovy:20)
	at com.kms.katalon.core.webui.keyword.builtin.UploadFileKeyword.uploadFile(UploadFileKeyword.groovy:87)
	at com.kms.katalon.core.webui.keyword.builtin.UploadFileKeyword.execute(UploadFileKeyword.groovy:68)
	at com.kms.katalon.core.keyword.internal.KeywordExecutor.executeKeywordForPlatform(KeywordExecutor.groovy:72)
	at com.kms.katalon.core.webui.keyword.WebUiBuiltInKeywords.uploadFile(WebUiBuiltInKeywords.groovy:2971)
	at com.kms.katalon.core.webui.keyword.WebUiBuiltInKeywords$uploadFile$14.call(Unknown Source)
	at Script1585304284236.run(Script1585304284236.groovy:70)
	... 13 more
)

2020-04-15 15:59:24 - [MESSAGE][FAILED] - Unable to upload file 'C:\Users\HP\git\chiraghAdminPanel\Include\PropertyImages\1584693242612-Scanned_Passport_Copy.png' to object 'Object Repository/Front End Objects/TopUp(AED)/Page_Chiragh - Transaction Top Up/UploadReceipt' (Root cause: com.kms.katalon.core.exception.StepFailedException: Unable to upload file 'C:\Users\HP\git\chiraghAdminPanel\Include\PropertyImages\1584693242612-Scanned_Passport_Copy.png' to object 'Object Repository/Front End Objects/TopUp(AED)/Page_Chiragh - Transaction Top Up/UploadReceipt'
	at com.kms.katalon.core.webui.keyword.internal.WebUIKeywordMain.stepFailed(WebUIKeywordMain.groovy:64)
	at com.kms.katalon.core.webui.keyword.internal.WebUIKeywordMain.runKeyword(WebUIKeywordMain.groovy:26)
	at com.kms.katalon.core.webui.keyword.builtin.UploadFileKeyword.uploadFile(UploadFileKeyword.groovy:87)
	at com.kms.katalon.core.webui.keyword.builtin.UploadFileKeyword.execute(UploadFileKeyword.groovy:68)
	at com.kms.katalon.core.keyword.internal.KeywordExecutor.executeKeywordForPlatform(KeywordExecutor.groovy:72)
	at com.kms.katalon.core.webui.keyword.WebUiBuiltInKeywords.uploadFile(WebUiBuiltInKeywords.groovy:2971)
	at com.kms.katalon.core.webui.keyword.WebUiBuiltInKeywords$uploadFile$14.call(Unknown Source)
	at TC_TopUP(USD)_005.run(TC_TopUP(USD)_005:70)
	at com.kms.katalon.core.main.ScriptEngine.run(ScriptEngine.java:194)
	at com.kms.katalon.core.main.ScriptEngine.runScriptAsRawText(ScriptEngine.java:119)
	at com.kms.katalon.core.main.TestCaseExecutor.runScript(TestCaseExecutor.java:337)
	at com.kms.katalon.core.main.TestCaseExecutor.doExecute(TestCaseExecutor.java:328)
	at com.kms.katalon.core.main.TestCaseExecutor.processExecutionPhase(TestCaseExecutor.java:307)
	at com.kms.katalon.core.main.TestCaseExecutor.accessMainPhase(TestCaseExecutor.java:299)
	at com.kms.katalon.core.main.TestCaseExecutor.execute(TestCaseExecutor.java:233)
	at com.kms.katalon.core.main.TestSuiteExecutor.accessTestCaseMainPhase(TestSuiteExecutor.java:169)
	at com.kms.katalon.core.main.TestSuiteExecutor.accessTestSuiteMainPhase(TestSuiteExecutor.java:142)
	at com.kms.katalon.core.main.TestSuiteExecutor.execute(TestSuiteExecutor.java:91)
	at com.kms.katalon.core.main.TestCaseMain.startTestSuite(TestCaseMain.java:157)
	at com.kms.katalon.core.main.TestCaseMain$startTestSuite$0.call(Unknown Source)
	at TempTestSuite1586965903647.run(TempTestSuite1586965903647.groovy:36)
Caused by: org.openqa.selenium.InvalidArgumentException: File not found: C:\Users\HP\git\chiraghAdminPanel\Include\PropertyImages\1584693242612-Scanned_Passport_Copy.png
Build info: version: '3.141.59', revision: 'e82be7d358', time: '2018-11-14T08:25:53'
System info: host: 'EC2AMAZ-QUDPRKJ', ip: '172.31.5.210', os.name: 'Windows Server 2016', os.arch: 'amd64', os.version: '10.0', java.version: '1.8.0_181'
Driver info: com.kms.katalon.core.webui.driver.firefox.CGeckoDriver
Capabilities {acceptInsecureCerts: true, browserName: firefox, browserVersion: 75.0, javascriptEnabled: true, moz:accessibilityChecks: false, moz:buildID: 20200403170909, moz:geckodriverVersion: 0.23.0, moz:headless: false, moz:processID: 8448, moz:profile: C:\Users\Administrator\AppD..., moz:shutdownTimeout: 60000, moz:useNonSpecCompliantPointerOrigin: false, moz:webdriverClick: true, pageLoadStrategy: normal, platform: WINDOWS, platformName: WINDOWS, platformVersion: 10.0, proxy: Proxy(direct), rotatable: false, setWindowRect: true, strictFileInteractability: false, timeouts: {implicit: 0, pageLoad: 300000, script: 30000}, unhandledPromptBehavior: dismiss and notify}
Session ID: a2b7e09e-7140-4916-8ec9-032aed2fd722
	at org.openqa.selenium.remote.http.W3CHttpResponseCodec.createException(W3CHttpResponseCodec.java:187)
	at org.openqa.selenium.remote.http.W3CHttpResponseCodec.decode(W3CHttpResponseCodec.java:122)
	at org.openqa.selenium.remote.http.W3CHttpResponseCodec.decode(W3CHttpResponseCodec.java:49)
	at org.openqa.selenium.remote.HttpCommandExecutor.execute(HttpCommandExecutor.java:158)
	at org.openqa.selenium.remote.service.DriverCommandExecutor.execute(DriverCommandExecutor.java:83)
	at org.openqa.selenium.remote.RemoteWebDriver.execute(RemoteWebDriver.java:552)
	at com.kms.katalon.selenium.driver.CFirefoxDriver.execute(CFirefoxDriver.java:27)
	at org.openqa.selenium.remote.RemoteWebElement.execute(RemoteWebElement.java:285)
	at org.openqa.selenium.remote.RemoteWebElement.sendKeys(RemoteWebElement.java:106)
	at org.openqa.selenium.support.events.EventFiringWebDriver$EventFiringWebElement.lambda$new$0(EventFiringWebDriver.java:404)
	at com.sun.proxy.$Proxy10.sendKeys(Unknown Source)
	at org.openqa.selenium.support.events.EventFiringWebDriver$EventFiringWebElement.sendKeys(EventFiringWebDriver.java:429)
	at com.kms.katalon.core.webui.keyword.builtin.UploadFileKeyword$_uploadFile_closure1.doCall(UploadFileKeyword.groovy:80)
	at com.kms.katalon.core.webui.keyword.builtin.UploadFileKeyword$_uploadFile_closure1.call(UploadFileKeyword.groovy)
	at com.kms.katalon.core.webui.keyword.internal.WebUIKeywordMain.runKeyword(WebUIKeywordMain.groovy:20)
	at com.kms.katalon.core.webui.keyword.builtin.UploadFileKeyword.uploadFile(UploadFileKeyword.groovy:87)
	at com.kms.katalon.core.webui.keyword.builtin.UploadFileKeyword.execute(UploadFileKeyword.groovy:68)
	at com.kms.katalon.core.keyword.internal.KeywordExecutor.executeKeywordForPlatform(KeywordExecutor.groovy:72)
	at com.kms.katalon.core.webui.keyword.WebUiBuiltInKeywords.uploadFile(WebUiBuiltInKeywords.groovy:2971)
	at com.kms.katalon.core.webui.keyword.WebUiBuiltInKeywords$uploadFile$14.call(Unknown Source)
	at Script1585304284236.run(Script1585304284236.groovy:70)
	... 13 more
)
[[ATTACHMENT|C:\\Users\\Administrator\\Git\\chiraghAdminPanel\\Reports\\20200415_155143\\ChiraghWeb_FrontEnd_Tests\\20200415_155143\\1586966364399.png]]

2020-04-15 15:59:26 - [TEST_STEP][PASSED] - Video: Video recording for test case 'Test Cases/Front End/TC_TopUP(USD)_005' .

2020-04-15 15:59:26 - [MESSAGE][INFO] - Video recording for test case 'Test Cases/Front End/TC_TopUP(USD)_005' .
[[ATTACHMENT|C:\\Users\\Administrator\\Git\\chiraghAdminPanel\\Reports\\20200415_155143\\ChiraghWeb_FrontEnd_Tests\\20200415_155143/videos\\test_12.mov]]]]></system-out>
         <system-err><![CDATA[2020-04-15 15:58:33 - [TEST_CASE][FAILED] - Test Cases/Front End/TC_TopUP(USD)_005: Test Cases/Front End/TC_TopUP(USD)_005 FAILED.
Reason:
com.kms.katalon.core.exception.StepFailedException: Unable to upload file 'C:\Users\HP\git\chiraghAdminPanel\Include\PropertyImages\1584693242612-Scanned_Passport_Copy.png' to object 'Object Repository/Front End Objects/TopUp(AED)/Page_Chiragh - Transaction Top Up/UploadReceipt'
	at com.kms.katalon.core.webui.keyword.internal.WebUIKeywordMain.stepFailed(WebUIKeywordMain.groovy:64)
	at com.kms.katalon.core.webui.keyword.internal.WebUIKeywordMain.runKeyword(WebUIKeywordMain.groovy:26)
	at com.kms.katalon.core.webui.keyword.builtin.UploadFileKeyword.uploadFile(UploadFileKeyword.groovy:87)
	at com.kms.katalon.core.webui.keyword.builtin.UploadFileKeyword.execute(UploadFileKeyword.groovy:68)
	at com.kms.katalon.core.keyword.internal.KeywordExecutor.executeKeywordForPlatform(KeywordExecutor.groovy:72)
	at com.kms.katalon.core.webui.keyword.WebUiBuiltInKeywords.uploadFile(WebUiBuiltInKeywords.groovy:2971)
	at com.kms.katalon.core.webui.keyword.WebUiBuiltInKeywords$uploadFile$14.call(Unknown Source)
	at TC_TopUP(USD)_005.run(TC_TopUP(USD)_005:70)
	at com.kms.katalon.core.main.ScriptEngine.run(ScriptEngine.java:194)
	at com.kms.katalon.core.main.ScriptEngine.runScriptAsRawText(ScriptEngine.java:119)
	at com.kms.katalon.core.main.TestCaseExecutor.runScript(TestCaseExecutor.java:337)
	at com.kms.katalon.core.main.TestCaseExecutor.doExecute(TestCaseExecutor.java:328)
	at com.kms.katalon.core.main.TestCaseExecutor.processExecutionPhase(TestCaseExecutor.java:307)
	at com.kms.katalon.core.main.TestCaseExecutor.accessMainPhase(TestCaseExecutor.java:299)
	at com.kms.katalon.core.main.TestCaseExecutor.execute(TestCaseExecutor.java:233)
	at com.kms.katalon.core.main.TestSuiteExecutor.accessTestCaseMainPhase(TestSuiteExecutor.java:169)
	at com.kms.katalon.core.main.TestSuiteExecutor.accessTestSuiteMainPhase(TestSuiteExecutor.java:142)
	at com.kms.katalon.core.main.TestSuiteExecutor.execute(TestSuiteExecutor.java:91)
	at com.kms.katalon.core.main.TestCaseMain.startTestSuite(TestCaseMain.java:157)
	at com.kms.katalon.core.main.TestCaseMain$startTestSuite$0.call(Unknown Source)
	at TempTestSuite1586965903647.run(TempTestSuite1586965903647.groovy:36)
Caused by: org.openqa.selenium.InvalidArgumentException: File not found: C:\Users\HP\git\chiraghAdminPanel\Include\PropertyImages\1584693242612-Scanned_Passport_Copy.png
Build info: version: '3.141.59', revision: 'e82be7d358', time: '2018-11-14T08:25:53'
System info: host: 'EC2AMAZ-QUDPRKJ', ip: '172.31.5.210', os.name: 'Windows Server 2016', os.arch: 'amd64', os.version: '10.0', java.version: '1.8.0_181'
Driver info: com.kms.katalon.core.webui.driver.firefox.CGeckoDriver
Capabilities {acceptInsecureCerts: true, browserName: firefox, browserVersion: 75.0, javascriptEnabled: true, moz:accessibilityChecks: false, moz:buildID: 20200403170909, moz:geckodriverVersion: 0.23.0, moz:headless: false, moz:processID: 8448, moz:profile: C:\Users\Administrator\AppD..., moz:shutdownTimeout: 60000, moz:useNonSpecCompliantPointerOrigin: false, moz:webdriverClick: true, pageLoadStrategy: normal, platform: WINDOWS, platformName: WINDOWS, platformVersion: 10.0, proxy: Proxy(direct), rotatable: false, setWindowRect: true, strictFileInteractability: false, timeouts: {implicit: 0, pageLoad: 300000, script: 30000}, unhandledPromptBehavior: dismiss and notify}
Session ID: a2b7e09e-7140-4916-8ec9-032aed2fd722
	at org.openqa.selenium.remote.http.W3CHttpResponseCodec.createException(W3CHttpResponseCodec.java:187)
	at org.openqa.selenium.remote.http.W3CHttpResponseCodec.decode(W3CHttpResponseCodec.java:122)
	at org.openqa.selenium.remote.http.W3CHttpResponseCodec.decode(W3CHttpResponseCodec.java:49)
	at org.openqa.selenium.remote.HttpCommandExecutor.execute(HttpCommandExecutor.java:158)
	at org.openqa.selenium.remote.service.DriverCommandExecutor.execute(DriverCommandExecutor.java:83)
	at org.openqa.selenium.remote.RemoteWebDriver.execute(RemoteWebDriver.java:552)
	at com.kms.katalon.selenium.driver.CFirefoxDriver.execute(CFirefoxDriver.java:27)
	at org.openqa.selenium.remote.RemoteWebElement.execute(RemoteWebElement.java:285)
	at org.openqa.selenium.remote.RemoteWebElement.sendKeys(RemoteWebElement.java:106)
	at org.openqa.selenium.support.events.EventFiringWebDriver$EventFiringWebElement.lambda$new$0(EventFiringWebDriver.java:404)
	at com.sun.proxy.$Proxy10.sendKeys(Unknown Source)
	at org.openqa.selenium.support.events.EventFiringWebDriver$EventFiringWebElement.sendKeys(EventFiringWebDriver.java:429)
	at com.kms.katalon.core.webui.keyword.builtin.UploadFileKeyword$_uploadFile_closure1.doCall(UploadFileKeyword.groovy:80)
	at com.kms.katalon.core.webui.keyword.builtin.UploadFileKeyword$_uploadFile_closure1.call(UploadFileKeyword.groovy)
	at com.kms.katalon.core.webui.keyword.internal.WebUIKeywordMain.runKeyword(WebUIKeywordMain.groovy:20)
	... 19 more]]></system-err>
      </testcase>
      <system-out><![CDATA[2020-04-15 15:51:46 - [TEST_SUITE][ERROR] - ChiraghWeb_FrontEnd_Tests: Test Cases/Smoke Tests/Header/TC_VerifySellTab_009 FAILED.
Reason:
groovy.lang.MissingMethodException: No signature of method: static com.kms.katalon.core.webui.keyword.WebUiBuiltInKeywords.verifyElementPresent() is applicable for argument types: (com.kms.katalon.core.testobject.TestObject) values: [TestObject - 'Object Repository/Front End Objects/Smoke Tests/Header/Sell Tab/Page_Chiragh - Login/h1_Log In']
Possible solutions: verifyElementPresent(com.kms.katalon.core.testobject.TestObject, int), verifyElementPresent(com.kms.katalon.core.testobject.TestObject, int, com.kms.katalon.core.model.FailureHandling), verifyElementNotPresent(com.kms.katalon.core.testobject.TestObject, int), verifyAlertPresent(int), verifyElementNotPresent(com.kms.katalon.core.testobject.TestObject, int, com.kms.katalon.core.model.FailureHandling)
	at TC_VerifySellTab_009.run(TC_VerifySellTab_009:32)
	at com.kms.katalon.core.main.ScriptEngine.run(ScriptEngine.java:194)
	at com.kms.katalon.core.main.ScriptEngine.runScriptAsRawText(ScriptEngine.java:119)
	at com.kms.katalon.core.main.TestCaseExecutor.runScript(TestCaseExecutor.java:337)
	at com.kms.katalon.core.main.TestCaseExecutor.doExecute(TestCaseExecutor.java:328)
	at com.kms.katalon.core.main.TestCaseExecutor.processExecutionPhase(TestCaseExecutor.java:307)
	at com.kms.katalon.core.main.TestCaseExecutor.accessMainPhase(TestCaseExecutor.java:299)
	at com.kms.katalon.core.main.TestCaseExecutor.execute(TestCaseExecutor.java:233)
	at com.kms.katalon.core.main.TestSuiteExecutor.accessTestCaseMainPhase(TestSuiteExecutor.java:169)
	at com.kms.katalon.core.main.TestSuiteExecutor.accessTestSuiteMainPhase(TestSuiteExecutor.java:142)
	at com.kms.katalon.core.main.TestSuiteExecutor.execute(TestSuiteExecutor.java:91)
	at com.kms.katalon.core.main.TestCaseMain.startTestSuite(TestCaseMain.java:157)
	at com.kms.katalon.core.main.TestCaseMain$startTestSuite$0.call(Unknown Source)
	at TempTestSuite1586965903647.run(TempTestSuite1586965903647.groovy:36)]]></system-out>
      <system-err><![CDATA[2020-04-15 15:51:46 - [TEST_SUITE][ERROR] - ChiraghWeb_FrontEnd_Tests: Test Cases/Smoke Tests/Header/TC_VerifySellTab_009 FAILED.
Reason:
groovy.lang.MissingMethodException: No signature of method: static com.kms.katalon.core.webui.keyword.WebUiBuiltInKeywords.verifyElementPresent() is applicable for argument types: (com.kms.katalon.core.testobject.TestObject) values: [TestObject - 'Object Repository/Front End Objects/Smoke Tests/Header/Sell Tab/Page_Chiragh - Login/h1_Log In']
Possible solutions: verifyElementPresent(com.kms.katalon.core.testobject.TestObject, int), verifyElementPresent(com.kms.katalon.core.testobject.TestObject, int, com.kms.katalon.core.model.FailureHandling), verifyElementNotPresent(com.kms.katalon.core.testobject.TestObject, int), verifyAlertPresent(int), verifyElementNotPresent(com.kms.katalon.core.testobject.TestObject, int, com.kms.katalon.core.model.FailureHandling)
	at TC_VerifySellTab_009.run(TC_VerifySellTab_009:32)
	at com.kms.katalon.core.main.ScriptEngine.run(ScriptEngine.java:194)
	at com.kms.katalon.core.main.ScriptEngine.runScriptAsRawText(ScriptEngine.java:119)
	at com.kms.katalon.core.main.TestCaseExecutor.runScript(TestCaseExecutor.java:337)
	at com.kms.katalon.core.main.TestCaseExecutor.doExecute(TestCaseExecutor.java:328)
	at com.kms.katalon.core.main.TestCaseExecutor.processExecutionPhase(TestCaseExecutor.java:307)
	at com.kms.katalon.core.main.TestCaseExecutor.accessMainPhase(TestCaseExecutor.java:299)
	at com.kms.katalon.core.main.TestCaseExecutor.execute(TestCaseExecutor.java:233)
	at com.kms.katalon.core.main.TestSuiteExecutor.accessTestCaseMainPhase(TestSuiteExecutor.java:169)
	at com.kms.katalon.core.main.TestSuiteExecutor.accessTestSuiteMainPhase(TestSuiteExecutor.java:142)
	at com.kms.katalon.core.main.TestSuiteExecutor.execute(TestSuiteExecutor.java:91)
	at com.kms.katalon.core.main.TestCaseMain.startTestSuite(TestCaseMain.java:157)
	at com.kms.katalon.core.main.TestCaseMain$startTestSuite$0.call(Unknown Source)
	at TempTestSuite1586965903647.run(TempTestSuite1586965903647.groovy:36)]]></system-err>
   </testsuite>
</testsuites>
