<?xml version="1.0" encoding="UTF-8"?>
<testsuites name="SanityTest" time="1490.399" tests="20" failures="14" errors="0">
   <testsuite name="SanityTest" tests="20" failures="14" errors="0" time="1490.399" timestamp="2020-10-01 17:04:13" hostname="hp - Adnan" id="Test Suites/SanityTests/SanityTest">
      <properties>
         <property name="deviceName" value=""/>
         <property name="devicePlatform" value=""/>
         <property name="logFolder" value="C:\\Users\\hp\\git\\chiraghAdminPanel\\Reports\\20201001_170350\\SanityTests\\SanityTest\\20201001_170350"/>
         <property name="logFiles" value="C:\\Users\\hp\\git\\chiraghAdminPanel\\Reports\\20201001_170350\\SanityTests\\SanityTest\\20201001_170350\\execution0.log"/>
         <property name="attachments" value="C:\Users\hp\git\chiraghAdminPanel\Reports\20201001_170350\SanityTests\SanityTest\20201001_170350/videos\test_1.mov, C:\\Users\\hp\\git\\chiraghAdminPanel\\Reports\\20201001_170350\\SanityTests\\SanityTest\\20201001_170350\\1601554033528.png, C:\Users\hp\git\chiraghAdminPanel\Reports\20201001_170350\SanityTests\SanityTest\20201001_170350/videos\test_2.mov, C:\\Users\\hp\\git\\chiraghAdminPanel\\Reports\\20201001_170350\\SanityTests\\SanityTest\\20201001_170350\\1601554062508.png, C:\\Users\\hp\\git\\chiraghAdminPanel\\Reports\\20201001_170350\\SanityTests\\SanityTest\\20201001_170350\\1601554063161.png, C:\Users\hp\git\chiraghAdminPanel\Reports\20201001_170350\SanityTests\SanityTest\20201001_170350/videos\test_3.mov, C:\\Users\\hp\\git\\chiraghAdminPanel\\Reports\\20201001_170350\\SanityTests\\SanityTest\\20201001_170350\\1601554103313.png, C:\Users\hp\git\chiraghAdminPanel\Reports\20201001_170350\SanityTests\SanityTest\20201001_170350/videos\test_4.mov, C:\Users\hp\git\chiraghAdminPanel\Reports\20201001_170350\SanityTests\SanityTest\20201001_170350/videos\test_5.mov, C:\Users\hp\git\chiraghAdminPanel\Reports\20201001_170350\SanityTests\SanityTest\20201001_170350/videos\test_6.mov, C:\\Users\\hp\\git\\chiraghAdminPanel\\Reports\\20201001_170350\\SanityTests\\SanityTest\\20201001_170350\\1601554550144.png, C:\\Users\\hp\\git\\chiraghAdminPanel\\Reports\\20201001_170350\\SanityTests\\SanityTest\\20201001_170350\\1601554550453.png, C:\Users\hp\git\chiraghAdminPanel\Reports\20201001_170350\SanityTests\SanityTest\20201001_170350/videos\test_7.mov, C:\\Users\\hp\\git\\chiraghAdminPanel\\Reports\\20201001_170350\\SanityTests\\SanityTest\\20201001_170350\\1601554629528.png, C:\Users\hp\git\chiraghAdminPanel\Reports\20201001_170350\SanityTests\SanityTest\20201001_170350/videos\test_8.mov, C:\\Users\\hp\\git\\chiraghAdminPanel\\Reports\\20201001_170350\\SanityTests\\SanityTest\\20201001_170350\\1601554702974.png, C:\Users\hp\git\chiraghAdminPanel\Reports\20201001_170350\SanityTests\SanityTest\20201001_170350/videos\test_9.mov, C:\\Users\\hp\\git\\chiraghAdminPanel\\Reports\\20201001_170350\\SanityTests\\SanityTest\\20201001_170350\\1601554817008.png, C:\Users\hp\git\chiraghAdminPanel\Reports\20201001_170350\SanityTests\SanityTest\20201001_170350/videos\test_10.mov, C:\Users\hp\git\chiraghAdminPanel\Reports\20201001_170350\SanityTests\SanityTest\20201001_170350/videos\test_11.mov, C:\Users\hp\git\chiraghAdminPanel\Reports\20201001_170350\SanityTests\SanityTest\20201001_170350/videos\test_12.mov, C:\\Users\\hp\\git\\chiraghAdminPanel\\Reports\\20201001_170350\\SanityTests\\SanityTest\\20201001_170350\\1601554987527.png, C:\\Users\\hp\\git\\chiraghAdminPanel\\Reports\\20201001_170350\\SanityTests\\SanityTest\\20201001_170350\\1601554988430.png, C:\Users\hp\git\chiraghAdminPanel\Reports\20201001_170350\SanityTests\SanityTest\20201001_170350/videos\test_13.mov, C:\\Users\\hp\\git\\chiraghAdminPanel\\Reports\\20201001_170350\\SanityTests\\SanityTest\\20201001_170350\\1601555040752.png, C:\Users\hp\git\chiraghAdminPanel\Reports\20201001_170350\SanityTests\SanityTest\20201001_170350/videos\test_14.mov, C:\\Users\\hp\\git\\chiraghAdminPanel\\Reports\\20201001_170350\\SanityTests\\SanityTest\\20201001_170350\\1601555069560.png, C:\\Users\\hp\\git\\chiraghAdminPanel\\Reports\\20201001_170350\\SanityTests\\SanityTest\\20201001_170350\\1601555070517.png, C:\Users\hp\git\chiraghAdminPanel\Reports\20201001_170350\SanityTests\SanityTest\20201001_170350/videos\test_15.mov, C:\\Users\\hp\\git\\chiraghAdminPanel\\Reports\\20201001_170350\\SanityTests\\SanityTest\\20201001_170350\\1601555136760.png, C:\Users\hp\git\chiraghAdminPanel\Reports\20201001_170350\SanityTests\SanityTest\20201001_170350/videos\test_16.mov, C:\\Users\\hp\\git\\chiraghAdminPanel\\Reports\\20201001_170350\\SanityTests\\SanityTest\\20201001_170350\\1601555175595.png, C:\Users\hp\git\chiraghAdminPanel\Reports\20201001_170350\SanityTests\SanityTest\20201001_170350/videos\test_17.mov, C:\\Users\\hp\\git\\chiraghAdminPanel\\Reports\\20201001_170350\\SanityTests\\SanityTest\\20201001_170350\\1601555259794.png, C:\Users\hp\git\chiraghAdminPanel\Reports\20201001_170350\SanityTests\SanityTest\20201001_170350/videos\test_18.mov, C:\\Users\\hp\\git\\chiraghAdminPanel\\Reports\\20201001_170350\\SanityTests\\SanityTest\\20201001_170350\\1601555341261.png, C:\Users\hp\git\chiraghAdminPanel\Reports\20201001_170350\SanityTests\SanityTest\20201001_170350/videos\test_19.mov"/>
         <property name="hostName" value="hp - Adnan"/>
         <property name="os" value="Windows 10 64bit"/>
         <property name="katalonVersion" value="7.7.1.205"/>
         <property name="browser" value="Chrome 85.0.4183.102"/>
         <property name="hostAddress" value="169.254.75.173"/>
         <property name="sessionId" value="2b903b5fa1331a12631c0ebbbe20aa08"/>
         <property name="seleniumVersion" value="3.141.59"/>
         <property name="proxyInformation" value="ProxyInformation { proxyOption=USE_SYSTEM, proxyServerType=HTTP, username=, password=********, proxyServerAddress=, proxyServerPort=0, executionList=&quot;&quot;, isApplyToDesiredCapabilities=true }"/>
         <property name="platform" value="Windows 10"/>
      </properties>
      <testcase name="Test Cases/Sanity Tests/Buy_ Wallet_AddMyAccount_EUR_44" time="129.36" classname="Test Cases/Sanity Tests/Buy_ Wallet_AddMyAccount_EUR_44" status="PASSED">
         <system-out><![CDATA[2020-10-01 17:04:14 - [TEST_CASE][PASSED] - Test Cases/Sanity Tests/Buy_ Wallet_AddMyAccount_EUR_44: Test Cases/Sanity Tests/Buy_ Wallet_AddMyAccount_EUR_44

2020-10-01 17:04:16 - [TEST_STEP][PASSED] - openBrowser(""): Browser is opened with url: ''

2020-10-01 17:04:18 - [MESSAGE][INFO] - Starting 'Chrome' driver

2020-10-01 17:04:18 - [MESSAGE][INFO] - Action delay is set to 0 milliseconds

2020-10-01 17:04:26 - [MESSAGE][PASSED] - Browser is opened with url: ''

2020-10-01 17:04:26 - [TEST_STEP][PASSED] - navigateToUrl(Url): Navigate to 'http://chiragh:AeBcm%231t@test.chiragh.com' successfully

2020-10-01 17:04:36 - [MESSAGE][PASSED] - Navigate to 'http://chiragh:AeBcm%231t@test.chiragh.com' successfully

2020-10-01 17:04:36 - [TEST_STEP][PASSED] - waitForPageLoad(15): Wait for page load successfully

2020-10-01 17:04:49 - [MESSAGE][PASSED] - Wait for page load successfully

2020-10-01 17:04:49 - [TEST_STEP][PASSED] - maximizeWindow(): Current window maximized

2020-10-01 17:04:52 - [MESSAGE][PASSED] - Current window maximized

2020-10-01 17:04:52 - [TEST_STEP][PASSED] - delay(3): Delayed 3 second(s)

2020-10-01 17:04:55 - [MESSAGE][PASSED] - Delayed 3 second(s)

2020-10-01 17:04:55 - [TEST_STEP][PASSED] - click(findTestObject("Object Repository/Front End Objects/MyBankAccount(Create)/Page_Chiragh - Home/a_ENG_dropdownMenuLink")): Object: 'Object Repository/Front End Objects/MyBankAccount(Create)/Page_Chiragh - Home/a_ENG_dropdownMenuLink' is clicked on

2020-10-01 17:04:56 - [MESSAGE][PASSED] - Object: 'Object Repository/Front End Objects/MyBankAccount(Create)/Page_Chiragh - Home/a_ENG_dropdownMenuLink' is clicked on

2020-10-01 17:04:56 - [TEST_STEP][PASSED] - click(findTestObject("Object Repository/Front End Objects/MyBankAccount(Create)/Page_Chiragh - Home/a_Login")): Object: 'Object Repository/Front End Objects/MyBankAccount(Create)/Page_Chiragh - Home/a_Login' is clicked on

2020-10-01 17:04:57 - [MESSAGE][PASSED] - Object: 'Object Repository/Front End Objects/MyBankAccount(Create)/Page_Chiragh - Home/a_Login' is clicked on

2020-10-01 17:04:57 - [TEST_STEP][PASSED] - setText(findTestObject("Object Repository/Front End Objects/MyBankAccount(Create)/Page_Chiragh - Login/input_Username_un"), userName): Text 'testbcm11%2bac@gmail.com' is set on object 'Object Repository/Front End Objects/MyBankAccount(Create)/Page_Chiragh - Login/input_Username_un'

2020-10-01 17:04:58 - [MESSAGE][PASSED] - Text 'testbcm11%2bac@gmail.com' is set on object 'Object Repository/Front End Objects/MyBankAccount(Create)/Page_Chiragh - Login/input_Username_un'

2020-10-01 17:04:58 - [TEST_STEP][PASSED] - setEncryptedText(findTestObject("Object Repository/Front End Objects/MyBankAccount(Create)/Page_Chiragh - Login/input_Password_userPassword"), "RigbBhfdqOBDK95asqKeHw=="): Text ****** has been set on object 'Object Repository/Front End Objects/MyBankAccount(Create)/Page_Chiragh - Login/input_Password_userPassword'

2020-10-01 17:04:59 - [MESSAGE][PASSED] - Text ****** has been set on object 'Object Repository/Front End Objects/MyBankAccount(Create)/Page_Chiragh - Login/input_Password_userPassword'

2020-10-01 17:04:59 - [TEST_STEP][PASSED] - delay(2): Delayed 2 second(s)

2020-10-01 17:05:01 - [MESSAGE][PASSED] - Delayed 2 second(s)

2020-10-01 17:05:01 - [TEST_STEP][PASSED] - click(findTestObject("Object Repository/Front End Objects/MyBankAccount(Create)/Page_Chiragh - Login/button_Log In")): Object: 'Object Repository/Front End Objects/MyBankAccount(Create)/Page_Chiragh - Login/button_Log In' is clicked on

2020-10-01 17:05:02 - [MESSAGE][PASSED] - Object: 'Object Repository/Front End Objects/MyBankAccount(Create)/Page_Chiragh - Login/button_Log In' is clicked on

2020-10-01 17:05:02 - [TEST_STEP][PASSED] - delay(1): Delayed 1 second(s)

2020-10-01 17:05:03 - [MESSAGE][PASSED] - Delayed 1 second(s)

2020-10-01 17:05:03 - [TEST_STEP][PASSED] - click(findTestObject("Object Repository/Front End Objects/MyBankAccount(Create)/Page_Chiragh - Home/a_ENG_dropdownMenuLink")): Object: 'Object Repository/Front End Objects/MyBankAccount(Create)/Page_Chiragh - Home/a_ENG_dropdownMenuLink' is clicked on

2020-10-01 17:05:05 - [MESSAGE][PASSED] - Object: 'Object Repository/Front End Objects/MyBankAccount(Create)/Page_Chiragh - Home/a_ENG_dropdownMenuLink' is clicked on

2020-10-01 17:05:05 - [TEST_STEP][PASSED] - click(findTestObject("Object Repository/Front End Objects/MyBankAccount(Create)/Page_Chiragh - Home/a_HI AutoChiragh")): Object: 'Object Repository/Front End Objects/MyBankAccount(Create)/Page_Chiragh - Home/a_HI AutoChiragh' is clicked on

2020-10-01 17:05:06 - [MESSAGE][PASSED] - Object: 'Object Repository/Front End Objects/MyBankAccount(Create)/Page_Chiragh - Home/a_HI AutoChiragh' is clicked on

2020-10-01 17:05:06 - [TEST_STEP][PASSED] - delay(3): Delayed 3 second(s)

2020-10-01 17:05:09 - [MESSAGE][PASSED] - Delayed 3 second(s)

2020-10-01 17:05:09 - [TEST_STEP][PASSED] - click(findTestObject("Object Repository/Front End Objects/MyBankAccount(Create)/Page_Chiragh - Dashborad Home/b_Go to Wallet")): Object: 'Object Repository/Front End Objects/MyBankAccount(Create)/Page_Chiragh - Dashborad Home/b_Go to Wallet' is clicked on

2020-10-01 17:05:10 - [MESSAGE][PASSED] - Object: 'Object Repository/Front End Objects/MyBankAccount(Create)/Page_Chiragh - Dashborad Home/b_Go to Wallet' is clicked on

2020-10-01 17:05:10 - [TEST_STEP][PASSED] - click(findTestObject("Object Repository/Front End Objects/MyBankAccount(Create)/Page_Chiragh - User Account Summary/a_My Bank Accounts")): Object: 'Object Repository/Front End Objects/MyBankAccount(Create)/Page_Chiragh - User Account Summary/a_My Bank Accounts' is clicked on

2020-10-01 17:05:11 - [MESSAGE][PASSED] - Object: 'Object Repository/Front End Objects/MyBankAccount(Create)/Page_Chiragh - User Account Summary/a_My Bank Accounts' is clicked on

2020-10-01 17:05:11 - [TEST_STEP][PASSED] - delay(1): Delayed 1 second(s)

2020-10-01 17:05:12 - [MESSAGE][PASSED] - Delayed 1 second(s)

2020-10-01 17:05:12 - [TEST_STEP][PASSED] - click(findTestObject("Object Repository/Front End Objects/MyBankAccount(Create)/Page_Chiragh - My Bank Accounts/svg_My Bank Accounts_svg-inline--fa fa-plus_86c403")): Object: 'Object Repository/Front End Objects/MyBankAccount(Create)/Page_Chiragh - My Bank Accounts/svg_My Bank Accounts_svg-inline--fa fa-plus_86c403' is clicked on

2020-10-01 17:05:28 - [MESSAGE][PASSED] - Object: 'Object Repository/Front End Objects/MyBankAccount(Create)/Page_Chiragh - My Bank Accounts/svg_My Bank Accounts_svg-inline--fa fa-plus_86c403' is clicked on

2020-10-01 17:05:28 - [TEST_STEP][PASSED] - scrollToElement(findTestObject("Object Repository/Front End Objects/MyBankAccount(Create)/Page_Chiragh - My Bank Accounts/label_Currency"), 3): Scroll to object 'Object Repository/Front End Objects/MyBankAccount(Create)/Page_Chiragh - My Bank Accounts/label_Currency' successfully

2020-10-01 17:05:29 - [MESSAGE][PASSED] - Scroll to object 'Object Repository/Front End Objects/MyBankAccount(Create)/Page_Chiragh - My Bank Accounts/label_Currency' successfully

2020-10-01 17:05:29 - [TEST_STEP][PASSED] - selectOptionByValue(findTestObject("Object Repository/Front End Objects/MyBankAccount(Create)/Page_Chiragh - My Bank Accounts/select_Select CurrencyUSDAEDEUR"), "3", true): All options with value '3' are selected in object 'Object Repository/Front End Objects/MyBankAccount(Create)/Page_Chiragh - My Bank Accounts/select_Select CurrencyUSDAEDEUR'  using regular expression

2020-10-01 17:05:31 - [MESSAGE][PASSED] - All options with value '3' are selected in object 'Object Repository/Front End Objects/MyBankAccount(Create)/Page_Chiragh - My Bank Accounts/select_Select CurrencyUSDAEDEUR'  using regular expression

2020-10-01 17:05:31 - [TEST_STEP][PASSED] - setText(findTestObject("Object Repository/Front End Objects/MyBankAccount(Create)/Page_Chiragh - My Bank Accounts/input_Account Name_accountTitle"), "@@@@@@@@"): Text '@@@@@@@@' is set on object 'Object Repository/Front End Objects/MyBankAccount(Create)/Page_Chiragh - My Bank Accounts/input_Account Name_accountTitle'

2020-10-01 17:05:33 - [MESSAGE][PASSED] - Text '@@@@@@@@' is set on object 'Object Repository/Front End Objects/MyBankAccount(Create)/Page_Chiragh - My Bank Accounts/input_Account Name_accountTitle'

2020-10-01 17:05:33 - [TEST_STEP][PASSED] - accountName = getText(findTestObject("Sanity Test/MybankAccount/Page_Chiragh - My Bank Accounts/div_Account Name is not valid")): Text of object 'Object Repository/Sanity Test/MybankAccount/Page_Chiragh - My Bank Accounts/div_Account Name is not valid' is: 'Account Name is not valid!'

2020-10-01 17:05:34 - [MESSAGE][PASSED] - Text of object 'Object Repository/Sanity Test/MybankAccount/Page_Chiragh - My Bank Accounts/div_Account Name is not valid' is: 'Account Name is not valid!'

2020-10-01 17:05:34 - [TEST_STEP][PASSED] - com.sanitytest.com.HandleErrorMessage.verifyErrorMessage(accountName, "Account Name is not valid!"): com.sanitytest.com.HandleErrorMessage.verifyErrorMessage is PASSED

2020-10-01 17:05:34 - [MESSAGE][PASSED] - Actual object 'Account Name is not valid!' and expected object 'Account Name is not valid!' are equal

2020-10-01 17:05:34 - [MESSAGE][PASSED] - Actual object 'Account Name is not valid!' and expected object 'Account Name is not valid!' are equal

2020-10-01 17:05:34 - [MESSAGE][PASSED] - com.sanitytest.com.HandleErrorMessage.verifyErrorMessage is PASSED

2020-10-01 17:05:34 - [TEST_STEP][PASSED] - delay(2): Delayed 2 second(s)

2020-10-01 17:05:36 - [MESSAGE][PASSED] - Delayed 2 second(s)

2020-10-01 17:05:36 - [TEST_STEP][PASSED] - setText(findTestObject("Object Repository/Front End Objects/MyBankAccount(Create)/Page_Chiragh - My Bank Accounts/input_IBAN_accIbanNumber"), "@@@@@@@0989"): Text '@@@@@@@0989' is set on object 'Object Repository/Front End Objects/MyBankAccount(Create)/Page_Chiragh - My Bank Accounts/input_IBAN_accIbanNumber'

2020-10-01 17:05:37 - [MESSAGE][PASSED] - Text '@@@@@@@0989' is set on object 'Object Repository/Front End Objects/MyBankAccount(Create)/Page_Chiragh - My Bank Accounts/input_IBAN_accIbanNumber'

2020-10-01 17:05:37 - [TEST_STEP][PASSED] - IbanNo = getText(findTestObject("Sanity Test/MybankAccount/Page_Chiragh - My Bank Accounts/div_IBAN is not valid")): Text of object 'Object Repository/Sanity Test/MybankAccount/Page_Chiragh - My Bank Accounts/div_IBAN is not valid' is: 'IBAN is not valid!'

2020-10-01 17:05:37 - [MESSAGE][PASSED] - Text of object 'Object Repository/Sanity Test/MybankAccount/Page_Chiragh - My Bank Accounts/div_IBAN is not valid' is: 'IBAN is not valid!'

2020-10-01 17:05:37 - [TEST_STEP][PASSED] - com.sanitytest.com.HandleErrorMessage.verifyErrorMessage(IbanNo, "IBAN is not valid!"): com.sanitytest.com.HandleErrorMessage.verifyErrorMessage is PASSED

2020-10-01 17:05:37 - [MESSAGE][PASSED] - Actual object 'IBAN is not valid!' and expected object 'IBAN is not valid!' are equal

2020-10-01 17:05:37 - [MESSAGE][PASSED] - Actual object 'IBAN is not valid!' and expected object 'IBAN is not valid!' are equal

2020-10-01 17:05:37 - [MESSAGE][PASSED] - com.sanitytest.com.HandleErrorMessage.verifyErrorMessage is PASSED

2020-10-01 17:05:37 - [TEST_STEP][PASSED] - delay(2): Delayed 2 second(s)

2020-10-01 17:05:39 - [MESSAGE][PASSED] - Delayed 2 second(s)

2020-10-01 17:05:39 - [TEST_STEP][PASSED] - setText(findTestObject("Object Repository/Front End Objects/MyBankAccount(Create)/Page_Chiragh - My Bank Accounts/input_Account No_accountNumber"), "8855@@@@@"): Text '8855@@@@@' is set on object 'Object Repository/Front End Objects/MyBankAccount(Create)/Page_Chiragh - My Bank Accounts/input_Account No_accountNumber'

2020-10-01 17:05:40 - [MESSAGE][PASSED] - Text '8855@@@@@' is set on object 'Object Repository/Front End Objects/MyBankAccount(Create)/Page_Chiragh - My Bank Accounts/input_Account No_accountNumber'

2020-10-01 17:05:40 - [TEST_STEP][PASSED] - accountNo = getText(findTestObject("Sanity Test/MybankAccount/Page_Chiragh - My Bank Accounts/div_Account No is not valid")): Text of object 'Object Repository/Sanity Test/MybankAccount/Page_Chiragh - My Bank Accounts/div_Account No is not valid' is: 'Account No is not valid!'

2020-10-01 17:05:41 - [MESSAGE][PASSED] - Text of object 'Object Repository/Sanity Test/MybankAccount/Page_Chiragh - My Bank Accounts/div_Account No is not valid' is: 'Account No is not valid!'

2020-10-01 17:05:41 - [TEST_STEP][PASSED] - com.sanitytest.com.HandleErrorMessage.verifyErrorMessage(accountNo, "Account No is not valid!"): com.sanitytest.com.HandleErrorMessage.verifyErrorMessage is PASSED

2020-10-01 17:05:41 - [MESSAGE][PASSED] - Actual object 'Account No is not valid!' and expected object 'Account No is not valid!' are equal

2020-10-01 17:05:41 - [MESSAGE][PASSED] - Actual object 'Account No is not valid!' and expected object 'Account No is not valid!' are equal

2020-10-01 17:05:41 - [MESSAGE][PASSED] - com.sanitytest.com.HandleErrorMessage.verifyErrorMessage is PASSED

2020-10-01 17:05:41 - [TEST_STEP][PASSED] - delay(2): Delayed 2 second(s)

2020-10-01 17:05:43 - [MESSAGE][PASSED] - Delayed 2 second(s)

2020-10-01 17:05:43 - [TEST_STEP][PASSED] - setText(findTestObject("Object Repository/Front End Objects/MyBankAccount(Create)/Page_Chiragh - My Bank Accounts/input_Account Name_accountTitle"), "8855@@@@@"): Text '8855@@@@@' is set on object 'Object Repository/Front End Objects/MyBankAccount(Create)/Page_Chiragh - My Bank Accounts/input_Account Name_accountTitle'

2020-10-01 17:05:43 - [MESSAGE][PASSED] - Text '8855@@@@@' is set on object 'Object Repository/Front End Objects/MyBankAccount(Create)/Page_Chiragh - My Bank Accounts/input_Account Name_accountTitle'

2020-10-01 17:05:43 - [TEST_STEP][PASSED] - title = getText(findTestObject("Sanity Test/MybankAccount/Page_Chiragh - My Bank Accounts/div_Account Name is not valid")): Text of object 'Object Repository/Sanity Test/MybankAccount/Page_Chiragh - My Bank Accounts/div_Account Name is not valid' is: 'Account Name is not valid!'

2020-10-01 17:05:44 - [MESSAGE][PASSED] - Text of object 'Object Repository/Sanity Test/MybankAccount/Page_Chiragh - My Bank Accounts/div_Account Name is not valid' is: 'Account Name is not valid!'

2020-10-01 17:05:44 - [TEST_STEP][PASSED] - com.sanitytest.com.HandleErrorMessage.verifyErrorMessage(title, "Account Name is not valid!"): com.sanitytest.com.HandleErrorMessage.verifyErrorMessage is PASSED

2020-10-01 17:05:44 - [MESSAGE][PASSED] - Actual object 'Account Name is not valid!' and expected object 'Account Name is not valid!' are equal

2020-10-01 17:05:44 - [MESSAGE][PASSED] - Actual object 'Account Name is not valid!' and expected object 'Account Name is not valid!' are equal

2020-10-01 17:05:44 - [MESSAGE][PASSED] - com.sanitytest.com.HandleErrorMessage.verifyErrorMessage is PASSED

2020-10-01 17:05:44 - [TEST_STEP][PASSED] - delay(2): Delayed 2 second(s)

2020-10-01 17:05:46 - [MESSAGE][PASSED] - Delayed 2 second(s)

2020-10-01 17:05:46 - [TEST_STEP][PASSED] - setText(findTestObject("Object Repository/Front End Objects/MyBankAccount(Create)/Page_Chiragh - My Bank Accounts/input_Acct Holder Address_address"), "@@889557766HHGHGGGHG"): Text '@@889557766HHGHGGGHG' is set on object 'Object Repository/Front End Objects/MyBankAccount(Create)/Page_Chiragh - My Bank Accounts/input_Acct Holder Address_address'

2020-10-01 17:05:47 - [MESSAGE][PASSED] - Text '@@889557766HHGHGGGHG' is set on object 'Object Repository/Front End Objects/MyBankAccount(Create)/Page_Chiragh - My Bank Accounts/input_Acct Holder Address_address'

2020-10-01 17:05:47 - [TEST_STEP][PASSED] - delay(2): Delayed 2 second(s)

2020-10-01 17:05:49 - [MESSAGE][PASSED] - Delayed 2 second(s)

2020-10-01 17:05:49 - [TEST_STEP][PASSED] - setText(findTestObject("Object Repository/Front End Objects/MyBankAccount(Create)/Page_Chiragh - My Bank Accounts/input_Bank Name_bankName"), "8855@@@@@"): Text '8855@@@@@' is set on object 'Object Repository/Front End Objects/MyBankAccount(Create)/Page_Chiragh - My Bank Accounts/input_Bank Name_bankName'

2020-10-01 17:05:50 - [MESSAGE][PASSED] - Text '8855@@@@@' is set on object 'Object Repository/Front End Objects/MyBankAccount(Create)/Page_Chiragh - My Bank Accounts/input_Bank Name_bankName'

2020-10-01 17:05:50 - [TEST_STEP][PASSED] - bankName = getText(findTestObject("Sanity Test/MybankAccount/Page_Chiragh - My Bank Accounts/div_Bank name is not valid")): Text of object 'Object Repository/Sanity Test/MybankAccount/Page_Chiragh - My Bank Accounts/div_Bank name is not valid' is: 'Bank name is not valid!'

2020-10-01 17:05:50 - [MESSAGE][PASSED] - Text of object 'Object Repository/Sanity Test/MybankAccount/Page_Chiragh - My Bank Accounts/div_Bank name is not valid' is: 'Bank name is not valid!'

2020-10-01 17:05:50 - [TEST_STEP][PASSED] - com.sanitytest.com.HandleErrorMessage.verifyErrorMessage(bankName, "Bank name is not valid!"): com.sanitytest.com.HandleErrorMessage.verifyErrorMessage is PASSED

2020-10-01 17:05:50 - [MESSAGE][PASSED] - Actual object 'Bank name is not valid!' and expected object 'Bank name is not valid!' are equal

2020-10-01 17:05:50 - [MESSAGE][PASSED] - Actual object 'Bank name is not valid!' and expected object 'Bank name is not valid!' are equal

2020-10-01 17:05:50 - [MESSAGE][PASSED] - com.sanitytest.com.HandleErrorMessage.verifyErrorMessage is PASSED

2020-10-01 17:05:50 - [TEST_STEP][PASSED] - delay(2): Delayed 2 second(s)

2020-10-01 17:05:52 - [MESSAGE][PASSED] - Delayed 2 second(s)

2020-10-01 17:05:52 - [TEST_STEP][PASSED] - setText(findTestObject("Object Repository/Front End Objects/MyBankAccount(Create)/Page_Chiragh - My Bank Accounts/input_Bank Branch Address_branchName"), "@@@@@@@@$"): Text '@@@@@@@@$' is set on object 'Object Repository/Front End Objects/MyBankAccount(Create)/Page_Chiragh - My Bank Accounts/input_Bank Branch Address_branchName'

2020-10-01 17:05:53 - [MESSAGE][PASSED] - Text '@@@@@@@@$' is set on object 'Object Repository/Front End Objects/MyBankAccount(Create)/Page_Chiragh - My Bank Accounts/input_Bank Branch Address_branchName'

2020-10-01 17:05:53 - [TEST_STEP][PASSED] - bankaddress = getText(findTestObject("Sanity Test/MybankAccount/Page_Chiragh - My Bank Accounts/div_Bank Branch Address is not valid")): Text of object 'Object Repository/Sanity Test/MybankAccount/Page_Chiragh - My Bank Accounts/div_Bank Branch Address is not valid' is: 'Bank Branch Address is not valid!'

2020-10-01 17:05:53 - [MESSAGE][PASSED] - Text of object 'Object Repository/Sanity Test/MybankAccount/Page_Chiragh - My Bank Accounts/div_Bank Branch Address is not valid' is: 'Bank Branch Address is not valid!'

2020-10-01 17:05:53 - [TEST_STEP][PASSED] - com.sanitytest.com.HandleErrorMessage.verifyErrorMessage(bankaddress, "Bank Branch Address is not valid!"): com.sanitytest.com.HandleErrorMessage.verifyErrorMessage is PASSED

2020-10-01 17:05:53 - [MESSAGE][PASSED] - Actual object 'Bank Branch Address is not valid!' and expected object 'Bank Branch Address is not valid!' are equal

2020-10-01 17:05:53 - [MESSAGE][PASSED] - Actual object 'Bank Branch Address is not valid!' and expected object 'Bank Branch Address is not valid!' are equal

2020-10-01 17:05:53 - [MESSAGE][PASSED] - com.sanitytest.com.HandleErrorMessage.verifyErrorMessage is PASSED

2020-10-01 17:05:53 - [TEST_STEP][PASSED] - delay(2): Delayed 2 second(s)

2020-10-01 17:05:55 - [MESSAGE][PASSED] - Delayed 2 second(s)

2020-10-01 17:05:55 - [TEST_STEP][PASSED] - setText(findTestObject("Object Repository/Front End Objects/MyBankAccount(Create)/Page_Chiragh - My Bank Accounts/input_Swift Code_accSwiftCode"), "###%%@@@9889U"): Text '###%%@@@9889U' is set on object 'Object Repository/Front End Objects/MyBankAccount(Create)/Page_Chiragh - My Bank Accounts/input_Swift Code_accSwiftCode'

2020-10-01 17:05:56 - [MESSAGE][PASSED] - Text '###%%@@@9889U' is set on object 'Object Repository/Front End Objects/MyBankAccount(Create)/Page_Chiragh - My Bank Accounts/input_Swift Code_accSwiftCode'

2020-10-01 17:05:56 - [TEST_STEP][PASSED] - swiftCode = getText(findTestObject("Sanity Test/MybankAccount/Page_Chiragh - My Bank Accounts/div_Swift code is not valid")): Text of object 'Object Repository/Sanity Test/MybankAccount/Page_Chiragh - My Bank Accounts/div_Swift code is not valid' is: 'Swift code is not valid!'

2020-10-01 17:05:57 - [MESSAGE][PASSED] - Text of object 'Object Repository/Sanity Test/MybankAccount/Page_Chiragh - My Bank Accounts/div_Swift code is not valid' is: 'Swift code is not valid!'

2020-10-01 17:05:57 - [TEST_STEP][PASSED] - com.sanitytest.com.HandleErrorMessage.verifyErrorMessage(swiftCode, "Swift code is not valid!"): com.sanitytest.com.HandleErrorMessage.verifyErrorMessage is PASSED

2020-10-01 17:05:57 - [MESSAGE][PASSED] - Actual object 'Swift code is not valid!' and expected object 'Swift code is not valid!' are equal

2020-10-01 17:05:57 - [MESSAGE][PASSED] - Actual object 'Swift code is not valid!' and expected object 'Swift code is not valid!' are equal

2020-10-01 17:05:57 - [MESSAGE][PASSED] - com.sanitytest.com.HandleErrorMessage.verifyErrorMessage is PASSED

2020-10-01 17:05:57 - [TEST_STEP][PASSED] - delay(2): Delayed 2 second(s)

2020-10-01 17:05:59 - [MESSAGE][PASSED] - Delayed 2 second(s)

2020-10-01 17:05:59 - [TEST_STEP][PASSED] - setText(findTestObject("Object Repository/Front End Objects/MyBankAccount(Create)/Page_Chiragh - My Bank Accounts/input_Correspondent Bank Name_corresponding_bf0020"), "###%%@@@9889U"): Text '###%%@@@9889U' is set on object 'Object Repository/Front End Objects/MyBankAccount(Create)/Page_Chiragh - My Bank Accounts/input_Correspondent Bank Name_corresponding_bf0020'

2020-10-01 17:06:00 - [MESSAGE][PASSED] - Text '###%%@@@9889U' is set on object 'Object Repository/Front End Objects/MyBankAccount(Create)/Page_Chiragh - My Bank Accounts/input_Correspondent Bank Name_corresponding_bf0020'

2020-10-01 17:06:00 - [TEST_STEP][PASSED] - setText(findTestObject("Object Repository/Front End Objects/MyBankAccount(Create)/Page_Chiragh - My Bank Accounts/input_Correspondent Bank Swift Code_corresp_eefb27"), "###%%@@@9889U"): Text '###%%@@@9889U' is set on object 'Object Repository/Front End Objects/MyBankAccount(Create)/Page_Chiragh - My Bank Accounts/input_Correspondent Bank Swift Code_corresp_eefb27'

2020-10-01 17:06:01 - [MESSAGE][PASSED] - Text '###%%@@@9889U' is set on object 'Object Repository/Front End Objects/MyBankAccount(Create)/Page_Chiragh - My Bank Accounts/input_Correspondent Bank Swift Code_corresp_eefb27'

2020-10-01 17:06:01 - [TEST_STEP][PASSED] - delay(6): Delayed 6 second(s)

2020-10-01 17:06:07 - [MESSAGE][PASSED] - Delayed 6 second(s)

2020-10-01 17:06:07 - [TEST_STEP][PASSED] - selectOptionByValue(findTestObject("Object Repository/Front End Objects/MyBankAccount(Create)/Page_Chiragh - My Bank Accounts/select_Select CurrencyUSDAEDEUR"), "3", true): All options with value '3' are selected in object 'Object Repository/Front End Objects/MyBankAccount(Create)/Page_Chiragh - My Bank Accounts/select_Select CurrencyUSDAEDEUR'  using regular expression

2020-10-01 17:06:08 - [MESSAGE][PASSED] - All options with value '3' are selected in object 'Object Repository/Front End Objects/MyBankAccount(Create)/Page_Chiragh - My Bank Accounts/select_Select CurrencyUSDAEDEUR'  using regular expression

2020-10-01 17:06:08 - [TEST_STEP][PASSED] - setText(findTestObject("Object Repository/Front End Objects/MyBankAccount(Create)/Page_Chiragh - My Bank Accounts/input_Account Name_accountTitle"), "Sharjah Platinum"): Text 'Sharjah Platinum' is set on object 'Object Repository/Front End Objects/MyBankAccount(Create)/Page_Chiragh - My Bank Accounts/input_Account Name_accountTitle'

2020-10-01 17:06:08 - [MESSAGE][PASSED] - Text 'Sharjah Platinum' is set on object 'Object Repository/Front End Objects/MyBankAccount(Create)/Page_Chiragh - My Bank Accounts/input_Account Name_accountTitle'

2020-10-01 17:06:08 - [TEST_STEP][PASSED] - setText(findTestObject("Object Repository/Front End Objects/MyBankAccount(Create)/Page_Chiragh - My Bank Accounts/input_IBAN_accIbanNumber"), "647489347389"): Text '647489347389' is set on object 'Object Repository/Front End Objects/MyBankAccount(Create)/Page_Chiragh - My Bank Accounts/input_IBAN_accIbanNumber'

2020-10-01 17:06:09 - [MESSAGE][PASSED] - Text '647489347389' is set on object 'Object Repository/Front End Objects/MyBankAccount(Create)/Page_Chiragh - My Bank Accounts/input_IBAN_accIbanNumber'

2020-10-01 17:06:09 - [TEST_STEP][PASSED] - setText(findTestObject("Object Repository/Front End Objects/MyBankAccount(Create)/Page_Chiragh - My Bank Accounts/input_Account No_accountNumber"), "6376376373"): Text '6376376373' is set on object 'Object Repository/Front End Objects/MyBankAccount(Create)/Page_Chiragh - My Bank Accounts/input_Account No_accountNumber'

2020-10-01 17:06:10 - [MESSAGE][PASSED] - Text '6376376373' is set on object 'Object Repository/Front End Objects/MyBankAccount(Create)/Page_Chiragh - My Bank Accounts/input_Account No_accountNumber'

2020-10-01 17:06:10 - [TEST_STEP][PASSED] - click(findTestObject("Object Repository/Front End Objects/MyBankAccount(Create)/Page_Chiragh - My Bank Accounts/div_Account Name")): Object: 'Object Repository/Front End Objects/MyBankAccount(Create)/Page_Chiragh - My Bank Accounts/div_Account Name' is clicked on

2020-10-01 17:06:11 - [MESSAGE][PASSED] - Object: 'Object Repository/Front End Objects/MyBankAccount(Create)/Page_Chiragh - My Bank Accounts/div_Account Name' is clicked on

2020-10-01 17:06:11 - [TEST_STEP][PASSED] - setText(findTestObject("Object Repository/Front End Objects/MyBankAccount(Create)/Page_Chiragh - My Bank Accounts/input_Account Name_accountTitle"), "Emirati Bank"): Text 'Emirati Bank' is set on object 'Object Repository/Front End Objects/MyBankAccount(Create)/Page_Chiragh - My Bank Accounts/input_Account Name_accountTitle'

2020-10-01 17:06:12 - [MESSAGE][PASSED] - Text 'Emirati Bank' is set on object 'Object Repository/Front End Objects/MyBankAccount(Create)/Page_Chiragh - My Bank Accounts/input_Account Name_accountTitle'

2020-10-01 17:06:12 - [TEST_STEP][PASSED] - setText(findTestObject("Object Repository/Front End Objects/MyBankAccount(Create)/Page_Chiragh - My Bank Accounts/input_Acct Holder Address_address"), "Dubai Town"): Text 'Dubai Town' is set on object 'Object Repository/Front End Objects/MyBankAccount(Create)/Page_Chiragh - My Bank Accounts/input_Acct Holder Address_address'

2020-10-01 17:06:13 - [MESSAGE][PASSED] - Text 'Dubai Town' is set on object 'Object Repository/Front End Objects/MyBankAccount(Create)/Page_Chiragh - My Bank Accounts/input_Acct Holder Address_address'

2020-10-01 17:06:13 - [TEST_STEP][PASSED] - setText(findTestObject("Object Repository/Front End Objects/MyBankAccount(Create)/Page_Chiragh - My Bank Accounts/input_Bank Name_bankName"), "Emirati Platinum"): Text 'Emirati Platinum' is set on object 'Object Repository/Front End Objects/MyBankAccount(Create)/Page_Chiragh - My Bank Accounts/input_Bank Name_bankName'

2020-10-01 17:06:14 - [MESSAGE][PASSED] - Text 'Emirati Platinum' is set on object 'Object Repository/Front End Objects/MyBankAccount(Create)/Page_Chiragh - My Bank Accounts/input_Bank Name_bankName'

2020-10-01 17:06:14 - [TEST_STEP][PASSED] - setText(findTestObject("Object Repository/Front End Objects/MyBankAccount(Create)/Page_Chiragh - My Bank Accounts/input_Bank Branch Address_branchName"), "Dubai Town"): Text 'Dubai Town' is set on object 'Object Repository/Front End Objects/MyBankAccount(Create)/Page_Chiragh - My Bank Accounts/input_Bank Branch Address_branchName'

2020-10-01 17:06:14 - [MESSAGE][PASSED] - Text 'Dubai Town' is set on object 'Object Repository/Front End Objects/MyBankAccount(Create)/Page_Chiragh - My Bank Accounts/input_Bank Branch Address_branchName'

2020-10-01 17:06:14 - [TEST_STEP][PASSED] - setText(findTestObject("Object Repository/Front End Objects/MyBankAccount(Create)/Page_Chiragh - My Bank Accounts/input_Swift Code_accSwiftCode"), "64637634"): Text '64637634' is set on object 'Object Repository/Front End Objects/MyBankAccount(Create)/Page_Chiragh - My Bank Accounts/input_Swift Code_accSwiftCode'

2020-10-01 17:06:15 - [MESSAGE][PASSED] - Text '64637634' is set on object 'Object Repository/Front End Objects/MyBankAccount(Create)/Page_Chiragh - My Bank Accounts/input_Swift Code_accSwiftCode'

2020-10-01 17:06:15 - [TEST_STEP][PASSED] - setText(findTestObject("Object Repository/Front End Objects/MyBankAccount(Create)/Page_Chiragh - My Bank Accounts/input_Correspondent Bank Name_corresponding_bf0020"), "Dubai CB"): Text 'Dubai CB' is set on object 'Object Repository/Front End Objects/MyBankAccount(Create)/Page_Chiragh - My Bank Accounts/input_Correspondent Bank Name_corresponding_bf0020'

2020-10-01 17:06:16 - [MESSAGE][PASSED] - Text 'Dubai CB' is set on object 'Object Repository/Front End Objects/MyBankAccount(Create)/Page_Chiragh - My Bank Accounts/input_Correspondent Bank Name_corresponding_bf0020'

2020-10-01 17:06:16 - [TEST_STEP][PASSED] - setText(findTestObject("Object Repository/Front End Objects/MyBankAccount(Create)/Page_Chiragh - My Bank Accounts/input_Correspondent Bank Swift Code_corresp_eefb27"), "53635"): Text '53635' is set on object 'Object Repository/Front End Objects/MyBankAccount(Create)/Page_Chiragh - My Bank Accounts/input_Correspondent Bank Swift Code_corresp_eefb27'

2020-10-01 17:06:17 - [MESSAGE][PASSED] - Text '53635' is set on object 'Object Repository/Front End Objects/MyBankAccount(Create)/Page_Chiragh - My Bank Accounts/input_Correspondent Bank Swift Code_corresp_eefb27'

2020-10-01 17:06:17 - [TEST_STEP][PASSED] - delay(3): Delayed 3 second(s)

2020-10-01 17:06:20 - [MESSAGE][PASSED] - Delayed 3 second(s)

2020-10-01 17:06:20 - [TEST_STEP][PASSED] - closeBrowser(): Browser is closed

2020-10-01 17:06:21 - [MESSAGE][PASSED] - Browser is closed

2020-10-01 17:06:23 - [TEST_STEP][PASSED] - Video: Video recording for test case 'Test Cases/Sanity Tests/Buy_ Wallet_AddMyAccount_EUR_44' .

2020-10-01 17:06:23 - [MESSAGE][INFO] - Video recording for test case 'Test Cases/Sanity Tests/Buy_ Wallet_AddMyAccount_EUR_44' .
[[ATTACHMENT|C:\Users\hp\git\chiraghAdminPanel\Reports\20201001_170350\SanityTests\SanityTest\20201001_170350/videos\test_1.mov]]]]></system-out>
         <system-err><![CDATA[]]></system-err>
      </testcase>
      <testcase name="Test Cases/Sanity Tests/Buy_mainLandingPage_2" time="52.79" classname="Test Cases/Sanity Tests/Buy_mainLandingPage_2" status="FAILED">
         <failure type="FAILED" message="Test Cases/Sanity Tests/Buy_mainLandingPage_2 FAILED.
Reason:
com.kms.katalon.core.exception.StepFailedException: Unable to click on object 'Object Repository/Sanity Test/ChiraghHomeUIpages/Page_Chiragh - Home/a_ARA(UAE)'
	at com.kms.katalon.core.webui.keyword.internal.WebUIKeywordMain.stepFailed(WebUIKeywordMain.groovy:64)
	at com.kms.katalon.core.webui.keyword.internal.WebUIKeywordMain.runKeyword(WebUIKeywordMain.groovy:26)
	at com.kms.katalon.core.webui.keyword.builtin.ClickKeyword.click(ClickKeyword.groovy:76)
	at com.kms.katalon.core.webui.keyword.builtin.ClickKeyword.execute(ClickKeyword.groovy:43)
	at com.kms.katalon.core.keyword.internal.KeywordExecutor.executeKeywordForPlatform(KeywordExecutor.groovy:73)
	at com.kms.katalon.core.webui.keyword.WebUiBuiltInKeywords.click(WebUiBuiltInKeywords.groovy:617)
	at com.kms.katalon.core.webui.keyword.WebUiBuiltInKeywords$click$3.call(Unknown Source)
	at Buy_mainLandingPage_2.run(Buy_mainLandingPage_2:27)
	at com.kms.katalon.core.main.ScriptEngine.run(ScriptEngine.java:194)
	at com.kms.katalon.core.main.ScriptEngine.runScriptAsRawText(ScriptEngine.java:119)
	at com.kms.katalon.core.main.TestCaseExecutor.runScript(TestCaseExecutor.java:339)
	at com.kms.katalon.core.main.TestCaseExecutor.doExecute(TestCaseExecutor.java:330)
	at com.kms.katalon.core.main.TestCaseExecutor.processExecutionPhase(TestCaseExecutor.java:309)
	at com.kms.katalon.core.main.TestCaseExecutor.accessMainPhase(TestCaseExecutor.java:301)
	at com.kms.katalon.core.main.TestCaseExecutor.execute(TestCaseExecutor.java:235)
	at com.kms.katalon.core.main.TestSuiteExecutor.accessTestCaseMainPhase(TestSuiteExecutor.java:191)
	at com.kms.katalon.core.main.TestSuiteExecutor.accessTestSuiteMainPhase(TestSuiteExecutor.java:141)
	at com.kms.katalon.core.main.TestSuiteExecutor.execute(TestSuiteExecutor.java:90)
	at com.kms.katalon.core.main.TestCaseMain.startTestSuite(TestCaseMain.java:157)
	at com.kms.katalon.core.main.TestCaseMain$startTestSuite$0.call(Unknown Source)
	at TempTestSuite1601553830097.run(TempTestSuite1601553830097.groovy:39)
Caused by: com.kms.katalon.core.webui.exception.WebElementNotFoundException: Web element with id: 'Object Repository/Sanity Test/ChiraghHomeUIpages/Page_Chiragh - Home/a_ARA(UAE)' located by '//div[@id='collapsibleNavbar']/ul/li[5]/div/ul/li/a' not found
	at com.kms.katalon.core.webui.common.WebUiCommonHelper.findWebElement(WebUiCommonHelper.java:1368)
	at com.kms.katalon.core.webui.keyword.internal.WebUIAbstractKeyword.findWebElement(WebUIAbstractKeyword.groovy:27)
	at com.kms.katalon.core.webui.keyword.internal.WebUIAbstractKeyword.findWebElement(WebUIAbstractKeyword.groovy:26)
	at com.kms.katalon.core.webui.keyword.builtin.ClickKeyword$_click_closure1.doCall(ClickKeyword.groovy:67)
	at com.kms.katalon.core.webui.keyword.builtin.ClickKeyword$_click_closure1.call(ClickKeyword.groovy)
	at com.kms.katalon.core.webui.keyword.internal.WebUIKeywordMain.runKeyword(WebUIKeywordMain.groovy:20)
	... 19 more
"/>
         <system-out><![CDATA[2020-10-01 17:06:23 - [TEST_CASE][FAILED] - Test Cases/Sanity Tests/Buy_mainLandingPage_2: Test Cases/Sanity Tests/Buy_mainLandingPage_2 FAILED.
Reason:
com.kms.katalon.core.exception.StepFailedException: Unable to click on object 'Object Repository/Sanity Test/ChiraghHomeUIpages/Page_Chiragh - Home/a_ARA(UAE)'
	at com.kms.katalon.core.webui.keyword.internal.WebUIKeywordMain.stepFailed(WebUIKeywordMain.groovy:64)
	at com.kms.katalon.core.webui.keyword.internal.WebUIKeywordMain.runKeyword(WebUIKeywordMain.groovy:26)
	at com.kms.katalon.core.webui.keyword.builtin.ClickKeyword.click(ClickKeyword.groovy:76)
	at com.kms.katalon.core.webui.keyword.builtin.ClickKeyword.execute(ClickKeyword.groovy:43)
	at com.kms.katalon.core.keyword.internal.KeywordExecutor.executeKeywordForPlatform(KeywordExecutor.groovy:73)
	at com.kms.katalon.core.webui.keyword.WebUiBuiltInKeywords.click(WebUiBuiltInKeywords.groovy:617)
	at com.kms.katalon.core.webui.keyword.WebUiBuiltInKeywords$click$3.call(Unknown Source)
	at Buy_mainLandingPage_2.run(Buy_mainLandingPage_2:27)
	at com.kms.katalon.core.main.ScriptEngine.run(ScriptEngine.java:194)
	at com.kms.katalon.core.main.ScriptEngine.runScriptAsRawText(ScriptEngine.java:119)
	at com.kms.katalon.core.main.TestCaseExecutor.runScript(TestCaseExecutor.java:339)
	at com.kms.katalon.core.main.TestCaseExecutor.doExecute(TestCaseExecutor.java:330)
	at com.kms.katalon.core.main.TestCaseExecutor.processExecutionPhase(TestCaseExecutor.java:309)
	at com.kms.katalon.core.main.TestCaseExecutor.accessMainPhase(TestCaseExecutor.java:301)
	at com.kms.katalon.core.main.TestCaseExecutor.execute(TestCaseExecutor.java:235)
	at com.kms.katalon.core.main.TestSuiteExecutor.accessTestCaseMainPhase(TestSuiteExecutor.java:191)
	at com.kms.katalon.core.main.TestSuiteExecutor.accessTestSuiteMainPhase(TestSuiteExecutor.java:141)
	at com.kms.katalon.core.main.TestSuiteExecutor.execute(TestSuiteExecutor.java:90)
	at com.kms.katalon.core.main.TestCaseMain.startTestSuite(TestCaseMain.java:157)
	at com.kms.katalon.core.main.TestCaseMain$startTestSuite$0.call(Unknown Source)
	at TempTestSuite1601553830097.run(TempTestSuite1601553830097.groovy:39)
Caused by: com.kms.katalon.core.webui.exception.WebElementNotFoundException: Web element with id: 'Object Repository/Sanity Test/ChiraghHomeUIpages/Page_Chiragh - Home/a_ARA(UAE)' located by '//div[@id='collapsibleNavbar']/ul/li[5]/div/ul/li/a' not found
	at com.kms.katalon.core.webui.common.WebUiCommonHelper.findWebElement(WebUiCommonHelper.java:1368)
	at com.kms.katalon.core.webui.keyword.internal.WebUIAbstractKeyword.findWebElement(WebUIAbstractKeyword.groovy:27)
	at com.kms.katalon.core.webui.keyword.internal.WebUIAbstractKeyword.findWebElement(WebUIAbstractKeyword.groovy:26)
	at com.kms.katalon.core.webui.keyword.builtin.ClickKeyword$_click_closure1.doCall(ClickKeyword.groovy:67)
	at com.kms.katalon.core.webui.keyword.builtin.ClickKeyword$_click_closure1.call(ClickKeyword.groovy)
	at com.kms.katalon.core.webui.keyword.internal.WebUIKeywordMain.runKeyword(WebUIKeywordMain.groovy:20)
	... 19 more


2020-10-01 17:06:24 - [TEST_STEP][PASSED] - openBrowser(""): Browser is opened with url: ''

2020-10-01 17:06:24 - [MESSAGE][INFO] - Starting 'Chrome' driver

2020-10-01 17:06:24 - [MESSAGE][INFO] - Action delay is set to 0 milliseconds

2020-10-01 17:06:28 - [MESSAGE][PASSED] - Browser is opened with url: ''

2020-10-01 17:06:28 - [TEST_STEP][PASSED] - navigateToUrl(Url): Navigate to 'http://chiragh:AeBcm%231t@test.chiragh.com' successfully

2020-10-01 17:06:38 - [MESSAGE][PASSED] - Navigate to 'http://chiragh:AeBcm%231t@test.chiragh.com' successfully

2020-10-01 17:06:38 - [TEST_STEP][PASSED] - verifyElementPresent(findTestObject("Object Repository/Sanity Test/ChiraghHomeUIpages/Page_Chiragh - Home/img"), 5): Object 'Object Repository/Sanity Test/ChiraghHomeUIpages/Page_Chiragh - Home/img' is present

2020-10-01 17:06:39 - [MESSAGE][PASSED] - Object 'Object Repository/Sanity Test/ChiraghHomeUIpages/Page_Chiragh - Home/img' is present

2020-10-01 17:06:39 - [TEST_STEP][PASSED] - click(findTestObject("Object Repository/Sanity Test/ChiraghHomeUIpages/Page_Chiragh - Home/a_ENG")): Object: 'Object Repository/Sanity Test/ChiraghHomeUIpages/Page_Chiragh - Home/a_ENG' is clicked on

2020-10-01 17:06:41 - [MESSAGE][PASSED] - Object: 'Object Repository/Sanity Test/ChiraghHomeUIpages/Page_Chiragh - Home/a_ENG' is clicked on

2020-10-01 17:06:41 - [TEST_STEP][FAILED] - click(findTestObject("Object Repository/Sanity Test/ChiraghHomeUIpages/Page_Chiragh - Home/a_ARA(UAE)")): Unable to click on object 'Object Repository/Sanity Test/ChiraghHomeUIpages/Page_Chiragh - Home/a_ARA(UAE)' (Root cause: com.kms.katalon.core.exception.StepFailedException: Unable to click on object 'Object Repository/Sanity Test/ChiraghHomeUIpages/Page_Chiragh - Home/a_ARA(UAE)'
	at com.kms.katalon.core.webui.keyword.internal.WebUIKeywordMain.stepFailed(WebUIKeywordMain.groovy:64)
	at com.kms.katalon.core.webui.keyword.internal.WebUIKeywordMain.runKeyword(WebUIKeywordMain.groovy:26)
	at com.kms.katalon.core.webui.keyword.builtin.ClickKeyword.click(ClickKeyword.groovy:76)
	at com.kms.katalon.core.webui.keyword.builtin.ClickKeyword.execute(ClickKeyword.groovy:43)
	at com.kms.katalon.core.keyword.internal.KeywordExecutor.executeKeywordForPlatform(KeywordExecutor.groovy:73)
	at com.kms.katalon.core.webui.keyword.WebUiBuiltInKeywords.click(WebUiBuiltInKeywords.groovy:617)
	at com.kms.katalon.core.webui.keyword.WebUiBuiltInKeywords$click$3.call(Unknown Source)
	at Buy_mainLandingPage_2.run(Buy_mainLandingPage_2:27)
	at com.kms.katalon.core.main.ScriptEngine.run(ScriptEngine.java:194)
	at com.kms.katalon.core.main.ScriptEngine.runScriptAsRawText(ScriptEngine.java:119)
	at com.kms.katalon.core.main.TestCaseExecutor.runScript(TestCaseExecutor.java:339)
	at com.kms.katalon.core.main.TestCaseExecutor.doExecute(TestCaseExecutor.java:330)
	at com.kms.katalon.core.main.TestCaseExecutor.processExecutionPhase(TestCaseExecutor.java:309)
	at com.kms.katalon.core.main.TestCaseExecutor.accessMainPhase(TestCaseExecutor.java:301)
	at com.kms.katalon.core.main.TestCaseExecutor.execute(TestCaseExecutor.java:235)
	at com.kms.katalon.core.main.TestSuiteExecutor.accessTestCaseMainPhase(TestSuiteExecutor.java:191)
	at com.kms.katalon.core.main.TestSuiteExecutor.accessTestSuiteMainPhase(TestSuiteExecutor.java:141)
	at com.kms.katalon.core.main.TestSuiteExecutor.execute(TestSuiteExecutor.java:90)
	at com.kms.katalon.core.main.TestCaseMain.startTestSuite(TestCaseMain.java:157)
	at com.kms.katalon.core.main.TestCaseMain$startTestSuite$0.call(Unknown Source)
	at TempTestSuite1601553830097.run(TempTestSuite1601553830097.groovy:39)
Caused by: com.kms.katalon.core.webui.exception.WebElementNotFoundException: Web element with id: 'Object Repository/Sanity Test/ChiraghHomeUIpages/Page_Chiragh - Home/a_ARA(UAE)' located by '//div[@id='collapsibleNavbar']/ul/li[5]/div/ul/li/a' not found
	at com.kms.katalon.core.webui.common.WebUiCommonHelper.findWebElement(WebUiCommonHelper.java:1368)
	at com.kms.katalon.core.webui.keyword.internal.WebUIAbstractKeyword.findWebElement(WebUIAbstractKeyword.groovy:27)
	at com.kms.katalon.core.webui.keyword.internal.WebUIAbstractKeyword.findWebElement(WebUIAbstractKeyword.groovy:26)
	at com.kms.katalon.core.webui.keyword.builtin.ClickKeyword$_click_closure1.doCall(ClickKeyword.groovy:67)
	at com.kms.katalon.core.webui.keyword.builtin.ClickKeyword$_click_closure1.call(ClickKeyword.groovy)
	at com.kms.katalon.core.webui.keyword.internal.WebUIKeywordMain.runKeyword(WebUIKeywordMain.groovy:20)
	at com.kms.katalon.core.webui.keyword.builtin.ClickKeyword.click(ClickKeyword.groovy:76)
	at com.kms.katalon.core.webui.keyword.builtin.ClickKeyword.execute(ClickKeyword.groovy:43)
	at com.kms.katalon.core.keyword.internal.KeywordExecutor.executeKeywordForPlatform(KeywordExecutor.groovy:73)
	at com.kms.katalon.core.webui.keyword.WebUiBuiltInKeywords.click(WebUiBuiltInKeywords.groovy:617)
	at com.kms.katalon.core.webui.keyword.WebUiBuiltInKeywords$click$3.call(Unknown Source)
	at Script1589780499109.run(Script1589780499109.groovy:27)
	... 13 more
)

2020-10-01 17:07:13 - [MESSAGE][INFO] - Unable to find the element located by 'By.xpath: //div[@id='collapsibleNavbar']/ul/li[5]/div/ul/li/a'. Please recheck the objects properties to make sure the desired element is located. 

2020-10-01 17:07:14 - [MESSAGE][FAILED] - Unable to click on object 'Object Repository/Sanity Test/ChiraghHomeUIpages/Page_Chiragh - Home/a_ARA(UAE)' (Root cause: com.kms.katalon.core.exception.StepFailedException: Unable to click on object 'Object Repository/Sanity Test/ChiraghHomeUIpages/Page_Chiragh - Home/a_ARA(UAE)'
	at com.kms.katalon.core.webui.keyword.internal.WebUIKeywordMain.stepFailed(WebUIKeywordMain.groovy:64)
	at com.kms.katalon.core.webui.keyword.internal.WebUIKeywordMain.runKeyword(WebUIKeywordMain.groovy:26)
	at com.kms.katalon.core.webui.keyword.builtin.ClickKeyword.click(ClickKeyword.groovy:76)
	at com.kms.katalon.core.webui.keyword.builtin.ClickKeyword.execute(ClickKeyword.groovy:43)
	at com.kms.katalon.core.keyword.internal.KeywordExecutor.executeKeywordForPlatform(KeywordExecutor.groovy:73)
	at com.kms.katalon.core.webui.keyword.WebUiBuiltInKeywords.click(WebUiBuiltInKeywords.groovy:617)
	at com.kms.katalon.core.webui.keyword.WebUiBuiltInKeywords$click$3.call(Unknown Source)
	at Buy_mainLandingPage_2.run(Buy_mainLandingPage_2:27)
	at com.kms.katalon.core.main.ScriptEngine.run(ScriptEngine.java:194)
	at com.kms.katalon.core.main.ScriptEngine.runScriptAsRawText(ScriptEngine.java:119)
	at com.kms.katalon.core.main.TestCaseExecutor.runScript(TestCaseExecutor.java:339)
	at com.kms.katalon.core.main.TestCaseExecutor.doExecute(TestCaseExecutor.java:330)
	at com.kms.katalon.core.main.TestCaseExecutor.processExecutionPhase(TestCaseExecutor.java:309)
	at com.kms.katalon.core.main.TestCaseExecutor.accessMainPhase(TestCaseExecutor.java:301)
	at com.kms.katalon.core.main.TestCaseExecutor.execute(TestCaseExecutor.java:235)
	at com.kms.katalon.core.main.TestSuiteExecutor.accessTestCaseMainPhase(TestSuiteExecutor.java:191)
	at com.kms.katalon.core.main.TestSuiteExecutor.accessTestSuiteMainPhase(TestSuiteExecutor.java:141)
	at com.kms.katalon.core.main.TestSuiteExecutor.execute(TestSuiteExecutor.java:90)
	at com.kms.katalon.core.main.TestCaseMain.startTestSuite(TestCaseMain.java:157)
	at com.kms.katalon.core.main.TestCaseMain$startTestSuite$0.call(Unknown Source)
	at TempTestSuite1601553830097.run(TempTestSuite1601553830097.groovy:39)
Caused by: com.kms.katalon.core.webui.exception.WebElementNotFoundException: Web element with id: 'Object Repository/Sanity Test/ChiraghHomeUIpages/Page_Chiragh - Home/a_ARA(UAE)' located by '//div[@id='collapsibleNavbar']/ul/li[5]/div/ul/li/a' not found
	at com.kms.katalon.core.webui.common.WebUiCommonHelper.findWebElement(WebUiCommonHelper.java:1368)
	at com.kms.katalon.core.webui.keyword.internal.WebUIAbstractKeyword.findWebElement(WebUIAbstractKeyword.groovy:27)
	at com.kms.katalon.core.webui.keyword.internal.WebUIAbstractKeyword.findWebElement(WebUIAbstractKeyword.groovy:26)
	at com.kms.katalon.core.webui.keyword.builtin.ClickKeyword$_click_closure1.doCall(ClickKeyword.groovy:67)
	at com.kms.katalon.core.webui.keyword.builtin.ClickKeyword$_click_closure1.call(ClickKeyword.groovy)
	at com.kms.katalon.core.webui.keyword.internal.WebUIKeywordMain.runKeyword(WebUIKeywordMain.groovy:20)
	at com.kms.katalon.core.webui.keyword.builtin.ClickKeyword.click(ClickKeyword.groovy:76)
	at com.kms.katalon.core.webui.keyword.builtin.ClickKeyword.execute(ClickKeyword.groovy:43)
	at com.kms.katalon.core.keyword.internal.KeywordExecutor.executeKeywordForPlatform(KeywordExecutor.groovy:73)
	at com.kms.katalon.core.webui.keyword.WebUiBuiltInKeywords.click(WebUiBuiltInKeywords.groovy:617)
	at com.kms.katalon.core.webui.keyword.WebUiBuiltInKeywords$click$3.call(Unknown Source)
	at Script1589780499109.run(Script1589780499109.groovy:27)
	... 13 more
)
[[ATTACHMENT|C:\\Users\\hp\\git\\chiraghAdminPanel\\Reports\\20201001_170350\\SanityTests\\SanityTest\\20201001_170350\\1601554033528.png]]

2020-10-01 17:07:16 - [TEST_STEP][PASSED] - Video: Video recording for test case 'Test Cases/Sanity Tests/Buy_mainLandingPage_2' .

2020-10-01 17:07:16 - [MESSAGE][INFO] - Video recording for test case 'Test Cases/Sanity Tests/Buy_mainLandingPage_2' .
[[ATTACHMENT|C:\Users\hp\git\chiraghAdminPanel\Reports\20201001_170350\SanityTests\SanityTest\20201001_170350/videos\test_2.mov]]]]></system-out>
         <system-err><![CDATA[2020-10-01 17:06:23 - [TEST_CASE][FAILED] - Test Cases/Sanity Tests/Buy_mainLandingPage_2: Test Cases/Sanity Tests/Buy_mainLandingPage_2 FAILED.
Reason:
com.kms.katalon.core.exception.StepFailedException: Unable to click on object 'Object Repository/Sanity Test/ChiraghHomeUIpages/Page_Chiragh - Home/a_ARA(UAE)'
	at com.kms.katalon.core.webui.keyword.internal.WebUIKeywordMain.stepFailed(WebUIKeywordMain.groovy:64)
	at com.kms.katalon.core.webui.keyword.internal.WebUIKeywordMain.runKeyword(WebUIKeywordMain.groovy:26)
	at com.kms.katalon.core.webui.keyword.builtin.ClickKeyword.click(ClickKeyword.groovy:76)
	at com.kms.katalon.core.webui.keyword.builtin.ClickKeyword.execute(ClickKeyword.groovy:43)
	at com.kms.katalon.core.keyword.internal.KeywordExecutor.executeKeywordForPlatform(KeywordExecutor.groovy:73)
	at com.kms.katalon.core.webui.keyword.WebUiBuiltInKeywords.click(WebUiBuiltInKeywords.groovy:617)
	at com.kms.katalon.core.webui.keyword.WebUiBuiltInKeywords$click$3.call(Unknown Source)
	at Buy_mainLandingPage_2.run(Buy_mainLandingPage_2:27)
	at com.kms.katalon.core.main.ScriptEngine.run(ScriptEngine.java:194)
	at com.kms.katalon.core.main.ScriptEngine.runScriptAsRawText(ScriptEngine.java:119)
	at com.kms.katalon.core.main.TestCaseExecutor.runScript(TestCaseExecutor.java:339)
	at com.kms.katalon.core.main.TestCaseExecutor.doExecute(TestCaseExecutor.java:330)
	at com.kms.katalon.core.main.TestCaseExecutor.processExecutionPhase(TestCaseExecutor.java:309)
	at com.kms.katalon.core.main.TestCaseExecutor.accessMainPhase(TestCaseExecutor.java:301)
	at com.kms.katalon.core.main.TestCaseExecutor.execute(TestCaseExecutor.java:235)
	at com.kms.katalon.core.main.TestSuiteExecutor.accessTestCaseMainPhase(TestSuiteExecutor.java:191)
	at com.kms.katalon.core.main.TestSuiteExecutor.accessTestSuiteMainPhase(TestSuiteExecutor.java:141)
	at com.kms.katalon.core.main.TestSuiteExecutor.execute(TestSuiteExecutor.java:90)
	at com.kms.katalon.core.main.TestCaseMain.startTestSuite(TestCaseMain.java:157)
	at com.kms.katalon.core.main.TestCaseMain$startTestSuite$0.call(Unknown Source)
	at TempTestSuite1601553830097.run(TempTestSuite1601553830097.groovy:39)
Caused by: com.kms.katalon.core.webui.exception.WebElementNotFoundException: Web element with id: 'Object Repository/Sanity Test/ChiraghHomeUIpages/Page_Chiragh - Home/a_ARA(UAE)' located by '//div[@id='collapsibleNavbar']/ul/li[5]/div/ul/li/a' not found
	at com.kms.katalon.core.webui.common.WebUiCommonHelper.findWebElement(WebUiCommonHelper.java:1368)
	at com.kms.katalon.core.webui.keyword.internal.WebUIAbstractKeyword.findWebElement(WebUIAbstractKeyword.groovy:27)
	at com.kms.katalon.core.webui.keyword.internal.WebUIAbstractKeyword.findWebElement(WebUIAbstractKeyword.groovy:26)
	at com.kms.katalon.core.webui.keyword.builtin.ClickKeyword$_click_closure1.doCall(ClickKeyword.groovy:67)
	at com.kms.katalon.core.webui.keyword.builtin.ClickKeyword$_click_closure1.call(ClickKeyword.groovy)
	at com.kms.katalon.core.webui.keyword.internal.WebUIKeywordMain.runKeyword(WebUIKeywordMain.groovy:20)
	... 19 more]]></system-err>
      </testcase>
      <testcase name="Test Cases/Sanity Tests/Buy_Property_Click(BuyTab)_4" time="29.287" classname="Test Cases/Sanity Tests/Buy_Property_Click(BuyTab)_4" status="FAILED">
         <failure type="FAILED" message="Test Cases/Sanity Tests/Buy_Property_Click(BuyTab)_4 FAILED.
Reason:
com.kms.katalon.core.exception.StepFailedException: Unable to verify object 'Object Repository/Sanity Test/BuyerPropertyTab/Page_Chiragh - Buy Property/p_hundreds of registered users have placed _b9b8bc' is present
	at com.kms.katalon.core.webui.keyword.internal.WebUIKeywordMain.stepFailed(WebUIKeywordMain.groovy:64)
	at com.kms.katalon.core.webui.keyword.internal.WebUIKeywordMain.runKeyword(WebUIKeywordMain.groovy:26)
	at com.kms.katalon.core.webui.keyword.builtin.VerifyElementPresentKeyword.verifyElementPresent(VerifyElementPresentKeyword.groovy:92)
	at com.kms.katalon.core.webui.keyword.builtin.VerifyElementPresentKeyword.execute(VerifyElementPresentKeyword.groovy:68)
	at com.kms.katalon.core.keyword.internal.KeywordExecutor.executeKeywordForPlatform(KeywordExecutor.groovy:73)
	at com.kms.katalon.core.webui.keyword.WebUiBuiltInKeywords.verifyElementPresent(WebUiBuiltInKeywords.groovy:1461)
	at com.kms.katalon.core.webui.keyword.WebUiBuiltInKeywords$verifyElementPresent$10.call(Unknown Source)
	at Buy_Property_Click(BuyTab)_4.run(Buy_Property_Click(BuyTab)_4:27)
	at com.kms.katalon.core.main.ScriptEngine.run(ScriptEngine.java:194)
	at com.kms.katalon.core.main.ScriptEngine.runScriptAsRawText(ScriptEngine.java:119)
	at com.kms.katalon.core.main.TestCaseExecutor.runScript(TestCaseExecutor.java:339)
	at com.kms.katalon.core.main.TestCaseExecutor.doExecute(TestCaseExecutor.java:330)
	at com.kms.katalon.core.main.TestCaseExecutor.processExecutionPhase(TestCaseExecutor.java:309)
	at com.kms.katalon.core.main.TestCaseExecutor.accessMainPhase(TestCaseExecutor.java:301)
	at com.kms.katalon.core.main.TestCaseExecutor.execute(TestCaseExecutor.java:235)
	at com.kms.katalon.core.main.TestSuiteExecutor.accessTestCaseMainPhase(TestSuiteExecutor.java:191)
	at com.kms.katalon.core.main.TestSuiteExecutor.accessTestSuiteMainPhase(TestSuiteExecutor.java:141)
	at com.kms.katalon.core.main.TestSuiteExecutor.execute(TestSuiteExecutor.java:90)
	at com.kms.katalon.core.main.TestCaseMain.startTestSuite(TestCaseMain.java:157)
	at com.kms.katalon.core.main.TestCaseMain$startTestSuite$0.call(Unknown Source)
	at TempTestSuite1601553830097.run(TempTestSuite1601553830097.groovy:39)
Caused by: com.kms.katalon.core.exception.StepFailedException: com.kms.katalon.core.webui.exception.WebElementNotFoundException: Web element with id: 'Object Repository/Sanity Test/BuyerPropertyTab/Page_Chiragh - Buy Property/p_hundreds of registered users have placed _b9b8bc' located by '(.//*[normalize-space(text()) and normalize-space(.)='We Build Trust'])[1]/following::p[1]' not found
	at com.kms.katalon.core.webui.keyword.internal.WebUIKeywordMain.stepFailed(WebUIKeywordMain.groovy:64)
	at com.kms.katalon.core.webui.keyword.builtin.VerifyElementPresentKeyword$_verifyElementPresent_closure1.doCall(VerifyElementPresentKeyword.groovy:85)
	at com.kms.katalon.core.webui.keyword.builtin.VerifyElementPresentKeyword$_verifyElementPresent_closure1.call(VerifyElementPresentKeyword.groovy)
	at com.kms.katalon.core.webui.keyword.internal.WebUIKeywordMain.runKeyword(WebUIKeywordMain.groovy:20)
	... 19 more
"/>
         <system-out><![CDATA[2020-10-01 17:07:16 - [TEST_CASE][FAILED] - Test Cases/Sanity Tests/Buy_Property_Click(BuyTab)_4: Test Cases/Sanity Tests/Buy_Property_Click(BuyTab)_4 FAILED.
Reason:
com.kms.katalon.core.exception.StepFailedException: Unable to verify object 'Object Repository/Sanity Test/BuyerPropertyTab/Page_Chiragh - Buy Property/p_hundreds of registered users have placed _b9b8bc' is present
	at com.kms.katalon.core.webui.keyword.internal.WebUIKeywordMain.stepFailed(WebUIKeywordMain.groovy:64)
	at com.kms.katalon.core.webui.keyword.internal.WebUIKeywordMain.runKeyword(WebUIKeywordMain.groovy:26)
	at com.kms.katalon.core.webui.keyword.builtin.VerifyElementPresentKeyword.verifyElementPresent(VerifyElementPresentKeyword.groovy:92)
	at com.kms.katalon.core.webui.keyword.builtin.VerifyElementPresentKeyword.execute(VerifyElementPresentKeyword.groovy:68)
	at com.kms.katalon.core.keyword.internal.KeywordExecutor.executeKeywordForPlatform(KeywordExecutor.groovy:73)
	at com.kms.katalon.core.webui.keyword.WebUiBuiltInKeywords.verifyElementPresent(WebUiBuiltInKeywords.groovy:1461)
	at com.kms.katalon.core.webui.keyword.WebUiBuiltInKeywords$verifyElementPresent$10.call(Unknown Source)
	at Buy_Property_Click(BuyTab)_4.run(Buy_Property_Click(BuyTab)_4:27)
	at com.kms.katalon.core.main.ScriptEngine.run(ScriptEngine.java:194)
	at com.kms.katalon.core.main.ScriptEngine.runScriptAsRawText(ScriptEngine.java:119)
	at com.kms.katalon.core.main.TestCaseExecutor.runScript(TestCaseExecutor.java:339)
	at com.kms.katalon.core.main.TestCaseExecutor.doExecute(TestCaseExecutor.java:330)
	at com.kms.katalon.core.main.TestCaseExecutor.processExecutionPhase(TestCaseExecutor.java:309)
	at com.kms.katalon.core.main.TestCaseExecutor.accessMainPhase(TestCaseExecutor.java:301)
	at com.kms.katalon.core.main.TestCaseExecutor.execute(TestCaseExecutor.java:235)
	at com.kms.katalon.core.main.TestSuiteExecutor.accessTestCaseMainPhase(TestSuiteExecutor.java:191)
	at com.kms.katalon.core.main.TestSuiteExecutor.accessTestSuiteMainPhase(TestSuiteExecutor.java:141)
	at com.kms.katalon.core.main.TestSuiteExecutor.execute(TestSuiteExecutor.java:90)
	at com.kms.katalon.core.main.TestCaseMain.startTestSuite(TestCaseMain.java:157)
	at com.kms.katalon.core.main.TestCaseMain$startTestSuite$0.call(Unknown Source)
	at TempTestSuite1601553830097.run(TempTestSuite1601553830097.groovy:39)
Caused by: com.kms.katalon.core.exception.StepFailedException: com.kms.katalon.core.webui.exception.WebElementNotFoundException: Web element with id: 'Object Repository/Sanity Test/BuyerPropertyTab/Page_Chiragh - Buy Property/p_hundreds of registered users have placed _b9b8bc' located by '(.//*[normalize-space(text()) and normalize-space(.)='We Build Trust'])[1]/following::p[1]' not found
	at com.kms.katalon.core.webui.keyword.internal.WebUIKeywordMain.stepFailed(WebUIKeywordMain.groovy:64)
	at com.kms.katalon.core.webui.keyword.builtin.VerifyElementPresentKeyword$_verifyElementPresent_closure1.doCall(VerifyElementPresentKeyword.groovy:85)
	at com.kms.katalon.core.webui.keyword.builtin.VerifyElementPresentKeyword$_verifyElementPresent_closure1.call(VerifyElementPresentKeyword.groovy)
	at com.kms.katalon.core.webui.keyword.internal.WebUIKeywordMain.runKeyword(WebUIKeywordMain.groovy:20)
	... 19 more


2020-10-01 17:07:17 - [TEST_STEP][PASSED] - openBrowser(""): Browser is opened with url: ''

2020-10-01 17:07:17 - [MESSAGE][WARNING] - A browser is already opened. Closing browser and opening a new one

2020-10-01 17:07:18 - [MESSAGE][INFO] - Starting 'Chrome' driver

2020-10-01 17:07:18 - [MESSAGE][INFO] - Action delay is set to 0 milliseconds

2020-10-01 17:07:22 - [MESSAGE][PASSED] - Browser is opened with url: ''

2020-10-01 17:07:22 - [TEST_STEP][PASSED] - navigateToUrl(Url): Navigate to 'http://chiragh:AeBcm%231t@test.chiragh.com' successfully

2020-10-01 17:07:31 - [MESSAGE][PASSED] - Navigate to 'http://chiragh:AeBcm%231t@test.chiragh.com' successfully

2020-10-01 17:07:31 - [TEST_STEP][PASSED] - click(findTestObject("Object Repository/Sanity Test/BuyerPropertyTab/Page_Chiragh - Home/a_BUY")): Object: 'Object Repository/Sanity Test/BuyerPropertyTab/Page_Chiragh - Home/a_BUY' is clicked on

2020-10-01 17:07:33 - [MESSAGE][PASSED] - Object: 'Object Repository/Sanity Test/BuyerPropertyTab/Page_Chiragh - Home/a_BUY' is clicked on

2020-10-01 17:07:33 - [TEST_STEP][PASSED] - verifyElementPresent(findTestObject("Object Repository/Sanity Test/BuyerPropertyTab/Page_Chiragh - Buy Property/h1_We Build Trust"), 5): Object 'Object Repository/Sanity Test/BuyerPropertyTab/Page_Chiragh - Buy Property/h1_We Build Trust' is present

2020-10-01 17:07:36 - [MESSAGE][PASSED] - Object 'Object Repository/Sanity Test/BuyerPropertyTab/Page_Chiragh - Buy Property/h1_We Build Trust' is present

2020-10-01 17:07:36 - [TEST_STEP][FAILED] - verifyElementPresent(findTestObject("Object Repository/Sanity Test/BuyerPropertyTab/Page_Chiragh - Buy Property/p_hundreds of registered users have placed _b9b8bc"), 5): Unable to verify object 'Object Repository/Sanity Test/BuyerPropertyTab/Page_Chiragh - Buy Property/p_hundreds of registered users have placed _b9b8bc' is present (Root cause: com.kms.katalon.core.exception.StepFailedException: Unable to verify object 'Object Repository/Sanity Test/BuyerPropertyTab/Page_Chiragh - Buy Property/p_hundreds of registered users have placed _b9b8bc' is present
	at com.kms.katalon.core.webui.keyword.internal.WebUIKeywordMain.stepFailed(WebUIKeywordMain.groovy:64)
	at com.kms.katalon.core.webui.keyword.internal.WebUIKeywordMain.runKeyword(WebUIKeywordMain.groovy:26)
	at com.kms.katalon.core.webui.keyword.builtin.VerifyElementPresentKeyword.verifyElementPresent(VerifyElementPresentKeyword.groovy:92)
	at com.kms.katalon.core.webui.keyword.builtin.VerifyElementPresentKeyword.execute(VerifyElementPresentKeyword.groovy:68)
	at com.kms.katalon.core.keyword.internal.KeywordExecutor.executeKeywordForPlatform(KeywordExecutor.groovy:73)
	at com.kms.katalon.core.webui.keyword.WebUiBuiltInKeywords.verifyElementPresent(WebUiBuiltInKeywords.groovy:1461)
	at com.kms.katalon.core.webui.keyword.WebUiBuiltInKeywords$verifyElementPresent$10.call(Unknown Source)
	at Buy_Property_Click(BuyTab)_4.run(Buy_Property_Click(BuyTab)_4:27)
	at com.kms.katalon.core.main.ScriptEngine.run(ScriptEngine.java:194)
	at com.kms.katalon.core.main.ScriptEngine.runScriptAsRawText(ScriptEngine.java:119)
	at com.kms.katalon.core.main.TestCaseExecutor.runScript(TestCaseExecutor.java:339)
	at com.kms.katalon.core.main.TestCaseExecutor.doExecute(TestCaseExecutor.java:330)
	at com.kms.katalon.core.main.TestCaseExecutor.processExecutionPhase(TestCaseExecutor.java:309)
	at com.kms.katalon.core.main.TestCaseExecutor.accessMainPhase(TestCaseExecutor.java:301)
	at com.kms.katalon.core.main.TestCaseExecutor.execute(TestCaseExecutor.java:235)
	at com.kms.katalon.core.main.TestSuiteExecutor.accessTestCaseMainPhase(TestSuiteExecutor.java:191)
	at com.kms.katalon.core.main.TestSuiteExecutor.accessTestSuiteMainPhase(TestSuiteExecutor.java:141)
	at com.kms.katalon.core.main.TestSuiteExecutor.execute(TestSuiteExecutor.java:90)
	at com.kms.katalon.core.main.TestCaseMain.startTestSuite(TestCaseMain.java:157)
	at com.kms.katalon.core.main.TestCaseMain$startTestSuite$0.call(Unknown Source)
	at TempTestSuite1601553830097.run(TempTestSuite1601553830097.groovy:39)
Caused by: com.kms.katalon.core.exception.StepFailedException: com.kms.katalon.core.webui.exception.WebElementNotFoundException: Web element with id: 'Object Repository/Sanity Test/BuyerPropertyTab/Page_Chiragh - Buy Property/p_hundreds of registered users have placed _b9b8bc' located by '(.//*[normalize-space(text()) and normalize-space(.)='We Build Trust'])[1]/following::p[1]' not found
	at com.kms.katalon.core.webui.keyword.internal.WebUIKeywordMain.stepFailed(WebUIKeywordMain.groovy:64)
	at com.kms.katalon.core.webui.keyword.builtin.VerifyElementPresentKeyword$_verifyElementPresent_closure1.doCall(VerifyElementPresentKeyword.groovy:85)
	at com.kms.katalon.core.webui.keyword.builtin.VerifyElementPresentKeyword$_verifyElementPresent_closure1.call(VerifyElementPresentKeyword.groovy)
	at com.kms.katalon.core.webui.keyword.internal.WebUIKeywordMain.runKeyword(WebUIKeywordMain.groovy:20)
	... 19 more
)

2020-10-01 17:07:42 - [MESSAGE][INFO] - Unable to find the element located by 'By.xpath: (.//*[normalize-space(text()) and normalize-space(.)='We Build Trust'])[1]/following::p[1]'. Please recheck the objects properties to make sure the desired element is located. 

2020-10-01 17:07:43 - [MESSAGE][FAILED] - com.kms.katalon.core.webui.exception.WebElementNotFoundException: Web element with id: 'Object Repository/Sanity Test/BuyerPropertyTab/Page_Chiragh - Buy Property/p_hundreds of registered users have placed _b9b8bc' located by '(.//*[normalize-space(text()) and normalize-space(.)='We Build Trust'])[1]/following::p[1]' not found (Root cause: com.kms.katalon.core.exception.StepFailedException: com.kms.katalon.core.webui.exception.WebElementNotFoundException: Web element with id: 'Object Repository/Sanity Test/BuyerPropertyTab/Page_Chiragh - Buy Property/p_hundreds of registered users have placed _b9b8bc' located by '(.//*[normalize-space(text()) and normalize-space(.)='We Build Trust'])[1]/following::p[1]' not found
	at com.kms.katalon.core.webui.keyword.internal.WebUIKeywordMain.stepFailed(WebUIKeywordMain.groovy:64)
	at com.kms.katalon.core.webui.keyword.builtin.VerifyElementPresentKeyword$_verifyElementPresent_closure1.doCall(VerifyElementPresentKeyword.groovy:85)
	at com.kms.katalon.core.webui.keyword.builtin.VerifyElementPresentKeyword$_verifyElementPresent_closure1.call(VerifyElementPresentKeyword.groovy)
	at com.kms.katalon.core.webui.keyword.internal.WebUIKeywordMain.runKeyword(WebUIKeywordMain.groovy:20)
	at com.kms.katalon.core.webui.keyword.builtin.VerifyElementPresentKeyword.verifyElementPresent(VerifyElementPresentKeyword.groovy:92)
	at com.kms.katalon.core.webui.keyword.builtin.VerifyElementPresentKeyword.execute(VerifyElementPresentKeyword.groovy:68)
	at com.kms.katalon.core.keyword.internal.KeywordExecutor.executeKeywordForPlatform(KeywordExecutor.groovy:73)
	at com.kms.katalon.core.webui.keyword.WebUiBuiltInKeywords.verifyElementPresent(WebUiBuiltInKeywords.groovy:1461)
	at com.kms.katalon.core.webui.keyword.WebUiBuiltInKeywords$verifyElementPresent$10.call(Unknown Source)
	at Buy_Property_Click(BuyTab)_4.run(Buy_Property_Click(BuyTab)_4:27)
	at com.kms.katalon.core.main.ScriptEngine.run(ScriptEngine.java:194)
	at com.kms.katalon.core.main.ScriptEngine.runScriptAsRawText(ScriptEngine.java:119)
	at com.kms.katalon.core.main.TestCaseExecutor.runScript(TestCaseExecutor.java:339)
	at com.kms.katalon.core.main.TestCaseExecutor.doExecute(TestCaseExecutor.java:330)
	at com.kms.katalon.core.main.TestCaseExecutor.processExecutionPhase(TestCaseExecutor.java:309)
	at com.kms.katalon.core.main.TestCaseExecutor.accessMainPhase(TestCaseExecutor.java:301)
	at com.kms.katalon.core.main.TestCaseExecutor.execute(TestCaseExecutor.java:235)
	at com.kms.katalon.core.main.TestSuiteExecutor.accessTestCaseMainPhase(TestSuiteExecutor.java:191)
	at com.kms.katalon.core.main.TestSuiteExecutor.accessTestSuiteMainPhase(TestSuiteExecutor.java:141)
	at com.kms.katalon.core.main.TestSuiteExecutor.execute(TestSuiteExecutor.java:90)
	at com.kms.katalon.core.main.TestCaseMain.startTestSuite(TestCaseMain.java:157)
	at com.kms.katalon.core.main.TestCaseMain$startTestSuite$0.call(Unknown Source)
	at TempTestSuite1601553830097.run(TempTestSuite1601553830097.groovy:39)
)
[[ATTACHMENT|C:\\Users\\hp\\git\\chiraghAdminPanel\\Reports\\20201001_170350\\SanityTests\\SanityTest\\20201001_170350\\1601554062508.png]]

2020-10-01 17:07:43 - [MESSAGE][FAILED] - Unable to verify object 'Object Repository/Sanity Test/BuyerPropertyTab/Page_Chiragh - Buy Property/p_hundreds of registered users have placed _b9b8bc' is present (Root cause: com.kms.katalon.core.exception.StepFailedException: Unable to verify object 'Object Repository/Sanity Test/BuyerPropertyTab/Page_Chiragh - Buy Property/p_hundreds of registered users have placed _b9b8bc' is present
	at com.kms.katalon.core.webui.keyword.internal.WebUIKeywordMain.stepFailed(WebUIKeywordMain.groovy:64)
	at com.kms.katalon.core.webui.keyword.internal.WebUIKeywordMain.runKeyword(WebUIKeywordMain.groovy:26)
	at com.kms.katalon.core.webui.keyword.builtin.VerifyElementPresentKeyword.verifyElementPresent(VerifyElementPresentKeyword.groovy:92)
	at com.kms.katalon.core.webui.keyword.builtin.VerifyElementPresentKeyword.execute(VerifyElementPresentKeyword.groovy:68)
	at com.kms.katalon.core.keyword.internal.KeywordExecutor.executeKeywordForPlatform(KeywordExecutor.groovy:73)
	at com.kms.katalon.core.webui.keyword.WebUiBuiltInKeywords.verifyElementPresent(WebUiBuiltInKeywords.groovy:1461)
	at com.kms.katalon.core.webui.keyword.WebUiBuiltInKeywords$verifyElementPresent$10.call(Unknown Source)
	at Buy_Property_Click(BuyTab)_4.run(Buy_Property_Click(BuyTab)_4:27)
	at com.kms.katalon.core.main.ScriptEngine.run(ScriptEngine.java:194)
	at com.kms.katalon.core.main.ScriptEngine.runScriptAsRawText(ScriptEngine.java:119)
	at com.kms.katalon.core.main.TestCaseExecutor.runScript(TestCaseExecutor.java:339)
	at com.kms.katalon.core.main.TestCaseExecutor.doExecute(TestCaseExecutor.java:330)
	at com.kms.katalon.core.main.TestCaseExecutor.processExecutionPhase(TestCaseExecutor.java:309)
	at com.kms.katalon.core.main.TestCaseExecutor.accessMainPhase(TestCaseExecutor.java:301)
	at com.kms.katalon.core.main.TestCaseExecutor.execute(TestCaseExecutor.java:235)
	at com.kms.katalon.core.main.TestSuiteExecutor.accessTestCaseMainPhase(TestSuiteExecutor.java:191)
	at com.kms.katalon.core.main.TestSuiteExecutor.accessTestSuiteMainPhase(TestSuiteExecutor.java:141)
	at com.kms.katalon.core.main.TestSuiteExecutor.execute(TestSuiteExecutor.java:90)
	at com.kms.katalon.core.main.TestCaseMain.startTestSuite(TestCaseMain.java:157)
	at com.kms.katalon.core.main.TestCaseMain$startTestSuite$0.call(Unknown Source)
	at TempTestSuite1601553830097.run(TempTestSuite1601553830097.groovy:39)
Caused by: com.kms.katalon.core.exception.StepFailedException: com.kms.katalon.core.webui.exception.WebElementNotFoundException: Web element with id: 'Object Repository/Sanity Test/BuyerPropertyTab/Page_Chiragh - Buy Property/p_hundreds of registered users have placed _b9b8bc' located by '(.//*[normalize-space(text()) and normalize-space(.)='We Build Trust'])[1]/following::p[1]' not found
	at com.kms.katalon.core.webui.keyword.internal.WebUIKeywordMain.stepFailed(WebUIKeywordMain.groovy:64)
	at com.kms.katalon.core.webui.keyword.builtin.VerifyElementPresentKeyword$_verifyElementPresent_closure1.doCall(VerifyElementPresentKeyword.groovy:85)
	at com.kms.katalon.core.webui.keyword.builtin.VerifyElementPresentKeyword$_verifyElementPresent_closure1.call(VerifyElementPresentKeyword.groovy)
	at com.kms.katalon.core.webui.keyword.internal.WebUIKeywordMain.runKeyword(WebUIKeywordMain.groovy:20)
	... 19 more
)
[[ATTACHMENT|C:\\Users\\hp\\git\\chiraghAdminPanel\\Reports\\20201001_170350\\SanityTests\\SanityTest\\20201001_170350\\1601554063161.png]]

2020-10-01 17:07:45 - [TEST_STEP][PASSED] - Video: Video recording for test case 'Test Cases/Sanity Tests/Buy_Property_Click(BuyTab)_4' .

2020-10-01 17:07:45 - [MESSAGE][INFO] - Video recording for test case 'Test Cases/Sanity Tests/Buy_Property_Click(BuyTab)_4' .
[[ATTACHMENT|C:\Users\hp\git\chiraghAdminPanel\Reports\20201001_170350\SanityTests\SanityTest\20201001_170350/videos\test_3.mov]]]]></system-out>
         <system-err><![CDATA[2020-10-01 17:07:16 - [TEST_CASE][FAILED] - Test Cases/Sanity Tests/Buy_Property_Click(BuyTab)_4: Test Cases/Sanity Tests/Buy_Property_Click(BuyTab)_4 FAILED.
Reason:
com.kms.katalon.core.exception.StepFailedException: Unable to verify object 'Object Repository/Sanity Test/BuyerPropertyTab/Page_Chiragh - Buy Property/p_hundreds of registered users have placed _b9b8bc' is present
	at com.kms.katalon.core.webui.keyword.internal.WebUIKeywordMain.stepFailed(WebUIKeywordMain.groovy:64)
	at com.kms.katalon.core.webui.keyword.internal.WebUIKeywordMain.runKeyword(WebUIKeywordMain.groovy:26)
	at com.kms.katalon.core.webui.keyword.builtin.VerifyElementPresentKeyword.verifyElementPresent(VerifyElementPresentKeyword.groovy:92)
	at com.kms.katalon.core.webui.keyword.builtin.VerifyElementPresentKeyword.execute(VerifyElementPresentKeyword.groovy:68)
	at com.kms.katalon.core.keyword.internal.KeywordExecutor.executeKeywordForPlatform(KeywordExecutor.groovy:73)
	at com.kms.katalon.core.webui.keyword.WebUiBuiltInKeywords.verifyElementPresent(WebUiBuiltInKeywords.groovy:1461)
	at com.kms.katalon.core.webui.keyword.WebUiBuiltInKeywords$verifyElementPresent$10.call(Unknown Source)
	at Buy_Property_Click(BuyTab)_4.run(Buy_Property_Click(BuyTab)_4:27)
	at com.kms.katalon.core.main.ScriptEngine.run(ScriptEngine.java:194)
	at com.kms.katalon.core.main.ScriptEngine.runScriptAsRawText(ScriptEngine.java:119)
	at com.kms.katalon.core.main.TestCaseExecutor.runScript(TestCaseExecutor.java:339)
	at com.kms.katalon.core.main.TestCaseExecutor.doExecute(TestCaseExecutor.java:330)
	at com.kms.katalon.core.main.TestCaseExecutor.processExecutionPhase(TestCaseExecutor.java:309)
	at com.kms.katalon.core.main.TestCaseExecutor.accessMainPhase(TestCaseExecutor.java:301)
	at com.kms.katalon.core.main.TestCaseExecutor.execute(TestCaseExecutor.java:235)
	at com.kms.katalon.core.main.TestSuiteExecutor.accessTestCaseMainPhase(TestSuiteExecutor.java:191)
	at com.kms.katalon.core.main.TestSuiteExecutor.accessTestSuiteMainPhase(TestSuiteExecutor.java:141)
	at com.kms.katalon.core.main.TestSuiteExecutor.execute(TestSuiteExecutor.java:90)
	at com.kms.katalon.core.main.TestCaseMain.startTestSuite(TestCaseMain.java:157)
	at com.kms.katalon.core.main.TestCaseMain$startTestSuite$0.call(Unknown Source)
	at TempTestSuite1601553830097.run(TempTestSuite1601553830097.groovy:39)
Caused by: com.kms.katalon.core.exception.StepFailedException: com.kms.katalon.core.webui.exception.WebElementNotFoundException: Web element with id: 'Object Repository/Sanity Test/BuyerPropertyTab/Page_Chiragh - Buy Property/p_hundreds of registered users have placed _b9b8bc' located by '(.//*[normalize-space(text()) and normalize-space(.)='We Build Trust'])[1]/following::p[1]' not found
	at com.kms.katalon.core.webui.keyword.internal.WebUIKeywordMain.stepFailed(WebUIKeywordMain.groovy:64)
	at com.kms.katalon.core.webui.keyword.builtin.VerifyElementPresentKeyword$_verifyElementPresent_closure1.doCall(VerifyElementPresentKeyword.groovy:85)
	at com.kms.katalon.core.webui.keyword.builtin.VerifyElementPresentKeyword$_verifyElementPresent_closure1.call(VerifyElementPresentKeyword.groovy)
	at com.kms.katalon.core.webui.keyword.internal.WebUIKeywordMain.runKeyword(WebUIKeywordMain.groovy:20)
	... 19 more]]></system-err>
      </testcase>
      <testcase name="Test Cases/Sanity Tests/Chiragh_HomePages_UI" time="39.811" classname="Test Cases/Sanity Tests/Chiragh_HomePages_UI" status="FAILED">
         <failure type="FAILED" message="Test Cases/Sanity Tests/Chiragh_HomePages_UI FAILED.
Reason:
com.kms.katalon.core.exception.StepFailedException: Unable to click on object 'Object Repository/Sanity Test/ChiraghHomeUIpages/Page_Chiragh - Home/img'
	at com.kms.katalon.core.webui.keyword.internal.WebUIKeywordMain.stepFailed(WebUIKeywordMain.groovy:64)
	at com.kms.katalon.core.webui.keyword.internal.WebUIKeywordMain.runKeyword(WebUIKeywordMain.groovy:26)
	at com.kms.katalon.core.webui.keyword.builtin.ClickKeyword.click(ClickKeyword.groovy:76)
	at com.kms.katalon.core.webui.keyword.builtin.ClickKeyword.execute(ClickKeyword.groovy:43)
	at com.kms.katalon.core.keyword.internal.KeywordExecutor.executeKeywordForPlatform(KeywordExecutor.groovy:73)
	at com.kms.katalon.core.webui.keyword.WebUiBuiltInKeywords.click(WebUiBuiltInKeywords.groovy:617)
	at com.kms.katalon.core.webui.keyword.WebUiBuiltInKeywords$click$3.call(Unknown Source)
	at Chiragh_HomePages_UI.run(Chiragh_HomePages_UI:23)
	at com.kms.katalon.core.main.ScriptEngine.run(ScriptEngine.java:194)
	at com.kms.katalon.core.main.ScriptEngine.runScriptAsRawText(ScriptEngine.java:119)
	at com.kms.katalon.core.main.TestCaseExecutor.runScript(TestCaseExecutor.java:339)
	at com.kms.katalon.core.main.TestCaseExecutor.doExecute(TestCaseExecutor.java:330)
	at com.kms.katalon.core.main.TestCaseExecutor.processExecutionPhase(TestCaseExecutor.java:309)
	at com.kms.katalon.core.main.TestCaseExecutor.accessMainPhase(TestCaseExecutor.java:301)
	at com.kms.katalon.core.main.TestCaseExecutor.execute(TestCaseExecutor.java:235)
	at com.kms.katalon.core.main.TestSuiteExecutor.accessTestCaseMainPhase(TestSuiteExecutor.java:191)
	at com.kms.katalon.core.main.TestSuiteExecutor.accessTestSuiteMainPhase(TestSuiteExecutor.java:141)
	at com.kms.katalon.core.main.TestSuiteExecutor.execute(TestSuiteExecutor.java:90)
	at com.kms.katalon.core.main.TestCaseMain.startTestSuite(TestCaseMain.java:157)
	at com.kms.katalon.core.main.TestCaseMain$startTestSuite$0.call(Unknown Source)
	at TempTestSuite1601553830097.run(TempTestSuite1601553830097.groovy:39)
Caused by: com.kms.katalon.core.webui.exception.WebElementNotFoundException: Web element with id: 'Object Repository/Sanity Test/ChiraghHomeUIpages/Page_Chiragh - Home/img' located by '//nav[@id='banner']/div/a/img' not found
	at com.kms.katalon.core.webui.common.WebUiCommonHelper.findWebElement(WebUiCommonHelper.java:1368)
	at com.kms.katalon.core.webui.keyword.internal.WebUIAbstractKeyword.findWebElement(WebUIAbstractKeyword.groovy:27)
	at com.kms.katalon.core.webui.keyword.internal.WebUIAbstractKeyword.findWebElement(WebUIAbstractKeyword.groovy:26)
	at com.kms.katalon.core.webui.keyword.builtin.ClickKeyword$_click_closure1.doCall(ClickKeyword.groovy:67)
	at com.kms.katalon.core.webui.keyword.builtin.ClickKeyword$_click_closure1.call(ClickKeyword.groovy)
	at com.kms.katalon.core.webui.keyword.internal.WebUIKeywordMain.runKeyword(WebUIKeywordMain.groovy:20)
	... 19 more
"/>
         <system-out><![CDATA[2020-10-01 17:07:45 - [TEST_CASE][FAILED] - Test Cases/Sanity Tests/Chiragh_HomePages_UI: Test Cases/Sanity Tests/Chiragh_HomePages_UI FAILED.
Reason:
com.kms.katalon.core.exception.StepFailedException: Unable to click on object 'Object Repository/Sanity Test/ChiraghHomeUIpages/Page_Chiragh - Home/img'
	at com.kms.katalon.core.webui.keyword.internal.WebUIKeywordMain.stepFailed(WebUIKeywordMain.groovy:64)
	at com.kms.katalon.core.webui.keyword.internal.WebUIKeywordMain.runKeyword(WebUIKeywordMain.groovy:26)
	at com.kms.katalon.core.webui.keyword.builtin.ClickKeyword.click(ClickKeyword.groovy:76)
	at com.kms.katalon.core.webui.keyword.builtin.ClickKeyword.execute(ClickKeyword.groovy:43)
	at com.kms.katalon.core.keyword.internal.KeywordExecutor.executeKeywordForPlatform(KeywordExecutor.groovy:73)
	at com.kms.katalon.core.webui.keyword.WebUiBuiltInKeywords.click(WebUiBuiltInKeywords.groovy:617)
	at com.kms.katalon.core.webui.keyword.WebUiBuiltInKeywords$click$3.call(Unknown Source)
	at Chiragh_HomePages_UI.run(Chiragh_HomePages_UI:23)
	at com.kms.katalon.core.main.ScriptEngine.run(ScriptEngine.java:194)
	at com.kms.katalon.core.main.ScriptEngine.runScriptAsRawText(ScriptEngine.java:119)
	at com.kms.katalon.core.main.TestCaseExecutor.runScript(TestCaseExecutor.java:339)
	at com.kms.katalon.core.main.TestCaseExecutor.doExecute(TestCaseExecutor.java:330)
	at com.kms.katalon.core.main.TestCaseExecutor.processExecutionPhase(TestCaseExecutor.java:309)
	at com.kms.katalon.core.main.TestCaseExecutor.accessMainPhase(TestCaseExecutor.java:301)
	at com.kms.katalon.core.main.TestCaseExecutor.execute(TestCaseExecutor.java:235)
	at com.kms.katalon.core.main.TestSuiteExecutor.accessTestCaseMainPhase(TestSuiteExecutor.java:191)
	at com.kms.katalon.core.main.TestSuiteExecutor.accessTestSuiteMainPhase(TestSuiteExecutor.java:141)
	at com.kms.katalon.core.main.TestSuiteExecutor.execute(TestSuiteExecutor.java:90)
	at com.kms.katalon.core.main.TestCaseMain.startTestSuite(TestCaseMain.java:157)
	at com.kms.katalon.core.main.TestCaseMain$startTestSuite$0.call(Unknown Source)
	at TempTestSuite1601553830097.run(TempTestSuite1601553830097.groovy:39)
Caused by: com.kms.katalon.core.webui.exception.WebElementNotFoundException: Web element with id: 'Object Repository/Sanity Test/ChiraghHomeUIpages/Page_Chiragh - Home/img' located by '//nav[@id='banner']/div/a/img' not found
	at com.kms.katalon.core.webui.common.WebUiCommonHelper.findWebElement(WebUiCommonHelper.java:1368)
	at com.kms.katalon.core.webui.keyword.internal.WebUIAbstractKeyword.findWebElement(WebUIAbstractKeyword.groovy:27)
	at com.kms.katalon.core.webui.keyword.internal.WebUIAbstractKeyword.findWebElement(WebUIAbstractKeyword.groovy:26)
	at com.kms.katalon.core.webui.keyword.builtin.ClickKeyword$_click_closure1.doCall(ClickKeyword.groovy:67)
	at com.kms.katalon.core.webui.keyword.builtin.ClickKeyword$_click_closure1.call(ClickKeyword.groovy)
	at com.kms.katalon.core.webui.keyword.internal.WebUIKeywordMain.runKeyword(WebUIKeywordMain.groovy:20)
	... 19 more


2020-10-01 17:07:46 - [TEST_STEP][PASSED] - openBrowser(""): Browser is opened with url: ''

2020-10-01 17:07:46 - [MESSAGE][WARNING] - A browser is already opened. Closing browser and opening a new one

2020-10-01 17:07:47 - [MESSAGE][INFO] - Starting 'Chrome' driver

2020-10-01 17:07:47 - [MESSAGE][INFO] - Action delay is set to 0 milliseconds

2020-10-01 17:07:51 - [MESSAGE][PASSED] - Browser is opened with url: ''

2020-10-01 17:07:51 - [TEST_STEP][PASSED] - navigateToUrl("http://test.chiragh.com/"): Navigate to 'http://test.chiragh.com/' successfully

2020-10-01 17:07:52 - [MESSAGE][PASSED] - Navigate to 'http://test.chiragh.com/' successfully

2020-10-01 17:07:52 - [TEST_STEP][FAILED] - click(findTestObject("Object Repository/Sanity Test/ChiraghHomeUIpages/Page_Chiragh - Home/img")): Unable to click on object 'Object Repository/Sanity Test/ChiraghHomeUIpages/Page_Chiragh - Home/img' (Root cause: com.kms.katalon.core.exception.StepFailedException: Unable to click on object 'Object Repository/Sanity Test/ChiraghHomeUIpages/Page_Chiragh - Home/img'
	at com.kms.katalon.core.webui.keyword.internal.WebUIKeywordMain.stepFailed(WebUIKeywordMain.groovy:64)
	at com.kms.katalon.core.webui.keyword.internal.WebUIKeywordMain.runKeyword(WebUIKeywordMain.groovy:26)
	at com.kms.katalon.core.webui.keyword.builtin.ClickKeyword.click(ClickKeyword.groovy:76)
	at com.kms.katalon.core.webui.keyword.builtin.ClickKeyword.execute(ClickKeyword.groovy:43)
	at com.kms.katalon.core.keyword.internal.KeywordExecutor.executeKeywordForPlatform(KeywordExecutor.groovy:73)
	at com.kms.katalon.core.webui.keyword.WebUiBuiltInKeywords.click(WebUiBuiltInKeywords.groovy:617)
	at com.kms.katalon.core.webui.keyword.WebUiBuiltInKeywords$click$3.call(Unknown Source)
	at Chiragh_HomePages_UI.run(Chiragh_HomePages_UI:23)
	at com.kms.katalon.core.main.ScriptEngine.run(ScriptEngine.java:194)
	at com.kms.katalon.core.main.ScriptEngine.runScriptAsRawText(ScriptEngine.java:119)
	at com.kms.katalon.core.main.TestCaseExecutor.runScript(TestCaseExecutor.java:339)
	at com.kms.katalon.core.main.TestCaseExecutor.doExecute(TestCaseExecutor.java:330)
	at com.kms.katalon.core.main.TestCaseExecutor.processExecutionPhase(TestCaseExecutor.java:309)
	at com.kms.katalon.core.main.TestCaseExecutor.accessMainPhase(TestCaseExecutor.java:301)
	at com.kms.katalon.core.main.TestCaseExecutor.execute(TestCaseExecutor.java:235)
	at com.kms.katalon.core.main.TestSuiteExecutor.accessTestCaseMainPhase(TestSuiteExecutor.java:191)
	at com.kms.katalon.core.main.TestSuiteExecutor.accessTestSuiteMainPhase(TestSuiteExecutor.java:141)
	at com.kms.katalon.core.main.TestSuiteExecutor.execute(TestSuiteExecutor.java:90)
	at com.kms.katalon.core.main.TestCaseMain.startTestSuite(TestCaseMain.java:157)
	at com.kms.katalon.core.main.TestCaseMain$startTestSuite$0.call(Unknown Source)
	at TempTestSuite1601553830097.run(TempTestSuite1601553830097.groovy:39)
Caused by: com.kms.katalon.core.webui.exception.WebElementNotFoundException: Web element with id: 'Object Repository/Sanity Test/ChiraghHomeUIpages/Page_Chiragh - Home/img' located by '//nav[@id='banner']/div/a/img' not found
	at com.kms.katalon.core.webui.common.WebUiCommonHelper.findWebElement(WebUiCommonHelper.java:1368)
	at com.kms.katalon.core.webui.keyword.internal.WebUIAbstractKeyword.findWebElement(WebUIAbstractKeyword.groovy:27)
	at com.kms.katalon.core.webui.keyword.internal.WebUIAbstractKeyword.findWebElement(WebUIAbstractKeyword.groovy:26)
	at com.kms.katalon.core.webui.keyword.builtin.ClickKeyword$_click_closure1.doCall(ClickKeyword.groovy:67)
	at com.kms.katalon.core.webui.keyword.builtin.ClickKeyword$_click_closure1.call(ClickKeyword.groovy)
	at com.kms.katalon.core.webui.keyword.internal.WebUIKeywordMain.runKeyword(WebUIKeywordMain.groovy:20)
	at com.kms.katalon.core.webui.keyword.builtin.ClickKeyword.click(ClickKeyword.groovy:76)
	at com.kms.katalon.core.webui.keyword.builtin.ClickKeyword.execute(ClickKeyword.groovy:43)
	at com.kms.katalon.core.keyword.internal.KeywordExecutor.executeKeywordForPlatform(KeywordExecutor.groovy:73)
	at com.kms.katalon.core.webui.keyword.WebUiBuiltInKeywords.click(WebUiBuiltInKeywords.groovy:617)
	at com.kms.katalon.core.webui.keyword.WebUiBuiltInKeywords$click$3.call(Unknown Source)
	at Script1591100726365.run(Script1591100726365.groovy:23)
	... 13 more
)

2020-10-01 17:08:23 - [MESSAGE][INFO] - Unable to find the element located by 'By.xpath: //nav[@id='banner']/div/a/img'. Please recheck the objects properties to make sure the desired element is located. 

2020-10-01 17:08:23 - [MESSAGE][FAILED] - Unable to click on object 'Object Repository/Sanity Test/ChiraghHomeUIpages/Page_Chiragh - Home/img' (Root cause: com.kms.katalon.core.exception.StepFailedException: Unable to click on object 'Object Repository/Sanity Test/ChiraghHomeUIpages/Page_Chiragh - Home/img'
	at com.kms.katalon.core.webui.keyword.internal.WebUIKeywordMain.stepFailed(WebUIKeywordMain.groovy:64)
	at com.kms.katalon.core.webui.keyword.internal.WebUIKeywordMain.runKeyword(WebUIKeywordMain.groovy:26)
	at com.kms.katalon.core.webui.keyword.builtin.ClickKeyword.click(ClickKeyword.groovy:76)
	at com.kms.katalon.core.webui.keyword.builtin.ClickKeyword.execute(ClickKeyword.groovy:43)
	at com.kms.katalon.core.keyword.internal.KeywordExecutor.executeKeywordForPlatform(KeywordExecutor.groovy:73)
	at com.kms.katalon.core.webui.keyword.WebUiBuiltInKeywords.click(WebUiBuiltInKeywords.groovy:617)
	at com.kms.katalon.core.webui.keyword.WebUiBuiltInKeywords$click$3.call(Unknown Source)
	at Chiragh_HomePages_UI.run(Chiragh_HomePages_UI:23)
	at com.kms.katalon.core.main.ScriptEngine.run(ScriptEngine.java:194)
	at com.kms.katalon.core.main.ScriptEngine.runScriptAsRawText(ScriptEngine.java:119)
	at com.kms.katalon.core.main.TestCaseExecutor.runScript(TestCaseExecutor.java:339)
	at com.kms.katalon.core.main.TestCaseExecutor.doExecute(TestCaseExecutor.java:330)
	at com.kms.katalon.core.main.TestCaseExecutor.processExecutionPhase(TestCaseExecutor.java:309)
	at com.kms.katalon.core.main.TestCaseExecutor.accessMainPhase(TestCaseExecutor.java:301)
	at com.kms.katalon.core.main.TestCaseExecutor.execute(TestCaseExecutor.java:235)
	at com.kms.katalon.core.main.TestSuiteExecutor.accessTestCaseMainPhase(TestSuiteExecutor.java:191)
	at com.kms.katalon.core.main.TestSuiteExecutor.accessTestSuiteMainPhase(TestSuiteExecutor.java:141)
	at com.kms.katalon.core.main.TestSuiteExecutor.execute(TestSuiteExecutor.java:90)
	at com.kms.katalon.core.main.TestCaseMain.startTestSuite(TestCaseMain.java:157)
	at com.kms.katalon.core.main.TestCaseMain$startTestSuite$0.call(Unknown Source)
	at TempTestSuite1601553830097.run(TempTestSuite1601553830097.groovy:39)
Caused by: com.kms.katalon.core.webui.exception.WebElementNotFoundException: Web element with id: 'Object Repository/Sanity Test/ChiraghHomeUIpages/Page_Chiragh - Home/img' located by '//nav[@id='banner']/div/a/img' not found
	at com.kms.katalon.core.webui.common.WebUiCommonHelper.findWebElement(WebUiCommonHelper.java:1368)
	at com.kms.katalon.core.webui.keyword.internal.WebUIAbstractKeyword.findWebElement(WebUIAbstractKeyword.groovy:27)
	at com.kms.katalon.core.webui.keyword.internal.WebUIAbstractKeyword.findWebElement(WebUIAbstractKeyword.groovy:26)
	at com.kms.katalon.core.webui.keyword.builtin.ClickKeyword$_click_closure1.doCall(ClickKeyword.groovy:67)
	at com.kms.katalon.core.webui.keyword.builtin.ClickKeyword$_click_closure1.call(ClickKeyword.groovy)
	at com.kms.katalon.core.webui.keyword.internal.WebUIKeywordMain.runKeyword(WebUIKeywordMain.groovy:20)
	at com.kms.katalon.core.webui.keyword.builtin.ClickKeyword.click(ClickKeyword.groovy:76)
	at com.kms.katalon.core.webui.keyword.builtin.ClickKeyword.execute(ClickKeyword.groovy:43)
	at com.kms.katalon.core.keyword.internal.KeywordExecutor.executeKeywordForPlatform(KeywordExecutor.groovy:73)
	at com.kms.katalon.core.webui.keyword.WebUiBuiltInKeywords.click(WebUiBuiltInKeywords.groovy:617)
	at com.kms.katalon.core.webui.keyword.WebUiBuiltInKeywords$click$3.call(Unknown Source)
	at Script1591100726365.run(Script1591100726365.groovy:23)
	... 13 more
)
[[ATTACHMENT|C:\\Users\\hp\\git\\chiraghAdminPanel\\Reports\\20201001_170350\\SanityTests\\SanityTest\\20201001_170350\\1601554103313.png]]

2020-10-01 17:08:25 - [TEST_STEP][PASSED] - Video: Video recording for test case 'Test Cases/Sanity Tests/Chiragh_HomePages_UI' .

2020-10-01 17:08:25 - [MESSAGE][INFO] - Video recording for test case 'Test Cases/Sanity Tests/Chiragh_HomePages_UI' .
[[ATTACHMENT|C:\Users\hp\git\chiraghAdminPanel\Reports\20201001_170350\SanityTests\SanityTest\20201001_170350/videos\test_4.mov]]]]></system-out>
         <system-err><![CDATA[2020-10-01 17:07:45 - [TEST_CASE][FAILED] - Test Cases/Sanity Tests/Chiragh_HomePages_UI: Test Cases/Sanity Tests/Chiragh_HomePages_UI FAILED.
Reason:
com.kms.katalon.core.exception.StepFailedException: Unable to click on object 'Object Repository/Sanity Test/ChiraghHomeUIpages/Page_Chiragh - Home/img'
	at com.kms.katalon.core.webui.keyword.internal.WebUIKeywordMain.stepFailed(WebUIKeywordMain.groovy:64)
	at com.kms.katalon.core.webui.keyword.internal.WebUIKeywordMain.runKeyword(WebUIKeywordMain.groovy:26)
	at com.kms.katalon.core.webui.keyword.builtin.ClickKeyword.click(ClickKeyword.groovy:76)
	at com.kms.katalon.core.webui.keyword.builtin.ClickKeyword.execute(ClickKeyword.groovy:43)
	at com.kms.katalon.core.keyword.internal.KeywordExecutor.executeKeywordForPlatform(KeywordExecutor.groovy:73)
	at com.kms.katalon.core.webui.keyword.WebUiBuiltInKeywords.click(WebUiBuiltInKeywords.groovy:617)
	at com.kms.katalon.core.webui.keyword.WebUiBuiltInKeywords$click$3.call(Unknown Source)
	at Chiragh_HomePages_UI.run(Chiragh_HomePages_UI:23)
	at com.kms.katalon.core.main.ScriptEngine.run(ScriptEngine.java:194)
	at com.kms.katalon.core.main.ScriptEngine.runScriptAsRawText(ScriptEngine.java:119)
	at com.kms.katalon.core.main.TestCaseExecutor.runScript(TestCaseExecutor.java:339)
	at com.kms.katalon.core.main.TestCaseExecutor.doExecute(TestCaseExecutor.java:330)
	at com.kms.katalon.core.main.TestCaseExecutor.processExecutionPhase(TestCaseExecutor.java:309)
	at com.kms.katalon.core.main.TestCaseExecutor.accessMainPhase(TestCaseExecutor.java:301)
	at com.kms.katalon.core.main.TestCaseExecutor.execute(TestCaseExecutor.java:235)
	at com.kms.katalon.core.main.TestSuiteExecutor.accessTestCaseMainPhase(TestSuiteExecutor.java:191)
	at com.kms.katalon.core.main.TestSuiteExecutor.accessTestSuiteMainPhase(TestSuiteExecutor.java:141)
	at com.kms.katalon.core.main.TestSuiteExecutor.execute(TestSuiteExecutor.java:90)
	at com.kms.katalon.core.main.TestCaseMain.startTestSuite(TestCaseMain.java:157)
	at com.kms.katalon.core.main.TestCaseMain$startTestSuite$0.call(Unknown Source)
	at TempTestSuite1601553830097.run(TempTestSuite1601553830097.groovy:39)
Caused by: com.kms.katalon.core.webui.exception.WebElementNotFoundException: Web element with id: 'Object Repository/Sanity Test/ChiraghHomeUIpages/Page_Chiragh - Home/img' located by '//nav[@id='banner']/div/a/img' not found
	at com.kms.katalon.core.webui.common.WebUiCommonHelper.findWebElement(WebUiCommonHelper.java:1368)
	at com.kms.katalon.core.webui.keyword.internal.WebUIAbstractKeyword.findWebElement(WebUIAbstractKeyword.groovy:27)
	at com.kms.katalon.core.webui.keyword.internal.WebUIAbstractKeyword.findWebElement(WebUIAbstractKeyword.groovy:26)
	at com.kms.katalon.core.webui.keyword.builtin.ClickKeyword$_click_closure1.doCall(ClickKeyword.groovy:67)
	at com.kms.katalon.core.webui.keyword.builtin.ClickKeyword$_click_closure1.call(ClickKeyword.groovy)
	at com.kms.katalon.core.webui.keyword.internal.WebUIKeywordMain.runKeyword(WebUIKeywordMain.groovy:20)
	... 19 more]]></system-err>
      </testcase>
      <testcase name="Test Cases/Sanity Tests/Buy_Wallet_AddMyAccount_AED_43" time="130.142" classname="Test Cases/Sanity Tests/Buy_Wallet_AddMyAccount_AED_43" status="PASSED">
         <system-out><![CDATA[2020-10-01 17:08:25 - [TEST_CASE][PASSED] - Test Cases/Sanity Tests/Buy_Wallet_AddMyAccount_AED_43: Test Cases/Sanity Tests/Buy_Wallet_AddMyAccount_AED_43

2020-10-01 17:08:26 - [TEST_STEP][PASSED] - openBrowser(""): Browser is opened with url: ''

2020-10-01 17:08:26 - [MESSAGE][WARNING] - A browser is already opened. Closing browser and opening a new one

2020-10-01 17:08:27 - [MESSAGE][INFO] - Starting 'Chrome' driver

2020-10-01 17:08:27 - [MESSAGE][INFO] - Action delay is set to 0 milliseconds

2020-10-01 17:08:30 - [MESSAGE][PASSED] - Browser is opened with url: ''

2020-10-01 17:08:30 - [TEST_STEP][PASSED] - navigateToUrl(Url): Navigate to 'http://chiragh:AeBcm%231t@test.chiragh.com' successfully

2020-10-01 17:08:57 - [MESSAGE][PASSED] - Navigate to 'http://chiragh:AeBcm%231t@test.chiragh.com' successfully

2020-10-01 17:08:57 - [TEST_STEP][PASSED] - waitForPageLoad(15): Wait for page load successfully

2020-10-01 17:09:03 - [MESSAGE][PASSED] - Wait for page load successfully

2020-10-01 17:09:03 - [TEST_STEP][PASSED] - maximizeWindow(): Current window maximized

2020-10-01 17:09:06 - [MESSAGE][PASSED] - Current window maximized

2020-10-01 17:09:06 - [TEST_STEP][PASSED] - delay(3): Delayed 3 second(s)

2020-10-01 17:09:09 - [MESSAGE][PASSED] - Delayed 3 second(s)

2020-10-01 17:09:09 - [TEST_STEP][PASSED] - click(findTestObject("Object Repository/Front End Objects/MyBankAccount(Create)/Page_Chiragh - Home/a_ENG_dropdownMenuLink")): Object: 'Object Repository/Front End Objects/MyBankAccount(Create)/Page_Chiragh - Home/a_ENG_dropdownMenuLink' is clicked on

2020-10-01 17:09:09 - [MESSAGE][PASSED] - Object: 'Object Repository/Front End Objects/MyBankAccount(Create)/Page_Chiragh - Home/a_ENG_dropdownMenuLink' is clicked on

2020-10-01 17:09:09 - [TEST_STEP][PASSED] - click(findTestObject("Object Repository/Front End Objects/MyBankAccount(Create)/Page_Chiragh - Home/a_Login")): Object: 'Object Repository/Front End Objects/MyBankAccount(Create)/Page_Chiragh - Home/a_Login' is clicked on

2020-10-01 17:09:10 - [MESSAGE][PASSED] - Object: 'Object Repository/Front End Objects/MyBankAccount(Create)/Page_Chiragh - Home/a_Login' is clicked on

2020-10-01 17:09:10 - [TEST_STEP][PASSED] - setText(findTestObject("Object Repository/Front End Objects/MyBankAccount(Create)/Page_Chiragh - Login/input_Username_un"), userName): Text 'testbcm11%2bac@gmail.com' is set on object 'Object Repository/Front End Objects/MyBankAccount(Create)/Page_Chiragh - Login/input_Username_un'

2020-10-01 17:09:11 - [MESSAGE][PASSED] - Text 'testbcm11%2bac@gmail.com' is set on object 'Object Repository/Front End Objects/MyBankAccount(Create)/Page_Chiragh - Login/input_Username_un'

2020-10-01 17:09:11 - [TEST_STEP][PASSED] - setEncryptedText(findTestObject("Object Repository/Front End Objects/MyBankAccount(Create)/Page_Chiragh - Login/input_Password_userPassword"), "RigbBhfdqOBDK95asqKeHw=="): Text ****** has been set on object 'Object Repository/Front End Objects/MyBankAccount(Create)/Page_Chiragh - Login/input_Password_userPassword'

2020-10-01 17:09:12 - [MESSAGE][PASSED] - Text ****** has been set on object 'Object Repository/Front End Objects/MyBankAccount(Create)/Page_Chiragh - Login/input_Password_userPassword'

2020-10-01 17:09:12 - [TEST_STEP][PASSED] - delay(2): Delayed 2 second(s)

2020-10-01 17:09:14 - [MESSAGE][PASSED] - Delayed 2 second(s)

2020-10-01 17:09:14 - [TEST_STEP][PASSED] - click(findTestObject("Object Repository/Front End Objects/MyBankAccount(Create)/Page_Chiragh - Login/button_Log In")): Object: 'Object Repository/Front End Objects/MyBankAccount(Create)/Page_Chiragh - Login/button_Log In' is clicked on

2020-10-01 17:09:14 - [MESSAGE][PASSED] - Object: 'Object Repository/Front End Objects/MyBankAccount(Create)/Page_Chiragh - Login/button_Log In' is clicked on

2020-10-01 17:09:14 - [TEST_STEP][PASSED] - delay(1): Delayed 1 second(s)

2020-10-01 17:09:15 - [MESSAGE][PASSED] - Delayed 1 second(s)

2020-10-01 17:09:15 - [TEST_STEP][PASSED] - click(findTestObject("Object Repository/Front End Objects/MyBankAccount(Create)/Page_Chiragh - Home/a_ENG_dropdownMenuLink")): Object: 'Object Repository/Front End Objects/MyBankAccount(Create)/Page_Chiragh - Home/a_ENG_dropdownMenuLink' is clicked on

2020-10-01 17:09:18 - [MESSAGE][PASSED] - Object: 'Object Repository/Front End Objects/MyBankAccount(Create)/Page_Chiragh - Home/a_ENG_dropdownMenuLink' is clicked on

2020-10-01 17:09:18 - [TEST_STEP][PASSED] - click(findTestObject("Object Repository/Front End Objects/MyBankAccount(Create)/Page_Chiragh - Home/a_HI AutoChiragh")): Object: 'Object Repository/Front End Objects/MyBankAccount(Create)/Page_Chiragh - Home/a_HI AutoChiragh' is clicked on

2020-10-01 17:09:19 - [MESSAGE][PASSED] - Object: 'Object Repository/Front End Objects/MyBankAccount(Create)/Page_Chiragh - Home/a_HI AutoChiragh' is clicked on

2020-10-01 17:09:19 - [TEST_STEP][PASSED] - delay(3): Delayed 3 second(s)

2020-10-01 17:09:22 - [MESSAGE][PASSED] - Delayed 3 second(s)

2020-10-01 17:09:22 - [TEST_STEP][PASSED] - click(findTestObject("Object Repository/Front End Objects/MyBankAccount(Create)/Page_Chiragh - Dashborad Home/b_Go to Wallet")): Object: 'Object Repository/Front End Objects/MyBankAccount(Create)/Page_Chiragh - Dashborad Home/b_Go to Wallet' is clicked on

2020-10-01 17:09:23 - [MESSAGE][PASSED] - Object: 'Object Repository/Front End Objects/MyBankAccount(Create)/Page_Chiragh - Dashborad Home/b_Go to Wallet' is clicked on

2020-10-01 17:09:23 - [TEST_STEP][PASSED] - click(findTestObject("Object Repository/Front End Objects/MyBankAccount(Create)/Page_Chiragh - User Account Summary/a_My Bank Accounts")): Object: 'Object Repository/Front End Objects/MyBankAccount(Create)/Page_Chiragh - User Account Summary/a_My Bank Accounts' is clicked on

2020-10-01 17:09:24 - [MESSAGE][PASSED] - Object: 'Object Repository/Front End Objects/MyBankAccount(Create)/Page_Chiragh - User Account Summary/a_My Bank Accounts' is clicked on

2020-10-01 17:09:24 - [TEST_STEP][PASSED] - delay(1): Delayed 1 second(s)

2020-10-01 17:09:25 - [MESSAGE][PASSED] - Delayed 1 second(s)

2020-10-01 17:09:25 - [TEST_STEP][PASSED] - click(findTestObject("Object Repository/Front End Objects/MyBankAccount(Create)/Page_Chiragh - My Bank Accounts/svg_My Bank Accounts_svg-inline--fa fa-plus_86c403")): Object: 'Object Repository/Front End Objects/MyBankAccount(Create)/Page_Chiragh - My Bank Accounts/svg_My Bank Accounts_svg-inline--fa fa-plus_86c403' is clicked on

2020-10-01 17:09:41 - [MESSAGE][PASSED] - Object: 'Object Repository/Front End Objects/MyBankAccount(Create)/Page_Chiragh - My Bank Accounts/svg_My Bank Accounts_svg-inline--fa fa-plus_86c403' is clicked on

2020-10-01 17:09:41 - [TEST_STEP][PASSED] - scrollToElement(findTestObject("Object Repository/Front End Objects/MyBankAccount(Create)/Page_Chiragh - My Bank Accounts/label_Currency"), 3): Scroll to object 'Object Repository/Front End Objects/MyBankAccount(Create)/Page_Chiragh - My Bank Accounts/label_Currency' successfully

2020-10-01 17:09:41 - [MESSAGE][PASSED] - Scroll to object 'Object Repository/Front End Objects/MyBankAccount(Create)/Page_Chiragh - My Bank Accounts/label_Currency' successfully

2020-10-01 17:09:41 - [TEST_STEP][PASSED] - selectOptionByValue(findTestObject("Object Repository/Front End Objects/MyBankAccount(Create)/Page_Chiragh - My Bank Accounts/select_Select CurrencyUSDAEDEUR"), "2", true): All options with value '2' are selected in object 'Object Repository/Front End Objects/MyBankAccount(Create)/Page_Chiragh - My Bank Accounts/select_Select CurrencyUSDAEDEUR'  using regular expression

2020-10-01 17:09:43 - [MESSAGE][PASSED] - All options with value '2' are selected in object 'Object Repository/Front End Objects/MyBankAccount(Create)/Page_Chiragh - My Bank Accounts/select_Select CurrencyUSDAEDEUR'  using regular expression

2020-10-01 17:09:43 - [TEST_STEP][PASSED] - setText(findTestObject("Object Repository/Front End Objects/MyBankAccount(Create)/Page_Chiragh - My Bank Accounts/input_Account Name_accountTitle"), "@@@@@@@@"): Text '@@@@@@@@' is set on object 'Object Repository/Front End Objects/MyBankAccount(Create)/Page_Chiragh - My Bank Accounts/input_Account Name_accountTitle'

2020-10-01 17:09:46 - [MESSAGE][PASSED] - Text '@@@@@@@@' is set on object 'Object Repository/Front End Objects/MyBankAccount(Create)/Page_Chiragh - My Bank Accounts/input_Account Name_accountTitle'

2020-10-01 17:09:46 - [TEST_STEP][PASSED] - accountName = getText(findTestObject("Sanity Test/MybankAccount/Page_Chiragh - My Bank Accounts/div_Account Name is not valid")): Text of object 'Object Repository/Sanity Test/MybankAccount/Page_Chiragh - My Bank Accounts/div_Account Name is not valid' is: 'Account Name is not valid!'

2020-10-01 17:09:46 - [MESSAGE][PASSED] - Text of object 'Object Repository/Sanity Test/MybankAccount/Page_Chiragh - My Bank Accounts/div_Account Name is not valid' is: 'Account Name is not valid!'

2020-10-01 17:09:46 - [TEST_STEP][PASSED] - com.sanitytest.com.HandleErrorMessage.verifyErrorMessage(accountName, "Account Name is not valid!"): com.sanitytest.com.HandleErrorMessage.verifyErrorMessage is PASSED

2020-10-01 17:09:46 - [MESSAGE][PASSED] - Actual object 'Account Name is not valid!' and expected object 'Account Name is not valid!' are equal

2020-10-01 17:09:46 - [MESSAGE][PASSED] - Actual object 'Account Name is not valid!' and expected object 'Account Name is not valid!' are equal

2020-10-01 17:09:46 - [MESSAGE][PASSED] - com.sanitytest.com.HandleErrorMessage.verifyErrorMessage is PASSED

2020-10-01 17:09:46 - [TEST_STEP][PASSED] - delay(2): Delayed 2 second(s)

2020-10-01 17:09:48 - [MESSAGE][PASSED] - Delayed 2 second(s)

2020-10-01 17:09:48 - [TEST_STEP][PASSED] - setText(findTestObject("Object Repository/Front End Objects/MyBankAccount(Create)/Page_Chiragh - My Bank Accounts/input_IBAN_accIbanNumber"), "@@@@@@@0989"): Text '@@@@@@@0989' is set on object 'Object Repository/Front End Objects/MyBankAccount(Create)/Page_Chiragh - My Bank Accounts/input_IBAN_accIbanNumber'

2020-10-01 17:09:49 - [MESSAGE][PASSED] - Text '@@@@@@@0989' is set on object 'Object Repository/Front End Objects/MyBankAccount(Create)/Page_Chiragh - My Bank Accounts/input_IBAN_accIbanNumber'

2020-10-01 17:09:49 - [TEST_STEP][PASSED] - IbanNo = getText(findTestObject("Sanity Test/MybankAccount/Page_Chiragh - My Bank Accounts/div_IBAN is not valid")): Text of object 'Object Repository/Sanity Test/MybankAccount/Page_Chiragh - My Bank Accounts/div_IBAN is not valid' is: 'IBAN is not valid!'

2020-10-01 17:09:49 - [MESSAGE][PASSED] - Text of object 'Object Repository/Sanity Test/MybankAccount/Page_Chiragh - My Bank Accounts/div_IBAN is not valid' is: 'IBAN is not valid!'

2020-10-01 17:09:49 - [TEST_STEP][PASSED] - com.sanitytest.com.HandleErrorMessage.verifyErrorMessage(IbanNo, "IBAN is not valid!"): com.sanitytest.com.HandleErrorMessage.verifyErrorMessage is PASSED

2020-10-01 17:09:49 - [MESSAGE][PASSED] - Actual object 'IBAN is not valid!' and expected object 'IBAN is not valid!' are equal

2020-10-01 17:09:49 - [MESSAGE][PASSED] - Actual object 'IBAN is not valid!' and expected object 'IBAN is not valid!' are equal

2020-10-01 17:09:49 - [MESSAGE][PASSED] - com.sanitytest.com.HandleErrorMessage.verifyErrorMessage is PASSED

2020-10-01 17:09:49 - [TEST_STEP][PASSED] - delay(2): Delayed 2 second(s)

2020-10-01 17:09:51 - [MESSAGE][PASSED] - Delayed 2 second(s)

2020-10-01 17:09:51 - [TEST_STEP][PASSED] - setText(findTestObject("Object Repository/Front End Objects/MyBankAccount(Create)/Page_Chiragh - My Bank Accounts/input_Account No_accountNumber"), "8855@@@@@"): Text '8855@@@@@' is set on object 'Object Repository/Front End Objects/MyBankAccount(Create)/Page_Chiragh - My Bank Accounts/input_Account No_accountNumber'

2020-10-01 17:09:52 - [MESSAGE][PASSED] - Text '8855@@@@@' is set on object 'Object Repository/Front End Objects/MyBankAccount(Create)/Page_Chiragh - My Bank Accounts/input_Account No_accountNumber'

2020-10-01 17:09:52 - [TEST_STEP][PASSED] - accountNo = getText(findTestObject("Sanity Test/MybankAccount/Page_Chiragh - My Bank Accounts/div_Account No is not valid")): Text of object 'Object Repository/Sanity Test/MybankAccount/Page_Chiragh - My Bank Accounts/div_Account No is not valid' is: 'Account No is not valid!'

2020-10-01 17:09:53 - [MESSAGE][PASSED] - Text of object 'Object Repository/Sanity Test/MybankAccount/Page_Chiragh - My Bank Accounts/div_Account No is not valid' is: 'Account No is not valid!'

2020-10-01 17:09:53 - [TEST_STEP][PASSED] - com.sanitytest.com.HandleErrorMessage.verifyErrorMessage(accountNo, "Account No is not valid!"): com.sanitytest.com.HandleErrorMessage.verifyErrorMessage is PASSED

2020-10-01 17:09:53 - [MESSAGE][PASSED] - Actual object 'Account No is not valid!' and expected object 'Account No is not valid!' are equal

2020-10-01 17:09:53 - [MESSAGE][PASSED] - Actual object 'Account No is not valid!' and expected object 'Account No is not valid!' are equal

2020-10-01 17:09:53 - [MESSAGE][PASSED] - com.sanitytest.com.HandleErrorMessage.verifyErrorMessage is PASSED

2020-10-01 17:09:53 - [TEST_STEP][PASSED] - delay(2): Delayed 2 second(s)

2020-10-01 17:09:55 - [MESSAGE][PASSED] - Delayed 2 second(s)

2020-10-01 17:09:55 - [TEST_STEP][PASSED] - setText(findTestObject("Object Repository/Front End Objects/MyBankAccount(Create)/Page_Chiragh - My Bank Accounts/input_Account Name_accountTitle"), "8855@@@@@"): Text '8855@@@@@' is set on object 'Object Repository/Front End Objects/MyBankAccount(Create)/Page_Chiragh - My Bank Accounts/input_Account Name_accountTitle'

2020-10-01 17:09:55 - [MESSAGE][PASSED] - Text '8855@@@@@' is set on object 'Object Repository/Front End Objects/MyBankAccount(Create)/Page_Chiragh - My Bank Accounts/input_Account Name_accountTitle'

2020-10-01 17:09:55 - [TEST_STEP][PASSED] - title = getText(findTestObject("Sanity Test/MybankAccount/Page_Chiragh - My Bank Accounts/div_Account Name is not valid")): Text of object 'Object Repository/Sanity Test/MybankAccount/Page_Chiragh - My Bank Accounts/div_Account Name is not valid' is: 'Account Name is not valid!'

2020-10-01 17:09:56 - [MESSAGE][PASSED] - Text of object 'Object Repository/Sanity Test/MybankAccount/Page_Chiragh - My Bank Accounts/div_Account Name is not valid' is: 'Account Name is not valid!'

2020-10-01 17:09:56 - [TEST_STEP][PASSED] - com.sanitytest.com.HandleErrorMessage.verifyErrorMessage(title, "Account Name is not valid!"): com.sanitytest.com.HandleErrorMessage.verifyErrorMessage is PASSED

2020-10-01 17:09:56 - [MESSAGE][PASSED] - Actual object 'Account Name is not valid!' and expected object 'Account Name is not valid!' are equal

2020-10-01 17:09:56 - [MESSAGE][PASSED] - Actual object 'Account Name is not valid!' and expected object 'Account Name is not valid!' are equal

2020-10-01 17:09:56 - [MESSAGE][PASSED] - com.sanitytest.com.HandleErrorMessage.verifyErrorMessage is PASSED

2020-10-01 17:09:56 - [TEST_STEP][PASSED] - delay(2): Delayed 2 second(s)

2020-10-01 17:09:58 - [MESSAGE][PASSED] - Delayed 2 second(s)

2020-10-01 17:09:58 - [TEST_STEP][PASSED] - setText(findTestObject("Object Repository/Front End Objects/MyBankAccount(Create)/Page_Chiragh - My Bank Accounts/input_Acct Holder Address_address"), "@@889557766HHGHGGGHG"): Text '@@889557766HHGHGGGHG' is set on object 'Object Repository/Front End Objects/MyBankAccount(Create)/Page_Chiragh - My Bank Accounts/input_Acct Holder Address_address'

2020-10-01 17:09:59 - [MESSAGE][PASSED] - Text '@@889557766HHGHGGGHG' is set on object 'Object Repository/Front End Objects/MyBankAccount(Create)/Page_Chiragh - My Bank Accounts/input_Acct Holder Address_address'

2020-10-01 17:09:59 - [TEST_STEP][PASSED] - delay(2): Delayed 2 second(s)

2020-10-01 17:10:01 - [MESSAGE][PASSED] - Delayed 2 second(s)

2020-10-01 17:10:01 - [TEST_STEP][PASSED] - setText(findTestObject("Object Repository/Front End Objects/MyBankAccount(Create)/Page_Chiragh - My Bank Accounts/input_Bank Name_bankName"), "8855@@@@@"): Text '8855@@@@@' is set on object 'Object Repository/Front End Objects/MyBankAccount(Create)/Page_Chiragh - My Bank Accounts/input_Bank Name_bankName'

2020-10-01 17:10:02 - [MESSAGE][PASSED] - Text '8855@@@@@' is set on object 'Object Repository/Front End Objects/MyBankAccount(Create)/Page_Chiragh - My Bank Accounts/input_Bank Name_bankName'

2020-10-01 17:10:02 - [TEST_STEP][PASSED] - bankName = getText(findTestObject("Sanity Test/MybankAccount/Page_Chiragh - My Bank Accounts/div_Bank name is not valid")): Text of object 'Object Repository/Sanity Test/MybankAccount/Page_Chiragh - My Bank Accounts/div_Bank name is not valid' is: 'Bank name is not valid!'

2020-10-01 17:10:02 - [MESSAGE][PASSED] - Text of object 'Object Repository/Sanity Test/MybankAccount/Page_Chiragh - My Bank Accounts/div_Bank name is not valid' is: 'Bank name is not valid!'

2020-10-01 17:10:02 - [TEST_STEP][PASSED] - com.sanitytest.com.HandleErrorMessage.verifyErrorMessage(bankName, "Bank name is not valid!"): com.sanitytest.com.HandleErrorMessage.verifyErrorMessage is PASSED

2020-10-01 17:10:02 - [MESSAGE][PASSED] - Actual object 'Bank name is not valid!' and expected object 'Bank name is not valid!' are equal

2020-10-01 17:10:02 - [MESSAGE][PASSED] - Actual object 'Bank name is not valid!' and expected object 'Bank name is not valid!' are equal

2020-10-01 17:10:02 - [MESSAGE][PASSED] - com.sanitytest.com.HandleErrorMessage.verifyErrorMessage is PASSED

2020-10-01 17:10:02 - [TEST_STEP][PASSED] - delay(2): Delayed 2 second(s)

2020-10-01 17:10:04 - [MESSAGE][PASSED] - Delayed 2 second(s)

2020-10-01 17:10:04 - [TEST_STEP][PASSED] - setText(findTestObject("Object Repository/Front End Objects/MyBankAccount(Create)/Page_Chiragh - My Bank Accounts/input_Bank Branch Address_branchName"), "@@@@@@@@$"): Text '@@@@@@@@$' is set on object 'Object Repository/Front End Objects/MyBankAccount(Create)/Page_Chiragh - My Bank Accounts/input_Bank Branch Address_branchName'

2020-10-01 17:10:05 - [MESSAGE][PASSED] - Text '@@@@@@@@$' is set on object 'Object Repository/Front End Objects/MyBankAccount(Create)/Page_Chiragh - My Bank Accounts/input_Bank Branch Address_branchName'

2020-10-01 17:10:05 - [TEST_STEP][PASSED] - bankaddress = getText(findTestObject("Sanity Test/MybankAccount/Page_Chiragh - My Bank Accounts/div_Bank Branch Address is not valid")): Text of object 'Object Repository/Sanity Test/MybankAccount/Page_Chiragh - My Bank Accounts/div_Bank Branch Address is not valid' is: 'Bank Branch Address is not valid!'

2020-10-01 17:10:05 - [MESSAGE][PASSED] - Text of object 'Object Repository/Sanity Test/MybankAccount/Page_Chiragh - My Bank Accounts/div_Bank Branch Address is not valid' is: 'Bank Branch Address is not valid!'

2020-10-01 17:10:05 - [TEST_STEP][PASSED] - com.sanitytest.com.HandleErrorMessage.verifyErrorMessage(bankaddress, "Bank Branch Address is not valid!"): com.sanitytest.com.HandleErrorMessage.verifyErrorMessage is PASSED

2020-10-01 17:10:05 - [MESSAGE][PASSED] - Actual object 'Bank Branch Address is not valid!' and expected object 'Bank Branch Address is not valid!' are equal

2020-10-01 17:10:05 - [MESSAGE][PASSED] - Actual object 'Bank Branch Address is not valid!' and expected object 'Bank Branch Address is not valid!' are equal

2020-10-01 17:10:05 - [MESSAGE][PASSED] - com.sanitytest.com.HandleErrorMessage.verifyErrorMessage is PASSED

2020-10-01 17:10:05 - [TEST_STEP][PASSED] - delay(2): Delayed 2 second(s)

2020-10-01 17:10:07 - [MESSAGE][PASSED] - Delayed 2 second(s)

2020-10-01 17:10:07 - [TEST_STEP][PASSED] - setText(findTestObject("Object Repository/Front End Objects/MyBankAccount(Create)/Page_Chiragh - My Bank Accounts/input_Swift Code_accSwiftCode"), "###%%@@@9889U"): Text '###%%@@@9889U' is set on object 'Object Repository/Front End Objects/MyBankAccount(Create)/Page_Chiragh - My Bank Accounts/input_Swift Code_accSwiftCode'

2020-10-01 17:10:08 - [MESSAGE][PASSED] - Text '###%%@@@9889U' is set on object 'Object Repository/Front End Objects/MyBankAccount(Create)/Page_Chiragh - My Bank Accounts/input_Swift Code_accSwiftCode'

2020-10-01 17:10:08 - [TEST_STEP][PASSED] - swiftCode = getText(findTestObject("Sanity Test/MybankAccount/Page_Chiragh - My Bank Accounts/div_Swift code is not valid")): Text of object 'Object Repository/Sanity Test/MybankAccount/Page_Chiragh - My Bank Accounts/div_Swift code is not valid' is: 'Swift code is not valid!'

2020-10-01 17:10:09 - [MESSAGE][PASSED] - Text of object 'Object Repository/Sanity Test/MybankAccount/Page_Chiragh - My Bank Accounts/div_Swift code is not valid' is: 'Swift code is not valid!'

2020-10-01 17:10:09 - [TEST_STEP][PASSED] - com.sanitytest.com.HandleErrorMessage.verifyErrorMessage(swiftCode, "Swift code is not valid!"): com.sanitytest.com.HandleErrorMessage.verifyErrorMessage is PASSED

2020-10-01 17:10:09 - [MESSAGE][PASSED] - Actual object 'Swift code is not valid!' and expected object 'Swift code is not valid!' are equal

2020-10-01 17:10:09 - [MESSAGE][PASSED] - Actual object 'Swift code is not valid!' and expected object 'Swift code is not valid!' are equal

2020-10-01 17:10:09 - [MESSAGE][PASSED] - com.sanitytest.com.HandleErrorMessage.verifyErrorMessage is PASSED

2020-10-01 17:10:09 - [TEST_STEP][PASSED] - delay(2): Delayed 2 second(s)

2020-10-01 17:10:11 - [MESSAGE][PASSED] - Delayed 2 second(s)

2020-10-01 17:10:11 - [TEST_STEP][PASSED] - setText(findTestObject("Object Repository/Front End Objects/MyBankAccount(Create)/Page_Chiragh - My Bank Accounts/input_Correspondent Bank Name_corresponding_bf0020"), "###%%@@@9889U"): Text '###%%@@@9889U' is set on object 'Object Repository/Front End Objects/MyBankAccount(Create)/Page_Chiragh - My Bank Accounts/input_Correspondent Bank Name_corresponding_bf0020'

2020-10-01 17:10:11 - [MESSAGE][PASSED] - Text '###%%@@@9889U' is set on object 'Object Repository/Front End Objects/MyBankAccount(Create)/Page_Chiragh - My Bank Accounts/input_Correspondent Bank Name_corresponding_bf0020'

2020-10-01 17:10:11 - [TEST_STEP][PASSED] - setText(findTestObject("Object Repository/Front End Objects/MyBankAccount(Create)/Page_Chiragh - My Bank Accounts/input_Correspondent Bank Swift Code_corresp_eefb27"), "###%%@@@9889U"): Text '###%%@@@9889U' is set on object 'Object Repository/Front End Objects/MyBankAccount(Create)/Page_Chiragh - My Bank Accounts/input_Correspondent Bank Swift Code_corresp_eefb27'

2020-10-01 17:10:12 - [MESSAGE][PASSED] - Text '###%%@@@9889U' is set on object 'Object Repository/Front End Objects/MyBankAccount(Create)/Page_Chiragh - My Bank Accounts/input_Correspondent Bank Swift Code_corresp_eefb27'

2020-10-01 17:10:12 - [TEST_STEP][PASSED] - delay(6): Delayed 6 second(s)

2020-10-01 17:10:18 - [MESSAGE][PASSED] - Delayed 6 second(s)

2020-10-01 17:10:18 - [TEST_STEP][PASSED] - selectOptionByValue(findTestObject("Object Repository/Front End Objects/MyBankAccount(Create)/Page_Chiragh - My Bank Accounts/select_Select CurrencyUSDAEDEUR"), "2", true): All options with value '2' are selected in object 'Object Repository/Front End Objects/MyBankAccount(Create)/Page_Chiragh - My Bank Accounts/select_Select CurrencyUSDAEDEUR'  using regular expression

2020-10-01 17:10:20 - [MESSAGE][PASSED] - All options with value '2' are selected in object 'Object Repository/Front End Objects/MyBankAccount(Create)/Page_Chiragh - My Bank Accounts/select_Select CurrencyUSDAEDEUR'  using regular expression

2020-10-01 17:10:20 - [TEST_STEP][PASSED] - setText(findTestObject("Object Repository/Front End Objects/MyBankAccount(Create)/Page_Chiragh - My Bank Accounts/input_Account Name_accountTitle"), "Sharjah Platinum"): Text 'Sharjah Platinum' is set on object 'Object Repository/Front End Objects/MyBankAccount(Create)/Page_Chiragh - My Bank Accounts/input_Account Name_accountTitle'

2020-10-01 17:10:21 - [MESSAGE][PASSED] - Text 'Sharjah Platinum' is set on object 'Object Repository/Front End Objects/MyBankAccount(Create)/Page_Chiragh - My Bank Accounts/input_Account Name_accountTitle'

2020-10-01 17:10:21 - [TEST_STEP][PASSED] - setText(findTestObject("Object Repository/Front End Objects/MyBankAccount(Create)/Page_Chiragh - My Bank Accounts/input_IBAN_accIbanNumber"), "647489347389"): Text '647489347389' is set on object 'Object Repository/Front End Objects/MyBankAccount(Create)/Page_Chiragh - My Bank Accounts/input_IBAN_accIbanNumber'

2020-10-01 17:10:21 - [MESSAGE][PASSED] - Text '647489347389' is set on object 'Object Repository/Front End Objects/MyBankAccount(Create)/Page_Chiragh - My Bank Accounts/input_IBAN_accIbanNumber'

2020-10-01 17:10:21 - [TEST_STEP][PASSED] - setText(findTestObject("Object Repository/Front End Objects/MyBankAccount(Create)/Page_Chiragh - My Bank Accounts/input_Account No_accountNumber"), "6376376373"): Text '6376376373' is set on object 'Object Repository/Front End Objects/MyBankAccount(Create)/Page_Chiragh - My Bank Accounts/input_Account No_accountNumber'

2020-10-01 17:10:22 - [MESSAGE][PASSED] - Text '6376376373' is set on object 'Object Repository/Front End Objects/MyBankAccount(Create)/Page_Chiragh - My Bank Accounts/input_Account No_accountNumber'

2020-10-01 17:10:22 - [TEST_STEP][PASSED] - click(findTestObject("Object Repository/Front End Objects/MyBankAccount(Create)/Page_Chiragh - My Bank Accounts/div_Account Name")): Object: 'Object Repository/Front End Objects/MyBankAccount(Create)/Page_Chiragh - My Bank Accounts/div_Account Name' is clicked on

2020-10-01 17:10:23 - [MESSAGE][PASSED] - Object: 'Object Repository/Front End Objects/MyBankAccount(Create)/Page_Chiragh - My Bank Accounts/div_Account Name' is clicked on

2020-10-01 17:10:23 - [TEST_STEP][PASSED] - setText(findTestObject("Object Repository/Front End Objects/MyBankAccount(Create)/Page_Chiragh - My Bank Accounts/input_Account Name_accountTitle"), "Emirati Bank"): Text 'Emirati Bank' is set on object 'Object Repository/Front End Objects/MyBankAccount(Create)/Page_Chiragh - My Bank Accounts/input_Account Name_accountTitle'

2020-10-01 17:10:24 - [MESSAGE][PASSED] - Text 'Emirati Bank' is set on object 'Object Repository/Front End Objects/MyBankAccount(Create)/Page_Chiragh - My Bank Accounts/input_Account Name_accountTitle'

2020-10-01 17:10:24 - [TEST_STEP][PASSED] - setText(findTestObject("Object Repository/Front End Objects/MyBankAccount(Create)/Page_Chiragh - My Bank Accounts/input_Acct Holder Address_address"), "Dubai Town"): Text 'Dubai Town' is set on object 'Object Repository/Front End Objects/MyBankAccount(Create)/Page_Chiragh - My Bank Accounts/input_Acct Holder Address_address'

2020-10-01 17:10:24 - [MESSAGE][PASSED] - Text 'Dubai Town' is set on object 'Object Repository/Front End Objects/MyBankAccount(Create)/Page_Chiragh - My Bank Accounts/input_Acct Holder Address_address'

2020-10-01 17:10:24 - [TEST_STEP][PASSED] - setText(findTestObject("Object Repository/Front End Objects/MyBankAccount(Create)/Page_Chiragh - My Bank Accounts/input_Bank Name_bankName"), "Emirati Platinum"): Text 'Emirati Platinum' is set on object 'Object Repository/Front End Objects/MyBankAccount(Create)/Page_Chiragh - My Bank Accounts/input_Bank Name_bankName'

2020-10-01 17:10:25 - [MESSAGE][PASSED] - Text 'Emirati Platinum' is set on object 'Object Repository/Front End Objects/MyBankAccount(Create)/Page_Chiragh - My Bank Accounts/input_Bank Name_bankName'

2020-10-01 17:10:25 - [TEST_STEP][PASSED] - setText(findTestObject("Object Repository/Front End Objects/MyBankAccount(Create)/Page_Chiragh - My Bank Accounts/input_Bank Branch Address_branchName"), "Dubai Town"): Text 'Dubai Town' is set on object 'Object Repository/Front End Objects/MyBankAccount(Create)/Page_Chiragh - My Bank Accounts/input_Bank Branch Address_branchName'

2020-10-01 17:10:26 - [MESSAGE][PASSED] - Text 'Dubai Town' is set on object 'Object Repository/Front End Objects/MyBankAccount(Create)/Page_Chiragh - My Bank Accounts/input_Bank Branch Address_branchName'

2020-10-01 17:10:26 - [TEST_STEP][PASSED] - setText(findTestObject("Object Repository/Front End Objects/MyBankAccount(Create)/Page_Chiragh - My Bank Accounts/input_Swift Code_accSwiftCode"), "64637634"): Text '64637634' is set on object 'Object Repository/Front End Objects/MyBankAccount(Create)/Page_Chiragh - My Bank Accounts/input_Swift Code_accSwiftCode'

2020-10-01 17:10:27 - [MESSAGE][PASSED] - Text '64637634' is set on object 'Object Repository/Front End Objects/MyBankAccount(Create)/Page_Chiragh - My Bank Accounts/input_Swift Code_accSwiftCode'

2020-10-01 17:10:27 - [TEST_STEP][PASSED] - setText(findTestObject("Object Repository/Front End Objects/MyBankAccount(Create)/Page_Chiragh - My Bank Accounts/input_Correspondent Bank Name_corresponding_bf0020"), "Dubai CB"): Text 'Dubai CB' is set on object 'Object Repository/Front End Objects/MyBankAccount(Create)/Page_Chiragh - My Bank Accounts/input_Correspondent Bank Name_corresponding_bf0020'

2020-10-01 17:10:28 - [MESSAGE][PASSED] - Text 'Dubai CB' is set on object 'Object Repository/Front End Objects/MyBankAccount(Create)/Page_Chiragh - My Bank Accounts/input_Correspondent Bank Name_corresponding_bf0020'

2020-10-01 17:10:28 - [TEST_STEP][PASSED] - setText(findTestObject("Object Repository/Front End Objects/MyBankAccount(Create)/Page_Chiragh - My Bank Accounts/input_Correspondent Bank Swift Code_corresp_eefb27"), "53635"): Text '53635' is set on object 'Object Repository/Front End Objects/MyBankAccount(Create)/Page_Chiragh - My Bank Accounts/input_Correspondent Bank Swift Code_corresp_eefb27'

2020-10-01 17:10:29 - [MESSAGE][PASSED] - Text '53635' is set on object 'Object Repository/Front End Objects/MyBankAccount(Create)/Page_Chiragh - My Bank Accounts/input_Correspondent Bank Swift Code_corresp_eefb27'

2020-10-01 17:10:29 - [TEST_STEP][PASSED] - delay(3): Delayed 3 second(s)

2020-10-01 17:10:32 - [MESSAGE][PASSED] - Delayed 3 second(s)

2020-10-01 17:10:32 - [TEST_STEP][PASSED] - closeBrowser(): Browser is closed

2020-10-01 17:10:33 - [MESSAGE][PASSED] - Browser is closed

2020-10-01 17:10:35 - [TEST_STEP][PASSED] - Video: Video recording for test case 'Test Cases/Sanity Tests/Buy_Wallet_AddMyAccount_AED_43' .

2020-10-01 17:10:35 - [MESSAGE][INFO] - Video recording for test case 'Test Cases/Sanity Tests/Buy_Wallet_AddMyAccount_AED_43' .
[[ATTACHMENT|C:\Users\hp\git\chiraghAdminPanel\Reports\20201001_170350\SanityTests\SanityTest\20201001_170350/videos\test_5.mov]]]]></system-out>
         <system-err><![CDATA[]]></system-err>
      </testcase>
      <testcase name="Test Cases/Sanity Tests/Buy_Wallet_AddMyAccount_USD" time="121.421" classname="Test Cases/Sanity Tests/Buy_Wallet_AddMyAccount_USD" status="PASSED">
         <system-out><![CDATA[2020-10-01 17:10:35 - [TEST_CASE][PASSED] - Test Cases/Sanity Tests/Buy_Wallet_AddMyAccount_USD: Test Cases/Sanity Tests/Buy_Wallet_AddMyAccount_USD

2020-10-01 17:10:36 - [TEST_STEP][PASSED] - openBrowser(""): Browser is opened with url: ''

2020-10-01 17:10:36 - [MESSAGE][INFO] - Starting 'Chrome' driver

2020-10-01 17:10:36 - [MESSAGE][INFO] - Action delay is set to 0 milliseconds

2020-10-01 17:10:40 - [MESSAGE][PASSED] - Browser is opened with url: ''

2020-10-01 17:10:40 - [TEST_STEP][PASSED] - navigateToUrl(Url): Navigate to 'http://chiragh:AeBcm%231t@test.chiragh.com' successfully

2020-10-01 17:10:50 - [MESSAGE][PASSED] - Navigate to 'http://chiragh:AeBcm%231t@test.chiragh.com' successfully

2020-10-01 17:10:50 - [TEST_STEP][PASSED] - waitForPageLoad(15): Wait for page load successfully

2020-10-01 17:10:59 - [MESSAGE][PASSED] - Wait for page load successfully

2020-10-01 17:10:59 - [TEST_STEP][PASSED] - maximizeWindow(): Current window maximized

2020-10-01 17:11:01 - [MESSAGE][PASSED] - Current window maximized

2020-10-01 17:11:01 - [TEST_STEP][PASSED] - delay(3): Delayed 3 second(s)

2020-10-01 17:11:04 - [MESSAGE][PASSED] - Delayed 3 second(s)

2020-10-01 17:11:04 - [TEST_STEP][PASSED] - click(findTestObject("Object Repository/Front End Objects/MyBankAccount(Create)/Page_Chiragh - Home/a_ENG_dropdownMenuLink")): Object: 'Object Repository/Front End Objects/MyBankAccount(Create)/Page_Chiragh - Home/a_ENG_dropdownMenuLink' is clicked on

2020-10-01 17:11:05 - [MESSAGE][PASSED] - Object: 'Object Repository/Front End Objects/MyBankAccount(Create)/Page_Chiragh - Home/a_ENG_dropdownMenuLink' is clicked on

2020-10-01 17:11:05 - [TEST_STEP][PASSED] - click(findTestObject("Object Repository/Front End Objects/MyBankAccount(Create)/Page_Chiragh - Home/a_Login")): Object: 'Object Repository/Front End Objects/MyBankAccount(Create)/Page_Chiragh - Home/a_Login' is clicked on

2020-10-01 17:11:05 - [MESSAGE][PASSED] - Object: 'Object Repository/Front End Objects/MyBankAccount(Create)/Page_Chiragh - Home/a_Login' is clicked on

2020-10-01 17:11:05 - [TEST_STEP][PASSED] - setText(findTestObject("Object Repository/Front End Objects/MyBankAccount(Create)/Page_Chiragh - Login/input_Username_un"), userName): Text 'testbcm11%2bac@gmail.com' is set on object 'Object Repository/Front End Objects/MyBankAccount(Create)/Page_Chiragh - Login/input_Username_un'

2020-10-01 17:11:06 - [MESSAGE][PASSED] - Text 'testbcm11%2bac@gmail.com' is set on object 'Object Repository/Front End Objects/MyBankAccount(Create)/Page_Chiragh - Login/input_Username_un'

2020-10-01 17:11:06 - [TEST_STEP][PASSED] - setEncryptedText(findTestObject("Object Repository/Front End Objects/MyBankAccount(Create)/Page_Chiragh - Login/input_Password_userPassword"), "RigbBhfdqOBDK95asqKeHw=="): Text ****** has been set on object 'Object Repository/Front End Objects/MyBankAccount(Create)/Page_Chiragh - Login/input_Password_userPassword'

2020-10-01 17:11:07 - [MESSAGE][PASSED] - Text ****** has been set on object 'Object Repository/Front End Objects/MyBankAccount(Create)/Page_Chiragh - Login/input_Password_userPassword'

2020-10-01 17:11:07 - [TEST_STEP][PASSED] - delay(2): Delayed 2 second(s)

2020-10-01 17:11:09 - [MESSAGE][PASSED] - Delayed 2 second(s)

2020-10-01 17:11:09 - [TEST_STEP][PASSED] - click(findTestObject("Object Repository/Front End Objects/MyBankAccount(Create)/Page_Chiragh - Login/button_Log In")): Object: 'Object Repository/Front End Objects/MyBankAccount(Create)/Page_Chiragh - Login/button_Log In' is clicked on

2020-10-01 17:11:09 - [MESSAGE][PASSED] - Object: 'Object Repository/Front End Objects/MyBankAccount(Create)/Page_Chiragh - Login/button_Log In' is clicked on

2020-10-01 17:11:09 - [TEST_STEP][PASSED] - delay(1): Delayed 1 second(s)

2020-10-01 17:11:10 - [MESSAGE][PASSED] - Delayed 1 second(s)

2020-10-01 17:11:10 - [TEST_STEP][PASSED] - click(findTestObject("Object Repository/Front End Objects/MyBankAccount(Create)/Page_Chiragh - Home/a_ENG_dropdownMenuLink")): Object: 'Object Repository/Front End Objects/MyBankAccount(Create)/Page_Chiragh - Home/a_ENG_dropdownMenuLink' is clicked on

2020-10-01 17:11:16 - [MESSAGE][PASSED] - Object: 'Object Repository/Front End Objects/MyBankAccount(Create)/Page_Chiragh - Home/a_ENG_dropdownMenuLink' is clicked on

2020-10-01 17:11:16 - [TEST_STEP][PASSED] - click(findTestObject("Object Repository/Front End Objects/MyBankAccount(Create)/Page_Chiragh - Home/a_HI AutoChiragh")): Object: 'Object Repository/Front End Objects/MyBankAccount(Create)/Page_Chiragh - Home/a_HI AutoChiragh' is clicked on

2020-10-01 17:11:17 - [MESSAGE][PASSED] - Object: 'Object Repository/Front End Objects/MyBankAccount(Create)/Page_Chiragh - Home/a_HI AutoChiragh' is clicked on

2020-10-01 17:11:17 - [TEST_STEP][PASSED] - delay(3): Delayed 3 second(s)

2020-10-01 17:11:20 - [MESSAGE][PASSED] - Delayed 3 second(s)

2020-10-01 17:11:20 - [TEST_STEP][PASSED] - click(findTestObject("Object Repository/Front End Objects/MyBankAccount(Create)/Page_Chiragh - Dashborad Home/b_Go to Wallet")): Object: 'Object Repository/Front End Objects/MyBankAccount(Create)/Page_Chiragh - Dashborad Home/b_Go to Wallet' is clicked on

2020-10-01 17:11:21 - [MESSAGE][PASSED] - Object: 'Object Repository/Front End Objects/MyBankAccount(Create)/Page_Chiragh - Dashborad Home/b_Go to Wallet' is clicked on

2020-10-01 17:11:21 - [TEST_STEP][PASSED] - click(findTestObject("Object Repository/Front End Objects/MyBankAccount(Create)/Page_Chiragh - User Account Summary/a_My Bank Accounts")): Object: 'Object Repository/Front End Objects/MyBankAccount(Create)/Page_Chiragh - User Account Summary/a_My Bank Accounts' is clicked on

2020-10-01 17:11:40 - [MESSAGE][PASSED] - Object: 'Object Repository/Front End Objects/MyBankAccount(Create)/Page_Chiragh - User Account Summary/a_My Bank Accounts' is clicked on

2020-10-01 17:11:40 - [TEST_STEP][PASSED] - delay(1): Delayed 1 second(s)

2020-10-01 17:11:41 - [MESSAGE][PASSED] - Delayed 1 second(s)

2020-10-01 17:11:41 - [TEST_STEP][PASSED] - click(findTestObject("Object Repository/Front End Objects/MyBankAccount(Create)/Page_Chiragh - My Bank Accounts/svg_My Bank Accounts_svg-inline--fa fa-plus_86c403")): Object: 'Object Repository/Front End Objects/MyBankAccount(Create)/Page_Chiragh - My Bank Accounts/svg_My Bank Accounts_svg-inline--fa fa-plus_86c403' is clicked on

2020-10-01 17:11:43 - [MESSAGE][PASSED] - Object: 'Object Repository/Front End Objects/MyBankAccount(Create)/Page_Chiragh - My Bank Accounts/svg_My Bank Accounts_svg-inline--fa fa-plus_86c403' is clicked on

2020-10-01 17:11:43 - [TEST_STEP][PASSED] - scrollToElement(findTestObject("Object Repository/Front End Objects/MyBankAccount(Create)/Page_Chiragh - My Bank Accounts/label_Currency"), 3): Scroll to object 'Object Repository/Front End Objects/MyBankAccount(Create)/Page_Chiragh - My Bank Accounts/label_Currency' successfully

2020-10-01 17:11:43 - [MESSAGE][PASSED] - Scroll to object 'Object Repository/Front End Objects/MyBankAccount(Create)/Page_Chiragh - My Bank Accounts/label_Currency' successfully

2020-10-01 17:11:43 - [TEST_STEP][PASSED] - setText(findTestObject("Object Repository/Front End Objects/MyBankAccount(Create)/Page_Chiragh - My Bank Accounts/input_Account Name_accountTitle"), "@@@@@@@@"): Text '@@@@@@@@' is set on object 'Object Repository/Front End Objects/MyBankAccount(Create)/Page_Chiragh - My Bank Accounts/input_Account Name_accountTitle'

2020-10-01 17:11:44 - [MESSAGE][PASSED] - Text '@@@@@@@@' is set on object 'Object Repository/Front End Objects/MyBankAccount(Create)/Page_Chiragh - My Bank Accounts/input_Account Name_accountTitle'

2020-10-01 17:11:44 - [TEST_STEP][PASSED] - accountName = getText(findTestObject("Sanity Test/MybankAccount/Page_Chiragh - My Bank Accounts/div_Account Name is not valid")): Text of object 'Object Repository/Sanity Test/MybankAccount/Page_Chiragh - My Bank Accounts/div_Account Name is not valid' is: 'Account Name is not valid!'

2020-10-01 17:11:45 - [MESSAGE][PASSED] - Text of object 'Object Repository/Sanity Test/MybankAccount/Page_Chiragh - My Bank Accounts/div_Account Name is not valid' is: 'Account Name is not valid!'

2020-10-01 17:11:45 - [TEST_STEP][PASSED] - com.sanitytest.com.HandleErrorMessage.verifyErrorMessage(accountName, "Account Name is not valid!"): com.sanitytest.com.HandleErrorMessage.verifyErrorMessage is PASSED

2020-10-01 17:11:45 - [MESSAGE][PASSED] - Actual object 'Account Name is not valid!' and expected object 'Account Name is not valid!' are equal

2020-10-01 17:11:45 - [MESSAGE][PASSED] - Actual object 'Account Name is not valid!' and expected object 'Account Name is not valid!' are equal

2020-10-01 17:11:45 - [MESSAGE][PASSED] - com.sanitytest.com.HandleErrorMessage.verifyErrorMessage is PASSED

2020-10-01 17:11:45 - [TEST_STEP][PASSED] - delay(2): Delayed 2 second(s)

2020-10-01 17:11:47 - [MESSAGE][PASSED] - Delayed 2 second(s)

2020-10-01 17:11:47 - [TEST_STEP][PASSED] - setText(findTestObject("Object Repository/Front End Objects/MyBankAccount(Create)/Page_Chiragh - My Bank Accounts/input_IBAN_accIbanNumber"), "@@@@@@@0989"): Text '@@@@@@@0989' is set on object 'Object Repository/Front End Objects/MyBankAccount(Create)/Page_Chiragh - My Bank Accounts/input_IBAN_accIbanNumber'

2020-10-01 17:11:47 - [MESSAGE][PASSED] - Text '@@@@@@@0989' is set on object 'Object Repository/Front End Objects/MyBankAccount(Create)/Page_Chiragh - My Bank Accounts/input_IBAN_accIbanNumber'

2020-10-01 17:11:47 - [TEST_STEP][PASSED] - IbanNo = getText(findTestObject("Sanity Test/MybankAccount/Page_Chiragh - My Bank Accounts/div_IBAN is not valid")): Text of object 'Object Repository/Sanity Test/MybankAccount/Page_Chiragh - My Bank Accounts/div_IBAN is not valid' is: 'IBAN is not valid!'

2020-10-01 17:11:48 - [MESSAGE][PASSED] - Text of object 'Object Repository/Sanity Test/MybankAccount/Page_Chiragh - My Bank Accounts/div_IBAN is not valid' is: 'IBAN is not valid!'

2020-10-01 17:11:48 - [TEST_STEP][PASSED] - com.sanitytest.com.HandleErrorMessage.verifyErrorMessage(IbanNo, "IBAN is not valid!"): com.sanitytest.com.HandleErrorMessage.verifyErrorMessage is PASSED

2020-10-01 17:11:48 - [MESSAGE][PASSED] - Actual object 'IBAN is not valid!' and expected object 'IBAN is not valid!' are equal

2020-10-01 17:11:48 - [MESSAGE][PASSED] - Actual object 'IBAN is not valid!' and expected object 'IBAN is not valid!' are equal

2020-10-01 17:11:48 - [MESSAGE][PASSED] - com.sanitytest.com.HandleErrorMessage.verifyErrorMessage is PASSED

2020-10-01 17:11:48 - [TEST_STEP][PASSED] - delay(2): Delayed 2 second(s)

2020-10-01 17:11:50 - [MESSAGE][PASSED] - Delayed 2 second(s)

2020-10-01 17:11:50 - [TEST_STEP][PASSED] - setText(findTestObject("Object Repository/Front End Objects/MyBankAccount(Create)/Page_Chiragh - My Bank Accounts/input_Account No_accountNumber"), "8855@@@@@"): Text '8855@@@@@' is set on object 'Object Repository/Front End Objects/MyBankAccount(Create)/Page_Chiragh - My Bank Accounts/input_Account No_accountNumber'

2020-10-01 17:11:51 - [MESSAGE][PASSED] - Text '8855@@@@@' is set on object 'Object Repository/Front End Objects/MyBankAccount(Create)/Page_Chiragh - My Bank Accounts/input_Account No_accountNumber'

2020-10-01 17:11:51 - [TEST_STEP][PASSED] - accountNo = getText(findTestObject("Sanity Test/MybankAccount/Page_Chiragh - My Bank Accounts/div_Account No is not valid")): Text of object 'Object Repository/Sanity Test/MybankAccount/Page_Chiragh - My Bank Accounts/div_Account No is not valid' is: 'Account No is not valid!'

2020-10-01 17:11:51 - [MESSAGE][PASSED] - Text of object 'Object Repository/Sanity Test/MybankAccount/Page_Chiragh - My Bank Accounts/div_Account No is not valid' is: 'Account No is not valid!'

2020-10-01 17:11:51 - [TEST_STEP][PASSED] - com.sanitytest.com.HandleErrorMessage.verifyErrorMessage(accountNo, "Account No is not valid!"): com.sanitytest.com.HandleErrorMessage.verifyErrorMessage is PASSED

2020-10-01 17:11:51 - [MESSAGE][PASSED] - Actual object 'Account No is not valid!' and expected object 'Account No is not valid!' are equal

2020-10-01 17:11:51 - [MESSAGE][PASSED] - Actual object 'Account No is not valid!' and expected object 'Account No is not valid!' are equal

2020-10-01 17:11:51 - [MESSAGE][PASSED] - com.sanitytest.com.HandleErrorMessage.verifyErrorMessage is PASSED

2020-10-01 17:11:51 - [TEST_STEP][PASSED] - delay(2): Delayed 2 second(s)

2020-10-01 17:11:53 - [MESSAGE][PASSED] - Delayed 2 second(s)

2020-10-01 17:11:53 - [TEST_STEP][PASSED] - setText(findTestObject("Object Repository/Front End Objects/MyBankAccount(Create)/Page_Chiragh - My Bank Accounts/input_Account Name_accountTitle"), "8855@@@@@"): Text '8855@@@@@' is set on object 'Object Repository/Front End Objects/MyBankAccount(Create)/Page_Chiragh - My Bank Accounts/input_Account Name_accountTitle'

2020-10-01 17:11:54 - [MESSAGE][PASSED] - Text '8855@@@@@' is set on object 'Object Repository/Front End Objects/MyBankAccount(Create)/Page_Chiragh - My Bank Accounts/input_Account Name_accountTitle'

2020-10-01 17:11:54 - [TEST_STEP][PASSED] - title = getText(findTestObject("Sanity Test/MybankAccount/Page_Chiragh - My Bank Accounts/div_Account Name is not valid")): Text of object 'Object Repository/Sanity Test/MybankAccount/Page_Chiragh - My Bank Accounts/div_Account Name is not valid' is: 'Account Name is not valid!'

2020-10-01 17:11:55 - [MESSAGE][PASSED] - Text of object 'Object Repository/Sanity Test/MybankAccount/Page_Chiragh - My Bank Accounts/div_Account Name is not valid' is: 'Account Name is not valid!'

2020-10-01 17:11:55 - [TEST_STEP][PASSED] - com.sanitytest.com.HandleErrorMessage.verifyErrorMessage(title, "Account Name is not valid!"): com.sanitytest.com.HandleErrorMessage.verifyErrorMessage is PASSED

2020-10-01 17:11:55 - [MESSAGE][PASSED] - Actual object 'Account Name is not valid!' and expected object 'Account Name is not valid!' are equal

2020-10-01 17:11:55 - [MESSAGE][PASSED] - Actual object 'Account Name is not valid!' and expected object 'Account Name is not valid!' are equal

2020-10-01 17:11:55 - [MESSAGE][PASSED] - com.sanitytest.com.HandleErrorMessage.verifyErrorMessage is PASSED

2020-10-01 17:11:55 - [TEST_STEP][PASSED] - delay(2): Delayed 2 second(s)

2020-10-01 17:11:57 - [MESSAGE][PASSED] - Delayed 2 second(s)

2020-10-01 17:11:57 - [TEST_STEP][PASSED] - setText(findTestObject("Object Repository/Front End Objects/MyBankAccount(Create)/Page_Chiragh - My Bank Accounts/input_Acct Holder Address_address"), "@@889557766HHGHGGGHG"): Text '@@889557766HHGHGGGHG' is set on object 'Object Repository/Front End Objects/MyBankAccount(Create)/Page_Chiragh - My Bank Accounts/input_Acct Holder Address_address'

2020-10-01 17:11:58 - [MESSAGE][PASSED] - Text '@@889557766HHGHGGGHG' is set on object 'Object Repository/Front End Objects/MyBankAccount(Create)/Page_Chiragh - My Bank Accounts/input_Acct Holder Address_address'

2020-10-01 17:11:58 - [TEST_STEP][PASSED] - delay(2): Delayed 2 second(s)

2020-10-01 17:12:00 - [MESSAGE][PASSED] - Delayed 2 second(s)

2020-10-01 17:12:00 - [TEST_STEP][PASSED] - setText(findTestObject("Object Repository/Front End Objects/MyBankAccount(Create)/Page_Chiragh - My Bank Accounts/input_Bank Name_bankName"), "8855@@@@@"): Text '8855@@@@@' is set on object 'Object Repository/Front End Objects/MyBankAccount(Create)/Page_Chiragh - My Bank Accounts/input_Bank Name_bankName'

2020-10-01 17:12:01 - [MESSAGE][PASSED] - Text '8855@@@@@' is set on object 'Object Repository/Front End Objects/MyBankAccount(Create)/Page_Chiragh - My Bank Accounts/input_Bank Name_bankName'

2020-10-01 17:12:01 - [TEST_STEP][PASSED] - bankName = getText(findTestObject("Sanity Test/MybankAccount/Page_Chiragh - My Bank Accounts/div_Bank name is not valid")): Text of object 'Object Repository/Sanity Test/MybankAccount/Page_Chiragh - My Bank Accounts/div_Bank name is not valid' is: 'Bank name is not valid!'

2020-10-01 17:12:02 - [MESSAGE][PASSED] - Text of object 'Object Repository/Sanity Test/MybankAccount/Page_Chiragh - My Bank Accounts/div_Bank name is not valid' is: 'Bank name is not valid!'

2020-10-01 17:12:02 - [TEST_STEP][PASSED] - com.sanitytest.com.HandleErrorMessage.verifyErrorMessage(bankName, "Bank name is not valid!"): com.sanitytest.com.HandleErrorMessage.verifyErrorMessage is PASSED

2020-10-01 17:12:02 - [MESSAGE][PASSED] - Actual object 'Bank name is not valid!' and expected object 'Bank name is not valid!' are equal

2020-10-01 17:12:02 - [MESSAGE][PASSED] - Actual object 'Bank name is not valid!' and expected object 'Bank name is not valid!' are equal

2020-10-01 17:12:02 - [MESSAGE][PASSED] - com.sanitytest.com.HandleErrorMessage.verifyErrorMessage is PASSED

2020-10-01 17:12:02 - [TEST_STEP][PASSED] - delay(2): Delayed 2 second(s)

2020-10-01 17:12:04 - [MESSAGE][PASSED] - Delayed 2 second(s)

2020-10-01 17:12:04 - [TEST_STEP][PASSED] - setText(findTestObject("Object Repository/Front End Objects/MyBankAccount(Create)/Page_Chiragh - My Bank Accounts/input_Bank Branch Address_branchName"), "@@@@@@@@$"): Text '@@@@@@@@$' is set on object 'Object Repository/Front End Objects/MyBankAccount(Create)/Page_Chiragh - My Bank Accounts/input_Bank Branch Address_branchName'

2020-10-01 17:12:05 - [MESSAGE][PASSED] - Text '@@@@@@@@$' is set on object 'Object Repository/Front End Objects/MyBankAccount(Create)/Page_Chiragh - My Bank Accounts/input_Bank Branch Address_branchName'

2020-10-01 17:12:05 - [TEST_STEP][PASSED] - bankaddress = getText(findTestObject("Sanity Test/MybankAccount/Page_Chiragh - My Bank Accounts/div_Bank Branch Address is not valid")): Text of object 'Object Repository/Sanity Test/MybankAccount/Page_Chiragh - My Bank Accounts/div_Bank Branch Address is not valid' is: 'Bank Branch Address is not valid!'

2020-10-01 17:12:05 - [MESSAGE][PASSED] - Text of object 'Object Repository/Sanity Test/MybankAccount/Page_Chiragh - My Bank Accounts/div_Bank Branch Address is not valid' is: 'Bank Branch Address is not valid!'

2020-10-01 17:12:05 - [TEST_STEP][PASSED] - com.sanitytest.com.HandleErrorMessage.verifyErrorMessage(bankaddress, "Bank Branch Address is not valid!"): com.sanitytest.com.HandleErrorMessage.verifyErrorMessage is PASSED

2020-10-01 17:12:05 - [MESSAGE][PASSED] - Actual object 'Bank Branch Address is not valid!' and expected object 'Bank Branch Address is not valid!' are equal

2020-10-01 17:12:05 - [MESSAGE][PASSED] - Actual object 'Bank Branch Address is not valid!' and expected object 'Bank Branch Address is not valid!' are equal

2020-10-01 17:12:05 - [MESSAGE][PASSED] - com.sanitytest.com.HandleErrorMessage.verifyErrorMessage is PASSED

2020-10-01 17:12:05 - [TEST_STEP][PASSED] - delay(2): Delayed 2 second(s)

2020-10-01 17:12:07 - [MESSAGE][PASSED] - Delayed 2 second(s)

2020-10-01 17:12:07 - [TEST_STEP][PASSED] - setText(findTestObject("Object Repository/Front End Objects/MyBankAccount(Create)/Page_Chiragh - My Bank Accounts/input_Swift Code_accSwiftCode"), "###%%@@@9889U"): Text '###%%@@@9889U' is set on object 'Object Repository/Front End Objects/MyBankAccount(Create)/Page_Chiragh - My Bank Accounts/input_Swift Code_accSwiftCode'

2020-10-01 17:12:08 - [MESSAGE][PASSED] - Text '###%%@@@9889U' is set on object 'Object Repository/Front End Objects/MyBankAccount(Create)/Page_Chiragh - My Bank Accounts/input_Swift Code_accSwiftCode'

2020-10-01 17:12:08 - [TEST_STEP][PASSED] - swiftCode = getText(findTestObject("Sanity Test/MybankAccount/Page_Chiragh - My Bank Accounts/div_Swift code is not valid")): Text of object 'Object Repository/Sanity Test/MybankAccount/Page_Chiragh - My Bank Accounts/div_Swift code is not valid' is: 'Swift code is not valid!'

2020-10-01 17:12:09 - [MESSAGE][PASSED] - Text of object 'Object Repository/Sanity Test/MybankAccount/Page_Chiragh - My Bank Accounts/div_Swift code is not valid' is: 'Swift code is not valid!'

2020-10-01 17:12:09 - [TEST_STEP][PASSED] - com.sanitytest.com.HandleErrorMessage.verifyErrorMessage(swiftCode, "Swift code is not valid!"): com.sanitytest.com.HandleErrorMessage.verifyErrorMessage is PASSED

2020-10-01 17:12:09 - [MESSAGE][PASSED] - Actual object 'Swift code is not valid!' and expected object 'Swift code is not valid!' are equal

2020-10-01 17:12:09 - [MESSAGE][PASSED] - Actual object 'Swift code is not valid!' and expected object 'Swift code is not valid!' are equal

2020-10-01 17:12:09 - [MESSAGE][PASSED] - com.sanitytest.com.HandleErrorMessage.verifyErrorMessage is PASSED

2020-10-01 17:12:09 - [TEST_STEP][PASSED] - delay(2): Delayed 2 second(s)

2020-10-01 17:12:11 - [MESSAGE][PASSED] - Delayed 2 second(s)

2020-10-01 17:12:11 - [TEST_STEP][PASSED] - setText(findTestObject("Object Repository/Front End Objects/MyBankAccount(Create)/Page_Chiragh - My Bank Accounts/input_Correspondent Bank Name_corresponding_bf0020"), "###%%@@@9889U"): Text '###%%@@@9889U' is set on object 'Object Repository/Front End Objects/MyBankAccount(Create)/Page_Chiragh - My Bank Accounts/input_Correspondent Bank Name_corresponding_bf0020'

2020-10-01 17:12:11 - [MESSAGE][PASSED] - Text '###%%@@@9889U' is set on object 'Object Repository/Front End Objects/MyBankAccount(Create)/Page_Chiragh - My Bank Accounts/input_Correspondent Bank Name_corresponding_bf0020'

2020-10-01 17:12:11 - [TEST_STEP][PASSED] - setText(findTestObject("Object Repository/Front End Objects/MyBankAccount(Create)/Page_Chiragh - My Bank Accounts/input_Correspondent Bank Swift Code_corresp_eefb27"), "###%%@@@9889U"): Text '###%%@@@9889U' is set on object 'Object Repository/Front End Objects/MyBankAccount(Create)/Page_Chiragh - My Bank Accounts/input_Correspondent Bank Swift Code_corresp_eefb27'

2020-10-01 17:12:12 - [MESSAGE][PASSED] - Text '###%%@@@9889U' is set on object 'Object Repository/Front End Objects/MyBankAccount(Create)/Page_Chiragh - My Bank Accounts/input_Correspondent Bank Swift Code_corresp_eefb27'

2020-10-01 17:12:12 - [TEST_STEP][PASSED] - delay(6): Delayed 6 second(s)

2020-10-01 17:12:18 - [MESSAGE][PASSED] - Delayed 6 second(s)

2020-10-01 17:12:18 - [TEST_STEP][PASSED] - selectOptionByValue(findTestObject("Object Repository/Front End Objects/MyBankAccount(Create)/Page_Chiragh - My Bank Accounts/select_Select CurrencyUSDAEDEUR"), "1", true): All options with value '1' are selected in object 'Object Repository/Front End Objects/MyBankAccount(Create)/Page_Chiragh - My Bank Accounts/select_Select CurrencyUSDAEDEUR'  using regular expression

2020-10-01 17:12:20 - [MESSAGE][PASSED] - All options with value '1' are selected in object 'Object Repository/Front End Objects/MyBankAccount(Create)/Page_Chiragh - My Bank Accounts/select_Select CurrencyUSDAEDEUR'  using regular expression

2020-10-01 17:12:20 - [TEST_STEP][PASSED] - setText(findTestObject("Object Repository/Front End Objects/MyBankAccount(Create)/Page_Chiragh - My Bank Accounts/input_Account Name_accountTitle"), "Sharjah Platinum"): Text 'Sharjah Platinum' is set on object 'Object Repository/Front End Objects/MyBankAccount(Create)/Page_Chiragh - My Bank Accounts/input_Account Name_accountTitle'

2020-10-01 17:12:22 - [MESSAGE][PASSED] - Text 'Sharjah Platinum' is set on object 'Object Repository/Front End Objects/MyBankAccount(Create)/Page_Chiragh - My Bank Accounts/input_Account Name_accountTitle'

2020-10-01 17:12:22 - [TEST_STEP][PASSED] - setText(findTestObject("Object Repository/Front End Objects/MyBankAccount(Create)/Page_Chiragh - My Bank Accounts/input_IBAN_accIbanNumber"), "647489347389"): Text '647489347389' is set on object 'Object Repository/Front End Objects/MyBankAccount(Create)/Page_Chiragh - My Bank Accounts/input_IBAN_accIbanNumber'

2020-10-01 17:12:23 - [MESSAGE][PASSED] - Text '647489347389' is set on object 'Object Repository/Front End Objects/MyBankAccount(Create)/Page_Chiragh - My Bank Accounts/input_IBAN_accIbanNumber'

2020-10-01 17:12:23 - [TEST_STEP][PASSED] - setText(findTestObject("Object Repository/Front End Objects/MyBankAccount(Create)/Page_Chiragh - My Bank Accounts/input_Account No_accountNumber"), "6376376373"): Text '6376376373' is set on object 'Object Repository/Front End Objects/MyBankAccount(Create)/Page_Chiragh - My Bank Accounts/input_Account No_accountNumber'

2020-10-01 17:12:24 - [MESSAGE][PASSED] - Text '6376376373' is set on object 'Object Repository/Front End Objects/MyBankAccount(Create)/Page_Chiragh - My Bank Accounts/input_Account No_accountNumber'

2020-10-01 17:12:24 - [TEST_STEP][PASSED] - click(findTestObject("Object Repository/Front End Objects/MyBankAccount(Create)/Page_Chiragh - My Bank Accounts/div_Account Name")): Object: 'Object Repository/Front End Objects/MyBankAccount(Create)/Page_Chiragh - My Bank Accounts/div_Account Name' is clicked on

2020-10-01 17:12:25 - [MESSAGE][PASSED] - Object: 'Object Repository/Front End Objects/MyBankAccount(Create)/Page_Chiragh - My Bank Accounts/div_Account Name' is clicked on

2020-10-01 17:12:25 - [TEST_STEP][PASSED] - setText(findTestObject("Object Repository/Front End Objects/MyBankAccount(Create)/Page_Chiragh - My Bank Accounts/input_Account Name_accountTitle"), "Emirati Bank"): Text 'Emirati Bank' is set on object 'Object Repository/Front End Objects/MyBankAccount(Create)/Page_Chiragh - My Bank Accounts/input_Account Name_accountTitle'

2020-10-01 17:12:25 - [MESSAGE][PASSED] - Text 'Emirati Bank' is set on object 'Object Repository/Front End Objects/MyBankAccount(Create)/Page_Chiragh - My Bank Accounts/input_Account Name_accountTitle'

2020-10-01 17:12:25 - [TEST_STEP][PASSED] - setText(findTestObject("Object Repository/Front End Objects/MyBankAccount(Create)/Page_Chiragh - My Bank Accounts/input_Acct Holder Address_address"), "Dubai Town"): Text 'Dubai Town' is set on object 'Object Repository/Front End Objects/MyBankAccount(Create)/Page_Chiragh - My Bank Accounts/input_Acct Holder Address_address'

2020-10-01 17:12:26 - [MESSAGE][PASSED] - Text 'Dubai Town' is set on object 'Object Repository/Front End Objects/MyBankAccount(Create)/Page_Chiragh - My Bank Accounts/input_Acct Holder Address_address'

2020-10-01 17:12:26 - [TEST_STEP][PASSED] - setText(findTestObject("Object Repository/Front End Objects/MyBankAccount(Create)/Page_Chiragh - My Bank Accounts/input_Bank Name_bankName"), "Emirati Platinum"): Text 'Emirati Platinum' is set on object 'Object Repository/Front End Objects/MyBankAccount(Create)/Page_Chiragh - My Bank Accounts/input_Bank Name_bankName'

2020-10-01 17:12:27 - [MESSAGE][PASSED] - Text 'Emirati Platinum' is set on object 'Object Repository/Front End Objects/MyBankAccount(Create)/Page_Chiragh - My Bank Accounts/input_Bank Name_bankName'

2020-10-01 17:12:27 - [TEST_STEP][PASSED] - setText(findTestObject("Object Repository/Front End Objects/MyBankAccount(Create)/Page_Chiragh - My Bank Accounts/input_Bank Branch Address_branchName"), "Dubai Town"): Text 'Dubai Town' is set on object 'Object Repository/Front End Objects/MyBankAccount(Create)/Page_Chiragh - My Bank Accounts/input_Bank Branch Address_branchName'

2020-10-01 17:12:28 - [MESSAGE][PASSED] - Text 'Dubai Town' is set on object 'Object Repository/Front End Objects/MyBankAccount(Create)/Page_Chiragh - My Bank Accounts/input_Bank Branch Address_branchName'

2020-10-01 17:12:28 - [TEST_STEP][PASSED] - setText(findTestObject("Object Repository/Front End Objects/MyBankAccount(Create)/Page_Chiragh - My Bank Accounts/input_Swift Code_accSwiftCode"), "64637634"): Text '64637634' is set on object 'Object Repository/Front End Objects/MyBankAccount(Create)/Page_Chiragh - My Bank Accounts/input_Swift Code_accSwiftCode'

2020-10-01 17:12:29 - [MESSAGE][PASSED] - Text '64637634' is set on object 'Object Repository/Front End Objects/MyBankAccount(Create)/Page_Chiragh - My Bank Accounts/input_Swift Code_accSwiftCode'

2020-10-01 17:12:29 - [TEST_STEP][PASSED] - setText(findTestObject("Object Repository/Front End Objects/MyBankAccount(Create)/Page_Chiragh - My Bank Accounts/input_Correspondent Bank Name_corresponding_bf0020"), "Dubai CB"): Text 'Dubai CB' is set on object 'Object Repository/Front End Objects/MyBankAccount(Create)/Page_Chiragh - My Bank Accounts/input_Correspondent Bank Name_corresponding_bf0020'

2020-10-01 17:12:30 - [MESSAGE][PASSED] - Text 'Dubai CB' is set on object 'Object Repository/Front End Objects/MyBankAccount(Create)/Page_Chiragh - My Bank Accounts/input_Correspondent Bank Name_corresponding_bf0020'

2020-10-01 17:12:30 - [TEST_STEP][PASSED] - setText(findTestObject("Object Repository/Front End Objects/MyBankAccount(Create)/Page_Chiragh - My Bank Accounts/input_Correspondent Bank Swift Code_corresp_eefb27"), "53635"): Text '53635' is set on object 'Object Repository/Front End Objects/MyBankAccount(Create)/Page_Chiragh - My Bank Accounts/input_Correspondent Bank Swift Code_corresp_eefb27'

2020-10-01 17:12:30 - [MESSAGE][PASSED] - Text '53635' is set on object 'Object Repository/Front End Objects/MyBankAccount(Create)/Page_Chiragh - My Bank Accounts/input_Correspondent Bank Swift Code_corresp_eefb27'

2020-10-01 17:12:30 - [TEST_STEP][PASSED] - delay(3): Delayed 3 second(s)

2020-10-01 17:12:33 - [MESSAGE][PASSED] - Delayed 3 second(s)

2020-10-01 17:12:33 - [TEST_STEP][PASSED] - closeBrowser(): Browser is closed

2020-10-01 17:12:35 - [MESSAGE][PASSED] - Browser is closed

2020-10-01 17:12:37 - [TEST_STEP][PASSED] - Video: Video recording for test case 'Test Cases/Sanity Tests/Buy_Wallet_AddMyAccount_USD' .

2020-10-01 17:12:37 - [MESSAGE][INFO] - Video recording for test case 'Test Cases/Sanity Tests/Buy_Wallet_AddMyAccount_USD' .
[[ATTACHMENT|C:\Users\hp\git\chiraghAdminPanel\Reports\20201001_170350\SanityTests\SanityTest\20201001_170350/videos\test_6.mov]]]]></system-out>
         <system-err><![CDATA[]]></system-err>
      </testcase>
      <testcase name="Test Cases/Sanity Tests/TC_Registration" time="195.599" classname="Test Cases/Sanity Tests/TC_Registration" status="FAILED">
         <failure type="FAILED" message="Test Cases/Sanity Tests/TC_Registration FAILED.
Reason:
com.kms.katalon.core.exception.StepFailedException: Verify element text of test object 'Object Repository/Page_Chiragh - Registration Confirmation/h1_Thank You  for Registering on Chiragh' FAILED.
	at com.kms.katalon.core.webui.keyword.internal.WebUIKeywordMain.stepFailed(WebUIKeywordMain.groovy:64)
	at com.kms.katalon.core.webui.keyword.internal.WebUIKeywordMain.runKeyword(WebUIKeywordMain.groovy:26)
	at com.kms.katalon.core.webui.keyword.builtin.VerifyElementTextKeyword.verifyElementText(VerifyElementTextKeyword.groovy:72)
	at com.kms.katalon.core.webui.keyword.builtin.VerifyElementTextKeyword.execute(VerifyElementTextKeyword.groovy:40)
	at com.kms.katalon.core.keyword.internal.KeywordExecutor.executeKeywordForPlatform(KeywordExecutor.groovy:73)
	at com.kms.katalon.core.webui.keyword.WebUiBuiltInKeywords.verifyElementText(WebUiBuiltInKeywords.groovy:4120)
	at com.kms.katalon.core.webui.keyword.WebUiBuiltInKeywords$verifyElementText$16.call(Unknown Source)
	at TC_Registration.run(TC_Registration:259)
	at com.kms.katalon.core.main.ScriptEngine.run(ScriptEngine.java:194)
	at com.kms.katalon.core.main.ScriptEngine.runScriptAsRawText(ScriptEngine.java:119)
	at com.kms.katalon.core.main.TestCaseExecutor.runScript(TestCaseExecutor.java:339)
	at com.kms.katalon.core.main.TestCaseExecutor.doExecute(TestCaseExecutor.java:330)
	at com.kms.katalon.core.main.TestCaseExecutor.processExecutionPhase(TestCaseExecutor.java:309)
	at com.kms.katalon.core.main.TestCaseExecutor.accessMainPhase(TestCaseExecutor.java:301)
	at com.kms.katalon.core.main.TestCaseExecutor.execute(TestCaseExecutor.java:235)
	at com.kms.katalon.core.main.TestSuiteExecutor.accessTestCaseMainPhase(TestSuiteExecutor.java:191)
	at com.kms.katalon.core.main.TestSuiteExecutor.accessTestSuiteMainPhase(TestSuiteExecutor.java:141)
	at com.kms.katalon.core.main.TestSuiteExecutor.execute(TestSuiteExecutor.java:90)
	at com.kms.katalon.core.main.TestCaseMain.startTestSuite(TestCaseMain.java:157)
	at com.kms.katalon.core.main.TestCaseMain$startTestSuite$0.call(Unknown Source)
	at TempTestSuite1601553830097.run(TempTestSuite1601553830097.groovy:39)
Caused by: com.kms.katalon.core.exception.StepFailedException: Actual text 'Activate your Chiragh Account' and expected text 'Thank You' of test object 'Object Repository/Page_Chiragh - Registration Confirmation/h1_Thank You  for Registering on Chiragh' are NOT matched.
	at com.kms.katalon.core.webui.keyword.internal.WebUIKeywordMain.stepFailed(WebUIKeywordMain.groovy:64)
	at com.kms.katalon.core.webui.keyword.builtin.VerifyElementTextKeyword$_verifyElementText_closure1.doCall(VerifyElementTextKeyword.groovy:57)
	at com.kms.katalon.core.webui.keyword.builtin.VerifyElementTextKeyword$_verifyElementText_closure1.call(VerifyElementTextKeyword.groovy)
	at com.kms.katalon.core.webui.keyword.internal.WebUIKeywordMain.runKeyword(WebUIKeywordMain.groovy:20)
	... 19 more
"/>
         <system-out><![CDATA[2020-10-01 17:12:37 - [TEST_CASE][FAILED] - Test Cases/Sanity Tests/TC_Registration: Test Cases/Sanity Tests/TC_Registration FAILED.
Reason:
com.kms.katalon.core.exception.StepFailedException: Verify element text of test object 'Object Repository/Page_Chiragh - Registration Confirmation/h1_Thank You  for Registering on Chiragh' FAILED.
	at com.kms.katalon.core.webui.keyword.internal.WebUIKeywordMain.stepFailed(WebUIKeywordMain.groovy:64)
	at com.kms.katalon.core.webui.keyword.internal.WebUIKeywordMain.runKeyword(WebUIKeywordMain.groovy:26)
	at com.kms.katalon.core.webui.keyword.builtin.VerifyElementTextKeyword.verifyElementText(VerifyElementTextKeyword.groovy:72)
	at com.kms.katalon.core.webui.keyword.builtin.VerifyElementTextKeyword.execute(VerifyElementTextKeyword.groovy:40)
	at com.kms.katalon.core.keyword.internal.KeywordExecutor.executeKeywordForPlatform(KeywordExecutor.groovy:73)
	at com.kms.katalon.core.webui.keyword.WebUiBuiltInKeywords.verifyElementText(WebUiBuiltInKeywords.groovy:4120)
	at com.kms.katalon.core.webui.keyword.WebUiBuiltInKeywords$verifyElementText$16.call(Unknown Source)
	at TC_Registration.run(TC_Registration:259)
	at com.kms.katalon.core.main.ScriptEngine.run(ScriptEngine.java:194)
	at com.kms.katalon.core.main.ScriptEngine.runScriptAsRawText(ScriptEngine.java:119)
	at com.kms.katalon.core.main.TestCaseExecutor.runScript(TestCaseExecutor.java:339)
	at com.kms.katalon.core.main.TestCaseExecutor.doExecute(TestCaseExecutor.java:330)
	at com.kms.katalon.core.main.TestCaseExecutor.processExecutionPhase(TestCaseExecutor.java:309)
	at com.kms.katalon.core.main.TestCaseExecutor.accessMainPhase(TestCaseExecutor.java:301)
	at com.kms.katalon.core.main.TestCaseExecutor.execute(TestCaseExecutor.java:235)
	at com.kms.katalon.core.main.TestSuiteExecutor.accessTestCaseMainPhase(TestSuiteExecutor.java:191)
	at com.kms.katalon.core.main.TestSuiteExecutor.accessTestSuiteMainPhase(TestSuiteExecutor.java:141)
	at com.kms.katalon.core.main.TestSuiteExecutor.execute(TestSuiteExecutor.java:90)
	at com.kms.katalon.core.main.TestCaseMain.startTestSuite(TestCaseMain.java:157)
	at com.kms.katalon.core.main.TestCaseMain$startTestSuite$0.call(Unknown Source)
	at TempTestSuite1601553830097.run(TempTestSuite1601553830097.groovy:39)
Caused by: com.kms.katalon.core.exception.StepFailedException: Actual text 'Activate your Chiragh Account' and expected text 'Thank You' of test object 'Object Repository/Page_Chiragh - Registration Confirmation/h1_Thank You  for Registering on Chiragh' are NOT matched.
	at com.kms.katalon.core.webui.keyword.internal.WebUIKeywordMain.stepFailed(WebUIKeywordMain.groovy:64)
	at com.kms.katalon.core.webui.keyword.builtin.VerifyElementTextKeyword$_verifyElementText_closure1.doCall(VerifyElementTextKeyword.groovy:57)
	at com.kms.katalon.core.webui.keyword.builtin.VerifyElementTextKeyword$_verifyElementText_closure1.call(VerifyElementTextKeyword.groovy)
	at com.kms.katalon.core.webui.keyword.internal.WebUIKeywordMain.runKeyword(WebUIKeywordMain.groovy:20)
	... 19 more


2020-10-01 17:12:38 - [TEST_STEP][PASSED] - faker = new com.github.javafaker.Faker(): null

2020-10-01 17:12:39 - [TEST_STEP][PASSED] - openBrowser(""): Browser is opened with url: ''

2020-10-01 17:12:39 - [MESSAGE][INFO] - Starting 'Chrome' driver

2020-10-01 17:12:39 - [MESSAGE][INFO] - Action delay is set to 0 milliseconds

2020-10-01 17:12:43 - [MESSAGE][PASSED] - Browser is opened with url: ''

2020-10-01 17:12:43 - [TEST_STEP][PASSED] - navigateToUrl(Url): Navigate to 'http://chiragh:AeBcm%231t@test.chiragh.com' successfully

2020-10-01 17:12:52 - [MESSAGE][PASSED] - Navigate to 'http://chiragh:AeBcm%231t@test.chiragh.com' successfully

2020-10-01 17:12:52 - [TEST_STEP][PASSED] - waitForPageLoad(15): Wait for page load successfully

2020-10-01 17:12:58 - [MESSAGE][PASSED] - Wait for page load successfully

2020-10-01 17:12:58 - [TEST_STEP][PASSED] - maximizeWindow(): Current window maximized

2020-10-01 17:13:01 - [MESSAGE][PASSED] - Current window maximized

2020-10-01 17:13:01 - [TEST_STEP][PASSED] - delay(3): Delayed 3 second(s)

2020-10-01 17:13:04 - [MESSAGE][PASSED] - Delayed 3 second(s)

2020-10-01 17:13:04 - [TEST_STEP][PASSED] - click(findTestObject("Object Repository/Sanity Test/registration/Page_Chiragh - Home/a_ENG_dropdownMenuLink")): Object: 'Object Repository/Sanity Test/registration/Page_Chiragh - Home/a_ENG_dropdownMenuLink' is clicked on

2020-10-01 17:13:04 - [MESSAGE][PASSED] - Object: 'Object Repository/Sanity Test/registration/Page_Chiragh - Home/a_ENG_dropdownMenuLink' is clicked on

2020-10-01 17:13:04 - [TEST_STEP][PASSED] - click(findTestObject("Object Repository/Sanity Test/registration/Page_Chiragh - Home/a_Login")): Object: 'Object Repository/Sanity Test/registration/Page_Chiragh - Home/a_Login' is clicked on

2020-10-01 17:13:05 - [MESSAGE][PASSED] - Object: 'Object Repository/Sanity Test/registration/Page_Chiragh - Home/a_Login' is clicked on

2020-10-01 17:13:05 - [TEST_STEP][PASSED] - click(findTestObject("Object Repository/Sanity Test/registration/Page_Chiragh - Login/a_Register")): Object: 'Object Repository/Sanity Test/registration/Page_Chiragh - Login/a_Register' is clicked on

2020-10-01 17:13:06 - [MESSAGE][PASSED] - Object: 'Object Repository/Sanity Test/registration/Page_Chiragh - Login/a_Register' is clicked on

2020-10-01 17:13:06 - [TEST_STEP][PASSED] - setText(findTestObject("Object Repository/Sanity Test/registration/Page_Chiragh - Register/input_First Name_userFirstName"), "22222"): Text '22222' is set on object 'Object Repository/Sanity Test/registration/Page_Chiragh - Register/input_First Name_userFirstName'

2020-10-01 17:13:08 - [MESSAGE][PASSED] - Text '22222' is set on object 'Object Repository/Sanity Test/registration/Page_Chiragh - Register/input_First Name_userFirstName'

2020-10-01 17:13:08 - [TEST_STEP][PASSED] - errorMessage = getText(findTestObject("Object Repository/Sanity Test/registration/Page_Chiragh - Register/div_First Name is not valid")): Text of object 'Object Repository/Sanity Test/registration/Page_Chiragh - Register/div_First Name is not valid' is: 'First Name is not valid!'

2020-10-01 17:13:09 - [MESSAGE][PASSED] - Text of object 'Object Repository/Sanity Test/registration/Page_Chiragh - Register/div_First Name is not valid' is: 'First Name is not valid!'

2020-10-01 17:13:09 - [TEST_STEP][PASSED] - com.sanitytest.com.HandleErrorMessage.verifyErrorMessage(errorMessage, "First Name is not valid!"): com.sanitytest.com.HandleErrorMessage.verifyErrorMessage is PASSED

2020-10-01 17:13:09 - [MESSAGE][PASSED] - Actual object 'First Name is not valid!' and expected object 'First Name is not valid!' are equal

2020-10-01 17:13:09 - [MESSAGE][PASSED] - Actual object 'First Name is not valid!' and expected object 'First Name is not valid!' are equal

2020-10-01 17:13:09 - [MESSAGE][PASSED] - com.sanitytest.com.HandleErrorMessage.verifyErrorMessage is PASSED

2020-10-01 17:13:09 - [TEST_STEP][PASSED] - delay(2): Delayed 2 second(s)

2020-10-01 17:13:11 - [MESSAGE][PASSED] - Delayed 2 second(s)

2020-10-01 17:13:11 - [TEST_STEP][PASSED] - setText(findTestObject("Object Repository/Sanity Test/registration/Page_Chiragh - Register/input_Last Name_userlastName"), "333333"): Text '333333' is set on object 'Object Repository/Sanity Test/registration/Page_Chiragh - Register/input_Last Name_userlastName'

2020-10-01 17:13:11 - [MESSAGE][PASSED] - Text '333333' is set on object 'Object Repository/Sanity Test/registration/Page_Chiragh - Register/input_Last Name_userlastName'

2020-10-01 17:13:11 - [TEST_STEP][PASSED] - errorLastName = getText(findTestObject("Object Repository/Sanity Test/registration/Page_Chiragh - Register/div_Last Name is not valid")): Text of object 'Object Repository/Sanity Test/registration/Page_Chiragh - Register/div_Last Name is not valid' is: 'Last Name is not valid!'

2020-10-01 17:13:12 - [MESSAGE][PASSED] - Text of object 'Object Repository/Sanity Test/registration/Page_Chiragh - Register/div_Last Name is not valid' is: 'Last Name is not valid!'

2020-10-01 17:13:12 - [TEST_STEP][PASSED] - com.sanitytest.com.HandleErrorMessage.verifyErrorMessage(errorLastName, "Last Name is not valid!"): com.sanitytest.com.HandleErrorMessage.verifyErrorMessage is PASSED

2020-10-01 17:13:12 - [MESSAGE][PASSED] - Actual object 'Last Name is not valid!' and expected object 'Last Name is not valid!' are equal

2020-10-01 17:13:12 - [MESSAGE][PASSED] - Actual object 'Last Name is not valid!' and expected object 'Last Name is not valid!' are equal

2020-10-01 17:13:12 - [MESSAGE][PASSED] - com.sanitytest.com.HandleErrorMessage.verifyErrorMessage is PASSED

2020-10-01 17:13:12 - [TEST_STEP][PASSED] - delay(2): Delayed 2 second(s)

2020-10-01 17:13:14 - [MESSAGE][PASSED] - Delayed 2 second(s)

2020-10-01 17:13:14 - [TEST_STEP][PASSED] - delay(2): Delayed 2 second(s)

2020-10-01 17:13:16 - [MESSAGE][PASSED] - Delayed 2 second(s)

2020-10-01 17:13:16 - [TEST_STEP][PASSED] - setText(findTestObject("Object Repository/Sanity Test/registration/Page_Chiragh - Register/input_Email _userEmail"), "556666666.com"): Text '556666666.com' is set on object 'Object Repository/Sanity Test/registration/Page_Chiragh - Register/input_Email _userEmail'

2020-10-01 17:13:17 - [MESSAGE][PASSED] - Text '556666666.com' is set on object 'Object Repository/Sanity Test/registration/Page_Chiragh - Register/input_Email _userEmail'

2020-10-01 17:13:17 - [TEST_STEP][PASSED] - delay(2): Delayed 2 second(s)

2020-10-01 17:13:19 - [MESSAGE][PASSED] - Delayed 2 second(s)

2020-10-01 17:13:19 - [TEST_STEP][PASSED] - setText(findTestObject("Page_Chiragh - Register/input_Password_userPassword"), "6666333"): Text '6666333' is set on object 'Object Repository/Page_Chiragh - Register/input_Password_userPassword'

2020-10-01 17:13:20 - [MESSAGE][PASSED] - Text '6666333' is set on object 'Object Repository/Page_Chiragh - Register/input_Password_userPassword'

2020-10-01 17:13:20 - [TEST_STEP][PASSED] - delay(7): Delayed 7 second(s)

2020-10-01 17:13:27 - [MESSAGE][PASSED] - Delayed 7 second(s)

2020-10-01 17:13:27 - [TEST_STEP][PASSED] - setText(findTestObject("Page_Chiragh - Register/input_Confirm Password_userConfirmPassword"), "92828333"): Text '92828333' is set on object 'Object Repository/Page_Chiragh - Register/input_Confirm Password_userConfirmPassword'

2020-10-01 17:13:27 - [MESSAGE][PASSED] - Text '92828333' is set on object 'Object Repository/Page_Chiragh - Register/input_Confirm Password_userConfirmPassword'

2020-10-01 17:13:27 - [TEST_STEP][PASSED] - delay(6): Delayed 6 second(s)

2020-10-01 17:13:33 - [MESSAGE][PASSED] - Delayed 6 second(s)

2020-10-01 17:13:33 - [TEST_STEP][PASSED] - fName = name().firstName(): null

2020-10-01 17:13:33 - [TEST_STEP][PASSED] - setText(findTestObject("Page_Chiragh - Register/input_First Name_userFirstName"), fName): Text 'Ariel' is set on object 'Object Repository/Page_Chiragh - Register/input_First Name_userFirstName'

2020-10-01 17:13:34 - [MESSAGE][PASSED] - Text 'Ariel' is set on object 'Object Repository/Page_Chiragh - Register/input_First Name_userFirstName'

2020-10-01 17:13:34 - [TEST_STEP][PASSED] - com.sanitytest.com.Validation.isAlpha(fName): com.sanitytest.com.Validation.isAlpha is PASSED

2020-10-01 17:13:34 - [MESSAGE][PASSED] - com.sanitytest.com.Validation.isAlpha is PASSED

2020-10-01 17:13:34 - [TEST_STEP][PASSED] - delay(2): Delayed 2 second(s)

2020-10-01 17:13:36 - [MESSAGE][PASSED] - Delayed 2 second(s)

2020-10-01 17:13:36 - [TEST_STEP][PASSED] - lName = name().lastName(): null

2020-10-01 17:13:36 - [TEST_STEP][PASSED] - setText(findTestObject("Page_Chiragh - Register/input_Last Name_userlastName"), lName): Text 'White' is set on object 'Object Repository/Page_Chiragh - Register/input_Last Name_userlastName'

2020-10-01 17:13:37 - [MESSAGE][PASSED] - Text 'White' is set on object 'Object Repository/Page_Chiragh - Register/input_Last Name_userlastName'

2020-10-01 17:13:37 - [TEST_STEP][PASSED] - com.sanitytest.com.Validation.isAlpha(lName): com.sanitytest.com.Validation.isAlpha is PASSED

2020-10-01 17:13:37 - [MESSAGE][PASSED] - com.sanitytest.com.Validation.isAlpha is PASSED

2020-10-01 17:13:37 - [TEST_STEP][PASSED] - delay(2): Delayed 2 second(s)

2020-10-01 17:13:39 - [MESSAGE][PASSED] - Delayed 2 second(s)

2020-10-01 17:13:39 - [TEST_STEP][PASSED] - number = number.randomNumber(): null

2020-10-01 17:13:39 - [TEST_STEP][PASSED] - setText(findTestObject("Page_Chiragh - Register/input_Email _userEmail"), "testbcm112" + number + "@getnada.com"): Text 'testbcm1121543548@getnada.com' is set on object 'Object Repository/Page_Chiragh - Register/input_Email _userEmail'

2020-10-01 17:13:40 - [MESSAGE][PASSED] - Text 'testbcm1121543548@getnada.com' is set on object 'Object Repository/Page_Chiragh - Register/input_Email _userEmail'

2020-10-01 17:13:40 - [TEST_STEP][PASSED] - delay(2): Delayed 2 second(s)

2020-10-01 17:13:42 - [MESSAGE][PASSED] - Delayed 2 second(s)

2020-10-01 17:13:42 - [TEST_STEP][PASSED] - setText(findTestObject("Page_Chiragh - Register/input_Password_userPassword"), "A123456s@"): Text 'A123456s@' is set on object 'Object Repository/Page_Chiragh - Register/input_Password_userPassword'

2020-10-01 17:13:43 - [MESSAGE][PASSED] - Text 'A123456s@' is set on object 'Object Repository/Page_Chiragh - Register/input_Password_userPassword'

2020-10-01 17:13:43 - [TEST_STEP][PASSED] - delay(7): Delayed 7 second(s)

2020-10-01 17:13:50 - [MESSAGE][PASSED] - Delayed 7 second(s)

2020-10-01 17:13:50 - [TEST_STEP][PASSED] - setText(findTestObject("Page_Chiragh - Register/input_Confirm Password_userConfirmPassword"), "A123456s@"): Text 'A123456s@' is set on object 'Object Repository/Page_Chiragh - Register/input_Confirm Password_userConfirmPassword'

2020-10-01 17:13:51 - [MESSAGE][PASSED] - Text 'A123456s@' is set on object 'Object Repository/Page_Chiragh - Register/input_Confirm Password_userConfirmPassword'

2020-10-01 17:13:51 - [TEST_STEP][PASSED] - delay(2): Delayed 2 second(s)

2020-10-01 17:13:53 - [MESSAGE][PASSED] - Delayed 2 second(s)

2020-10-01 17:13:53 - [TEST_STEP][PASSED] - click(findTestObject("Page_Chiragh - Register/button_Next")): Object: 'Object Repository/Page_Chiragh - Register/button_Next' is clicked on

2020-10-01 17:13:53 - [MESSAGE][PASSED] - Object: 'Object Repository/Page_Chiragh - Register/button_Next' is clicked on

2020-10-01 17:13:53 - [TEST_STEP][PASSED] - waitForPageLoad(4): Wait for page load successfully

2020-10-01 17:13:53 - [MESSAGE][PASSED] - Wait for page load successfully

2020-10-01 17:13:53 - [TEST_STEP][PASSED] - click(findTestObject("Page_Chiragh - Register/button_Register")): Object: 'Object Repository/Page_Chiragh - Register/button_Register' is clicked on

2020-10-01 17:13:54 - [MESSAGE][PASSED] - Object: 'Object Repository/Page_Chiragh - Register/button_Register' is clicked on

2020-10-01 17:13:54 - [TEST_STEP][PASSED] - delay(3): Delayed 3 second(s)

2020-10-01 17:13:57 - [MESSAGE][PASSED] - Delayed 3 second(s)

2020-10-01 17:13:57 - [TEST_STEP][PASSED] - scrollToElement(findTestObject("Sanity Test/registration/object3/Page_Chiragh - Register/h1_Welcome yuere iyeyrie"), 2): Scroll to object 'Object Repository/Sanity Test/registration/object3/Page_Chiragh - Register/h1_Welcome yuere iyeyrie' successfully

2020-10-01 17:13:57 - [MESSAGE][PASSED] - Scroll to object 'Object Repository/Sanity Test/registration/object3/Page_Chiragh - Register/h1_Welcome yuere iyeyrie' successfully

2020-10-01 17:13:57 - [TEST_STEP][PASSED] - delay(5): Delayed 5 second(s)

2020-10-01 17:14:02 - [MESSAGE][PASSED] - Delayed 5 second(s)

2020-10-01 17:14:02 - [TEST_STEP][PASSED] - click(findTestObject("Sanity Test/registration/Date/Page_Chiragh - Register/input_Date of Birth_dob")): Object: 'Object Repository/Sanity Test/registration/Date/Page_Chiragh - Register/input_Date of Birth_dob' is clicked on

2020-10-01 17:14:03 - [MESSAGE][PASSED] - Object: 'Object Repository/Sanity Test/registration/Date/Page_Chiragh - Register/input_Date of Birth_dob' is clicked on

2020-10-01 17:14:03 - [TEST_STEP][PASSED] - click(findTestObject("Sanity Test/registration/birth/Page_Chiragh - Register/span_May 2020")): Object: 'Object Repository/Sanity Test/registration/birth/Page_Chiragh - Register/span_May 2020' is clicked on

2020-10-01 17:14:03 - [MESSAGE][PASSED] - Object: 'Object Repository/Sanity Test/registration/birth/Page_Chiragh - Register/span_May 2020' is clicked on

2020-10-01 17:14:03 - [TEST_STEP][PASSED] - click(findTestObject("Sanity Test/registration/Date/Page_Chiragh - Register/span_2016")): Object: 'Object Repository/Sanity Test/registration/Date/Page_Chiragh - Register/span_2016' is clicked on

2020-10-01 17:14:04 - [MESSAGE][PASSED] - Object: 'Object Repository/Sanity Test/registration/Date/Page_Chiragh - Register/span_2016' is clicked on

2020-10-01 17:14:04 - [TEST_STEP][PASSED] - click(findTestObject("Sanity Test/registration/Date/Page_Chiragh - Register/span_May")): Object: 'Object Repository/Sanity Test/registration/Date/Page_Chiragh - Register/span_May' is clicked on

2020-10-01 17:14:05 - [MESSAGE][PASSED] - Object: 'Object Repository/Sanity Test/registration/Date/Page_Chiragh - Register/span_May' is clicked on

2020-10-01 17:14:05 - [TEST_STEP][PASSED] - click(findTestObject("Sanity Test/registration/Date/Page_Chiragh - Register/span_4")): Object: 'Object Repository/Sanity Test/registration/Date/Page_Chiragh - Register/span_4' is clicked on

2020-10-01 17:14:05 - [MESSAGE][PASSED] - Object: 'Object Repository/Sanity Test/registration/Date/Page_Chiragh - Register/span_4' is clicked on

2020-10-01 17:14:05 - [TEST_STEP][PASSED] - delay(2): Delayed 2 second(s)

2020-10-01 17:14:07 - [MESSAGE][PASSED] - Delayed 2 second(s)

2020-10-01 17:14:07 - [TEST_STEP][PASSED] - setText(findTestObject("Page_Chiragh - Register/Nationality"), "Pakis"): Text 'Pakis' is set on object 'Object Repository/Page_Chiragh - Register/Nationality'

2020-10-01 17:14:08 - [MESSAGE][PASSED] - Text 'Pakis' is set on object 'Object Repository/Page_Chiragh - Register/Nationality'

2020-10-01 17:14:08 - [TEST_STEP][PASSED] - click(findTestObject("Page_Chiragh - Register/ng-dropdown-panel_Pakistani")): Object: 'Object Repository/Page_Chiragh - Register/ng-dropdown-panel_Pakistani' is clicked on

2020-10-01 17:14:09 - [MESSAGE][PASSED] - Object: 'Object Repository/Page_Chiragh - Register/ng-dropdown-panel_Pakistani' is clicked on

2020-10-01 17:14:09 - [TEST_STEP][PASSED] - Useraddress = address.fullAddress(): null

2020-10-01 17:14:09 - [TEST_STEP][PASSED] - setText(findTestObject("Page_Chiragh - Register/input_Complete address _address"), Useraddress): Text '131 Stuart Village, West Luna, WI 96961-9801' is set on object 'Object Repository/Page_Chiragh - Register/input_Complete address _address'

2020-10-01 17:14:10 - [MESSAGE][PASSED] - Text '131 Stuart Village, West Luna, WI 96961-9801' is set on object 'Object Repository/Page_Chiragh - Register/input_Complete address _address'

2020-10-01 17:14:10 - [TEST_STEP][PASSED] - delay(2): Delayed 2 second(s)

2020-10-01 17:14:12 - [MESSAGE][PASSED] - Delayed 2 second(s)

2020-10-01 17:14:12 - [TEST_STEP][PASSED] - PObox = address.zipCode(): null

2020-10-01 17:14:12 - [TEST_STEP][PASSED] - setText(findTestObject("Page_Chiragh - Register/input_POBox_poBox"), PObox): Text '47803' is set on object 'Object Repository/Page_Chiragh - Register/input_POBox_poBox'

2020-10-01 17:14:12 - [MESSAGE][PASSED] - Text '47803' is set on object 'Object Repository/Page_Chiragh - Register/input_POBox_poBox'

2020-10-01 17:14:12 - [TEST_STEP][PASSED] - setText(findTestObject("Page_Chiragh - Register/Country"), "Pakis"): Text 'Pakis' is set on object 'Object Repository/Page_Chiragh - Register/Country'

2020-10-01 17:14:13 - [MESSAGE][PASSED] - Text 'Pakis' is set on object 'Object Repository/Page_Chiragh - Register/Country'

2020-10-01 17:14:13 - [TEST_STEP][PASSED] - click(findTestObject("Page_Chiragh - Register/span_Pakistan")): Object: 'Object Repository/Page_Chiragh - Register/span_Pakistan' is clicked on

2020-10-01 17:14:14 - [MESSAGE][PASSED] - Object: 'Object Repository/Page_Chiragh - Register/span_Pakistan' is clicked on

2020-10-01 17:14:14 - [TEST_STEP][PASSED] - delay(5): Delayed 5 second(s)

2020-10-01 17:14:19 - [MESSAGE][PASSED] - Delayed 5 second(s)

2020-10-01 17:14:19 - [TEST_STEP][PASSED] - setText(findTestObject("Page_Chiragh - Register/City"), "Lahor"): Text 'Lahor' is set on object 'Object Repository/Page_Chiragh - Register/City'

2020-10-01 17:14:20 - [MESSAGE][PASSED] - Text 'Lahor' is set on object 'Object Repository/Page_Chiragh - Register/City'

2020-10-01 17:14:20 - [TEST_STEP][PASSED] - click(findTestObject("Page_Chiragh - Register/span_Lahore")): Object: 'Object Repository/Page_Chiragh - Register/span_Lahore' is clicked on

2020-10-01 17:14:20 - [MESSAGE][PASSED] - Object: 'Object Repository/Page_Chiragh - Register/span_Lahore' is clicked on

2020-10-01 17:14:20 - [TEST_STEP][PASSED] - delay(2): Delayed 2 second(s)

2020-10-01 17:14:22 - [MESSAGE][PASSED] - Delayed 2 second(s)

2020-10-01 17:14:22 - [TEST_STEP][PASSED] - setText(findTestObject("Page_Chiragh - Register/input_Identification Type_ng-star-inserted"), "National"): Text 'National' is set on object 'Object Repository/Page_Chiragh - Register/input_Identification Type_ng-star-inserted'

2020-10-01 17:14:23 - [MESSAGE][PASSED] - Text 'National' is set on object 'Object Repository/Page_Chiragh - Register/input_Identification Type_ng-star-inserted'

2020-10-01 17:14:23 - [TEST_STEP][PASSED] - delay(1): Delayed 1 second(s)

2020-10-01 17:14:24 - [MESSAGE][PASSED] - Delayed 1 second(s)

2020-10-01 17:14:24 - [TEST_STEP][PASSED] - click(findTestObject("Page_Chiragh - Register/span_National ID")): Object: 'Object Repository/Page_Chiragh - Register/span_National ID' is clicked on

2020-10-01 17:14:24 - [MESSAGE][PASSED] - Object: 'Object Repository/Page_Chiragh - Register/span_National ID' is clicked on

2020-10-01 17:14:24 - [TEST_STEP][PASSED] - IdCardNumber = number().digits(10): null

2020-10-01 17:14:24 - [TEST_STEP][PASSED] - setText(findTestObject("Page_Chiragh - Register/input_ID Number_idCardNo"), IdCardNumber): Text '5616771016' is set on object 'Object Repository/Page_Chiragh - Register/input_ID Number_idCardNo'

2020-10-01 17:14:25 - [MESSAGE][PASSED] - Text '5616771016' is set on object 'Object Repository/Page_Chiragh - Register/input_ID Number_idCardNo'

2020-10-01 17:14:25 - [TEST_STEP][PASSED] - click(findTestObject("Page_Chiragh - Register/input_ID Expiry Date_idExpiryDate")): Object: 'Object Repository/Page_Chiragh - Register/input_ID Expiry Date_idExpiryDate' is clicked on

2020-10-01 17:14:26 - [MESSAGE][PASSED] - Object: 'Object Repository/Page_Chiragh - Register/input_ID Expiry Date_idExpiryDate' is clicked on

2020-10-01 17:14:26 - [TEST_STEP][PASSED] - click(findTestObject("Page_Chiragh - Register/span_Apr 2020")): Object: 'Object Repository/Page_Chiragh - Register/span_Apr 2020' is clicked on

2020-10-01 17:14:26 - [MESSAGE][PASSED] - Object: 'Object Repository/Page_Chiragh - Register/span_Apr 2020' is clicked on

2020-10-01 17:14:26 - [TEST_STEP][PASSED] - click(findTestObject("Page_Chiragh - Register/span_2021")): Object: 'Object Repository/Page_Chiragh - Register/span_2021' is clicked on

2020-10-01 17:14:27 - [MESSAGE][PASSED] - Object: 'Object Repository/Page_Chiragh - Register/span_2021' is clicked on

2020-10-01 17:14:27 - [TEST_STEP][PASSED] - click(findTestObject("Page_Chiragh - Register/span_Jan")): Object: 'Object Repository/Page_Chiragh - Register/span_Jan' is clicked on

2020-10-01 17:14:28 - [MESSAGE][PASSED] - Object: 'Object Repository/Page_Chiragh - Register/span_Jan' is clicked on

2020-10-01 17:14:28 - [TEST_STEP][PASSED] - click(findTestObject("Page_Chiragh - Register/Jan1")): Object: 'Object Repository/Page_Chiragh - Register/Jan1' is clicked on

2020-10-01 17:14:28 - [MESSAGE][PASSED] - Object: 'Object Repository/Page_Chiragh - Register/Jan1' is clicked on

2020-10-01 17:14:28 - [TEST_STEP][PASSED] - delay(2): Delayed 2 second(s)

2020-10-01 17:14:30 - [MESSAGE][PASSED] - Delayed 2 second(s)

2020-10-01 17:14:30 - [TEST_STEP][PASSED] - setText(findTestObject("Page_Chiragh - Register/input_Country Code_ng-star-inserted"), "Pakis"): Text 'Pakis' is set on object 'Object Repository/Page_Chiragh - Register/input_Country Code_ng-star-inserted'

2020-10-01 17:14:31 - [MESSAGE][PASSED] - Text 'Pakis' is set on object 'Object Repository/Page_Chiragh - Register/input_Country Code_ng-star-inserted'

2020-10-01 17:14:31 - [TEST_STEP][PASSED] - click(findTestObject("Page_Chiragh - Register/span_(92) Pakistan")): Object: 'Object Repository/Page_Chiragh - Register/span_(92) Pakistan' is clicked on

2020-10-01 17:14:31 - [MESSAGE][PASSED] - Object: 'Object Repository/Page_Chiragh - Register/span_(92) Pakistan' is clicked on

2020-10-01 17:14:31 - [TEST_STEP][PASSED] - setText(findTestObject("Page_Chiragh - Register/input_Mobile Number _mobileNo"), "03451200042"): Text '03451200042' is set on object 'Object Repository/Page_Chiragh - Register/input_Mobile Number _mobileNo'

2020-10-01 17:14:32 - [MESSAGE][PASSED] - Text '03451200042' is set on object 'Object Repository/Page_Chiragh - Register/input_Mobile Number _mobileNo'

2020-10-01 17:14:32 - [TEST_STEP][PASSED] - click(findTestObject("Page_Chiragh - Register/input_Phone Number_terms")): Object: 'Object Repository/Page_Chiragh - Register/input_Phone Number_terms' is clicked on

2020-10-01 17:14:33 - [MESSAGE][PASSED] - Object: 'Object Repository/Page_Chiragh - Register/input_Phone Number_terms' is clicked on

2020-10-01 17:14:33 - [TEST_STEP][PASSED] - delay(2): Delayed 2 second(s)

2020-10-01 17:14:35 - [MESSAGE][PASSED] - Delayed 2 second(s)

2020-10-01 17:14:35 - [TEST_STEP][PASSED] - click(findTestObject("Page_Chiragh - Register/button_Register")): Object: 'Object Repository/Page_Chiragh - Register/button_Register' is clicked on

2020-10-01 17:14:35 - [MESSAGE][PASSED] - Object: 'Object Repository/Page_Chiragh - Register/button_Register' is clicked on

2020-10-01 17:14:35 - [TEST_STEP][PASSED] - delay(2): Delayed 2 second(s)

2020-10-01 17:14:37 - [MESSAGE][PASSED] - Delayed 2 second(s)

2020-10-01 17:14:37 - [TEST_STEP][PASSED] - click(findTestObject("Page_Chiragh - Register/button_Proceed")): Object: 'Object Repository/Page_Chiragh - Register/button_Proceed' is clicked on

2020-10-01 17:14:38 - [MESSAGE][PASSED] - Object: 'Object Repository/Page_Chiragh - Register/button_Proceed' is clicked on

2020-10-01 17:14:38 - [TEST_STEP][PASSED] - delay(5): Delayed 5 second(s)

2020-10-01 17:14:43 - [MESSAGE][PASSED] - Delayed 5 second(s)

2020-10-01 17:14:43 - [TEST_STEP][PASSED] - emailAccount = "testbcm112" + number: null

2020-10-01 17:14:43 - [TEST_STEP][PASSED] - com.sanitytest.com.registration.accountActivation(emailAccount): com.sanitytest.com.registration.accountActivation is PASSED

2020-10-01 17:14:46 - [MESSAGE][PASSED] - Navigate to 'https://getnada.com/' successfully

2020-10-01 17:14:49 - [MESSAGE][PASSED] - Delayed 3 second(s)

2020-10-01 17:14:51 - [MESSAGE][PASSED] - Object: 'Object Repository/Front End Objects/ForgetPassword/Page_Nada - temp mail - fast and free/nav_Temp InboxeslelukgetnadacomAdd Inbox' is clicked on

2020-10-01 17:14:51 - [MESSAGE][PASSED] - Object: 'Object Repository/Front End Objects/ForgetPassword/Page_Nada - temp mail - fast and free/span_Add Inbox' is clicked on

2020-10-01 17:14:52 - [MESSAGE][PASSED] - Object: 'Object Repository/Front End Objects/ForgetPassword/Page_Nada - temp mail - fast and free/input_Add Inbox_user_name' is double clicked on

2020-10-01 17:14:52 - [MESSAGE][PASSED] - Text 'testbcm1121543548' is set on object 'Object Repository/Front End Objects/ForgetPassword/Page_Nada - temp mail - fast and free/input_Add Inbox_user_name'

2020-10-01 17:14:53 - [MESSAGE][PASSED] - Object: 'Object Repository/Front End Objects/ForgetPassword/Page_Nada - temp mail - fast and free/a_Accept' is clicked on

2020-10-01 17:14:54 - [MESSAGE][PASSED] - Object: 'Object Repository/Front End Objects/ForgetPassword/Page_Nada - temp mail - fast and free/div_Chiragh Reset Password At Mon Apr 06 07_2f7f77' is clicked on

2020-10-01 17:14:54 - [MESSAGE][PASSED] - Switched to window with title: 'Nada - temp mail - fast and free'

2020-10-01 17:14:58 - [MESSAGE][PASSED] - Object: 'Object Repository/Sanity Test/registrationObject/Page_Nada - temp mail - fast and free/a_httptestchiraghcomactivateAccount06768942e6aac26f6c5a2df859a8d9294732' is clicked on

2020-10-01 17:15:01 - [MESSAGE][PASSED] - Switched to window with title: 'Chiragh - Login'

2020-10-01 17:15:02 - [MESSAGE][PASSED] - Delayed 1 second(s)

2020-10-01 17:15:02 - [MESSAGE][PASSED] - Switched to window with index: '1'

2020-10-01 17:15:04 - [MESSAGE][PASSED] - Delayed 2 second(s)

2020-10-01 17:15:04 - [MESSAGE][PASSED] - com.sanitytest.com.registration.accountActivation is PASSED

2020-10-01 17:15:04 - [TEST_STEP][PASSED] - delay(1): Delayed 1 second(s)

2020-10-01 17:15:05 - [MESSAGE][PASSED] - Delayed 1 second(s)

2020-10-01 17:15:05 - [TEST_STEP][PASSED] - executeJavaScript("window.open();", []): Execute JavaScript 'window.open();' successfully

2020-10-01 17:15:05 - [MESSAGE][PASSED] - Execute JavaScript 'window.open();' successfully

2020-10-01 17:15:05 - [TEST_STEP][PASSED] - currentWindow = getWindowIndex(): Current window's index is: 1

2020-10-01 17:15:05 - [MESSAGE][PASSED] - Current window's index is: 1

2020-10-01 17:15:05 - [TEST_STEP][PASSED] - switchToWindowIndex(currentWindow + 1): Switched to window with index: '2'

2020-10-01 17:15:05 - [MESSAGE][PASSED] - Switched to window with index: '2'

2020-10-01 17:15:05 - [TEST_STEP][PASSED] - com.chiragh.com.ChiraghOTP.generateOtp("registration", "1", otpNo): com.chiragh.com.ChiraghOTP.generateOtp is PASSED

2020-10-01 17:15:08 - [MESSAGE][PASSED] - Navigate to 'http://test.chiragh.com/test-login' successfully

2020-10-01 17:15:08 - [MESSAGE][PASSED] - Wait for page load successfully

2020-10-01 17:15:10 - [MESSAGE][PASSED] - Text 'testbcm11%2bac@gmail.com' is set on object 'Object Repository/CreateOTPLoginPage/Page_/input_Username_un'

2020-10-01 17:15:11 - [MESSAGE][PASSED] - Text '1234567890' is set on object 'Object Repository/CreateOTPLoginPage/Page_/input_Password_userPassword'

2020-10-01 17:15:11 - [MESSAGE][PASSED] - Object: 'Object Repository/CreateOTPLoginPage/Page_/button_Log In' is clicked on

2020-10-01 17:15:26 - [MESSAGE][PASSED] - Delayed 15 second(s)

2020-10-01 17:15:27 - [MESSAGE][PASSED] - Text 'registration' is set on object 'Object Repository/OTP_Creation/Page_/input_Transaction Type_un'

2020-10-01 17:15:28 - [MESSAGE][PASSED] - Text '1' is set on object 'Object Repository/CreateOTPLoginPage/Page_/input_Password_userPassword'

2020-10-01 17:15:29 - [MESSAGE][PASSED] - Text '1234' is set on object 'Object Repository/OTP_Creation/Page_/input_OTP_Create'

2020-10-01 17:15:31 - [MESSAGE][PASSED] - Delayed 2 second(s)

2020-10-01 17:15:31 - [MESSAGE][PASSED] - Object: 'Object Repository/CreateOTPLoginPage/Page_/button_Proceed' is clicked on

2020-10-01 17:15:34 - [MESSAGE][PASSED] - Delayed 3 second(s)

2020-10-01 17:15:34 - [MESSAGE][PASSED] - com.chiragh.com.ChiraghOTP.generateOtp is PASSED

2020-10-01 17:15:34 - [TEST_STEP][PASSED] - switchToWindowIndex(currentWindow): Switched to window with index: '1'

2020-10-01 17:15:34 - [MESSAGE][PASSED] - Switched to window with index: '1'

2020-10-01 17:15:34 - [TEST_STEP][PASSED] - delay(5): Delayed 5 second(s)

2020-10-01 17:15:39 - [MESSAGE][PASSED] - Delayed 5 second(s)

2020-10-01 17:15:39 - [TEST_STEP][PASSED] - setText(findTestObject("Object Repository/Sanity Test/registrationObject2/Page_Chiragh - Login/input_Enter Mobile OTP_otpValue1"), "1"): Text '1' is set on object 'Object Repository/Sanity Test/registrationObject2/Page_Chiragh - Login/input_Enter Mobile OTP_otpValue1'

2020-10-01 17:15:40 - [MESSAGE][PASSED] - Text '1' is set on object 'Object Repository/Sanity Test/registrationObject2/Page_Chiragh - Login/input_Enter Mobile OTP_otpValue1'

2020-10-01 17:15:40 - [TEST_STEP][PASSED] - setText(findTestObject("Object Repository/Sanity Test/registrationObject2/Page_Chiragh - Login/input_Enter Mobile OTP_otpValue2"), "2"): Text '2' is set on object 'Object Repository/Sanity Test/registrationObject2/Page_Chiragh - Login/input_Enter Mobile OTP_otpValue2'

2020-10-01 17:15:40 - [MESSAGE][PASSED] - Text '2' is set on object 'Object Repository/Sanity Test/registrationObject2/Page_Chiragh - Login/input_Enter Mobile OTP_otpValue2'

2020-10-01 17:15:40 - [TEST_STEP][PASSED] - setText(findTestObject("Object Repository/Sanity Test/registrationObject2/Page_Chiragh - Login/input_Enter Mobile OTP_otpValue3"), "3"): Text '3' is set on object 'Object Repository/Sanity Test/registrationObject2/Page_Chiragh - Login/input_Enter Mobile OTP_otpValue3'

2020-10-01 17:15:41 - [MESSAGE][PASSED] - Text '3' is set on object 'Object Repository/Sanity Test/registrationObject2/Page_Chiragh - Login/input_Enter Mobile OTP_otpValue3'

2020-10-01 17:15:41 - [TEST_STEP][PASSED] - setText(findTestObject("Object Repository/Sanity Test/registrationObject2/Page_Chiragh - Login/input_Enter Mobile OTP_otpValue4"), "4"): Text '4' is set on object 'Object Repository/Sanity Test/registrationObject2/Page_Chiragh - Login/input_Enter Mobile OTP_otpValue4'

2020-10-01 17:15:42 - [MESSAGE][PASSED] - Text '4' is set on object 'Object Repository/Sanity Test/registrationObject2/Page_Chiragh - Login/input_Enter Mobile OTP_otpValue4'

2020-10-01 17:15:42 - [TEST_STEP][PASSED] - delay(2): Delayed 2 second(s)

2020-10-01 17:15:44 - [MESSAGE][PASSED] - Delayed 2 second(s)

2020-10-01 17:15:44 - [TEST_STEP][PASSED] - click(findTestObject("Object Repository/Sanity Test/registrationObject2/Page_Chiragh - Login/button_Done")): Object: 'Object Repository/Sanity Test/registrationObject2/Page_Chiragh - Login/button_Done' is clicked on

2020-10-01 17:15:44 - [MESSAGE][PASSED] - Object: 'Object Repository/Sanity Test/registrationObject2/Page_Chiragh - Login/button_Done' is clicked on

2020-10-01 17:15:44 - [TEST_STEP][PASSED] - delay(5): Delayed 5 second(s)

2020-10-01 17:15:49 - [MESSAGE][PASSED] - Delayed 5 second(s)

2020-10-01 17:15:49 - [TEST_STEP][FAILED] - verifyElementText(findTestObject("Page_Chiragh - Registration Confirmation/h1_Thank You  for Registering on Chiragh"), "Thank You"): Verify element text of test object 'Object Repository/Page_Chiragh - Registration Confirmation/h1_Thank You  for Registering on Chiragh' FAILED. (Root cause: com.kms.katalon.core.exception.StepFailedException: Verify element text of test object 'Object Repository/Page_Chiragh - Registration Confirmation/h1_Thank You  for Registering on Chiragh' FAILED.
	at com.kms.katalon.core.webui.keyword.internal.WebUIKeywordMain.stepFailed(WebUIKeywordMain.groovy:64)
	at com.kms.katalon.core.webui.keyword.internal.WebUIKeywordMain.runKeyword(WebUIKeywordMain.groovy:26)
	at com.kms.katalon.core.webui.keyword.builtin.VerifyElementTextKeyword.verifyElementText(VerifyElementTextKeyword.groovy:72)
	at com.kms.katalon.core.webui.keyword.builtin.VerifyElementTextKeyword.execute(VerifyElementTextKeyword.groovy:40)
	at com.kms.katalon.core.keyword.internal.KeywordExecutor.executeKeywordForPlatform(KeywordExecutor.groovy:73)
	at com.kms.katalon.core.webui.keyword.WebUiBuiltInKeywords.verifyElementText(WebUiBuiltInKeywords.groovy:4120)
	at com.kms.katalon.core.webui.keyword.WebUiBuiltInKeywords$verifyElementText$16.call(Unknown Source)
	at TC_Registration.run(TC_Registration:259)
	at com.kms.katalon.core.main.ScriptEngine.run(ScriptEngine.java:194)
	at com.kms.katalon.core.main.ScriptEngine.runScriptAsRawText(ScriptEngine.java:119)
	at com.kms.katalon.core.main.TestCaseExecutor.runScript(TestCaseExecutor.java:339)
	at com.kms.katalon.core.main.TestCaseExecutor.doExecute(TestCaseExecutor.java:330)
	at com.kms.katalon.core.main.TestCaseExecutor.processExecutionPhase(TestCaseExecutor.java:309)
	at com.kms.katalon.core.main.TestCaseExecutor.accessMainPhase(TestCaseExecutor.java:301)
	at com.kms.katalon.core.main.TestCaseExecutor.execute(TestCaseExecutor.java:235)
	at com.kms.katalon.core.main.TestSuiteExecutor.accessTestCaseMainPhase(TestSuiteExecutor.java:191)
	at com.kms.katalon.core.main.TestSuiteExecutor.accessTestSuiteMainPhase(TestSuiteExecutor.java:141)
	at com.kms.katalon.core.main.TestSuiteExecutor.execute(TestSuiteExecutor.java:90)
	at com.kms.katalon.core.main.TestCaseMain.startTestSuite(TestCaseMain.java:157)
	at com.kms.katalon.core.main.TestCaseMain$startTestSuite$0.call(Unknown Source)
	at TempTestSuite1601553830097.run(TempTestSuite1601553830097.groovy:39)
Caused by: com.kms.katalon.core.exception.StepFailedException: Actual text 'Activate your Chiragh Account' and expected text 'Thank You' of test object 'Object Repository/Page_Chiragh - Registration Confirmation/h1_Thank You  for Registering on Chiragh' are NOT matched.
	at com.kms.katalon.core.webui.keyword.internal.WebUIKeywordMain.stepFailed(WebUIKeywordMain.groovy:64)
	at com.kms.katalon.core.webui.keyword.builtin.VerifyElementTextKeyword$_verifyElementText_closure1.doCall(VerifyElementTextKeyword.groovy:57)
	at com.kms.katalon.core.webui.keyword.builtin.VerifyElementTextKeyword$_verifyElementText_closure1.call(VerifyElementTextKeyword.groovy)
	at com.kms.katalon.core.webui.keyword.internal.WebUIKeywordMain.runKeyword(WebUIKeywordMain.groovy:20)
	... 19 more
)

2020-10-01 17:15:50 - [MESSAGE][FAILED] - Actual text 'Activate your Chiragh Account' and expected text 'Thank You' of test object 'Object Repository/Page_Chiragh - Registration Confirmation/h1_Thank You  for Registering on Chiragh' are NOT matched. (Root cause: com.kms.katalon.core.exception.StepFailedException: Actual text 'Activate your Chiragh Account' and expected text 'Thank You' of test object 'Object Repository/Page_Chiragh - Registration Confirmation/h1_Thank You  for Registering on Chiragh' are NOT matched.
	at com.kms.katalon.core.webui.keyword.internal.WebUIKeywordMain.stepFailed(WebUIKeywordMain.groovy:64)
	at com.kms.katalon.core.webui.keyword.builtin.VerifyElementTextKeyword$_verifyElementText_closure1.doCall(VerifyElementTextKeyword.groovy:57)
	at com.kms.katalon.core.webui.keyword.builtin.VerifyElementTextKeyword$_verifyElementText_closure1.call(VerifyElementTextKeyword.groovy)
	at com.kms.katalon.core.webui.keyword.internal.WebUIKeywordMain.runKeyword(WebUIKeywordMain.groovy:20)
	at com.kms.katalon.core.webui.keyword.builtin.VerifyElementTextKeyword.verifyElementText(VerifyElementTextKeyword.groovy:72)
	at com.kms.katalon.core.webui.keyword.builtin.VerifyElementTextKeyword.execute(VerifyElementTextKeyword.groovy:40)
	at com.kms.katalon.core.keyword.internal.KeywordExecutor.executeKeywordForPlatform(KeywordExecutor.groovy:73)
	at com.kms.katalon.core.webui.keyword.WebUiBuiltInKeywords.verifyElementText(WebUiBuiltInKeywords.groovy:4120)
	at com.kms.katalon.core.webui.keyword.WebUiBuiltInKeywords$verifyElementText$16.call(Unknown Source)
	at TC_Registration.run(TC_Registration:259)
	at com.kms.katalon.core.main.ScriptEngine.run(ScriptEngine.java:194)
	at com.kms.katalon.core.main.ScriptEngine.runScriptAsRawText(ScriptEngine.java:119)
	at com.kms.katalon.core.main.TestCaseExecutor.runScript(TestCaseExecutor.java:339)
	at com.kms.katalon.core.main.TestCaseExecutor.doExecute(TestCaseExecutor.java:330)
	at com.kms.katalon.core.main.TestCaseExecutor.processExecutionPhase(TestCaseExecutor.java:309)
	at com.kms.katalon.core.main.TestCaseExecutor.accessMainPhase(TestCaseExecutor.java:301)
	at com.kms.katalon.core.main.TestCaseExecutor.execute(TestCaseExecutor.java:235)
	at com.kms.katalon.core.main.TestSuiteExecutor.accessTestCaseMainPhase(TestSuiteExecutor.java:191)
	at com.kms.katalon.core.main.TestSuiteExecutor.accessTestSuiteMainPhase(TestSuiteExecutor.java:141)
	at com.kms.katalon.core.main.TestSuiteExecutor.execute(TestSuiteExecutor.java:90)
	at com.kms.katalon.core.main.TestCaseMain.startTestSuite(TestCaseMain.java:157)
	at com.kms.katalon.core.main.TestCaseMain$startTestSuite$0.call(Unknown Source)
	at TempTestSuite1601553830097.run(TempTestSuite1601553830097.groovy:39)
)
[[ATTACHMENT|C:\\Users\\hp\\git\\chiraghAdminPanel\\Reports\\20201001_170350\\SanityTests\\SanityTest\\20201001_170350\\1601554550144.png]]

2020-10-01 17:15:50 - [MESSAGE][FAILED] - Verify element text of test object 'Object Repository/Page_Chiragh - Registration Confirmation/h1_Thank You  for Registering on Chiragh' FAILED. (Root cause: com.kms.katalon.core.exception.StepFailedException: Verify element text of test object 'Object Repository/Page_Chiragh - Registration Confirmation/h1_Thank You  for Registering on Chiragh' FAILED.
	at com.kms.katalon.core.webui.keyword.internal.WebUIKeywordMain.stepFailed(WebUIKeywordMain.groovy:64)
	at com.kms.katalon.core.webui.keyword.internal.WebUIKeywordMain.runKeyword(WebUIKeywordMain.groovy:26)
	at com.kms.katalon.core.webui.keyword.builtin.VerifyElementTextKeyword.verifyElementText(VerifyElementTextKeyword.groovy:72)
	at com.kms.katalon.core.webui.keyword.builtin.VerifyElementTextKeyword.execute(VerifyElementTextKeyword.groovy:40)
	at com.kms.katalon.core.keyword.internal.KeywordExecutor.executeKeywordForPlatform(KeywordExecutor.groovy:73)
	at com.kms.katalon.core.webui.keyword.WebUiBuiltInKeywords.verifyElementText(WebUiBuiltInKeywords.groovy:4120)
	at com.kms.katalon.core.webui.keyword.WebUiBuiltInKeywords$verifyElementText$16.call(Unknown Source)
	at TC_Registration.run(TC_Registration:259)
	at com.kms.katalon.core.main.ScriptEngine.run(ScriptEngine.java:194)
	at com.kms.katalon.core.main.ScriptEngine.runScriptAsRawText(ScriptEngine.java:119)
	at com.kms.katalon.core.main.TestCaseExecutor.runScript(TestCaseExecutor.java:339)
	at com.kms.katalon.core.main.TestCaseExecutor.doExecute(TestCaseExecutor.java:330)
	at com.kms.katalon.core.main.TestCaseExecutor.processExecutionPhase(TestCaseExecutor.java:309)
	at com.kms.katalon.core.main.TestCaseExecutor.accessMainPhase(TestCaseExecutor.java:301)
	at com.kms.katalon.core.main.TestCaseExecutor.execute(TestCaseExecutor.java:235)
	at com.kms.katalon.core.main.TestSuiteExecutor.accessTestCaseMainPhase(TestSuiteExecutor.java:191)
	at com.kms.katalon.core.main.TestSuiteExecutor.accessTestSuiteMainPhase(TestSuiteExecutor.java:141)
	at com.kms.katalon.core.main.TestSuiteExecutor.execute(TestSuiteExecutor.java:90)
	at com.kms.katalon.core.main.TestCaseMain.startTestSuite(TestCaseMain.java:157)
	at com.kms.katalon.core.main.TestCaseMain$startTestSuite$0.call(Unknown Source)
	at TempTestSuite1601553830097.run(TempTestSuite1601553830097.groovy:39)
Caused by: com.kms.katalon.core.exception.StepFailedException: Actual text 'Activate your Chiragh Account' and expected text 'Thank You' of test object 'Object Repository/Page_Chiragh - Registration Confirmation/h1_Thank You  for Registering on Chiragh' are NOT matched.
	at com.kms.katalon.core.webui.keyword.internal.WebUIKeywordMain.stepFailed(WebUIKeywordMain.groovy:64)
	at com.kms.katalon.core.webui.keyword.builtin.VerifyElementTextKeyword$_verifyElementText_closure1.doCall(VerifyElementTextKeyword.groovy:57)
	at com.kms.katalon.core.webui.keyword.builtin.VerifyElementTextKeyword$_verifyElementText_closure1.call(VerifyElementTextKeyword.groovy)
	at com.kms.katalon.core.webui.keyword.internal.WebUIKeywordMain.runKeyword(WebUIKeywordMain.groovy:20)
	... 19 more
)
[[ATTACHMENT|C:\\Users\\hp\\git\\chiraghAdminPanel\\Reports\\20201001_170350\\SanityTests\\SanityTest\\20201001_170350\\1601554550453.png]]

2020-10-01 17:15:52 - [TEST_STEP][PASSED] - Video: Video recording for test case 'Test Cases/Sanity Tests/TC_Registration' .

2020-10-01 17:15:52 - [MESSAGE][INFO] - Video recording for test case 'Test Cases/Sanity Tests/TC_Registration' .
[[ATTACHMENT|C:\Users\hp\git\chiraghAdminPanel\Reports\20201001_170350\SanityTests\SanityTest\20201001_170350/videos\test_7.mov]]]]></system-out>
         <system-err><![CDATA[2020-10-01 17:12:37 - [TEST_CASE][FAILED] - Test Cases/Sanity Tests/TC_Registration: Test Cases/Sanity Tests/TC_Registration FAILED.
Reason:
com.kms.katalon.core.exception.StepFailedException: Verify element text of test object 'Object Repository/Page_Chiragh - Registration Confirmation/h1_Thank You  for Registering on Chiragh' FAILED.
	at com.kms.katalon.core.webui.keyword.internal.WebUIKeywordMain.stepFailed(WebUIKeywordMain.groovy:64)
	at com.kms.katalon.core.webui.keyword.internal.WebUIKeywordMain.runKeyword(WebUIKeywordMain.groovy:26)
	at com.kms.katalon.core.webui.keyword.builtin.VerifyElementTextKeyword.verifyElementText(VerifyElementTextKeyword.groovy:72)
	at com.kms.katalon.core.webui.keyword.builtin.VerifyElementTextKeyword.execute(VerifyElementTextKeyword.groovy:40)
	at com.kms.katalon.core.keyword.internal.KeywordExecutor.executeKeywordForPlatform(KeywordExecutor.groovy:73)
	at com.kms.katalon.core.webui.keyword.WebUiBuiltInKeywords.verifyElementText(WebUiBuiltInKeywords.groovy:4120)
	at com.kms.katalon.core.webui.keyword.WebUiBuiltInKeywords$verifyElementText$16.call(Unknown Source)
	at TC_Registration.run(TC_Registration:259)
	at com.kms.katalon.core.main.ScriptEngine.run(ScriptEngine.java:194)
	at com.kms.katalon.core.main.ScriptEngine.runScriptAsRawText(ScriptEngine.java:119)
	at com.kms.katalon.core.main.TestCaseExecutor.runScript(TestCaseExecutor.java:339)
	at com.kms.katalon.core.main.TestCaseExecutor.doExecute(TestCaseExecutor.java:330)
	at com.kms.katalon.core.main.TestCaseExecutor.processExecutionPhase(TestCaseExecutor.java:309)
	at com.kms.katalon.core.main.TestCaseExecutor.accessMainPhase(TestCaseExecutor.java:301)
	at com.kms.katalon.core.main.TestCaseExecutor.execute(TestCaseExecutor.java:235)
	at com.kms.katalon.core.main.TestSuiteExecutor.accessTestCaseMainPhase(TestSuiteExecutor.java:191)
	at com.kms.katalon.core.main.TestSuiteExecutor.accessTestSuiteMainPhase(TestSuiteExecutor.java:141)
	at com.kms.katalon.core.main.TestSuiteExecutor.execute(TestSuiteExecutor.java:90)
	at com.kms.katalon.core.main.TestCaseMain.startTestSuite(TestCaseMain.java:157)
	at com.kms.katalon.core.main.TestCaseMain$startTestSuite$0.call(Unknown Source)
	at TempTestSuite1601553830097.run(TempTestSuite1601553830097.groovy:39)
Caused by: com.kms.katalon.core.exception.StepFailedException: Actual text 'Activate your Chiragh Account' and expected text 'Thank You' of test object 'Object Repository/Page_Chiragh - Registration Confirmation/h1_Thank You  for Registering on Chiragh' are NOT matched.
	at com.kms.katalon.core.webui.keyword.internal.WebUIKeywordMain.stepFailed(WebUIKeywordMain.groovy:64)
	at com.kms.katalon.core.webui.keyword.builtin.VerifyElementTextKeyword$_verifyElementText_closure1.doCall(VerifyElementTextKeyword.groovy:57)
	at com.kms.katalon.core.webui.keyword.builtin.VerifyElementTextKeyword$_verifyElementText_closure1.call(VerifyElementTextKeyword.groovy)
	at com.kms.katalon.core.webui.keyword.internal.WebUIKeywordMain.runKeyword(WebUIKeywordMain.groovy:20)
	... 19 more]]></system-err>
      </testcase>
      <testcase name="Test Cases/Sanity Tests/Buy_PropertyOpenHouse_5" time="79.758" classname="Test Cases/Sanity Tests/Buy_PropertyOpenHouse_5" status="FAILED">
         <failure type="FAILED" message="Test Cases/Sanity Tests/Buy_PropertyOpenHouse_5 FAILED.
Reason:
com.kms.katalon.core.exception.StepFailedException: Unable to scroll to object 'Object Repository/Sanity Test/openHouseSample/Page_Chiragh - Home/h2_Current Auctions'
	at com.kms.katalon.core.webui.keyword.internal.WebUIKeywordMain.stepFailed(WebUIKeywordMain.groovy:64)
	at com.kms.katalon.core.webui.keyword.internal.WebUIKeywordMain.runKeyword(WebUIKeywordMain.groovy:26)
	at com.kms.katalon.core.webui.keyword.builtin.ScrollToElementKeyword.scrollToElement(ScrollToElementKeyword.groovy:88)
	at com.kms.katalon.core.webui.keyword.builtin.ScrollToElementKeyword.execute(ScrollToElementKeyword.groovy:68)
	at com.kms.katalon.core.keyword.internal.KeywordExecutor.executeKeywordForPlatform(KeywordExecutor.groovy:73)
	at com.kms.katalon.core.webui.keyword.WebUiBuiltInKeywords.scrollToElement(WebUiBuiltInKeywords.groovy:3432)
	at com.kms.katalon.core.webui.keyword.WebUiBuiltInKeywords$scrollToElement$6.call(Unknown Source)
	at Buy_PropertyOpenHouse_5.run(Buy_PropertyOpenHouse_5:45)
	at com.kms.katalon.core.main.ScriptEngine.run(ScriptEngine.java:194)
	at com.kms.katalon.core.main.ScriptEngine.runScriptAsRawText(ScriptEngine.java:119)
	at com.kms.katalon.core.main.TestCaseExecutor.runScript(TestCaseExecutor.java:339)
	at com.kms.katalon.core.main.TestCaseExecutor.doExecute(TestCaseExecutor.java:330)
	at com.kms.katalon.core.main.TestCaseExecutor.processExecutionPhase(TestCaseExecutor.java:309)
	at com.kms.katalon.core.main.TestCaseExecutor.accessMainPhase(TestCaseExecutor.java:301)
	at com.kms.katalon.core.main.TestCaseExecutor.execute(TestCaseExecutor.java:235)
	at com.kms.katalon.core.main.TestSuiteExecutor.accessTestCaseMainPhase(TestSuiteExecutor.java:191)
	at com.kms.katalon.core.main.TestSuiteExecutor.accessTestSuiteMainPhase(TestSuiteExecutor.java:141)
	at com.kms.katalon.core.main.TestSuiteExecutor.execute(TestSuiteExecutor.java:90)
	at com.kms.katalon.core.main.TestCaseMain.startTestSuite(TestCaseMain.java:157)
	at com.kms.katalon.core.main.TestCaseMain$startTestSuite$0.call(Unknown Source)
	at TempTestSuite1601553830097.run(TempTestSuite1601553830097.groovy:39)
Caused by: com.kms.katalon.core.webui.exception.WebElementNotFoundException: Web element with id: 'Object Repository/Sanity Test/openHouseSample/Page_Chiragh - Home/h2_Current Auctions' located by '(.//*[normalize-space(text()) and normalize-space(.)=concat('Dubai', &quot;'&quot;, 's Leading Online Real Estate Auction')])[1]/following::h2[1]' not found
	at com.kms.katalon.core.webui.common.WebUiCommonHelper.findWebElement(WebUiCommonHelper.java:1368)
	at com.kms.katalon.core.webui.keyword.internal.WebUIAbstractKeyword.findWebElement(WebUIAbstractKeyword.groovy:27)
	at com.kms.katalon.core.webui.keyword.internal.WebUIAbstractKeyword.findWebElement(WebUIAbstractKeyword.groovy:26)
	at com.kms.katalon.core.webui.keyword.builtin.ScrollToElementKeyword$_scrollToElement_closure1.doCall(ScrollToElementKeyword.groovy:79)
	at com.kms.katalon.core.webui.keyword.builtin.ScrollToElementKeyword$_scrollToElement_closure1.call(ScrollToElementKeyword.groovy)
	at com.kms.katalon.core.webui.keyword.internal.WebUIKeywordMain.runKeyword(WebUIKeywordMain.groovy:20)
	... 19 more
"/>
         <system-out><![CDATA[2020-10-01 17:15:52 - [TEST_CASE][FAILED] - Test Cases/Sanity Tests/Buy_PropertyOpenHouse_5: Test Cases/Sanity Tests/Buy_PropertyOpenHouse_5 FAILED.
Reason:
com.kms.katalon.core.exception.StepFailedException: Unable to scroll to object 'Object Repository/Sanity Test/openHouseSample/Page_Chiragh - Home/h2_Current Auctions'
	at com.kms.katalon.core.webui.keyword.internal.WebUIKeywordMain.stepFailed(WebUIKeywordMain.groovy:64)
	at com.kms.katalon.core.webui.keyword.internal.WebUIKeywordMain.runKeyword(WebUIKeywordMain.groovy:26)
	at com.kms.katalon.core.webui.keyword.builtin.ScrollToElementKeyword.scrollToElement(ScrollToElementKeyword.groovy:88)
	at com.kms.katalon.core.webui.keyword.builtin.ScrollToElementKeyword.execute(ScrollToElementKeyword.groovy:68)
	at com.kms.katalon.core.keyword.internal.KeywordExecutor.executeKeywordForPlatform(KeywordExecutor.groovy:73)
	at com.kms.katalon.core.webui.keyword.WebUiBuiltInKeywords.scrollToElement(WebUiBuiltInKeywords.groovy:3432)
	at com.kms.katalon.core.webui.keyword.WebUiBuiltInKeywords$scrollToElement$6.call(Unknown Source)
	at Buy_PropertyOpenHouse_5.run(Buy_PropertyOpenHouse_5:45)
	at com.kms.katalon.core.main.ScriptEngine.run(ScriptEngine.java:194)
	at com.kms.katalon.core.main.ScriptEngine.runScriptAsRawText(ScriptEngine.java:119)
	at com.kms.katalon.core.main.TestCaseExecutor.runScript(TestCaseExecutor.java:339)
	at com.kms.katalon.core.main.TestCaseExecutor.doExecute(TestCaseExecutor.java:330)
	at com.kms.katalon.core.main.TestCaseExecutor.processExecutionPhase(TestCaseExecutor.java:309)
	at com.kms.katalon.core.main.TestCaseExecutor.accessMainPhase(TestCaseExecutor.java:301)
	at com.kms.katalon.core.main.TestCaseExecutor.execute(TestCaseExecutor.java:235)
	at com.kms.katalon.core.main.TestSuiteExecutor.accessTestCaseMainPhase(TestSuiteExecutor.java:191)
	at com.kms.katalon.core.main.TestSuiteExecutor.accessTestSuiteMainPhase(TestSuiteExecutor.java:141)
	at com.kms.katalon.core.main.TestSuiteExecutor.execute(TestSuiteExecutor.java:90)
	at com.kms.katalon.core.main.TestCaseMain.startTestSuite(TestCaseMain.java:157)
	at com.kms.katalon.core.main.TestCaseMain$startTestSuite$0.call(Unknown Source)
	at TempTestSuite1601553830097.run(TempTestSuite1601553830097.groovy:39)
Caused by: com.kms.katalon.core.webui.exception.WebElementNotFoundException: Web element with id: 'Object Repository/Sanity Test/openHouseSample/Page_Chiragh - Home/h2_Current Auctions' located by '(.//*[normalize-space(text()) and normalize-space(.)=concat('Dubai', "'", 's Leading Online Real Estate Auction')])[1]/following::h2[1]' not found
	at com.kms.katalon.core.webui.common.WebUiCommonHelper.findWebElement(WebUiCommonHelper.java:1368)
	at com.kms.katalon.core.webui.keyword.internal.WebUIAbstractKeyword.findWebElement(WebUIAbstractKeyword.groovy:27)
	at com.kms.katalon.core.webui.keyword.internal.WebUIAbstractKeyword.findWebElement(WebUIAbstractKeyword.groovy:26)
	at com.kms.katalon.core.webui.keyword.builtin.ScrollToElementKeyword$_scrollToElement_closure1.doCall(ScrollToElementKeyword.groovy:79)
	at com.kms.katalon.core.webui.keyword.builtin.ScrollToElementKeyword$_scrollToElement_closure1.call(ScrollToElementKeyword.groovy)
	at com.kms.katalon.core.webui.keyword.internal.WebUIKeywordMain.runKeyword(WebUIKeywordMain.groovy:20)
	... 19 more


2020-10-01 17:15:53 - [TEST_STEP][PASSED] - openBrowser(""): Browser is opened with url: ''

2020-10-01 17:15:53 - [MESSAGE][WARNING] - A browser is already opened. Closing browser and opening a new one

2020-10-01 17:15:54 - [MESSAGE][INFO] - Starting 'Chrome' driver

2020-10-01 17:15:54 - [MESSAGE][INFO] - Action delay is set to 0 milliseconds

2020-10-01 17:15:58 - [MESSAGE][PASSED] - Browser is opened with url: ''

2020-10-01 17:15:58 - [TEST_STEP][PASSED] - navigateToUrl(Url): Navigate to 'http://chiragh:AeBcm%231t@test.chiragh.com' successfully

2020-10-01 17:16:16 - [MESSAGE][PASSED] - Navigate to 'http://chiragh:AeBcm%231t@test.chiragh.com' successfully

2020-10-01 17:16:16 - [TEST_STEP][PASSED] - waitForPageLoad(15): Wait for page load successfully

2020-10-01 17:16:24 - [MESSAGE][PASSED] - Wait for page load successfully

2020-10-01 17:16:24 - [TEST_STEP][PASSED] - maximizeWindow(): Current window maximized

2020-10-01 17:16:27 - [MESSAGE][PASSED] - Current window maximized

2020-10-01 17:16:27 - [TEST_STEP][PASSED] - delay(3): Delayed 3 second(s)

2020-10-01 17:16:30 - [MESSAGE][PASSED] - Delayed 3 second(s)

2020-10-01 17:16:30 - [TEST_STEP][PASSED] - click(findTestObject("Object Repository/Sanity Test/SellProperty/Page_Chiragh - Home/a_ENG_dropdownMenuLink")): Object: 'Object Repository/Sanity Test/SellProperty/Page_Chiragh - Home/a_ENG_dropdownMenuLink' is clicked on

2020-10-01 17:16:31 - [MESSAGE][PASSED] - Object: 'Object Repository/Sanity Test/SellProperty/Page_Chiragh - Home/a_ENG_dropdownMenuLink' is clicked on

2020-10-01 17:16:31 - [TEST_STEP][PASSED] - click(findTestObject("Object Repository/Sanity Test/SellProperty/Page_Chiragh - Home/a_Login")): Object: 'Object Repository/Sanity Test/SellProperty/Page_Chiragh - Home/a_Login' is clicked on

2020-10-01 17:16:32 - [MESSAGE][PASSED] - Object: 'Object Repository/Sanity Test/SellProperty/Page_Chiragh - Home/a_Login' is clicked on

2020-10-01 17:16:32 - [TEST_STEP][PASSED] - click(findTestObject("Object Repository/Sanity Test/SellProperty/Page_Chiragh - Login/input_Username_un")): Object: 'Object Repository/Sanity Test/SellProperty/Page_Chiragh - Login/input_Username_un' is clicked on

2020-10-01 17:16:33 - [MESSAGE][PASSED] - Object: 'Object Repository/Sanity Test/SellProperty/Page_Chiragh - Login/input_Username_un' is clicked on

2020-10-01 17:16:33 - [TEST_STEP][PASSED] - setText(findTestObject("Object Repository/Front End Objects/MyBankAccount(Create)/Page_Chiragh - Login/input_Username_un"), userName): Text 'testbcm11%2bac@gmail.com' is set on object 'Object Repository/Front End Objects/MyBankAccount(Create)/Page_Chiragh - Login/input_Username_un'

2020-10-01 17:16:34 - [MESSAGE][PASSED] - Text 'testbcm11%2bac@gmail.com' is set on object 'Object Repository/Front End Objects/MyBankAccount(Create)/Page_Chiragh - Login/input_Username_un'

2020-10-01 17:16:34 - [TEST_STEP][PASSED] - setEncryptedText(findTestObject("Object Repository/Sanity Test/SellProperty/Page_Chiragh - Login/input_Password_userPassword"), "RigbBhfdqOBDK95asqKeHw=="): Text ****** has been set on object 'Object Repository/Sanity Test/SellProperty/Page_Chiragh - Login/input_Password_userPassword'

2020-10-01 17:16:34 - [MESSAGE][PASSED] - Text ****** has been set on object 'Object Repository/Sanity Test/SellProperty/Page_Chiragh - Login/input_Password_userPassword'

2020-10-01 17:16:34 - [TEST_STEP][PASSED] - click(findTestObject("Object Repository/Sanity Test/SellProperty/Page_Chiragh - Login/button_Log In")): Object: 'Object Repository/Sanity Test/SellProperty/Page_Chiragh - Login/button_Log In' is clicked on

2020-10-01 17:16:35 - [MESSAGE][PASSED] - Object: 'Object Repository/Sanity Test/SellProperty/Page_Chiragh - Login/button_Log In' is clicked on

2020-10-01 17:16:35 - [TEST_STEP][PASSED] - delay(3): Delayed 3 second(s)

2020-10-01 17:16:38 - [MESSAGE][PASSED] - Delayed 3 second(s)

2020-10-01 17:16:38 - [TEST_STEP][FAILED] - scrollToElement(findTestObject("Object Repository/Sanity Test/openHouseSample/Page_Chiragh - Home/h2_Current Auctions"), 2): Unable to scroll to object 'Object Repository/Sanity Test/openHouseSample/Page_Chiragh - Home/h2_Current Auctions' (Root cause: com.kms.katalon.core.exception.StepFailedException: Unable to scroll to object 'Object Repository/Sanity Test/openHouseSample/Page_Chiragh - Home/h2_Current Auctions'
	at com.kms.katalon.core.webui.keyword.internal.WebUIKeywordMain.stepFailed(WebUIKeywordMain.groovy:64)
	at com.kms.katalon.core.webui.keyword.internal.WebUIKeywordMain.runKeyword(WebUIKeywordMain.groovy:26)
	at com.kms.katalon.core.webui.keyword.builtin.ScrollToElementKeyword.scrollToElement(ScrollToElementKeyword.groovy:88)
	at com.kms.katalon.core.webui.keyword.builtin.ScrollToElementKeyword.execute(ScrollToElementKeyword.groovy:68)
	at com.kms.katalon.core.keyword.internal.KeywordExecutor.executeKeywordForPlatform(KeywordExecutor.groovy:73)
	at com.kms.katalon.core.webui.keyword.WebUiBuiltInKeywords.scrollToElement(WebUiBuiltInKeywords.groovy:3432)
	at com.kms.katalon.core.webui.keyword.WebUiBuiltInKeywords$scrollToElement$6.call(Unknown Source)
	at Buy_PropertyOpenHouse_5.run(Buy_PropertyOpenHouse_5:45)
	at com.kms.katalon.core.main.ScriptEngine.run(ScriptEngine.java:194)
	at com.kms.katalon.core.main.ScriptEngine.runScriptAsRawText(ScriptEngine.java:119)
	at com.kms.katalon.core.main.TestCaseExecutor.runScript(TestCaseExecutor.java:339)
	at com.kms.katalon.core.main.TestCaseExecutor.doExecute(TestCaseExecutor.java:330)
	at com.kms.katalon.core.main.TestCaseExecutor.processExecutionPhase(TestCaseExecutor.java:309)
	at com.kms.katalon.core.main.TestCaseExecutor.accessMainPhase(TestCaseExecutor.java:301)
	at com.kms.katalon.core.main.TestCaseExecutor.execute(TestCaseExecutor.java:235)
	at com.kms.katalon.core.main.TestSuiteExecutor.accessTestCaseMainPhase(TestSuiteExecutor.java:191)
	at com.kms.katalon.core.main.TestSuiteExecutor.accessTestSuiteMainPhase(TestSuiteExecutor.java:141)
	at com.kms.katalon.core.main.TestSuiteExecutor.execute(TestSuiteExecutor.java:90)
	at com.kms.katalon.core.main.TestCaseMain.startTestSuite(TestCaseMain.java:157)
	at com.kms.katalon.core.main.TestCaseMain$startTestSuite$0.call(Unknown Source)
	at TempTestSuite1601553830097.run(TempTestSuite1601553830097.groovy:39)
Caused by: com.kms.katalon.core.webui.exception.WebElementNotFoundException: Web element with id: 'Object Repository/Sanity Test/openHouseSample/Page_Chiragh - Home/h2_Current Auctions' located by '(.//*[normalize-space(text()) and normalize-space(.)=concat('Dubai', "'", 's Leading Online Real Estate Auction')])[1]/following::h2[1]' not found
	at com.kms.katalon.core.webui.common.WebUiCommonHelper.findWebElement(WebUiCommonHelper.java:1368)
	at com.kms.katalon.core.webui.keyword.internal.WebUIAbstractKeyword.findWebElement(WebUIAbstractKeyword.groovy:27)
	at com.kms.katalon.core.webui.keyword.internal.WebUIAbstractKeyword.findWebElement(WebUIAbstractKeyword.groovy:26)
	at com.kms.katalon.core.webui.keyword.builtin.ScrollToElementKeyword$_scrollToElement_closure1.doCall(ScrollToElementKeyword.groovy:79)
	at com.kms.katalon.core.webui.keyword.builtin.ScrollToElementKeyword$_scrollToElement_closure1.call(ScrollToElementKeyword.groovy)
	at com.kms.katalon.core.webui.keyword.internal.WebUIKeywordMain.runKeyword(WebUIKeywordMain.groovy:20)
	at com.kms.katalon.core.webui.keyword.builtin.ScrollToElementKeyword.scrollToElement(ScrollToElementKeyword.groovy:88)
	at com.kms.katalon.core.webui.keyword.builtin.ScrollToElementKeyword.execute(ScrollToElementKeyword.groovy:68)
	at com.kms.katalon.core.keyword.internal.KeywordExecutor.executeKeywordForPlatform(KeywordExecutor.groovy:73)
	at com.kms.katalon.core.webui.keyword.WebUiBuiltInKeywords.scrollToElement(WebUiBuiltInKeywords.groovy:3432)
	at com.kms.katalon.core.webui.keyword.WebUiBuiltInKeywords$scrollToElement$6.call(Unknown Source)
	at Script1590988891144.run(Script1590988891144.groovy:45)
	... 13 more
)

2020-10-01 17:17:09 - [MESSAGE][INFO] - Unable to find the element located by 'By.xpath: (.//*[normalize-space(text()) and normalize-space(.)=concat('Dubai', "'", 's Leading Online Real Estate Auction')])[1]/following::h2[1]'. Please recheck the objects properties to make sure the desired element is located. 

2020-10-01 17:17:10 - [MESSAGE][FAILED] - Unable to scroll to object 'Object Repository/Sanity Test/openHouseSample/Page_Chiragh - Home/h2_Current Auctions' (Root cause: com.kms.katalon.core.exception.StepFailedException: Unable to scroll to object 'Object Repository/Sanity Test/openHouseSample/Page_Chiragh - Home/h2_Current Auctions'
	at com.kms.katalon.core.webui.keyword.internal.WebUIKeywordMain.stepFailed(WebUIKeywordMain.groovy:64)
	at com.kms.katalon.core.webui.keyword.internal.WebUIKeywordMain.runKeyword(WebUIKeywordMain.groovy:26)
	at com.kms.katalon.core.webui.keyword.builtin.ScrollToElementKeyword.scrollToElement(ScrollToElementKeyword.groovy:88)
	at com.kms.katalon.core.webui.keyword.builtin.ScrollToElementKeyword.execute(ScrollToElementKeyword.groovy:68)
	at com.kms.katalon.core.keyword.internal.KeywordExecutor.executeKeywordForPlatform(KeywordExecutor.groovy:73)
	at com.kms.katalon.core.webui.keyword.WebUiBuiltInKeywords.scrollToElement(WebUiBuiltInKeywords.groovy:3432)
	at com.kms.katalon.core.webui.keyword.WebUiBuiltInKeywords$scrollToElement$6.call(Unknown Source)
	at Buy_PropertyOpenHouse_5.run(Buy_PropertyOpenHouse_5:45)
	at com.kms.katalon.core.main.ScriptEngine.run(ScriptEngine.java:194)
	at com.kms.katalon.core.main.ScriptEngine.runScriptAsRawText(ScriptEngine.java:119)
	at com.kms.katalon.core.main.TestCaseExecutor.runScript(TestCaseExecutor.java:339)
	at com.kms.katalon.core.main.TestCaseExecutor.doExecute(TestCaseExecutor.java:330)
	at com.kms.katalon.core.main.TestCaseExecutor.processExecutionPhase(TestCaseExecutor.java:309)
	at com.kms.katalon.core.main.TestCaseExecutor.accessMainPhase(TestCaseExecutor.java:301)
	at com.kms.katalon.core.main.TestCaseExecutor.execute(TestCaseExecutor.java:235)
	at com.kms.katalon.core.main.TestSuiteExecutor.accessTestCaseMainPhase(TestSuiteExecutor.java:191)
	at com.kms.katalon.core.main.TestSuiteExecutor.accessTestSuiteMainPhase(TestSuiteExecutor.java:141)
	at com.kms.katalon.core.main.TestSuiteExecutor.execute(TestSuiteExecutor.java:90)
	at com.kms.katalon.core.main.TestCaseMain.startTestSuite(TestCaseMain.java:157)
	at com.kms.katalon.core.main.TestCaseMain$startTestSuite$0.call(Unknown Source)
	at TempTestSuite1601553830097.run(TempTestSuite1601553830097.groovy:39)
Caused by: com.kms.katalon.core.webui.exception.WebElementNotFoundException: Web element with id: 'Object Repository/Sanity Test/openHouseSample/Page_Chiragh - Home/h2_Current Auctions' located by '(.//*[normalize-space(text()) and normalize-space(.)=concat('Dubai', "'", 's Leading Online Real Estate Auction')])[1]/following::h2[1]' not found
	at com.kms.katalon.core.webui.common.WebUiCommonHelper.findWebElement(WebUiCommonHelper.java:1368)
	at com.kms.katalon.core.webui.keyword.internal.WebUIAbstractKeyword.findWebElement(WebUIAbstractKeyword.groovy:27)
	at com.kms.katalon.core.webui.keyword.internal.WebUIAbstractKeyword.findWebElement(WebUIAbstractKeyword.groovy:26)
	at com.kms.katalon.core.webui.keyword.builtin.ScrollToElementKeyword$_scrollToElement_closure1.doCall(ScrollToElementKeyword.groovy:79)
	at com.kms.katalon.core.webui.keyword.builtin.ScrollToElementKeyword$_scrollToElement_closure1.call(ScrollToElementKeyword.groovy)
	at com.kms.katalon.core.webui.keyword.internal.WebUIKeywordMain.runKeyword(WebUIKeywordMain.groovy:20)
	at com.kms.katalon.core.webui.keyword.builtin.ScrollToElementKeyword.scrollToElement(ScrollToElementKeyword.groovy:88)
	at com.kms.katalon.core.webui.keyword.builtin.ScrollToElementKeyword.execute(ScrollToElementKeyword.groovy:68)
	at com.kms.katalon.core.keyword.internal.KeywordExecutor.executeKeywordForPlatform(KeywordExecutor.groovy:73)
	at com.kms.katalon.core.webui.keyword.WebUiBuiltInKeywords.scrollToElement(WebUiBuiltInKeywords.groovy:3432)
	at com.kms.katalon.core.webui.keyword.WebUiBuiltInKeywords$scrollToElement$6.call(Unknown Source)
	at Script1590988891144.run(Script1590988891144.groovy:45)
	... 13 more
)
[[ATTACHMENT|C:\\Users\\hp\\git\\chiraghAdminPanel\\Reports\\20201001_170350\\SanityTests\\SanityTest\\20201001_170350\\1601554629528.png]]

2020-10-01 17:17:12 - [TEST_STEP][PASSED] - Video: Video recording for test case 'Test Cases/Sanity Tests/Buy_PropertyOpenHouse_5' .

2020-10-01 17:17:12 - [MESSAGE][INFO] - Video recording for test case 'Test Cases/Sanity Tests/Buy_PropertyOpenHouse_5' .
[[ATTACHMENT|C:\Users\hp\git\chiraghAdminPanel\Reports\20201001_170350\SanityTests\SanityTest\20201001_170350/videos\test_8.mov]]]]></system-out>
         <system-err><![CDATA[2020-10-01 17:15:52 - [TEST_CASE][FAILED] - Test Cases/Sanity Tests/Buy_PropertyOpenHouse_5: Test Cases/Sanity Tests/Buy_PropertyOpenHouse_5 FAILED.
Reason:
com.kms.katalon.core.exception.StepFailedException: Unable to scroll to object 'Object Repository/Sanity Test/openHouseSample/Page_Chiragh - Home/h2_Current Auctions'
	at com.kms.katalon.core.webui.keyword.internal.WebUIKeywordMain.stepFailed(WebUIKeywordMain.groovy:64)
	at com.kms.katalon.core.webui.keyword.internal.WebUIKeywordMain.runKeyword(WebUIKeywordMain.groovy:26)
	at com.kms.katalon.core.webui.keyword.builtin.ScrollToElementKeyword.scrollToElement(ScrollToElementKeyword.groovy:88)
	at com.kms.katalon.core.webui.keyword.builtin.ScrollToElementKeyword.execute(ScrollToElementKeyword.groovy:68)
	at com.kms.katalon.core.keyword.internal.KeywordExecutor.executeKeywordForPlatform(KeywordExecutor.groovy:73)
	at com.kms.katalon.core.webui.keyword.WebUiBuiltInKeywords.scrollToElement(WebUiBuiltInKeywords.groovy:3432)
	at com.kms.katalon.core.webui.keyword.WebUiBuiltInKeywords$scrollToElement$6.call(Unknown Source)
	at Buy_PropertyOpenHouse_5.run(Buy_PropertyOpenHouse_5:45)
	at com.kms.katalon.core.main.ScriptEngine.run(ScriptEngine.java:194)
	at com.kms.katalon.core.main.ScriptEngine.runScriptAsRawText(ScriptEngine.java:119)
	at com.kms.katalon.core.main.TestCaseExecutor.runScript(TestCaseExecutor.java:339)
	at com.kms.katalon.core.main.TestCaseExecutor.doExecute(TestCaseExecutor.java:330)
	at com.kms.katalon.core.main.TestCaseExecutor.processExecutionPhase(TestCaseExecutor.java:309)
	at com.kms.katalon.core.main.TestCaseExecutor.accessMainPhase(TestCaseExecutor.java:301)
	at com.kms.katalon.core.main.TestCaseExecutor.execute(TestCaseExecutor.java:235)
	at com.kms.katalon.core.main.TestSuiteExecutor.accessTestCaseMainPhase(TestSuiteExecutor.java:191)
	at com.kms.katalon.core.main.TestSuiteExecutor.accessTestSuiteMainPhase(TestSuiteExecutor.java:141)
	at com.kms.katalon.core.main.TestSuiteExecutor.execute(TestSuiteExecutor.java:90)
	at com.kms.katalon.core.main.TestCaseMain.startTestSuite(TestCaseMain.java:157)
	at com.kms.katalon.core.main.TestCaseMain$startTestSuite$0.call(Unknown Source)
	at TempTestSuite1601553830097.run(TempTestSuite1601553830097.groovy:39)
Caused by: com.kms.katalon.core.webui.exception.WebElementNotFoundException: Web element with id: 'Object Repository/Sanity Test/openHouseSample/Page_Chiragh - Home/h2_Current Auctions' located by '(.//*[normalize-space(text()) and normalize-space(.)=concat('Dubai', "'", 's Leading Online Real Estate Auction')])[1]/following::h2[1]' not found
	at com.kms.katalon.core.webui.common.WebUiCommonHelper.findWebElement(WebUiCommonHelper.java:1368)
	at com.kms.katalon.core.webui.keyword.internal.WebUIAbstractKeyword.findWebElement(WebUIAbstractKeyword.groovy:27)
	at com.kms.katalon.core.webui.keyword.internal.WebUIAbstractKeyword.findWebElement(WebUIAbstractKeyword.groovy:26)
	at com.kms.katalon.core.webui.keyword.builtin.ScrollToElementKeyword$_scrollToElement_closure1.doCall(ScrollToElementKeyword.groovy:79)
	at com.kms.katalon.core.webui.keyword.builtin.ScrollToElementKeyword$_scrollToElement_closure1.call(ScrollToElementKeyword.groovy)
	at com.kms.katalon.core.webui.keyword.internal.WebUIKeywordMain.runKeyword(WebUIKeywordMain.groovy:20)
	... 19 more]]></system-err>
      </testcase>
      <testcase name="Test Cases/Sanity Tests/Buy_OpenHousePopup_6" time="73.17" classname="Test Cases/Sanity Tests/Buy_OpenHousePopup_6" status="FAILED">
         <failure type="FAILED" message="Test Cases/Sanity Tests/Buy_OpenHousePopup_6 FAILED.
Reason:
com.kms.katalon.core.exception.StepFailedException: Unable to scroll to object 'Object Repository/Sanity Test/PropertyBiddingOpenHouse/Page_Chiragh - Home/h2_Current Auctions'
	at com.kms.katalon.core.webui.keyword.internal.WebUIKeywordMain.stepFailed(WebUIKeywordMain.groovy:64)
	at com.kms.katalon.core.webui.keyword.internal.WebUIKeywordMain.runKeyword(WebUIKeywordMain.groovy:26)
	at com.kms.katalon.core.webui.keyword.builtin.ScrollToElementKeyword.scrollToElement(ScrollToElementKeyword.groovy:88)
	at com.kms.katalon.core.webui.keyword.builtin.ScrollToElementKeyword.execute(ScrollToElementKeyword.groovy:68)
	at com.kms.katalon.core.keyword.internal.KeywordExecutor.executeKeywordForPlatform(KeywordExecutor.groovy:73)
	at com.kms.katalon.core.webui.keyword.WebUiBuiltInKeywords.scrollToElement(WebUiBuiltInKeywords.groovy:3432)
	at com.kms.katalon.core.webui.keyword.WebUiBuiltInKeywords$scrollToElement$6.call(Unknown Source)
	at Buy_OpenHousePopup_6.run(Buy_OpenHousePopup_6:42)
	at com.kms.katalon.core.main.ScriptEngine.run(ScriptEngine.java:194)
	at com.kms.katalon.core.main.ScriptEngine.runScriptAsRawText(ScriptEngine.java:119)
	at com.kms.katalon.core.main.TestCaseExecutor.runScript(TestCaseExecutor.java:339)
	at com.kms.katalon.core.main.TestCaseExecutor.doExecute(TestCaseExecutor.java:330)
	at com.kms.katalon.core.main.TestCaseExecutor.processExecutionPhase(TestCaseExecutor.java:309)
	at com.kms.katalon.core.main.TestCaseExecutor.accessMainPhase(TestCaseExecutor.java:301)
	at com.kms.katalon.core.main.TestCaseExecutor.execute(TestCaseExecutor.java:235)
	at com.kms.katalon.core.main.TestSuiteExecutor.accessTestCaseMainPhase(TestSuiteExecutor.java:191)
	at com.kms.katalon.core.main.TestSuiteExecutor.accessTestSuiteMainPhase(TestSuiteExecutor.java:141)
	at com.kms.katalon.core.main.TestSuiteExecutor.execute(TestSuiteExecutor.java:90)
	at com.kms.katalon.core.main.TestCaseMain.startTestSuite(TestCaseMain.java:157)
	at com.kms.katalon.core.main.TestCaseMain$startTestSuite$0.call(Unknown Source)
	at TempTestSuite1601553830097.run(TempTestSuite1601553830097.groovy:39)
Caused by: com.kms.katalon.core.webui.exception.WebElementNotFoundException: Web element with id: 'Object Repository/Sanity Test/PropertyBiddingOpenHouse/Page_Chiragh - Home/h2_Current Auctions' located by '(.//*[normalize-space(text()) and normalize-space(.)=concat('Dubai', &quot;'&quot;, 's Leading Online Real Estate Auction')])[1]/following::h2[1]' not found
	at com.kms.katalon.core.webui.common.WebUiCommonHelper.findWebElement(WebUiCommonHelper.java:1368)
	at com.kms.katalon.core.webui.keyword.internal.WebUIAbstractKeyword.findWebElement(WebUIAbstractKeyword.groovy:27)
	at com.kms.katalon.core.webui.keyword.internal.WebUIAbstractKeyword.findWebElement(WebUIAbstractKeyword.groovy:26)
	at com.kms.katalon.core.webui.keyword.builtin.ScrollToElementKeyword$_scrollToElement_closure1.doCall(ScrollToElementKeyword.groovy:79)
	at com.kms.katalon.core.webui.keyword.builtin.ScrollToElementKeyword$_scrollToElement_closure1.call(ScrollToElementKeyword.groovy)
	at com.kms.katalon.core.webui.keyword.internal.WebUIKeywordMain.runKeyword(WebUIKeywordMain.groovy:20)
	... 19 more
"/>
         <system-out><![CDATA[2020-10-01 17:17:12 - [TEST_CASE][FAILED] - Test Cases/Sanity Tests/Buy_OpenHousePopup_6: Test Cases/Sanity Tests/Buy_OpenHousePopup_6 FAILED.
Reason:
com.kms.katalon.core.exception.StepFailedException: Unable to scroll to object 'Object Repository/Sanity Test/PropertyBiddingOpenHouse/Page_Chiragh - Home/h2_Current Auctions'
	at com.kms.katalon.core.webui.keyword.internal.WebUIKeywordMain.stepFailed(WebUIKeywordMain.groovy:64)
	at com.kms.katalon.core.webui.keyword.internal.WebUIKeywordMain.runKeyword(WebUIKeywordMain.groovy:26)
	at com.kms.katalon.core.webui.keyword.builtin.ScrollToElementKeyword.scrollToElement(ScrollToElementKeyword.groovy:88)
	at com.kms.katalon.core.webui.keyword.builtin.ScrollToElementKeyword.execute(ScrollToElementKeyword.groovy:68)
	at com.kms.katalon.core.keyword.internal.KeywordExecutor.executeKeywordForPlatform(KeywordExecutor.groovy:73)
	at com.kms.katalon.core.webui.keyword.WebUiBuiltInKeywords.scrollToElement(WebUiBuiltInKeywords.groovy:3432)
	at com.kms.katalon.core.webui.keyword.WebUiBuiltInKeywords$scrollToElement$6.call(Unknown Source)
	at Buy_OpenHousePopup_6.run(Buy_OpenHousePopup_6:42)
	at com.kms.katalon.core.main.ScriptEngine.run(ScriptEngine.java:194)
	at com.kms.katalon.core.main.ScriptEngine.runScriptAsRawText(ScriptEngine.java:119)
	at com.kms.katalon.core.main.TestCaseExecutor.runScript(TestCaseExecutor.java:339)
	at com.kms.katalon.core.main.TestCaseExecutor.doExecute(TestCaseExecutor.java:330)
	at com.kms.katalon.core.main.TestCaseExecutor.processExecutionPhase(TestCaseExecutor.java:309)
	at com.kms.katalon.core.main.TestCaseExecutor.accessMainPhase(TestCaseExecutor.java:301)
	at com.kms.katalon.core.main.TestCaseExecutor.execute(TestCaseExecutor.java:235)
	at com.kms.katalon.core.main.TestSuiteExecutor.accessTestCaseMainPhase(TestSuiteExecutor.java:191)
	at com.kms.katalon.core.main.TestSuiteExecutor.accessTestSuiteMainPhase(TestSuiteExecutor.java:141)
	at com.kms.katalon.core.main.TestSuiteExecutor.execute(TestSuiteExecutor.java:90)
	at com.kms.katalon.core.main.TestCaseMain.startTestSuite(TestCaseMain.java:157)
	at com.kms.katalon.core.main.TestCaseMain$startTestSuite$0.call(Unknown Source)
	at TempTestSuite1601553830097.run(TempTestSuite1601553830097.groovy:39)
Caused by: com.kms.katalon.core.webui.exception.WebElementNotFoundException: Web element with id: 'Object Repository/Sanity Test/PropertyBiddingOpenHouse/Page_Chiragh - Home/h2_Current Auctions' located by '(.//*[normalize-space(text()) and normalize-space(.)=concat('Dubai', "'", 's Leading Online Real Estate Auction')])[1]/following::h2[1]' not found
	at com.kms.katalon.core.webui.common.WebUiCommonHelper.findWebElement(WebUiCommonHelper.java:1368)
	at com.kms.katalon.core.webui.keyword.internal.WebUIAbstractKeyword.findWebElement(WebUIAbstractKeyword.groovy:27)
	at com.kms.katalon.core.webui.keyword.internal.WebUIAbstractKeyword.findWebElement(WebUIAbstractKeyword.groovy:26)
	at com.kms.katalon.core.webui.keyword.builtin.ScrollToElementKeyword$_scrollToElement_closure1.doCall(ScrollToElementKeyword.groovy:79)
	at com.kms.katalon.core.webui.keyword.builtin.ScrollToElementKeyword$_scrollToElement_closure1.call(ScrollToElementKeyword.groovy)
	at com.kms.katalon.core.webui.keyword.internal.WebUIKeywordMain.runKeyword(WebUIKeywordMain.groovy:20)
	... 19 more


2020-10-01 17:17:13 - [TEST_STEP][PASSED] - openBrowser(""): Browser is opened with url: ''

2020-10-01 17:17:13 - [MESSAGE][WARNING] - A browser is already opened. Closing browser and opening a new one

2020-10-01 17:17:15 - [MESSAGE][INFO] - Starting 'Chrome' driver

2020-10-01 17:17:15 - [MESSAGE][INFO] - Action delay is set to 0 milliseconds

2020-10-01 17:17:18 - [MESSAGE][PASSED] - Browser is opened with url: ''

2020-10-01 17:17:18 - [TEST_STEP][PASSED] - navigateToUrl(Url): Navigate to 'http://chiragh:AeBcm%231t@test.chiragh.com' successfully

2020-10-01 17:17:32 - [MESSAGE][PASSED] - Navigate to 'http://chiragh:AeBcm%231t@test.chiragh.com' successfully

2020-10-01 17:17:32 - [TEST_STEP][PASSED] - waitForPageLoad(15): Wait for page load successfully

2020-10-01 17:17:39 - [MESSAGE][PASSED] - Wait for page load successfully

2020-10-01 17:17:39 - [TEST_STEP][PASSED] - maximizeWindow(): Current window maximized

2020-10-01 17:17:41 - [MESSAGE][PASSED] - Current window maximized

2020-10-01 17:17:41 - [TEST_STEP][PASSED] - delay(3): Delayed 3 second(s)

2020-10-01 17:17:44 - [MESSAGE][PASSED] - Delayed 3 second(s)

2020-10-01 17:17:44 - [TEST_STEP][PASSED] - click(findTestObject("Object Repository/Sanity Test/PropertyBiddingOpenHouse/Page_Chiragh - Home/a_ENG_dropdownMenuLink")): Object: 'Object Repository/Sanity Test/PropertyBiddingOpenHouse/Page_Chiragh - Home/a_ENG_dropdownMenuLink' is clicked on

2020-10-01 17:17:45 - [MESSAGE][PASSED] - Object: 'Object Repository/Sanity Test/PropertyBiddingOpenHouse/Page_Chiragh - Home/a_ENG_dropdownMenuLink' is clicked on

2020-10-01 17:17:45 - [TEST_STEP][PASSED] - click(findTestObject("Object Repository/Sanity Test/PropertyBiddingOpenHouse/Page_Chiragh - Home/a_Login")): Object: 'Object Repository/Sanity Test/PropertyBiddingOpenHouse/Page_Chiragh - Home/a_Login' is clicked on

2020-10-01 17:17:46 - [MESSAGE][PASSED] - Object: 'Object Repository/Sanity Test/PropertyBiddingOpenHouse/Page_Chiragh - Home/a_Login' is clicked on

2020-10-01 17:17:46 - [TEST_STEP][PASSED] - setText(findTestObject("Object Repository/Sanity Test/PropertyBiddingOpenHouse/Page_Chiragh - Login/input_Username_un"), "ahsan1234"): Text 'ahsan1234' is set on object 'Object Repository/Sanity Test/PropertyBiddingOpenHouse/Page_Chiragh - Login/input_Username_un'

2020-10-01 17:17:47 - [MESSAGE][PASSED] - Text 'ahsan1234' is set on object 'Object Repository/Sanity Test/PropertyBiddingOpenHouse/Page_Chiragh - Login/input_Username_un'

2020-10-01 17:17:47 - [TEST_STEP][PASSED] - setEncryptedText(findTestObject("Object Repository/Sanity Test/PropertyBiddingOpenHouse/Page_Chiragh - Login/input_Password_userPassword"), "RigbBhfdqOBDK95asqKeHw=="): Text ****** has been set on object 'Object Repository/Sanity Test/PropertyBiddingOpenHouse/Page_Chiragh - Login/input_Password_userPassword'

2020-10-01 17:17:48 - [MESSAGE][PASSED] - Text ****** has been set on object 'Object Repository/Sanity Test/PropertyBiddingOpenHouse/Page_Chiragh - Login/input_Password_userPassword'

2020-10-01 17:17:48 - [TEST_STEP][PASSED] - click(findTestObject("Object Repository/Sanity Test/PropertyBiddingOpenHouse/Page_Chiragh - Login/button_Log In")): Object: 'Object Repository/Sanity Test/PropertyBiddingOpenHouse/Page_Chiragh - Login/button_Log In' is clicked on

2020-10-01 17:17:48 - [MESSAGE][PASSED] - Object: 'Object Repository/Sanity Test/PropertyBiddingOpenHouse/Page_Chiragh - Login/button_Log In' is clicked on

2020-10-01 17:17:48 - [TEST_STEP][PASSED] - delay(3): Delayed 3 second(s)

2020-10-01 17:17:51 - [MESSAGE][PASSED] - Delayed 3 second(s)

2020-10-01 17:17:51 - [TEST_STEP][FAILED] - scrollToElement(findTestObject("Object Repository/Sanity Test/PropertyBiddingOpenHouse/Page_Chiragh - Home/h2_Current Auctions"), 3): Unable to scroll to object 'Object Repository/Sanity Test/PropertyBiddingOpenHouse/Page_Chiragh - Home/h2_Current Auctions' (Root cause: com.kms.katalon.core.exception.StepFailedException: Unable to scroll to object 'Object Repository/Sanity Test/PropertyBiddingOpenHouse/Page_Chiragh - Home/h2_Current Auctions'
	at com.kms.katalon.core.webui.keyword.internal.WebUIKeywordMain.stepFailed(WebUIKeywordMain.groovy:64)
	at com.kms.katalon.core.webui.keyword.internal.WebUIKeywordMain.runKeyword(WebUIKeywordMain.groovy:26)
	at com.kms.katalon.core.webui.keyword.builtin.ScrollToElementKeyword.scrollToElement(ScrollToElementKeyword.groovy:88)
	at com.kms.katalon.core.webui.keyword.builtin.ScrollToElementKeyword.execute(ScrollToElementKeyword.groovy:68)
	at com.kms.katalon.core.keyword.internal.KeywordExecutor.executeKeywordForPlatform(KeywordExecutor.groovy:73)
	at com.kms.katalon.core.webui.keyword.WebUiBuiltInKeywords.scrollToElement(WebUiBuiltInKeywords.groovy:3432)
	at com.kms.katalon.core.webui.keyword.WebUiBuiltInKeywords$scrollToElement$6.call(Unknown Source)
	at Buy_OpenHousePopup_6.run(Buy_OpenHousePopup_6:42)
	at com.kms.katalon.core.main.ScriptEngine.run(ScriptEngine.java:194)
	at com.kms.katalon.core.main.ScriptEngine.runScriptAsRawText(ScriptEngine.java:119)
	at com.kms.katalon.core.main.TestCaseExecutor.runScript(TestCaseExecutor.java:339)
	at com.kms.katalon.core.main.TestCaseExecutor.doExecute(TestCaseExecutor.java:330)
	at com.kms.katalon.core.main.TestCaseExecutor.processExecutionPhase(TestCaseExecutor.java:309)
	at com.kms.katalon.core.main.TestCaseExecutor.accessMainPhase(TestCaseExecutor.java:301)
	at com.kms.katalon.core.main.TestCaseExecutor.execute(TestCaseExecutor.java:235)
	at com.kms.katalon.core.main.TestSuiteExecutor.accessTestCaseMainPhase(TestSuiteExecutor.java:191)
	at com.kms.katalon.core.main.TestSuiteExecutor.accessTestSuiteMainPhase(TestSuiteExecutor.java:141)
	at com.kms.katalon.core.main.TestSuiteExecutor.execute(TestSuiteExecutor.java:90)
	at com.kms.katalon.core.main.TestCaseMain.startTestSuite(TestCaseMain.java:157)
	at com.kms.katalon.core.main.TestCaseMain$startTestSuite$0.call(Unknown Source)
	at TempTestSuite1601553830097.run(TempTestSuite1601553830097.groovy:39)
Caused by: com.kms.katalon.core.webui.exception.WebElementNotFoundException: Web element with id: 'Object Repository/Sanity Test/PropertyBiddingOpenHouse/Page_Chiragh - Home/h2_Current Auctions' located by '(.//*[normalize-space(text()) and normalize-space(.)=concat('Dubai', "'", 's Leading Online Real Estate Auction')])[1]/following::h2[1]' not found
	at com.kms.katalon.core.webui.common.WebUiCommonHelper.findWebElement(WebUiCommonHelper.java:1368)
	at com.kms.katalon.core.webui.keyword.internal.WebUIAbstractKeyword.findWebElement(WebUIAbstractKeyword.groovy:27)
	at com.kms.katalon.core.webui.keyword.internal.WebUIAbstractKeyword.findWebElement(WebUIAbstractKeyword.groovy:26)
	at com.kms.katalon.core.webui.keyword.builtin.ScrollToElementKeyword$_scrollToElement_closure1.doCall(ScrollToElementKeyword.groovy:79)
	at com.kms.katalon.core.webui.keyword.builtin.ScrollToElementKeyword$_scrollToElement_closure1.call(ScrollToElementKeyword.groovy)
	at com.kms.katalon.core.webui.keyword.internal.WebUIKeywordMain.runKeyword(WebUIKeywordMain.groovy:20)
	at com.kms.katalon.core.webui.keyword.builtin.ScrollToElementKeyword.scrollToElement(ScrollToElementKeyword.groovy:88)
	at com.kms.katalon.core.webui.keyword.builtin.ScrollToElementKeyword.execute(ScrollToElementKeyword.groovy:68)
	at com.kms.katalon.core.keyword.internal.KeywordExecutor.executeKeywordForPlatform(KeywordExecutor.groovy:73)
	at com.kms.katalon.core.webui.keyword.WebUiBuiltInKeywords.scrollToElement(WebUiBuiltInKeywords.groovy:3432)
	at com.kms.katalon.core.webui.keyword.WebUiBuiltInKeywords$scrollToElement$6.call(Unknown Source)
	at Script1591012480243.run(Script1591012480243.groovy:42)
	... 13 more
)

2020-10-01 17:18:22 - [MESSAGE][INFO] - Unable to find the element located by 'By.xpath: (.//*[normalize-space(text()) and normalize-space(.)=concat('Dubai', "'", 's Leading Online Real Estate Auction')])[1]/following::h2[1]'. Please recheck the objects properties to make sure the desired element is located. 

2020-10-01 17:18:23 - [MESSAGE][FAILED] - Unable to scroll to object 'Object Repository/Sanity Test/PropertyBiddingOpenHouse/Page_Chiragh - Home/h2_Current Auctions' (Root cause: com.kms.katalon.core.exception.StepFailedException: Unable to scroll to object 'Object Repository/Sanity Test/PropertyBiddingOpenHouse/Page_Chiragh - Home/h2_Current Auctions'
	at com.kms.katalon.core.webui.keyword.internal.WebUIKeywordMain.stepFailed(WebUIKeywordMain.groovy:64)
	at com.kms.katalon.core.webui.keyword.internal.WebUIKeywordMain.runKeyword(WebUIKeywordMain.groovy:26)
	at com.kms.katalon.core.webui.keyword.builtin.ScrollToElementKeyword.scrollToElement(ScrollToElementKeyword.groovy:88)
	at com.kms.katalon.core.webui.keyword.builtin.ScrollToElementKeyword.execute(ScrollToElementKeyword.groovy:68)
	at com.kms.katalon.core.keyword.internal.KeywordExecutor.executeKeywordForPlatform(KeywordExecutor.groovy:73)
	at com.kms.katalon.core.webui.keyword.WebUiBuiltInKeywords.scrollToElement(WebUiBuiltInKeywords.groovy:3432)
	at com.kms.katalon.core.webui.keyword.WebUiBuiltInKeywords$scrollToElement$6.call(Unknown Source)
	at Buy_OpenHousePopup_6.run(Buy_OpenHousePopup_6:42)
	at com.kms.katalon.core.main.ScriptEngine.run(ScriptEngine.java:194)
	at com.kms.katalon.core.main.ScriptEngine.runScriptAsRawText(ScriptEngine.java:119)
	at com.kms.katalon.core.main.TestCaseExecutor.runScript(TestCaseExecutor.java:339)
	at com.kms.katalon.core.main.TestCaseExecutor.doExecute(TestCaseExecutor.java:330)
	at com.kms.katalon.core.main.TestCaseExecutor.processExecutionPhase(TestCaseExecutor.java:309)
	at com.kms.katalon.core.main.TestCaseExecutor.accessMainPhase(TestCaseExecutor.java:301)
	at com.kms.katalon.core.main.TestCaseExecutor.execute(TestCaseExecutor.java:235)
	at com.kms.katalon.core.main.TestSuiteExecutor.accessTestCaseMainPhase(TestSuiteExecutor.java:191)
	at com.kms.katalon.core.main.TestSuiteExecutor.accessTestSuiteMainPhase(TestSuiteExecutor.java:141)
	at com.kms.katalon.core.main.TestSuiteExecutor.execute(TestSuiteExecutor.java:90)
	at com.kms.katalon.core.main.TestCaseMain.startTestSuite(TestCaseMain.java:157)
	at com.kms.katalon.core.main.TestCaseMain$startTestSuite$0.call(Unknown Source)
	at TempTestSuite1601553830097.run(TempTestSuite1601553830097.groovy:39)
Caused by: com.kms.katalon.core.webui.exception.WebElementNotFoundException: Web element with id: 'Object Repository/Sanity Test/PropertyBiddingOpenHouse/Page_Chiragh - Home/h2_Current Auctions' located by '(.//*[normalize-space(text()) and normalize-space(.)=concat('Dubai', "'", 's Leading Online Real Estate Auction')])[1]/following::h2[1]' not found
	at com.kms.katalon.core.webui.common.WebUiCommonHelper.findWebElement(WebUiCommonHelper.java:1368)
	at com.kms.katalon.core.webui.keyword.internal.WebUIAbstractKeyword.findWebElement(WebUIAbstractKeyword.groovy:27)
	at com.kms.katalon.core.webui.keyword.internal.WebUIAbstractKeyword.findWebElement(WebUIAbstractKeyword.groovy:26)
	at com.kms.katalon.core.webui.keyword.builtin.ScrollToElementKeyword$_scrollToElement_closure1.doCall(ScrollToElementKeyword.groovy:79)
	at com.kms.katalon.core.webui.keyword.builtin.ScrollToElementKeyword$_scrollToElement_closure1.call(ScrollToElementKeyword.groovy)
	at com.kms.katalon.core.webui.keyword.internal.WebUIKeywordMain.runKeyword(WebUIKeywordMain.groovy:20)
	at com.kms.katalon.core.webui.keyword.builtin.ScrollToElementKeyword.scrollToElement(ScrollToElementKeyword.groovy:88)
	at com.kms.katalon.core.webui.keyword.builtin.ScrollToElementKeyword.execute(ScrollToElementKeyword.groovy:68)
	at com.kms.katalon.core.keyword.internal.KeywordExecutor.executeKeywordForPlatform(KeywordExecutor.groovy:73)
	at com.kms.katalon.core.webui.keyword.WebUiBuiltInKeywords.scrollToElement(WebUiBuiltInKeywords.groovy:3432)
	at com.kms.katalon.core.webui.keyword.WebUiBuiltInKeywords$scrollToElement$6.call(Unknown Source)
	at Script1591012480243.run(Script1591012480243.groovy:42)
	... 13 more
)
[[ATTACHMENT|C:\\Users\\hp\\git\\chiraghAdminPanel\\Reports\\20201001_170350\\SanityTests\\SanityTest\\20201001_170350\\1601554702974.png]]

2020-10-01 17:18:25 - [TEST_STEP][PASSED] - Video: Video recording for test case 'Test Cases/Sanity Tests/Buy_OpenHousePopup_6' .

2020-10-01 17:18:25 - [MESSAGE][INFO] - Video recording for test case 'Test Cases/Sanity Tests/Buy_OpenHousePopup_6' .
[[ATTACHMENT|C:\Users\hp\git\chiraghAdminPanel\Reports\20201001_170350\SanityTests\SanityTest\20201001_170350/videos\test_9.mov]]]]></system-out>
         <system-err><![CDATA[2020-10-01 17:17:12 - [TEST_CASE][FAILED] - Test Cases/Sanity Tests/Buy_OpenHousePopup_6: Test Cases/Sanity Tests/Buy_OpenHousePopup_6 FAILED.
Reason:
com.kms.katalon.core.exception.StepFailedException: Unable to scroll to object 'Object Repository/Sanity Test/PropertyBiddingOpenHouse/Page_Chiragh - Home/h2_Current Auctions'
	at com.kms.katalon.core.webui.keyword.internal.WebUIKeywordMain.stepFailed(WebUIKeywordMain.groovy:64)
	at com.kms.katalon.core.webui.keyword.internal.WebUIKeywordMain.runKeyword(WebUIKeywordMain.groovy:26)
	at com.kms.katalon.core.webui.keyword.builtin.ScrollToElementKeyword.scrollToElement(ScrollToElementKeyword.groovy:88)
	at com.kms.katalon.core.webui.keyword.builtin.ScrollToElementKeyword.execute(ScrollToElementKeyword.groovy:68)
	at com.kms.katalon.core.keyword.internal.KeywordExecutor.executeKeywordForPlatform(KeywordExecutor.groovy:73)
	at com.kms.katalon.core.webui.keyword.WebUiBuiltInKeywords.scrollToElement(WebUiBuiltInKeywords.groovy:3432)
	at com.kms.katalon.core.webui.keyword.WebUiBuiltInKeywords$scrollToElement$6.call(Unknown Source)
	at Buy_OpenHousePopup_6.run(Buy_OpenHousePopup_6:42)
	at com.kms.katalon.core.main.ScriptEngine.run(ScriptEngine.java:194)
	at com.kms.katalon.core.main.ScriptEngine.runScriptAsRawText(ScriptEngine.java:119)
	at com.kms.katalon.core.main.TestCaseExecutor.runScript(TestCaseExecutor.java:339)
	at com.kms.katalon.core.main.TestCaseExecutor.doExecute(TestCaseExecutor.java:330)
	at com.kms.katalon.core.main.TestCaseExecutor.processExecutionPhase(TestCaseExecutor.java:309)
	at com.kms.katalon.core.main.TestCaseExecutor.accessMainPhase(TestCaseExecutor.java:301)
	at com.kms.katalon.core.main.TestCaseExecutor.execute(TestCaseExecutor.java:235)
	at com.kms.katalon.core.main.TestSuiteExecutor.accessTestCaseMainPhase(TestSuiteExecutor.java:191)
	at com.kms.katalon.core.main.TestSuiteExecutor.accessTestSuiteMainPhase(TestSuiteExecutor.java:141)
	at com.kms.katalon.core.main.TestSuiteExecutor.execute(TestSuiteExecutor.java:90)
	at com.kms.katalon.core.main.TestCaseMain.startTestSuite(TestCaseMain.java:157)
	at com.kms.katalon.core.main.TestCaseMain$startTestSuite$0.call(Unknown Source)
	at TempTestSuite1601553830097.run(TempTestSuite1601553830097.groovy:39)
Caused by: com.kms.katalon.core.webui.exception.WebElementNotFoundException: Web element with id: 'Object Repository/Sanity Test/PropertyBiddingOpenHouse/Page_Chiragh - Home/h2_Current Auctions' located by '(.//*[normalize-space(text()) and normalize-space(.)=concat('Dubai', "'", 's Leading Online Real Estate Auction')])[1]/following::h2[1]' not found
	at com.kms.katalon.core.webui.common.WebUiCommonHelper.findWebElement(WebUiCommonHelper.java:1368)
	at com.kms.katalon.core.webui.keyword.internal.WebUIAbstractKeyword.findWebElement(WebUIAbstractKeyword.groovy:27)
	at com.kms.katalon.core.webui.keyword.internal.WebUIAbstractKeyword.findWebElement(WebUIAbstractKeyword.groovy:26)
	at com.kms.katalon.core.webui.keyword.builtin.ScrollToElementKeyword$_scrollToElement_closure1.doCall(ScrollToElementKeyword.groovy:79)
	at com.kms.katalon.core.webui.keyword.builtin.ScrollToElementKeyword$_scrollToElement_closure1.call(ScrollToElementKeyword.groovy)
	at com.kms.katalon.core.webui.keyword.internal.WebUIKeywordMain.runKeyword(WebUIKeywordMain.groovy:20)
	... 19 more]]></system-err>
      </testcase>
      <testcase name="Test Cases/Front End/TC_PropertySubmissionForm_002" time="114.217" classname="Test Cases/Front End/TC_PropertySubmissionForm_002" status="FAILED">
         <failure type="FAILED" message="Test Cases/Front End/TC_PropertySubmissionForm_002 FAILED.
Reason:
com.kms.katalon.core.exception.StepFailedException: Unable to click on object 'Object Repository/Property submission/owner/Page_Chiragh - Home/a_SELL'
	at com.kms.katalon.core.webui.keyword.internal.WebUIKeywordMain.stepFailed(WebUIKeywordMain.groovy:64)
	at com.kms.katalon.core.webui.keyword.internal.WebUIKeywordMain.runKeyword(WebUIKeywordMain.groovy:26)
	at com.kms.katalon.core.webui.keyword.builtin.ClickKeyword.click(ClickKeyword.groovy:76)
	at com.kms.katalon.core.webui.keyword.builtin.ClickKeyword.execute(ClickKeyword.groovy:43)
	at com.kms.katalon.core.keyword.internal.KeywordExecutor.executeKeywordForPlatform(KeywordExecutor.groovy:73)
	at com.kms.katalon.core.webui.keyword.WebUiBuiltInKeywords.click(WebUiBuiltInKeywords.groovy:617)
	at com.kms.katalon.core.webui.keyword.WebUiBuiltInKeywords$click$3.call(Unknown Source)
	at TC_PropertySubmissionForm_002.run(TC_PropertySubmissionForm_002:35)
	at com.kms.katalon.core.main.ScriptEngine.run(ScriptEngine.java:194)
	at com.kms.katalon.core.main.ScriptEngine.runScriptAsRawText(ScriptEngine.java:119)
	at com.kms.katalon.core.main.TestCaseExecutor.runScript(TestCaseExecutor.java:339)
	at com.kms.katalon.core.main.TestCaseExecutor.doExecute(TestCaseExecutor.java:330)
	at com.kms.katalon.core.main.TestCaseExecutor.processExecutionPhase(TestCaseExecutor.java:309)
	at com.kms.katalon.core.main.TestCaseExecutor.accessMainPhase(TestCaseExecutor.java:301)
	at com.kms.katalon.core.main.TestCaseExecutor.execute(TestCaseExecutor.java:235)
	at com.kms.katalon.core.main.TestSuiteExecutor.accessTestCaseMainPhase(TestSuiteExecutor.java:191)
	at com.kms.katalon.core.main.TestSuiteExecutor.accessTestSuiteMainPhase(TestSuiteExecutor.java:141)
	at com.kms.katalon.core.main.TestSuiteExecutor.execute(TestSuiteExecutor.java:90)
	at com.kms.katalon.core.main.TestCaseMain.startTestSuite(TestCaseMain.java:157)
	at com.kms.katalon.core.main.TestCaseMain$startTestSuite$0.call(Unknown Source)
	at TempTestSuite1601553830097.run(TempTestSuite1601553830097.groovy:39)
Caused by: com.kms.katalon.core.webui.exception.WebElementNotFoundException: Web element with id: 'Object Repository/Property submission/owner/Page_Chiragh - Home/a_SELL' located by '//*[@id=&quot;collapsibleNavbar&quot;]/ul/li[2]/a[count(. | //a[(text() = 'SELL' or . = 'SELL')]) = count(//a[(text() = 'SELL' or . = 'SELL')])]' not found
	at com.kms.katalon.core.webui.common.WebUiCommonHelper.findWebElement(WebUiCommonHelper.java:1368)
	at com.kms.katalon.core.webui.keyword.internal.WebUIAbstractKeyword.findWebElement(WebUIAbstractKeyword.groovy:27)
	at com.kms.katalon.core.webui.keyword.internal.WebUIAbstractKeyword.findWebElement(WebUIAbstractKeyword.groovy:26)
	at com.kms.katalon.core.webui.keyword.builtin.ClickKeyword$_click_closure1.doCall(ClickKeyword.groovy:67)
	at com.kms.katalon.core.webui.keyword.builtin.ClickKeyword$_click_closure1.call(ClickKeyword.groovy)
	at com.kms.katalon.core.webui.keyword.internal.WebUIKeywordMain.runKeyword(WebUIKeywordMain.groovy:20)
	... 19 more
"/>
         <system-out><![CDATA[2020-10-01 17:18:25 - [TEST_CASE][FAILED] - Test Cases/Front End/TC_PropertySubmissionForm_002: Test Cases/Front End/TC_PropertySubmissionForm_002 FAILED.
Reason:
com.kms.katalon.core.exception.StepFailedException: Unable to click on object 'Object Repository/Property submission/owner/Page_Chiragh - Home/a_SELL'
	at com.kms.katalon.core.webui.keyword.internal.WebUIKeywordMain.stepFailed(WebUIKeywordMain.groovy:64)
	at com.kms.katalon.core.webui.keyword.internal.WebUIKeywordMain.runKeyword(WebUIKeywordMain.groovy:26)
	at com.kms.katalon.core.webui.keyword.builtin.ClickKeyword.click(ClickKeyword.groovy:76)
	at com.kms.katalon.core.webui.keyword.builtin.ClickKeyword.execute(ClickKeyword.groovy:43)
	at com.kms.katalon.core.keyword.internal.KeywordExecutor.executeKeywordForPlatform(KeywordExecutor.groovy:73)
	at com.kms.katalon.core.webui.keyword.WebUiBuiltInKeywords.click(WebUiBuiltInKeywords.groovy:617)
	at com.kms.katalon.core.webui.keyword.WebUiBuiltInKeywords$click$3.call(Unknown Source)
	at TC_PropertySubmissionForm_002.run(TC_PropertySubmissionForm_002:35)
	at com.kms.katalon.core.main.ScriptEngine.run(ScriptEngine.java:194)
	at com.kms.katalon.core.main.ScriptEngine.runScriptAsRawText(ScriptEngine.java:119)
	at com.kms.katalon.core.main.TestCaseExecutor.runScript(TestCaseExecutor.java:339)
	at com.kms.katalon.core.main.TestCaseExecutor.doExecute(TestCaseExecutor.java:330)
	at com.kms.katalon.core.main.TestCaseExecutor.processExecutionPhase(TestCaseExecutor.java:309)
	at com.kms.katalon.core.main.TestCaseExecutor.accessMainPhase(TestCaseExecutor.java:301)
	at com.kms.katalon.core.main.TestCaseExecutor.execute(TestCaseExecutor.java:235)
	at com.kms.katalon.core.main.TestSuiteExecutor.accessTestCaseMainPhase(TestSuiteExecutor.java:191)
	at com.kms.katalon.core.main.TestSuiteExecutor.accessTestSuiteMainPhase(TestSuiteExecutor.java:141)
	at com.kms.katalon.core.main.TestSuiteExecutor.execute(TestSuiteExecutor.java:90)
	at com.kms.katalon.core.main.TestCaseMain.startTestSuite(TestCaseMain.java:157)
	at com.kms.katalon.core.main.TestCaseMain$startTestSuite$0.call(Unknown Source)
	at TempTestSuite1601553830097.run(TempTestSuite1601553830097.groovy:39)
Caused by: com.kms.katalon.core.webui.exception.WebElementNotFoundException: Web element with id: 'Object Repository/Property submission/owner/Page_Chiragh - Home/a_SELL' located by '//*[@id="collapsibleNavbar"]/ul/li[2]/a[count(. | //a[(text() = 'SELL' or . = 'SELL')]) = count(//a[(text() = 'SELL' or . = 'SELL')])]' not found
	at com.kms.katalon.core.webui.common.WebUiCommonHelper.findWebElement(WebUiCommonHelper.java:1368)
	at com.kms.katalon.core.webui.keyword.internal.WebUIAbstractKeyword.findWebElement(WebUIAbstractKeyword.groovy:27)
	at com.kms.katalon.core.webui.keyword.internal.WebUIAbstractKeyword.findWebElement(WebUIAbstractKeyword.groovy:26)
	at com.kms.katalon.core.webui.keyword.builtin.ClickKeyword$_click_closure1.doCall(ClickKeyword.groovy:67)
	at com.kms.katalon.core.webui.keyword.builtin.ClickKeyword$_click_closure1.call(ClickKeyword.groovy)
	at com.kms.katalon.core.webui.keyword.internal.WebUIKeywordMain.runKeyword(WebUIKeywordMain.groovy:20)
	... 19 more


2020-10-01 17:18:29 - [TEST_STEP][PASSED] - faker = new com.github.javafaker.Faker(): null

2020-10-01 17:18:30 - [TEST_STEP][PASSED] - projectname = address().streetName(): null

2020-10-01 17:18:30 - [TEST_STEP][PASSED] - openBrowser(""): Browser is opened with url: ''

2020-10-01 17:18:30 - [MESSAGE][WARNING] - A browser is already opened. Closing browser and opening a new one

2020-10-01 17:18:36 - [MESSAGE][INFO] - Starting 'Chrome' driver

2020-10-01 17:18:36 - [MESSAGE][INFO] - Action delay is set to 0 milliseconds

2020-10-01 17:18:41 - [MESSAGE][PASSED] - Browser is opened with url: ''

2020-10-01 17:18:41 - [TEST_STEP][PASSED] - navigateToUrl(Url): Navigate to 'http://chiragh:AeBcm%231t@test.chiragh.com' successfully

2020-10-01 17:19:29 - [MESSAGE][PASSED] - Navigate to 'http://chiragh:AeBcm%231t@test.chiragh.com' successfully

2020-10-01 17:19:29 - [TEST_STEP][PASSED] - waitForPageLoad(15): Wait for page load successfully

2020-10-01 17:19:39 - [MESSAGE][PASSED] - Wait for page load successfully

2020-10-01 17:19:39 - [TEST_STEP][PASSED] - maximizeWindow(): Current window maximized

2020-10-01 17:19:42 - [MESSAGE][PASSED] - Current window maximized

2020-10-01 17:19:42 - [TEST_STEP][PASSED] - delay(3): Delayed 3 second(s)

2020-10-01 17:19:45 - [MESSAGE][PASSED] - Delayed 3 second(s)

2020-10-01 17:19:45 - [TEST_STEP][FAILED] - click(findTestObject("Property submission/owner/Page_Chiragh - Home/a_SELL")): Unable to click on object 'Object Repository/Property submission/owner/Page_Chiragh - Home/a_SELL' (Root cause: com.kms.katalon.core.exception.StepFailedException: Unable to click on object 'Object Repository/Property submission/owner/Page_Chiragh - Home/a_SELL'
	at com.kms.katalon.core.webui.keyword.internal.WebUIKeywordMain.stepFailed(WebUIKeywordMain.groovy:64)
	at com.kms.katalon.core.webui.keyword.internal.WebUIKeywordMain.runKeyword(WebUIKeywordMain.groovy:26)
	at com.kms.katalon.core.webui.keyword.builtin.ClickKeyword.click(ClickKeyword.groovy:76)
	at com.kms.katalon.core.webui.keyword.builtin.ClickKeyword.execute(ClickKeyword.groovy:43)
	at com.kms.katalon.core.keyword.internal.KeywordExecutor.executeKeywordForPlatform(KeywordExecutor.groovy:73)
	at com.kms.katalon.core.webui.keyword.WebUiBuiltInKeywords.click(WebUiBuiltInKeywords.groovy:617)
	at com.kms.katalon.core.webui.keyword.WebUiBuiltInKeywords$click$3.call(Unknown Source)
	at TC_PropertySubmissionForm_002.run(TC_PropertySubmissionForm_002:35)
	at com.kms.katalon.core.main.ScriptEngine.run(ScriptEngine.java:194)
	at com.kms.katalon.core.main.ScriptEngine.runScriptAsRawText(ScriptEngine.java:119)
	at com.kms.katalon.core.main.TestCaseExecutor.runScript(TestCaseExecutor.java:339)
	at com.kms.katalon.core.main.TestCaseExecutor.doExecute(TestCaseExecutor.java:330)
	at com.kms.katalon.core.main.TestCaseExecutor.processExecutionPhase(TestCaseExecutor.java:309)
	at com.kms.katalon.core.main.TestCaseExecutor.accessMainPhase(TestCaseExecutor.java:301)
	at com.kms.katalon.core.main.TestCaseExecutor.execute(TestCaseExecutor.java:235)
	at com.kms.katalon.core.main.TestSuiteExecutor.accessTestCaseMainPhase(TestSuiteExecutor.java:191)
	at com.kms.katalon.core.main.TestSuiteExecutor.accessTestSuiteMainPhase(TestSuiteExecutor.java:141)
	at com.kms.katalon.core.main.TestSuiteExecutor.execute(TestSuiteExecutor.java:90)
	at com.kms.katalon.core.main.TestCaseMain.startTestSuite(TestCaseMain.java:157)
	at com.kms.katalon.core.main.TestCaseMain$startTestSuite$0.call(Unknown Source)
	at TempTestSuite1601553830097.run(TempTestSuite1601553830097.groovy:39)
Caused by: com.kms.katalon.core.webui.exception.WebElementNotFoundException: Web element with id: 'Object Repository/Property submission/owner/Page_Chiragh - Home/a_SELL' located by '//*[@id="collapsibleNavbar"]/ul/li[2]/a[count(. | //a[(text() = 'SELL' or . = 'SELL')]) = count(//a[(text() = 'SELL' or . = 'SELL')])]' not found
	at com.kms.katalon.core.webui.common.WebUiCommonHelper.findWebElement(WebUiCommonHelper.java:1368)
	at com.kms.katalon.core.webui.keyword.internal.WebUIAbstractKeyword.findWebElement(WebUIAbstractKeyword.groovy:27)
	at com.kms.katalon.core.webui.keyword.internal.WebUIAbstractKeyword.findWebElement(WebUIAbstractKeyword.groovy:26)
	at com.kms.katalon.core.webui.keyword.builtin.ClickKeyword$_click_closure1.doCall(ClickKeyword.groovy:67)
	at com.kms.katalon.core.webui.keyword.builtin.ClickKeyword$_click_closure1.call(ClickKeyword.groovy)
	at com.kms.katalon.core.webui.keyword.internal.WebUIKeywordMain.runKeyword(WebUIKeywordMain.groovy:20)
	at com.kms.katalon.core.webui.keyword.builtin.ClickKeyword.click(ClickKeyword.groovy:76)
	at com.kms.katalon.core.webui.keyword.builtin.ClickKeyword.execute(ClickKeyword.groovy:43)
	at com.kms.katalon.core.keyword.internal.KeywordExecutor.executeKeywordForPlatform(KeywordExecutor.groovy:73)
	at com.kms.katalon.core.webui.keyword.WebUiBuiltInKeywords.click(WebUiBuiltInKeywords.groovy:617)
	at com.kms.katalon.core.webui.keyword.WebUiBuiltInKeywords$click$3.call(Unknown Source)
	at Script1585302879813.run(Script1585302879813.groovy:35)
	... 13 more
)

2020-10-01 17:20:17 - [MESSAGE][INFO] - Unable to find the element located by 'By.xpath: //*[@id="collapsibleNavbar"]/ul/li[2]/a[count(. | //a[(text() = 'SELL' or . = 'SELL')]) = count(//a[(text() = 'SELL' or . = 'SELL')])]'. Please recheck the objects properties to make sure the desired element is located. 

2020-10-01 17:20:17 - [MESSAGE][FAILED] - Unable to click on object 'Object Repository/Property submission/owner/Page_Chiragh - Home/a_SELL' (Root cause: com.kms.katalon.core.exception.StepFailedException: Unable to click on object 'Object Repository/Property submission/owner/Page_Chiragh - Home/a_SELL'
	at com.kms.katalon.core.webui.keyword.internal.WebUIKeywordMain.stepFailed(WebUIKeywordMain.groovy:64)
	at com.kms.katalon.core.webui.keyword.internal.WebUIKeywordMain.runKeyword(WebUIKeywordMain.groovy:26)
	at com.kms.katalon.core.webui.keyword.builtin.ClickKeyword.click(ClickKeyword.groovy:76)
	at com.kms.katalon.core.webui.keyword.builtin.ClickKeyword.execute(ClickKeyword.groovy:43)
	at com.kms.katalon.core.keyword.internal.KeywordExecutor.executeKeywordForPlatform(KeywordExecutor.groovy:73)
	at com.kms.katalon.core.webui.keyword.WebUiBuiltInKeywords.click(WebUiBuiltInKeywords.groovy:617)
	at com.kms.katalon.core.webui.keyword.WebUiBuiltInKeywords$click$3.call(Unknown Source)
	at TC_PropertySubmissionForm_002.run(TC_PropertySubmissionForm_002:35)
	at com.kms.katalon.core.main.ScriptEngine.run(ScriptEngine.java:194)
	at com.kms.katalon.core.main.ScriptEngine.runScriptAsRawText(ScriptEngine.java:119)
	at com.kms.katalon.core.main.TestCaseExecutor.runScript(TestCaseExecutor.java:339)
	at com.kms.katalon.core.main.TestCaseExecutor.doExecute(TestCaseExecutor.java:330)
	at com.kms.katalon.core.main.TestCaseExecutor.processExecutionPhase(TestCaseExecutor.java:309)
	at com.kms.katalon.core.main.TestCaseExecutor.accessMainPhase(TestCaseExecutor.java:301)
	at com.kms.katalon.core.main.TestCaseExecutor.execute(TestCaseExecutor.java:235)
	at com.kms.katalon.core.main.TestSuiteExecutor.accessTestCaseMainPhase(TestSuiteExecutor.java:191)
	at com.kms.katalon.core.main.TestSuiteExecutor.accessTestSuiteMainPhase(TestSuiteExecutor.java:141)
	at com.kms.katalon.core.main.TestSuiteExecutor.execute(TestSuiteExecutor.java:90)
	at com.kms.katalon.core.main.TestCaseMain.startTestSuite(TestCaseMain.java:157)
	at com.kms.katalon.core.main.TestCaseMain$startTestSuite$0.call(Unknown Source)
	at TempTestSuite1601553830097.run(TempTestSuite1601553830097.groovy:39)
Caused by: com.kms.katalon.core.webui.exception.WebElementNotFoundException: Web element with id: 'Object Repository/Property submission/owner/Page_Chiragh - Home/a_SELL' located by '//*[@id="collapsibleNavbar"]/ul/li[2]/a[count(. | //a[(text() = 'SELL' or . = 'SELL')]) = count(//a[(text() = 'SELL' or . = 'SELL')])]' not found
	at com.kms.katalon.core.webui.common.WebUiCommonHelper.findWebElement(WebUiCommonHelper.java:1368)
	at com.kms.katalon.core.webui.keyword.internal.WebUIAbstractKeyword.findWebElement(WebUIAbstractKeyword.groovy:27)
	at com.kms.katalon.core.webui.keyword.internal.WebUIAbstractKeyword.findWebElement(WebUIAbstractKeyword.groovy:26)
	at com.kms.katalon.core.webui.keyword.builtin.ClickKeyword$_click_closure1.doCall(ClickKeyword.groovy:67)
	at com.kms.katalon.core.webui.keyword.builtin.ClickKeyword$_click_closure1.call(ClickKeyword.groovy)
	at com.kms.katalon.core.webui.keyword.internal.WebUIKeywordMain.runKeyword(WebUIKeywordMain.groovy:20)
	at com.kms.katalon.core.webui.keyword.builtin.ClickKeyword.click(ClickKeyword.groovy:76)
	at com.kms.katalon.core.webui.keyword.builtin.ClickKeyword.execute(ClickKeyword.groovy:43)
	at com.kms.katalon.core.keyword.internal.KeywordExecutor.executeKeywordForPlatform(KeywordExecutor.groovy:73)
	at com.kms.katalon.core.webui.keyword.WebUiBuiltInKeywords.click(WebUiBuiltInKeywords.groovy:617)
	at com.kms.katalon.core.webui.keyword.WebUiBuiltInKeywords$click$3.call(Unknown Source)
	at Script1585302879813.run(Script1585302879813.groovy:35)
	... 13 more
)
[[ATTACHMENT|C:\\Users\\hp\\git\\chiraghAdminPanel\\Reports\\20201001_170350\\SanityTests\\SanityTest\\20201001_170350\\1601554817008.png]]

2020-10-01 17:20:20 - [TEST_STEP][PASSED] - Video: Video recording for test case 'Test Cases/Front End/TC_PropertySubmissionForm_002' .

2020-10-01 17:20:20 - [MESSAGE][INFO] - Video recording for test case 'Test Cases/Front End/TC_PropertySubmissionForm_002' .
[[ATTACHMENT|C:\Users\hp\git\chiraghAdminPanel\Reports\20201001_170350\SanityTests\SanityTest\20201001_170350/videos\test_10.mov]]]]></system-out>
         <system-err><![CDATA[2020-10-01 17:18:25 - [TEST_CASE][FAILED] - Test Cases/Front End/TC_PropertySubmissionForm_002: Test Cases/Front End/TC_PropertySubmissionForm_002 FAILED.
Reason:
com.kms.katalon.core.exception.StepFailedException: Unable to click on object 'Object Repository/Property submission/owner/Page_Chiragh - Home/a_SELL'
	at com.kms.katalon.core.webui.keyword.internal.WebUIKeywordMain.stepFailed(WebUIKeywordMain.groovy:64)
	at com.kms.katalon.core.webui.keyword.internal.WebUIKeywordMain.runKeyword(WebUIKeywordMain.groovy:26)
	at com.kms.katalon.core.webui.keyword.builtin.ClickKeyword.click(ClickKeyword.groovy:76)
	at com.kms.katalon.core.webui.keyword.builtin.ClickKeyword.execute(ClickKeyword.groovy:43)
	at com.kms.katalon.core.keyword.internal.KeywordExecutor.executeKeywordForPlatform(KeywordExecutor.groovy:73)
	at com.kms.katalon.core.webui.keyword.WebUiBuiltInKeywords.click(WebUiBuiltInKeywords.groovy:617)
	at com.kms.katalon.core.webui.keyword.WebUiBuiltInKeywords$click$3.call(Unknown Source)
	at TC_PropertySubmissionForm_002.run(TC_PropertySubmissionForm_002:35)
	at com.kms.katalon.core.main.ScriptEngine.run(ScriptEngine.java:194)
	at com.kms.katalon.core.main.ScriptEngine.runScriptAsRawText(ScriptEngine.java:119)
	at com.kms.katalon.core.main.TestCaseExecutor.runScript(TestCaseExecutor.java:339)
	at com.kms.katalon.core.main.TestCaseExecutor.doExecute(TestCaseExecutor.java:330)
	at com.kms.katalon.core.main.TestCaseExecutor.processExecutionPhase(TestCaseExecutor.java:309)
	at com.kms.katalon.core.main.TestCaseExecutor.accessMainPhase(TestCaseExecutor.java:301)
	at com.kms.katalon.core.main.TestCaseExecutor.execute(TestCaseExecutor.java:235)
	at com.kms.katalon.core.main.TestSuiteExecutor.accessTestCaseMainPhase(TestSuiteExecutor.java:191)
	at com.kms.katalon.core.main.TestSuiteExecutor.accessTestSuiteMainPhase(TestSuiteExecutor.java:141)
	at com.kms.katalon.core.main.TestSuiteExecutor.execute(TestSuiteExecutor.java:90)
	at com.kms.katalon.core.main.TestCaseMain.startTestSuite(TestCaseMain.java:157)
	at com.kms.katalon.core.main.TestCaseMain$startTestSuite$0.call(Unknown Source)
	at TempTestSuite1601553830097.run(TempTestSuite1601553830097.groovy:39)
Caused by: com.kms.katalon.core.webui.exception.WebElementNotFoundException: Web element with id: 'Object Repository/Property submission/owner/Page_Chiragh - Home/a_SELL' located by '//*[@id="collapsibleNavbar"]/ul/li[2]/a[count(. | //a[(text() = 'SELL' or . = 'SELL')]) = count(//a[(text() = 'SELL' or . = 'SELL')])]' not found
	at com.kms.katalon.core.webui.common.WebUiCommonHelper.findWebElement(WebUiCommonHelper.java:1368)
	at com.kms.katalon.core.webui.keyword.internal.WebUIAbstractKeyword.findWebElement(WebUIAbstractKeyword.groovy:27)
	at com.kms.katalon.core.webui.keyword.internal.WebUIAbstractKeyword.findWebElement(WebUIAbstractKeyword.groovy:26)
	at com.kms.katalon.core.webui.keyword.builtin.ClickKeyword$_click_closure1.doCall(ClickKeyword.groovy:67)
	at com.kms.katalon.core.webui.keyword.builtin.ClickKeyword$_click_closure1.call(ClickKeyword.groovy)
	at com.kms.katalon.core.webui.keyword.internal.WebUIKeywordMain.runKeyword(WebUIKeywordMain.groovy:20)
	... 19 more]]></system-err>
      </testcase>
      <testcase name="Test Cases/Front End/TC_Subscribe_010" time="66.809" classname="Test Cases/Front End/TC_Subscribe_010" status="PASSED">
         <system-out><![CDATA[2020-10-01 17:20:20 - [TEST_CASE][PASSED] - Test Cases/Front End/TC_Subscribe_010: Test Cases/Front End/TC_Subscribe_010

2020-10-01 17:20:20 - [TEST_STEP][PASSED] - openBrowser(""): Browser is opened with url: ''

2020-10-01 17:20:21 - [MESSAGE][WARNING] - A browser is already opened. Closing browser and opening a new one

2020-10-01 17:20:22 - [MESSAGE][INFO] - Starting 'Chrome' driver

2020-10-01 17:20:22 - [MESSAGE][INFO] - Action delay is set to 0 milliseconds

2020-10-01 17:20:26 - [MESSAGE][PASSED] - Browser is opened with url: ''

2020-10-01 17:20:26 - [TEST_STEP][PASSED] - navigateToUrl(Url): Navigate to 'http://chiragh:AeBcm%231t@test.chiragh.com' successfully

2020-10-01 17:21:10 - [MESSAGE][PASSED] - Navigate to 'http://chiragh:AeBcm%231t@test.chiragh.com' successfully

2020-10-01 17:21:10 - [TEST_STEP][PASSED] - waitForPageLoad(20): Wait for page load successfully

2020-10-01 17:21:19 - [MESSAGE][PASSED] - Wait for page load successfully

2020-10-01 17:21:19 - [TEST_STEP][PASSED] - scrollToElement(findTestObject("Front End Objects/Subscribe/Page_Chiragh - Home/input_Newsletter_email"), 5): Scroll to object 'Object Repository/Front End Objects/Subscribe/Page_Chiragh - Home/input_Newsletter_email' successfully

2020-10-01 17:21:19 - [MESSAGE][PASSED] - Scroll to object 'Object Repository/Front End Objects/Subscribe/Page_Chiragh - Home/input_Newsletter_email' successfully

2020-10-01 17:21:19 - [TEST_STEP][PASSED] - email = RandomStringUtils.randomAlphanumeric(9): null

2020-10-01 17:21:19 - [TEST_STEP][PASSED] - setText(findTestObject("Object Repository/Front End Objects/Subscribe/Page_Chiragh - Home/input_Newsletter_email"), email + "@gmail.com"): Text 'vwNMP42VF@gmail.com' is set on object 'Object Repository/Front End Objects/Subscribe/Page_Chiragh - Home/input_Newsletter_email'

2020-10-01 17:21:21 - [MESSAGE][PASSED] - Text 'vwNMP42VF@gmail.com' is set on object 'Object Repository/Front End Objects/Subscribe/Page_Chiragh - Home/input_Newsletter_email'

2020-10-01 17:21:21 - [TEST_STEP][PASSED] - click(findTestObject("Object Repository/Front End Objects/Subscribe/Page_Chiragh - Home/button_Subscribe")): Object: 'Object Repository/Front End Objects/Subscribe/Page_Chiragh - Home/button_Subscribe' is clicked on

2020-10-01 17:21:21 - [MESSAGE][PASSED] - Object: 'Object Repository/Front End Objects/Subscribe/Page_Chiragh - Home/button_Subscribe' is clicked on

2020-10-01 17:21:21 - [TEST_STEP][PASSED] - verifyElementPresent(findTestObject("Object Repository/Front End Objects/Subscribe/Page_Chiragh - Home/div_You are now subscribed to our Newslette_4ff70c"), 5): Object 'Object Repository/Front End Objects/Subscribe/Page_Chiragh - Home/div_You are now subscribed to our Newslette_4ff70c' is present

2020-10-01 17:21:23 - [MESSAGE][PASSED] - Object 'Object Repository/Front End Objects/Subscribe/Page_Chiragh - Home/div_You are now subscribed to our Newslette_4ff70c' is present

2020-10-01 17:21:23 - [TEST_STEP][PASSED] - closeBrowser(): Browser is closed

2020-10-01 17:21:24 - [MESSAGE][PASSED] - Browser is closed

2020-10-01 17:21:26 - [TEST_STEP][PASSED] - Video: Video recording for test case 'Test Cases/Front End/TC_Subscribe_010' .

2020-10-01 17:21:26 - [MESSAGE][INFO] - Video recording for test case 'Test Cases/Front End/TC_Subscribe_010' .
[[ATTACHMENT|C:\Users\hp\git\chiraghAdminPanel\Reports\20201001_170350\SanityTests\SanityTest\20201001_170350/videos\test_11.mov]]]]></system-out>
         <system-err><![CDATA[]]></system-err>
      </testcase>
      <testcase name="Test Cases/Front End/TC_Exits_Profile" time="55.013" classname="Test Cases/Front End/TC_Exits_Profile" status="PASSED">
         <system-out><![CDATA[2020-10-01 17:21:26 - [TEST_CASE][PASSED] - Test Cases/Front End/TC_Exits_Profile: Test Cases/Front End/TC_Exits_Profile

2020-10-01 17:21:27 - [TEST_STEP][PASSED] - openBrowser(""): Browser is opened with url: ''

2020-10-01 17:21:27 - [MESSAGE][INFO] - Starting 'Chrome' driver

2020-10-01 17:21:27 - [MESSAGE][INFO] - Action delay is set to 0 milliseconds

2020-10-01 17:21:31 - [MESSAGE][PASSED] - Browser is opened with url: ''

2020-10-01 17:21:31 - [TEST_STEP][PASSED] - navigateToUrl(Url): Navigate to 'http://chiragh:AeBcm%231t@test.chiragh.com' successfully

2020-10-01 17:21:40 - [MESSAGE][PASSED] - Navigate to 'http://chiragh:AeBcm%231t@test.chiragh.com' successfully

2020-10-01 17:21:40 - [TEST_STEP][PASSED] - waitForPageLoad(10): Wait for page load successfully

2020-10-01 17:21:50 - [MESSAGE][PASSED] - Wait for page load successfully

2020-10-01 17:21:50 - [TEST_STEP][PASSED] - maximizeWindow(): Current window maximized

2020-10-01 17:21:53 - [MESSAGE][PASSED] - Current window maximized

2020-10-01 17:21:53 - [TEST_STEP][PASSED] - delay(3): Delayed 3 second(s)

2020-10-01 17:21:56 - [MESSAGE][PASSED] - Delayed 3 second(s)

2020-10-01 17:21:56 - [TEST_STEP][PASSED] - click(findTestObject("Object Repository/Front End Objects/ChangePasswordObject/Page_Chiragh - Home/a_ENG_dropdownMenuLink")): Object: 'Object Repository/Front End Objects/ChangePasswordObject/Page_Chiragh - Home/a_ENG_dropdownMenuLink' is clicked on

2020-10-01 17:21:56 - [MESSAGE][PASSED] - Object: 'Object Repository/Front End Objects/ChangePasswordObject/Page_Chiragh - Home/a_ENG_dropdownMenuLink' is clicked on

2020-10-01 17:21:56 - [TEST_STEP][PASSED] - click(findTestObject("Object Repository/Front End Objects/ChangePasswordObject/Page_Chiragh - Home/a_Login")): Object: 'Object Repository/Front End Objects/ChangePasswordObject/Page_Chiragh - Home/a_Login' is clicked on

2020-10-01 17:21:57 - [MESSAGE][PASSED] - Object: 'Object Repository/Front End Objects/ChangePasswordObject/Page_Chiragh - Home/a_Login' is clicked on

2020-10-01 17:21:57 - [TEST_STEP][PASSED] - setText(findTestObject("Object Repository/Front End Objects/ChangePasswordObject/Page_Chiragh - Login/input_Username_un"), userName): Text 'testbcm11%2bac@gmail.com' is set on object 'Object Repository/Front End Objects/ChangePasswordObject/Page_Chiragh - Login/input_Username_un'

2020-10-01 17:21:58 - [MESSAGE][PASSED] - Text 'testbcm11%2bac@gmail.com' is set on object 'Object Repository/Front End Objects/ChangePasswordObject/Page_Chiragh - Login/input_Username_un'

2020-10-01 17:21:58 - [TEST_STEP][PASSED] - setText(findTestObject("Object Repository/Front End Objects/ChangePasswordObject/Page_Chiragh - Login/input_Password_userPassword"), passWord): Text '1234567890' is set on object 'Object Repository/Front End Objects/ChangePasswordObject/Page_Chiragh - Login/input_Password_userPassword'

2020-10-01 17:21:59 - [MESSAGE][PASSED] - Text '1234567890' is set on object 'Object Repository/Front End Objects/ChangePasswordObject/Page_Chiragh - Login/input_Password_userPassword'

2020-10-01 17:21:59 - [TEST_STEP][PASSED] - delay(2): Delayed 2 second(s)

2020-10-01 17:22:01 - [MESSAGE][PASSED] - Delayed 2 second(s)

2020-10-01 17:22:01 - [TEST_STEP][PASSED] - click(findTestObject("Object Repository/Front End Objects/ChangePasswordObject/Page_Chiragh - Login/button_Log In")): Object: 'Object Repository/Front End Objects/ChangePasswordObject/Page_Chiragh - Login/button_Log In' is clicked on

2020-10-01 17:22:02 - [MESSAGE][PASSED] - Object: 'Object Repository/Front End Objects/ChangePasswordObject/Page_Chiragh - Login/button_Log In' is clicked on

2020-10-01 17:22:02 - [TEST_STEP][PASSED] - waitForPageLoad(10): Wait for page load successfully

2020-10-01 17:22:02 - [MESSAGE][PASSED] - Wait for page load successfully

2020-10-01 17:22:02 - [TEST_STEP][PASSED] - click(findTestObject("Object Repository/Front End Objects/ChangePasswordObject/Page_Chiragh - Home/a_ENG_dropdownMenuLink")): Object: 'Object Repository/Front End Objects/ChangePasswordObject/Page_Chiragh - Home/a_ENG_dropdownMenuLink' is clicked on

2020-10-01 17:22:05 - [MESSAGE][PASSED] - Object: 'Object Repository/Front End Objects/ChangePasswordObject/Page_Chiragh - Home/a_ENG_dropdownMenuLink' is clicked on

2020-10-01 17:22:05 - [TEST_STEP][PASSED] - click(findTestObject("Object Repository/Front End Objects/ChangePasswordObject/Page_Chiragh - Home/a_HI AutoChiragh")): Object: 'Object Repository/Front End Objects/ChangePasswordObject/Page_Chiragh - Home/a_HI AutoChiragh' is clicked on

2020-10-01 17:22:06 - [MESSAGE][PASSED] - Object: 'Object Repository/Front End Objects/ChangePasswordObject/Page_Chiragh - Home/a_HI AutoChiragh' is clicked on

2020-10-01 17:22:06 - [TEST_STEP][PASSED] - delay(2): Delayed 2 second(s)

2020-10-01 17:22:08 - [MESSAGE][PASSED] - Delayed 2 second(s)

2020-10-01 17:22:08 - [TEST_STEP][PASSED] - click(findTestObject("Object Repository/Front End Objects/ExitsProfile/Page_Chiragh - Dashborad Home/h2_Hi Auto Chiragh")): Object: 'Object Repository/Front End Objects/ExitsProfile/Page_Chiragh - Dashborad Home/h2_Hi Auto Chiragh' is clicked on

2020-10-01 17:22:09 - [MESSAGE][PASSED] - Object: 'Object Repository/Front End Objects/ExitsProfile/Page_Chiragh - Dashborad Home/h2_Hi Auto Chiragh' is clicked on

2020-10-01 17:22:09 - [TEST_STEP][PASSED] - click(findTestObject("Object Repository/Front End Objects/ExitsProfile/Page_Chiragh - Dashborad Home/a")): Object: 'Object Repository/Front End Objects/ExitsProfile/Page_Chiragh - Dashborad Home/a' is clicked on

2020-10-01 17:22:09 - [MESSAGE][PASSED] - Object: 'Object Repository/Front End Objects/ExitsProfile/Page_Chiragh - Dashborad Home/a' is clicked on

2020-10-01 17:22:09 - [TEST_STEP][PASSED] - delay(2): Delayed 2 second(s)

2020-10-01 17:22:11 - [MESSAGE][PASSED] - Delayed 2 second(s)

2020-10-01 17:22:11 - [TEST_STEP][PASSED] - click(findTestObject("Object Repository/Front End Objects/ExitsProfile/Page_Chiragh - Dashborad Home/a_ Exit profile")): Object: 'Object Repository/Front End Objects/ExitsProfile/Page_Chiragh - Dashborad Home/a_ Exit profile' is clicked on

2020-10-01 17:22:12 - [MESSAGE][PASSED] - Object: 'Object Repository/Front End Objects/ExitsProfile/Page_Chiragh - Dashborad Home/a_ Exit profile' is clicked on

2020-10-01 17:22:12 - [TEST_STEP][PASSED] - click(findTestObject("Object Repository/Front End Objects/ExitsProfile/Page_Chiragh - Home/h1_Dubais Leading Online Real Estate Auction")): Object: 'Object Repository/Front End Objects/ExitsProfile/Page_Chiragh - Home/h1_Dubais Leading Online Real Estate Auction' is clicked on

2020-10-01 17:22:14 - [MESSAGE][PASSED] - Object: 'Object Repository/Front End Objects/ExitsProfile/Page_Chiragh - Home/h1_Dubais Leading Online Real Estate Auction' is clicked on

2020-10-01 17:22:14 - [TEST_STEP][PASSED] - click(findTestObject("Object Repository/Front End Objects/ExitsProfile/Page_Chiragh - Home/a_ENG_dropdownMenuLink")): Object: 'Object Repository/Front End Objects/ExitsProfile/Page_Chiragh - Home/a_ENG_dropdownMenuLink' is clicked on

2020-10-01 17:22:15 - [MESSAGE][PASSED] - Object: 'Object Repository/Front End Objects/ExitsProfile/Page_Chiragh - Home/a_ENG_dropdownMenuLink' is clicked on

2020-10-01 17:22:15 - [TEST_STEP][PASSED] - click(findTestObject("Object Repository/Front End Objects/ExitsProfile/Page_Chiragh - Home/a_Logout")): Object: 'Object Repository/Front End Objects/ExitsProfile/Page_Chiragh - Home/a_Logout' is clicked on

2020-10-01 17:22:16 - [MESSAGE][PASSED] - Object: 'Object Repository/Front End Objects/ExitsProfile/Page_Chiragh - Home/a_Logout' is clicked on

2020-10-01 17:22:16 - [TEST_STEP][PASSED] - delay(2): Delayed 2 second(s)

2020-10-01 17:22:18 - [MESSAGE][PASSED] - Delayed 2 second(s)

2020-10-01 17:22:18 - [TEST_STEP][PASSED] - closeBrowser(): Browser is closed

2020-10-01 17:22:19 - [MESSAGE][PASSED] - Browser is closed

2020-10-01 17:22:21 - [TEST_STEP][PASSED] - Video: Video recording for test case 'Test Cases/Front End/TC_Exits_Profile' .

2020-10-01 17:22:21 - [MESSAGE][INFO] - Video recording for test case 'Test Cases/Front End/TC_Exits_Profile' .
[[ATTACHMENT|C:\Users\hp\git\chiraghAdminPanel\Reports\20201001_170350\SanityTests\SanityTest\20201001_170350/videos\test_12.mov]]]]></system-out>
         <system-err><![CDATA[]]></system-err>
      </testcase>
      <testcase name="Test Cases/Front End/TC_Logout" time="49.717" classname="Test Cases/Front End/TC_Logout" status="FAILED">
         <failure type="FAILED" message="Test Cases/Front End/TC_Logout FAILED.
Reason:
com.kms.katalon.core.exception.StepFailedException: Unable to verify object 'Object Repository/Page_Chiragh - Home/h1_Property investment beyond borders' is present
	at com.kms.katalon.core.webui.keyword.internal.WebUIKeywordMain.stepFailed(WebUIKeywordMain.groovy:64)
	at com.kms.katalon.core.webui.keyword.internal.WebUIKeywordMain.runKeyword(WebUIKeywordMain.groovy:26)
	at com.kms.katalon.core.webui.keyword.builtin.VerifyElementPresentKeyword.verifyElementPresent(VerifyElementPresentKeyword.groovy:92)
	at com.kms.katalon.core.webui.keyword.builtin.VerifyElementPresentKeyword.execute(VerifyElementPresentKeyword.groovy:68)
	at com.kms.katalon.core.keyword.internal.KeywordExecutor.executeKeywordForPlatform(KeywordExecutor.groovy:73)
	at com.kms.katalon.core.webui.keyword.WebUiBuiltInKeywords.verifyElementPresent(WebUiBuiltInKeywords.groovy:1461)
	at com.kms.katalon.core.webui.keyword.WebUiBuiltInKeywords$verifyElementPresent$10.call(Unknown Source)
	at TC_Logout.run(TC_Logout:44)
	at com.kms.katalon.core.main.ScriptEngine.run(ScriptEngine.java:194)
	at com.kms.katalon.core.main.ScriptEngine.runScriptAsRawText(ScriptEngine.java:119)
	at com.kms.katalon.core.main.TestCaseExecutor.runScript(TestCaseExecutor.java:339)
	at com.kms.katalon.core.main.TestCaseExecutor.doExecute(TestCaseExecutor.java:330)
	at com.kms.katalon.core.main.TestCaseExecutor.processExecutionPhase(TestCaseExecutor.java:309)
	at com.kms.katalon.core.main.TestCaseExecutor.accessMainPhase(TestCaseExecutor.java:301)
	at com.kms.katalon.core.main.TestCaseExecutor.execute(TestCaseExecutor.java:235)
	at com.kms.katalon.core.main.TestSuiteExecutor.accessTestCaseMainPhase(TestSuiteExecutor.java:191)
	at com.kms.katalon.core.main.TestSuiteExecutor.accessTestSuiteMainPhase(TestSuiteExecutor.java:141)
	at com.kms.katalon.core.main.TestSuiteExecutor.execute(TestSuiteExecutor.java:90)
	at com.kms.katalon.core.main.TestCaseMain.startTestSuite(TestCaseMain.java:157)
	at com.kms.katalon.core.main.TestCaseMain$startTestSuite$0.call(Unknown Source)
	at TempTestSuite1601553830097.run(TempTestSuite1601553830097.groovy:39)
Caused by: com.kms.katalon.core.exception.StepFailedException: com.kms.katalon.core.webui.exception.WebElementNotFoundException: Web element with id: 'Object Repository/Page_Chiragh - Home/h1_Property investment beyond borders' located by '(.//*[normalize-space(text()) and normalize-space(.)='Register'])[1]/following::h1[1]' not found
	at com.kms.katalon.core.webui.keyword.internal.WebUIKeywordMain.stepFailed(WebUIKeywordMain.groovy:64)
	at com.kms.katalon.core.webui.keyword.builtin.VerifyElementPresentKeyword$_verifyElementPresent_closure1.doCall(VerifyElementPresentKeyword.groovy:85)
	at com.kms.katalon.core.webui.keyword.builtin.VerifyElementPresentKeyword$_verifyElementPresent_closure1.call(VerifyElementPresentKeyword.groovy)
	at com.kms.katalon.core.webui.keyword.internal.WebUIKeywordMain.runKeyword(WebUIKeywordMain.groovy:20)
	... 19 more
"/>
         <system-out><![CDATA[2020-10-01 17:22:21 - [TEST_CASE][FAILED] - Test Cases/Front End/TC_Logout: Test Cases/Front End/TC_Logout FAILED.
Reason:
com.kms.katalon.core.exception.StepFailedException: Unable to verify object 'Object Repository/Page_Chiragh - Home/h1_Property investment beyond borders' is present
	at com.kms.katalon.core.webui.keyword.internal.WebUIKeywordMain.stepFailed(WebUIKeywordMain.groovy:64)
	at com.kms.katalon.core.webui.keyword.internal.WebUIKeywordMain.runKeyword(WebUIKeywordMain.groovy:26)
	at com.kms.katalon.core.webui.keyword.builtin.VerifyElementPresentKeyword.verifyElementPresent(VerifyElementPresentKeyword.groovy:92)
	at com.kms.katalon.core.webui.keyword.builtin.VerifyElementPresentKeyword.execute(VerifyElementPresentKeyword.groovy:68)
	at com.kms.katalon.core.keyword.internal.KeywordExecutor.executeKeywordForPlatform(KeywordExecutor.groovy:73)
	at com.kms.katalon.core.webui.keyword.WebUiBuiltInKeywords.verifyElementPresent(WebUiBuiltInKeywords.groovy:1461)
	at com.kms.katalon.core.webui.keyword.WebUiBuiltInKeywords$verifyElementPresent$10.call(Unknown Source)
	at TC_Logout.run(TC_Logout:44)
	at com.kms.katalon.core.main.ScriptEngine.run(ScriptEngine.java:194)
	at com.kms.katalon.core.main.ScriptEngine.runScriptAsRawText(ScriptEngine.java:119)
	at com.kms.katalon.core.main.TestCaseExecutor.runScript(TestCaseExecutor.java:339)
	at com.kms.katalon.core.main.TestCaseExecutor.doExecute(TestCaseExecutor.java:330)
	at com.kms.katalon.core.main.TestCaseExecutor.processExecutionPhase(TestCaseExecutor.java:309)
	at com.kms.katalon.core.main.TestCaseExecutor.accessMainPhase(TestCaseExecutor.java:301)
	at com.kms.katalon.core.main.TestCaseExecutor.execute(TestCaseExecutor.java:235)
	at com.kms.katalon.core.main.TestSuiteExecutor.accessTestCaseMainPhase(TestSuiteExecutor.java:191)
	at com.kms.katalon.core.main.TestSuiteExecutor.accessTestSuiteMainPhase(TestSuiteExecutor.java:141)
	at com.kms.katalon.core.main.TestSuiteExecutor.execute(TestSuiteExecutor.java:90)
	at com.kms.katalon.core.main.TestCaseMain.startTestSuite(TestCaseMain.java:157)
	at com.kms.katalon.core.main.TestCaseMain$startTestSuite$0.call(Unknown Source)
	at TempTestSuite1601553830097.run(TempTestSuite1601553830097.groovy:39)
Caused by: com.kms.katalon.core.exception.StepFailedException: com.kms.katalon.core.webui.exception.WebElementNotFoundException: Web element with id: 'Object Repository/Page_Chiragh - Home/h1_Property investment beyond borders' located by '(.//*[normalize-space(text()) and normalize-space(.)='Register'])[1]/following::h1[1]' not found
	at com.kms.katalon.core.webui.keyword.internal.WebUIKeywordMain.stepFailed(WebUIKeywordMain.groovy:64)
	at com.kms.katalon.core.webui.keyword.builtin.VerifyElementPresentKeyword$_verifyElementPresent_closure1.doCall(VerifyElementPresentKeyword.groovy:85)
	at com.kms.katalon.core.webui.keyword.builtin.VerifyElementPresentKeyword$_verifyElementPresent_closure1.call(VerifyElementPresentKeyword.groovy)
	at com.kms.katalon.core.webui.keyword.internal.WebUIKeywordMain.runKeyword(WebUIKeywordMain.groovy:20)
	... 19 more


2020-10-01 17:22:22 - [TEST_STEP][PASSED] - openBrowser(""): Browser is opened with url: ''

2020-10-01 17:22:22 - [MESSAGE][INFO] - Starting 'Chrome' driver

2020-10-01 17:22:22 - [MESSAGE][INFO] - Action delay is set to 0 milliseconds

2020-10-01 17:22:26 - [MESSAGE][PASSED] - Browser is opened with url: ''

2020-10-01 17:22:26 - [TEST_STEP][PASSED] - navigateToUrl(Url): Navigate to 'http://chiragh:AeBcm%231t@test.chiragh.com' successfully

2020-10-01 17:22:34 - [MESSAGE][PASSED] - Navigate to 'http://chiragh:AeBcm%231t@test.chiragh.com' successfully

2020-10-01 17:22:34 - [TEST_STEP][PASSED] - waitForPageLoad(60): Wait for page load successfully

2020-10-01 17:22:47 - [MESSAGE][PASSED] - Wait for page load successfully

2020-10-01 17:22:47 - [TEST_STEP][PASSED] - maximizeWindow(): Current window maximized

2020-10-01 17:22:50 - [MESSAGE][PASSED] - Current window maximized

2020-10-01 17:22:50 - [TEST_STEP][PASSED] - delay(3): Delayed 3 second(s)

2020-10-01 17:22:53 - [MESSAGE][PASSED] - Delayed 3 second(s)

2020-10-01 17:22:53 - [TEST_STEP][PASSED] - click(findTestObject("Object Repository/Front End Objects/Logout/Page_Chiragh - Home/a_ENG_dropdownMenuLink")): Object: 'Object Repository/Front End Objects/Logout/Page_Chiragh - Home/a_ENG_dropdownMenuLink' is clicked on

2020-10-01 17:22:53 - [MESSAGE][PASSED] - Object: 'Object Repository/Front End Objects/Logout/Page_Chiragh - Home/a_ENG_dropdownMenuLink' is clicked on

2020-10-01 17:22:53 - [TEST_STEP][PASSED] - click(findTestObject("Object Repository/Front End Objects/Logout/Page_Chiragh - Home/a_Login")): Object: 'Object Repository/Front End Objects/Logout/Page_Chiragh - Home/a_Login' is clicked on

2020-10-01 17:22:54 - [MESSAGE][PASSED] - Object: 'Object Repository/Front End Objects/Logout/Page_Chiragh - Home/a_Login' is clicked on

2020-10-01 17:22:54 - [TEST_STEP][PASSED] - delay(2): Delayed 2 second(s)

2020-10-01 17:22:56 - [MESSAGE][PASSED] - Delayed 2 second(s)

2020-10-01 17:22:56 - [TEST_STEP][PASSED] - setText(findTestObject("Object Repository/Front End Objects/Logout/Page_Chiragh - Login/input_Username_un"), userName): Text 'testbcm11%2bac@gmail.com' is set on object 'Object Repository/Front End Objects/Logout/Page_Chiragh - Login/input_Username_un'

2020-10-01 17:22:57 - [MESSAGE][PASSED] - Text 'testbcm11%2bac@gmail.com' is set on object 'Object Repository/Front End Objects/Logout/Page_Chiragh - Login/input_Username_un'

2020-10-01 17:22:57 - [TEST_STEP][PASSED] - setEncryptedText(findTestObject("Object Repository/Front End Objects/Logout/Page_Chiragh - Login/input_Password_userPassword"), "RigbBhfdqOBDK95asqKeHw=="): Text ****** has been set on object 'Object Repository/Front End Objects/Logout/Page_Chiragh - Login/input_Password_userPassword'

2020-10-01 17:22:57 - [MESSAGE][PASSED] - Text ****** has been set on object 'Object Repository/Front End Objects/Logout/Page_Chiragh - Login/input_Password_userPassword'

2020-10-01 17:22:57 - [TEST_STEP][PASSED] - click(findTestObject("Object Repository/Front End Objects/Logout/Page_Chiragh - Login/button_Log In")): Object: 'Object Repository/Front End Objects/Logout/Page_Chiragh - Login/button_Log In' is clicked on

2020-10-01 17:22:58 - [MESSAGE][PASSED] - Object: 'Object Repository/Front End Objects/Logout/Page_Chiragh - Login/button_Log In' is clicked on

2020-10-01 17:22:58 - [TEST_STEP][PASSED] - delay(5): Delayed 5 second(s)

2020-10-01 17:23:03 - [MESSAGE][PASSED] - Delayed 5 second(s)

2020-10-01 17:23:03 - [TEST_STEP][FAILED] - verifyElementPresent(findTestObject("Page_Chiragh - Home/h1_Property investment beyond borders"), 3): Unable to verify object 'Object Repository/Page_Chiragh - Home/h1_Property investment beyond borders' is present (Root cause: com.kms.katalon.core.exception.StepFailedException: Unable to verify object 'Object Repository/Page_Chiragh - Home/h1_Property investment beyond borders' is present
	at com.kms.katalon.core.webui.keyword.internal.WebUIKeywordMain.stepFailed(WebUIKeywordMain.groovy:64)
	at com.kms.katalon.core.webui.keyword.internal.WebUIKeywordMain.runKeyword(WebUIKeywordMain.groovy:26)
	at com.kms.katalon.core.webui.keyword.builtin.VerifyElementPresentKeyword.verifyElementPresent(VerifyElementPresentKeyword.groovy:92)
	at com.kms.katalon.core.webui.keyword.builtin.VerifyElementPresentKeyword.execute(VerifyElementPresentKeyword.groovy:68)
	at com.kms.katalon.core.keyword.internal.KeywordExecutor.executeKeywordForPlatform(KeywordExecutor.groovy:73)
	at com.kms.katalon.core.webui.keyword.WebUiBuiltInKeywords.verifyElementPresent(WebUiBuiltInKeywords.groovy:1461)
	at com.kms.katalon.core.webui.keyword.WebUiBuiltInKeywords$verifyElementPresent$10.call(Unknown Source)
	at TC_Logout.run(TC_Logout:44)
	at com.kms.katalon.core.main.ScriptEngine.run(ScriptEngine.java:194)
	at com.kms.katalon.core.main.ScriptEngine.runScriptAsRawText(ScriptEngine.java:119)
	at com.kms.katalon.core.main.TestCaseExecutor.runScript(TestCaseExecutor.java:339)
	at com.kms.katalon.core.main.TestCaseExecutor.doExecute(TestCaseExecutor.java:330)
	at com.kms.katalon.core.main.TestCaseExecutor.processExecutionPhase(TestCaseExecutor.java:309)
	at com.kms.katalon.core.main.TestCaseExecutor.accessMainPhase(TestCaseExecutor.java:301)
	at com.kms.katalon.core.main.TestCaseExecutor.execute(TestCaseExecutor.java:235)
	at com.kms.katalon.core.main.TestSuiteExecutor.accessTestCaseMainPhase(TestSuiteExecutor.java:191)
	at com.kms.katalon.core.main.TestSuiteExecutor.accessTestSuiteMainPhase(TestSuiteExecutor.java:141)
	at com.kms.katalon.core.main.TestSuiteExecutor.execute(TestSuiteExecutor.java:90)
	at com.kms.katalon.core.main.TestCaseMain.startTestSuite(TestCaseMain.java:157)
	at com.kms.katalon.core.main.TestCaseMain$startTestSuite$0.call(Unknown Source)
	at TempTestSuite1601553830097.run(TempTestSuite1601553830097.groovy:39)
Caused by: com.kms.katalon.core.exception.StepFailedException: com.kms.katalon.core.webui.exception.WebElementNotFoundException: Web element with id: 'Object Repository/Page_Chiragh - Home/h1_Property investment beyond borders' located by '(.//*[normalize-space(text()) and normalize-space(.)='Register'])[1]/following::h1[1]' not found
	at com.kms.katalon.core.webui.keyword.internal.WebUIKeywordMain.stepFailed(WebUIKeywordMain.groovy:64)
	at com.kms.katalon.core.webui.keyword.builtin.VerifyElementPresentKeyword$_verifyElementPresent_closure1.doCall(VerifyElementPresentKeyword.groovy:85)
	at com.kms.katalon.core.webui.keyword.builtin.VerifyElementPresentKeyword$_verifyElementPresent_closure1.call(VerifyElementPresentKeyword.groovy)
	at com.kms.katalon.core.webui.keyword.internal.WebUIKeywordMain.runKeyword(WebUIKeywordMain.groovy:20)
	... 19 more
)

2020-10-01 17:23:07 - [MESSAGE][INFO] - Unable to find the element located by 'By.xpath: (.//*[normalize-space(text()) and normalize-space(.)='Register'])[1]/following::h1[1]'. Please recheck the objects properties to make sure the desired element is located. 

2020-10-01 17:23:08 - [MESSAGE][FAILED] - com.kms.katalon.core.webui.exception.WebElementNotFoundException: Web element with id: 'Object Repository/Page_Chiragh - Home/h1_Property investment beyond borders' located by '(.//*[normalize-space(text()) and normalize-space(.)='Register'])[1]/following::h1[1]' not found (Root cause: com.kms.katalon.core.exception.StepFailedException: com.kms.katalon.core.webui.exception.WebElementNotFoundException: Web element with id: 'Object Repository/Page_Chiragh - Home/h1_Property investment beyond borders' located by '(.//*[normalize-space(text()) and normalize-space(.)='Register'])[1]/following::h1[1]' not found
	at com.kms.katalon.core.webui.keyword.internal.WebUIKeywordMain.stepFailed(WebUIKeywordMain.groovy:64)
	at com.kms.katalon.core.webui.keyword.builtin.VerifyElementPresentKeyword$_verifyElementPresent_closure1.doCall(VerifyElementPresentKeyword.groovy:85)
	at com.kms.katalon.core.webui.keyword.builtin.VerifyElementPresentKeyword$_verifyElementPresent_closure1.call(VerifyElementPresentKeyword.groovy)
	at com.kms.katalon.core.webui.keyword.internal.WebUIKeywordMain.runKeyword(WebUIKeywordMain.groovy:20)
	at com.kms.katalon.core.webui.keyword.builtin.VerifyElementPresentKeyword.verifyElementPresent(VerifyElementPresentKeyword.groovy:92)
	at com.kms.katalon.core.webui.keyword.builtin.VerifyElementPresentKeyword.execute(VerifyElementPresentKeyword.groovy:68)
	at com.kms.katalon.core.keyword.internal.KeywordExecutor.executeKeywordForPlatform(KeywordExecutor.groovy:73)
	at com.kms.katalon.core.webui.keyword.WebUiBuiltInKeywords.verifyElementPresent(WebUiBuiltInKeywords.groovy:1461)
	at com.kms.katalon.core.webui.keyword.WebUiBuiltInKeywords$verifyElementPresent$10.call(Unknown Source)
	at TC_Logout.run(TC_Logout:44)
	at com.kms.katalon.core.main.ScriptEngine.run(ScriptEngine.java:194)
	at com.kms.katalon.core.main.ScriptEngine.runScriptAsRawText(ScriptEngine.java:119)
	at com.kms.katalon.core.main.TestCaseExecutor.runScript(TestCaseExecutor.java:339)
	at com.kms.katalon.core.main.TestCaseExecutor.doExecute(TestCaseExecutor.java:330)
	at com.kms.katalon.core.main.TestCaseExecutor.processExecutionPhase(TestCaseExecutor.java:309)
	at com.kms.katalon.core.main.TestCaseExecutor.accessMainPhase(TestCaseExecutor.java:301)
	at com.kms.katalon.core.main.TestCaseExecutor.execute(TestCaseExecutor.java:235)
	at com.kms.katalon.core.main.TestSuiteExecutor.accessTestCaseMainPhase(TestSuiteExecutor.java:191)
	at com.kms.katalon.core.main.TestSuiteExecutor.accessTestSuiteMainPhase(TestSuiteExecutor.java:141)
	at com.kms.katalon.core.main.TestSuiteExecutor.execute(TestSuiteExecutor.java:90)
	at com.kms.katalon.core.main.TestCaseMain.startTestSuite(TestCaseMain.java:157)
	at com.kms.katalon.core.main.TestCaseMain$startTestSuite$0.call(Unknown Source)
	at TempTestSuite1601553830097.run(TempTestSuite1601553830097.groovy:39)
)
[[ATTACHMENT|C:\\Users\\hp\\git\\chiraghAdminPanel\\Reports\\20201001_170350\\SanityTests\\SanityTest\\20201001_170350\\1601554987527.png]]

2020-10-01 17:23:09 - [MESSAGE][FAILED] - Unable to verify object 'Object Repository/Page_Chiragh - Home/h1_Property investment beyond borders' is present (Root cause: com.kms.katalon.core.exception.StepFailedException: Unable to verify object 'Object Repository/Page_Chiragh - Home/h1_Property investment beyond borders' is present
	at com.kms.katalon.core.webui.keyword.internal.WebUIKeywordMain.stepFailed(WebUIKeywordMain.groovy:64)
	at com.kms.katalon.core.webui.keyword.internal.WebUIKeywordMain.runKeyword(WebUIKeywordMain.groovy:26)
	at com.kms.katalon.core.webui.keyword.builtin.VerifyElementPresentKeyword.verifyElementPresent(VerifyElementPresentKeyword.groovy:92)
	at com.kms.katalon.core.webui.keyword.builtin.VerifyElementPresentKeyword.execute(VerifyElementPresentKeyword.groovy:68)
	at com.kms.katalon.core.keyword.internal.KeywordExecutor.executeKeywordForPlatform(KeywordExecutor.groovy:73)
	at com.kms.katalon.core.webui.keyword.WebUiBuiltInKeywords.verifyElementPresent(WebUiBuiltInKeywords.groovy:1461)
	at com.kms.katalon.core.webui.keyword.WebUiBuiltInKeywords$verifyElementPresent$10.call(Unknown Source)
	at TC_Logout.run(TC_Logout:44)
	at com.kms.katalon.core.main.ScriptEngine.run(ScriptEngine.java:194)
	at com.kms.katalon.core.main.ScriptEngine.runScriptAsRawText(ScriptEngine.java:119)
	at com.kms.katalon.core.main.TestCaseExecutor.runScript(TestCaseExecutor.java:339)
	at com.kms.katalon.core.main.TestCaseExecutor.doExecute(TestCaseExecutor.java:330)
	at com.kms.katalon.core.main.TestCaseExecutor.processExecutionPhase(TestCaseExecutor.java:309)
	at com.kms.katalon.core.main.TestCaseExecutor.accessMainPhase(TestCaseExecutor.java:301)
	at com.kms.katalon.core.main.TestCaseExecutor.execute(TestCaseExecutor.java:235)
	at com.kms.katalon.core.main.TestSuiteExecutor.accessTestCaseMainPhase(TestSuiteExecutor.java:191)
	at com.kms.katalon.core.main.TestSuiteExecutor.accessTestSuiteMainPhase(TestSuiteExecutor.java:141)
	at com.kms.katalon.core.main.TestSuiteExecutor.execute(TestSuiteExecutor.java:90)
	at com.kms.katalon.core.main.TestCaseMain.startTestSuite(TestCaseMain.java:157)
	at com.kms.katalon.core.main.TestCaseMain$startTestSuite$0.call(Unknown Source)
	at TempTestSuite1601553830097.run(TempTestSuite1601553830097.groovy:39)
Caused by: com.kms.katalon.core.exception.StepFailedException: com.kms.katalon.core.webui.exception.WebElementNotFoundException: Web element with id: 'Object Repository/Page_Chiragh - Home/h1_Property investment beyond borders' located by '(.//*[normalize-space(text()) and normalize-space(.)='Register'])[1]/following::h1[1]' not found
	at com.kms.katalon.core.webui.keyword.internal.WebUIKeywordMain.stepFailed(WebUIKeywordMain.groovy:64)
	at com.kms.katalon.core.webui.keyword.builtin.VerifyElementPresentKeyword$_verifyElementPresent_closure1.doCall(VerifyElementPresentKeyword.groovy:85)
	at com.kms.katalon.core.webui.keyword.builtin.VerifyElementPresentKeyword$_verifyElementPresent_closure1.call(VerifyElementPresentKeyword.groovy)
	at com.kms.katalon.core.webui.keyword.internal.WebUIKeywordMain.runKeyword(WebUIKeywordMain.groovy:20)
	... 19 more
)
[[ATTACHMENT|C:\\Users\\hp\\git\\chiraghAdminPanel\\Reports\\20201001_170350\\SanityTests\\SanityTest\\20201001_170350\\1601554988430.png]]

2020-10-01 17:23:11 - [TEST_STEP][PASSED] - Video: Video recording for test case 'Test Cases/Front End/TC_Logout' .

2020-10-01 17:23:11 - [MESSAGE][INFO] - Video recording for test case 'Test Cases/Front End/TC_Logout' .
[[ATTACHMENT|C:\Users\hp\git\chiraghAdminPanel\Reports\20201001_170350\SanityTests\SanityTest\20201001_170350/videos\test_13.mov]]]]></system-out>
         <system-err><![CDATA[2020-10-01 17:22:21 - [TEST_CASE][FAILED] - Test Cases/Front End/TC_Logout: Test Cases/Front End/TC_Logout FAILED.
Reason:
com.kms.katalon.core.exception.StepFailedException: Unable to verify object 'Object Repository/Page_Chiragh - Home/h1_Property investment beyond borders' is present
	at com.kms.katalon.core.webui.keyword.internal.WebUIKeywordMain.stepFailed(WebUIKeywordMain.groovy:64)
	at com.kms.katalon.core.webui.keyword.internal.WebUIKeywordMain.runKeyword(WebUIKeywordMain.groovy:26)
	at com.kms.katalon.core.webui.keyword.builtin.VerifyElementPresentKeyword.verifyElementPresent(VerifyElementPresentKeyword.groovy:92)
	at com.kms.katalon.core.webui.keyword.builtin.VerifyElementPresentKeyword.execute(VerifyElementPresentKeyword.groovy:68)
	at com.kms.katalon.core.keyword.internal.KeywordExecutor.executeKeywordForPlatform(KeywordExecutor.groovy:73)
	at com.kms.katalon.core.webui.keyword.WebUiBuiltInKeywords.verifyElementPresent(WebUiBuiltInKeywords.groovy:1461)
	at com.kms.katalon.core.webui.keyword.WebUiBuiltInKeywords$verifyElementPresent$10.call(Unknown Source)
	at TC_Logout.run(TC_Logout:44)
	at com.kms.katalon.core.main.ScriptEngine.run(ScriptEngine.java:194)
	at com.kms.katalon.core.main.ScriptEngine.runScriptAsRawText(ScriptEngine.java:119)
	at com.kms.katalon.core.main.TestCaseExecutor.runScript(TestCaseExecutor.java:339)
	at com.kms.katalon.core.main.TestCaseExecutor.doExecute(TestCaseExecutor.java:330)
	at com.kms.katalon.core.main.TestCaseExecutor.processExecutionPhase(TestCaseExecutor.java:309)
	at com.kms.katalon.core.main.TestCaseExecutor.accessMainPhase(TestCaseExecutor.java:301)
	at com.kms.katalon.core.main.TestCaseExecutor.execute(TestCaseExecutor.java:235)
	at com.kms.katalon.core.main.TestSuiteExecutor.accessTestCaseMainPhase(TestSuiteExecutor.java:191)
	at com.kms.katalon.core.main.TestSuiteExecutor.accessTestSuiteMainPhase(TestSuiteExecutor.java:141)
	at com.kms.katalon.core.main.TestSuiteExecutor.execute(TestSuiteExecutor.java:90)
	at com.kms.katalon.core.main.TestCaseMain.startTestSuite(TestCaseMain.java:157)
	at com.kms.katalon.core.main.TestCaseMain$startTestSuite$0.call(Unknown Source)
	at TempTestSuite1601553830097.run(TempTestSuite1601553830097.groovy:39)
Caused by: com.kms.katalon.core.exception.StepFailedException: com.kms.katalon.core.webui.exception.WebElementNotFoundException: Web element with id: 'Object Repository/Page_Chiragh - Home/h1_Property investment beyond borders' located by '(.//*[normalize-space(text()) and normalize-space(.)='Register'])[1]/following::h1[1]' not found
	at com.kms.katalon.core.webui.keyword.internal.WebUIKeywordMain.stepFailed(WebUIKeywordMain.groovy:64)
	at com.kms.katalon.core.webui.keyword.builtin.VerifyElementPresentKeyword$_verifyElementPresent_closure1.doCall(VerifyElementPresentKeyword.groovy:85)
	at com.kms.katalon.core.webui.keyword.builtin.VerifyElementPresentKeyword$_verifyElementPresent_closure1.call(VerifyElementPresentKeyword.groovy)
	at com.kms.katalon.core.webui.keyword.internal.WebUIKeywordMain.runKeyword(WebUIKeywordMain.groovy:20)
	... 19 more]]></system-err>
      </testcase>
      <testcase name="Test Cases/Front End/TC_BusinessChiragh" time="51.555" classname="Test Cases/Front End/TC_BusinessChiragh" status="FAILED">
         <failure type="FAILED" message="Test Cases/Front End/TC_BusinessChiragh FAILED.
Reason:
com.kms.katalon.core.exception.StepFailedException: Unable to navigate to 'http://business.chiragh.com/'
	at com.kms.katalon.core.webui.keyword.internal.WebUIKeywordMain.stepFailed(WebUIKeywordMain.groovy:64)
	at com.kms.katalon.core.webui.keyword.internal.WebUIKeywordMain.runKeyword(WebUIKeywordMain.groovy:26)
	at com.kms.katalon.core.webui.keyword.builtin.NavigateToUrlKeyword.navigateToUrl(NavigateToUrlKeyword.groovy:83)
	at com.kms.katalon.core.webui.keyword.builtin.NavigateToUrlKeyword.execute(NavigateToUrlKeyword.groovy:67)
	at com.kms.katalon.core.keyword.internal.KeywordExecutor.executeKeywordForPlatform(KeywordExecutor.groovy:73)
	at com.kms.katalon.core.webui.keyword.WebUiBuiltInKeywords.navigateToUrl(WebUiBuiltInKeywords.groovy:184)
	at com.kms.katalon.core.webui.keyword.WebUiBuiltInKeywords$navigateToUrl$0.call(Unknown Source)
	at TC_BusinessChiragh.run(TC_BusinessChiragh:21)
	at com.kms.katalon.core.main.ScriptEngine.run(ScriptEngine.java:194)
	at com.kms.katalon.core.main.ScriptEngine.runScriptAsRawText(ScriptEngine.java:119)
	at com.kms.katalon.core.main.TestCaseExecutor.runScript(TestCaseExecutor.java:339)
	at com.kms.katalon.core.main.TestCaseExecutor.doExecute(TestCaseExecutor.java:330)
	at com.kms.katalon.core.main.TestCaseExecutor.processExecutionPhase(TestCaseExecutor.java:309)
	at com.kms.katalon.core.main.TestCaseExecutor.accessMainPhase(TestCaseExecutor.java:301)
	at com.kms.katalon.core.main.TestCaseExecutor.execute(TestCaseExecutor.java:235)
	at com.kms.katalon.core.main.TestSuiteExecutor.accessTestCaseMainPhase(TestSuiteExecutor.java:191)
	at com.kms.katalon.core.main.TestSuiteExecutor.accessTestSuiteMainPhase(TestSuiteExecutor.java:141)
	at com.kms.katalon.core.main.TestSuiteExecutor.execute(TestSuiteExecutor.java:90)
	at com.kms.katalon.core.main.TestCaseMain.startTestSuite(TestCaseMain.java:157)
	at com.kms.katalon.core.main.TestCaseMain$startTestSuite$0.call(Unknown Source)
	at TempTestSuite1601553830097.run(TempTestSuite1601553830097.groovy:39)
Caused by: org.openqa.selenium.WebDriverException: unknown error: net::ERR_CONNECTION_TIMED_OUT
  (Session info: chrome=85.0.4183.102)
Build info: version: '3.141.59', revision: 'e82be7d358', time: '2018-11-14T08:25:53'
System info: host: 'ADNAN', ip: '169.254.75.173', os.name: 'Windows 10', os.arch: 'amd64', os.version: '10.0', java.version: '1.8.0_181'
Driver info: com.kms.katalon.selenium.driver.CChromeDriver
Capabilities {acceptInsecureCerts: false, browserName: chrome, browserVersion: 85.0.4183.102, chrome: {chromedriverVersion: 85.0.4183.87 (cd6713ebf92fa..., userDataDir: C:\Users\hp\AppData\Local\T...}, goog:chromeOptions: {debuggerAddress: localhost:35969}, javascriptEnabled: true, networkConnectionEnabled: false, pageLoadStrategy: normal, platform: WINDOWS, platformName: WINDOWS, proxy: Proxy(), setWindowRect: true, strictFileInteractability: false, timeouts: {implicit: 0, pageLoad: 300000, script: 30000}, unhandledPromptBehavior: dismiss and notify, webauthn:virtualAuthenticators: true}
Session ID: 06ea969a940aeef57e26fb60755dd6c2
	at org.openqa.selenium.remote.http.W3CHttpResponseCodec.createException(W3CHttpResponseCodec.java:187)
	at org.openqa.selenium.remote.http.W3CHttpResponseCodec.decode(W3CHttpResponseCodec.java:122)
	at org.openqa.selenium.remote.http.W3CHttpResponseCodec.decode(W3CHttpResponseCodec.java:49)
	at org.openqa.selenium.remote.HttpCommandExecutor.execute(HttpCommandExecutor.java:158)
	at org.openqa.selenium.remote.service.DriverCommandExecutor.execute(DriverCommandExecutor.java:83)
	at org.openqa.selenium.remote.RemoteWebDriver.execute(RemoteWebDriver.java:552)
	at com.kms.katalon.selenium.driver.CChromeDriver.execute(CChromeDriver.java:19)
	at org.openqa.selenium.remote.RemoteWebDriver.get(RemoteWebDriver.java:277)
	at org.openqa.selenium.remote.RemoteWebDriver$RemoteNavigation.to(RemoteWebDriver.java:857)
	at org.openqa.selenium.support.events.EventFiringWebDriver$EventFiringNavigation.to(EventFiringWebDriver.java:569)
	at com.kms.katalon.core.webui.keyword.builtin.NavigateToUrlKeyword$_navigateToUrl_closure1.doCall(NavigateToUrlKeyword.groovy:81)
	at com.kms.katalon.core.webui.keyword.builtin.NavigateToUrlKeyword$_navigateToUrl_closure1.call(NavigateToUrlKeyword.groovy)
	at com.kms.katalon.core.webui.keyword.internal.WebUIKeywordMain.runKeyword(WebUIKeywordMain.groovy:20)
	... 19 more
"/>
         <system-out><![CDATA[2020-10-01 17:23:11 - [TEST_CASE][FAILED] - Test Cases/Front End/TC_BusinessChiragh: Test Cases/Front End/TC_BusinessChiragh FAILED.
Reason:
com.kms.katalon.core.exception.StepFailedException: Unable to navigate to 'http://business.chiragh.com/'
	at com.kms.katalon.core.webui.keyword.internal.WebUIKeywordMain.stepFailed(WebUIKeywordMain.groovy:64)
	at com.kms.katalon.core.webui.keyword.internal.WebUIKeywordMain.runKeyword(WebUIKeywordMain.groovy:26)
	at com.kms.katalon.core.webui.keyword.builtin.NavigateToUrlKeyword.navigateToUrl(NavigateToUrlKeyword.groovy:83)
	at com.kms.katalon.core.webui.keyword.builtin.NavigateToUrlKeyword.execute(NavigateToUrlKeyword.groovy:67)
	at com.kms.katalon.core.keyword.internal.KeywordExecutor.executeKeywordForPlatform(KeywordExecutor.groovy:73)
	at com.kms.katalon.core.webui.keyword.WebUiBuiltInKeywords.navigateToUrl(WebUiBuiltInKeywords.groovy:184)
	at com.kms.katalon.core.webui.keyword.WebUiBuiltInKeywords$navigateToUrl$0.call(Unknown Source)
	at TC_BusinessChiragh.run(TC_BusinessChiragh:21)
	at com.kms.katalon.core.main.ScriptEngine.run(ScriptEngine.java:194)
	at com.kms.katalon.core.main.ScriptEngine.runScriptAsRawText(ScriptEngine.java:119)
	at com.kms.katalon.core.main.TestCaseExecutor.runScript(TestCaseExecutor.java:339)
	at com.kms.katalon.core.main.TestCaseExecutor.doExecute(TestCaseExecutor.java:330)
	at com.kms.katalon.core.main.TestCaseExecutor.processExecutionPhase(TestCaseExecutor.java:309)
	at com.kms.katalon.core.main.TestCaseExecutor.accessMainPhase(TestCaseExecutor.java:301)
	at com.kms.katalon.core.main.TestCaseExecutor.execute(TestCaseExecutor.java:235)
	at com.kms.katalon.core.main.TestSuiteExecutor.accessTestCaseMainPhase(TestSuiteExecutor.java:191)
	at com.kms.katalon.core.main.TestSuiteExecutor.accessTestSuiteMainPhase(TestSuiteExecutor.java:141)
	at com.kms.katalon.core.main.TestSuiteExecutor.execute(TestSuiteExecutor.java:90)
	at com.kms.katalon.core.main.TestCaseMain.startTestSuite(TestCaseMain.java:157)
	at com.kms.katalon.core.main.TestCaseMain$startTestSuite$0.call(Unknown Source)
	at TempTestSuite1601553830097.run(TempTestSuite1601553830097.groovy:39)
Caused by: org.openqa.selenium.WebDriverException: unknown error: net::ERR_CONNECTION_TIMED_OUT
  (Session info: chrome=85.0.4183.102)
Build info: version: '3.141.59', revision: 'e82be7d358', time: '2018-11-14T08:25:53'
System info: host: 'ADNAN', ip: '169.254.75.173', os.name: 'Windows 10', os.arch: 'amd64', os.version: '10.0', java.version: '1.8.0_181'
Driver info: com.kms.katalon.selenium.driver.CChromeDriver
Capabilities {acceptInsecureCerts: false, browserName: chrome, browserVersion: 85.0.4183.102, chrome: {chromedriverVersion: 85.0.4183.87 (cd6713ebf92fa..., userDataDir: C:\Users\hp\AppData\Local\T...}, goog:chromeOptions: {debuggerAddress: localhost:35969}, javascriptEnabled: true, networkConnectionEnabled: false, pageLoadStrategy: normal, platform: WINDOWS, platformName: WINDOWS, proxy: Proxy(), setWindowRect: true, strictFileInteractability: false, timeouts: {implicit: 0, pageLoad: 300000, script: 30000}, unhandledPromptBehavior: dismiss and notify, webauthn:virtualAuthenticators: true}
Session ID: 06ea969a940aeef57e26fb60755dd6c2
	at org.openqa.selenium.remote.http.W3CHttpResponseCodec.createException(W3CHttpResponseCodec.java:187)
	at org.openqa.selenium.remote.http.W3CHttpResponseCodec.decode(W3CHttpResponseCodec.java:122)
	at org.openqa.selenium.remote.http.W3CHttpResponseCodec.decode(W3CHttpResponseCodec.java:49)
	at org.openqa.selenium.remote.HttpCommandExecutor.execute(HttpCommandExecutor.java:158)
	at org.openqa.selenium.remote.service.DriverCommandExecutor.execute(DriverCommandExecutor.java:83)
	at org.openqa.selenium.remote.RemoteWebDriver.execute(RemoteWebDriver.java:552)
	at com.kms.katalon.selenium.driver.CChromeDriver.execute(CChromeDriver.java:19)
	at org.openqa.selenium.remote.RemoteWebDriver.get(RemoteWebDriver.java:277)
	at org.openqa.selenium.remote.RemoteWebDriver$RemoteNavigation.to(RemoteWebDriver.java:857)
	at org.openqa.selenium.support.events.EventFiringWebDriver$EventFiringNavigation.to(EventFiringWebDriver.java:569)
	at com.kms.katalon.core.webui.keyword.builtin.NavigateToUrlKeyword$_navigateToUrl_closure1.doCall(NavigateToUrlKeyword.groovy:81)
	at com.kms.katalon.core.webui.keyword.builtin.NavigateToUrlKeyword$_navigateToUrl_closure1.call(NavigateToUrlKeyword.groovy)
	at com.kms.katalon.core.webui.keyword.internal.WebUIKeywordMain.runKeyword(WebUIKeywordMain.groovy:20)
	... 19 more


2020-10-01 17:23:12 - [TEST_STEP][PASSED] - openBrowser(""): Browser is opened with url: ''

2020-10-01 17:23:12 - [MESSAGE][WARNING] - A browser is already opened. Closing browser and opening a new one

2020-10-01 17:23:13 - [MESSAGE][INFO] - Starting 'Chrome' driver

2020-10-01 17:23:13 - [MESSAGE][INFO] - Action delay is set to 0 milliseconds

2020-10-01 17:23:17 - [MESSAGE][PASSED] - Browser is opened with url: ''

2020-10-01 17:23:17 - [TEST_STEP][FAILED] - navigateToUrl("http://business.chiragh.com/"): Unable to navigate to 'http://business.chiragh.com/' (Root cause: com.kms.katalon.core.exception.StepFailedException: Unable to navigate to 'http://business.chiragh.com/'
	at com.kms.katalon.core.webui.keyword.internal.WebUIKeywordMain.stepFailed(WebUIKeywordMain.groovy:64)
	at com.kms.katalon.core.webui.keyword.internal.WebUIKeywordMain.runKeyword(WebUIKeywordMain.groovy:26)
	at com.kms.katalon.core.webui.keyword.builtin.NavigateToUrlKeyword.navigateToUrl(NavigateToUrlKeyword.groovy:83)
	at com.kms.katalon.core.webui.keyword.builtin.NavigateToUrlKeyword.execute(NavigateToUrlKeyword.groovy:67)
	at com.kms.katalon.core.keyword.internal.KeywordExecutor.executeKeywordForPlatform(KeywordExecutor.groovy:73)
	at com.kms.katalon.core.webui.keyword.WebUiBuiltInKeywords.navigateToUrl(WebUiBuiltInKeywords.groovy:184)
	at com.kms.katalon.core.webui.keyword.WebUiBuiltInKeywords$navigateToUrl$0.call(Unknown Source)
	at TC_BusinessChiragh.run(TC_BusinessChiragh:21)
	at com.kms.katalon.core.main.ScriptEngine.run(ScriptEngine.java:194)
	at com.kms.katalon.core.main.ScriptEngine.runScriptAsRawText(ScriptEngine.java:119)
	at com.kms.katalon.core.main.TestCaseExecutor.runScript(TestCaseExecutor.java:339)
	at com.kms.katalon.core.main.TestCaseExecutor.doExecute(TestCaseExecutor.java:330)
	at com.kms.katalon.core.main.TestCaseExecutor.processExecutionPhase(TestCaseExecutor.java:309)
	at com.kms.katalon.core.main.TestCaseExecutor.accessMainPhase(TestCaseExecutor.java:301)
	at com.kms.katalon.core.main.TestCaseExecutor.execute(TestCaseExecutor.java:235)
	at com.kms.katalon.core.main.TestSuiteExecutor.accessTestCaseMainPhase(TestSuiteExecutor.java:191)
	at com.kms.katalon.core.main.TestSuiteExecutor.accessTestSuiteMainPhase(TestSuiteExecutor.java:141)
	at com.kms.katalon.core.main.TestSuiteExecutor.execute(TestSuiteExecutor.java:90)
	at com.kms.katalon.core.main.TestCaseMain.startTestSuite(TestCaseMain.java:157)
	at com.kms.katalon.core.main.TestCaseMain$startTestSuite$0.call(Unknown Source)
	at TempTestSuite1601553830097.run(TempTestSuite1601553830097.groovy:39)
Caused by: org.openqa.selenium.WebDriverException: unknown error: net::ERR_CONNECTION_TIMED_OUT
  (Session info: chrome=85.0.4183.102)
Build info: version: '3.141.59', revision: 'e82be7d358', time: '2018-11-14T08:25:53'
System info: host: 'ADNAN', ip: '169.254.75.173', os.name: 'Windows 10', os.arch: 'amd64', os.version: '10.0', java.version: '1.8.0_181'
Driver info: com.kms.katalon.selenium.driver.CChromeDriver
Capabilities {acceptInsecureCerts: false, browserName: chrome, browserVersion: 85.0.4183.102, chrome: {chromedriverVersion: 85.0.4183.87 (cd6713ebf92fa..., userDataDir: C:\Users\hp\AppData\Local\T...}, goog:chromeOptions: {debuggerAddress: localhost:35969}, javascriptEnabled: true, networkConnectionEnabled: false, pageLoadStrategy: normal, platform: WINDOWS, platformName: WINDOWS, proxy: Proxy(), setWindowRect: true, strictFileInteractability: false, timeouts: {implicit: 0, pageLoad: 300000, script: 30000}, unhandledPromptBehavior: dismiss and notify, webauthn:virtualAuthenticators: true}
Session ID: 06ea969a940aeef57e26fb60755dd6c2
	at org.openqa.selenium.remote.http.W3CHttpResponseCodec.createException(W3CHttpResponseCodec.java:187)
	at org.openqa.selenium.remote.http.W3CHttpResponseCodec.decode(W3CHttpResponseCodec.java:122)
	at org.openqa.selenium.remote.http.W3CHttpResponseCodec.decode(W3CHttpResponseCodec.java:49)
	at org.openqa.selenium.remote.HttpCommandExecutor.execute(HttpCommandExecutor.java:158)
	at org.openqa.selenium.remote.service.DriverCommandExecutor.execute(DriverCommandExecutor.java:83)
	at org.openqa.selenium.remote.RemoteWebDriver.execute(RemoteWebDriver.java:552)
	at com.kms.katalon.selenium.driver.CChromeDriver.execute(CChromeDriver.java:19)
	at org.openqa.selenium.remote.RemoteWebDriver.get(RemoteWebDriver.java:277)
	at org.openqa.selenium.remote.RemoteWebDriver$RemoteNavigation.to(RemoteWebDriver.java:857)
	at org.openqa.selenium.support.events.EventFiringWebDriver$EventFiringNavigation.to(EventFiringWebDriver.java:569)
	at com.kms.katalon.core.webui.keyword.builtin.NavigateToUrlKeyword$_navigateToUrl_closure1.doCall(NavigateToUrlKeyword.groovy:81)
	at com.kms.katalon.core.webui.keyword.builtin.NavigateToUrlKeyword$_navigateToUrl_closure1.call(NavigateToUrlKeyword.groovy)
	at com.kms.katalon.core.webui.keyword.internal.WebUIKeywordMain.runKeyword(WebUIKeywordMain.groovy:20)
	at com.kms.katalon.core.webui.keyword.builtin.NavigateToUrlKeyword.navigateToUrl(NavigateToUrlKeyword.groovy:83)
	at com.kms.katalon.core.webui.keyword.builtin.NavigateToUrlKeyword.execute(NavigateToUrlKeyword.groovy:67)
	at com.kms.katalon.core.keyword.internal.KeywordExecutor.executeKeywordForPlatform(KeywordExecutor.groovy:73)
	at com.kms.katalon.core.webui.keyword.WebUiBuiltInKeywords.navigateToUrl(WebUiBuiltInKeywords.groovy:184)
	at com.kms.katalon.core.webui.keyword.WebUiBuiltInKeywords$navigateToUrl$0.call(Unknown Source)
	at Script1589270839950.run(Script1589270839950.groovy:21)
	... 13 more
)

2020-10-01 17:24:01 - [MESSAGE][FAILED] - Unable to navigate to 'http://business.chiragh.com/' (Root cause: com.kms.katalon.core.exception.StepFailedException: Unable to navigate to 'http://business.chiragh.com/'
	at com.kms.katalon.core.webui.keyword.internal.WebUIKeywordMain.stepFailed(WebUIKeywordMain.groovy:64)
	at com.kms.katalon.core.webui.keyword.internal.WebUIKeywordMain.runKeyword(WebUIKeywordMain.groovy:26)
	at com.kms.katalon.core.webui.keyword.builtin.NavigateToUrlKeyword.navigateToUrl(NavigateToUrlKeyword.groovy:83)
	at com.kms.katalon.core.webui.keyword.builtin.NavigateToUrlKeyword.execute(NavigateToUrlKeyword.groovy:67)
	at com.kms.katalon.core.keyword.internal.KeywordExecutor.executeKeywordForPlatform(KeywordExecutor.groovy:73)
	at com.kms.katalon.core.webui.keyword.WebUiBuiltInKeywords.navigateToUrl(WebUiBuiltInKeywords.groovy:184)
	at com.kms.katalon.core.webui.keyword.WebUiBuiltInKeywords$navigateToUrl$0.call(Unknown Source)
	at TC_BusinessChiragh.run(TC_BusinessChiragh:21)
	at com.kms.katalon.core.main.ScriptEngine.run(ScriptEngine.java:194)
	at com.kms.katalon.core.main.ScriptEngine.runScriptAsRawText(ScriptEngine.java:119)
	at com.kms.katalon.core.main.TestCaseExecutor.runScript(TestCaseExecutor.java:339)
	at com.kms.katalon.core.main.TestCaseExecutor.doExecute(TestCaseExecutor.java:330)
	at com.kms.katalon.core.main.TestCaseExecutor.processExecutionPhase(TestCaseExecutor.java:309)
	at com.kms.katalon.core.main.TestCaseExecutor.accessMainPhase(TestCaseExecutor.java:301)
	at com.kms.katalon.core.main.TestCaseExecutor.execute(TestCaseExecutor.java:235)
	at com.kms.katalon.core.main.TestSuiteExecutor.accessTestCaseMainPhase(TestSuiteExecutor.java:191)
	at com.kms.katalon.core.main.TestSuiteExecutor.accessTestSuiteMainPhase(TestSuiteExecutor.java:141)
	at com.kms.katalon.core.main.TestSuiteExecutor.execute(TestSuiteExecutor.java:90)
	at com.kms.katalon.core.main.TestCaseMain.startTestSuite(TestCaseMain.java:157)
	at com.kms.katalon.core.main.TestCaseMain$startTestSuite$0.call(Unknown Source)
	at TempTestSuite1601553830097.run(TempTestSuite1601553830097.groovy:39)
Caused by: org.openqa.selenium.WebDriverException: unknown error: net::ERR_CONNECTION_TIMED_OUT
  (Session info: chrome=85.0.4183.102)
Build info: version: '3.141.59', revision: 'e82be7d358', time: '2018-11-14T08:25:53'
System info: host: 'ADNAN', ip: '169.254.75.173', os.name: 'Windows 10', os.arch: 'amd64', os.version: '10.0', java.version: '1.8.0_181'
Driver info: com.kms.katalon.selenium.driver.CChromeDriver
Capabilities {acceptInsecureCerts: false, browserName: chrome, browserVersion: 85.0.4183.102, chrome: {chromedriverVersion: 85.0.4183.87 (cd6713ebf92fa..., userDataDir: C:\Users\hp\AppData\Local\T...}, goog:chromeOptions: {debuggerAddress: localhost:35969}, javascriptEnabled: true, networkConnectionEnabled: false, pageLoadStrategy: normal, platform: WINDOWS, platformName: WINDOWS, proxy: Proxy(), setWindowRect: true, strictFileInteractability: false, timeouts: {implicit: 0, pageLoad: 300000, script: 30000}, unhandledPromptBehavior: dismiss and notify, webauthn:virtualAuthenticators: true}
Session ID: 06ea969a940aeef57e26fb60755dd6c2
	at org.openqa.selenium.remote.http.W3CHttpResponseCodec.createException(W3CHttpResponseCodec.java:187)
	at org.openqa.selenium.remote.http.W3CHttpResponseCodec.decode(W3CHttpResponseCodec.java:122)
	at org.openqa.selenium.remote.http.W3CHttpResponseCodec.decode(W3CHttpResponseCodec.java:49)
	at org.openqa.selenium.remote.HttpCommandExecutor.execute(HttpCommandExecutor.java:158)
	at org.openqa.selenium.remote.service.DriverCommandExecutor.execute(DriverCommandExecutor.java:83)
	at org.openqa.selenium.remote.RemoteWebDriver.execute(RemoteWebDriver.java:552)
	at com.kms.katalon.selenium.driver.CChromeDriver.execute(CChromeDriver.java:19)
	at org.openqa.selenium.remote.RemoteWebDriver.get(RemoteWebDriver.java:277)
	at org.openqa.selenium.remote.RemoteWebDriver$RemoteNavigation.to(RemoteWebDriver.java:857)
	at org.openqa.selenium.support.events.EventFiringWebDriver$EventFiringNavigation.to(EventFiringWebDriver.java:569)
	at com.kms.katalon.core.webui.keyword.builtin.NavigateToUrlKeyword$_navigateToUrl_closure1.doCall(NavigateToUrlKeyword.groovy:81)
	at com.kms.katalon.core.webui.keyword.builtin.NavigateToUrlKeyword$_navigateToUrl_closure1.call(NavigateToUrlKeyword.groovy)
	at com.kms.katalon.core.webui.keyword.internal.WebUIKeywordMain.runKeyword(WebUIKeywordMain.groovy:20)
	at com.kms.katalon.core.webui.keyword.builtin.NavigateToUrlKeyword.navigateToUrl(NavigateToUrlKeyword.groovy:83)
	at com.kms.katalon.core.webui.keyword.builtin.NavigateToUrlKeyword.execute(NavigateToUrlKeyword.groovy:67)
	at com.kms.katalon.core.keyword.internal.KeywordExecutor.executeKeywordForPlatform(KeywordExecutor.groovy:73)
	at com.kms.katalon.core.webui.keyword.WebUiBuiltInKeywords.navigateToUrl(WebUiBuiltInKeywords.groovy:184)
	at com.kms.katalon.core.webui.keyword.WebUiBuiltInKeywords$navigateToUrl$0.call(Unknown Source)
	at Script1589270839950.run(Script1589270839950.groovy:21)
	... 13 more
)
[[ATTACHMENT|C:\\Users\\hp\\git\\chiraghAdminPanel\\Reports\\20201001_170350\\SanityTests\\SanityTest\\20201001_170350\\1601555040752.png]]

2020-10-01 17:24:03 - [TEST_STEP][PASSED] - Video: Video recording for test case 'Test Cases/Front End/TC_BusinessChiragh' .

2020-10-01 17:24:03 - [MESSAGE][INFO] - Video recording for test case 'Test Cases/Front End/TC_BusinessChiragh' .
[[ATTACHMENT|C:\Users\hp\git\chiraghAdminPanel\Reports\20201001_170350\SanityTests\SanityTest\20201001_170350/videos\test_14.mov]]]]></system-out>
         <system-err><![CDATA[2020-10-01 17:23:11 - [TEST_CASE][FAILED] - Test Cases/Front End/TC_BusinessChiragh: Test Cases/Front End/TC_BusinessChiragh FAILED.
Reason:
com.kms.katalon.core.exception.StepFailedException: Unable to navigate to 'http://business.chiragh.com/'
	at com.kms.katalon.core.webui.keyword.internal.WebUIKeywordMain.stepFailed(WebUIKeywordMain.groovy:64)
	at com.kms.katalon.core.webui.keyword.internal.WebUIKeywordMain.runKeyword(WebUIKeywordMain.groovy:26)
	at com.kms.katalon.core.webui.keyword.builtin.NavigateToUrlKeyword.navigateToUrl(NavigateToUrlKeyword.groovy:83)
	at com.kms.katalon.core.webui.keyword.builtin.NavigateToUrlKeyword.execute(NavigateToUrlKeyword.groovy:67)
	at com.kms.katalon.core.keyword.internal.KeywordExecutor.executeKeywordForPlatform(KeywordExecutor.groovy:73)
	at com.kms.katalon.core.webui.keyword.WebUiBuiltInKeywords.navigateToUrl(WebUiBuiltInKeywords.groovy:184)
	at com.kms.katalon.core.webui.keyword.WebUiBuiltInKeywords$navigateToUrl$0.call(Unknown Source)
	at TC_BusinessChiragh.run(TC_BusinessChiragh:21)
	at com.kms.katalon.core.main.ScriptEngine.run(ScriptEngine.java:194)
	at com.kms.katalon.core.main.ScriptEngine.runScriptAsRawText(ScriptEngine.java:119)
	at com.kms.katalon.core.main.TestCaseExecutor.runScript(TestCaseExecutor.java:339)
	at com.kms.katalon.core.main.TestCaseExecutor.doExecute(TestCaseExecutor.java:330)
	at com.kms.katalon.core.main.TestCaseExecutor.processExecutionPhase(TestCaseExecutor.java:309)
	at com.kms.katalon.core.main.TestCaseExecutor.accessMainPhase(TestCaseExecutor.java:301)
	at com.kms.katalon.core.main.TestCaseExecutor.execute(TestCaseExecutor.java:235)
	at com.kms.katalon.core.main.TestSuiteExecutor.accessTestCaseMainPhase(TestSuiteExecutor.java:191)
	at com.kms.katalon.core.main.TestSuiteExecutor.accessTestSuiteMainPhase(TestSuiteExecutor.java:141)
	at com.kms.katalon.core.main.TestSuiteExecutor.execute(TestSuiteExecutor.java:90)
	at com.kms.katalon.core.main.TestCaseMain.startTestSuite(TestCaseMain.java:157)
	at com.kms.katalon.core.main.TestCaseMain$startTestSuite$0.call(Unknown Source)
	at TempTestSuite1601553830097.run(TempTestSuite1601553830097.groovy:39)
Caused by: org.openqa.selenium.WebDriverException: unknown error: net::ERR_CONNECTION_TIMED_OUT
  (Session info: chrome=85.0.4183.102)
Build info: version: '3.141.59', revision: 'e82be7d358', time: '2018-11-14T08:25:53'
System info: host: 'ADNAN', ip: '169.254.75.173', os.name: 'Windows 10', os.arch: 'amd64', os.version: '10.0', java.version: '1.8.0_181'
Driver info: com.kms.katalon.selenium.driver.CChromeDriver
Capabilities {acceptInsecureCerts: false, browserName: chrome, browserVersion: 85.0.4183.102, chrome: {chromedriverVersion: 85.0.4183.87 (cd6713ebf92fa..., userDataDir: C:\Users\hp\AppData\Local\T...}, goog:chromeOptions: {debuggerAddress: localhost:35969}, javascriptEnabled: true, networkConnectionEnabled: false, pageLoadStrategy: normal, platform: WINDOWS, platformName: WINDOWS, proxy: Proxy(), setWindowRect: true, strictFileInteractability: false, timeouts: {implicit: 0, pageLoad: 300000, script: 30000}, unhandledPromptBehavior: dismiss and notify, webauthn:virtualAuthenticators: true}
Session ID: 06ea969a940aeef57e26fb60755dd6c2
	at org.openqa.selenium.remote.http.W3CHttpResponseCodec.createException(W3CHttpResponseCodec.java:187)
	at org.openqa.selenium.remote.http.W3CHttpResponseCodec.decode(W3CHttpResponseCodec.java:122)
	at org.openqa.selenium.remote.http.W3CHttpResponseCodec.decode(W3CHttpResponseCodec.java:49)
	at org.openqa.selenium.remote.HttpCommandExecutor.execute(HttpCommandExecutor.java:158)
	at org.openqa.selenium.remote.service.DriverCommandExecutor.execute(DriverCommandExecutor.java:83)
	at org.openqa.selenium.remote.RemoteWebDriver.execute(RemoteWebDriver.java:552)
	at com.kms.katalon.selenium.driver.CChromeDriver.execute(CChromeDriver.java:19)
	at org.openqa.selenium.remote.RemoteWebDriver.get(RemoteWebDriver.java:277)
	at org.openqa.selenium.remote.RemoteWebDriver$RemoteNavigation.to(RemoteWebDriver.java:857)
	at org.openqa.selenium.support.events.EventFiringWebDriver$EventFiringNavigation.to(EventFiringWebDriver.java:569)
	at com.kms.katalon.core.webui.keyword.builtin.NavigateToUrlKeyword$_navigateToUrl_closure1.doCall(NavigateToUrlKeyword.groovy:81)
	at com.kms.katalon.core.webui.keyword.builtin.NavigateToUrlKeyword$_navigateToUrl_closure1.call(NavigateToUrlKeyword.groovy)
	at com.kms.katalon.core.webui.keyword.internal.WebUIKeywordMain.runKeyword(WebUIKeywordMain.groovy:20)
	... 19 more]]></system-err>
      </testcase>
      <testcase name="Test Cases/Front End/TC_SmokeTests_006" time="30.273" classname="Test Cases/Front End/TC_SmokeTests_006" status="FAILED">
         <failure type="FAILED" message="Test Cases/Front End/TC_SmokeTests_006 FAILED.
Reason:
com.kms.katalon.core.exception.StepFailedException: Verify element text of test object 'Object Repository/SmokeTests/Page_Chiragh - Home/h1_Dubais Leading Online Real Estate Auction' FAILED.
	at com.kms.katalon.core.webui.keyword.internal.WebUIKeywordMain.stepFailed(WebUIKeywordMain.groovy:64)
	at com.kms.katalon.core.webui.keyword.internal.WebUIKeywordMain.runKeyword(WebUIKeywordMain.groovy:26)
	at com.kms.katalon.core.webui.keyword.builtin.VerifyElementTextKeyword.verifyElementText(VerifyElementTextKeyword.groovy:72)
	at com.kms.katalon.core.webui.keyword.builtin.VerifyElementTextKeyword.execute(VerifyElementTextKeyword.groovy:40)
	at com.kms.katalon.core.keyword.internal.KeywordExecutor.executeKeywordForPlatform(KeywordExecutor.groovy:73)
	at com.kms.katalon.core.webui.keyword.WebUiBuiltInKeywords.verifyElementText(WebUiBuiltInKeywords.groovy:4120)
	at com.kms.katalon.core.webui.keyword.WebUiBuiltInKeywords$verifyElementText$16.call(Unknown Source)
	at TC_SmokeTests_006.run(TC_SmokeTests_006:28)
	at com.kms.katalon.core.main.ScriptEngine.run(ScriptEngine.java:194)
	at com.kms.katalon.core.main.ScriptEngine.runScriptAsRawText(ScriptEngine.java:119)
	at com.kms.katalon.core.main.TestCaseExecutor.runScript(TestCaseExecutor.java:339)
	at com.kms.katalon.core.main.TestCaseExecutor.doExecute(TestCaseExecutor.java:330)
	at com.kms.katalon.core.main.TestCaseExecutor.processExecutionPhase(TestCaseExecutor.java:309)
	at com.kms.katalon.core.main.TestCaseExecutor.accessMainPhase(TestCaseExecutor.java:301)
	at com.kms.katalon.core.main.TestCaseExecutor.execute(TestCaseExecutor.java:235)
	at com.kms.katalon.core.main.TestSuiteExecutor.accessTestCaseMainPhase(TestSuiteExecutor.java:191)
	at com.kms.katalon.core.main.TestSuiteExecutor.accessTestSuiteMainPhase(TestSuiteExecutor.java:141)
	at com.kms.katalon.core.main.TestSuiteExecutor.execute(TestSuiteExecutor.java:90)
	at com.kms.katalon.core.main.TestCaseMain.startTestSuite(TestCaseMain.java:157)
	at com.kms.katalon.core.main.TestCaseMain$startTestSuite$0.call(Unknown Source)
	at TempTestSuite1601553830097.run(TempTestSuite1601553830097.groovy:39)
Caused by: com.kms.katalon.core.exception.StepFailedException: Actual text 'Property investment beyond borders' and expected text 'Dubai's Leading Online Real Estate Auction' of test object 'Object Repository/SmokeTests/Page_Chiragh - Home/h1_Dubais Leading Online Real Estate Auction' are NOT matched.
	at com.kms.katalon.core.webui.keyword.internal.WebUIKeywordMain.stepFailed(WebUIKeywordMain.groovy:64)
	at com.kms.katalon.core.webui.keyword.builtin.VerifyElementTextKeyword$_verifyElementText_closure1.doCall(VerifyElementTextKeyword.groovy:57)
	at com.kms.katalon.core.webui.keyword.builtin.VerifyElementTextKeyword$_verifyElementText_closure1.call(VerifyElementTextKeyword.groovy)
	at com.kms.katalon.core.webui.keyword.internal.WebUIKeywordMain.runKeyword(WebUIKeywordMain.groovy:20)
	... 19 more
"/>
         <system-out><![CDATA[2020-10-01 17:24:03 - [TEST_CASE][FAILED] - Test Cases/Front End/TC_SmokeTests_006: Test Cases/Front End/TC_SmokeTests_006 FAILED.
Reason:
com.kms.katalon.core.exception.StepFailedException: Verify element text of test object 'Object Repository/SmokeTests/Page_Chiragh - Home/h1_Dubais Leading Online Real Estate Auction' FAILED.
	at com.kms.katalon.core.webui.keyword.internal.WebUIKeywordMain.stepFailed(WebUIKeywordMain.groovy:64)
	at com.kms.katalon.core.webui.keyword.internal.WebUIKeywordMain.runKeyword(WebUIKeywordMain.groovy:26)
	at com.kms.katalon.core.webui.keyword.builtin.VerifyElementTextKeyword.verifyElementText(VerifyElementTextKeyword.groovy:72)
	at com.kms.katalon.core.webui.keyword.builtin.VerifyElementTextKeyword.execute(VerifyElementTextKeyword.groovy:40)
	at com.kms.katalon.core.keyword.internal.KeywordExecutor.executeKeywordForPlatform(KeywordExecutor.groovy:73)
	at com.kms.katalon.core.webui.keyword.WebUiBuiltInKeywords.verifyElementText(WebUiBuiltInKeywords.groovy:4120)
	at com.kms.katalon.core.webui.keyword.WebUiBuiltInKeywords$verifyElementText$16.call(Unknown Source)
	at TC_SmokeTests_006.run(TC_SmokeTests_006:28)
	at com.kms.katalon.core.main.ScriptEngine.run(ScriptEngine.java:194)
	at com.kms.katalon.core.main.ScriptEngine.runScriptAsRawText(ScriptEngine.java:119)
	at com.kms.katalon.core.main.TestCaseExecutor.runScript(TestCaseExecutor.java:339)
	at com.kms.katalon.core.main.TestCaseExecutor.doExecute(TestCaseExecutor.java:330)
	at com.kms.katalon.core.main.TestCaseExecutor.processExecutionPhase(TestCaseExecutor.java:309)
	at com.kms.katalon.core.main.TestCaseExecutor.accessMainPhase(TestCaseExecutor.java:301)
	at com.kms.katalon.core.main.TestCaseExecutor.execute(TestCaseExecutor.java:235)
	at com.kms.katalon.core.main.TestSuiteExecutor.accessTestCaseMainPhase(TestSuiteExecutor.java:191)
	at com.kms.katalon.core.main.TestSuiteExecutor.accessTestSuiteMainPhase(TestSuiteExecutor.java:141)
	at com.kms.katalon.core.main.TestSuiteExecutor.execute(TestSuiteExecutor.java:90)
	at com.kms.katalon.core.main.TestCaseMain.startTestSuite(TestCaseMain.java:157)
	at com.kms.katalon.core.main.TestCaseMain$startTestSuite$0.call(Unknown Source)
	at TempTestSuite1601553830097.run(TempTestSuite1601553830097.groovy:39)
Caused by: com.kms.katalon.core.exception.StepFailedException: Actual text 'Property investment beyond borders' and expected text 'Dubai's Leading Online Real Estate Auction' of test object 'Object Repository/SmokeTests/Page_Chiragh - Home/h1_Dubais Leading Online Real Estate Auction' are NOT matched.
	at com.kms.katalon.core.webui.keyword.internal.WebUIKeywordMain.stepFailed(WebUIKeywordMain.groovy:64)
	at com.kms.katalon.core.webui.keyword.builtin.VerifyElementTextKeyword$_verifyElementText_closure1.doCall(VerifyElementTextKeyword.groovy:57)
	at com.kms.katalon.core.webui.keyword.builtin.VerifyElementTextKeyword$_verifyElementText_closure1.call(VerifyElementTextKeyword.groovy)
	at com.kms.katalon.core.webui.keyword.internal.WebUIKeywordMain.runKeyword(WebUIKeywordMain.groovy:20)
	... 19 more


2020-10-01 17:24:03 - [TEST_STEP][PASSED] - openBrowser(""): Browser is opened with url: ''

2020-10-01 17:24:03 - [MESSAGE][WARNING] - A browser is already opened. Closing browser and opening a new one

2020-10-01 17:24:04 - [MESSAGE][INFO] - Starting 'Chrome' driver

2020-10-01 17:24:04 - [MESSAGE][INFO] - Action delay is set to 0 milliseconds

2020-10-01 17:24:08 - [MESSAGE][PASSED] - Browser is opened with url: ''

2020-10-01 17:24:08 - [TEST_STEP][PASSED] - navigateToUrl(Url): Navigate to 'http://chiragh:AeBcm%231t@test.chiragh.com' successfully

2020-10-01 17:24:17 - [MESSAGE][PASSED] - Navigate to 'http://chiragh:AeBcm%231t@test.chiragh.com' successfully

2020-10-01 17:24:17 - [TEST_STEP][PASSED] - waitForPageLoad(15): Wait for page load successfully

2020-10-01 17:24:23 - [MESSAGE][PASSED] - Wait for page load successfully

2020-10-01 17:24:23 - [TEST_STEP][PASSED] - maximizeWindow(): Current window maximized

2020-10-01 17:24:26 - [MESSAGE][PASSED] - Current window maximized

2020-10-01 17:24:26 - [TEST_STEP][PASSED] - delay(3): Delayed 3 second(s)

2020-10-01 17:24:29 - [MESSAGE][PASSED] - Delayed 3 second(s)

2020-10-01 17:24:29 - [TEST_STEP][FAILED] - verifyElementText(findTestObject("SmokeTests/Page_Chiragh - Home/h1_Dubais Leading Online Real Estate Auction"), "Dubai's Leading Online Real Estate Auction"): Verify element text of test object 'Object Repository/SmokeTests/Page_Chiragh - Home/h1_Dubais Leading Online Real Estate Auction' FAILED. (Root cause: com.kms.katalon.core.exception.StepFailedException: Verify element text of test object 'Object Repository/SmokeTests/Page_Chiragh - Home/h1_Dubais Leading Online Real Estate Auction' FAILED.
	at com.kms.katalon.core.webui.keyword.internal.WebUIKeywordMain.stepFailed(WebUIKeywordMain.groovy:64)
	at com.kms.katalon.core.webui.keyword.internal.WebUIKeywordMain.runKeyword(WebUIKeywordMain.groovy:26)
	at com.kms.katalon.core.webui.keyword.builtin.VerifyElementTextKeyword.verifyElementText(VerifyElementTextKeyword.groovy:72)
	at com.kms.katalon.core.webui.keyword.builtin.VerifyElementTextKeyword.execute(VerifyElementTextKeyword.groovy:40)
	at com.kms.katalon.core.keyword.internal.KeywordExecutor.executeKeywordForPlatform(KeywordExecutor.groovy:73)
	at com.kms.katalon.core.webui.keyword.WebUiBuiltInKeywords.verifyElementText(WebUiBuiltInKeywords.groovy:4120)
	at com.kms.katalon.core.webui.keyword.WebUiBuiltInKeywords$verifyElementText$16.call(Unknown Source)
	at TC_SmokeTests_006.run(TC_SmokeTests_006:28)
	at com.kms.katalon.core.main.ScriptEngine.run(ScriptEngine.java:194)
	at com.kms.katalon.core.main.ScriptEngine.runScriptAsRawText(ScriptEngine.java:119)
	at com.kms.katalon.core.main.TestCaseExecutor.runScript(TestCaseExecutor.java:339)
	at com.kms.katalon.core.main.TestCaseExecutor.doExecute(TestCaseExecutor.java:330)
	at com.kms.katalon.core.main.TestCaseExecutor.processExecutionPhase(TestCaseExecutor.java:309)
	at com.kms.katalon.core.main.TestCaseExecutor.accessMainPhase(TestCaseExecutor.java:301)
	at com.kms.katalon.core.main.TestCaseExecutor.execute(TestCaseExecutor.java:235)
	at com.kms.katalon.core.main.TestSuiteExecutor.accessTestCaseMainPhase(TestSuiteExecutor.java:191)
	at com.kms.katalon.core.main.TestSuiteExecutor.accessTestSuiteMainPhase(TestSuiteExecutor.java:141)
	at com.kms.katalon.core.main.TestSuiteExecutor.execute(TestSuiteExecutor.java:90)
	at com.kms.katalon.core.main.TestCaseMain.startTestSuite(TestCaseMain.java:157)
	at com.kms.katalon.core.main.TestCaseMain$startTestSuite$0.call(Unknown Source)
	at TempTestSuite1601553830097.run(TempTestSuite1601553830097.groovy:39)
Caused by: com.kms.katalon.core.exception.StepFailedException: Actual text 'Property investment beyond borders' and expected text 'Dubai's Leading Online Real Estate Auction' of test object 'Object Repository/SmokeTests/Page_Chiragh - Home/h1_Dubais Leading Online Real Estate Auction' are NOT matched.
	at com.kms.katalon.core.webui.keyword.internal.WebUIKeywordMain.stepFailed(WebUIKeywordMain.groovy:64)
	at com.kms.katalon.core.webui.keyword.builtin.VerifyElementTextKeyword$_verifyElementText_closure1.doCall(VerifyElementTextKeyword.groovy:57)
	at com.kms.katalon.core.webui.keyword.builtin.VerifyElementTextKeyword$_verifyElementText_closure1.call(VerifyElementTextKeyword.groovy)
	at com.kms.katalon.core.webui.keyword.internal.WebUIKeywordMain.runKeyword(WebUIKeywordMain.groovy:20)
	... 19 more
)

2020-10-01 17:24:30 - [MESSAGE][FAILED] - Actual text 'Property investment beyond borders' and expected text 'Dubai's Leading Online Real Estate Auction' of test object 'Object Repository/SmokeTests/Page_Chiragh - Home/h1_Dubais Leading Online Real Estate Auction' are NOT matched. (Root cause: com.kms.katalon.core.exception.StepFailedException: Actual text 'Property investment beyond borders' and expected text 'Dubai's Leading Online Real Estate Auction' of test object 'Object Repository/SmokeTests/Page_Chiragh - Home/h1_Dubais Leading Online Real Estate Auction' are NOT matched.
	at com.kms.katalon.core.webui.keyword.internal.WebUIKeywordMain.stepFailed(WebUIKeywordMain.groovy:64)
	at com.kms.katalon.core.webui.keyword.builtin.VerifyElementTextKeyword$_verifyElementText_closure1.doCall(VerifyElementTextKeyword.groovy:57)
	at com.kms.katalon.core.webui.keyword.builtin.VerifyElementTextKeyword$_verifyElementText_closure1.call(VerifyElementTextKeyword.groovy)
	at com.kms.katalon.core.webui.keyword.internal.WebUIKeywordMain.runKeyword(WebUIKeywordMain.groovy:20)
	at com.kms.katalon.core.webui.keyword.builtin.VerifyElementTextKeyword.verifyElementText(VerifyElementTextKeyword.groovy:72)
	at com.kms.katalon.core.webui.keyword.builtin.VerifyElementTextKeyword.execute(VerifyElementTextKeyword.groovy:40)
	at com.kms.katalon.core.keyword.internal.KeywordExecutor.executeKeywordForPlatform(KeywordExecutor.groovy:73)
	at com.kms.katalon.core.webui.keyword.WebUiBuiltInKeywords.verifyElementText(WebUiBuiltInKeywords.groovy:4120)
	at com.kms.katalon.core.webui.keyword.WebUiBuiltInKeywords$verifyElementText$16.call(Unknown Source)
	at TC_SmokeTests_006.run(TC_SmokeTests_006:28)
	at com.kms.katalon.core.main.ScriptEngine.run(ScriptEngine.java:194)
	at com.kms.katalon.core.main.ScriptEngine.runScriptAsRawText(ScriptEngine.java:119)
	at com.kms.katalon.core.main.TestCaseExecutor.runScript(TestCaseExecutor.java:339)
	at com.kms.katalon.core.main.TestCaseExecutor.doExecute(TestCaseExecutor.java:330)
	at com.kms.katalon.core.main.TestCaseExecutor.processExecutionPhase(TestCaseExecutor.java:309)
	at com.kms.katalon.core.main.TestCaseExecutor.accessMainPhase(TestCaseExecutor.java:301)
	at com.kms.katalon.core.main.TestCaseExecutor.execute(TestCaseExecutor.java:235)
	at com.kms.katalon.core.main.TestSuiteExecutor.accessTestCaseMainPhase(TestSuiteExecutor.java:191)
	at com.kms.katalon.core.main.TestSuiteExecutor.accessTestSuiteMainPhase(TestSuiteExecutor.java:141)
	at com.kms.katalon.core.main.TestSuiteExecutor.execute(TestSuiteExecutor.java:90)
	at com.kms.katalon.core.main.TestCaseMain.startTestSuite(TestCaseMain.java:157)
	at com.kms.katalon.core.main.TestCaseMain$startTestSuite$0.call(Unknown Source)
	at TempTestSuite1601553830097.run(TempTestSuite1601553830097.groovy:39)
)
[[ATTACHMENT|C:\\Users\\hp\\git\\chiraghAdminPanel\\Reports\\20201001_170350\\SanityTests\\SanityTest\\20201001_170350\\1601555069560.png]]

2020-10-01 17:24:31 - [MESSAGE][FAILED] - Verify element text of test object 'Object Repository/SmokeTests/Page_Chiragh - Home/h1_Dubais Leading Online Real Estate Auction' FAILED. (Root cause: com.kms.katalon.core.exception.StepFailedException: Verify element text of test object 'Object Repository/SmokeTests/Page_Chiragh - Home/h1_Dubais Leading Online Real Estate Auction' FAILED.
	at com.kms.katalon.core.webui.keyword.internal.WebUIKeywordMain.stepFailed(WebUIKeywordMain.groovy:64)
	at com.kms.katalon.core.webui.keyword.internal.WebUIKeywordMain.runKeyword(WebUIKeywordMain.groovy:26)
	at com.kms.katalon.core.webui.keyword.builtin.VerifyElementTextKeyword.verifyElementText(VerifyElementTextKeyword.groovy:72)
	at com.kms.katalon.core.webui.keyword.builtin.VerifyElementTextKeyword.execute(VerifyElementTextKeyword.groovy:40)
	at com.kms.katalon.core.keyword.internal.KeywordExecutor.executeKeywordForPlatform(KeywordExecutor.groovy:73)
	at com.kms.katalon.core.webui.keyword.WebUiBuiltInKeywords.verifyElementText(WebUiBuiltInKeywords.groovy:4120)
	at com.kms.katalon.core.webui.keyword.WebUiBuiltInKeywords$verifyElementText$16.call(Unknown Source)
	at TC_SmokeTests_006.run(TC_SmokeTests_006:28)
	at com.kms.katalon.core.main.ScriptEngine.run(ScriptEngine.java:194)
	at com.kms.katalon.core.main.ScriptEngine.runScriptAsRawText(ScriptEngine.java:119)
	at com.kms.katalon.core.main.TestCaseExecutor.runScript(TestCaseExecutor.java:339)
	at com.kms.katalon.core.main.TestCaseExecutor.doExecute(TestCaseExecutor.java:330)
	at com.kms.katalon.core.main.TestCaseExecutor.processExecutionPhase(TestCaseExecutor.java:309)
	at com.kms.katalon.core.main.TestCaseExecutor.accessMainPhase(TestCaseExecutor.java:301)
	at com.kms.katalon.core.main.TestCaseExecutor.execute(TestCaseExecutor.java:235)
	at com.kms.katalon.core.main.TestSuiteExecutor.accessTestCaseMainPhase(TestSuiteExecutor.java:191)
	at com.kms.katalon.core.main.TestSuiteExecutor.accessTestSuiteMainPhase(TestSuiteExecutor.java:141)
	at com.kms.katalon.core.main.TestSuiteExecutor.execute(TestSuiteExecutor.java:90)
	at com.kms.katalon.core.main.TestCaseMain.startTestSuite(TestCaseMain.java:157)
	at com.kms.katalon.core.main.TestCaseMain$startTestSuite$0.call(Unknown Source)
	at TempTestSuite1601553830097.run(TempTestSuite1601553830097.groovy:39)
Caused by: com.kms.katalon.core.exception.StepFailedException: Actual text 'Property investment beyond borders' and expected text 'Dubai's Leading Online Real Estate Auction' of test object 'Object Repository/SmokeTests/Page_Chiragh - Home/h1_Dubais Leading Online Real Estate Auction' are NOT matched.
	at com.kms.katalon.core.webui.keyword.internal.WebUIKeywordMain.stepFailed(WebUIKeywordMain.groovy:64)
	at com.kms.katalon.core.webui.keyword.builtin.VerifyElementTextKeyword$_verifyElementText_closure1.doCall(VerifyElementTextKeyword.groovy:57)
	at com.kms.katalon.core.webui.keyword.builtin.VerifyElementTextKeyword$_verifyElementText_closure1.call(VerifyElementTextKeyword.groovy)
	at com.kms.katalon.core.webui.keyword.internal.WebUIKeywordMain.runKeyword(WebUIKeywordMain.groovy:20)
	... 19 more
)
[[ATTACHMENT|C:\\Users\\hp\\git\\chiraghAdminPanel\\Reports\\20201001_170350\\SanityTests\\SanityTest\\20201001_170350\\1601555070517.png]]

2020-10-01 17:24:33 - [TEST_STEP][PASSED] - Video: Video recording for test case 'Test Cases/Front End/TC_SmokeTests_006' .

2020-10-01 17:24:33 - [MESSAGE][INFO] - Video recording for test case 'Test Cases/Front End/TC_SmokeTests_006' .
[[ATTACHMENT|C:\Users\hp\git\chiraghAdminPanel\Reports\20201001_170350\SanityTests\SanityTest\20201001_170350/videos\test_15.mov]]]]></system-out>
         <system-err><![CDATA[2020-10-01 17:24:03 - [TEST_CASE][FAILED] - Test Cases/Front End/TC_SmokeTests_006: Test Cases/Front End/TC_SmokeTests_006 FAILED.
Reason:
com.kms.katalon.core.exception.StepFailedException: Verify element text of test object 'Object Repository/SmokeTests/Page_Chiragh - Home/h1_Dubais Leading Online Real Estate Auction' FAILED.
	at com.kms.katalon.core.webui.keyword.internal.WebUIKeywordMain.stepFailed(WebUIKeywordMain.groovy:64)
	at com.kms.katalon.core.webui.keyword.internal.WebUIKeywordMain.runKeyword(WebUIKeywordMain.groovy:26)
	at com.kms.katalon.core.webui.keyword.builtin.VerifyElementTextKeyword.verifyElementText(VerifyElementTextKeyword.groovy:72)
	at com.kms.katalon.core.webui.keyword.builtin.VerifyElementTextKeyword.execute(VerifyElementTextKeyword.groovy:40)
	at com.kms.katalon.core.keyword.internal.KeywordExecutor.executeKeywordForPlatform(KeywordExecutor.groovy:73)
	at com.kms.katalon.core.webui.keyword.WebUiBuiltInKeywords.verifyElementText(WebUiBuiltInKeywords.groovy:4120)
	at com.kms.katalon.core.webui.keyword.WebUiBuiltInKeywords$verifyElementText$16.call(Unknown Source)
	at TC_SmokeTests_006.run(TC_SmokeTests_006:28)
	at com.kms.katalon.core.main.ScriptEngine.run(ScriptEngine.java:194)
	at com.kms.katalon.core.main.ScriptEngine.runScriptAsRawText(ScriptEngine.java:119)
	at com.kms.katalon.core.main.TestCaseExecutor.runScript(TestCaseExecutor.java:339)
	at com.kms.katalon.core.main.TestCaseExecutor.doExecute(TestCaseExecutor.java:330)
	at com.kms.katalon.core.main.TestCaseExecutor.processExecutionPhase(TestCaseExecutor.java:309)
	at com.kms.katalon.core.main.TestCaseExecutor.accessMainPhase(TestCaseExecutor.java:301)
	at com.kms.katalon.core.main.TestCaseExecutor.execute(TestCaseExecutor.java:235)
	at com.kms.katalon.core.main.TestSuiteExecutor.accessTestCaseMainPhase(TestSuiteExecutor.java:191)
	at com.kms.katalon.core.main.TestSuiteExecutor.accessTestSuiteMainPhase(TestSuiteExecutor.java:141)
	at com.kms.katalon.core.main.TestSuiteExecutor.execute(TestSuiteExecutor.java:90)
	at com.kms.katalon.core.main.TestCaseMain.startTestSuite(TestCaseMain.java:157)
	at com.kms.katalon.core.main.TestCaseMain$startTestSuite$0.call(Unknown Source)
	at TempTestSuite1601553830097.run(TempTestSuite1601553830097.groovy:39)
Caused by: com.kms.katalon.core.exception.StepFailedException: Actual text 'Property investment beyond borders' and expected text 'Dubai's Leading Online Real Estate Auction' of test object 'Object Repository/SmokeTests/Page_Chiragh - Home/h1_Dubais Leading Online Real Estate Auction' are NOT matched.
	at com.kms.katalon.core.webui.keyword.internal.WebUIKeywordMain.stepFailed(WebUIKeywordMain.groovy:64)
	at com.kms.katalon.core.webui.keyword.builtin.VerifyElementTextKeyword$_verifyElementText_closure1.doCall(VerifyElementTextKeyword.groovy:57)
	at com.kms.katalon.core.webui.keyword.builtin.VerifyElementTextKeyword$_verifyElementText_closure1.call(VerifyElementTextKeyword.groovy)
	at com.kms.katalon.core.webui.keyword.internal.WebUIKeywordMain.runKeyword(WebUIKeywordMain.groovy:20)
	... 19 more]]></system-err>
      </testcase>
      <testcase name="Test Cases/Front End/TC_RgisterUserAdd(WatchList)" time="66.208" classname="Test Cases/Front End/TC_RgisterUserAdd(WatchList)" status="FAILED">
         <failure type="FAILED" message="Test Cases/Front End/TC_RgisterUserAdd(WatchList) FAILED.
Reason:
com.kms.katalon.core.exception.StepFailedException: Unable to scroll to object 'Object Repository/Front End Objects/RegisterUserAdd(WatchList)/Page_Chiragh - Home/h6_Active auctions in process'
	at com.kms.katalon.core.webui.keyword.internal.WebUIKeywordMain.stepFailed(WebUIKeywordMain.groovy:64)
	at com.kms.katalon.core.webui.keyword.internal.WebUIKeywordMain.runKeyword(WebUIKeywordMain.groovy:26)
	at com.kms.katalon.core.webui.keyword.builtin.ScrollToElementKeyword.scrollToElement(ScrollToElementKeyword.groovy:88)
	at com.kms.katalon.core.webui.keyword.builtin.ScrollToElementKeyword.execute(ScrollToElementKeyword.groovy:68)
	at com.kms.katalon.core.keyword.internal.KeywordExecutor.executeKeywordForPlatform(KeywordExecutor.groovy:73)
	at com.kms.katalon.core.webui.keyword.WebUiBuiltInKeywords.scrollToElement(WebUiBuiltInKeywords.groovy:3432)
	at com.kms.katalon.core.webui.keyword.WebUiBuiltInKeywords$scrollToElement$6.call(Unknown Source)
	at TC_RgisterUserAdd(WatchList).run(TC_RgisterUserAdd(WatchList):44)
	at com.kms.katalon.core.main.ScriptEngine.run(ScriptEngine.java:194)
	at com.kms.katalon.core.main.ScriptEngine.runScriptAsRawText(ScriptEngine.java:119)
	at com.kms.katalon.core.main.TestCaseExecutor.runScript(TestCaseExecutor.java:339)
	at com.kms.katalon.core.main.TestCaseExecutor.doExecute(TestCaseExecutor.java:330)
	at com.kms.katalon.core.main.TestCaseExecutor.processExecutionPhase(TestCaseExecutor.java:309)
	at com.kms.katalon.core.main.TestCaseExecutor.accessMainPhase(TestCaseExecutor.java:301)
	at com.kms.katalon.core.main.TestCaseExecutor.execute(TestCaseExecutor.java:235)
	at com.kms.katalon.core.main.TestSuiteExecutor.accessTestCaseMainPhase(TestSuiteExecutor.java:191)
	at com.kms.katalon.core.main.TestSuiteExecutor.accessTestSuiteMainPhase(TestSuiteExecutor.java:141)
	at com.kms.katalon.core.main.TestSuiteExecutor.execute(TestSuiteExecutor.java:90)
	at com.kms.katalon.core.main.TestCaseMain.startTestSuite(TestCaseMain.java:157)
	at com.kms.katalon.core.main.TestCaseMain$startTestSuite$0.call(Unknown Source)
	at TempTestSuite1601553830097.run(TempTestSuite1601553830097.groovy:39)
Caused by: com.kms.katalon.core.webui.exception.WebElementNotFoundException: Web element with id: 'Object Repository/Front End Objects/RegisterUserAdd(WatchList)/Page_Chiragh - Home/h6_Active auctions in process' located by '(.//*[normalize-space(text()) and normalize-space(.)='Current Auctions'])[1]/following::h6[1]' not found
	at com.kms.katalon.core.webui.common.WebUiCommonHelper.findWebElement(WebUiCommonHelper.java:1368)
	at com.kms.katalon.core.webui.keyword.internal.WebUIAbstractKeyword.findWebElement(WebUIAbstractKeyword.groovy:27)
	at com.kms.katalon.core.webui.keyword.internal.WebUIAbstractKeyword.findWebElement(WebUIAbstractKeyword.groovy:26)
	at com.kms.katalon.core.webui.keyword.builtin.ScrollToElementKeyword$_scrollToElement_closure1.doCall(ScrollToElementKeyword.groovy:79)
	at com.kms.katalon.core.webui.keyword.builtin.ScrollToElementKeyword$_scrollToElement_closure1.call(ScrollToElementKeyword.groovy)
	at com.kms.katalon.core.webui.keyword.internal.WebUIKeywordMain.runKeyword(WebUIKeywordMain.groovy:20)
	... 19 more
"/>
         <system-out><![CDATA[2020-10-01 17:24:33 - [TEST_CASE][FAILED] - Test Cases/Front End/TC_RgisterUserAdd(WatchList): Test Cases/Front End/TC_RgisterUserAdd(WatchList) FAILED.
Reason:
com.kms.katalon.core.exception.StepFailedException: Unable to scroll to object 'Object Repository/Front End Objects/RegisterUserAdd(WatchList)/Page_Chiragh - Home/h6_Active auctions in process'
	at com.kms.katalon.core.webui.keyword.internal.WebUIKeywordMain.stepFailed(WebUIKeywordMain.groovy:64)
	at com.kms.katalon.core.webui.keyword.internal.WebUIKeywordMain.runKeyword(WebUIKeywordMain.groovy:26)
	at com.kms.katalon.core.webui.keyword.builtin.ScrollToElementKeyword.scrollToElement(ScrollToElementKeyword.groovy:88)
	at com.kms.katalon.core.webui.keyword.builtin.ScrollToElementKeyword.execute(ScrollToElementKeyword.groovy:68)
	at com.kms.katalon.core.keyword.internal.KeywordExecutor.executeKeywordForPlatform(KeywordExecutor.groovy:73)
	at com.kms.katalon.core.webui.keyword.WebUiBuiltInKeywords.scrollToElement(WebUiBuiltInKeywords.groovy:3432)
	at com.kms.katalon.core.webui.keyword.WebUiBuiltInKeywords$scrollToElement$6.call(Unknown Source)
	at TC_RgisterUserAdd(WatchList).run(TC_RgisterUserAdd(WatchList):44)
	at com.kms.katalon.core.main.ScriptEngine.run(ScriptEngine.java:194)
	at com.kms.katalon.core.main.ScriptEngine.runScriptAsRawText(ScriptEngine.java:119)
	at com.kms.katalon.core.main.TestCaseExecutor.runScript(TestCaseExecutor.java:339)
	at com.kms.katalon.core.main.TestCaseExecutor.doExecute(TestCaseExecutor.java:330)
	at com.kms.katalon.core.main.TestCaseExecutor.processExecutionPhase(TestCaseExecutor.java:309)
	at com.kms.katalon.core.main.TestCaseExecutor.accessMainPhase(TestCaseExecutor.java:301)
	at com.kms.katalon.core.main.TestCaseExecutor.execute(TestCaseExecutor.java:235)
	at com.kms.katalon.core.main.TestSuiteExecutor.accessTestCaseMainPhase(TestSuiteExecutor.java:191)
	at com.kms.katalon.core.main.TestSuiteExecutor.accessTestSuiteMainPhase(TestSuiteExecutor.java:141)
	at com.kms.katalon.core.main.TestSuiteExecutor.execute(TestSuiteExecutor.java:90)
	at com.kms.katalon.core.main.TestCaseMain.startTestSuite(TestCaseMain.java:157)
	at com.kms.katalon.core.main.TestCaseMain$startTestSuite$0.call(Unknown Source)
	at TempTestSuite1601553830097.run(TempTestSuite1601553830097.groovy:39)
Caused by: com.kms.katalon.core.webui.exception.WebElementNotFoundException: Web element with id: 'Object Repository/Front End Objects/RegisterUserAdd(WatchList)/Page_Chiragh - Home/h6_Active auctions in process' located by '(.//*[normalize-space(text()) and normalize-space(.)='Current Auctions'])[1]/following::h6[1]' not found
	at com.kms.katalon.core.webui.common.WebUiCommonHelper.findWebElement(WebUiCommonHelper.java:1368)
	at com.kms.katalon.core.webui.keyword.internal.WebUIAbstractKeyword.findWebElement(WebUIAbstractKeyword.groovy:27)
	at com.kms.katalon.core.webui.keyword.internal.WebUIAbstractKeyword.findWebElement(WebUIAbstractKeyword.groovy:26)
	at com.kms.katalon.core.webui.keyword.builtin.ScrollToElementKeyword$_scrollToElement_closure1.doCall(ScrollToElementKeyword.groovy:79)
	at com.kms.katalon.core.webui.keyword.builtin.ScrollToElementKeyword$_scrollToElement_closure1.call(ScrollToElementKeyword.groovy)
	at com.kms.katalon.core.webui.keyword.internal.WebUIKeywordMain.runKeyword(WebUIKeywordMain.groovy:20)
	... 19 more


2020-10-01 17:24:34 - [TEST_STEP][PASSED] - openBrowser(""): Browser is opened with url: ''

2020-10-01 17:24:34 - [MESSAGE][WARNING] - A browser is already opened. Closing browser and opening a new one

2020-10-01 17:24:36 - [MESSAGE][INFO] - Starting 'Chrome' driver

2020-10-01 17:24:36 - [MESSAGE][INFO] - Action delay is set to 0 milliseconds

2020-10-01 17:24:39 - [MESSAGE][PASSED] - Browser is opened with url: ''

2020-10-01 17:24:39 - [TEST_STEP][PASSED] - navigateToUrl(Url): Navigate to 'http://chiragh:AeBcm%231t@test.chiragh.com' successfully

2020-10-01 17:24:48 - [MESSAGE][PASSED] - Navigate to 'http://chiragh:AeBcm%231t@test.chiragh.com' successfully

2020-10-01 17:24:48 - [TEST_STEP][PASSED] - waitForPageLoad(15): Wait for page load successfully

2020-10-01 17:24:55 - [MESSAGE][PASSED] - Wait for page load successfully

2020-10-01 17:24:55 - [TEST_STEP][PASSED] - maximizeWindow(): Current window maximized

2020-10-01 17:24:57 - [MESSAGE][PASSED] - Current window maximized

2020-10-01 17:24:57 - [TEST_STEP][PASSED] - delay(3): Delayed 3 second(s)

2020-10-01 17:25:00 - [MESSAGE][PASSED] - Delayed 3 second(s)

2020-10-01 17:25:00 - [TEST_STEP][PASSED] - click(findTestObject("Object Repository/Front End Objects/RegisterUserAdd(WatchList)/Page_Chiragh - Home/a_ENG_dropdownMenuLink")): Object: 'Object Repository/Front End Objects/RegisterUserAdd(WatchList)/Page_Chiragh - Home/a_ENG_dropdownMenuLink' is clicked on

2020-10-01 17:25:01 - [MESSAGE][PASSED] - Object: 'Object Repository/Front End Objects/RegisterUserAdd(WatchList)/Page_Chiragh - Home/a_ENG_dropdownMenuLink' is clicked on

2020-10-01 17:25:01 - [TEST_STEP][PASSED] - click(findTestObject("Object Repository/Front End Objects/RegisterUserAdd(WatchList)/Page_Chiragh - Home/a_Login")): Object: 'Object Repository/Front End Objects/RegisterUserAdd(WatchList)/Page_Chiragh - Home/a_Login' is clicked on

2020-10-01 17:25:03 - [MESSAGE][PASSED] - Object: 'Object Repository/Front End Objects/RegisterUserAdd(WatchList)/Page_Chiragh - Home/a_Login' is clicked on

2020-10-01 17:25:03 - [TEST_STEP][PASSED] - setText(findTestObject("Object Repository/Front End Objects/RegisterUserAdd(WatchList)/Page_Chiragh - Login/input_Username_un"), userName): Text 'testbcm11%2bac@gmail.com' is set on object 'Object Repository/Front End Objects/RegisterUserAdd(WatchList)/Page_Chiragh - Login/input_Username_un'

2020-10-01 17:25:04 - [MESSAGE][PASSED] - Text 'testbcm11%2bac@gmail.com' is set on object 'Object Repository/Front End Objects/RegisterUserAdd(WatchList)/Page_Chiragh - Login/input_Username_un'

2020-10-01 17:25:04 - [TEST_STEP][PASSED] - setEncryptedText(findTestObject("Object Repository/Front End Objects/RegisterUserAdd(WatchList)/Page_Chiragh - Login/input_Password_userPassword"), "RigbBhfdqOBDK95asqKeHw=="): Text ****** has been set on object 'Object Repository/Front End Objects/RegisterUserAdd(WatchList)/Page_Chiragh - Login/input_Password_userPassword'

2020-10-01 17:25:04 - [MESSAGE][PASSED] - Text ****** has been set on object 'Object Repository/Front End Objects/RegisterUserAdd(WatchList)/Page_Chiragh - Login/input_Password_userPassword'

2020-10-01 17:25:04 - [TEST_STEP][PASSED] - click(findTestObject("Object Repository/Front End Objects/RegisterUserAdd(WatchList)/Page_Chiragh - Login/button_Log In")): Object: 'Object Repository/Front End Objects/RegisterUserAdd(WatchList)/Page_Chiragh - Login/button_Log In' is clicked on

2020-10-01 17:25:05 - [MESSAGE][PASSED] - Object: 'Object Repository/Front End Objects/RegisterUserAdd(WatchList)/Page_Chiragh - Login/button_Log In' is clicked on

2020-10-01 17:25:05 - [TEST_STEP][PASSED] - waitForPageLoad(15): Wait for page load successfully

2020-10-01 17:25:05 - [MESSAGE][PASSED] - Wait for page load successfully

2020-10-01 17:25:05 - [TEST_STEP][FAILED] - scrollToElement(findTestObject("Object Repository/Front End Objects/RegisterUserAdd(WatchList)/Page_Chiragh - Home/h6_Active auctions in process"), 4): Unable to scroll to object 'Object Repository/Front End Objects/RegisterUserAdd(WatchList)/Page_Chiragh - Home/h6_Active auctions in process' (Root cause: com.kms.katalon.core.exception.StepFailedException: Unable to scroll to object 'Object Repository/Front End Objects/RegisterUserAdd(WatchList)/Page_Chiragh - Home/h6_Active auctions in process'
	at com.kms.katalon.core.webui.keyword.internal.WebUIKeywordMain.stepFailed(WebUIKeywordMain.groovy:64)
	at com.kms.katalon.core.webui.keyword.internal.WebUIKeywordMain.runKeyword(WebUIKeywordMain.groovy:26)
	at com.kms.katalon.core.webui.keyword.builtin.ScrollToElementKeyword.scrollToElement(ScrollToElementKeyword.groovy:88)
	at com.kms.katalon.core.webui.keyword.builtin.ScrollToElementKeyword.execute(ScrollToElementKeyword.groovy:68)
	at com.kms.katalon.core.keyword.internal.KeywordExecutor.executeKeywordForPlatform(KeywordExecutor.groovy:73)
	at com.kms.katalon.core.webui.keyword.WebUiBuiltInKeywords.scrollToElement(WebUiBuiltInKeywords.groovy:3432)
	at com.kms.katalon.core.webui.keyword.WebUiBuiltInKeywords$scrollToElement$6.call(Unknown Source)
	at TC_RgisterUserAdd(WatchList).run(TC_RgisterUserAdd(WatchList):44)
	at com.kms.katalon.core.main.ScriptEngine.run(ScriptEngine.java:194)
	at com.kms.katalon.core.main.ScriptEngine.runScriptAsRawText(ScriptEngine.java:119)
	at com.kms.katalon.core.main.TestCaseExecutor.runScript(TestCaseExecutor.java:339)
	at com.kms.katalon.core.main.TestCaseExecutor.doExecute(TestCaseExecutor.java:330)
	at com.kms.katalon.core.main.TestCaseExecutor.processExecutionPhase(TestCaseExecutor.java:309)
	at com.kms.katalon.core.main.TestCaseExecutor.accessMainPhase(TestCaseExecutor.java:301)
	at com.kms.katalon.core.main.TestCaseExecutor.execute(TestCaseExecutor.java:235)
	at com.kms.katalon.core.main.TestSuiteExecutor.accessTestCaseMainPhase(TestSuiteExecutor.java:191)
	at com.kms.katalon.core.main.TestSuiteExecutor.accessTestSuiteMainPhase(TestSuiteExecutor.java:141)
	at com.kms.katalon.core.main.TestSuiteExecutor.execute(TestSuiteExecutor.java:90)
	at com.kms.katalon.core.main.TestCaseMain.startTestSuite(TestCaseMain.java:157)
	at com.kms.katalon.core.main.TestCaseMain$startTestSuite$0.call(Unknown Source)
	at TempTestSuite1601553830097.run(TempTestSuite1601553830097.groovy:39)
Caused by: com.kms.katalon.core.webui.exception.WebElementNotFoundException: Web element with id: 'Object Repository/Front End Objects/RegisterUserAdd(WatchList)/Page_Chiragh - Home/h6_Active auctions in process' located by '(.//*[normalize-space(text()) and normalize-space(.)='Current Auctions'])[1]/following::h6[1]' not found
	at com.kms.katalon.core.webui.common.WebUiCommonHelper.findWebElement(WebUiCommonHelper.java:1368)
	at com.kms.katalon.core.webui.keyword.internal.WebUIAbstractKeyword.findWebElement(WebUIAbstractKeyword.groovy:27)
	at com.kms.katalon.core.webui.keyword.internal.WebUIAbstractKeyword.findWebElement(WebUIAbstractKeyword.groovy:26)
	at com.kms.katalon.core.webui.keyword.builtin.ScrollToElementKeyword$_scrollToElement_closure1.doCall(ScrollToElementKeyword.groovy:79)
	at com.kms.katalon.core.webui.keyword.builtin.ScrollToElementKeyword$_scrollToElement_closure1.call(ScrollToElementKeyword.groovy)
	at com.kms.katalon.core.webui.keyword.internal.WebUIKeywordMain.runKeyword(WebUIKeywordMain.groovy:20)
	at com.kms.katalon.core.webui.keyword.builtin.ScrollToElementKeyword.scrollToElement(ScrollToElementKeyword.groovy:88)
	at com.kms.katalon.core.webui.keyword.builtin.ScrollToElementKeyword.execute(ScrollToElementKeyword.groovy:68)
	at com.kms.katalon.core.keyword.internal.KeywordExecutor.executeKeywordForPlatform(KeywordExecutor.groovy:73)
	at com.kms.katalon.core.webui.keyword.WebUiBuiltInKeywords.scrollToElement(WebUiBuiltInKeywords.groovy:3432)
	at com.kms.katalon.core.webui.keyword.WebUiBuiltInKeywords$scrollToElement$6.call(Unknown Source)
	at Script1585818448014.run(Script1585818448014.groovy:44)
	... 13 more
)

2020-10-01 17:25:36 - [MESSAGE][INFO] - Unable to find the element located by 'By.xpath: (.//*[normalize-space(text()) and normalize-space(.)='Current Auctions'])[1]/following::h6[1]'. Please recheck the objects properties to make sure the desired element is located. 

2020-10-01 17:25:37 - [MESSAGE][FAILED] - Unable to scroll to object 'Object Repository/Front End Objects/RegisterUserAdd(WatchList)/Page_Chiragh - Home/h6_Active auctions in process' (Root cause: com.kms.katalon.core.exception.StepFailedException: Unable to scroll to object 'Object Repository/Front End Objects/RegisterUserAdd(WatchList)/Page_Chiragh - Home/h6_Active auctions in process'
	at com.kms.katalon.core.webui.keyword.internal.WebUIKeywordMain.stepFailed(WebUIKeywordMain.groovy:64)
	at com.kms.katalon.core.webui.keyword.internal.WebUIKeywordMain.runKeyword(WebUIKeywordMain.groovy:26)
	at com.kms.katalon.core.webui.keyword.builtin.ScrollToElementKeyword.scrollToElement(ScrollToElementKeyword.groovy:88)
	at com.kms.katalon.core.webui.keyword.builtin.ScrollToElementKeyword.execute(ScrollToElementKeyword.groovy:68)
	at com.kms.katalon.core.keyword.internal.KeywordExecutor.executeKeywordForPlatform(KeywordExecutor.groovy:73)
	at com.kms.katalon.core.webui.keyword.WebUiBuiltInKeywords.scrollToElement(WebUiBuiltInKeywords.groovy:3432)
	at com.kms.katalon.core.webui.keyword.WebUiBuiltInKeywords$scrollToElement$6.call(Unknown Source)
	at TC_RgisterUserAdd(WatchList).run(TC_RgisterUserAdd(WatchList):44)
	at com.kms.katalon.core.main.ScriptEngine.run(ScriptEngine.java:194)
	at com.kms.katalon.core.main.ScriptEngine.runScriptAsRawText(ScriptEngine.java:119)
	at com.kms.katalon.core.main.TestCaseExecutor.runScript(TestCaseExecutor.java:339)
	at com.kms.katalon.core.main.TestCaseExecutor.doExecute(TestCaseExecutor.java:330)
	at com.kms.katalon.core.main.TestCaseExecutor.processExecutionPhase(TestCaseExecutor.java:309)
	at com.kms.katalon.core.main.TestCaseExecutor.accessMainPhase(TestCaseExecutor.java:301)
	at com.kms.katalon.core.main.TestCaseExecutor.execute(TestCaseExecutor.java:235)
	at com.kms.katalon.core.main.TestSuiteExecutor.accessTestCaseMainPhase(TestSuiteExecutor.java:191)
	at com.kms.katalon.core.main.TestSuiteExecutor.accessTestSuiteMainPhase(TestSuiteExecutor.java:141)
	at com.kms.katalon.core.main.TestSuiteExecutor.execute(TestSuiteExecutor.java:90)
	at com.kms.katalon.core.main.TestCaseMain.startTestSuite(TestCaseMain.java:157)
	at com.kms.katalon.core.main.TestCaseMain$startTestSuite$0.call(Unknown Source)
	at TempTestSuite1601553830097.run(TempTestSuite1601553830097.groovy:39)
Caused by: com.kms.katalon.core.webui.exception.WebElementNotFoundException: Web element with id: 'Object Repository/Front End Objects/RegisterUserAdd(WatchList)/Page_Chiragh - Home/h6_Active auctions in process' located by '(.//*[normalize-space(text()) and normalize-space(.)='Current Auctions'])[1]/following::h6[1]' not found
	at com.kms.katalon.core.webui.common.WebUiCommonHelper.findWebElement(WebUiCommonHelper.java:1368)
	at com.kms.katalon.core.webui.keyword.internal.WebUIAbstractKeyword.findWebElement(WebUIAbstractKeyword.groovy:27)
	at com.kms.katalon.core.webui.keyword.internal.WebUIAbstractKeyword.findWebElement(WebUIAbstractKeyword.groovy:26)
	at com.kms.katalon.core.webui.keyword.builtin.ScrollToElementKeyword$_scrollToElement_closure1.doCall(ScrollToElementKeyword.groovy:79)
	at com.kms.katalon.core.webui.keyword.builtin.ScrollToElementKeyword$_scrollToElement_closure1.call(ScrollToElementKeyword.groovy)
	at com.kms.katalon.core.webui.keyword.internal.WebUIKeywordMain.runKeyword(WebUIKeywordMain.groovy:20)
	at com.kms.katalon.core.webui.keyword.builtin.ScrollToElementKeyword.scrollToElement(ScrollToElementKeyword.groovy:88)
	at com.kms.katalon.core.webui.keyword.builtin.ScrollToElementKeyword.execute(ScrollToElementKeyword.groovy:68)
	at com.kms.katalon.core.keyword.internal.KeywordExecutor.executeKeywordForPlatform(KeywordExecutor.groovy:73)
	at com.kms.katalon.core.webui.keyword.WebUiBuiltInKeywords.scrollToElement(WebUiBuiltInKeywords.groovy:3432)
	at com.kms.katalon.core.webui.keyword.WebUiBuiltInKeywords$scrollToElement$6.call(Unknown Source)
	at Script1585818448014.run(Script1585818448014.groovy:44)
	... 13 more
)
[[ATTACHMENT|C:\\Users\\hp\\git\\chiraghAdminPanel\\Reports\\20201001_170350\\SanityTests\\SanityTest\\20201001_170350\\1601555136760.png]]

2020-10-01 17:25:39 - [TEST_STEP][PASSED] - Video: Video recording for test case 'Test Cases/Front End/TC_RgisterUserAdd(WatchList)' .

2020-10-01 17:25:39 - [MESSAGE][INFO] - Video recording for test case 'Test Cases/Front End/TC_RgisterUserAdd(WatchList)' .
[[ATTACHMENT|C:\Users\hp\git\chiraghAdminPanel\Reports\20201001_170350\SanityTests\SanityTest\20201001_170350/videos\test_16.mov]]]]></system-out>
         <system-err><![CDATA[2020-10-01 17:24:33 - [TEST_CASE][FAILED] - Test Cases/Front End/TC_RgisterUserAdd(WatchList): Test Cases/Front End/TC_RgisterUserAdd(WatchList) FAILED.
Reason:
com.kms.katalon.core.exception.StepFailedException: Unable to scroll to object 'Object Repository/Front End Objects/RegisterUserAdd(WatchList)/Page_Chiragh - Home/h6_Active auctions in process'
	at com.kms.katalon.core.webui.keyword.internal.WebUIKeywordMain.stepFailed(WebUIKeywordMain.groovy:64)
	at com.kms.katalon.core.webui.keyword.internal.WebUIKeywordMain.runKeyword(WebUIKeywordMain.groovy:26)
	at com.kms.katalon.core.webui.keyword.builtin.ScrollToElementKeyword.scrollToElement(ScrollToElementKeyword.groovy:88)
	at com.kms.katalon.core.webui.keyword.builtin.ScrollToElementKeyword.execute(ScrollToElementKeyword.groovy:68)
	at com.kms.katalon.core.keyword.internal.KeywordExecutor.executeKeywordForPlatform(KeywordExecutor.groovy:73)
	at com.kms.katalon.core.webui.keyword.WebUiBuiltInKeywords.scrollToElement(WebUiBuiltInKeywords.groovy:3432)
	at com.kms.katalon.core.webui.keyword.WebUiBuiltInKeywords$scrollToElement$6.call(Unknown Source)
	at TC_RgisterUserAdd(WatchList).run(TC_RgisterUserAdd(WatchList):44)
	at com.kms.katalon.core.main.ScriptEngine.run(ScriptEngine.java:194)
	at com.kms.katalon.core.main.ScriptEngine.runScriptAsRawText(ScriptEngine.java:119)
	at com.kms.katalon.core.main.TestCaseExecutor.runScript(TestCaseExecutor.java:339)
	at com.kms.katalon.core.main.TestCaseExecutor.doExecute(TestCaseExecutor.java:330)
	at com.kms.katalon.core.main.TestCaseExecutor.processExecutionPhase(TestCaseExecutor.java:309)
	at com.kms.katalon.core.main.TestCaseExecutor.accessMainPhase(TestCaseExecutor.java:301)
	at com.kms.katalon.core.main.TestCaseExecutor.execute(TestCaseExecutor.java:235)
	at com.kms.katalon.core.main.TestSuiteExecutor.accessTestCaseMainPhase(TestSuiteExecutor.java:191)
	at com.kms.katalon.core.main.TestSuiteExecutor.accessTestSuiteMainPhase(TestSuiteExecutor.java:141)
	at com.kms.katalon.core.main.TestSuiteExecutor.execute(TestSuiteExecutor.java:90)
	at com.kms.katalon.core.main.TestCaseMain.startTestSuite(TestCaseMain.java:157)
	at com.kms.katalon.core.main.TestCaseMain$startTestSuite$0.call(Unknown Source)
	at TempTestSuite1601553830097.run(TempTestSuite1601553830097.groovy:39)
Caused by: com.kms.katalon.core.webui.exception.WebElementNotFoundException: Web element with id: 'Object Repository/Front End Objects/RegisterUserAdd(WatchList)/Page_Chiragh - Home/h6_Active auctions in process' located by '(.//*[normalize-space(text()) and normalize-space(.)='Current Auctions'])[1]/following::h6[1]' not found
	at com.kms.katalon.core.webui.common.WebUiCommonHelper.findWebElement(WebUiCommonHelper.java:1368)
	at com.kms.katalon.core.webui.keyword.internal.WebUIAbstractKeyword.findWebElement(WebUIAbstractKeyword.groovy:27)
	at com.kms.katalon.core.webui.keyword.internal.WebUIAbstractKeyword.findWebElement(WebUIAbstractKeyword.groovy:26)
	at com.kms.katalon.core.webui.keyword.builtin.ScrollToElementKeyword$_scrollToElement_closure1.doCall(ScrollToElementKeyword.groovy:79)
	at com.kms.katalon.core.webui.keyword.builtin.ScrollToElementKeyword$_scrollToElement_closure1.call(ScrollToElementKeyword.groovy)
	at com.kms.katalon.core.webui.keyword.internal.WebUIKeywordMain.runKeyword(WebUIKeywordMain.groovy:20)
	... 19 more]]></system-err>
      </testcase>
      <testcase name="Test Cases/Front End/TC_TopUP(AED)_003" time="38.846" classname="Test Cases/Front End/TC_TopUP(AED)_003" status="FAILED">
         <failure type="FAILED" message="Test Cases/Front End/TC_TopUP(AED)_003 FAILED.
Reason:
com.kms.katalon.core.exception.StepFailedException: Unable to wait for page load
	at com.kms.katalon.core.webui.keyword.internal.WebUIKeywordMain.stepFailed(WebUIKeywordMain.groovy:64)
	at com.kms.katalon.core.webui.keyword.internal.WebUIKeywordMain.runKeyword(WebUIKeywordMain.groovy:26)
	at com.kms.katalon.core.webui.keyword.internal.WebUIKeywordMain$runKeyword.call(Unknown Source)
	at com.kms.katalon.core.webui.keyword.builtin.WaitForPageLoadKeyword.waitForPageLoad(WaitForPageLoadKeyword.groovy:71)
	at com.kms.katalon.core.webui.keyword.builtin.WaitForPageLoadKeyword.execute(WaitForPageLoadKeyword.groovy:67)
	at com.kms.katalon.core.keyword.internal.KeywordExecutor.executeKeywordForPlatform(KeywordExecutor.groovy:73)
	at com.kms.katalon.core.webui.keyword.WebUiBuiltInKeywords.waitForPageLoad(WebUiBuiltInKeywords.groovy:2454)
	at com.kms.katalon.core.webui.keyword.WebUiBuiltInKeywords$waitForPageLoad$1.call(Unknown Source)
	at TC_TopUP(AED)_003.run(TC_TopUP(AED)_003:22)
	at com.kms.katalon.core.main.ScriptEngine.run(ScriptEngine.java:194)
	at com.kms.katalon.core.main.ScriptEngine.runScriptAsRawText(ScriptEngine.java:119)
	at com.kms.katalon.core.main.TestCaseExecutor.runScript(TestCaseExecutor.java:339)
	at com.kms.katalon.core.main.TestCaseExecutor.doExecute(TestCaseExecutor.java:330)
	at com.kms.katalon.core.main.TestCaseExecutor.processExecutionPhase(TestCaseExecutor.java:309)
	at com.kms.katalon.core.main.TestCaseExecutor.accessMainPhase(TestCaseExecutor.java:301)
	at com.kms.katalon.core.main.TestCaseExecutor.execute(TestCaseExecutor.java:235)
	at com.kms.katalon.core.main.TestSuiteExecutor.accessTestCaseMainPhase(TestSuiteExecutor.java:191)
	at com.kms.katalon.core.main.TestSuiteExecutor.accessTestSuiteMainPhase(TestSuiteExecutor.java:141)
	at com.kms.katalon.core.main.TestSuiteExecutor.execute(TestSuiteExecutor.java:90)
	at com.kms.katalon.core.main.TestCaseMain.startTestSuite(TestCaseMain.java:157)
	at com.kms.katalon.core.main.TestCaseMain$startTestSuite$0.call(Unknown Source)
	at TempTestSuite1601553830097.run(TempTestSuite1601553830097.groovy:39)
Caused by: org.openqa.selenium.TimeoutException: Expected condition failed: waiting for com.kms.katalon.core.webui.keyword.builtin.WaitForPageLoadKeyword$1@23c0070d (tried for 15 second(s) with 500 milliseconds interval)
Build info: version: '3.141.59', revision: 'e82be7d358', time: '2018-11-14T08:25:53'
System info: host: 'ADNAN', ip: '169.254.75.173', os.name: 'Windows 10', os.arch: 'amd64', os.version: '10.0', java.version: '1.8.0_181'
Driver info: com.kms.katalon.core.webui.driver.SmartWaitWebDriver
Capabilities {acceptInsecureCerts: false, browserName: chrome, browserVersion: 85.0.4183.102, chrome: {chromedriverVersion: 85.0.4183.87 (cd6713ebf92fa..., userDataDir: C:\Users\hp\AppData\Local\T...}, goog:chromeOptions: {debuggerAddress: localhost:36152}, javascriptEnabled: true, networkConnectionEnabled: false, pageLoadStrategy: normal, platform: WINDOWS, platformName: WINDOWS, proxy: Proxy(), setWindowRect: true, strictFileInteractability: false, timeouts: {implicit: 0, pageLoad: 300000, script: 30000}, unhandledPromptBehavior: dismiss and notify, webauthn:virtualAuthenticators: true}
Session ID: 46cd1aa1cd8e5e901d10b1b5a8bc0e44
	at org.openqa.selenium.support.ui.WebDriverWait.timeoutException(WebDriverWait.java:95)
	at org.openqa.selenium.support.ui.FluentWait.until(FluentWait.java:272)
	at org.openqa.selenium.support.ui.Wait$until.call(Unknown Source)
	at com.kms.katalon.core.webui.keyword.builtin.WaitForPageLoadKeyword$_waitForPageLoad_closure1.doCall(WaitForPageLoadKeyword.groovy:76)
	at com.kms.katalon.core.webui.keyword.builtin.WaitForPageLoadKeyword$_waitForPageLoad_closure1.doCall(WaitForPageLoadKeyword.groovy)
	at com.kms.katalon.core.webui.keyword.internal.WebUIKeywordMain.runKeyword(WebUIKeywordMain.groovy:20)
	... 20 more
"/>
         <system-out><![CDATA[2020-10-01 17:25:39 - [TEST_CASE][FAILED] - Test Cases/Front End/TC_TopUP(AED)_003: Test Cases/Front End/TC_TopUP(AED)_003 FAILED.
Reason:
com.kms.katalon.core.exception.StepFailedException: Unable to wait for page load
	at com.kms.katalon.core.webui.keyword.internal.WebUIKeywordMain.stepFailed(WebUIKeywordMain.groovy:64)
	at com.kms.katalon.core.webui.keyword.internal.WebUIKeywordMain.runKeyword(WebUIKeywordMain.groovy:26)
	at com.kms.katalon.core.webui.keyword.internal.WebUIKeywordMain$runKeyword.call(Unknown Source)
	at com.kms.katalon.core.webui.keyword.builtin.WaitForPageLoadKeyword.waitForPageLoad(WaitForPageLoadKeyword.groovy:71)
	at com.kms.katalon.core.webui.keyword.builtin.WaitForPageLoadKeyword.execute(WaitForPageLoadKeyword.groovy:67)
	at com.kms.katalon.core.keyword.internal.KeywordExecutor.executeKeywordForPlatform(KeywordExecutor.groovy:73)
	at com.kms.katalon.core.webui.keyword.WebUiBuiltInKeywords.waitForPageLoad(WebUiBuiltInKeywords.groovy:2454)
	at com.kms.katalon.core.webui.keyword.WebUiBuiltInKeywords$waitForPageLoad$1.call(Unknown Source)
	at TC_TopUP(AED)_003.run(TC_TopUP(AED)_003:22)
	at com.kms.katalon.core.main.ScriptEngine.run(ScriptEngine.java:194)
	at com.kms.katalon.core.main.ScriptEngine.runScriptAsRawText(ScriptEngine.java:119)
	at com.kms.katalon.core.main.TestCaseExecutor.runScript(TestCaseExecutor.java:339)
	at com.kms.katalon.core.main.TestCaseExecutor.doExecute(TestCaseExecutor.java:330)
	at com.kms.katalon.core.main.TestCaseExecutor.processExecutionPhase(TestCaseExecutor.java:309)
	at com.kms.katalon.core.main.TestCaseExecutor.accessMainPhase(TestCaseExecutor.java:301)
	at com.kms.katalon.core.main.TestCaseExecutor.execute(TestCaseExecutor.java:235)
	at com.kms.katalon.core.main.TestSuiteExecutor.accessTestCaseMainPhase(TestSuiteExecutor.java:191)
	at com.kms.katalon.core.main.TestSuiteExecutor.accessTestSuiteMainPhase(TestSuiteExecutor.java:141)
	at com.kms.katalon.core.main.TestSuiteExecutor.execute(TestSuiteExecutor.java:90)
	at com.kms.katalon.core.main.TestCaseMain.startTestSuite(TestCaseMain.java:157)
	at com.kms.katalon.core.main.TestCaseMain$startTestSuite$0.call(Unknown Source)
	at TempTestSuite1601553830097.run(TempTestSuite1601553830097.groovy:39)
Caused by: org.openqa.selenium.TimeoutException: Expected condition failed: waiting for com.kms.katalon.core.webui.keyword.builtin.WaitForPageLoadKeyword$1@23c0070d (tried for 15 second(s) with 500 milliseconds interval)
Build info: version: '3.141.59', revision: 'e82be7d358', time: '2018-11-14T08:25:53'
System info: host: 'ADNAN', ip: '169.254.75.173', os.name: 'Windows 10', os.arch: 'amd64', os.version: '10.0', java.version: '1.8.0_181'
Driver info: com.kms.katalon.core.webui.driver.SmartWaitWebDriver
Capabilities {acceptInsecureCerts: false, browserName: chrome, browserVersion: 85.0.4183.102, chrome: {chromedriverVersion: 85.0.4183.87 (cd6713ebf92fa..., userDataDir: C:\Users\hp\AppData\Local\T...}, goog:chromeOptions: {debuggerAddress: localhost:36152}, javascriptEnabled: true, networkConnectionEnabled: false, pageLoadStrategy: normal, platform: WINDOWS, platformName: WINDOWS, proxy: Proxy(), setWindowRect: true, strictFileInteractability: false, timeouts: {implicit: 0, pageLoad: 300000, script: 30000}, unhandledPromptBehavior: dismiss and notify, webauthn:virtualAuthenticators: true}
Session ID: 46cd1aa1cd8e5e901d10b1b5a8bc0e44
	at org.openqa.selenium.support.ui.WebDriverWait.timeoutException(WebDriverWait.java:95)
	at org.openqa.selenium.support.ui.FluentWait.until(FluentWait.java:272)
	at org.openqa.selenium.support.ui.Wait$until.call(Unknown Source)
	at com.kms.katalon.core.webui.keyword.builtin.WaitForPageLoadKeyword$_waitForPageLoad_closure1.doCall(WaitForPageLoadKeyword.groovy:76)
	at com.kms.katalon.core.webui.keyword.builtin.WaitForPageLoadKeyword$_waitForPageLoad_closure1.doCall(WaitForPageLoadKeyword.groovy)
	at com.kms.katalon.core.webui.keyword.internal.WebUIKeywordMain.runKeyword(WebUIKeywordMain.groovy:20)
	... 20 more


2020-10-01 17:25:40 - [TEST_STEP][PASSED] - openBrowser(""): Browser is opened with url: ''

2020-10-01 17:25:40 - [MESSAGE][WARNING] - A browser is already opened. Closing browser and opening a new one

2020-10-01 17:25:41 - [MESSAGE][INFO] - Starting 'Chrome' driver

2020-10-01 17:25:41 - [MESSAGE][INFO] - Action delay is set to 0 milliseconds

2020-10-01 17:25:45 - [MESSAGE][PASSED] - Browser is opened with url: ''

2020-10-01 17:25:45 - [TEST_STEP][PASSED] - navigateToUrl(Url): Navigate to 'http://chiragh:AeBcm%231t@test.chiragh.com' successfully

2020-10-01 17:26:00 - [MESSAGE][PASSED] - Navigate to 'http://chiragh:AeBcm%231t@test.chiragh.com' successfully

2020-10-01 17:26:00 - [TEST_STEP][FAILED] - waitForPageLoad(15): Unable to wait for page load (Root cause: com.kms.katalon.core.exception.StepFailedException: Unable to wait for page load
	at com.kms.katalon.core.webui.keyword.internal.WebUIKeywordMain.stepFailed(WebUIKeywordMain.groovy:64)
	at com.kms.katalon.core.webui.keyword.internal.WebUIKeywordMain.runKeyword(WebUIKeywordMain.groovy:26)
	at com.kms.katalon.core.webui.keyword.internal.WebUIKeywordMain$runKeyword.call(Unknown Source)
	at com.kms.katalon.core.webui.keyword.builtin.WaitForPageLoadKeyword.waitForPageLoad(WaitForPageLoadKeyword.groovy:71)
	at com.kms.katalon.core.webui.keyword.builtin.WaitForPageLoadKeyword.execute(WaitForPageLoadKeyword.groovy:67)
	at com.kms.katalon.core.keyword.internal.KeywordExecutor.executeKeywordForPlatform(KeywordExecutor.groovy:73)
	at com.kms.katalon.core.webui.keyword.WebUiBuiltInKeywords.waitForPageLoad(WebUiBuiltInKeywords.groovy:2454)
	at com.kms.katalon.core.webui.keyword.WebUiBuiltInKeywords$waitForPageLoad$1.call(Unknown Source)
	at TC_TopUP(AED)_003.run(TC_TopUP(AED)_003:22)
	at com.kms.katalon.core.main.ScriptEngine.run(ScriptEngine.java:194)
	at com.kms.katalon.core.main.ScriptEngine.runScriptAsRawText(ScriptEngine.java:119)
	at com.kms.katalon.core.main.TestCaseExecutor.runScript(TestCaseExecutor.java:339)
	at com.kms.katalon.core.main.TestCaseExecutor.doExecute(TestCaseExecutor.java:330)
	at com.kms.katalon.core.main.TestCaseExecutor.processExecutionPhase(TestCaseExecutor.java:309)
	at com.kms.katalon.core.main.TestCaseExecutor.accessMainPhase(TestCaseExecutor.java:301)
	at com.kms.katalon.core.main.TestCaseExecutor.execute(TestCaseExecutor.java:235)
	at com.kms.katalon.core.main.TestSuiteExecutor.accessTestCaseMainPhase(TestSuiteExecutor.java:191)
	at com.kms.katalon.core.main.TestSuiteExecutor.accessTestSuiteMainPhase(TestSuiteExecutor.java:141)
	at com.kms.katalon.core.main.TestSuiteExecutor.execute(TestSuiteExecutor.java:90)
	at com.kms.katalon.core.main.TestCaseMain.startTestSuite(TestCaseMain.java:157)
	at com.kms.katalon.core.main.TestCaseMain$startTestSuite$0.call(Unknown Source)
	at TempTestSuite1601553830097.run(TempTestSuite1601553830097.groovy:39)
Caused by: org.openqa.selenium.TimeoutException: Expected condition failed: waiting for com.kms.katalon.core.webui.keyword.builtin.WaitForPageLoadKeyword$1@23c0070d (tried for 15 second(s) with 500 milliseconds interval)
Build info: version: '3.141.59', revision: 'e82be7d358', time: '2018-11-14T08:25:53'
System info: host: 'ADNAN', ip: '169.254.75.173', os.name: 'Windows 10', os.arch: 'amd64', os.version: '10.0', java.version: '1.8.0_181'
Driver info: com.kms.katalon.core.webui.driver.SmartWaitWebDriver
Capabilities {acceptInsecureCerts: false, browserName: chrome, browserVersion: 85.0.4183.102, chrome: {chromedriverVersion: 85.0.4183.87 (cd6713ebf92fa..., userDataDir: C:\Users\hp\AppData\Local\T...}, goog:chromeOptions: {debuggerAddress: localhost:36152}, javascriptEnabled: true, networkConnectionEnabled: false, pageLoadStrategy: normal, platform: WINDOWS, platformName: WINDOWS, proxy: Proxy(), setWindowRect: true, strictFileInteractability: false, timeouts: {implicit: 0, pageLoad: 300000, script: 30000}, unhandledPromptBehavior: dismiss and notify, webauthn:virtualAuthenticators: true}
Session ID: 46cd1aa1cd8e5e901d10b1b5a8bc0e44
	at org.openqa.selenium.support.ui.WebDriverWait.timeoutException(WebDriverWait.java:95)
	at org.openqa.selenium.support.ui.FluentWait.until(FluentWait.java:272)
	at org.openqa.selenium.support.ui.Wait$until.call(Unknown Source)
	at com.kms.katalon.core.webui.keyword.builtin.WaitForPageLoadKeyword$_waitForPageLoad_closure1.doCall(WaitForPageLoadKeyword.groovy:76)
	at com.kms.katalon.core.webui.keyword.builtin.WaitForPageLoadKeyword$_waitForPageLoad_closure1.doCall(WaitForPageLoadKeyword.groovy)
	at com.kms.katalon.core.webui.keyword.internal.WebUIKeywordMain.runKeyword(WebUIKeywordMain.groovy:20)
	at com.kms.katalon.core.webui.keyword.internal.WebUIKeywordMain$runKeyword.call(Unknown Source)
	at com.kms.katalon.core.webui.keyword.builtin.WaitForPageLoadKeyword.waitForPageLoad(WaitForPageLoadKeyword.groovy:71)
	at com.kms.katalon.core.webui.keyword.builtin.WaitForPageLoadKeyword.execute(WaitForPageLoadKeyword.groovy:67)
	at com.kms.katalon.core.keyword.internal.KeywordExecutor.executeKeywordForPlatform(KeywordExecutor.groovy:73)
	at com.kms.katalon.core.webui.keyword.WebUiBuiltInKeywords.waitForPageLoad(WebUiBuiltInKeywords.groovy:2454)
	at com.kms.katalon.core.webui.keyword.WebUiBuiltInKeywords$waitForPageLoad$1.call(Unknown Source)
	at Script1585302902526.run(Script1585302902526.groovy:22)
	... 13 more
)

2020-10-01 17:26:16 - [MESSAGE][FAILED] - Unable to wait for page load (Root cause: com.kms.katalon.core.exception.StepFailedException: Unable to wait for page load
	at com.kms.katalon.core.webui.keyword.internal.WebUIKeywordMain.stepFailed(WebUIKeywordMain.groovy:64)
	at com.kms.katalon.core.webui.keyword.internal.WebUIKeywordMain.runKeyword(WebUIKeywordMain.groovy:26)
	at com.kms.katalon.core.webui.keyword.internal.WebUIKeywordMain$runKeyword.call(Unknown Source)
	at com.kms.katalon.core.webui.keyword.builtin.WaitForPageLoadKeyword.waitForPageLoad(WaitForPageLoadKeyword.groovy:71)
	at com.kms.katalon.core.webui.keyword.builtin.WaitForPageLoadKeyword.execute(WaitForPageLoadKeyword.groovy:67)
	at com.kms.katalon.core.keyword.internal.KeywordExecutor.executeKeywordForPlatform(KeywordExecutor.groovy:73)
	at com.kms.katalon.core.webui.keyword.WebUiBuiltInKeywords.waitForPageLoad(WebUiBuiltInKeywords.groovy:2454)
	at com.kms.katalon.core.webui.keyword.WebUiBuiltInKeywords$waitForPageLoad$1.call(Unknown Source)
	at TC_TopUP(AED)_003.run(TC_TopUP(AED)_003:22)
	at com.kms.katalon.core.main.ScriptEngine.run(ScriptEngine.java:194)
	at com.kms.katalon.core.main.ScriptEngine.runScriptAsRawText(ScriptEngine.java:119)
	at com.kms.katalon.core.main.TestCaseExecutor.runScript(TestCaseExecutor.java:339)
	at com.kms.katalon.core.main.TestCaseExecutor.doExecute(TestCaseExecutor.java:330)
	at com.kms.katalon.core.main.TestCaseExecutor.processExecutionPhase(TestCaseExecutor.java:309)
	at com.kms.katalon.core.main.TestCaseExecutor.accessMainPhase(TestCaseExecutor.java:301)
	at com.kms.katalon.core.main.TestCaseExecutor.execute(TestCaseExecutor.java:235)
	at com.kms.katalon.core.main.TestSuiteExecutor.accessTestCaseMainPhase(TestSuiteExecutor.java:191)
	at com.kms.katalon.core.main.TestSuiteExecutor.accessTestSuiteMainPhase(TestSuiteExecutor.java:141)
	at com.kms.katalon.core.main.TestSuiteExecutor.execute(TestSuiteExecutor.java:90)
	at com.kms.katalon.core.main.TestCaseMain.startTestSuite(TestCaseMain.java:157)
	at com.kms.katalon.core.main.TestCaseMain$startTestSuite$0.call(Unknown Source)
	at TempTestSuite1601553830097.run(TempTestSuite1601553830097.groovy:39)
Caused by: org.openqa.selenium.TimeoutException: Expected condition failed: waiting for com.kms.katalon.core.webui.keyword.builtin.WaitForPageLoadKeyword$1@23c0070d (tried for 15 second(s) with 500 milliseconds interval)
Build info: version: '3.141.59', revision: 'e82be7d358', time: '2018-11-14T08:25:53'
System info: host: 'ADNAN', ip: '169.254.75.173', os.name: 'Windows 10', os.arch: 'amd64', os.version: '10.0', java.version: '1.8.0_181'
Driver info: com.kms.katalon.core.webui.driver.SmartWaitWebDriver
Capabilities {acceptInsecureCerts: false, browserName: chrome, browserVersion: 85.0.4183.102, chrome: {chromedriverVersion: 85.0.4183.87 (cd6713ebf92fa..., userDataDir: C:\Users\hp\AppData\Local\T...}, goog:chromeOptions: {debuggerAddress: localhost:36152}, javascriptEnabled: true, networkConnectionEnabled: false, pageLoadStrategy: normal, platform: WINDOWS, platformName: WINDOWS, proxy: Proxy(), setWindowRect: true, strictFileInteractability: false, timeouts: {implicit: 0, pageLoad: 300000, script: 30000}, unhandledPromptBehavior: dismiss and notify, webauthn:virtualAuthenticators: true}
Session ID: 46cd1aa1cd8e5e901d10b1b5a8bc0e44
	at org.openqa.selenium.support.ui.WebDriverWait.timeoutException(WebDriverWait.java:95)
	at org.openqa.selenium.support.ui.FluentWait.until(FluentWait.java:272)
	at org.openqa.selenium.support.ui.Wait$until.call(Unknown Source)
	at com.kms.katalon.core.webui.keyword.builtin.WaitForPageLoadKeyword$_waitForPageLoad_closure1.doCall(WaitForPageLoadKeyword.groovy:76)
	at com.kms.katalon.core.webui.keyword.builtin.WaitForPageLoadKeyword$_waitForPageLoad_closure1.doCall(WaitForPageLoadKeyword.groovy)
	at com.kms.katalon.core.webui.keyword.internal.WebUIKeywordMain.runKeyword(WebUIKeywordMain.groovy:20)
	at com.kms.katalon.core.webui.keyword.internal.WebUIKeywordMain$runKeyword.call(Unknown Source)
	at com.kms.katalon.core.webui.keyword.builtin.WaitForPageLoadKeyword.waitForPageLoad(WaitForPageLoadKeyword.groovy:71)
	at com.kms.katalon.core.webui.keyword.builtin.WaitForPageLoadKeyword.execute(WaitForPageLoadKeyword.groovy:67)
	at com.kms.katalon.core.keyword.internal.KeywordExecutor.executeKeywordForPlatform(KeywordExecutor.groovy:73)
	at com.kms.katalon.core.webui.keyword.WebUiBuiltInKeywords.waitForPageLoad(WebUiBuiltInKeywords.groovy:2454)
	at com.kms.katalon.core.webui.keyword.WebUiBuiltInKeywords$waitForPageLoad$1.call(Unknown Source)
	at Script1585302902526.run(Script1585302902526.groovy:22)
	... 13 more
)
[[ATTACHMENT|C:\\Users\\hp\\git\\chiraghAdminPanel\\Reports\\20201001_170350\\SanityTests\\SanityTest\\20201001_170350\\1601555175595.png]]

2020-10-01 17:26:18 - [TEST_STEP][PASSED] - Video: Video recording for test case 'Test Cases/Front End/TC_TopUP(AED)_003' .

2020-10-01 17:26:18 - [MESSAGE][INFO] - Video recording for test case 'Test Cases/Front End/TC_TopUP(AED)_003' .
[[ATTACHMENT|C:\Users\hp\git\chiraghAdminPanel\Reports\20201001_170350\SanityTests\SanityTest\20201001_170350/videos\test_17.mov]]]]></system-out>
         <system-err><![CDATA[2020-10-01 17:25:39 - [TEST_CASE][FAILED] - Test Cases/Front End/TC_TopUP(AED)_003: Test Cases/Front End/TC_TopUP(AED)_003 FAILED.
Reason:
com.kms.katalon.core.exception.StepFailedException: Unable to wait for page load
	at com.kms.katalon.core.webui.keyword.internal.WebUIKeywordMain.stepFailed(WebUIKeywordMain.groovy:64)
	at com.kms.katalon.core.webui.keyword.internal.WebUIKeywordMain.runKeyword(WebUIKeywordMain.groovy:26)
	at com.kms.katalon.core.webui.keyword.internal.WebUIKeywordMain$runKeyword.call(Unknown Source)
	at com.kms.katalon.core.webui.keyword.builtin.WaitForPageLoadKeyword.waitForPageLoad(WaitForPageLoadKeyword.groovy:71)
	at com.kms.katalon.core.webui.keyword.builtin.WaitForPageLoadKeyword.execute(WaitForPageLoadKeyword.groovy:67)
	at com.kms.katalon.core.keyword.internal.KeywordExecutor.executeKeywordForPlatform(KeywordExecutor.groovy:73)
	at com.kms.katalon.core.webui.keyword.WebUiBuiltInKeywords.waitForPageLoad(WebUiBuiltInKeywords.groovy:2454)
	at com.kms.katalon.core.webui.keyword.WebUiBuiltInKeywords$waitForPageLoad$1.call(Unknown Source)
	at TC_TopUP(AED)_003.run(TC_TopUP(AED)_003:22)
	at com.kms.katalon.core.main.ScriptEngine.run(ScriptEngine.java:194)
	at com.kms.katalon.core.main.ScriptEngine.runScriptAsRawText(ScriptEngine.java:119)
	at com.kms.katalon.core.main.TestCaseExecutor.runScript(TestCaseExecutor.java:339)
	at com.kms.katalon.core.main.TestCaseExecutor.doExecute(TestCaseExecutor.java:330)
	at com.kms.katalon.core.main.TestCaseExecutor.processExecutionPhase(TestCaseExecutor.java:309)
	at com.kms.katalon.core.main.TestCaseExecutor.accessMainPhase(TestCaseExecutor.java:301)
	at com.kms.katalon.core.main.TestCaseExecutor.execute(TestCaseExecutor.java:235)
	at com.kms.katalon.core.main.TestSuiteExecutor.accessTestCaseMainPhase(TestSuiteExecutor.java:191)
	at com.kms.katalon.core.main.TestSuiteExecutor.accessTestSuiteMainPhase(TestSuiteExecutor.java:141)
	at com.kms.katalon.core.main.TestSuiteExecutor.execute(TestSuiteExecutor.java:90)
	at com.kms.katalon.core.main.TestCaseMain.startTestSuite(TestCaseMain.java:157)
	at com.kms.katalon.core.main.TestCaseMain$startTestSuite$0.call(Unknown Source)
	at TempTestSuite1601553830097.run(TempTestSuite1601553830097.groovy:39)
Caused by: org.openqa.selenium.TimeoutException: Expected condition failed: waiting for com.kms.katalon.core.webui.keyword.builtin.WaitForPageLoadKeyword$1@23c0070d (tried for 15 second(s) with 500 milliseconds interval)
Build info: version: '3.141.59', revision: 'e82be7d358', time: '2018-11-14T08:25:53'
System info: host: 'ADNAN', ip: '169.254.75.173', os.name: 'Windows 10', os.arch: 'amd64', os.version: '10.0', java.version: '1.8.0_181'
Driver info: com.kms.katalon.core.webui.driver.SmartWaitWebDriver
Capabilities {acceptInsecureCerts: false, browserName: chrome, browserVersion: 85.0.4183.102, chrome: {chromedriverVersion: 85.0.4183.87 (cd6713ebf92fa..., userDataDir: C:\Users\hp\AppData\Local\T...}, goog:chromeOptions: {debuggerAddress: localhost:36152}, javascriptEnabled: true, networkConnectionEnabled: false, pageLoadStrategy: normal, platform: WINDOWS, platformName: WINDOWS, proxy: Proxy(), setWindowRect: true, strictFileInteractability: false, timeouts: {implicit: 0, pageLoad: 300000, script: 30000}, unhandledPromptBehavior: dismiss and notify, webauthn:virtualAuthenticators: true}
Session ID: 46cd1aa1cd8e5e901d10b1b5a8bc0e44
	at org.openqa.selenium.support.ui.WebDriverWait.timeoutException(WebDriverWait.java:95)
	at org.openqa.selenium.support.ui.FluentWait.until(FluentWait.java:272)
	at org.openqa.selenium.support.ui.Wait$until.call(Unknown Source)
	at com.kms.katalon.core.webui.keyword.builtin.WaitForPageLoadKeyword$_waitForPageLoad_closure1.doCall(WaitForPageLoadKeyword.groovy:76)
	at com.kms.katalon.core.webui.keyword.builtin.WaitForPageLoadKeyword$_waitForPageLoad_closure1.doCall(WaitForPageLoadKeyword.groovy)
	at com.kms.katalon.core.webui.keyword.internal.WebUIKeywordMain.runKeyword(WebUIKeywordMain.groovy:20)
	... 20 more]]></system-err>
      </testcase>
      <testcase name="Test Cases/Front End/TC_TopUP(EUR)_004" time="83.613" classname="Test Cases/Front End/TC_TopUP(EUR)_004" status="FAILED">
         <failure type="FAILED" message="Test Cases/Front End/TC_TopUP(EUR)_004 FAILED.
Reason:
com.kms.katalon.core.exception.StepFailedException: Unable to click on object 'Object Repository/Front End Objects/TopUp(AED)/Page_Chiragh - User Account Summary/a_Make a Transaction'
	at com.kms.katalon.core.webui.keyword.internal.WebUIKeywordMain.stepFailed(WebUIKeywordMain.groovy:64)
	at com.kms.katalon.core.webui.keyword.internal.WebUIKeywordMain.runKeyword(WebUIKeywordMain.groovy:26)
	at com.kms.katalon.core.webui.keyword.builtin.ClickKeyword.click(ClickKeyword.groovy:76)
	at com.kms.katalon.core.webui.keyword.builtin.ClickKeyword.execute(ClickKeyword.groovy:43)
	at com.kms.katalon.core.keyword.internal.KeywordExecutor.executeKeywordForPlatform(KeywordExecutor.groovy:73)
	at com.kms.katalon.core.webui.keyword.WebUiBuiltInKeywords.click(WebUiBuiltInKeywords.groovy:617)
	at com.kms.katalon.core.webui.keyword.WebUiBuiltInKeywords$click$3.call(Unknown Source)
	at TC_TopUP(EUR)_004.run(TC_TopUP(EUR)_004:48)
	at com.kms.katalon.core.main.ScriptEngine.run(ScriptEngine.java:194)
	at com.kms.katalon.core.main.ScriptEngine.runScriptAsRawText(ScriptEngine.java:119)
	at com.kms.katalon.core.main.TestCaseExecutor.runScript(TestCaseExecutor.java:339)
	at com.kms.katalon.core.main.TestCaseExecutor.doExecute(TestCaseExecutor.java:330)
	at com.kms.katalon.core.main.TestCaseExecutor.processExecutionPhase(TestCaseExecutor.java:309)
	at com.kms.katalon.core.main.TestCaseExecutor.accessMainPhase(TestCaseExecutor.java:301)
	at com.kms.katalon.core.main.TestCaseExecutor.execute(TestCaseExecutor.java:235)
	at com.kms.katalon.core.main.TestSuiteExecutor.accessTestCaseMainPhase(TestSuiteExecutor.java:191)
	at com.kms.katalon.core.main.TestSuiteExecutor.accessTestSuiteMainPhase(TestSuiteExecutor.java:141)
	at com.kms.katalon.core.main.TestSuiteExecutor.execute(TestSuiteExecutor.java:90)
	at com.kms.katalon.core.main.TestCaseMain.startTestSuite(TestCaseMain.java:157)
	at com.kms.katalon.core.main.TestCaseMain$startTestSuite$0.call(Unknown Source)
	at TempTestSuite1601553830097.run(TempTestSuite1601553830097.groovy:39)
Caused by: com.kms.katalon.core.webui.exception.WebElementNotFoundException: Web element with id: 'Object Repository/Front End Objects/TopUp(AED)/Page_Chiragh - User Account Summary/a_Make a Transaction' located by '//a[contains(text(),'Make a Transaction')]' not found
	at com.kms.katalon.core.webui.common.WebUiCommonHelper.findWebElement(WebUiCommonHelper.java:1368)
	at com.kms.katalon.core.webui.keyword.internal.WebUIAbstractKeyword.findWebElement(WebUIAbstractKeyword.groovy:27)
	at com.kms.katalon.core.webui.keyword.internal.WebUIAbstractKeyword.findWebElement(WebUIAbstractKeyword.groovy:26)
	at com.kms.katalon.core.webui.keyword.builtin.ClickKeyword$_click_closure1.doCall(ClickKeyword.groovy:67)
	at com.kms.katalon.core.webui.keyword.builtin.ClickKeyword$_click_closure1.call(ClickKeyword.groovy)
	at com.kms.katalon.core.webui.keyword.internal.WebUIKeywordMain.runKeyword(WebUIKeywordMain.groovy:20)
	... 19 more
"/>
         <system-out><![CDATA[2020-10-01 17:26:18 - [TEST_CASE][FAILED] - Test Cases/Front End/TC_TopUP(EUR)_004: Test Cases/Front End/TC_TopUP(EUR)_004 FAILED.
Reason:
com.kms.katalon.core.exception.StepFailedException: Unable to click on object 'Object Repository/Front End Objects/TopUp(AED)/Page_Chiragh - User Account Summary/a_Make a Transaction'
	at com.kms.katalon.core.webui.keyword.internal.WebUIKeywordMain.stepFailed(WebUIKeywordMain.groovy:64)
	at com.kms.katalon.core.webui.keyword.internal.WebUIKeywordMain.runKeyword(WebUIKeywordMain.groovy:26)
	at com.kms.katalon.core.webui.keyword.builtin.ClickKeyword.click(ClickKeyword.groovy:76)
	at com.kms.katalon.core.webui.keyword.builtin.ClickKeyword.execute(ClickKeyword.groovy:43)
	at com.kms.katalon.core.keyword.internal.KeywordExecutor.executeKeywordForPlatform(KeywordExecutor.groovy:73)
	at com.kms.katalon.core.webui.keyword.WebUiBuiltInKeywords.click(WebUiBuiltInKeywords.groovy:617)
	at com.kms.katalon.core.webui.keyword.WebUiBuiltInKeywords$click$3.call(Unknown Source)
	at TC_TopUP(EUR)_004.run(TC_TopUP(EUR)_004:48)
	at com.kms.katalon.core.main.ScriptEngine.run(ScriptEngine.java:194)
	at com.kms.katalon.core.main.ScriptEngine.runScriptAsRawText(ScriptEngine.java:119)
	at com.kms.katalon.core.main.TestCaseExecutor.runScript(TestCaseExecutor.java:339)
	at com.kms.katalon.core.main.TestCaseExecutor.doExecute(TestCaseExecutor.java:330)
	at com.kms.katalon.core.main.TestCaseExecutor.processExecutionPhase(TestCaseExecutor.java:309)
	at com.kms.katalon.core.main.TestCaseExecutor.accessMainPhase(TestCaseExecutor.java:301)
	at com.kms.katalon.core.main.TestCaseExecutor.execute(TestCaseExecutor.java:235)
	at com.kms.katalon.core.main.TestSuiteExecutor.accessTestCaseMainPhase(TestSuiteExecutor.java:191)
	at com.kms.katalon.core.main.TestSuiteExecutor.accessTestSuiteMainPhase(TestSuiteExecutor.java:141)
	at com.kms.katalon.core.main.TestSuiteExecutor.execute(TestSuiteExecutor.java:90)
	at com.kms.katalon.core.main.TestCaseMain.startTestSuite(TestCaseMain.java:157)
	at com.kms.katalon.core.main.TestCaseMain$startTestSuite$0.call(Unknown Source)
	at TempTestSuite1601553830097.run(TempTestSuite1601553830097.groovy:39)
Caused by: com.kms.katalon.core.webui.exception.WebElementNotFoundException: Web element with id: 'Object Repository/Front End Objects/TopUp(AED)/Page_Chiragh - User Account Summary/a_Make a Transaction' located by '//a[contains(text(),'Make a Transaction')]' not found
	at com.kms.katalon.core.webui.common.WebUiCommonHelper.findWebElement(WebUiCommonHelper.java:1368)
	at com.kms.katalon.core.webui.keyword.internal.WebUIAbstractKeyword.findWebElement(WebUIAbstractKeyword.groovy:27)
	at com.kms.katalon.core.webui.keyword.internal.WebUIAbstractKeyword.findWebElement(WebUIAbstractKeyword.groovy:26)
	at com.kms.katalon.core.webui.keyword.builtin.ClickKeyword$_click_closure1.doCall(ClickKeyword.groovy:67)
	at com.kms.katalon.core.webui.keyword.builtin.ClickKeyword$_click_closure1.call(ClickKeyword.groovy)
	at com.kms.katalon.core.webui.keyword.internal.WebUIKeywordMain.runKeyword(WebUIKeywordMain.groovy:20)
	... 19 more


2020-10-01 17:26:19 - [TEST_STEP][PASSED] - openBrowser(""): Browser is opened with url: ''

2020-10-01 17:26:19 - [MESSAGE][WARNING] - A browser is already opened. Closing browser and opening a new one

2020-10-01 17:26:21 - [MESSAGE][INFO] - Starting 'Chrome' driver

2020-10-01 17:26:21 - [MESSAGE][INFO] - Action delay is set to 0 milliseconds

2020-10-01 17:26:24 - [MESSAGE][PASSED] - Browser is opened with url: ''

2020-10-01 17:26:24 - [TEST_STEP][PASSED] - navigateToUrl(Url): Navigate to 'http://chiragh:AeBcm%231t@test.chiragh.com' successfully

2020-10-01 17:26:37 - [MESSAGE][PASSED] - Navigate to 'http://chiragh:AeBcm%231t@test.chiragh.com' successfully

2020-10-01 17:26:37 - [TEST_STEP][PASSED] - waitForPageLoad(15): Wait for page load successfully

2020-10-01 17:26:46 - [MESSAGE][PASSED] - Wait for page load successfully

2020-10-01 17:26:46 - [TEST_STEP][PASSED] - maximizeWindow(): Current window maximized

2020-10-01 17:26:49 - [MESSAGE][PASSED] - Current window maximized

2020-10-01 17:26:49 - [TEST_STEP][PASSED] - delay(3): Delayed 3 second(s)

2020-10-01 17:26:52 - [MESSAGE][PASSED] - Delayed 3 second(s)

2020-10-01 17:26:52 - [TEST_STEP][PASSED] - click(findTestObject("Object Repository/Front End Objects/LoginWithValidCredentials/Page_Chiragh - Home/a_ENG_dropdownMenuLink")): Object: 'Object Repository/Front End Objects/LoginWithValidCredentials/Page_Chiragh - Home/a_ENG_dropdownMenuLink' is clicked on

2020-10-01 17:26:53 - [MESSAGE][PASSED] - Object: 'Object Repository/Front End Objects/LoginWithValidCredentials/Page_Chiragh - Home/a_ENG_dropdownMenuLink' is clicked on

2020-10-01 17:26:53 - [TEST_STEP][PASSED] - click(findTestObject("Object Repository/Front End Objects/LoginWithValidCredentials/Page_Chiragh - Home/a_Login")): Object: 'Object Repository/Front End Objects/LoginWithValidCredentials/Page_Chiragh - Home/a_Login' is clicked on

2020-10-01 17:26:54 - [MESSAGE][PASSED] - Object: 'Object Repository/Front End Objects/LoginWithValidCredentials/Page_Chiragh - Home/a_Login' is clicked on

2020-10-01 17:26:54 - [TEST_STEP][PASSED] - setText(findTestObject("Object Repository/Front End Objects/LoginWithValidCredentials/Page_Chiragh - Login/input_Username_un"), userName): Text 'testbcm11%2bac@gmail.com' is set on object 'Object Repository/Front End Objects/LoginWithValidCredentials/Page_Chiragh - Login/input_Username_un'

2020-10-01 17:26:55 - [MESSAGE][PASSED] - Text 'testbcm11%2bac@gmail.com' is set on object 'Object Repository/Front End Objects/LoginWithValidCredentials/Page_Chiragh - Login/input_Username_un'

2020-10-01 17:26:55 - [TEST_STEP][PASSED] - setEncryptedText(findTestObject("Object Repository/Front End Objects/LoginWithValidCredentials/Page_Chiragh - Login/input_Password_userPassword"), "RigbBhfdqOBDK95asqKeHw=="): Text ****** has been set on object 'Object Repository/Front End Objects/LoginWithValidCredentials/Page_Chiragh - Login/input_Password_userPassword'

2020-10-01 17:26:56 - [MESSAGE][PASSED] - Text ****** has been set on object 'Object Repository/Front End Objects/LoginWithValidCredentials/Page_Chiragh - Login/input_Password_userPassword'

2020-10-01 17:26:56 - [TEST_STEP][PASSED] - click(findTestObject("Object Repository/Front End Objects/LoginWithValidCredentials/Page_Chiragh - Login/button_Log In")): Object: 'Object Repository/Front End Objects/LoginWithValidCredentials/Page_Chiragh - Login/button_Log In' is clicked on

2020-10-01 17:26:56 - [MESSAGE][PASSED] - Object: 'Object Repository/Front End Objects/LoginWithValidCredentials/Page_Chiragh - Login/button_Log In' is clicked on

2020-10-01 17:26:56 - [TEST_STEP][PASSED] - waitForPageLoad(15): Wait for page load successfully

2020-10-01 17:26:56 - [MESSAGE][PASSED] - Wait for page load successfully

2020-10-01 17:26:56 - [TEST_STEP][PASSED] - click(findTestObject("Object Repository/Front End Objects/LoginWithValidCredentials/Page_Chiragh - Home/a_a month ago_dropdownMenuLink")): Object: 'Object Repository/Front End Objects/LoginWithValidCredentials/Page_Chiragh - Home/a_a month ago_dropdownMenuLink' is clicked on

2020-10-01 17:27:00 - [MESSAGE][PASSED] - Object: 'Object Repository/Front End Objects/LoginWithValidCredentials/Page_Chiragh - Home/a_a month ago_dropdownMenuLink' is clicked on

2020-10-01 17:27:00 - [TEST_STEP][PASSED] - delay(5): Delayed 5 second(s)

2020-10-01 17:27:05 - [MESSAGE][PASSED] - Delayed 5 second(s)

2020-10-01 17:27:05 - [TEST_STEP][PASSED] - click(findTestObject("Object Repository/Front End Objects/LoginWithValidCredentials/Page_Chiragh - Home/a_HI AutoChiragh")): Object: 'Object Repository/Front End Objects/LoginWithValidCredentials/Page_Chiragh - Home/a_HI AutoChiragh' is clicked on

2020-10-01 17:27:06 - [MESSAGE][PASSED] - Object: 'Object Repository/Front End Objects/LoginWithValidCredentials/Page_Chiragh - Home/a_HI AutoChiragh' is clicked on

2020-10-01 17:27:06 - [TEST_STEP][PASSED] - click(findTestObject("Front End Objects/TopUp(AED)/Page_Chiragh - Dashborad Home/a_My Wallet")): Object: 'Object Repository/Front End Objects/TopUp(AED)/Page_Chiragh - Dashborad Home/a_My Wallet' is clicked on

2020-10-01 17:27:08 - [MESSAGE][PASSED] - Object: 'Object Repository/Front End Objects/TopUp(AED)/Page_Chiragh - Dashborad Home/a_My Wallet' is clicked on

2020-10-01 17:27:08 - [TEST_STEP][FAILED] - click(findTestObject("Front End Objects/TopUp(AED)/Page_Chiragh - User Account Summary/a_Make a Transaction")): Unable to click on object 'Object Repository/Front End Objects/TopUp(AED)/Page_Chiragh - User Account Summary/a_Make a Transaction' (Root cause: com.kms.katalon.core.exception.StepFailedException: Unable to click on object 'Object Repository/Front End Objects/TopUp(AED)/Page_Chiragh - User Account Summary/a_Make a Transaction'
	at com.kms.katalon.core.webui.keyword.internal.WebUIKeywordMain.stepFailed(WebUIKeywordMain.groovy:64)
	at com.kms.katalon.core.webui.keyword.internal.WebUIKeywordMain.runKeyword(WebUIKeywordMain.groovy:26)
	at com.kms.katalon.core.webui.keyword.builtin.ClickKeyword.click(ClickKeyword.groovy:76)
	at com.kms.katalon.core.webui.keyword.builtin.ClickKeyword.execute(ClickKeyword.groovy:43)
	at com.kms.katalon.core.keyword.internal.KeywordExecutor.executeKeywordForPlatform(KeywordExecutor.groovy:73)
	at com.kms.katalon.core.webui.keyword.WebUiBuiltInKeywords.click(WebUiBuiltInKeywords.groovy:617)
	at com.kms.katalon.core.webui.keyword.WebUiBuiltInKeywords$click$3.call(Unknown Source)
	at TC_TopUP(EUR)_004.run(TC_TopUP(EUR)_004:48)
	at com.kms.katalon.core.main.ScriptEngine.run(ScriptEngine.java:194)
	at com.kms.katalon.core.main.ScriptEngine.runScriptAsRawText(ScriptEngine.java:119)
	at com.kms.katalon.core.main.TestCaseExecutor.runScript(TestCaseExecutor.java:339)
	at com.kms.katalon.core.main.TestCaseExecutor.doExecute(TestCaseExecutor.java:330)
	at com.kms.katalon.core.main.TestCaseExecutor.processExecutionPhase(TestCaseExecutor.java:309)
	at com.kms.katalon.core.main.TestCaseExecutor.accessMainPhase(TestCaseExecutor.java:301)
	at com.kms.katalon.core.main.TestCaseExecutor.execute(TestCaseExecutor.java:235)
	at com.kms.katalon.core.main.TestSuiteExecutor.accessTestCaseMainPhase(TestSuiteExecutor.java:191)
	at com.kms.katalon.core.main.TestSuiteExecutor.accessTestSuiteMainPhase(TestSuiteExecutor.java:141)
	at com.kms.katalon.core.main.TestSuiteExecutor.execute(TestSuiteExecutor.java:90)
	at com.kms.katalon.core.main.TestCaseMain.startTestSuite(TestCaseMain.java:157)
	at com.kms.katalon.core.main.TestCaseMain$startTestSuite$0.call(Unknown Source)
	at TempTestSuite1601553830097.run(TempTestSuite1601553830097.groovy:39)
Caused by: com.kms.katalon.core.webui.exception.WebElementNotFoundException: Web element with id: 'Object Repository/Front End Objects/TopUp(AED)/Page_Chiragh - User Account Summary/a_Make a Transaction' located by '//a[contains(text(),'Make a Transaction')]' not found
	at com.kms.katalon.core.webui.common.WebUiCommonHelper.findWebElement(WebUiCommonHelper.java:1368)
	at com.kms.katalon.core.webui.keyword.internal.WebUIAbstractKeyword.findWebElement(WebUIAbstractKeyword.groovy:27)
	at com.kms.katalon.core.webui.keyword.internal.WebUIAbstractKeyword.findWebElement(WebUIAbstractKeyword.groovy:26)
	at com.kms.katalon.core.webui.keyword.builtin.ClickKeyword$_click_closure1.doCall(ClickKeyword.groovy:67)
	at com.kms.katalon.core.webui.keyword.builtin.ClickKeyword$_click_closure1.call(ClickKeyword.groovy)
	at com.kms.katalon.core.webui.keyword.internal.WebUIKeywordMain.runKeyword(WebUIKeywordMain.groovy:20)
	at com.kms.katalon.core.webui.keyword.builtin.ClickKeyword.click(ClickKeyword.groovy:76)
	at com.kms.katalon.core.webui.keyword.builtin.ClickKeyword.execute(ClickKeyword.groovy:43)
	at com.kms.katalon.core.keyword.internal.KeywordExecutor.executeKeywordForPlatform(KeywordExecutor.groovy:73)
	at com.kms.katalon.core.webui.keyword.WebUiBuiltInKeywords.click(WebUiBuiltInKeywords.groovy:617)
	at com.kms.katalon.core.webui.keyword.WebUiBuiltInKeywords$click$3.call(Unknown Source)
	at Script1585303668614.run(Script1585303668614.groovy:48)
	... 13 more
)

2020-10-01 17:27:39 - [MESSAGE][INFO] - Unable to find the element located by 'By.xpath: //a[contains(text(),'Make a Transaction')]'. Please recheck the objects properties to make sure the desired element is located. 

2020-10-01 17:27:40 - [MESSAGE][FAILED] - Unable to click on object 'Object Repository/Front End Objects/TopUp(AED)/Page_Chiragh - User Account Summary/a_Make a Transaction' (Root cause: com.kms.katalon.core.exception.StepFailedException: Unable to click on object 'Object Repository/Front End Objects/TopUp(AED)/Page_Chiragh - User Account Summary/a_Make a Transaction'
	at com.kms.katalon.core.webui.keyword.internal.WebUIKeywordMain.stepFailed(WebUIKeywordMain.groovy:64)
	at com.kms.katalon.core.webui.keyword.internal.WebUIKeywordMain.runKeyword(WebUIKeywordMain.groovy:26)
	at com.kms.katalon.core.webui.keyword.builtin.ClickKeyword.click(ClickKeyword.groovy:76)
	at com.kms.katalon.core.webui.keyword.builtin.ClickKeyword.execute(ClickKeyword.groovy:43)
	at com.kms.katalon.core.keyword.internal.KeywordExecutor.executeKeywordForPlatform(KeywordExecutor.groovy:73)
	at com.kms.katalon.core.webui.keyword.WebUiBuiltInKeywords.click(WebUiBuiltInKeywords.groovy:617)
	at com.kms.katalon.core.webui.keyword.WebUiBuiltInKeywords$click$3.call(Unknown Source)
	at TC_TopUP(EUR)_004.run(TC_TopUP(EUR)_004:48)
	at com.kms.katalon.core.main.ScriptEngine.run(ScriptEngine.java:194)
	at com.kms.katalon.core.main.ScriptEngine.runScriptAsRawText(ScriptEngine.java:119)
	at com.kms.katalon.core.main.TestCaseExecutor.runScript(TestCaseExecutor.java:339)
	at com.kms.katalon.core.main.TestCaseExecutor.doExecute(TestCaseExecutor.java:330)
	at com.kms.katalon.core.main.TestCaseExecutor.processExecutionPhase(TestCaseExecutor.java:309)
	at com.kms.katalon.core.main.TestCaseExecutor.accessMainPhase(TestCaseExecutor.java:301)
	at com.kms.katalon.core.main.TestCaseExecutor.execute(TestCaseExecutor.java:235)
	at com.kms.katalon.core.main.TestSuiteExecutor.accessTestCaseMainPhase(TestSuiteExecutor.java:191)
	at com.kms.katalon.core.main.TestSuiteExecutor.accessTestSuiteMainPhase(TestSuiteExecutor.java:141)
	at com.kms.katalon.core.main.TestSuiteExecutor.execute(TestSuiteExecutor.java:90)
	at com.kms.katalon.core.main.TestCaseMain.startTestSuite(TestCaseMain.java:157)
	at com.kms.katalon.core.main.TestCaseMain$startTestSuite$0.call(Unknown Source)
	at TempTestSuite1601553830097.run(TempTestSuite1601553830097.groovy:39)
Caused by: com.kms.katalon.core.webui.exception.WebElementNotFoundException: Web element with id: 'Object Repository/Front End Objects/TopUp(AED)/Page_Chiragh - User Account Summary/a_Make a Transaction' located by '//a[contains(text(),'Make a Transaction')]' not found
	at com.kms.katalon.core.webui.common.WebUiCommonHelper.findWebElement(WebUiCommonHelper.java:1368)
	at com.kms.katalon.core.webui.keyword.internal.WebUIAbstractKeyword.findWebElement(WebUIAbstractKeyword.groovy:27)
	at com.kms.katalon.core.webui.keyword.internal.WebUIAbstractKeyword.findWebElement(WebUIAbstractKeyword.groovy:26)
	at com.kms.katalon.core.webui.keyword.builtin.ClickKeyword$_click_closure1.doCall(ClickKeyword.groovy:67)
	at com.kms.katalon.core.webui.keyword.builtin.ClickKeyword$_click_closure1.call(ClickKeyword.groovy)
	at com.kms.katalon.core.webui.keyword.internal.WebUIKeywordMain.runKeyword(WebUIKeywordMain.groovy:20)
	at com.kms.katalon.core.webui.keyword.builtin.ClickKeyword.click(ClickKeyword.groovy:76)
	at com.kms.katalon.core.webui.keyword.builtin.ClickKeyword.execute(ClickKeyword.groovy:43)
	at com.kms.katalon.core.keyword.internal.KeywordExecutor.executeKeywordForPlatform(KeywordExecutor.groovy:73)
	at com.kms.katalon.core.webui.keyword.WebUiBuiltInKeywords.click(WebUiBuiltInKeywords.groovy:617)
	at com.kms.katalon.core.webui.keyword.WebUiBuiltInKeywords$click$3.call(Unknown Source)
	at Script1585303668614.run(Script1585303668614.groovy:48)
	... 13 more
)
[[ATTACHMENT|C:\\Users\\hp\\git\\chiraghAdminPanel\\Reports\\20201001_170350\\SanityTests\\SanityTest\\20201001_170350\\1601555259794.png]]

2020-10-01 17:27:42 - [TEST_STEP][PASSED] - Video: Video recording for test case 'Test Cases/Front End/TC_TopUP(EUR)_004' .

2020-10-01 17:27:42 - [MESSAGE][INFO] - Video recording for test case 'Test Cases/Front End/TC_TopUP(EUR)_004' .
[[ATTACHMENT|C:\Users\hp\git\chiraghAdminPanel\Reports\20201001_170350\SanityTests\SanityTest\20201001_170350/videos\test_18.mov]]]]></system-out>
         <system-err><![CDATA[2020-10-01 17:26:18 - [TEST_CASE][FAILED] - Test Cases/Front End/TC_TopUP(EUR)_004: Test Cases/Front End/TC_TopUP(EUR)_004 FAILED.
Reason:
com.kms.katalon.core.exception.StepFailedException: Unable to click on object 'Object Repository/Front End Objects/TopUp(AED)/Page_Chiragh - User Account Summary/a_Make a Transaction'
	at com.kms.katalon.core.webui.keyword.internal.WebUIKeywordMain.stepFailed(WebUIKeywordMain.groovy:64)
	at com.kms.katalon.core.webui.keyword.internal.WebUIKeywordMain.runKeyword(WebUIKeywordMain.groovy:26)
	at com.kms.katalon.core.webui.keyword.builtin.ClickKeyword.click(ClickKeyword.groovy:76)
	at com.kms.katalon.core.webui.keyword.builtin.ClickKeyword.execute(ClickKeyword.groovy:43)
	at com.kms.katalon.core.keyword.internal.KeywordExecutor.executeKeywordForPlatform(KeywordExecutor.groovy:73)
	at com.kms.katalon.core.webui.keyword.WebUiBuiltInKeywords.click(WebUiBuiltInKeywords.groovy:617)
	at com.kms.katalon.core.webui.keyword.WebUiBuiltInKeywords$click$3.call(Unknown Source)
	at TC_TopUP(EUR)_004.run(TC_TopUP(EUR)_004:48)
	at com.kms.katalon.core.main.ScriptEngine.run(ScriptEngine.java:194)
	at com.kms.katalon.core.main.ScriptEngine.runScriptAsRawText(ScriptEngine.java:119)
	at com.kms.katalon.core.main.TestCaseExecutor.runScript(TestCaseExecutor.java:339)
	at com.kms.katalon.core.main.TestCaseExecutor.doExecute(TestCaseExecutor.java:330)
	at com.kms.katalon.core.main.TestCaseExecutor.processExecutionPhase(TestCaseExecutor.java:309)
	at com.kms.katalon.core.main.TestCaseExecutor.accessMainPhase(TestCaseExecutor.java:301)
	at com.kms.katalon.core.main.TestCaseExecutor.execute(TestCaseExecutor.java:235)
	at com.kms.katalon.core.main.TestSuiteExecutor.accessTestCaseMainPhase(TestSuiteExecutor.java:191)
	at com.kms.katalon.core.main.TestSuiteExecutor.accessTestSuiteMainPhase(TestSuiteExecutor.java:141)
	at com.kms.katalon.core.main.TestSuiteExecutor.execute(TestSuiteExecutor.java:90)
	at com.kms.katalon.core.main.TestCaseMain.startTestSuite(TestCaseMain.java:157)
	at com.kms.katalon.core.main.TestCaseMain$startTestSuite$0.call(Unknown Source)
	at TempTestSuite1601553830097.run(TempTestSuite1601553830097.groovy:39)
Caused by: com.kms.katalon.core.webui.exception.WebElementNotFoundException: Web element with id: 'Object Repository/Front End Objects/TopUp(AED)/Page_Chiragh - User Account Summary/a_Make a Transaction' located by '//a[contains(text(),'Make a Transaction')]' not found
	at com.kms.katalon.core.webui.common.WebUiCommonHelper.findWebElement(WebUiCommonHelper.java:1368)
	at com.kms.katalon.core.webui.keyword.internal.WebUIAbstractKeyword.findWebElement(WebUIAbstractKeyword.groovy:27)
	at com.kms.katalon.core.webui.keyword.internal.WebUIAbstractKeyword.findWebElement(WebUIAbstractKeyword.groovy:26)
	at com.kms.katalon.core.webui.keyword.builtin.ClickKeyword$_click_closure1.doCall(ClickKeyword.groovy:67)
	at com.kms.katalon.core.webui.keyword.builtin.ClickKeyword$_click_closure1.call(ClickKeyword.groovy)
	at com.kms.katalon.core.webui.keyword.internal.WebUIKeywordMain.runKeyword(WebUIKeywordMain.groovy:20)
	... 19 more]]></system-err>
      </testcase>
      <testcase name="Test Cases/Front End/TC_TopUP(USD)_005" time="81.454" classname="Test Cases/Front End/TC_TopUP(USD)_005" status="FAILED">
         <failure type="FAILED" message="Test Cases/Front End/TC_TopUP(USD)_005 FAILED.
Reason:
com.kms.katalon.core.exception.StepFailedException: Unable to click on object 'Object Repository/Front End Objects/TopUp(AED)/Page_Chiragh - User Account Summary/a_Make a Transaction'
	at com.kms.katalon.core.webui.keyword.internal.WebUIKeywordMain.stepFailed(WebUIKeywordMain.groovy:64)
	at com.kms.katalon.core.webui.keyword.internal.WebUIKeywordMain.runKeyword(WebUIKeywordMain.groovy:26)
	at com.kms.katalon.core.webui.keyword.builtin.ClickKeyword.click(ClickKeyword.groovy:76)
	at com.kms.katalon.core.webui.keyword.builtin.ClickKeyword.execute(ClickKeyword.groovy:43)
	at com.kms.katalon.core.keyword.internal.KeywordExecutor.executeKeywordForPlatform(KeywordExecutor.groovy:73)
	at com.kms.katalon.core.webui.keyword.WebUiBuiltInKeywords.click(WebUiBuiltInKeywords.groovy:617)
	at com.kms.katalon.core.webui.keyword.WebUiBuiltInKeywords$click$3.call(Unknown Source)
	at TC_TopUP(USD)_005.run(TC_TopUP(USD)_005:48)
	at com.kms.katalon.core.main.ScriptEngine.run(ScriptEngine.java:194)
	at com.kms.katalon.core.main.ScriptEngine.runScriptAsRawText(ScriptEngine.java:119)
	at com.kms.katalon.core.main.TestCaseExecutor.runScript(TestCaseExecutor.java:339)
	at com.kms.katalon.core.main.TestCaseExecutor.doExecute(TestCaseExecutor.java:330)
	at com.kms.katalon.core.main.TestCaseExecutor.processExecutionPhase(TestCaseExecutor.java:309)
	at com.kms.katalon.core.main.TestCaseExecutor.accessMainPhase(TestCaseExecutor.java:301)
	at com.kms.katalon.core.main.TestCaseExecutor.execute(TestCaseExecutor.java:235)
	at com.kms.katalon.core.main.TestSuiteExecutor.accessTestCaseMainPhase(TestSuiteExecutor.java:191)
	at com.kms.katalon.core.main.TestSuiteExecutor.accessTestSuiteMainPhase(TestSuiteExecutor.java:141)
	at com.kms.katalon.core.main.TestSuiteExecutor.execute(TestSuiteExecutor.java:90)
	at com.kms.katalon.core.main.TestCaseMain.startTestSuite(TestCaseMain.java:157)
	at com.kms.katalon.core.main.TestCaseMain$startTestSuite$0.call(Unknown Source)
	at TempTestSuite1601553830097.run(TempTestSuite1601553830097.groovy:39)
Caused by: com.kms.katalon.core.webui.exception.WebElementNotFoundException: Web element with id: 'Object Repository/Front End Objects/TopUp(AED)/Page_Chiragh - User Account Summary/a_Make a Transaction' located by '//a[contains(text(),'Make a Transaction')]' not found
	at com.kms.katalon.core.webui.common.WebUiCommonHelper.findWebElement(WebUiCommonHelper.java:1368)
	at com.kms.katalon.core.webui.keyword.internal.WebUIAbstractKeyword.findWebElement(WebUIAbstractKeyword.groovy:27)
	at com.kms.katalon.core.webui.keyword.internal.WebUIAbstractKeyword.findWebElement(WebUIAbstractKeyword.groovy:26)
	at com.kms.katalon.core.webui.keyword.builtin.ClickKeyword$_click_closure1.doCall(ClickKeyword.groovy:67)
	at com.kms.katalon.core.webui.keyword.builtin.ClickKeyword$_click_closure1.call(ClickKeyword.groovy)
	at com.kms.katalon.core.webui.keyword.internal.WebUIKeywordMain.runKeyword(WebUIKeywordMain.groovy:20)
	... 19 more
"/>
         <system-out><![CDATA[2020-10-01 17:27:42 - [TEST_CASE][FAILED] - Test Cases/Front End/TC_TopUP(USD)_005: Test Cases/Front End/TC_TopUP(USD)_005 FAILED.
Reason:
com.kms.katalon.core.exception.StepFailedException: Unable to click on object 'Object Repository/Front End Objects/TopUp(AED)/Page_Chiragh - User Account Summary/a_Make a Transaction'
	at com.kms.katalon.core.webui.keyword.internal.WebUIKeywordMain.stepFailed(WebUIKeywordMain.groovy:64)
	at com.kms.katalon.core.webui.keyword.internal.WebUIKeywordMain.runKeyword(WebUIKeywordMain.groovy:26)
	at com.kms.katalon.core.webui.keyword.builtin.ClickKeyword.click(ClickKeyword.groovy:76)
	at com.kms.katalon.core.webui.keyword.builtin.ClickKeyword.execute(ClickKeyword.groovy:43)
	at com.kms.katalon.core.keyword.internal.KeywordExecutor.executeKeywordForPlatform(KeywordExecutor.groovy:73)
	at com.kms.katalon.core.webui.keyword.WebUiBuiltInKeywords.click(WebUiBuiltInKeywords.groovy:617)
	at com.kms.katalon.core.webui.keyword.WebUiBuiltInKeywords$click$3.call(Unknown Source)
	at TC_TopUP(USD)_005.run(TC_TopUP(USD)_005:48)
	at com.kms.katalon.core.main.ScriptEngine.run(ScriptEngine.java:194)
	at com.kms.katalon.core.main.ScriptEngine.runScriptAsRawText(ScriptEngine.java:119)
	at com.kms.katalon.core.main.TestCaseExecutor.runScript(TestCaseExecutor.java:339)
	at com.kms.katalon.core.main.TestCaseExecutor.doExecute(TestCaseExecutor.java:330)
	at com.kms.katalon.core.main.TestCaseExecutor.processExecutionPhase(TestCaseExecutor.java:309)
	at com.kms.katalon.core.main.TestCaseExecutor.accessMainPhase(TestCaseExecutor.java:301)
	at com.kms.katalon.core.main.TestCaseExecutor.execute(TestCaseExecutor.java:235)
	at com.kms.katalon.core.main.TestSuiteExecutor.accessTestCaseMainPhase(TestSuiteExecutor.java:191)
	at com.kms.katalon.core.main.TestSuiteExecutor.accessTestSuiteMainPhase(TestSuiteExecutor.java:141)
	at com.kms.katalon.core.main.TestSuiteExecutor.execute(TestSuiteExecutor.java:90)
	at com.kms.katalon.core.main.TestCaseMain.startTestSuite(TestCaseMain.java:157)
	at com.kms.katalon.core.main.TestCaseMain$startTestSuite$0.call(Unknown Source)
	at TempTestSuite1601553830097.run(TempTestSuite1601553830097.groovy:39)
Caused by: com.kms.katalon.core.webui.exception.WebElementNotFoundException: Web element with id: 'Object Repository/Front End Objects/TopUp(AED)/Page_Chiragh - User Account Summary/a_Make a Transaction' located by '//a[contains(text(),'Make a Transaction')]' not found
	at com.kms.katalon.core.webui.common.WebUiCommonHelper.findWebElement(WebUiCommonHelper.java:1368)
	at com.kms.katalon.core.webui.keyword.internal.WebUIAbstractKeyword.findWebElement(WebUIAbstractKeyword.groovy:27)
	at com.kms.katalon.core.webui.keyword.internal.WebUIAbstractKeyword.findWebElement(WebUIAbstractKeyword.groovy:26)
	at com.kms.katalon.core.webui.keyword.builtin.ClickKeyword$_click_closure1.doCall(ClickKeyword.groovy:67)
	at com.kms.katalon.core.webui.keyword.builtin.ClickKeyword$_click_closure1.call(ClickKeyword.groovy)
	at com.kms.katalon.core.webui.keyword.internal.WebUIKeywordMain.runKeyword(WebUIKeywordMain.groovy:20)
	... 19 more


2020-10-01 17:27:42 - [TEST_STEP][PASSED] - openBrowser(""): Browser is opened with url: ''

2020-10-01 17:27:42 - [MESSAGE][WARNING] - A browser is already opened. Closing browser and opening a new one

2020-10-01 17:27:43 - [MESSAGE][INFO] - Starting 'Chrome' driver

2020-10-01 17:27:43 - [MESSAGE][INFO] - Action delay is set to 0 milliseconds

2020-10-01 17:27:48 - [MESSAGE][PASSED] - Browser is opened with url: ''

2020-10-01 17:27:48 - [TEST_STEP][PASSED] - navigateToUrl(Url): Navigate to 'http://chiragh:AeBcm%231t@test.chiragh.com' successfully

2020-10-01 17:28:01 - [MESSAGE][PASSED] - Navigate to 'http://chiragh:AeBcm%231t@test.chiragh.com' successfully

2020-10-01 17:28:01 - [TEST_STEP][PASSED] - waitForPageLoad(15): Wait for page load successfully

2020-10-01 17:28:09 - [MESSAGE][PASSED] - Wait for page load successfully

2020-10-01 17:28:09 - [TEST_STEP][PASSED] - maximizeWindow(): Current window maximized

2020-10-01 17:28:11 - [MESSAGE][PASSED] - Current window maximized

2020-10-01 17:28:11 - [TEST_STEP][PASSED] - delay(3): Delayed 3 second(s)

2020-10-01 17:28:14 - [MESSAGE][PASSED] - Delayed 3 second(s)

2020-10-01 17:28:14 - [TEST_STEP][PASSED] - click(findTestObject("Object Repository/Front End Objects/LoginWithValidCredentials/Page_Chiragh - Home/a_ENG_dropdownMenuLink")): Object: 'Object Repository/Front End Objects/LoginWithValidCredentials/Page_Chiragh - Home/a_ENG_dropdownMenuLink' is clicked on

2020-10-01 17:28:15 - [MESSAGE][PASSED] - Object: 'Object Repository/Front End Objects/LoginWithValidCredentials/Page_Chiragh - Home/a_ENG_dropdownMenuLink' is clicked on

2020-10-01 17:28:15 - [TEST_STEP][PASSED] - click(findTestObject("Object Repository/Front End Objects/LoginWithValidCredentials/Page_Chiragh - Home/a_Login")): Object: 'Object Repository/Front End Objects/LoginWithValidCredentials/Page_Chiragh - Home/a_Login' is clicked on

2020-10-01 17:28:16 - [MESSAGE][PASSED] - Object: 'Object Repository/Front End Objects/LoginWithValidCredentials/Page_Chiragh - Home/a_Login' is clicked on

2020-10-01 17:28:16 - [TEST_STEP][PASSED] - setText(findTestObject("Object Repository/Front End Objects/LoginWithValidCredentials/Page_Chiragh - Login/input_Username_un"), userName): Text 'testbcm11%2bac@gmail.com' is set on object 'Object Repository/Front End Objects/LoginWithValidCredentials/Page_Chiragh - Login/input_Username_un'

2020-10-01 17:28:17 - [MESSAGE][PASSED] - Text 'testbcm11%2bac@gmail.com' is set on object 'Object Repository/Front End Objects/LoginWithValidCredentials/Page_Chiragh - Login/input_Username_un'

2020-10-01 17:28:17 - [TEST_STEP][PASSED] - setEncryptedText(findTestObject("Object Repository/Front End Objects/LoginWithValidCredentials/Page_Chiragh - Login/input_Password_userPassword"), "RigbBhfdqOBDK95asqKeHw=="): Text ****** has been set on object 'Object Repository/Front End Objects/LoginWithValidCredentials/Page_Chiragh - Login/input_Password_userPassword'

2020-10-01 17:28:18 - [MESSAGE][PASSED] - Text ****** has been set on object 'Object Repository/Front End Objects/LoginWithValidCredentials/Page_Chiragh - Login/input_Password_userPassword'

2020-10-01 17:28:18 - [TEST_STEP][PASSED] - click(findTestObject("Object Repository/Front End Objects/LoginWithValidCredentials/Page_Chiragh - Login/button_Log In")): Object: 'Object Repository/Front End Objects/LoginWithValidCredentials/Page_Chiragh - Login/button_Log In' is clicked on

2020-10-01 17:28:18 - [MESSAGE][PASSED] - Object: 'Object Repository/Front End Objects/LoginWithValidCredentials/Page_Chiragh - Login/button_Log In' is clicked on

2020-10-01 17:28:18 - [TEST_STEP][PASSED] - waitForPageLoad(15): Wait for page load successfully

2020-10-01 17:28:19 - [MESSAGE][PASSED] - Wait for page load successfully

2020-10-01 17:28:19 - [TEST_STEP][PASSED] - click(findTestObject("Object Repository/Front End Objects/LoginWithValidCredentials/Page_Chiragh - Home/a_a month ago_dropdownMenuLink")): Object: 'Object Repository/Front End Objects/LoginWithValidCredentials/Page_Chiragh - Home/a_a month ago_dropdownMenuLink' is clicked on

2020-10-01 17:28:22 - [MESSAGE][PASSED] - Object: 'Object Repository/Front End Objects/LoginWithValidCredentials/Page_Chiragh - Home/a_a month ago_dropdownMenuLink' is clicked on

2020-10-01 17:28:22 - [TEST_STEP][PASSED] - delay(5): Delayed 5 second(s)

2020-10-01 17:28:27 - [MESSAGE][PASSED] - Delayed 5 second(s)

2020-10-01 17:28:27 - [TEST_STEP][PASSED] - click(findTestObject("Object Repository/Front End Objects/LoginWithValidCredentials/Page_Chiragh - Home/a_HI AutoChiragh")): Object: 'Object Repository/Front End Objects/LoginWithValidCredentials/Page_Chiragh - Home/a_HI AutoChiragh' is clicked on

2020-10-01 17:28:28 - [MESSAGE][PASSED] - Object: 'Object Repository/Front End Objects/LoginWithValidCredentials/Page_Chiragh - Home/a_HI AutoChiragh' is clicked on

2020-10-01 17:28:28 - [TEST_STEP][PASSED] - click(findTestObject("Front End Objects/TopUp(AED)/Page_Chiragh - Dashborad Home/a_My Wallet")): Object: 'Object Repository/Front End Objects/TopUp(AED)/Page_Chiragh - Dashborad Home/a_My Wallet' is clicked on

2020-10-01 17:28:30 - [MESSAGE][PASSED] - Object: 'Object Repository/Front End Objects/TopUp(AED)/Page_Chiragh - Dashborad Home/a_My Wallet' is clicked on

2020-10-01 17:28:30 - [TEST_STEP][FAILED] - click(findTestObject("Front End Objects/TopUp(AED)/Page_Chiragh - User Account Summary/a_Make a Transaction")): Unable to click on object 'Object Repository/Front End Objects/TopUp(AED)/Page_Chiragh - User Account Summary/a_Make a Transaction' (Root cause: com.kms.katalon.core.exception.StepFailedException: Unable to click on object 'Object Repository/Front End Objects/TopUp(AED)/Page_Chiragh - User Account Summary/a_Make a Transaction'
	at com.kms.katalon.core.webui.keyword.internal.WebUIKeywordMain.stepFailed(WebUIKeywordMain.groovy:64)
	at com.kms.katalon.core.webui.keyword.internal.WebUIKeywordMain.runKeyword(WebUIKeywordMain.groovy:26)
	at com.kms.katalon.core.webui.keyword.builtin.ClickKeyword.click(ClickKeyword.groovy:76)
	at com.kms.katalon.core.webui.keyword.builtin.ClickKeyword.execute(ClickKeyword.groovy:43)
	at com.kms.katalon.core.keyword.internal.KeywordExecutor.executeKeywordForPlatform(KeywordExecutor.groovy:73)
	at com.kms.katalon.core.webui.keyword.WebUiBuiltInKeywords.click(WebUiBuiltInKeywords.groovy:617)
	at com.kms.katalon.core.webui.keyword.WebUiBuiltInKeywords$click$3.call(Unknown Source)
	at TC_TopUP(USD)_005.run(TC_TopUP(USD)_005:48)
	at com.kms.katalon.core.main.ScriptEngine.run(ScriptEngine.java:194)
	at com.kms.katalon.core.main.ScriptEngine.runScriptAsRawText(ScriptEngine.java:119)
	at com.kms.katalon.core.main.TestCaseExecutor.runScript(TestCaseExecutor.java:339)
	at com.kms.katalon.core.main.TestCaseExecutor.doExecute(TestCaseExecutor.java:330)
	at com.kms.katalon.core.main.TestCaseExecutor.processExecutionPhase(TestCaseExecutor.java:309)
	at com.kms.katalon.core.main.TestCaseExecutor.accessMainPhase(TestCaseExecutor.java:301)
	at com.kms.katalon.core.main.TestCaseExecutor.execute(TestCaseExecutor.java:235)
	at com.kms.katalon.core.main.TestSuiteExecutor.accessTestCaseMainPhase(TestSuiteExecutor.java:191)
	at com.kms.katalon.core.main.TestSuiteExecutor.accessTestSuiteMainPhase(TestSuiteExecutor.java:141)
	at com.kms.katalon.core.main.TestSuiteExecutor.execute(TestSuiteExecutor.java:90)
	at com.kms.katalon.core.main.TestCaseMain.startTestSuite(TestCaseMain.java:157)
	at com.kms.katalon.core.main.TestCaseMain$startTestSuite$0.call(Unknown Source)
	at TempTestSuite1601553830097.run(TempTestSuite1601553830097.groovy:39)
Caused by: com.kms.katalon.core.webui.exception.WebElementNotFoundException: Web element with id: 'Object Repository/Front End Objects/TopUp(AED)/Page_Chiragh - User Account Summary/a_Make a Transaction' located by '//a[contains(text(),'Make a Transaction')]' not found
	at com.kms.katalon.core.webui.common.WebUiCommonHelper.findWebElement(WebUiCommonHelper.java:1368)
	at com.kms.katalon.core.webui.keyword.internal.WebUIAbstractKeyword.findWebElement(WebUIAbstractKeyword.groovy:27)
	at com.kms.katalon.core.webui.keyword.internal.WebUIAbstractKeyword.findWebElement(WebUIAbstractKeyword.groovy:26)
	at com.kms.katalon.core.webui.keyword.builtin.ClickKeyword$_click_closure1.doCall(ClickKeyword.groovy:67)
	at com.kms.katalon.core.webui.keyword.builtin.ClickKeyword$_click_closure1.call(ClickKeyword.groovy)
	at com.kms.katalon.core.webui.keyword.internal.WebUIKeywordMain.runKeyword(WebUIKeywordMain.groovy:20)
	at com.kms.katalon.core.webui.keyword.builtin.ClickKeyword.click(ClickKeyword.groovy:76)
	at com.kms.katalon.core.webui.keyword.builtin.ClickKeyword.execute(ClickKeyword.groovy:43)
	at com.kms.katalon.core.keyword.internal.KeywordExecutor.executeKeywordForPlatform(KeywordExecutor.groovy:73)
	at com.kms.katalon.core.webui.keyword.WebUiBuiltInKeywords.click(WebUiBuiltInKeywords.groovy:617)
	at com.kms.katalon.core.webui.keyword.WebUiBuiltInKeywords$click$3.call(Unknown Source)
	at Script1585304284236.run(Script1585304284236.groovy:48)
	... 13 more
)

2020-10-01 17:29:01 - [MESSAGE][INFO] - Unable to find the element located by 'By.xpath: //a[contains(text(),'Make a Transaction')]'. Please recheck the objects properties to make sure the desired element is located. 

2020-10-01 17:29:01 - [MESSAGE][FAILED] - Unable to click on object 'Object Repository/Front End Objects/TopUp(AED)/Page_Chiragh - User Account Summary/a_Make a Transaction' (Root cause: com.kms.katalon.core.exception.StepFailedException: Unable to click on object 'Object Repository/Front End Objects/TopUp(AED)/Page_Chiragh - User Account Summary/a_Make a Transaction'
	at com.kms.katalon.core.webui.keyword.internal.WebUIKeywordMain.stepFailed(WebUIKeywordMain.groovy:64)
	at com.kms.katalon.core.webui.keyword.internal.WebUIKeywordMain.runKeyword(WebUIKeywordMain.groovy:26)
	at com.kms.katalon.core.webui.keyword.builtin.ClickKeyword.click(ClickKeyword.groovy:76)
	at com.kms.katalon.core.webui.keyword.builtin.ClickKeyword.execute(ClickKeyword.groovy:43)
	at com.kms.katalon.core.keyword.internal.KeywordExecutor.executeKeywordForPlatform(KeywordExecutor.groovy:73)
	at com.kms.katalon.core.webui.keyword.WebUiBuiltInKeywords.click(WebUiBuiltInKeywords.groovy:617)
	at com.kms.katalon.core.webui.keyword.WebUiBuiltInKeywords$click$3.call(Unknown Source)
	at TC_TopUP(USD)_005.run(TC_TopUP(USD)_005:48)
	at com.kms.katalon.core.main.ScriptEngine.run(ScriptEngine.java:194)
	at com.kms.katalon.core.main.ScriptEngine.runScriptAsRawText(ScriptEngine.java:119)
	at com.kms.katalon.core.main.TestCaseExecutor.runScript(TestCaseExecutor.java:339)
	at com.kms.katalon.core.main.TestCaseExecutor.doExecute(TestCaseExecutor.java:330)
	at com.kms.katalon.core.main.TestCaseExecutor.processExecutionPhase(TestCaseExecutor.java:309)
	at com.kms.katalon.core.main.TestCaseExecutor.accessMainPhase(TestCaseExecutor.java:301)
	at com.kms.katalon.core.main.TestCaseExecutor.execute(TestCaseExecutor.java:235)
	at com.kms.katalon.core.main.TestSuiteExecutor.accessTestCaseMainPhase(TestSuiteExecutor.java:191)
	at com.kms.katalon.core.main.TestSuiteExecutor.accessTestSuiteMainPhase(TestSuiteExecutor.java:141)
	at com.kms.katalon.core.main.TestSuiteExecutor.execute(TestSuiteExecutor.java:90)
	at com.kms.katalon.core.main.TestCaseMain.startTestSuite(TestCaseMain.java:157)
	at com.kms.katalon.core.main.TestCaseMain$startTestSuite$0.call(Unknown Source)
	at TempTestSuite1601553830097.run(TempTestSuite1601553830097.groovy:39)
Caused by: com.kms.katalon.core.webui.exception.WebElementNotFoundException: Web element with id: 'Object Repository/Front End Objects/TopUp(AED)/Page_Chiragh - User Account Summary/a_Make a Transaction' located by '//a[contains(text(),'Make a Transaction')]' not found
	at com.kms.katalon.core.webui.common.WebUiCommonHelper.findWebElement(WebUiCommonHelper.java:1368)
	at com.kms.katalon.core.webui.keyword.internal.WebUIAbstractKeyword.findWebElement(WebUIAbstractKeyword.groovy:27)
	at com.kms.katalon.core.webui.keyword.internal.WebUIAbstractKeyword.findWebElement(WebUIAbstractKeyword.groovy:26)
	at com.kms.katalon.core.webui.keyword.builtin.ClickKeyword$_click_closure1.doCall(ClickKeyword.groovy:67)
	at com.kms.katalon.core.webui.keyword.builtin.ClickKeyword$_click_closure1.call(ClickKeyword.groovy)
	at com.kms.katalon.core.webui.keyword.internal.WebUIKeywordMain.runKeyword(WebUIKeywordMain.groovy:20)
	at com.kms.katalon.core.webui.keyword.builtin.ClickKeyword.click(ClickKeyword.groovy:76)
	at com.kms.katalon.core.webui.keyword.builtin.ClickKeyword.execute(ClickKeyword.groovy:43)
	at com.kms.katalon.core.keyword.internal.KeywordExecutor.executeKeywordForPlatform(KeywordExecutor.groovy:73)
	at com.kms.katalon.core.webui.keyword.WebUiBuiltInKeywords.click(WebUiBuiltInKeywords.groovy:617)
	at com.kms.katalon.core.webui.keyword.WebUiBuiltInKeywords$click$3.call(Unknown Source)
	at Script1585304284236.run(Script1585304284236.groovy:48)
	... 13 more
)
[[ATTACHMENT|C:\\Users\\hp\\git\\chiraghAdminPanel\\Reports\\20201001_170350\\SanityTests\\SanityTest\\20201001_170350\\1601555341261.png]]

2020-10-01 17:29:03 - [TEST_STEP][PASSED] - Video: Video recording for test case 'Test Cases/Front End/TC_TopUP(USD)_005' .

2020-10-01 17:29:03 - [MESSAGE][INFO] - Video recording for test case 'Test Cases/Front End/TC_TopUP(USD)_005' .
[[ATTACHMENT|C:\Users\hp\git\chiraghAdminPanel\Reports\20201001_170350\SanityTests\SanityTest\20201001_170350/videos\test_19.mov]]]]></system-out>
         <system-err><![CDATA[2020-10-01 17:27:42 - [TEST_CASE][FAILED] - Test Cases/Front End/TC_TopUP(USD)_005: Test Cases/Front End/TC_TopUP(USD)_005 FAILED.
Reason:
com.kms.katalon.core.exception.StepFailedException: Unable to click on object 'Object Repository/Front End Objects/TopUp(AED)/Page_Chiragh - User Account Summary/a_Make a Transaction'
	at com.kms.katalon.core.webui.keyword.internal.WebUIKeywordMain.stepFailed(WebUIKeywordMain.groovy:64)
	at com.kms.katalon.core.webui.keyword.internal.WebUIKeywordMain.runKeyword(WebUIKeywordMain.groovy:26)
	at com.kms.katalon.core.webui.keyword.builtin.ClickKeyword.click(ClickKeyword.groovy:76)
	at com.kms.katalon.core.webui.keyword.builtin.ClickKeyword.execute(ClickKeyword.groovy:43)
	at com.kms.katalon.core.keyword.internal.KeywordExecutor.executeKeywordForPlatform(KeywordExecutor.groovy:73)
	at com.kms.katalon.core.webui.keyword.WebUiBuiltInKeywords.click(WebUiBuiltInKeywords.groovy:617)
	at com.kms.katalon.core.webui.keyword.WebUiBuiltInKeywords$click$3.call(Unknown Source)
	at TC_TopUP(USD)_005.run(TC_TopUP(USD)_005:48)
	at com.kms.katalon.core.main.ScriptEngine.run(ScriptEngine.java:194)
	at com.kms.katalon.core.main.ScriptEngine.runScriptAsRawText(ScriptEngine.java:119)
	at com.kms.katalon.core.main.TestCaseExecutor.runScript(TestCaseExecutor.java:339)
	at com.kms.katalon.core.main.TestCaseExecutor.doExecute(TestCaseExecutor.java:330)
	at com.kms.katalon.core.main.TestCaseExecutor.processExecutionPhase(TestCaseExecutor.java:309)
	at com.kms.katalon.core.main.TestCaseExecutor.accessMainPhase(TestCaseExecutor.java:301)
	at com.kms.katalon.core.main.TestCaseExecutor.execute(TestCaseExecutor.java:235)
	at com.kms.katalon.core.main.TestSuiteExecutor.accessTestCaseMainPhase(TestSuiteExecutor.java:191)
	at com.kms.katalon.core.main.TestSuiteExecutor.accessTestSuiteMainPhase(TestSuiteExecutor.java:141)
	at com.kms.katalon.core.main.TestSuiteExecutor.execute(TestSuiteExecutor.java:90)
	at com.kms.katalon.core.main.TestCaseMain.startTestSuite(TestCaseMain.java:157)
	at com.kms.katalon.core.main.TestCaseMain$startTestSuite$0.call(Unknown Source)
	at TempTestSuite1601553830097.run(TempTestSuite1601553830097.groovy:39)
Caused by: com.kms.katalon.core.webui.exception.WebElementNotFoundException: Web element with id: 'Object Repository/Front End Objects/TopUp(AED)/Page_Chiragh - User Account Summary/a_Make a Transaction' located by '//a[contains(text(),'Make a Transaction')]' not found
	at com.kms.katalon.core.webui.common.WebUiCommonHelper.findWebElement(WebUiCommonHelper.java:1368)
	at com.kms.katalon.core.webui.keyword.internal.WebUIAbstractKeyword.findWebElement(WebUIAbstractKeyword.groovy:27)
	at com.kms.katalon.core.webui.keyword.internal.WebUIAbstractKeyword.findWebElement(WebUIAbstractKeyword.groovy:26)
	at com.kms.katalon.core.webui.keyword.builtin.ClickKeyword$_click_closure1.doCall(ClickKeyword.groovy:67)
	at com.kms.katalon.core.webui.keyword.builtin.ClickKeyword$_click_closure1.call(ClickKeyword.groovy)
	at com.kms.katalon.core.webui.keyword.internal.WebUIKeywordMain.runKeyword(WebUIKeywordMain.groovy:20)
	... 19 more]]></system-err>
      </testcase>
      <testcase name="Test Cases/Front End/TC_VerifyAllLinks_007" time="0.085" classname="Test Cases/Front End/TC_VerifyAllLinks_007" status="PASSED">
         <system-out><![CDATA[2020-10-01 17:29:03 - [TEST_CASE][PASSED] - Test Cases/Front End/TC_VerifyAllLinks_007: null]]></system-out>
         <system-err><![CDATA[]]></system-err>
      </testcase>
      <system-out><![CDATA[2020-10-01 17:04:13 - [TEST_SUITE][INCOMPLETE] - SanityTest: null]]></system-out>
      <system-err><![CDATA[2020-10-01 17:04:13 - [TEST_SUITE][INCOMPLETE] - SanityTest: null]]></system-err>
   </testsuite>
</testsuites>
