<?xml version="1.0" encoding="UTF-8"?>
<testsuites name="AdminCompleteFlow" time="745.14" tests="3" failures="0" errors="0">
   <testsuite name="AdminCompleteFlow" tests="3" failures="0" errors="0" time="745.14" timestamp="2020-04-16 01:04:59" hostname="HP - DESKTOP-2D7LI1O" id="Test Suites/AdminCompleteFlow">
      <properties>
         <property name="deviceName" value=""/>
         <property name="devicePlatform" value=""/>
         <property name="logFolder" value="C:\\Users\\HP\\git\\chiraghAdminPanel\\Reports\\20200416_010448\\AdminCompleteFlow\\20200416_010448"/>
         <property name="logFiles" value="C:\\Users\\HP\\git\\chiraghAdminPanel\\Reports\\20200416_010448\\AdminCompleteFlow\\20200416_010448\\execution0.log"/>
         <property name="attachments" value="C:\\Users\\HP\\git\\chiraghAdminPanel\\Reports\\20200416_010448\\AdminCompleteFlow\\20200416_010448/videos\\test_1.mov, C:\\Users\\HP\\git\\chiraghAdminPanel\\Reports\\20200416_010448\\AdminCompleteFlow\\20200416_010448/videos\\test_2.mov, C:\\Users\\HP\\git\\chiraghAdminPanel\\Reports\\20200416_010448\\AdminCompleteFlow\\20200416_010448/videos\\test_3.mov"/>
         <property name="hostName" value="HP - DESKTOP-2D7LI1O"/>
         <property name="os" value="Windows 10 64bit"/>
         <property name="katalonVersion" value="7.2.6.1"/>
         <property name="browser" value="Chrome 80.0.3987.163"/>
         <property name="hostAddress" value="192.168.1.100"/>
         <property name="sessionId" value="138166a59f1ef1a73d934c0906d5579e"/>
         <property name="seleniumVersion" value="3.141.59"/>
         <property name="proxyInformation" value="ProxyInformation{proxyOption=NO_PROXY, proxyServerType=HTTP, password=, proxyServerAddress=, proxyServerPort=0, executionList=}"/>
         <property name="platform" value="Windows 10"/>
      </properties>
      <testcase name="Test Cases/Front End/TC_PropertySubmissionForm_002" time="211.362" classname="Test Cases/Front End/TC_PropertySubmissionForm_002" status="PASSED">
         <system-out><![CDATA[2020-04-16 01:05:00 - [TEST_CASE][PASSED] - Test Cases/Front End/TC_PropertySubmissionForm_002: Test Cases/Front End/TC_PropertySubmissionForm_002

2020-04-16 01:05:01 - [TEST_STEP][PASSED] - faker = new com.github.javafaker.Faker(): null

2020-04-16 01:05:02 - [TEST_STEP][PASSED] - projectname = address().streetName(): null

2020-04-16 01:05:02 - [TEST_STEP][PASSED] - openBrowser(""): Browser is opened with url: ''

2020-04-16 01:05:03 - [MESSAGE][INFO] - Starting 'Chrome' driver

2020-04-16 01:05:03 - [MESSAGE][INFO] - Action delay is set to 0 seconds

2020-04-16 01:05:11 - [MESSAGE][PASSED] - Browser is opened with url: ''

2020-04-16 01:05:11 - [TEST_STEP][PASSED] - navigateToUrl(Url): Navigate to 'http://uat.chiragh.com' successfully

2020-04-16 01:05:11 - [MESSAGE][WARNING] - Test object with id 'Object Repository/property by name/Page_Chiragh/h2_Project 51468 Penthouse wit' does not exist

2020-04-16 01:05:51 - [MESSAGE][PASSED] - Navigate to 'http://uat.chiragh.com' successfully

2020-04-16 01:05:51 - [TEST_STEP][PASSED] - waitForPageLoad(15): Wait for page load successfully

2020-04-16 01:05:51 - [MESSAGE][PASSED] - Wait for page load successfully

2020-04-16 01:05:51 - [TEST_STEP][PASSED] - maximizeWindow(): Current window maximized

2020-04-16 01:05:55 - [MESSAGE][PASSED] - Current window maximized

2020-04-16 01:05:55 - [TEST_STEP][PASSED] - delay(3): Delayed 3 second(s)

2020-04-16 01:05:59 - [MESSAGE][PASSED] - Delayed 3 second(s)

2020-04-16 01:05:59 - [TEST_STEP][PASSED] - click(findTestObject("Property submission/owner/Page_Chiragh - Home/a_SELL")): Object: 'Object Repository/Property submission/owner/Page_Chiragh - Home/a_SELL' is clicked on

2020-04-16 01:05:59 - [MESSAGE][PASSED] - Object: 'Object Repository/Property submission/owner/Page_Chiragh - Home/a_SELL' is clicked on

2020-04-16 01:05:59 - [TEST_STEP][PASSED] - setText(findTestObject("Object Repository/Property submission/owner/Page_Chiragh - Login/input_Username_un"), userName): Text 'UATCHIRAGH' is set on object 'Object Repository/Property submission/owner/Page_Chiragh - Login/input_Username_un'

2020-04-16 01:06:01 - [MESSAGE][PASSED] - Text 'UATCHIRAGH' is set on object 'Object Repository/Property submission/owner/Page_Chiragh - Login/input_Username_un'

2020-04-16 01:06:01 - [TEST_STEP][PASSED] - setText(findTestObject("Object Repository/Property submission/owner/Page_Chiragh - Login/input_Password_userPassword"), passWord): Text 'UATChiragh123@@' is set on object 'Object Repository/Property submission/owner/Page_Chiragh - Login/input_Password_userPassword'

2020-04-16 01:06:02 - [MESSAGE][PASSED] - Text 'UATChiragh123@@' is set on object 'Object Repository/Property submission/owner/Page_Chiragh - Login/input_Password_userPassword'

2020-04-16 01:06:02 - [TEST_STEP][PASSED] - click(findTestObject("Object Repository/Property submission/owner/Page_Chiragh - Login/button_Log In")): Object: 'Object Repository/Property submission/owner/Page_Chiragh - Login/button_Log In' is clicked on

2020-04-16 01:06:02 - [MESSAGE][PASSED] - Object: 'Object Repository/Property submission/owner/Page_Chiragh - Login/button_Log In' is clicked on

2020-04-16 01:06:02 - [TEST_STEP][PASSED] - delay(10): Delayed 10 second(s)

2020-04-16 01:06:12 - [MESSAGE][PASSED] - Delayed 10 second(s)

2020-04-16 01:06:12 - [TEST_STEP][PASSED] - setText(findTestObject("Object Repository/Property submission/owner form/Page_Chiragh - Sell Your Property/Page_Chiragh - Sell Your Property/input_ID Card Number_idCardNo"), "3294723889"): Text '3294723889' is set on object 'Object Repository/Property submission/owner form/Page_Chiragh - Sell Your Property/Page_Chiragh - Sell Your Property/input_ID Card Number_idCardNo'

2020-04-16 01:06:13 - [MESSAGE][PASSED] - Text '3294723889' is set on object 'Object Repository/Property submission/owner form/Page_Chiragh - Sell Your Property/Page_Chiragh - Sell Your Property/input_ID Card Number_idCardNo'

2020-04-16 01:06:13 - [TEST_STEP][PASSED] - click(findTestObject("Object Repository/Property submission/owner form/Page_Chiragh - Sell Your Property/Page_Chiragh - Sell Your Property/ID card expiry")): Object: 'Object Repository/Property submission/owner form/Page_Chiragh - Sell Your Property/Page_Chiragh - Sell Your Property/ID card expiry' is clicked on

2020-04-16 01:06:14 - [MESSAGE][PASSED] - Object: 'Object Repository/Property submission/owner form/Page_Chiragh - Sell Your Property/Page_Chiragh - Sell Your Property/ID card expiry' is clicked on

2020-04-16 01:06:14 - [TEST_STEP][PASSED] - click(findTestObject("Object Repository/Property submission/owner form/Page_Chiragh - Sell Your Property/Page_Chiragh - Sell Your Property/span_Mar 2020")): Object: 'Object Repository/Property submission/owner form/Page_Chiragh - Sell Your Property/Page_Chiragh - Sell Your Property/span_Mar 2020' is clicked on

2020-04-16 01:06:14 - [MESSAGE][PASSED] - Object: 'Object Repository/Property submission/owner form/Page_Chiragh - Sell Your Property/Page_Chiragh - Sell Your Property/span_Mar 2020' is clicked on

2020-04-16 01:06:14 - [TEST_STEP][PASSED] - click(findTestObject("Object Repository/Property submission/owner form/Page_Chiragh - Sell Your Property/Page_Chiragh - Sell Your Property/span_2029")): Object: 'Object Repository/Property submission/owner form/Page_Chiragh - Sell Your Property/Page_Chiragh - Sell Your Property/span_2029' is clicked on

2020-04-16 01:06:15 - [MESSAGE][PASSED] - Object: 'Object Repository/Property submission/owner form/Page_Chiragh - Sell Your Property/Page_Chiragh - Sell Your Property/span_2029' is clicked on

2020-04-16 01:06:15 - [TEST_STEP][PASSED] - click(findTestObject("Object Repository/Property submission/owner form/Page_Chiragh - Sell Your Property/Page_Chiragh - Sell Your Property/month")): Object: 'Object Repository/Property submission/owner form/Page_Chiragh - Sell Your Property/Page_Chiragh - Sell Your Property/month' is clicked on

2020-04-16 01:06:16 - [MESSAGE][PASSED] - Object: 'Object Repository/Property submission/owner form/Page_Chiragh - Sell Your Property/Page_Chiragh - Sell Your Property/month' is clicked on

2020-04-16 01:06:16 - [TEST_STEP][PASSED] - click(findTestObject("Object Repository/Property submission/owner form/Page_Chiragh - Sell Your Property/Page_Chiragh - Sell Your Property/span_21")): Object: 'Object Repository/Property submission/owner form/Page_Chiragh - Sell Your Property/Page_Chiragh - Sell Your Property/span_21' is clicked on

2020-04-16 01:06:16 - [MESSAGE][PASSED] - Object: 'Object Repository/Property submission/owner form/Page_Chiragh - Sell Your Property/Page_Chiragh - Sell Your Property/span_21' is clicked on

2020-04-16 01:06:16 - [TEST_STEP][PASSED] - scrollToElement(findTestObject("Object Repository/Property submission/owner/Page_Chiragh - Sell Your Property/div_Scanned Passport Copy"), 5): Scroll to object 'Object Repository/Property submission/owner/Page_Chiragh - Sell Your Property/div_Scanned Passport Copy' successfully

2020-04-16 01:06:17 - [MESSAGE][PASSED] - Scroll to object 'Object Repository/Property submission/owner/Page_Chiragh - Sell Your Property/div_Scanned Passport Copy' successfully

2020-04-16 01:06:17 - [TEST_STEP][PASSED] - delay(4): Delayed 4 second(s)

2020-04-16 01:06:21 - [MESSAGE][PASSED] - Delayed 4 second(s)

2020-04-16 01:06:21 - [TEST_STEP][PASSED] - uploadFile(findTestObject("Property submission/owner/Scanned Passport Copy"), "C:\Users\HP\git\chiraghAdminPanel\Include\PropertyImages\1584693242612-Scanned_Passport_Copy.png"): File 'C:\Users\HP\git\chiraghAdminPanel\Include\PropertyImages\1584693242612-Scanned_Passport_Copy.png' sent to object: 'Object Repository/Property submission/owner/Scanned Passport Copy'

2020-04-16 01:06:22 - [MESSAGE][PASSED] - File 'C:\Users\HP\git\chiraghAdminPanel\Include\PropertyImages\1584693242612-Scanned_Passport_Copy.png' sent to object: 'Object Repository/Property submission/owner/Scanned Passport Copy'

2020-04-16 01:06:22 - [TEST_STEP][PASSED] - delay(7): Delayed 7 second(s)

2020-04-16 01:06:29 - [MESSAGE][PASSED] - Delayed 7 second(s)

2020-04-16 01:06:29 - [TEST_STEP][PASSED] - delay(4): Delayed 4 second(s)

2020-04-16 01:06:33 - [MESSAGE][PASSED] - Delayed 4 second(s)

2020-04-16 01:06:33 - [TEST_STEP][PASSED] - uploadFile(findTestObject("Object Repository/Property submission/owner form/Page_Chiragh - Sell Your Property/Page_Chiragh - Sell Your Property/div_Scanned ID Copy  (UAE or c"), "C:\Users\HP\git\chiraghAdminPanel\Include\PropertyImages\1584693242612-Scanned_Passport_Copy.png"): File 'C:\Users\HP\git\chiraghAdminPanel\Include\PropertyImages\1584693242612-Scanned_Passport_Copy.png' sent to object: 'Object Repository/Property submission/owner form/Page_Chiragh - Sell Your Property/Page_Chiragh - Sell Your Property/div_Scanned ID Copy  (UAE or c'

2020-04-16 01:06:33 - [MESSAGE][PASSED] - File 'C:\Users\HP\git\chiraghAdminPanel\Include\PropertyImages\1584693242612-Scanned_Passport_Copy.png' sent to object: 'Object Repository/Property submission/owner form/Page_Chiragh - Sell Your Property/Page_Chiragh - Sell Your Property/div_Scanned ID Copy  (UAE or c'

2020-04-16 01:06:33 - [TEST_STEP][PASSED] - delay(7): Delayed 7 second(s)

2020-04-16 01:06:40 - [MESSAGE][PASSED] - Delayed 7 second(s)

2020-04-16 01:06:40 - [TEST_STEP][PASSED] - click(findTestObject("Object Repository/Property submission/owner/Page_Chiragh - Sell Your Property/button_Next")): Object: 'Object Repository/Property submission/owner/Page_Chiragh - Sell Your Property/button_Next' is clicked on

2020-04-16 01:06:41 - [MESSAGE][PASSED] - Object: 'Object Repository/Property submission/owner/Page_Chiragh - Sell Your Property/button_Next' is clicked on

2020-04-16 01:06:41 - [TEST_STEP][PASSED] - verifyElementPresent(findTestObject("Object Repository/Property submission/owner/Page_Chiragh - Sell Your Property/div_Owner details added succes"), 4): Object 'Object Repository/Property submission/owner/Page_Chiragh - Sell Your Property/div_Owner details added succes' is present

2020-04-16 01:06:44 - [MESSAGE][PASSED] - Object 'Object Repository/Property submission/owner/Page_Chiragh - Sell Your Property/div_Owner details added succes' is present

2020-04-16 01:06:44 - [TEST_STEP][PASSED] - click(findTestObject("Object Repository/Property submission/POA/Page_Chiragh - Sell Your Property/div_POA Status_ng-input")): Object: 'Object Repository/Property submission/POA/Page_Chiragh - Sell Your Property/div_POA Status_ng-input' is clicked on

2020-04-16 01:06:45 - [MESSAGE][PASSED] - Object: 'Object Repository/Property submission/POA/Page_Chiragh - Sell Your Property/div_POA Status_ng-input' is clicked on

2020-04-16 01:06:45 - [TEST_STEP][PASSED] - delay(4): Delayed 4 second(s)

2020-04-16 01:06:49 - [MESSAGE][PASSED] - Delayed 4 second(s)

2020-04-16 01:06:49 - [TEST_STEP][PASSED] - setText(findTestObject("Object Repository/Property submission/POA/Page_Chiragh - Sell Your Property/Page_Chiragh - Sell Your Property/input"), "No"): Text 'No' is set on object 'Object Repository/Property submission/POA/Page_Chiragh - Sell Your Property/Page_Chiragh - Sell Your Property/input'

2020-04-16 01:06:49 - [MESSAGE][PASSED] - Text 'No' is set on object 'Object Repository/Property submission/POA/Page_Chiragh - Sell Your Property/Page_Chiragh - Sell Your Property/input'

2020-04-16 01:06:49 - [TEST_STEP][PASSED] - sendKeys(findTestObject("Object Repository/Property submission/POA/Page_Chiragh - Sell Your Property/Page_Chiragh - Sell Your Property/input"), Keys.chord(ENTER)): Keys 'ENTER + ' sent to object: 'Object Repository/Property submission/POA/Page_Chiragh - Sell Your Property/Page_Chiragh - Sell Your Property/input'

2020-04-16 01:06:50 - [MESSAGE][PASSED] - Keys 'ENTER + ' sent to object: 'Object Repository/Property submission/POA/Page_Chiragh - Sell Your Property/Page_Chiragh - Sell Your Property/input'

2020-04-16 01:06:50 - [TEST_STEP][PASSED] - delay(4): Delayed 4 second(s)

2020-04-16 01:06:54 - [MESSAGE][PASSED] - Delayed 4 second(s)

2020-04-16 01:06:54 - [TEST_STEP][PASSED] - click(findTestObject("Object Repository/Property submission/POA/Page_Chiragh - Sell Your Property/button_Next")): Object: 'Object Repository/Property submission/POA/Page_Chiragh - Sell Your Property/button_Next' is clicked on

2020-04-16 01:06:54 - [MESSAGE][PASSED] - Object: 'Object Repository/Property submission/POA/Page_Chiragh - Sell Your Property/button_Next' is clicked on

2020-04-16 01:06:54 - [TEST_STEP][PASSED] - delay(4): Delayed 4 second(s)

2020-04-16 01:06:58 - [MESSAGE][PASSED] - Delayed 4 second(s)

2020-04-16 01:06:58 - [TEST_STEP][PASSED] - click(findTestObject("Object Repository/Property submission/Property form/Page_Chiragh - Sell Your Property/Property status/input")): Object: 'Object Repository/Property submission/Property form/Page_Chiragh - Sell Your Property/Property status/input' is clicked on

2020-04-16 01:06:59 - [MESSAGE][PASSED] - Object: 'Object Repository/Property submission/Property form/Page_Chiragh - Sell Your Property/Property status/input' is clicked on

2020-04-16 01:06:59 - [TEST_STEP][PASSED] - setText(findTestObject("Object Repository/Property submission/Property form/Page_Chiragh - Sell Your Property/Property status/input"), "Completed"): Text 'Completed' is set on object 'Object Repository/Property submission/Property form/Page_Chiragh - Sell Your Property/Property status/input'

2020-04-16 01:07:00 - [MESSAGE][PASSED] - Text 'Completed' is set on object 'Object Repository/Property submission/Property form/Page_Chiragh - Sell Your Property/Property status/input'

2020-04-16 01:07:00 - [TEST_STEP][PASSED] - sendKeys(findTestObject("Object Repository/Property submission/Property form/Page_Chiragh - Sell Your Property/Property status/input"), Keys.chord(ENTER)): Keys 'ENTER + ' sent to object: 'Object Repository/Property submission/Property form/Page_Chiragh - Sell Your Property/Property status/input'

2020-04-16 01:07:00 - [MESSAGE][PASSED] - Keys 'ENTER + ' sent to object: 'Object Repository/Property submission/Property form/Page_Chiragh - Sell Your Property/Property status/input'

2020-04-16 01:07:00 - [TEST_STEP][PASSED] - setText(findTestObject("Object Repository/Property submission/Property form/Page_Chiragh - Sell Your Property/Property status/input_Title Deed Number_titleD"), "348236327"): Text '348236327' is set on object 'Object Repository/Property submission/Property form/Page_Chiragh - Sell Your Property/Property status/input_Title Deed Number_titleD'

2020-04-16 01:07:01 - [MESSAGE][PASSED] - Text '348236327' is set on object 'Object Repository/Property submission/Property form/Page_Chiragh - Sell Your Property/Property status/input_Title Deed Number_titleD'

2020-04-16 01:07:01 - [TEST_STEP][PASSED] - setText(findTestObject("Object Repository/Property submission/Property form/Page_Chiragh - Sell Your Property/Type of area/Page_Chiragh - Sell Your Property/input"), "Free Hold"): Text 'Free Hold' is set on object 'Object Repository/Property submission/Property form/Page_Chiragh - Sell Your Property/Type of area/Page_Chiragh - Sell Your Property/input'

2020-04-16 01:07:02 - [MESSAGE][PASSED] - Text 'Free Hold' is set on object 'Object Repository/Property submission/Property form/Page_Chiragh - Sell Your Property/Type of area/Page_Chiragh - Sell Your Property/input'

2020-04-16 01:07:02 - [TEST_STEP][PASSED] - sendKeys(findTestObject("Object Repository/Property submission/Property form/Page_Chiragh - Sell Your Property/Type of area/Page_Chiragh - Sell Your Property/input"), Keys.chord(ENTER)): Keys 'ENTER + ' sent to object: 'Object Repository/Property submission/Property form/Page_Chiragh - Sell Your Property/Type of area/Page_Chiragh - Sell Your Property/input'

2020-04-16 01:07:03 - [MESSAGE][PASSED] - Keys 'ENTER + ' sent to object: 'Object Repository/Property submission/Property form/Page_Chiragh - Sell Your Property/Type of area/Page_Chiragh - Sell Your Property/input'

2020-04-16 01:07:03 - [TEST_STEP][PASSED] - setText(findTestObject("Object Repository/Property submission/Property form/Page_Chiragh - Sell Your Property/Property Type/Page_Chiragh - Sell Your Property/input"), "Villa"): Text 'Villa' is set on object 'Object Repository/Property submission/Property form/Page_Chiragh - Sell Your Property/Property Type/Page_Chiragh - Sell Your Property/input'

2020-04-16 01:07:03 - [MESSAGE][PASSED] - Text 'Villa' is set on object 'Object Repository/Property submission/Property form/Page_Chiragh - Sell Your Property/Property Type/Page_Chiragh - Sell Your Property/input'

2020-04-16 01:07:03 - [TEST_STEP][PASSED] - sendKeys(findTestObject("Object Repository/Property submission/Property form/Page_Chiragh - Sell Your Property/Property Type/Page_Chiragh - Sell Your Property/input"), Keys.chord(ENTER)): Keys 'ENTER + ' sent to object: 'Object Repository/Property submission/Property form/Page_Chiragh - Sell Your Property/Property Type/Page_Chiragh - Sell Your Property/input'

2020-04-16 01:07:04 - [MESSAGE][PASSED] - Keys 'ENTER + ' sent to object: 'Object Repository/Property submission/Property form/Page_Chiragh - Sell Your Property/Property Type/Page_Chiragh - Sell Your Property/input'

2020-04-16 01:07:04 - [TEST_STEP][PASSED] - setText(findTestObject("Object Repository/Property submission/Property form/Page_Chiragh - Sell Your Property/Project Name/Page_Chiragh - Sell Your Property/input_Project Name_projectName"), projectname): Text 'Purdy Shoal' is set on object 'Object Repository/Property submission/Property form/Page_Chiragh - Sell Your Property/Project Name/Page_Chiragh - Sell Your Property/input_Project Name_projectName'

2020-04-16 01:07:05 - [MESSAGE][PASSED] - Text 'Purdy Shoal' is set on object 'Object Repository/Property submission/Property form/Page_Chiragh - Sell Your Property/Project Name/Page_Chiragh - Sell Your Property/input_Project Name_projectName'

2020-04-16 01:07:05 - [TEST_STEP][PASSED] - setText(findTestObject("Object Repository/Property submission/Property form/Page_Chiragh - Sell Your Property/Building name/Page_Chiragh - Sell Your Property/input_Building Name_bulidingNa"), "Ajman Tower"): Text 'Ajman Tower' is set on object 'Object Repository/Property submission/Property form/Page_Chiragh - Sell Your Property/Building name/Page_Chiragh - Sell Your Property/input_Building Name_bulidingNa'

2020-04-16 01:07:06 - [MESSAGE][PASSED] - Text 'Ajman Tower' is set on object 'Object Repository/Property submission/Property form/Page_Chiragh - Sell Your Property/Building name/Page_Chiragh - Sell Your Property/input_Building Name_bulidingNa'

2020-04-16 01:07:06 - [TEST_STEP][PASSED] - setText(findTestObject("Object Repository/Property submission/Property form/Page_Chiragh - Sell Your Property/Area/Page_Chiragh - Sell Your Property/input_Net Area_netArea"), "2100"): Text '2100' is set on object 'Object Repository/Property submission/Property form/Page_Chiragh - Sell Your Property/Area/Page_Chiragh - Sell Your Property/input_Net Area_netArea'

2020-04-16 01:07:06 - [MESSAGE][PASSED] - Text '2100' is set on object 'Object Repository/Property submission/Property form/Page_Chiragh - Sell Your Property/Area/Page_Chiragh - Sell Your Property/input_Net Area_netArea'

2020-04-16 01:07:06 - [TEST_STEP][PASSED] - setText(findTestObject("Object Repository/Property submission/Property form/Page_Chiragh - Sell Your Property/Area/Page_Chiragh - Sell Your Property/input"), "sqm"): Text 'sqm' is set on object 'Object Repository/Property submission/Property form/Page_Chiragh - Sell Your Property/Area/Page_Chiragh - Sell Your Property/input'

2020-04-16 01:07:07 - [MESSAGE][PASSED] - Text 'sqm' is set on object 'Object Repository/Property submission/Property form/Page_Chiragh - Sell Your Property/Area/Page_Chiragh - Sell Your Property/input'

2020-04-16 01:07:07 - [TEST_STEP][PASSED] - sendKeys(findTestObject("Object Repository/Property submission/Property form/Page_Chiragh - Sell Your Property/Area/Page_Chiragh - Sell Your Property/input"), Keys.chord(ENTER)): Keys 'ENTER + ' sent to object: 'Object Repository/Property submission/Property form/Page_Chiragh - Sell Your Property/Area/Page_Chiragh - Sell Your Property/input'

2020-04-16 01:07:08 - [MESSAGE][PASSED] - Keys 'ENTER + ' sent to object: 'Object Repository/Property submission/Property form/Page_Chiragh - Sell Your Property/Area/Page_Chiragh - Sell Your Property/input'

2020-04-16 01:07:08 - [TEST_STEP][PASSED] - setText(findTestObject("Object Repository/Property submission/Property form/Page_Chiragh - Sell Your Property/Area/Page_Chiragh - Sell Your Property/input_Gross Area_grossArea"), "2300"): Text '2300' is set on object 'Object Repository/Property submission/Property form/Page_Chiragh - Sell Your Property/Area/Page_Chiragh - Sell Your Property/input_Gross Area_grossArea'

2020-04-16 01:07:08 - [MESSAGE][PASSED] - Text '2300' is set on object 'Object Repository/Property submission/Property form/Page_Chiragh - Sell Your Property/Area/Page_Chiragh - Sell Your Property/input_Gross Area_grossArea'

2020-04-16 01:07:08 - [TEST_STEP][PASSED] - setText(findTestObject("Object Repository/Property submission/Property form/Page_Chiragh - Sell Your Property/Address/Page_Chiragh - Sell Your Property/input_Address_address"), "United Arab Emirates"): Text 'United Arab Emirates' is set on object 'Object Repository/Property submission/Property form/Page_Chiragh - Sell Your Property/Address/Page_Chiragh - Sell Your Property/input_Address_address'

2020-04-16 01:07:09 - [MESSAGE][PASSED] - Text 'United Arab Emirates' is set on object 'Object Repository/Property submission/Property form/Page_Chiragh - Sell Your Property/Address/Page_Chiragh - Sell Your Property/input_Address_address'

2020-04-16 01:07:09 - [TEST_STEP][PASSED] - setText(findTestObject("Object Repository/Property submission/Property form/Page_Chiragh - Sell Your Property/Country/Page_Chiragh - Sell Your Property/input"), "United Arab Emirates"): Text 'United Arab Emirates' is set on object 'Object Repository/Property submission/Property form/Page_Chiragh - Sell Your Property/Country/Page_Chiragh - Sell Your Property/input'

2020-04-16 01:07:11 - [MESSAGE][PASSED] - Text 'United Arab Emirates' is set on object 'Object Repository/Property submission/Property form/Page_Chiragh - Sell Your Property/Country/Page_Chiragh - Sell Your Property/input'

2020-04-16 01:07:11 - [TEST_STEP][PASSED] - sendKeys(findTestObject("Object Repository/Property submission/Property form/Page_Chiragh - Sell Your Property/Country/Page_Chiragh - Sell Your Property/input"), Keys.chord(ENTER)): Keys 'ENTER + ' sent to object: 'Object Repository/Property submission/Property form/Page_Chiragh - Sell Your Property/Country/Page_Chiragh - Sell Your Property/input'

2020-04-16 01:07:11 - [MESSAGE][PASSED] - Keys 'ENTER + ' sent to object: 'Object Repository/Property submission/Property form/Page_Chiragh - Sell Your Property/Country/Page_Chiragh - Sell Your Property/input'

2020-04-16 01:07:11 - [TEST_STEP][PASSED] - delay(4): Delayed 4 second(s)

2020-04-16 01:07:15 - [MESSAGE][PASSED] - Delayed 4 second(s)

2020-04-16 01:07:15 - [TEST_STEP][PASSED] - setText(findTestObject("Object Repository/Property submission/Property form/Page_Chiragh - Sell Your Property/City/Page_Chiragh - Sell Your Property/input"), "Dubai"): Text 'Dubai' is set on object 'Object Repository/Property submission/Property form/Page_Chiragh - Sell Your Property/City/Page_Chiragh - Sell Your Property/input'

2020-04-16 01:07:16 - [MESSAGE][PASSED] - Text 'Dubai' is set on object 'Object Repository/Property submission/Property form/Page_Chiragh - Sell Your Property/City/Page_Chiragh - Sell Your Property/input'

2020-04-16 01:07:16 - [TEST_STEP][PASSED] - sendKeys(findTestObject("Object Repository/Property submission/Property form/Page_Chiragh - Sell Your Property/City/Page_Chiragh - Sell Your Property/input"), Keys.chord(ENTER)): Keys 'ENTER + ' sent to object: 'Object Repository/Property submission/Property form/Page_Chiragh - Sell Your Property/City/Page_Chiragh - Sell Your Property/input'

2020-04-16 01:07:16 - [MESSAGE][PASSED] - Keys 'ENTER + ' sent to object: 'Object Repository/Property submission/Property form/Page_Chiragh - Sell Your Property/City/Page_Chiragh - Sell Your Property/input'

2020-04-16 01:07:16 - [TEST_STEP][PASSED] - setText(findTestObject("Object Repository/Property submission/Property form/Page_Chiragh - Sell Your Property/Developer Name/Page_Chiragh - Sell Your Property/input_Developer Name_developer"), "DEV"): Text 'DEV' is set on object 'Object Repository/Property submission/Property form/Page_Chiragh - Sell Your Property/Developer Name/Page_Chiragh - Sell Your Property/input_Developer Name_developer'

2020-04-16 01:07:17 - [MESSAGE][PASSED] - Text 'DEV' is set on object 'Object Repository/Property submission/Property form/Page_Chiragh - Sell Your Property/Developer Name/Page_Chiragh - Sell Your Property/input_Developer Name_developer'

2020-04-16 01:07:17 - [TEST_STEP][PASSED] - setText(findTestObject("Object Repository/Property submission/Property form/Page_Chiragh - Sell Your Property/Present Use/Page_Chiragh - Sell Your Property/input"), "Residential"): Text 'Residential' is set on object 'Object Repository/Property submission/Property form/Page_Chiragh - Sell Your Property/Present Use/Page_Chiragh - Sell Your Property/input'

2020-04-16 01:07:18 - [MESSAGE][PASSED] - Text 'Residential' is set on object 'Object Repository/Property submission/Property form/Page_Chiragh - Sell Your Property/Present Use/Page_Chiragh - Sell Your Property/input'

2020-04-16 01:07:18 - [TEST_STEP][PASSED] - sendKeys(findTestObject("Object Repository/Property submission/Property form/Page_Chiragh - Sell Your Property/Present Use/Page_Chiragh - Sell Your Property/input"), Keys.chord(ENTER)): Keys 'ENTER + ' sent to object: 'Object Repository/Property submission/Property form/Page_Chiragh - Sell Your Property/Present Use/Page_Chiragh - Sell Your Property/input'

2020-04-16 01:07:18 - [MESSAGE][PASSED] - Keys 'ENTER + ' sent to object: 'Object Repository/Property submission/Property form/Page_Chiragh - Sell Your Property/Present Use/Page_Chiragh - Sell Your Property/input'

2020-04-16 01:07:18 - [TEST_STEP][PASSED] - setText(findTestObject("Object Repository/Property submission/Property form/Page_Chiragh - Sell Your Property/Approx Age/Page_Chiragh - Sell Your Property/input_Property Approx. Age_pro"), "2 years"): Text '2 years' is set on object 'Object Repository/Property submission/Property form/Page_Chiragh - Sell Your Property/Approx Age/Page_Chiragh - Sell Your Property/input_Property Approx. Age_pro'

2020-04-16 01:07:19 - [MESSAGE][PASSED] - Text '2 years' is set on object 'Object Repository/Property submission/Property form/Page_Chiragh - Sell Your Property/Approx Age/Page_Chiragh - Sell Your Property/input_Property Approx. Age_pro'

2020-04-16 01:07:19 - [TEST_STEP][PASSED] - setText(findTestObject("Object Repository/Property submission/Property form/Page_Chiragh - Sell Your Property/Beds/Page_Chiragh - Sell Your Property/input_Bedrooms_noOfBedrooms"), "6"): Text '6' is set on object 'Object Repository/Property submission/Property form/Page_Chiragh - Sell Your Property/Beds/Page_Chiragh - Sell Your Property/input_Bedrooms_noOfBedrooms'

2020-04-16 01:07:19 - [MESSAGE][PASSED] - Text '6' is set on object 'Object Repository/Property submission/Property form/Page_Chiragh - Sell Your Property/Beds/Page_Chiragh - Sell Your Property/input_Bedrooms_noOfBedrooms'

2020-04-16 01:07:19 - [TEST_STEP][PASSED] - setText(findTestObject("Object Repository/Property submission/Property form/Page_Chiragh - Sell Your Property/Baths/Page_Chiragh - Sell Your Property/input_Bathrooms_noOfBaths"), "4"): Text '4' is set on object 'Object Repository/Property submission/Property form/Page_Chiragh - Sell Your Property/Baths/Page_Chiragh - Sell Your Property/input_Bathrooms_noOfBaths'

2020-04-16 01:07:20 - [MESSAGE][PASSED] - Text '4' is set on object 'Object Repository/Property submission/Property form/Page_Chiragh - Sell Your Property/Baths/Page_Chiragh - Sell Your Property/input_Bathrooms_noOfBaths'

2020-04-16 01:07:20 - [TEST_STEP][PASSED] - delay(2): Delayed 2 second(s)

2020-04-16 01:07:22 - [MESSAGE][PASSED] - Delayed 2 second(s)

2020-04-16 01:07:22 - [TEST_STEP][PASSED] - setText(findTestObject("Object Repository/Property submission/Property form/Page_Chiragh - Sell Your Property/Car Parkings/input_car_parkings"), "2"): Text '2' is set on object 'Object Repository/Property submission/Property form/Page_Chiragh - Sell Your Property/Car Parkings/input_car_parkings'

2020-04-16 01:07:22 - [MESSAGE][PASSED] - Text '2' is set on object 'Object Repository/Property submission/Property form/Page_Chiragh - Sell Your Property/Car Parkings/input_car_parkings'

2020-04-16 01:07:22 - [TEST_STEP][PASSED] - click(findTestObject("Object Repository/Property submission/Property form/Page_Chiragh - Sell Your Property/Features/Page_Chiragh - Sell Your Property/label_Driver Room")): Object: 'Object Repository/Property submission/Property form/Page_Chiragh - Sell Your Property/Features/Page_Chiragh - Sell Your Property/label_Driver Room' is clicked on

2020-04-16 01:07:23 - [MESSAGE][PASSED] - Object: 'Object Repository/Property submission/Property form/Page_Chiragh - Sell Your Property/Features/Page_Chiragh - Sell Your Property/label_Driver Room' is clicked on

2020-04-16 01:07:23 - [TEST_STEP][PASSED] - click(findTestObject("Object Repository/Property submission/Property form/Page_Chiragh - Sell Your Property/Features/Page_Chiragh - Sell Your Property/label_Fully Fitted Kitchen")): Object: 'Object Repository/Property submission/Property form/Page_Chiragh - Sell Your Property/Features/Page_Chiragh - Sell Your Property/label_Fully Fitted Kitchen' is clicked on

2020-04-16 01:07:23 - [MESSAGE][PASSED] - Object: 'Object Repository/Property submission/Property form/Page_Chiragh - Sell Your Property/Features/Page_Chiragh - Sell Your Property/label_Fully Fitted Kitchen' is clicked on

2020-04-16 01:07:23 - [TEST_STEP][PASSED] - click(findTestObject("Object Repository/Property submission/Property form/Page_Chiragh - Sell Your Property/Features/Page_Chiragh - Sell Your Property/label_Fully Furnished")): Object: 'Object Repository/Property submission/Property form/Page_Chiragh - Sell Your Property/Features/Page_Chiragh - Sell Your Property/label_Fully Furnished' is clicked on

2020-04-16 01:07:24 - [MESSAGE][PASSED] - Object: 'Object Repository/Property submission/Property form/Page_Chiragh - Sell Your Property/Features/Page_Chiragh - Sell Your Property/label_Fully Furnished' is clicked on

2020-04-16 01:07:24 - [TEST_STEP][PASSED] - click(findTestObject("Object Repository/Property submission/Property form/Page_Chiragh - Sell Your Property/Facilities/Page_Chiragh - Sell Your Property/label_Beach Access")): Object: 'Object Repository/Property submission/Property form/Page_Chiragh - Sell Your Property/Facilities/Page_Chiragh - Sell Your Property/label_Beach Access' is clicked on

2020-04-16 01:07:25 - [MESSAGE][PASSED] - Object: 'Object Repository/Property submission/Property form/Page_Chiragh - Sell Your Property/Facilities/Page_Chiragh - Sell Your Property/label_Beach Access' is clicked on

2020-04-16 01:07:25 - [TEST_STEP][PASSED] - click(findTestObject("Object Repository/Property submission/Property form/Page_Chiragh - Sell Your Property/Facilities/Page_Chiragh - Sell Your Property/label_Bank ATM Facility")): Object: 'Object Repository/Property submission/Property form/Page_Chiragh - Sell Your Property/Facilities/Page_Chiragh - Sell Your Property/label_Bank ATM Facility' is clicked on

2020-04-16 01:07:25 - [MESSAGE][PASSED] - Object: 'Object Repository/Property submission/Property form/Page_Chiragh - Sell Your Property/Facilities/Page_Chiragh - Sell Your Property/label_Bank ATM Facility' is clicked on

2020-04-16 01:07:25 - [TEST_STEP][PASSED] - click(findTestObject("Object Repository/Property submission/Property form/Page_Chiragh - Sell Your Property/Facilities/Page_Chiragh - Sell Your Property/label_24 Hours Maintenance")): Object: 'Object Repository/Property submission/Property form/Page_Chiragh - Sell Your Property/Facilities/Page_Chiragh - Sell Your Property/label_24 Hours Maintenance' is clicked on

2020-04-16 01:07:26 - [MESSAGE][PASSED] - Object: 'Object Repository/Property submission/Property form/Page_Chiragh - Sell Your Property/Facilities/Page_Chiragh - Sell Your Property/label_24 Hours Maintenance' is clicked on

2020-04-16 01:07:26 - [TEST_STEP][PASSED] - click(findTestObject("Object Repository/Property submission/Property form/Page_Chiragh - Sell Your Property/Neighbourhoods/Page_Chiragh - Sell Your Property/label_Mosques")): Object: 'Object Repository/Property submission/Property form/Page_Chiragh - Sell Your Property/Neighbourhoods/Page_Chiragh - Sell Your Property/label_Mosques' is clicked on

2020-04-16 01:07:26 - [MESSAGE][PASSED] - Object: 'Object Repository/Property submission/Property form/Page_Chiragh - Sell Your Property/Neighbourhoods/Page_Chiragh - Sell Your Property/label_Mosques' is clicked on

2020-04-16 01:07:26 - [TEST_STEP][PASSED] - click(findTestObject("Object Repository/Property submission/Property form/Page_Chiragh - Sell Your Property/Neighbourhoods/Page_Chiragh - Sell Your Property/label_Schools")): Object: 'Object Repository/Property submission/Property form/Page_Chiragh - Sell Your Property/Neighbourhoods/Page_Chiragh - Sell Your Property/label_Schools' is clicked on

2020-04-16 01:07:27 - [MESSAGE][PASSED] - Object: 'Object Repository/Property submission/Property form/Page_Chiragh - Sell Your Property/Neighbourhoods/Page_Chiragh - Sell Your Property/label_Schools' is clicked on

2020-04-16 01:07:27 - [TEST_STEP][PASSED] - click(findTestObject("Object Repository/Property submission/Property form/Page_Chiragh - Sell Your Property/Neighbourhoods/Page_Chiragh - Sell Your Property/label_Shopping Malls")): Object: 'Object Repository/Property submission/Property form/Page_Chiragh - Sell Your Property/Neighbourhoods/Page_Chiragh - Sell Your Property/label_Shopping Malls' is clicked on

2020-04-16 01:07:28 - [MESSAGE][PASSED] - Object: 'Object Repository/Property submission/Property form/Page_Chiragh - Sell Your Property/Neighbourhoods/Page_Chiragh - Sell Your Property/label_Shopping Malls' is clicked on

2020-04-16 01:07:28 - [TEST_STEP][PASSED] - setText(findTestObject("Object Repository/Property submission/Property form/Page_Chiragh - Sell Your Property/Description/Page_Chiragh - Sell Your Property/textarea_Description _property"), "Property for sale"): Text 'Property for sale' is set on object 'Object Repository/Property submission/Property form/Page_Chiragh - Sell Your Property/Description/Page_Chiragh - Sell Your Property/textarea_Description _property'

2020-04-16 01:07:28 - [MESSAGE][PASSED] - Text 'Property for sale' is set on object 'Object Repository/Property submission/Property form/Page_Chiragh - Sell Your Property/Description/Page_Chiragh - Sell Your Property/textarea_Description _property'

2020-04-16 01:07:28 - [TEST_STEP][PASSED] - delay(4): Delayed 4 second(s)

2020-04-16 01:07:32 - [MESSAGE][PASSED] - Delayed 4 second(s)

2020-04-16 01:07:32 - [TEST_STEP][PASSED] - scrollToElement(findTestObject("Object Repository/Property submission/Property form/Page_Chiragh - Sell Your Property/Scanned Title Deed/Scanned Title Deed"), 5): Scroll to object 'Object Repository/Property submission/Property form/Page_Chiragh - Sell Your Property/Scanned Title Deed/Scanned Title Deed' successfully

2020-04-16 01:07:33 - [MESSAGE][PASSED] - Scroll to object 'Object Repository/Property submission/Property form/Page_Chiragh - Sell Your Property/Scanned Title Deed/Scanned Title Deed' successfully

2020-04-16 01:07:33 - [TEST_STEP][PASSED] - uploadFile(findTestObject("Property submission/Property form/Page_Chiragh - Sell Your Property/Scanned Title Deed/Scanned Title Deed"), "C:\Users\HP\git\chiraghAdminPanel\Include\PropertyImages\1584693242612-Scanned_Passport_Copy.png"): File 'C:\Users\HP\git\chiraghAdminPanel\Include\PropertyImages\1584693242612-Scanned_Passport_Copy.png' sent to object: 'Object Repository/Property submission/Property form/Page_Chiragh - Sell Your Property/Scanned Title Deed/Scanned Title Deed'

2020-04-16 01:07:33 - [MESSAGE][PASSED] - File 'C:\Users\HP\git\chiraghAdminPanel\Include\PropertyImages\1584693242612-Scanned_Passport_Copy.png' sent to object: 'Object Repository/Property submission/Property form/Page_Chiragh - Sell Your Property/Scanned Title Deed/Scanned Title Deed'

2020-04-16 01:07:33 - [TEST_STEP][PASSED] - delay(7): Delayed 7 second(s)

2020-04-16 01:07:40 - [MESSAGE][PASSED] - Delayed 7 second(s)

2020-04-16 01:07:40 - [TEST_STEP][PASSED] - uploadFile(findTestObject("Object Repository/Property submission/Property form/Page_Chiragh - Sell Your Property/SPA/SPA"), "C:\Users\HP\git\chiraghAdminPanel\Include\PropertyImages\1584693242612-Scanned_Passport_Copy.png"): File 'C:\Users\HP\git\chiraghAdminPanel\Include\PropertyImages\1584693242612-Scanned_Passport_Copy.png' sent to object: 'Object Repository/Property submission/Property form/Page_Chiragh - Sell Your Property/SPA/SPA'

2020-04-16 01:07:41 - [MESSAGE][PASSED] - File 'C:\Users\HP\git\chiraghAdminPanel\Include\PropertyImages\1584693242612-Scanned_Passport_Copy.png' sent to object: 'Object Repository/Property submission/Property form/Page_Chiragh - Sell Your Property/SPA/SPA'

2020-04-16 01:07:41 - [TEST_STEP][PASSED] - delay(7): Delayed 7 second(s)

2020-04-16 01:07:48 - [MESSAGE][PASSED] - Delayed 7 second(s)

2020-04-16 01:07:48 - [TEST_STEP][PASSED] - click(findTestObject("Object Repository/Property submission/Property form/Page_Chiragh - Sell Your Property/Next/Page_Chiragh - Sell Your Property/button_Next")): Object: 'Object Repository/Property submission/Property form/Page_Chiragh - Sell Your Property/Next/Page_Chiragh - Sell Your Property/button_Next' is clicked on

2020-04-16 01:07:48 - [MESSAGE][PASSED] - Object: 'Object Repository/Property submission/Property form/Page_Chiragh - Sell Your Property/Next/Page_Chiragh - Sell Your Property/button_Next' is clicked on

2020-04-16 01:07:48 - [TEST_STEP][PASSED] - setText(findTestObject("Object Repository/Property submission/Mortgage/Mortgage Status/Page_Chiragh - Sell Your Property/input"), "No"): Text 'No' is set on object 'Object Repository/Property submission/Mortgage/Mortgage Status/Page_Chiragh - Sell Your Property/input'

2020-04-16 01:07:51 - [MESSAGE][PASSED] - Text 'No' is set on object 'Object Repository/Property submission/Mortgage/Mortgage Status/Page_Chiragh - Sell Your Property/input'

2020-04-16 01:07:51 - [TEST_STEP][PASSED] - sendKeys(findTestObject("Object Repository/Property submission/Mortgage/Mortgage Status/Page_Chiragh - Sell Your Property/input"), Keys.chord(ENTER)): Keys 'ENTER + ' sent to object: 'Object Repository/Property submission/Mortgage/Mortgage Status/Page_Chiragh - Sell Your Property/input'

2020-04-16 01:07:51 - [MESSAGE][PASSED] - Keys 'ENTER + ' sent to object: 'Object Repository/Property submission/Mortgage/Mortgage Status/Page_Chiragh - Sell Your Property/input'

2020-04-16 01:07:51 - [TEST_STEP][PASSED] - click(findTestObject("Object Repository/Property submission/Mortgage/Next/Page_Chiragh - Sell Your Property/button_Next")): Object: 'Object Repository/Property submission/Mortgage/Next/Page_Chiragh - Sell Your Property/button_Next' is clicked on

2020-04-16 01:07:52 - [MESSAGE][PASSED] - Object: 'Object Repository/Property submission/Mortgage/Next/Page_Chiragh - Sell Your Property/button_Next' is clicked on

2020-04-16 01:07:52 - [TEST_STEP][PASSED] - delay(10): Delayed 10 second(s)

2020-04-16 01:08:02 - [MESSAGE][PASSED] - Delayed 10 second(s)

2020-04-16 01:08:02 - [TEST_STEP][PASSED] - scrollToElement(findTestObject("Object Repository/Property submission/Rental/Page_Chiragh - Sell Your Property/input"), 5): Scroll to object 'Object Repository/Property submission/Rental/Page_Chiragh - Sell Your Property/input' successfully

2020-04-16 01:08:02 - [MESSAGE][PASSED] - Scroll to object 'Object Repository/Property submission/Rental/Page_Chiragh - Sell Your Property/input' successfully

2020-04-16 01:08:02 - [TEST_STEP][PASSED] - delay(4): Delayed 4 second(s)

2020-04-16 01:08:06 - [MESSAGE][PASSED] - Delayed 4 second(s)

2020-04-16 01:08:06 - [TEST_STEP][PASSED] - setText(findTestObject("Object Repository/Property submission/Rental/Page_Chiragh - Sell Your Property/input"), "No"): Text 'No' is set on object 'Object Repository/Property submission/Rental/Page_Chiragh - Sell Your Property/input'

2020-04-16 01:08:07 - [MESSAGE][PASSED] - Text 'No' is set on object 'Object Repository/Property submission/Rental/Page_Chiragh - Sell Your Property/input'

2020-04-16 01:08:07 - [TEST_STEP][PASSED] - sendKeys(findTestObject("Object Repository/Property submission/Rental/Page_Chiragh - Sell Your Property/input"), Keys.chord(ENTER)): Keys 'ENTER + ' sent to object: 'Object Repository/Property submission/Rental/Page_Chiragh - Sell Your Property/input'

2020-04-16 01:08:07 - [MESSAGE][PASSED] - Keys 'ENTER + ' sent to object: 'Object Repository/Property submission/Rental/Page_Chiragh - Sell Your Property/input'

2020-04-16 01:08:07 - [TEST_STEP][PASSED] - click(findTestObject("Object Repository/Property submission/Rental/Page_Chiragh - Sell Your Property/Next/Page_Chiragh - Sell Your Property/button_Next")): Object: 'Object Repository/Property submission/Rental/Page_Chiragh - Sell Your Property/Next/Page_Chiragh - Sell Your Property/button_Next' is clicked on

2020-04-16 01:08:08 - [MESSAGE][PASSED] - Object: 'Object Repository/Property submission/Rental/Page_Chiragh - Sell Your Property/Next/Page_Chiragh - Sell Your Property/button_Next' is clicked on

2020-04-16 01:08:08 - [TEST_STEP][PASSED] - delay(5): Delayed 5 second(s)

2020-04-16 01:08:13 - [MESSAGE][PASSED] - Delayed 5 second(s)

2020-04-16 01:08:13 - [TEST_STEP][PASSED] - scrollToElement(findTestObject("Property submission/ValuationCompany/button_SUBMIT"), 5): Scroll to object 'Object Repository/Property submission/ValuationCompany/button_SUBMIT' successfully

2020-04-16 01:08:19 - [MESSAGE][PASSED] - Scroll to object 'Object Repository/Property submission/ValuationCompany/button_SUBMIT' successfully

2020-04-16 01:08:19 - [TEST_STEP][PASSED] - click(findTestObject("Property submission/ValuationCompany/button_SUBMIT")): Object: 'Object Repository/Property submission/ValuationCompany/button_SUBMIT' is clicked on

2020-04-16 01:08:20 - [MESSAGE][PASSED] - Object: 'Object Repository/Property submission/ValuationCompany/button_SUBMIT' is clicked on

2020-04-16 01:08:20 - [TEST_STEP][PASSED] - delay(8): Delayed 8 second(s)

2020-04-16 01:08:28 - [MESSAGE][PASSED] - Delayed 8 second(s)

2020-04-16 01:08:28 - [TEST_STEP][PASSED] - verifyElementPresent(findTestObject("Object Repository/Property submission/Done/Page_Chiragh - Sell Your Property/h3_Thank You"), 5): Object 'Object Repository/Property submission/Done/Page_Chiragh - Sell Your Property/h3_Thank You' is present

2020-04-16 01:08:28 - [MESSAGE][PASSED] - Object 'Object Repository/Property submission/Done/Page_Chiragh - Sell Your Property/h3_Thank You' is present

2020-04-16 01:08:28 - [TEST_STEP][PASSED] - closeBrowser(): Browser is closed

2020-04-16 01:08:29 - [MESSAGE][PASSED] - Browser is closed

2020-04-16 01:08:31 - [TEST_STEP][PASSED] - Video: Video recording for test case 'Test Cases/Front End/TC_PropertySubmissionForm_002' .

2020-04-16 01:08:31 - [MESSAGE][INFO] - Video recording for test case 'Test Cases/Front End/TC_PropertySubmissionForm_002' .
[[ATTACHMENT|C:\\Users\\HP\\git\\chiraghAdminPanel\\Reports\\20200416_010448\\AdminCompleteFlow\\20200416_010448/videos\\test_1.mov]]]]></system-out>
         <system-err><![CDATA[]]></system-err>
      </testcase>
      <testcase name="Test Cases/Admin/TC_PropertyVerificationCompleteFlow_011" time="152.988" classname="Test Cases/Admin/TC_PropertyVerificationCompleteFlow_011" status="PASSED">
         <system-out><![CDATA[2020-04-16 01:08:31 - [TEST_CASE][PASSED] - Test Cases/Admin/TC_PropertyVerificationCompleteFlow_011: Test Cases/Admin/TC_PropertyVerificationCompleteFlow_011

2020-04-16 01:08:32 - [TEST_STEP][PASSED] - openBrowser(""): Browser is opened with url: ''

2020-04-16 01:08:32 - [MESSAGE][INFO] - Starting 'Chrome' driver

2020-04-16 01:08:37 - [MESSAGE][PASSED] - Browser is opened with url: ''

2020-04-16 01:08:37 - [TEST_STEP][PASSED] - waitForPageLoad(40): Wait for page load successfully

2020-04-16 01:08:38 - [MESSAGE][PASSED] - Wait for page load successfully

2020-04-16 01:08:38 - [TEST_STEP][PASSED] - navigateToUrl(url): Navigate to 'http://uat-admin-chiragh.surge.sh' successfully

2020-04-16 01:08:48 - [MESSAGE][PASSED] - Navigate to 'http://uat-admin-chiragh.surge.sh' successfully

2020-04-16 01:08:48 - [TEST_STEP][PASSED] - maximizeWindow(): Current window maximized

2020-04-16 01:08:52 - [MESSAGE][PASSED] - Current window maximized

2020-04-16 01:08:52 - [TEST_STEP][PASSED] - click(findTestObject("Object Repository/verification department/Page_Chiragh.com Admin/div_Username")): Object: 'Object Repository/verification department/Page_Chiragh.com Admin/div_Username' is clicked on

2020-04-16 01:08:53 - [MESSAGE][PASSED] - Object: 'Object Repository/verification department/Page_Chiragh.com Admin/div_Username' is clicked on

2020-04-16 01:08:53 - [TEST_STEP][PASSED] - setText(findTestObject("Object Repository/verification department/Page_Chiragh.com Admin/input_Admin Panel_userName"), "arsalankhalid"): Text 'arsalankhalid' is set on object 'Object Repository/verification department/Page_Chiragh.com Admin/input_Admin Panel_userName'

2020-04-16 01:08:54 - [MESSAGE][PASSED] - Text 'arsalankhalid' is set on object 'Object Repository/verification department/Page_Chiragh.com Admin/input_Admin Panel_userName'

2020-04-16 01:08:54 - [TEST_STEP][PASSED] - click(findTestObject("Object Repository/verification department/Page_Chiragh.com Admin/div_Password")): Object: 'Object Repository/verification department/Page_Chiragh.com Admin/div_Password' is clicked on

2020-04-16 01:08:54 - [MESSAGE][PASSED] - Object: 'Object Repository/verification department/Page_Chiragh.com Admin/div_Password' is clicked on

2020-04-16 01:08:54 - [TEST_STEP][PASSED] - setEncryptedText(findTestObject("Object Repository/verification department/Page_Chiragh.com Admin/input_Username_password"), "c/4m4/rTvNs0iFiKg9IHPQ=="): Text ****** has been set on object 'Object Repository/verification department/Page_Chiragh.com Admin/input_Username_password'

2020-04-16 01:08:55 - [MESSAGE][PASSED] - Text ****** has been set on object 'Object Repository/verification department/Page_Chiragh.com Admin/input_Username_password'

2020-04-16 01:08:55 - [TEST_STEP][PASSED] - click(findTestObject("Object Repository/verification department/Page_Chiragh.com Admin/button_Login")): Object: 'Object Repository/verification department/Page_Chiragh.com Admin/button_Login' is clicked on

2020-04-16 01:08:55 - [MESSAGE][PASSED] - Object: 'Object Repository/verification department/Page_Chiragh.com Admin/button_Login' is clicked on

2020-04-16 01:08:55 - [TEST_STEP][PASSED] - click(findTestObject("Object Repository/verification department/Page_Chiragh.com Admin/a_New Leads")): Object: 'Object Repository/verification department/Page_Chiragh.com Admin/a_New Leads' is clicked on

2020-04-16 01:09:02 - [MESSAGE][PASSED] - Object: 'Object Repository/verification department/Page_Chiragh.com Admin/a_New Leads' is clicked on

2020-04-16 01:09:02 - [TEST_STEP][PASSED] - click(findTestObject("Object Repository/verification department/Page_Chiragh.com Admin/Page_Chiragh.com Admin/a_an hour ago_fas fa-user-circ")): Object: 'Object Repository/verification department/Page_Chiragh.com Admin/Page_Chiragh.com Admin/a_an hour ago_fas fa-user-circ' is clicked on

2020-04-16 01:09:07 - [MESSAGE][PASSED] - Object: 'Object Repository/verification department/Page_Chiragh.com Admin/Page_Chiragh.com Admin/a_an hour ago_fas fa-user-circ' is clicked on

2020-04-16 01:09:07 - [TEST_STEP][PASSED] - click(findTestObject("Object Repository/verification department/Page_Chiragh.com Admin/a_Mumtaz Hassan (30)")): Object: 'Object Repository/verification department/Page_Chiragh.com Admin/a_Mumtaz Hassan (30)' is clicked on

2020-04-16 01:09:07 - [MESSAGE][PASSED] - Object: 'Object Repository/verification department/Page_Chiragh.com Admin/a_Mumtaz Hassan (30)' is clicked on

2020-04-16 01:09:07 - [TEST_STEP][PASSED] - click(findTestObject("Object Repository/verification department/Page_Chiragh.com Admin/button_Yes")): Object: 'Object Repository/verification department/Page_Chiragh.com Admin/button_Yes' is clicked on

2020-04-16 01:09:08 - [MESSAGE][PASSED] - Object: 'Object Repository/verification department/Page_Chiragh.com Admin/button_Yes' is clicked on

2020-04-16 01:09:08 - [TEST_STEP][PASSED] - click(findTestObject("Object Repository/verification department/Page_Chiragh.com Admin/button_AK")): Object: 'Object Repository/verification department/Page_Chiragh.com Admin/button_AK' is clicked on

2020-04-16 01:09:14 - [MESSAGE][PASSED] - Object: 'Object Repository/verification department/Page_Chiragh.com Admin/button_AK' is clicked on

2020-04-16 01:09:14 - [TEST_STEP][PASSED] - click(findTestObject("Object Repository/verification department/Page_Chiragh.com Admin/button_exit_to_appLogout")): Object: 'Object Repository/verification department/Page_Chiragh.com Admin/button_exit_to_appLogout' is clicked on

2020-04-16 01:09:22 - [MESSAGE][PASSED] - Object: 'Object Repository/verification department/Page_Chiragh.com Admin/button_exit_to_appLogout' is clicked on

2020-04-16 01:09:22 - [TEST_STEP][PASSED] - waitForPageLoad(8): Wait for page load successfully

2020-04-16 01:09:22 - [MESSAGE][PASSED] - Wait for page load successfully

2020-04-16 01:09:22 - [TEST_STEP][PASSED] - click(findTestObject("Object Repository/verification department/Page_Chiragh.com Admin/div_Username")): Object: 'Object Repository/verification department/Page_Chiragh.com Admin/div_Username' is clicked on

2020-04-16 01:09:22 - [MESSAGE][PASSED] - Object: 'Object Repository/verification department/Page_Chiragh.com Admin/div_Username' is clicked on

2020-04-16 01:09:22 - [TEST_STEP][PASSED] - setText(findTestObject("Object Repository/verification department/Page_Chiragh.com Admin/input_Admin Panel_userName"), "mumtazhassan"): Text 'mumtazhassan' is set on object 'Object Repository/verification department/Page_Chiragh.com Admin/input_Admin Panel_userName'

2020-04-16 01:09:23 - [MESSAGE][PASSED] - Text 'mumtazhassan' is set on object 'Object Repository/verification department/Page_Chiragh.com Admin/input_Admin Panel_userName'

2020-04-16 01:09:23 - [TEST_STEP][PASSED] - click(findTestObject("Object Repository/verification department/Page_Chiragh.com Admin/div_Password")): Object: 'Object Repository/verification department/Page_Chiragh.com Admin/div_Password' is clicked on

2020-04-16 01:09:24 - [MESSAGE][PASSED] - Object: 'Object Repository/verification department/Page_Chiragh.com Admin/div_Password' is clicked on

2020-04-16 01:09:24 - [TEST_STEP][PASSED] - setEncryptedText(findTestObject("Object Repository/verification department/Page_Chiragh.com Admin/input_Username_password"), "c/4m4/rTvNs0iFiKg9IHPQ=="): Text ****** has been set on object 'Object Repository/verification department/Page_Chiragh.com Admin/input_Username_password'

2020-04-16 01:09:24 - [MESSAGE][PASSED] - Text ****** has been set on object 'Object Repository/verification department/Page_Chiragh.com Admin/input_Username_password'

2020-04-16 01:09:24 - [TEST_STEP][PASSED] - click(findTestObject("Object Repository/verification department/Page_Chiragh.com Admin/button_Login")): Object: 'Object Repository/verification department/Page_Chiragh.com Admin/button_Login' is clicked on

2020-04-16 01:09:24 - [MESSAGE][PASSED] - Object: 'Object Repository/verification department/Page_Chiragh.com Admin/button_Login' is clicked on

2020-04-16 01:09:24 - [TEST_STEP][PASSED] - click(findTestObject("Object Repository/verification department/Page_Chiragh.com Admin/a_My Leads")): Object: 'Object Repository/verification department/Page_Chiragh.com Admin/a_My Leads' is clicked on

2020-04-16 01:09:31 - [MESSAGE][PASSED] - Object: 'Object Repository/verification department/Page_Chiragh.com Admin/a_My Leads' is clicked on

2020-04-16 01:09:31 - [TEST_STEP][PASSED] - click(findTestObject("Object Repository/verification department/Page_Chiragh.com Admin/th_Status")): Object: 'Object Repository/verification department/Page_Chiragh.com Admin/th_Status' is clicked on

2020-04-16 01:09:34 - [MESSAGE][PASSED] - Object: 'Object Repository/verification department/Page_Chiragh.com Admin/th_Status' is clicked on

2020-04-16 01:09:34 - [TEST_STEP][PASSED] - click(findTestObject("Object Repository/verification department/Page_Chiragh.com Admin/a_Start Now")): Object: 'Object Repository/verification department/Page_Chiragh.com Admin/a_Start Now' is clicked on

2020-04-16 01:09:34 - [MESSAGE][PASSED] - Object: 'Object Repository/verification department/Page_Chiragh.com Admin/a_Start Now' is clicked on

2020-04-16 01:09:34 - [TEST_STEP][PASSED] - click(findTestObject("Object Repository/verification department/Page_Chiragh.com Admin/button_Yes")): Object: 'Object Repository/verification department/Page_Chiragh.com Admin/button_Yes' is clicked on

2020-04-16 01:09:35 - [MESSAGE][PASSED] - Object: 'Object Repository/verification department/Page_Chiragh.com Admin/button_Yes' is clicked on

2020-04-16 01:09:35 - [TEST_STEP][PASSED] - delay(8): Delayed 8 second(s)

2020-04-16 01:09:43 - [MESSAGE][PASSED] - Delayed 8 second(s)

2020-04-16 01:09:43 - [TEST_STEP][PASSED] - click(findTestObject("Object Repository/verification department/Page_Chiragh.com Admin/a_Wyman Dale 3 Floors Building")): Object: 'Object Repository/verification department/Page_Chiragh.com Admin/a_Wyman Dale 3 Floors Building' is clicked on

2020-04-16 01:09:45 - [MESSAGE][PASSED] - Object: 'Object Repository/verification department/Page_Chiragh.com Admin/a_Wyman Dale 3 Floors Building' is clicked on

2020-04-16 01:09:45 - [TEST_STEP][PASSED] - delay(3): Delayed 3 second(s)

2020-04-16 01:09:48 - [MESSAGE][PASSED] - Delayed 3 second(s)

2020-04-16 01:09:48 - [TEST_STEP][PASSED] - click(findTestObject("Object Repository/verification department/Page_Chiragh.com Admin/Page_Chiragh.com Admin/button_ownerVerify")): Object: 'Object Repository/verification department/Page_Chiragh.com Admin/Page_Chiragh.com Admin/button_ownerVerify' is clicked on

2020-04-16 01:09:49 - [MESSAGE][PASSED] - Object: 'Object Repository/verification department/Page_Chiragh.com Admin/Page_Chiragh.com Admin/button_ownerVerify' is clicked on

2020-04-16 01:09:49 - [TEST_STEP][PASSED] - click(findTestObject("Object Repository/verification department/Page_Chiragh.com Admin/div_Property Details")): Object: 'Object Repository/verification department/Page_Chiragh.com Admin/div_Property Details' is clicked on

2020-04-16 01:09:55 - [MESSAGE][PASSED] - Object: 'Object Repository/verification department/Page_Chiragh.com Admin/div_Property Details' is clicked on

2020-04-16 01:09:55 - [TEST_STEP][PASSED] - delay(3): Delayed 3 second(s)

2020-04-16 01:09:58 - [MESSAGE][PASSED] - Delayed 3 second(s)

2020-04-16 01:09:58 - [TEST_STEP][PASSED] - click(findTestObject("Object Repository/verification department/Page_Chiragh.com Admin/Page_Chiragh.com Admin/button_propertyVerify")): Object: 'Object Repository/verification department/Page_Chiragh.com Admin/Page_Chiragh.com Admin/button_propertyVerify' is clicked on

2020-04-16 01:09:59 - [MESSAGE][PASSED] - Object: 'Object Repository/verification department/Page_Chiragh.com Admin/Page_Chiragh.com Admin/button_propertyVerify' is clicked on

2020-04-16 01:09:59 - [TEST_STEP][PASSED] - delay(3): Delayed 3 second(s)

2020-04-16 01:10:02 - [MESSAGE][PASSED] - Delayed 3 second(s)

2020-04-16 01:10:02 - [TEST_STEP][PASSED] - delay(3): Delayed 3 second(s)

2020-04-16 01:10:05 - [MESSAGE][PASSED] - Delayed 3 second(s)

2020-04-16 01:10:05 - [TEST_STEP][PASSED] - click(findTestObject("Object Repository/verification department/Page_Chiragh.com Admin/div_Check List")): Object: 'Object Repository/verification department/Page_Chiragh.com Admin/div_Check List' is clicked on

2020-04-16 01:10:06 - [MESSAGE][PASSED] - Object: 'Object Repository/verification department/Page_Chiragh.com Admin/div_Check List' is clicked on

2020-04-16 01:10:06 - [TEST_STEP][PASSED] - delay(3): Delayed 3 second(s)

2020-04-16 01:10:09 - [MESSAGE][PASSED] - Delayed 3 second(s)

2020-04-16 01:10:09 - [TEST_STEP][PASSED] - scrollToElement(findTestObject("Object Repository/verification department/Page_Chiragh.com Admin/div_Property details are verif"), 9): Scroll to object 'Object Repository/verification department/Page_Chiragh.com Admin/div_Property details are verif' successfully

2020-04-16 01:10:09 - [MESSAGE][PASSED] - Scroll to object 'Object Repository/verification department/Page_Chiragh.com Admin/div_Property details are verif' successfully

2020-04-16 01:10:09 - [TEST_STEP][PASSED] - click(findTestObject("Object Repository/verification department/Page_Chiragh.com Admin/div_Property details are verif")): Object: 'Object Repository/verification department/Page_Chiragh.com Admin/div_Property details are verif' is clicked on

2020-04-16 01:10:10 - [MESSAGE][PASSED] - Object: 'Object Repository/verification department/Page_Chiragh.com Admin/div_Property details are verif' is clicked on

2020-04-16 01:10:10 - [TEST_STEP][PASSED] - click(findTestObject("Object Repository/verification department/Page_Chiragh.com Admin/button_Confirm")): Object: 'Object Repository/verification department/Page_Chiragh.com Admin/button_Confirm' is clicked on

2020-04-16 01:10:11 - [MESSAGE][PASSED] - Object: 'Object Repository/verification department/Page_Chiragh.com Admin/button_Confirm' is clicked on

2020-04-16 01:10:11 - [TEST_STEP][PASSED] - delay(5): Delayed 5 second(s)

2020-04-16 01:10:16 - [MESSAGE][PASSED] - Delayed 5 second(s)

2020-04-16 01:10:16 - [TEST_STEP][PASSED] - click(findTestObject("Object Repository/verification department/Page_Chiragh.com Admin/button_MH")): Object: 'Object Repository/verification department/Page_Chiragh.com Admin/button_MH' is clicked on

2020-04-16 01:10:17 - [MESSAGE][PASSED] - Object: 'Object Repository/verification department/Page_Chiragh.com Admin/button_MH' is clicked on

2020-04-16 01:10:17 - [TEST_STEP][PASSED] - delay(10): Delayed 10 second(s)

2020-04-16 01:10:27 - [MESSAGE][PASSED] - Delayed 10 second(s)

2020-04-16 01:10:27 - [TEST_STEP][PASSED] - click(findTestObject("Object Repository/verification department/Page_Chiragh.com Admin/button_exit_to_appLogout")): Object: 'Object Repository/verification department/Page_Chiragh.com Admin/button_exit_to_appLogout' is clicked on

2020-04-16 01:10:35 - [MESSAGE][PASSED] - Object: 'Object Repository/verification department/Page_Chiragh.com Admin/button_exit_to_appLogout' is clicked on

2020-04-16 01:10:35 - [TEST_STEP][PASSED] - waitForPageLoad(8): Wait for page load successfully

2020-04-16 01:10:35 - [MESSAGE][PASSED] - Wait for page load successfully

2020-04-16 01:10:35 - [TEST_STEP][PASSED] - click(findTestObject("Object Repository/verification department/Page_Chiragh.com Admin/div_Username")): Object: 'Object Repository/verification department/Page_Chiragh.com Admin/div_Username' is clicked on

2020-04-16 01:10:36 - [MESSAGE][PASSED] - Object: 'Object Repository/verification department/Page_Chiragh.com Admin/div_Username' is clicked on

2020-04-16 01:10:36 - [TEST_STEP][PASSED] - setText(findTestObject("Object Repository/verification department/Page_Chiragh.com Admin/input_Admin Panel_userName"), "arsalankhalid"): Text 'arsalankhalid' is set on object 'Object Repository/verification department/Page_Chiragh.com Admin/input_Admin Panel_userName'

2020-04-16 01:10:36 - [MESSAGE][PASSED] - Text 'arsalankhalid' is set on object 'Object Repository/verification department/Page_Chiragh.com Admin/input_Admin Panel_userName'

2020-04-16 01:10:36 - [TEST_STEP][PASSED] - click(findTestObject("Object Repository/verification department/Page_Chiragh.com Admin/div_Password")): Object: 'Object Repository/verification department/Page_Chiragh.com Admin/div_Password' is clicked on

2020-04-16 01:10:37 - [MESSAGE][PASSED] - Object: 'Object Repository/verification department/Page_Chiragh.com Admin/div_Password' is clicked on

2020-04-16 01:10:37 - [TEST_STEP][PASSED] - setEncryptedText(findTestObject("Object Repository/verification department/Page_Chiragh.com Admin/input_Username_password"), "c/4m4/rTvNs0iFiKg9IHPQ=="): Text ****** has been set on object 'Object Repository/verification department/Page_Chiragh.com Admin/input_Username_password'

2020-04-16 01:10:37 - [MESSAGE][PASSED] - Text ****** has been set on object 'Object Repository/verification department/Page_Chiragh.com Admin/input_Username_password'

2020-04-16 01:10:37 - [TEST_STEP][PASSED] - click(findTestObject("Object Repository/verification department/Page_Chiragh.com Admin/button_Login")): Object: 'Object Repository/verification department/Page_Chiragh.com Admin/button_Login' is clicked on

2020-04-16 01:10:38 - [MESSAGE][PASSED] - Object: 'Object Repository/verification department/Page_Chiragh.com Admin/button_Login' is clicked on

2020-04-16 01:10:38 - [TEST_STEP][PASSED] - click(findTestObject("Object Repository/verification department/Page_Chiragh.com Admin/a_In Process")): Object: 'Object Repository/verification department/Page_Chiragh.com Admin/a_In Process' is clicked on

2020-04-16 01:10:42 - [MESSAGE][PASSED] - Object: 'Object Repository/verification department/Page_Chiragh.com Admin/a_In Process' is clicked on

2020-04-16 01:10:42 - [TEST_STEP][PASSED] - click(findTestObject("Object Repository/verification department/Page_Chiragh.com Admin/a_Wyman Dale 3 Floors Building")): Object: 'Object Repository/verification department/Page_Chiragh.com Admin/a_Wyman Dale 3 Floors Building' is clicked on

2020-04-16 01:10:49 - [MESSAGE][PASSED] - Object: 'Object Repository/verification department/Page_Chiragh.com Admin/a_Wyman Dale 3 Floors Building' is clicked on

2020-04-16 01:10:49 - [TEST_STEP][PASSED] - delay(3): Delayed 3 second(s)

2020-04-16 01:10:52 - [MESSAGE][PASSED] - Delayed 3 second(s)

2020-04-16 01:10:52 - [TEST_STEP][PASSED] - click(findTestObject("Object Repository/verification department/Page_Chiragh.com Admin/div_Check List")): Object: 'Object Repository/verification department/Page_Chiragh.com Admin/div_Check List' is clicked on

2020-04-16 01:10:52 - [MESSAGE][PASSED] - Object: 'Object Repository/verification department/Page_Chiragh.com Admin/div_Check List' is clicked on

2020-04-16 01:10:52 - [TEST_STEP][PASSED] - click(findTestObject("Object Repository/verification department/Page_Chiragh.com Admin/button_Approve")): Object: 'Object Repository/verification department/Page_Chiragh.com Admin/button_Approve' is clicked on

2020-04-16 01:10:55 - [MESSAGE][PASSED] - Object: 'Object Repository/verification department/Page_Chiragh.com Admin/button_Approve' is clicked on

2020-04-16 01:10:55 - [TEST_STEP][PASSED] - click(findTestObject("Object Repository/verification department/Page_Chiragh.com Admin/snack-bar-container_Are you su_2")): Object: 'Object Repository/verification department/Page_Chiragh.com Admin/snack-bar-container_Are you su_2' is clicked on

2020-04-16 01:10:55 - [MESSAGE][PASSED] - Object: 'Object Repository/verification department/Page_Chiragh.com Admin/snack-bar-container_Are you su_2' is clicked on

2020-04-16 01:10:55 - [TEST_STEP][PASSED] - click(findTestObject("Object Repository/verification department/Page_Chiragh.com Admin/span_Are you sure you want to _2")): Object: 'Object Repository/verification department/Page_Chiragh.com Admin/span_Are you sure you want to _2' is clicked on

2020-04-16 01:10:56 - [MESSAGE][PASSED] - Object: 'Object Repository/verification department/Page_Chiragh.com Admin/span_Are you sure you want to _2' is clicked on

2020-04-16 01:10:56 - [TEST_STEP][PASSED] - click(findTestObject("Object Repository/verification department/Page_Chiragh.com Admin/button_Yes")): Object: 'Object Repository/verification department/Page_Chiragh.com Admin/button_Yes' is clicked on

2020-04-16 01:10:56 - [MESSAGE][PASSED] - Object: 'Object Repository/verification department/Page_Chiragh.com Admin/button_Yes' is clicked on

2020-04-16 01:10:56 - [TEST_STEP][PASSED] - delay(5): Delayed 5 second(s)

2020-04-16 01:11:01 - [MESSAGE][PASSED] - Delayed 5 second(s)

2020-04-16 01:11:01 - [TEST_STEP][PASSED] - closeBrowser(): Browser is closed

2020-04-16 01:11:02 - [MESSAGE][PASSED] - Browser is closed

2020-04-16 01:11:04 - [TEST_STEP][PASSED] - Video: Video recording for test case 'Test Cases/Admin/TC_PropertyVerificationCompleteFlow_011' .

2020-04-16 01:11:04 - [MESSAGE][INFO] - Video recording for test case 'Test Cases/Admin/TC_PropertyVerificationCompleteFlow_011' .
[[ATTACHMENT|C:\\Users\\HP\\git\\chiraghAdminPanel\\Reports\\20200416_010448\\AdminCompleteFlow\\20200416_010448/videos\\test_2.mov]]]]></system-out>
         <system-err><![CDATA[]]></system-err>
      </testcase>
      <testcase name="Test Cases/Admin/TC_PropertyValuationFlow(Excluding3rdPartyFlow)" time="379.863" classname="Test Cases/Admin/TC_PropertyValuationFlow(Excluding3rdPartyFlow)" status="PASSED">
         <system-out><![CDATA[2020-04-16 01:11:04 - [TEST_CASE][PASSED] - Test Cases/Admin/TC_PropertyValuationFlow(Excluding3rdPartyFlow): Test Cases/Admin/TC_PropertyValuationFlow(Excluding3rdPartyFlow)

2020-04-16 01:11:05 - [TEST_STEP][PASSED] - openBrowser(""): Browser is opened with url: ''

2020-04-16 01:11:05 - [MESSAGE][INFO] - Starting 'Chrome' driver

2020-04-16 01:11:11 - [MESSAGE][PASSED] - Browser is opened with url: ''

2020-04-16 01:11:11 - [TEST_STEP][PASSED] - navigateToUrl(url): Navigate to 'http://uat-admin-chiragh.surge.sh' successfully

2020-04-16 01:11:24 - [MESSAGE][PASSED] - Navigate to 'http://uat-admin-chiragh.surge.sh' successfully

2020-04-16 01:11:24 - [TEST_STEP][PASSED] - maximizeWindow(): Current window maximized

2020-04-16 01:11:28 - [MESSAGE][PASSED] - Current window maximized

2020-04-16 01:11:28 - [TEST_STEP][PASSED] - waitForPageLoad(50): Wait for page load successfully

2020-04-16 01:11:28 - [MESSAGE][PASSED] - Wait for page load successfully

2020-04-16 01:11:28 - [TEST_STEP][PASSED] - click(findTestObject("Admin/brokerage department/Page_Chiragh.com Admin/div_Username")): Object: 'Object Repository/Admin/brokerage department/Page_Chiragh.com Admin/div_Username' is clicked on

2020-04-16 01:11:29 - [MESSAGE][PASSED] - Object: 'Object Repository/Admin/brokerage department/Page_Chiragh.com Admin/div_Username' is clicked on

2020-04-16 01:11:29 - [TEST_STEP][PASSED] - setText(findTestObject("Admin/brokerage department/Page_Chiragh.com Admin/input_Admin Panel_userName"), "farhanm"): Text 'farhanm' is set on object 'Object Repository/Admin/brokerage department/Page_Chiragh.com Admin/input_Admin Panel_userName'

2020-04-16 01:11:29 - [MESSAGE][PASSED] - Text 'farhanm' is set on object 'Object Repository/Admin/brokerage department/Page_Chiragh.com Admin/input_Admin Panel_userName'

2020-04-16 01:11:29 - [TEST_STEP][PASSED] - click(findTestObject("Admin/brokerage department/Page_Chiragh.com Admin/div_Password")): Object: 'Object Repository/Admin/brokerage department/Page_Chiragh.com Admin/div_Password' is clicked on

2020-04-16 01:11:30 - [MESSAGE][PASSED] - Object: 'Object Repository/Admin/brokerage department/Page_Chiragh.com Admin/div_Password' is clicked on

2020-04-16 01:11:30 - [TEST_STEP][PASSED] - setEncryptedText(findTestObject("Admin/brokerage department/Page_Chiragh.com Admin/input_Username_password"), "c/4m4/rTvNs0iFiKg9IHPQ=="): Text ****** has been set on object 'Object Repository/Admin/brokerage department/Page_Chiragh.com Admin/input_Username_password'

2020-04-16 01:11:30 - [MESSAGE][PASSED] - Text ****** has been set on object 'Object Repository/Admin/brokerage department/Page_Chiragh.com Admin/input_Username_password'

2020-04-16 01:11:30 - [TEST_STEP][PASSED] - click(findTestObject("Admin/brokerage department/Page_Chiragh.com Admin/button_Login")): Object: 'Object Repository/Admin/brokerage department/Page_Chiragh.com Admin/button_Login' is clicked on

2020-04-16 01:11:31 - [MESSAGE][PASSED] - Object: 'Object Repository/Admin/brokerage department/Page_Chiragh.com Admin/button_Login' is clicked on

2020-04-16 01:11:31 - [TEST_STEP][PASSED] - delay(10): Delayed 10 second(s)

2020-04-16 01:11:41 - [MESSAGE][PASSED] - Delayed 10 second(s)

2020-04-16 01:11:41 - [TEST_STEP][PASSED] - click(findTestObject("Admin/brokerage department/Page_Chiragh.com Admin/a_New Leads")): Object: 'Object Repository/Admin/brokerage department/Page_Chiragh.com Admin/a_New Leads' is clicked on

2020-04-16 01:11:41 - [MESSAGE][PASSED] - Object: 'Object Repository/Admin/brokerage department/Page_Chiragh.com Admin/a_New Leads' is clicked on

2020-04-16 01:11:41 - [TEST_STEP][PASSED] - delay(10): Delayed 10 second(s)

2020-04-16 01:11:51 - [MESSAGE][PASSED] - Delayed 10 second(s)

2020-04-16 01:11:51 - [TEST_STEP][PASSED] - click(findTestObject("Admin/brokerage department/Page_Chiragh.com Admin/a_an hour ago_fas fa-user-circ")): Object: 'Object Repository/Admin/brokerage department/Page_Chiragh.com Admin/a_an hour ago_fas fa-user-circ' is clicked on

2020-04-16 01:11:52 - [MESSAGE][PASSED] - Object: 'Object Repository/Admin/brokerage department/Page_Chiragh.com Admin/a_an hour ago_fas fa-user-circ' is clicked on

2020-04-16 01:11:52 - [TEST_STEP][PASSED] - click(findTestObject("Admin/brokerage department/Page_Chiragh.com Admin/a_Abdullah M")): Object: 'Object Repository/Admin/brokerage department/Page_Chiragh.com Admin/a_Abdullah M' is clicked on

2020-04-16 01:11:53 - [MESSAGE][PASSED] - Object: 'Object Repository/Admin/brokerage department/Page_Chiragh.com Admin/a_Abdullah M' is clicked on

2020-04-16 01:11:53 - [TEST_STEP][PASSED] - delay(5): Delayed 5 second(s)

2020-04-16 01:11:58 - [MESSAGE][PASSED] - Delayed 5 second(s)

2020-04-16 01:11:58 - [TEST_STEP][PASSED] - click(findTestObject("Admin/brokerage department/Page_Chiragh.com Admin/button_FM")): Object: 'Object Repository/Admin/brokerage department/Page_Chiragh.com Admin/button_FM' is clicked on

2020-04-16 01:11:58 - [MESSAGE][PASSED] - Object: 'Object Repository/Admin/brokerage department/Page_Chiragh.com Admin/button_FM' is clicked on

2020-04-16 01:11:58 - [TEST_STEP][PASSED] - click(findTestObject("Admin/brokerage department/Page_Chiragh.com Admin/button_exit_to_appLogout")): Object: 'Object Repository/Admin/brokerage department/Page_Chiragh.com Admin/button_exit_to_appLogout' is clicked on

2020-04-16 01:12:08 - [MESSAGE][PASSED] - Object: 'Object Repository/Admin/brokerage department/Page_Chiragh.com Admin/button_exit_to_appLogout' is clicked on

2020-04-16 01:12:08 - [TEST_STEP][PASSED] - waitForPageLoad(5): Wait for page load successfully

2020-04-16 01:12:08 - [MESSAGE][PASSED] - Wait for page load successfully

2020-04-16 01:12:08 - [TEST_STEP][PASSED] - click(findTestObject("Object Repository/valuation department/Page_Chiragh.com Admin/div_Username")): Object: 'Object Repository/valuation department/Page_Chiragh.com Admin/div_Username' is clicked on

2020-04-16 01:12:08 - [MESSAGE][PASSED] - Object: 'Object Repository/valuation department/Page_Chiragh.com Admin/div_Username' is clicked on

2020-04-16 01:12:08 - [TEST_STEP][PASSED] - setText(findTestObject("Object Repository/valuation department/Page_Chiragh.com Admin/input_Admin Panel_userName"), "haleemhanif"): Text 'haleemhanif' is set on object 'Object Repository/valuation department/Page_Chiragh.com Admin/input_Admin Panel_userName'

2020-04-16 01:12:09 - [MESSAGE][PASSED] - Text 'haleemhanif' is set on object 'Object Repository/valuation department/Page_Chiragh.com Admin/input_Admin Panel_userName'

2020-04-16 01:12:09 - [TEST_STEP][PASSED] - click(findTestObject("Object Repository/valuation department/Page_Chiragh.com Admin/div_Password")): Object: 'Object Repository/valuation department/Page_Chiragh.com Admin/div_Password' is clicked on

2020-04-16 01:12:09 - [MESSAGE][PASSED] - Object: 'Object Repository/valuation department/Page_Chiragh.com Admin/div_Password' is clicked on

2020-04-16 01:12:09 - [TEST_STEP][PASSED] - setEncryptedText(findTestObject("Object Repository/valuation department/Page_Chiragh.com Admin/input_Username_password"), "c/4m4/rTvNs0iFiKg9IHPQ=="): Text ****** has been set on object 'Object Repository/valuation department/Page_Chiragh.com Admin/input_Username_password'

2020-04-16 01:12:09 - [MESSAGE][PASSED] - Text ****** has been set on object 'Object Repository/valuation department/Page_Chiragh.com Admin/input_Username_password'

2020-04-16 01:12:09 - [TEST_STEP][PASSED] - click(findTestObject("Object Repository/valuation department/Page_Chiragh.com Admin/button_Login")): Object: 'Object Repository/valuation department/Page_Chiragh.com Admin/button_Login' is clicked on

2020-04-16 01:12:10 - [MESSAGE][PASSED] - Object: 'Object Repository/valuation department/Page_Chiragh.com Admin/button_Login' is clicked on

2020-04-16 01:12:10 - [TEST_STEP][PASSED] - click(findTestObject("Object Repository/valuation department/Page_Chiragh.com Admin/a_New Leads")): Object: 'Object Repository/valuation department/Page_Chiragh.com Admin/a_New Leads' is clicked on

2020-04-16 01:12:16 - [MESSAGE][PASSED] - Object: 'Object Repository/valuation department/Page_Chiragh.com Admin/a_New Leads' is clicked on

2020-04-16 01:12:16 - [TEST_STEP][PASSED] - delay(2): Delayed 2 second(s)

2020-04-16 01:12:18 - [MESSAGE][PASSED] - Delayed 2 second(s)

2020-04-16 01:12:18 - [TEST_STEP][PASSED] - click(findTestObject("Object Repository/valuation department/Page_Chiragh.com Admin/a_a day ago_fas fa-user-circle")): Object: 'Object Repository/valuation department/Page_Chiragh.com Admin/a_a day ago_fas fa-user-circle' is clicked on

2020-04-16 01:12:20 - [MESSAGE][PASSED] - Object: 'Object Repository/valuation department/Page_Chiragh.com Admin/a_a day ago_fas fa-user-circle' is clicked on

2020-04-16 01:12:20 - [TEST_STEP][PASSED] - click(findTestObject("valuation department/Page_Chiragh.com Admin/a_Chrystal Dsouza")): Object: 'Object Repository/valuation department/Page_Chiragh.com Admin/a_Chrystal Dsouza' is clicked on

2020-04-16 01:12:21 - [MESSAGE][PASSED] - Object: 'Object Repository/valuation department/Page_Chiragh.com Admin/a_Chrystal Dsouza' is clicked on

2020-04-16 01:12:21 - [TEST_STEP][PASSED] - click(findTestObject("Object Repository/valuation department/Page_Chiragh.com Admin/button_HH")): Object: 'Object Repository/valuation department/Page_Chiragh.com Admin/button_HH' is clicked on

2020-04-16 01:12:25 - [MESSAGE][PASSED] - Object: 'Object Repository/valuation department/Page_Chiragh.com Admin/button_HH' is clicked on

2020-04-16 01:12:25 - [TEST_STEP][PASSED] - delay(5): Delayed 5 second(s)

2020-04-16 01:12:30 - [MESSAGE][PASSED] - Delayed 5 second(s)

2020-04-16 01:12:30 - [TEST_STEP][PASSED] - click(findTestObject("Object Repository/valuation department/Page_Chiragh.com Admin/button_exit_to_appLogout")): Object: 'Object Repository/valuation department/Page_Chiragh.com Admin/button_exit_to_appLogout' is clicked on

2020-04-16 01:12:41 - [MESSAGE][PASSED] - Object: 'Object Repository/valuation department/Page_Chiragh.com Admin/button_exit_to_appLogout' is clicked on

2020-04-16 01:12:41 - [TEST_STEP][PASSED] - waitForPageLoad(8): Wait for page load successfully

2020-04-16 01:12:41 - [MESSAGE][PASSED] - Wait for page load successfully

2020-04-16 01:12:41 - [TEST_STEP][PASSED] - click(findTestObject("Object Repository/valuation department/Page_Chiragh.com Admin/div_Username")): Object: 'Object Repository/valuation department/Page_Chiragh.com Admin/div_Username' is clicked on

2020-04-16 01:12:42 - [MESSAGE][PASSED] - Object: 'Object Repository/valuation department/Page_Chiragh.com Admin/div_Username' is clicked on

2020-04-16 01:12:42 - [TEST_STEP][PASSED] - setText(findTestObject("Object Repository/valuation department/Page_Chiragh.com Admin/input_Admin Panel_userName"), "Hassan"): Text 'Hassan' is set on object 'Object Repository/valuation department/Page_Chiragh.com Admin/input_Admin Panel_userName'

2020-04-16 01:12:42 - [MESSAGE][PASSED] - Text 'Hassan' is set on object 'Object Repository/valuation department/Page_Chiragh.com Admin/input_Admin Panel_userName'

2020-04-16 01:12:42 - [TEST_STEP][PASSED] - click(findTestObject("Object Repository/valuation department/Page_Chiragh.com Admin/div_Password")): Object: 'Object Repository/valuation department/Page_Chiragh.com Admin/div_Password' is clicked on

2020-04-16 01:12:43 - [MESSAGE][PASSED] - Object: 'Object Repository/valuation department/Page_Chiragh.com Admin/div_Password' is clicked on

2020-04-16 01:12:43 - [TEST_STEP][PASSED] - setEncryptedText(findTestObject("Object Repository/valuation department/Page_Chiragh.com Admin/input_Username_password"), "c/4m4/rTvNs0iFiKg9IHPQ=="): Text ****** has been set on object 'Object Repository/valuation department/Page_Chiragh.com Admin/input_Username_password'

2020-04-16 01:12:43 - [MESSAGE][PASSED] - Text ****** has been set on object 'Object Repository/valuation department/Page_Chiragh.com Admin/input_Username_password'

2020-04-16 01:12:43 - [TEST_STEP][PASSED] - click(findTestObject("Object Repository/valuation department/Page_Chiragh.com Admin/button_Login")): Object: 'Object Repository/valuation department/Page_Chiragh.com Admin/button_Login' is clicked on

2020-04-16 01:12:44 - [MESSAGE][PASSED] - Object: 'Object Repository/valuation department/Page_Chiragh.com Admin/button_Login' is clicked on

2020-04-16 01:12:44 - [TEST_STEP][PASSED] - click(findTestObject("Object Repository/valuation department/Page_Chiragh.com Admin/a_My Leads")): Object: 'Object Repository/valuation department/Page_Chiragh.com Admin/a_My Leads' is clicked on

2020-04-16 01:12:53 - [MESSAGE][PASSED] - Object: 'Object Repository/valuation department/Page_Chiragh.com Admin/a_My Leads' is clicked on

2020-04-16 01:12:53 - [TEST_STEP][PASSED] - delay(8): Delayed 8 second(s)

2020-04-16 01:13:01 - [MESSAGE][PASSED] - Delayed 8 second(s)

2020-04-16 01:13:01 - [TEST_STEP][PASSED] - click(findTestObject("Object Repository/valuation department/Page_Chiragh.com Admin/i_Schedule Appointment_fas fa-")): Object: 'Object Repository/valuation department/Page_Chiragh.com Admin/i_Schedule Appointment_fas fa-' is clicked on

2020-04-16 01:13:02 - [MESSAGE][PASSED] - Object: 'Object Repository/valuation department/Page_Chiragh.com Admin/i_Schedule Appointment_fas fa-' is clicked on

2020-04-16 01:13:02 - [TEST_STEP][PASSED] - delay(3): Delayed 3 second(s)

2020-04-16 01:13:05 - [MESSAGE][PASSED] - Delayed 3 second(s)

2020-04-16 01:13:05 - [TEST_STEP][PASSED] - setText(findTestObject("valuation department/Page_Chiragh.com Admin/Page_Chiragh.com Admin/Page_Chiraghcom Admin/input_Schedule an Onsite Visit_title"), "Onsite Visit"): Text 'Onsite Visit' is set on object 'Object Repository/valuation department/Page_Chiragh.com Admin/Page_Chiragh.com Admin/Page_Chiraghcom Admin/input_Schedule an Onsite Visit_title'

2020-04-16 01:13:06 - [MESSAGE][PASSED] - Text 'Onsite Visit' is set on object 'Object Repository/valuation department/Page_Chiragh.com Admin/Page_Chiragh.com Admin/Page_Chiraghcom Admin/input_Schedule an Onsite Visit_title'

2020-04-16 01:13:06 - [TEST_STEP][PASSED] - setText(findTestObject("Object Repository/valuation department/Page_Chiragh.com Admin/textarea_Schedule an Onsite Vi"), "Onsite Visit "): Text 'Onsite Visit ' is set on object 'Object Repository/valuation department/Page_Chiragh.com Admin/textarea_Schedule an Onsite Vi'

2020-04-16 01:13:07 - [MESSAGE][PASSED] - Text 'Onsite Visit ' is set on object 'Object Repository/valuation department/Page_Chiragh.com Admin/textarea_Schedule an Onsite Vi'

2020-04-16 01:13:07 - [TEST_STEP][PASSED] - click(findTestObject("valuation department/Page_Chiragh.com Admin/Page_Chiragh.com Admin/Page_Chiraghcom Admin/i_Schedule an Onsite Visit_fas fa-calendar-alt")): Object: 'Object Repository/valuation department/Page_Chiragh.com Admin/Page_Chiragh.com Admin/Page_Chiraghcom Admin/i_Schedule an Onsite Visit_fas fa-calendar-alt' is clicked on

2020-04-16 01:13:08 - [MESSAGE][PASSED] - Object: 'Object Repository/valuation department/Page_Chiragh.com Admin/Page_Chiragh.com Admin/Page_Chiraghcom Admin/i_Schedule an Onsite Visit_fas fa-calendar-alt' is clicked on

2020-04-16 01:13:08 - [TEST_STEP][PASSED] - delay(4): Delayed 4 second(s)

2020-04-16 01:13:12 - [MESSAGE][PASSED] - Delayed 4 second(s)

2020-04-16 01:13:12 - [TEST_STEP][PASSED] - click(findTestObject("valuation department/Page_Chiragh.com Admin/Page_Chiragh.com Admin/Page_Chiraghcom Admin/span_Set")): Object: 'Object Repository/valuation department/Page_Chiragh.com Admin/Page_Chiragh.com Admin/Page_Chiraghcom Admin/span_Set' is clicked on

2020-04-16 01:13:13 - [MESSAGE][PASSED] - Object: 'Object Repository/valuation department/Page_Chiragh.com Admin/Page_Chiragh.com Admin/Page_Chiraghcom Admin/span_Set' is clicked on

2020-04-16 01:13:13 - [TEST_STEP][PASSED] - delay(4): Delayed 4 second(s)

2020-04-16 01:13:17 - [MESSAGE][PASSED] - Delayed 4 second(s)

2020-04-16 01:13:17 - [TEST_STEP][PASSED] - doubleClick(findTestObject("Object Repository/valuation department/Page_Chiragh.com Admin/button_SAVE")): Object: 'Object Repository/valuation department/Page_Chiragh.com Admin/button_SAVE' is double clicked on

2020-04-16 01:13:17 - [MESSAGE][PASSED] - Object: 'Object Repository/valuation department/Page_Chiragh.com Admin/button_SAVE' is double clicked on

2020-04-16 01:13:17 - [TEST_STEP][PASSED] - delay(4): Delayed 4 second(s)

2020-04-16 01:13:21 - [MESSAGE][PASSED] - Delayed 4 second(s)

2020-04-16 01:13:21 - [TEST_STEP][PASSED] - click(findTestObject("Object Repository/valuation department/Page_Chiragh.com Admin/Page_Chiragh.com Admin/img1")): Object: 'Object Repository/valuation department/Page_Chiragh.com Admin/Page_Chiragh.com Admin/img1' is clicked on

2020-04-16 01:13:26 - [MESSAGE][PASSED] - Object: 'Object Repository/valuation department/Page_Chiragh.com Admin/Page_Chiragh.com Admin/img1' is clicked on

2020-04-16 01:13:26 - [TEST_STEP][PASSED] - delay(3): Delayed 3 second(s)

2020-04-16 01:13:29 - [MESSAGE][PASSED] - Delayed 3 second(s)

2020-04-16 01:13:29 - [TEST_STEP][PASSED] - click(findTestObject("valuation department/Page_Chiragh.com Admin/Page_Chiragh.com Admin/Page_Chiraghcom Admin/button_HR")): Object: 'Object Repository/valuation department/Page_Chiragh.com Admin/Page_Chiragh.com Admin/Page_Chiraghcom Admin/button_HR' is clicked on

2020-04-16 01:13:30 - [MESSAGE][PASSED] - Object: 'Object Repository/valuation department/Page_Chiragh.com Admin/Page_Chiragh.com Admin/Page_Chiraghcom Admin/button_HR' is clicked on

2020-04-16 01:13:30 - [TEST_STEP][PASSED] - delay(8): Delayed 8 second(s)

2020-04-16 01:13:38 - [MESSAGE][PASSED] - Delayed 8 second(s)

2020-04-16 01:13:38 - [TEST_STEP][PASSED] - click(findTestObject("Object Repository/valuation department/Page_Chiragh.com Admin/button_exit_to_appLogout")): Object: 'Object Repository/valuation department/Page_Chiragh.com Admin/button_exit_to_appLogout' is clicked on

2020-04-16 01:13:47 - [MESSAGE][PASSED] - Object: 'Object Repository/valuation department/Page_Chiragh.com Admin/button_exit_to_appLogout' is clicked on

2020-04-16 01:13:47 - [TEST_STEP][PASSED] - waitForPageLoad(8): Wait for page load successfully

2020-04-16 01:13:47 - [MESSAGE][PASSED] - Wait for page load successfully

2020-04-16 01:13:47 - [TEST_STEP][PASSED] - setText(findTestObject("Object Repository/valuation department/brokerage valuation meeting/Page_Chiragh.com Admin/input_Admin Panel_userName"), "abdullah"): Text 'abdullah' is set on object 'Object Repository/valuation department/brokerage valuation meeting/Page_Chiragh.com Admin/input_Admin Panel_userName'

2020-04-16 01:13:48 - [MESSAGE][PASSED] - Text 'abdullah' is set on object 'Object Repository/valuation department/brokerage valuation meeting/Page_Chiragh.com Admin/input_Admin Panel_userName'

2020-04-16 01:13:48 - [TEST_STEP][PASSED] - setEncryptedText(findTestObject("Object Repository/valuation department/brokerage valuation meeting/Page_Chiragh.com Admin/input_Username_password"), "c/4m4/rTvNs0iFiKg9IHPQ=="): Text ****** has been set on object 'Object Repository/valuation department/brokerage valuation meeting/Page_Chiragh.com Admin/input_Username_password'

2020-04-16 01:13:48 - [MESSAGE][PASSED] - Text ****** has been set on object 'Object Repository/valuation department/brokerage valuation meeting/Page_Chiragh.com Admin/input_Username_password'

2020-04-16 01:13:48 - [TEST_STEP][PASSED] - click(findTestObject("Object Repository/valuation department/brokerage valuation meeting/Page_Chiragh.com Admin/button_Login")): Object: 'Object Repository/valuation department/brokerage valuation meeting/Page_Chiragh.com Admin/button_Login' is clicked on

2020-04-16 01:13:49 - [MESSAGE][PASSED] - Object: 'Object Repository/valuation department/brokerage valuation meeting/Page_Chiragh.com Admin/button_Login' is clicked on

2020-04-16 01:13:49 - [TEST_STEP][PASSED] - click(findTestObject("Object Repository/valuation department/brokerage valuation meeting/Page_Chiragh.com Admin/a_In Valuation")): Object: 'Object Repository/valuation department/brokerage valuation meeting/Page_Chiragh.com Admin/a_In Valuation' is clicked on

2020-04-16 01:13:59 - [MESSAGE][PASSED] - Object: 'Object Repository/valuation department/brokerage valuation meeting/Page_Chiragh.com Admin/a_In Valuation' is clicked on

2020-04-16 01:13:59 - [TEST_STEP][PASSED] - click(findTestObject("Object Repository/valuation department/brokerage valuation meeting/Page_Chiragh.com Admin/a_Chiragh  Knight Frank_fas fa")): Object: 'Object Repository/valuation department/brokerage valuation meeting/Page_Chiragh.com Admin/a_Chiragh  Knight Frank_fas fa' is clicked on

2020-04-16 01:14:03 - [MESSAGE][PASSED] - Object: 'Object Repository/valuation department/brokerage valuation meeting/Page_Chiragh.com Admin/a_Chiragh  Knight Frank_fas fa' is clicked on

2020-04-16 01:14:03 - [TEST_STEP][PASSED] - click(findTestObject("Object Repository/valuation department/brokerage valuation meeting/Page_Chiragh.com Admin/a_Confirm")): Object: 'Object Repository/valuation department/brokerage valuation meeting/Page_Chiragh.com Admin/a_Confirm' is clicked on

2020-04-16 01:14:04 - [MESSAGE][PASSED] - Object: 'Object Repository/valuation department/brokerage valuation meeting/Page_Chiragh.com Admin/a_Confirm' is clicked on

2020-04-16 01:14:04 - [TEST_STEP][PASSED] - click(findTestObject("Object Repository/valuation department/brokerage valuation meeting/Page_Chiragh.com Admin/button_AM")): Object: 'Object Repository/valuation department/brokerage valuation meeting/Page_Chiragh.com Admin/button_AM' is clicked on

2020-04-16 01:14:10 - [MESSAGE][PASSED] - Object: 'Object Repository/valuation department/brokerage valuation meeting/Page_Chiragh.com Admin/button_AM' is clicked on

2020-04-16 01:14:10 - [TEST_STEP][PASSED] - click(findTestObject("Object Repository/valuation department/brokerage valuation meeting/Page_Chiragh.com Admin/button_exit_to_appLogout")): Object: 'Object Repository/valuation department/brokerage valuation meeting/Page_Chiragh.com Admin/button_exit_to_appLogout' is clicked on

2020-04-16 01:14:19 - [MESSAGE][PASSED] - Object: 'Object Repository/valuation department/brokerage valuation meeting/Page_Chiragh.com Admin/button_exit_to_appLogout' is clicked on

2020-04-16 01:14:19 - [TEST_STEP][PASSED] - waitForPageLoad(8): Wait for page load successfully

2020-04-16 01:14:19 - [MESSAGE][PASSED] - Wait for page load successfully

2020-04-16 01:14:19 - [TEST_STEP][PASSED] - click(findTestObject("Object Repository/valuation department/Page_Chiragh.com Admin/div_Username")): Object: 'Object Repository/valuation department/Page_Chiragh.com Admin/div_Username' is clicked on

2020-04-16 01:14:20 - [MESSAGE][PASSED] - Object: 'Object Repository/valuation department/Page_Chiragh.com Admin/div_Username' is clicked on

2020-04-16 01:14:20 - [TEST_STEP][PASSED] - setText(findTestObject("Object Repository/valuation department/Page_Chiragh.com Admin/input_Admin Panel_userName"), "Hassan"): Text 'Hassan' is set on object 'Object Repository/valuation department/Page_Chiragh.com Admin/input_Admin Panel_userName'

2020-04-16 01:14:20 - [MESSAGE][PASSED] - Text 'Hassan' is set on object 'Object Repository/valuation department/Page_Chiragh.com Admin/input_Admin Panel_userName'

2020-04-16 01:14:20 - [TEST_STEP][PASSED] - click(findTestObject("Object Repository/valuation department/Page_Chiragh.com Admin/div_Password")): Object: 'Object Repository/valuation department/Page_Chiragh.com Admin/div_Password' is clicked on

2020-04-16 01:14:21 - [MESSAGE][PASSED] - Object: 'Object Repository/valuation department/Page_Chiragh.com Admin/div_Password' is clicked on

2020-04-16 01:14:21 - [TEST_STEP][PASSED] - setEncryptedText(findTestObject("Object Repository/valuation department/Page_Chiragh.com Admin/input_Username_password"), "c/4m4/rTvNs0iFiKg9IHPQ=="): Text ****** has been set on object 'Object Repository/valuation department/Page_Chiragh.com Admin/input_Username_password'

2020-04-16 01:14:21 - [MESSAGE][PASSED] - Text ****** has been set on object 'Object Repository/valuation department/Page_Chiragh.com Admin/input_Username_password'

2020-04-16 01:14:21 - [TEST_STEP][PASSED] - click(findTestObject("Object Repository/valuation department/Page_Chiragh.com Admin/button_Login")): Object: 'Object Repository/valuation department/Page_Chiragh.com Admin/button_Login' is clicked on

2020-04-16 01:14:22 - [MESSAGE][PASSED] - Object: 'Object Repository/valuation department/Page_Chiragh.com Admin/button_Login' is clicked on

2020-04-16 01:14:22 - [TEST_STEP][PASSED] - click(findTestObject("Object Repository/valuation department/Page_Chiragh.com Admin/a_My Leads")): Object: 'Object Repository/valuation department/Page_Chiragh.com Admin/a_My Leads' is clicked on

2020-04-16 01:14:30 - [MESSAGE][PASSED] - Object: 'Object Repository/valuation department/Page_Chiragh.com Admin/a_My Leads' is clicked on

2020-04-16 01:14:30 - [TEST_STEP][PASSED] - click(findTestObject("Object Repository/valuation department/Page_Chiragh.com Admin/a_Birdie Fords Hotel_fas fa-ba_1")): Object: 'Object Repository/valuation department/Page_Chiragh.com Admin/a_Birdie Fords Hotel_fas fa-ba_1' is clicked on

2020-04-16 01:14:35 - [MESSAGE][PASSED] - Object: 'Object Repository/valuation department/Page_Chiragh.com Admin/a_Birdie Fords Hotel_fas fa-ba_1' is clicked on

2020-04-16 01:14:35 - [TEST_STEP][PASSED] - delay(5): Delayed 5 second(s)

2020-04-16 01:14:40 - [MESSAGE][PASSED] - Delayed 5 second(s)

2020-04-16 01:14:40 - [TEST_STEP][PASSED] - click(findTestObject("Object Repository/valuation department/Page_Chiragh.com Admin/div_Valuation_1")): Object: 'Object Repository/valuation department/Page_Chiragh.com Admin/div_Valuation_1' is clicked on

2020-04-16 01:14:41 - [MESSAGE][PASSED] - Object: 'Object Repository/valuation department/Page_Chiragh.com Admin/div_Valuation_1' is clicked on

2020-04-16 01:14:41 - [TEST_STEP][PASSED] - click(findTestObject("Object Repository/valuation department/Page_Chiragh.com Admin/div_Valuation_1")): Object: 'Object Repository/valuation department/Page_Chiragh.com Admin/div_Valuation_1' is clicked on

2020-04-16 01:14:41 - [MESSAGE][PASSED] - Object: 'Object Repository/valuation department/Page_Chiragh.com Admin/div_Valuation_1' is clicked on

2020-04-16 01:14:41 - [TEST_STEP][PASSED] - uploadFile(findTestObject("Object Repository/valuation department/Page_Chiragh.com Admin/div_Chiragh Valuation Report"), "C:\Users\HP\git\chiraghAdminPanel\Include\PropertyImages\1584693242612-Scanned_Passport_Copy.png"): File 'C:\Users\HP\git\chiraghAdminPanel\Include\PropertyImages\1584693242612-Scanned_Passport_Copy.png' sent to object: 'Object Repository/valuation department/Page_Chiragh.com Admin/div_Chiragh Valuation Report'

2020-04-16 01:14:43 - [MESSAGE][PASSED] - File 'C:\Users\HP\git\chiraghAdminPanel\Include\PropertyImages\1584693242612-Scanned_Passport_Copy.png' sent to object: 'Object Repository/valuation department/Page_Chiragh.com Admin/div_Chiragh Valuation Report'

2020-04-16 01:14:43 - [TEST_STEP][PASSED] - delay(5): Delayed 5 second(s)

2020-04-16 01:14:48 - [MESSAGE][PASSED] - Delayed 5 second(s)

2020-04-16 01:14:48 - [TEST_STEP][PASSED] - uploadFile(findTestObject("Object Repository/valuation department/Page_Chiragh.com Admin/div_Market Analysis Report"), "C:\Users\HP\git\chiraghAdminPanel\Include\PropertyImages\1584693242612-Scanned_Passport_Copy.png"): File 'C:\Users\HP\git\chiraghAdminPanel\Include\PropertyImages\1584693242612-Scanned_Passport_Copy.png' sent to object: 'Object Repository/valuation department/Page_Chiragh.com Admin/div_Market Analysis Report'

2020-04-16 01:14:52 - [MESSAGE][PASSED] - File 'C:\Users\HP\git\chiraghAdminPanel\Include\PropertyImages\1584693242612-Scanned_Passport_Copy.png' sent to object: 'Object Repository/valuation department/Page_Chiragh.com Admin/div_Market Analysis Report'

2020-04-16 01:14:52 - [TEST_STEP][PASSED] - delay(5): Delayed 5 second(s)

2020-04-16 01:14:57 - [MESSAGE][PASSED] - Delayed 5 second(s)

2020-04-16 01:14:57 - [TEST_STEP][PASSED] - click(findTestObject("Object Repository/valuation department/Gallery/Page_Chiragh.com Admin/div_Gallery_mat-tab-header-pag")): Object: 'Object Repository/valuation department/Gallery/Page_Chiragh.com Admin/div_Gallery_mat-tab-header-pag' is clicked on

2020-04-16 01:14:58 - [MESSAGE][PASSED] - Object: 'Object Repository/valuation department/Gallery/Page_Chiragh.com Admin/div_Gallery_mat-tab-header-pag' is clicked on

2020-04-16 01:14:58 - [TEST_STEP][PASSED] - delay(3): Delayed 3 second(s)

2020-04-16 01:15:01 - [MESSAGE][PASSED] - Delayed 3 second(s)

2020-04-16 01:15:01 - [TEST_STEP][PASSED] - click(findTestObject("Object Repository/valuation department/Page_Chiragh.com Admin/div_Gallery")): Object: 'Object Repository/valuation department/Page_Chiragh.com Admin/div_Gallery' is clicked on

2020-04-16 01:15:02 - [MESSAGE][PASSED] - Object: 'Object Repository/valuation department/Page_Chiragh.com Admin/div_Gallery' is clicked on

2020-04-16 01:15:02 - [TEST_STEP][PASSED] - click(findTestObject("Object Repository/valuation department/Page_Chiragh.com Admin/div_Gallery")): Object: 'Object Repository/valuation department/Page_Chiragh.com Admin/div_Gallery' is clicked on

2020-04-16 01:15:03 - [MESSAGE][PASSED] - Object: 'Object Repository/valuation department/Page_Chiragh.com Admin/div_Gallery' is clicked on

2020-04-16 01:15:03 - [TEST_STEP][PASSED] - delay(8): Delayed 8 second(s)

2020-04-16 01:15:11 - [MESSAGE][PASSED] - Delayed 8 second(s)

2020-04-16 01:15:11 - [TEST_STEP][PASSED] - uploadFile(findTestObject("Object Repository/valuation department/Page_Chiragh.com Admin/input_This collection is empty"), "C:\Users\HP\git\chiraghAdminPanel\Include\PropertyImages\1584693242612-Scanned_Passport_Copy.png"): File 'C:\Users\HP\git\chiraghAdminPanel\Include\PropertyImages\1584693242612-Scanned_Passport_Copy.png' sent to object: 'Object Repository/valuation department/Page_Chiragh.com Admin/input_This collection is empty'

2020-04-16 01:15:12 - [MESSAGE][PASSED] - File 'C:\Users\HP\git\chiraghAdminPanel\Include\PropertyImages\1584693242612-Scanned_Passport_Copy.png' sent to object: 'Object Repository/valuation department/Page_Chiragh.com Admin/input_This collection is empty'

2020-04-16 01:15:12 - [TEST_STEP][PASSED] - delay(3): Delayed 3 second(s)

2020-04-16 01:15:15 - [MESSAGE][PASSED] - Delayed 3 second(s)

2020-04-16 01:15:15 - [TEST_STEP][PASSED] - uploadFile(findTestObject("Object Repository/valuation department/Gallery/Page_Chiragh.com Admin/button_Regular_upload-img-link"), "C:\Users\HP\git\chiraghAdminPanel\Include\PropertyImages\1584693242612-Scanned_Passport_Copy.png"): File 'C:\Users\HP\git\chiraghAdminPanel\Include\PropertyImages\1584693242612-Scanned_Passport_Copy.png' sent to object: 'Object Repository/valuation department/Gallery/Page_Chiragh.com Admin/button_Regular_upload-img-link'

2020-04-16 01:15:15 - [MESSAGE][PASSED] - File 'C:\Users\HP\git\chiraghAdminPanel\Include\PropertyImages\1584693242612-Scanned_Passport_Copy.png' sent to object: 'Object Repository/valuation department/Gallery/Page_Chiragh.com Admin/button_Regular_upload-img-link'

2020-04-16 01:15:15 - [TEST_STEP][PASSED] - delay(3): Delayed 3 second(s)

2020-04-16 01:15:18 - [MESSAGE][PASSED] - Delayed 3 second(s)

2020-04-16 01:15:18 - [TEST_STEP][PASSED] - uploadFile(findTestObject("Object Repository/valuation department/Page_Chiragh.com Admin/input_This collection is empty"), "C:\Users\HP\git\chiraghAdminPanel\Include\PropertyImages\1584693242612-Scanned_Passport_Copy.png"): File 'C:\Users\HP\git\chiraghAdminPanel\Include\PropertyImages\1584693242612-Scanned_Passport_Copy.png' sent to object: 'Object Repository/valuation department/Page_Chiragh.com Admin/input_This collection is empty'

2020-04-16 01:15:19 - [MESSAGE][PASSED] - File 'C:\Users\HP\git\chiraghAdminPanel\Include\PropertyImages\1584693242612-Scanned_Passport_Copy.png' sent to object: 'Object Repository/valuation department/Page_Chiragh.com Admin/input_This collection is empty'

2020-04-16 01:15:19 - [TEST_STEP][PASSED] - delay(3): Delayed 3 second(s)

2020-04-16 01:15:22 - [MESSAGE][PASSED] - Delayed 3 second(s)

2020-04-16 01:15:22 - [TEST_STEP][PASSED] - uploadFile(findTestObject("Object Repository/valuation department/Page_Chiragh.com Admin/input_This collection is empty"), "C:\Users\HP\git\chiraghAdminPanel\Include\PropertyImages\1584693242612-Scanned_Passport_Copy.png"): File 'C:\Users\HP\git\chiraghAdminPanel\Include\PropertyImages\1584693242612-Scanned_Passport_Copy.png' sent to object: 'Object Repository/valuation department/Page_Chiragh.com Admin/input_This collection is empty'

2020-04-16 01:15:22 - [MESSAGE][PASSED] - File 'C:\Users\HP\git\chiraghAdminPanel\Include\PropertyImages\1584693242612-Scanned_Passport_Copy.png' sent to object: 'Object Repository/valuation department/Page_Chiragh.com Admin/input_This collection is empty'

2020-04-16 01:15:22 - [TEST_STEP][PASSED] - delay(3): Delayed 3 second(s)

2020-04-16 01:15:25 - [MESSAGE][PASSED] - Delayed 3 second(s)

2020-04-16 01:15:25 - [TEST_STEP][PASSED] - uploadFile(findTestObject("Object Repository/valuation department/Page_Chiragh.com Admin/input_This collection is empty"), "C:\Users\HP\git\chiraghAdminPanel\Include\PropertyImages\1584693242612-Scanned_Passport_Copy.png"): File 'C:\Users\HP\git\chiraghAdminPanel\Include\PropertyImages\1584693242612-Scanned_Passport_Copy.png' sent to object: 'Object Repository/valuation department/Page_Chiragh.com Admin/input_This collection is empty'

2020-04-16 01:15:29 - [MESSAGE][PASSED] - File 'C:\Users\HP\git\chiraghAdminPanel\Include\PropertyImages\1584693242612-Scanned_Passport_Copy.png' sent to object: 'Object Repository/valuation department/Page_Chiragh.com Admin/input_This collection is empty'

2020-04-16 01:15:29 - [TEST_STEP][PASSED] - delay(3): Delayed 3 second(s)

2020-04-16 01:15:32 - [MESSAGE][PASSED] - Delayed 3 second(s)

2020-04-16 01:15:32 - [TEST_STEP][PASSED] - uploadFile(findTestObject("Object Repository/valuation department/Page_Chiragh.com Admin/input_This collection is empty"), "C:\Users\HP\git\chiraghAdminPanel\Include\PropertyImages\1584693242612-Scanned_Passport_Copy.png"): File 'C:\Users\HP\git\chiraghAdminPanel\Include\PropertyImages\1584693242612-Scanned_Passport_Copy.png' sent to object: 'Object Repository/valuation department/Page_Chiragh.com Admin/input_This collection is empty'

2020-04-16 01:15:32 - [MESSAGE][PASSED] - File 'C:\Users\HP\git\chiraghAdminPanel\Include\PropertyImages\1584693242612-Scanned_Passport_Copy.png' sent to object: 'Object Repository/valuation department/Page_Chiragh.com Admin/input_This collection is empty'

2020-04-16 01:15:32 - [TEST_STEP][PASSED] - delay(3): Delayed 3 second(s)

2020-04-16 01:15:35 - [MESSAGE][PASSED] - Delayed 3 second(s)

2020-04-16 01:15:35 - [TEST_STEP][PASSED] - click(findTestObject("Object Repository/valuation department/Page_Chiragh.com Admin/img")): Object: 'Object Repository/valuation department/Page_Chiragh.com Admin/img' is clicked on

2020-04-16 01:15:36 - [MESSAGE][PASSED] - Object: 'Object Repository/valuation department/Page_Chiragh.com Admin/img' is clicked on

2020-04-16 01:15:36 - [TEST_STEP][PASSED] - delay(3): Delayed 3 second(s)

2020-04-16 01:15:39 - [MESSAGE][PASSED] - Delayed 3 second(s)

2020-04-16 01:15:39 - [TEST_STEP][PASSED] - click(findTestObject("Object Repository/valuation department/Page_Chiragh.com Admin/a_Birdie Fords Hotel")): Object: 'Object Repository/valuation department/Page_Chiragh.com Admin/a_Birdie Fords Hotel' is clicked on

2020-04-16 01:15:40 - [MESSAGE][PASSED] - Object: 'Object Repository/valuation department/Page_Chiragh.com Admin/a_Birdie Fords Hotel' is clicked on

2020-04-16 01:15:40 - [TEST_STEP][PASSED] - delay(4): Delayed 4 second(s)

2020-04-16 01:15:44 - [MESSAGE][PASSED] - Delayed 4 second(s)

2020-04-16 01:15:44 - [TEST_STEP][PASSED] - click(findTestObject("Object Repository/valuation department/Page_Chiragh.com Admin/Page_Chiragh.com Admin/Page_Chiraghcom Admin/img")): Object: 'Object Repository/valuation department/Page_Chiragh.com Admin/Page_Chiragh.com Admin/Page_Chiraghcom Admin/img' is clicked on

2020-04-16 01:15:44 - [MESSAGE][PASSED] - Object: 'Object Repository/valuation department/Page_Chiragh.com Admin/Page_Chiragh.com Admin/Page_Chiraghcom Admin/img' is clicked on

2020-04-16 01:15:44 - [TEST_STEP][PASSED] - delay(4): Delayed 4 second(s)

2020-04-16 01:15:48 - [MESSAGE][PASSED] - Delayed 4 second(s)

2020-04-16 01:15:48 - [TEST_STEP][PASSED] - click(findTestObject("Object Repository/valuation department/Page_Chiragh.com Admin/a_Birdie Fords Hotel")): Object: 'Object Repository/valuation department/Page_Chiragh.com Admin/a_Birdie Fords Hotel' is clicked on

2020-04-16 01:15:49 - [MESSAGE][PASSED] - Object: 'Object Repository/valuation department/Page_Chiragh.com Admin/a_Birdie Fords Hotel' is clicked on

2020-04-16 01:15:49 - [TEST_STEP][PASSED] - delay(4): Delayed 4 second(s)

2020-04-16 01:15:53 - [MESSAGE][PASSED] - Delayed 4 second(s)

2020-04-16 01:15:53 - [TEST_STEP][PASSED] - click(findTestObject("Object Repository/valuation department/Page_Chiragh.com Admin/div_Check List_3")): Object: 'Object Repository/valuation department/Page_Chiragh.com Admin/div_Check List_3' is clicked on

2020-04-16 01:15:54 - [MESSAGE][PASSED] - Object: 'Object Repository/valuation department/Page_Chiragh.com Admin/div_Check List_3' is clicked on

2020-04-16 01:15:54 - [TEST_STEP][PASSED] - delay(4): Delayed 4 second(s)

2020-04-16 01:15:58 - [MESSAGE][PASSED] - Delayed 4 second(s)

2020-04-16 01:15:58 - [TEST_STEP][PASSED] - click(findTestObject("Object Repository/valuation department/Checklist/Page_Chiragh.com Admin/div_Confirm on site meeting ca")): Object: 'Object Repository/valuation department/Checklist/Page_Chiragh.com Admin/div_Confirm on site meeting ca' is clicked on

2020-04-16 01:15:58 - [MESSAGE][PASSED] - Object: 'Object Repository/valuation department/Checklist/Page_Chiragh.com Admin/div_Confirm on site meeting ca' is clicked on

2020-04-16 01:15:58 - [TEST_STEP][PASSED] - click(findTestObject("Object Repository/valuation department/Checklist/Page_Chiragh.com Admin/div_NOC (optional)_mat-checkbo")): Object: 'Object Repository/valuation department/Checklist/Page_Chiragh.com Admin/div_NOC (optional)_mat-checkbo' is clicked on

2020-04-16 01:15:59 - [MESSAGE][PASSED] - Object: 'Object Repository/valuation department/Checklist/Page_Chiragh.com Admin/div_NOC (optional)_mat-checkbo' is clicked on

2020-04-16 01:15:59 - [TEST_STEP][PASSED] - click(findTestObject("Object Repository/valuation department/Checklist/Page_Chiragh.com Admin/div_Keys collected_mat-checkbo")): Object: 'Object Repository/valuation department/Checklist/Page_Chiragh.com Admin/div_Keys collected_mat-checkbo' is clicked on

2020-04-16 01:16:00 - [MESSAGE][PASSED] - Object: 'Object Repository/valuation department/Checklist/Page_Chiragh.com Admin/div_Keys collected_mat-checkbo' is clicked on

2020-04-16 01:16:00 - [TEST_STEP][PASSED] - click(findTestObject("Object Repository/valuation department/Checklist/Page_Chiragh.com Admin/div_Call photographer to confi")): Object: 'Object Repository/valuation department/Checklist/Page_Chiragh.com Admin/div_Call photographer to confi' is clicked on

2020-04-16 01:16:00 - [MESSAGE][PASSED] - Object: 'Object Repository/valuation department/Checklist/Page_Chiragh.com Admin/div_Call photographer to confi' is clicked on

2020-04-16 01:16:00 - [TEST_STEP][PASSED] - click(findTestObject("Object Repository/valuation department/Checklist/Page_Chiragh.com Admin/div_Booked the camera through")): Object: 'Object Repository/valuation department/Checklist/Page_Chiragh.com Admin/div_Booked the camera through' is clicked on

2020-04-16 01:16:01 - [MESSAGE][PASSED] - Object: 'Object Repository/valuation department/Checklist/Page_Chiragh.com Admin/div_Booked the camera through' is clicked on

2020-04-16 01:16:01 - [TEST_STEP][PASSED] - scrollToElement(findTestObject("Object Repository/valuation department/Checklist/Page_Chiragh.com Admin/div_Valuation report is upload"), 3): Scroll to object 'Object Repository/valuation department/Checklist/Page_Chiragh.com Admin/div_Valuation report is upload' successfully

2020-04-16 01:16:01 - [MESSAGE][PASSED] - Scroll to object 'Object Repository/valuation department/Checklist/Page_Chiragh.com Admin/div_Valuation report is upload' successfully

2020-04-16 01:16:01 - [TEST_STEP][PASSED] - click(findTestObject("Object Repository/valuation department/Checklist/Page_Chiragh.com Admin/div_Valuation report is upload")): Object: 'Object Repository/valuation department/Checklist/Page_Chiragh.com Admin/div_Valuation report is upload' is clicked on

2020-04-16 01:16:02 - [MESSAGE][PASSED] - Object: 'Object Repository/valuation department/Checklist/Page_Chiragh.com Admin/div_Valuation report is upload' is clicked on

2020-04-16 01:16:02 - [TEST_STEP][PASSED] - click(findTestObject("Object Repository/valuation department/Checklist/Page_Chiraghcom Admin/div_Property images are uploaded and verified (min 5)")): Object: 'Object Repository/valuation department/Checklist/Page_Chiraghcom Admin/div_Property images are uploaded and verified (min 5)' is clicked on

2020-04-16 01:16:03 - [MESSAGE][PASSED] - Object: 'Object Repository/valuation department/Checklist/Page_Chiraghcom Admin/div_Property images are uploaded and verified (min 5)' is clicked on

2020-04-16 01:16:03 - [TEST_STEP][PASSED] - delay(4): Delayed 4 second(s)

2020-04-16 01:16:07 - [MESSAGE][PASSED] - Delayed 4 second(s)

2020-04-16 01:16:07 - [TEST_STEP][PASSED] - click(findTestObject("Object Repository/valuation department/Page_Chiragh.com Admin/button_Confirm")): Object: 'Object Repository/valuation department/Page_Chiragh.com Admin/button_Confirm' is clicked on

2020-04-16 01:16:07 - [MESSAGE][PASSED] - Object: 'Object Repository/valuation department/Page_Chiragh.com Admin/button_Confirm' is clicked on

2020-04-16 01:16:07 - [TEST_STEP][PASSED] - delay(3): Delayed 3 second(s)

2020-04-16 01:16:10 - [MESSAGE][PASSED] - Delayed 3 second(s)

2020-04-16 01:16:10 - [TEST_STEP][PASSED] - click(findTestObject("valuation department/Page_Chiragh.com Admin/Page_Chiragh.com Admin/Page_Chiraghcom Admin/button_HR")): Object: 'Object Repository/valuation department/Page_Chiragh.com Admin/Page_Chiragh.com Admin/Page_Chiraghcom Admin/button_HR' is clicked on

2020-04-16 01:16:14 - [MESSAGE][PASSED] - Object: 'Object Repository/valuation department/Page_Chiragh.com Admin/Page_Chiragh.com Admin/Page_Chiraghcom Admin/button_HR' is clicked on

2020-04-16 01:16:14 - [TEST_STEP][PASSED] - delay(8): Delayed 8 second(s)

2020-04-16 01:16:22 - [MESSAGE][PASSED] - Delayed 8 second(s)

2020-04-16 01:16:22 - [TEST_STEP][PASSED] - click(findTestObject("Object Repository/valuation department/Page_Chiragh.com Admin/button_exit_to_appLogout")): Object: 'Object Repository/valuation department/Page_Chiragh.com Admin/button_exit_to_appLogout' is clicked on

2020-04-16 01:16:31 - [MESSAGE][PASSED] - Object: 'Object Repository/valuation department/Page_Chiragh.com Admin/button_exit_to_appLogout' is clicked on

2020-04-16 01:16:31 - [TEST_STEP][PASSED] - waitForPageLoad(8): Wait for page load successfully

2020-04-16 01:16:31 - [MESSAGE][PASSED] - Wait for page load successfully

2020-04-16 01:16:31 - [TEST_STEP][PASSED] - click(findTestObject("Object Repository/valuation department/Page_Chiragh.com Admin/div_Username")): Object: 'Object Repository/valuation department/Page_Chiragh.com Admin/div_Username' is clicked on

2020-04-16 01:16:32 - [MESSAGE][PASSED] - Object: 'Object Repository/valuation department/Page_Chiragh.com Admin/div_Username' is clicked on

2020-04-16 01:16:32 - [TEST_STEP][PASSED] - setText(findTestObject("Object Repository/valuation department/Page_Chiragh.com Admin/input_Admin Panel_userName"), "haleemhanif"): Text 'haleemhanif' is set on object 'Object Repository/valuation department/Page_Chiragh.com Admin/input_Admin Panel_userName'

2020-04-16 01:16:32 - [MESSAGE][PASSED] - Text 'haleemhanif' is set on object 'Object Repository/valuation department/Page_Chiragh.com Admin/input_Admin Panel_userName'

2020-04-16 01:16:32 - [TEST_STEP][PASSED] - click(findTestObject("Object Repository/valuation department/Page_Chiragh.com Admin/div_Password")): Object: 'Object Repository/valuation department/Page_Chiragh.com Admin/div_Password' is clicked on

2020-04-16 01:16:33 - [MESSAGE][PASSED] - Object: 'Object Repository/valuation department/Page_Chiragh.com Admin/div_Password' is clicked on

2020-04-16 01:16:33 - [TEST_STEP][PASSED] - setEncryptedText(findTestObject("Object Repository/valuation department/Page_Chiragh.com Admin/input_Username_password"), "c/4m4/rTvNs0iFiKg9IHPQ=="): Text ****** has been set on object 'Object Repository/valuation department/Page_Chiragh.com Admin/input_Username_password'

2020-04-16 01:16:33 - [MESSAGE][PASSED] - Text ****** has been set on object 'Object Repository/valuation department/Page_Chiragh.com Admin/input_Username_password'

2020-04-16 01:16:33 - [TEST_STEP][PASSED] - click(findTestObject("Object Repository/valuation department/Page_Chiragh.com Admin/button_Login")): Object: 'Object Repository/valuation department/Page_Chiragh.com Admin/button_Login' is clicked on

2020-04-16 01:16:34 - [MESSAGE][PASSED] - Object: 'Object Repository/valuation department/Page_Chiragh.com Admin/button_Login' is clicked on

2020-04-16 01:16:34 - [TEST_STEP][PASSED] - click(findTestObject("Object Repository/valuation department/Page_Chiragh.com Admin/a_New Leads")): Object: 'Object Repository/valuation department/Page_Chiragh.com Admin/a_New Leads' is clicked on

2020-04-16 01:16:37 - [MESSAGE][PASSED] - Object: 'Object Repository/valuation department/Page_Chiragh.com Admin/a_New Leads' is clicked on

2020-04-16 01:16:37 - [TEST_STEP][PASSED] - click(findTestObject("Object Repository/valuation department/Page_Chiragh.com Admin/a_In Process_2")): Object: 'Object Repository/valuation department/Page_Chiragh.com Admin/a_In Process_2' is clicked on

2020-04-16 01:16:40 - [MESSAGE][PASSED] - Object: 'Object Repository/valuation department/Page_Chiragh.com Admin/a_In Process_2' is clicked on

2020-04-16 01:16:40 - [TEST_STEP][PASSED] - click(findTestObject("Object Repository/valuation department/Page_Chiragh.com Admin/a_Birdie Fords Hotel")): Object: 'Object Repository/valuation department/Page_Chiragh.com Admin/a_Birdie Fords Hotel' is clicked on

2020-04-16 01:16:48 - [MESSAGE][PASSED] - Object: 'Object Repository/valuation department/Page_Chiragh.com Admin/a_Birdie Fords Hotel' is clicked on

2020-04-16 01:16:48 - [TEST_STEP][PASSED] - delay(5): Delayed 5 second(s)

2020-04-16 01:16:53 - [MESSAGE][PASSED] - Delayed 5 second(s)

2020-04-16 01:16:53 - [TEST_STEP][PASSED] - click(findTestObject("Object Repository/valuation department/Page_Chiragh.com Admin/div_Check List_7")): Object: 'Object Repository/valuation department/Page_Chiragh.com Admin/div_Check List_7' is clicked on

2020-04-16 01:16:55 - [MESSAGE][PASSED] - Object: 'Object Repository/valuation department/Page_Chiragh.com Admin/div_Check List_7' is clicked on

2020-04-16 01:16:55 - [TEST_STEP][PASSED] - delay(5): Delayed 5 second(s)

2020-04-16 01:17:00 - [MESSAGE][PASSED] - Delayed 5 second(s)

2020-04-16 01:17:00 - [TEST_STEP][PASSED] - click(findTestObject("Object Repository/valuation department/Page_Chiragh.com Admin/button_Approve")): Object: 'Object Repository/valuation department/Page_Chiragh.com Admin/button_Approve' is clicked on

2020-04-16 01:17:00 - [MESSAGE][PASSED] - Object: 'Object Repository/valuation department/Page_Chiragh.com Admin/button_Approve' is clicked on

2020-04-16 01:17:00 - [TEST_STEP][PASSED] - doubleClick(findTestObject("Object Repository/valuation department/Page_Chiragh.com Admin/button_Yes")): Object: 'Object Repository/valuation department/Page_Chiragh.com Admin/button_Yes' is double clicked on

2020-04-16 01:17:01 - [MESSAGE][PASSED] - Object: 'Object Repository/valuation department/Page_Chiragh.com Admin/button_Yes' is double clicked on

2020-04-16 01:17:01 - [TEST_STEP][PASSED] - delay(20): Delayed 20 second(s)

2020-04-16 01:17:21 - [MESSAGE][PASSED] - Delayed 20 second(s)

2020-04-16 01:17:21 - [TEST_STEP][PASSED] - closeBrowser(): Browser is closed

2020-04-16 01:17:22 - [MESSAGE][PASSED] - Browser is closed

2020-04-16 01:17:24 - [TEST_STEP][PASSED] - Video: Video recording for test case 'Test Cases/Admin/TC_PropertyValuationFlow(Excluding3rdPartyFlow)' .

2020-04-16 01:17:24 - [MESSAGE][INFO] - Video recording for test case 'Test Cases/Admin/TC_PropertyValuationFlow(Excluding3rdPartyFlow)' .
[[ATTACHMENT|C:\\Users\\HP\\git\\chiraghAdminPanel\\Reports\\20200416_010448\\AdminCompleteFlow\\20200416_010448/videos\\test_3.mov]]]]></system-out>
         <system-err><![CDATA[]]></system-err>
      </testcase>
      <system-out><![CDATA[2020-04-16 01:04:59 - [TEST_SUITE][PASSED] - AdminCompleteFlow: Test Cases/Admin/TC_PropertyValuationFlow(Excluding3rdPartyFlow)]]></system-out>
      <system-err><![CDATA[]]></system-err>
   </testsuite>
</testsuites>
