<?xml version="1.0" encoding="UTF-8"?>
<testsuites name="TopUps" time="100.912" tests="1" failures="0" errors="0">
   <testsuite name="TopUps" tests="1" failures="0" errors="0" time="100.912" timestamp="2020-03-30 17:35:05" hostname="hp - Adnan" id="Test Suites/SampleTestSuit/TopUps">
      <properties>
         <property name="deviceName" value=""/>
         <property name="devicePlatform" value=""/>
         <property name="logFolder" value="C:\\Users\\hp\\git\\chiraghAdminPanel\\Reports\\20200330_173457\\SampleTestSuit\\TopUps\\20200330_173457"/>
         <property name="logFiles" value="C:\\Users\\hp\\git\\chiraghAdminPanel\\Reports\\20200330_173457\\SampleTestSuit\\TopUps\\20200330_173457\\execution0.log"/>
         <property name="attachments" value="C:\\Users\\hp\\git\\chiraghAdminPanel\\Reports\\20200330_173457\\SampleTestSuit\\TopUps\\20200330_173457/videos\\test_1.mov"/>
         <property name="hostName" value="hp - Adnan"/>
         <property name="os" value="Windows 10 64bit"/>
         <property name="katalonVersion" value="7.2.6.1"/>
         <property name="browser" value="Chrome 80.0.3987.149"/>
         <property name="hostAddress" value="192.168.0.58"/>
         <property name="sessionId" value="903f434e9598c6efcf9f02966304390e"/>
         <property name="seleniumVersion" value="3.141.59"/>
         <property name="proxyInformation" value="ProxyInformation{proxyOption=NO_PROXY, proxyServerType=HTTP, password=, proxyServerAddress=, proxyServerPort=0, executionList=}"/>
         <property name="platform" value="Windows 10"/>
      </properties>
      <testcase name="Test Cases/Front End/TC_TopUP(AED)_003" time="93.916" classname="Test Cases/Front End/TC_TopUP(AED)_003" status="PASSED">
         <system-out><![CDATA[2020-03-30 17:35:05 - [TEST_CASE][PASSED] - Test Cases/Front End/TC_TopUP(AED)_003: Test Cases/Front End/TC_TopUP(AED)_003

2020-03-30 17:35:06 - [TEST_STEP][PASSED] - openBrowser(""): Browser is opened with url: ''

2020-03-30 17:35:06 - [MESSAGE][INFO] - Starting 'Chrome' driver

2020-03-30 17:35:06 - [MESSAGE][INFO] - Action delay is set to 0 seconds

2020-03-30 17:35:12 - [MESSAGE][PASSED] - Browser is opened with url: ''

2020-03-30 17:35:12 - [TEST_STEP][PASSED] - navigateToUrl(Url): Navigate to 'http://uat.chiragh.com' successfully

2020-03-30 17:35:13 - [MESSAGE][WARNING] - Test object with id 'Object Repository/property by name/Page_Chiragh/h2_Project 51468 Penthouse wit' does not exist

2020-03-30 17:35:49 - [MESSAGE][PASSED] - Navigate to 'http://uat.chiragh.com' successfully

2020-03-30 17:35:49 - [TEST_STEP][PASSED] - waitForPageLoad(15): Wait for page load successfully

2020-03-30 17:35:50 - [MESSAGE][PASSED] - Wait for page load successfully

2020-03-30 17:35:50 - [TEST_STEP][PASSED] - maximizeWindow(): Current window maximized

2020-03-30 17:35:54 - [MESSAGE][PASSED] - Current window maximized

2020-03-30 17:35:54 - [TEST_STEP][PASSED] - delay(3): Delayed 3 second(s)

2020-03-30 17:35:57 - [MESSAGE][PASSED] - Delayed 3 second(s)

2020-03-30 17:35:57 - [TEST_STEP][PASSED] - click(findTestObject("Object Repository/Front End Objects/LoginWithValidCredentials/Page_Chiragh - Home/a_ENG_dropdownMenuLink")): Object: 'Object Repository/Front End Objects/LoginWithValidCredentials/Page_Chiragh - Home/a_ENG_dropdownMenuLink' is clicked on

2020-03-30 17:35:57 - [MESSAGE][PASSED] - Object: 'Object Repository/Front End Objects/LoginWithValidCredentials/Page_Chiragh - Home/a_ENG_dropdownMenuLink' is clicked on

2020-03-30 17:35:57 - [TEST_STEP][PASSED] - click(findTestObject("Object Repository/Front End Objects/LoginWithValidCredentials/Page_Chiragh - Home/a_Login")): Object: 'Object Repository/Front End Objects/LoginWithValidCredentials/Page_Chiragh - Home/a_Login' is clicked on

2020-03-30 17:35:58 - [MESSAGE][PASSED] - Object: 'Object Repository/Front End Objects/LoginWithValidCredentials/Page_Chiragh - Home/a_Login' is clicked on

2020-03-30 17:35:58 - [TEST_STEP][PASSED] - setText(findTestObject("Object Repository/Front End Objects/LoginWithValidCredentials/Page_Chiragh - Login/input_Username_un"), userName): Text 'adnanshafiq1' is set on object 'Object Repository/Front End Objects/LoginWithValidCredentials/Page_Chiragh - Login/input_Username_un'

2020-03-30 17:35:59 - [MESSAGE][PASSED] - Text 'adnanshafiq1' is set on object 'Object Repository/Front End Objects/LoginWithValidCredentials/Page_Chiragh - Login/input_Username_un'

2020-03-30 17:35:59 - [TEST_STEP][PASSED] - setEncryptedText(findTestObject("Object Repository/Front End Objects/LoginWithValidCredentials/Page_Chiragh - Login/input_Password_userPassword"), "RigbBhfdqOBDK95asqKeHw=="): Text ****** has been set on object 'Object Repository/Front End Objects/LoginWithValidCredentials/Page_Chiragh - Login/input_Password_userPassword'

2020-03-30 17:35:59 - [MESSAGE][PASSED] - Text ****** has been set on object 'Object Repository/Front End Objects/LoginWithValidCredentials/Page_Chiragh - Login/input_Password_userPassword'

2020-03-30 17:35:59 - [TEST_STEP][PASSED] - click(findTestObject("Object Repository/Front End Objects/LoginWithValidCredentials/Page_Chiragh - Login/button_Log In")): Object: 'Object Repository/Front End Objects/LoginWithValidCredentials/Page_Chiragh - Login/button_Log In' is clicked on

2020-03-30 17:36:00 - [MESSAGE][PASSED] - Object: 'Object Repository/Front End Objects/LoginWithValidCredentials/Page_Chiragh - Login/button_Log In' is clicked on

2020-03-30 17:36:00 - [TEST_STEP][PASSED] - waitForPageLoad(15): Wait for page load successfully

2020-03-30 17:36:00 - [MESSAGE][PASSED] - Wait for page load successfully

2020-03-30 17:36:00 - [TEST_STEP][PASSED] - click(findTestObject("Object Repository/Front End Objects/LoginWithValidCredentials/Page_Chiragh - Home/a_a month ago_dropdownMenuLink")): Object: 'Object Repository/Front End Objects/LoginWithValidCredentials/Page_Chiragh - Home/a_a month ago_dropdownMenuLink' is clicked on

2020-03-30 17:36:04 - [MESSAGE][PASSED] - Object: 'Object Repository/Front End Objects/LoginWithValidCredentials/Page_Chiragh - Home/a_a month ago_dropdownMenuLink' is clicked on

2020-03-30 17:36:04 - [TEST_STEP][PASSED] - delay(5): Delayed 5 second(s)

2020-03-30 17:36:09 - [MESSAGE][PASSED] - Delayed 5 second(s)

2020-03-30 17:36:09 - [TEST_STEP][PASSED] - click(findTestObject("Object Repository/Front End Objects/LoginWithValidCredentials/Page_Chiragh - Home/a_HI AutoChiragh")): Object: 'Object Repository/Front End Objects/LoginWithValidCredentials/Page_Chiragh - Home/a_HI AutoChiragh' is clicked on

2020-03-30 17:36:10 - [MESSAGE][PASSED] - Object: 'Object Repository/Front End Objects/LoginWithValidCredentials/Page_Chiragh - Home/a_HI AutoChiragh' is clicked on

2020-03-30 17:36:10 - [TEST_STEP][PASSED] - click(findTestObject("Front End Objects/TopUp(AED)/Page_Chiragh - Dashborad Home/a_My Wallet")): Object: 'Object Repository/Front End Objects/TopUp(AED)/Page_Chiragh - Dashborad Home/a_My Wallet' is clicked on

2020-03-30 17:36:11 - [MESSAGE][PASSED] - Object: 'Object Repository/Front End Objects/TopUp(AED)/Page_Chiragh - Dashborad Home/a_My Wallet' is clicked on

2020-03-30 17:36:11 - [TEST_STEP][PASSED] - click(findTestObject("Front End Objects/TopUp(AED)/Page_Chiragh - User Account Summary/a_Make a Transaction")): Object: 'Object Repository/Front End Objects/TopUp(AED)/Page_Chiragh - User Account Summary/a_Make a Transaction' is clicked on

2020-03-30 17:36:13 - [MESSAGE][PASSED] - Object: 'Object Repository/Front End Objects/TopUp(AED)/Page_Chiragh - User Account Summary/a_Make a Transaction' is clicked on

2020-03-30 17:36:13 - [TEST_STEP][PASSED] - delay(3): Delayed 3 second(s)

2020-03-30 17:36:16 - [MESSAGE][PASSED] - Delayed 3 second(s)

2020-03-30 17:36:16 - [TEST_STEP][PASSED] - setText(findTestObject("Front End Objects/TopUp(AED)/Page_Chiragh - Transaction Top Up/input_Chiragh Wallet _amount"), "1000"): Text '1000' is set on object 'Object Repository/Front End Objects/TopUp(AED)/Page_Chiragh - Transaction Top Up/input_Chiragh Wallet _amount'

2020-03-30 17:36:17 - [MESSAGE][PASSED] - Text '1000' is set on object 'Object Repository/Front End Objects/TopUp(AED)/Page_Chiragh - Transaction Top Up/input_Chiragh Wallet _amount'

2020-03-30 17:36:17 - [TEST_STEP][PASSED] - delay(5): Delayed 5 second(s)

2020-03-30 17:36:22 - [MESSAGE][PASSED] - Delayed 5 second(s)

2020-03-30 17:36:22 - [TEST_STEP][PASSED] - click(findTestObject("Front End Objects/TopUp(AED)/Page_Chiragh - Transaction Top Up/select_ChiraghBank")): Object: 'Object Repository/Front End Objects/TopUp(AED)/Page_Chiragh - Transaction Top Up/select_ChiraghBank' is clicked on

2020-03-30 17:36:22 - [MESSAGE][PASSED] - Object: 'Object Repository/Front End Objects/TopUp(AED)/Page_Chiragh - Transaction Top Up/select_ChiraghBank' is clicked on

2020-03-30 17:36:22 - [TEST_STEP][PASSED] - click(findTestObject("Front End Objects/TopUp(AED)/Page_Chiragh - Transaction Top Up/BankOption1")): Object: 'Object Repository/Front End Objects/TopUp(AED)/Page_Chiragh - Transaction Top Up/BankOption1' is clicked on

2020-03-30 17:36:23 - [MESSAGE][PASSED] - Object: 'Object Repository/Front End Objects/TopUp(AED)/Page_Chiragh - Transaction Top Up/BankOption1' is clicked on

2020-03-30 17:36:23 - [TEST_STEP][PASSED] - setText(findTestObject("Front End Objects/TopUp(AED)/Page_Chiragh - Transaction Top Up/input_Transaction ID _transact"), "676767"): Text '676767' is set on object 'Object Repository/Front End Objects/TopUp(AED)/Page_Chiragh - Transaction Top Up/input_Transaction ID _transact'

2020-03-30 17:36:26 - [MESSAGE][PASSED] - Text '676767' is set on object 'Object Repository/Front End Objects/TopUp(AED)/Page_Chiragh - Transaction Top Up/input_Transaction ID _transact'

2020-03-30 17:36:26 - [TEST_STEP][PASSED] - uploadFile(findTestObject("Front End Objects/TopUp(AED)/Page_Chiragh - Transaction Top Up/UploadReceipt"), "C:\Users\HP\git\chiraghAdminPanel\Include\PropertyImages\1584693242612-Scanned_Passport_Copy.png"): File 'C:\Users\HP\git\chiraghAdminPanel\Include\PropertyImages\1584693242612-Scanned_Passport_Copy.png' sent to object: 'Object Repository/Front End Objects/TopUp(AED)/Page_Chiragh - Transaction Top Up/UploadReceipt'

2020-03-30 17:36:27 - [MESSAGE][PASSED] - File 'C:\Users\HP\git\chiraghAdminPanel\Include\PropertyImages\1584693242612-Scanned_Passport_Copy.png' sent to object: 'Object Repository/Front End Objects/TopUp(AED)/Page_Chiragh - Transaction Top Up/UploadReceipt'

2020-03-30 17:36:27 - [TEST_STEP][PASSED] - delay(5): Delayed 5 second(s)

2020-03-30 17:36:32 - [MESSAGE][PASSED] - Delayed 5 second(s)

2020-03-30 17:36:32 - [TEST_STEP][PASSED] - scrollToElement(findTestObject("Front End Objects/TopUp(AED)/Page_Chiragh - Transaction Top Up/checkbox"), 5): Scroll to object 'Object Repository/Front End Objects/TopUp(AED)/Page_Chiragh - Transaction Top Up/checkbox' successfully

2020-03-30 17:36:32 - [MESSAGE][PASSED] - Scroll to object 'Object Repository/Front End Objects/TopUp(AED)/Page_Chiragh - Transaction Top Up/checkbox' successfully

2020-03-30 17:36:32 - [TEST_STEP][PASSED] - click(findTestObject("Front End Objects/TopUp(AED)/Page_Chiragh - Transaction Top Up/div_I agree with Chiragh Walle")): Object: 'Object Repository/Front End Objects/TopUp(AED)/Page_Chiragh - Transaction Top Up/div_I agree with Chiragh Walle' is clicked on

2020-03-30 17:36:32 - [MESSAGE][PASSED] - Object: 'Object Repository/Front End Objects/TopUp(AED)/Page_Chiragh - Transaction Top Up/div_I agree with Chiragh Walle' is clicked on

2020-03-30 17:36:32 - [TEST_STEP][PASSED] - delay(2): Delayed 2 second(s)

2020-03-30 17:36:34 - [MESSAGE][PASSED] - Delayed 2 second(s)

2020-03-30 17:36:34 - [TEST_STEP][PASSED] - click(findTestObject("Front End Objects/TopUp(AED)/Page_Chiragh - Transaction Top Up/button_SEND REQUEST")): Object: 'Object Repository/Front End Objects/TopUp(AED)/Page_Chiragh - Transaction Top Up/button_SEND REQUEST' is clicked on

2020-03-30 17:36:35 - [MESSAGE][PASSED] - Object: 'Object Repository/Front End Objects/TopUp(AED)/Page_Chiragh - Transaction Top Up/button_SEND REQUEST' is clicked on

2020-03-30 17:36:35 - [TEST_STEP][PASSED] - delay(1): Delayed 1 second(s)

2020-03-30 17:36:36 - [MESSAGE][PASSED] - Delayed 1 second(s)

2020-03-30 17:36:36 - [TEST_STEP][PASSED] - verifyElementPresent(findTestObject("Front End Objects/TopUp(AED)/Page_Chiragh - Transaction Top Up/div_TOP UP REQUEST SUBMITTED S"), 3): Object 'Object Repository/Front End Objects/TopUp(AED)/Page_Chiragh - Transaction Top Up/div_TOP UP REQUEST SUBMITTED S' is present

2020-03-30 17:36:36 - [MESSAGE][PASSED] - Object 'Object Repository/Front End Objects/TopUp(AED)/Page_Chiragh - Transaction Top Up/div_TOP UP REQUEST SUBMITTED S' is present

2020-03-30 17:36:36 - [TEST_STEP][PASSED] - closeBrowser(): Browser is closed

2020-03-30 17:36:37 - [MESSAGE][PASSED] - Browser is closed

2020-03-30 17:36:39 - [TEST_STEP][PASSED] - Video: Video recording for test case 'Test Cases/Front End/TC_TopUP(AED)_003' .

2020-03-30 17:36:39 - [MESSAGE][INFO] - Video recording for test case 'Test Cases/Front End/TC_TopUP(AED)_003' .
[[ATTACHMENT|C:\\Users\\hp\\git\\chiraghAdminPanel\\Reports\\20200330_173457\\SampleTestSuit\\TopUps\\20200330_173457/videos\\test_1.mov]]]]></system-out>
         <system-err><![CDATA[]]></system-err>
      </testcase>
      <system-out><![CDATA[2020-03-30 17:35:05 - [TEST_SUITE][PASSED] - TopUps: Test Cases/Front End/TC_TopUP(AED)_003]]></system-out>
      <system-err><![CDATA[]]></system-err>
   </testsuite>
</testsuites>
