<?xml version="1.0" encoding="UTF-8"?>
<testsuites name="AdminCompleteFlow" time="1068" tests="3" failures="2" errors="0">
   <testsuite name="AdminCompleteFlow" tests="3" failures="2" errors="0" time="1068" timestamp="2019-06-26 17:19:44" hostname="HP - DESKTOP-2D7LI1O" id="Test Suites/AdminCompleteFlow">
      <properties>
         <property name="deviceName" value=""/>
         <property name="devicePlatform" value=""/>
         <property name="logFolder" value="C:\\Users\\HP\\git\\chiraghAdminPanel\\Reports\\AdminCompleteFlow\\20190626_171935"/>
         <property name="logFiles" value="C:\\Users\\HP\\git\\chiraghAdminPanel\\Reports\\AdminCompleteFlow\\20190626_171935\\execution0.log"/>
         <property name="attachments" value="C:\\Users\\HP\\git\\chiraghAdminPanel\\Reports\\AdminCompleteFlow\\20190626_171935\\1561552611869.png"/>
         <property name="hostName" value="HP - DESKTOP-2D7LI1O"/>
         <property name="os" value="Windows 10 64bit"/>
         <property name="katalonVersion" value="5.10.1.1"/>
         <property name="browser" value="Chrome 75.0.3770.100"/>
         <property name="hostAddress" value="192.168.18.31"/>
         <property name="sessionId" value="8c3e4e02066fee064ee533d7b18fa104"/>
         <property name="seleniumVersion" value="3.7.1"/>
         <property name="proxyInformation" value="ProxyInformation{proxyOption=NO_PROXY, proxyServerType=HTTP, password=, proxyServerAddress=, proxyServerPort=0}"/>
         <property name="platform" value="Windows 10"/>
      </properties>
      <testcase name="Test Cases/property(owner)" classname="Test Cases/property(owner)" status="PASSED">
         <system-out><![CDATA[2019-06-26 17:19:45 - [TEST_CASE][PASSED] - Test Cases/property(owner): Test Cases/property(owner)

2019-06-26 17:19:46 - [TEST_STEP][PASSED] - faker = new com.github.javafaker.Faker(): null

2019-06-26 17:19:46 - [TEST_STEP][PASSED] - ownerfirst = name().firstName(): null

2019-06-26 17:19:46 - [TEST_STEP][PASSED] - ownermiddle = name().firstName(): null

2019-06-26 17:19:46 - [TEST_STEP][PASSED] - ownerlast = name().firstName(): null

2019-06-26 17:19:46 - [TEST_STEP][PASSED] - ownerphcode = address().countryCode(): null

2019-06-26 17:19:46 - [TEST_STEP][PASSED] - ownermobcode = address().countryCode(): null

2019-06-26 17:19:46 - [TEST_STEP][PASSED] - owneraddress = address().streetAddress(): null

2019-06-26 17:19:46 - [TEST_STEP][PASSED] - poafirst = name().firstName(): null

2019-06-26 17:19:46 - [TEST_STEP][PASSED] - poamiddle = name().firstName(): null

2019-06-26 17:19:46 - [TEST_STEP][PASSED] - poalast = name().firstName(): null

2019-06-26 17:19:46 - [TEST_STEP][PASSED] - poaphncode = address().countryCode(): null

2019-06-26 17:19:46 - [TEST_STEP][PASSED] - poamobcode = address().countryCode(): null

2019-06-26 17:19:46 - [TEST_STEP][PASSED] - poaaddress = address().streetAddress(): null

2019-06-26 17:19:46 - [TEST_STEP][PASSED] - projectname = address().streetName(): null

2019-06-26 17:19:46 - [TEST_STEP][PASSED] - propertyaddress = address().streetAddress(): null

2019-06-26 17:19:46 - [TEST_STEP][PASSED] - openBrowser(""): Browser is opened with url: ''

2019-06-26 17:19:47 - [MESSAGE][INFO] - Starting 'Chrome' driver

2019-06-26 17:19:47 - [MESSAGE][INFO] - Action delay is set to 0 seconds

2019-06-26 17:19:51 - [MESSAGE][PASSED] - Browser is opened with url: ''

2019-06-26 17:19:51 - [TEST_STEP][PASSED] - navigateToUrl(Url): Navigate to 'http://dev.chiragh.com/' successfully

2019-06-26 17:19:51 - [MESSAGE][WARNING] - Test object with id 'Object Repository/property by name/Page_Chiragh/h2_Project 51468 Penthouse wit' does not exist

2019-06-26 17:20:46 - [MESSAGE][PASSED] - Navigate to 'http://dev.chiragh.com/' successfully

2019-06-26 17:20:46 - [TEST_STEP][PASSED] - waitForPageLoad(10): Wait for page load successfully

2019-06-26 17:20:46 - [MESSAGE][PASSED] - Wait for page load successfully

2019-06-26 17:20:46 - [TEST_STEP][PASSED] - maximizeWindow(): Current window maximized

2019-06-26 17:20:47 - [MESSAGE][PASSED] - Current window maximized

2019-06-26 17:20:47 - [TEST_STEP][PASSED] - delay(3): Delayed 3 second(s)

2019-06-26 17:20:51 - [MESSAGE][PASSED] - Delayed 3 second(s)

2019-06-26 17:20:51 - [TEST_STEP][PASSED] - click(findTestObject("Object Repository/Property(owner)/individual owner/a_Sell")): Object: 'Object Repository/Property(owner)/individual owner/a_Sell' is clicked on

2019-06-26 17:20:51 - [MESSAGE][PASSED] - Object: 'Object Repository/Property(owner)/individual owner/a_Sell' is clicked on

2019-06-26 17:20:51 - [TEST_STEP][PASSED] - waitForPageLoad(15): Wait for page load successfully

2019-06-26 17:20:51 - [MESSAGE][PASSED] - Wait for page load successfully

2019-06-26 17:20:51 - [TEST_STEP][PASSED] - setText(findTestObject("Object Repository/Property(owner)/individual owner/input_Sign In_userName"), userName): Text 'bcmuser' is set on object 'Object Repository/Property(owner)/individual owner/input_Sign In_userName'

2019-06-26 17:21:02 - [MESSAGE][PASSED] - Text 'bcmuser' is set on object 'Object Repository/Property(owner)/individual owner/input_Sign In_userName'

2019-06-26 17:21:02 - [TEST_STEP][PASSED] - setText(findTestObject("Object Repository/Property(owner)/individual owner/input_Sign In_userPassword"), passWord): Text '1234567890' is set on object 'Object Repository/Property(owner)/individual owner/input_Sign In_userPassword'

2019-06-26 17:21:03 - [MESSAGE][PASSED] - Text '1234567890' is set on object 'Object Repository/Property(owner)/individual owner/input_Sign In_userPassword'

2019-06-26 17:21:03 - [TEST_STEP][PASSED] - click(findTestObject("Object Repository/Property(owner)/individual owner/button_Sign In")): Object: 'Object Repository/Property(owner)/individual owner/button_Sign In' is clicked on

2019-06-26 17:21:03 - [MESSAGE][PASSED] - Object: 'Object Repository/Property(owner)/individual owner/button_Sign In' is clicked on

2019-06-26 17:21:03 - [TEST_STEP][PASSED] - setText(findTestObject("Property(owner)/individual owner/owner/Page_Chiragh/input_First Name_userFirstName"), ownerfirst): Text 'George' is set on object 'Object Repository/Property(owner)/individual owner/owner/Page_Chiragh/input_First Name_userFirstName'

2019-06-26 17:21:05 - [MESSAGE][PASSED] - Text 'George' is set on object 'Object Repository/Property(owner)/individual owner/owner/Page_Chiragh/input_First Name_userFirstName'

2019-06-26 17:21:05 - [TEST_STEP][PASSED] - setText(findTestObject("Property(owner)/individual owner/owner/Page_Chiragh/input_Middle Name_userMiddleNa"), ownermiddle): Text 'Jamie' is set on object 'Object Repository/Property(owner)/individual owner/owner/Page_Chiragh/input_Middle Name_userMiddleNa'

2019-06-26 17:21:06 - [MESSAGE][PASSED] - Text 'Jamie' is set on object 'Object Repository/Property(owner)/individual owner/owner/Page_Chiragh/input_Middle Name_userMiddleNa'

2019-06-26 17:21:06 - [TEST_STEP][PASSED] - setText(findTestObject("Property(owner)/individual owner/owner/Page_Chiragh/input_Last Name_userLastName"), ownerlast): Text 'Stan' is set on object 'Object Repository/Property(owner)/individual owner/owner/Page_Chiragh/input_Last Name_userLastName'

2019-06-26 17:21:06 - [MESSAGE][PASSED] - Text 'Stan' is set on object 'Object Repository/Property(owner)/individual owner/owner/Page_Chiragh/input_Last Name_userLastName'

2019-06-26 17:21:06 - [TEST_STEP][PASSED] - delay(5): Delayed 5 second(s)

2019-06-26 17:21:11 - [MESSAGE][PASSED] - Delayed 5 second(s)

2019-06-26 17:21:11 - [TEST_STEP][PASSED] - click(findTestObject("Property(owner)/individual owner/owner/Page_Chiragh/span_Emirati")): Object: 'Object Repository/Property(owner)/individual owner/owner/Page_Chiragh/span_Emirati' is clicked on

2019-06-26 17:21:11 - [MESSAGE][PASSED] - Object: 'Object Repository/Property(owner)/individual owner/owner/Page_Chiragh/span_Emirati' is clicked on

2019-06-26 17:21:11 - [TEST_STEP][PASSED] - setText(findTestObject("Object Repository/Property(owner)/individual owner/owner/new nationality dropdown/Page_Chiragh/input"), "Emirati"): Text 'Emirati' is set on object 'Object Repository/Property(owner)/individual owner/owner/new nationality dropdown/Page_Chiragh/input'

2019-06-26 17:21:12 - [MESSAGE][PASSED] - Text 'Emirati' is set on object 'Object Repository/Property(owner)/individual owner/owner/new nationality dropdown/Page_Chiragh/input'

2019-06-26 17:21:12 - [TEST_STEP][PASSED] - sendKeys(findTestObject("Object Repository/Property(owner)/individual owner/owner/new nationality dropdown/Page_Chiragh/input"), Keys.chord(ENTER)): Keys 'ENTER + ' sent to object: 'Object Repository/Property(owner)/individual owner/owner/new nationality dropdown/Page_Chiragh/input'

2019-06-26 17:21:12 - [MESSAGE][PASSED] - Keys 'ENTER + ' sent to object: 'Object Repository/Property(owner)/individual owner/owner/new nationality dropdown/Page_Chiragh/input'

2019-06-26 17:21:12 - [TEST_STEP][PASSED] - ownerpassport = RandomStringUtils.randomNumeric(7): null

2019-06-26 17:21:12 - [TEST_STEP][PASSED] - setText(findTestObject("Property(owner)/individual owner/owner/Page_Chiragh/input_Passport Number_passport"), ownerpassport): Text '5544183' is set on object 'Object Repository/Property(owner)/individual owner/owner/Page_Chiragh/input_Passport Number_passport'

2019-06-26 17:21:12 - [MESSAGE][PASSED] - Text '5544183' is set on object 'Object Repository/Property(owner)/individual owner/owner/Page_Chiragh/input_Passport Number_passport'

2019-06-26 17:21:12 - [TEST_STEP][PASSED] - click(findTestObject("Property(owner)/individual owner/owner/Page_Chiragh/mat-form-field_Passport Expiry")): Object: 'Object Repository/Property(owner)/individual owner/owner/Page_Chiragh/mat-form-field_Passport Expiry' is clicked on

2019-06-26 17:21:12 - [MESSAGE][PASSED] - Object: 'Object Repository/Property(owner)/individual owner/owner/Page_Chiragh/mat-form-field_Passport Expiry' is clicked on

2019-06-26 17:21:12 - [TEST_STEP][PASSED] - click(findTestObject("Property(owner)/individual owner/owner/Page_Chiragh/button_Passport Expiry Date_ma")): Object: 'Object Repository/Property(owner)/individual owner/owner/Page_Chiragh/button_Passport Expiry Date_ma' is clicked on

2019-06-26 17:21:12 - [MESSAGE][PASSED] - Object: 'Object Repository/Property(owner)/individual owner/owner/Page_Chiragh/button_Passport Expiry Date_ma' is clicked on

2019-06-26 17:21:12 - [TEST_STEP][PASSED] - click(findTestObject("Property(owner)/individual owner/owner/Page_Chiragh/div_30")): Object: 'Object Repository/Property(owner)/individual owner/owner/Page_Chiragh/div_30' is clicked on

2019-06-26 17:21:13 - [MESSAGE][PASSED] - Object: 'Object Repository/Property(owner)/individual owner/owner/Page_Chiragh/div_30' is clicked on

2019-06-26 17:21:13 - [TEST_STEP][PASSED] - owneridcard = RandomStringUtils.randomNumeric(7): null

2019-06-26 17:21:13 - [TEST_STEP][PASSED] - setText(findTestObject("Property(owner)/individual owner/owner/Page_Chiragh/input_ID Card Number_idCardNo"), owneridcard): Text '6887981' is set on object 'Object Repository/Property(owner)/individual owner/owner/Page_Chiragh/input_ID Card Number_idCardNo'

2019-06-26 17:21:13 - [MESSAGE][PASSED] - Text '6887981' is set on object 'Object Repository/Property(owner)/individual owner/owner/Page_Chiragh/input_ID Card Number_idCardNo'

2019-06-26 17:21:13 - [TEST_STEP][PASSED] - click(findTestObject("Property(owner)/individual owner/owner/Page_Chiragh/div_ID Card Expiry Date_mat-fo")): Object: 'Object Repository/Property(owner)/individual owner/owner/Page_Chiragh/div_ID Card Expiry Date_mat-fo' is clicked on

2019-06-26 17:21:13 - [MESSAGE][PASSED] - Object: 'Object Repository/Property(owner)/individual owner/owner/Page_Chiragh/div_ID Card Expiry Date_mat-fo' is clicked on

2019-06-26 17:21:13 - [TEST_STEP][PASSED] - click(findTestObject("Property(owner)/individual owner/owner/Page_Chiragh/button_ID Card Expiry Date_mat")): Object: 'Object Repository/Property(owner)/individual owner/owner/Page_Chiragh/button_ID Card Expiry Date_mat' is clicked on

2019-06-26 17:21:13 - [MESSAGE][PASSED] - Object: 'Object Repository/Property(owner)/individual owner/owner/Page_Chiragh/button_ID Card Expiry Date_mat' is clicked on

2019-06-26 17:21:13 - [TEST_STEP][PASSED] - click(findTestObject("Property(owner)/individual owner/owner/Page_Chiragh/td_29")): Object: 'Object Repository/Property(owner)/individual owner/owner/Page_Chiragh/td_29' is clicked on

2019-06-26 17:21:14 - [MESSAGE][PASSED] - Object: 'Object Repository/Property(owner)/individual owner/owner/Page_Chiragh/td_29' is clicked on

2019-06-26 17:21:14 - [TEST_STEP][PASSED] - click(findTestObject("Object Repository/Property(owner)/individual owner/span_(228) Togo")): Object: 'Object Repository/Property(owner)/individual owner/span_(228) Togo' is clicked on

2019-06-26 17:21:14 - [MESSAGE][PASSED] - Object: 'Object Repository/Property(owner)/individual owner/span_(228) Togo' is clicked on

2019-06-26 17:21:14 - [TEST_STEP][PASSED] - setText(findTestObject("Object Repository/Property(owner)/individual owner/phone code/Page_Chiragh/input"), "971"): Text '971' is set on object 'Object Repository/Property(owner)/individual owner/phone code/Page_Chiragh/input'

2019-06-26 17:21:14 - [MESSAGE][PASSED] - Text '971' is set on object 'Object Repository/Property(owner)/individual owner/phone code/Page_Chiragh/input'

2019-06-26 17:21:14 - [TEST_STEP][PASSED] - sendKeys(findTestObject("Object Repository/Property(owner)/individual owner/phone code/Page_Chiragh/input"), Keys.chord(ENTER)): Keys 'ENTER + ' sent to object: 'Object Repository/Property(owner)/individual owner/phone code/Page_Chiragh/input'

2019-06-26 17:21:14 - [MESSAGE][PASSED] - Keys 'ENTER + ' sent to object: 'Object Repository/Property(owner)/individual owner/phone code/Page_Chiragh/input'

2019-06-26 17:21:14 - [TEST_STEP][PASSED] - ownerphno = RandomStringUtils.randomNumeric(8): null

2019-06-26 17:21:14 - [TEST_STEP][PASSED] - setText(findTestObject("Object Repository/Property(owner)/individual owner/input_Phone Number_telephone"), ownerphno): Text '66353649' is set on object 'Object Repository/Property(owner)/individual owner/input_Phone Number_telephone'

2019-06-26 17:21:14 - [MESSAGE][PASSED] - Text '66353649' is set on object 'Object Repository/Property(owner)/individual owner/input_Phone Number_telephone'

2019-06-26 17:21:14 - [TEST_STEP][PASSED] - click(findTestObject("Object Repository/Property(owner)/individual owner/span_(971) United Arab Emirate")): Object: 'Object Repository/Property(owner)/individual owner/span_(971) United Arab Emirate' is clicked on

2019-06-26 17:21:15 - [MESSAGE][PASSED] - Object: 'Object Repository/Property(owner)/individual owner/span_(971) United Arab Emirate' is clicked on

2019-06-26 17:21:15 - [TEST_STEP][PASSED] - setText(findTestObject("Object Repository/Property(owner)/individual owner/owner/mobile code/Page_Chiragh/input"), "971"): Text '971' is set on object 'Object Repository/Property(owner)/individual owner/owner/mobile code/Page_Chiragh/input'

2019-06-26 17:21:15 - [MESSAGE][PASSED] - Text '971' is set on object 'Object Repository/Property(owner)/individual owner/owner/mobile code/Page_Chiragh/input'

2019-06-26 17:21:15 - [TEST_STEP][PASSED] - sendKeys(findTestObject("Object Repository/Property(owner)/individual owner/owner/mobile code/Page_Chiragh/input"), Keys.chord(ENTER)): Keys 'ENTER + ' sent to object: 'Object Repository/Property(owner)/individual owner/owner/mobile code/Page_Chiragh/input'

2019-06-26 17:21:15 - [MESSAGE][PASSED] - Keys 'ENTER + ' sent to object: 'Object Repository/Property(owner)/individual owner/owner/mobile code/Page_Chiragh/input'

2019-06-26 17:21:15 - [TEST_STEP][PASSED] - ownermobno = RandomStringUtils.randomNumeric(8): null

2019-06-26 17:21:15 - [TEST_STEP][PASSED] - setText(findTestObject("Object Repository/Property(owner)/individual owner/input_Mobile Number_mobile"), ownermobno): Text '41057774' is set on object 'Object Repository/Property(owner)/individual owner/input_Mobile Number_mobile'

2019-06-26 17:21:15 - [MESSAGE][PASSED] - Text '41057774' is set on object 'Object Repository/Property(owner)/individual owner/input_Mobile Number_mobile'

2019-06-26 17:21:15 - [TEST_STEP][PASSED] - owneremail = RandomStringUtils.randomAlphanumeric(3): null

2019-06-26 17:21:15 - [TEST_STEP][PASSED] - setText(findTestObject("Object Repository/Property(owner)/individual owner/input_Email_email"), owneremail + "@gmail.com"): Text 'cyB@gmail.com' is set on object 'Object Repository/Property(owner)/individual owner/input_Email_email'

2019-06-26 17:21:16 - [MESSAGE][PASSED] - Text 'cyB@gmail.com' is set on object 'Object Repository/Property(owner)/individual owner/input_Email_email'

2019-06-26 17:21:16 - [TEST_STEP][PASSED] - setText(findTestObject("Object Repository/Property(owner)/individual owner/input_Address_userAddress"), owneraddress): Text '5261 Melody Via' is set on object 'Object Repository/Property(owner)/individual owner/input_Address_userAddress'

2019-06-26 17:21:16 - [MESSAGE][PASSED] - Text '5261 Melody Via' is set on object 'Object Repository/Property(owner)/individual owner/input_Address_userAddress'

2019-06-26 17:21:16 - [TEST_STEP][PASSED] - click(findTestObject("Object Repository/Property(owner)/individual owner/span_United Arab Emirates")): Object: 'Object Repository/Property(owner)/individual owner/span_United Arab Emirates' is clicked on

2019-06-26 17:21:16 - [MESSAGE][PASSED] - Object: 'Object Repository/Property(owner)/individual owner/span_United Arab Emirates' is clicked on

2019-06-26 17:21:16 - [TEST_STEP][PASSED] - setText(findTestObject("Object Repository/Property(owner)/individual owner/owner/country/Page_Chiragh/input"), "Arab E"): Text 'Arab E' is set on object 'Object Repository/Property(owner)/individual owner/owner/country/Page_Chiragh/input'

2019-06-26 17:21:17 - [MESSAGE][PASSED] - Text 'Arab E' is set on object 'Object Repository/Property(owner)/individual owner/owner/country/Page_Chiragh/input'

2019-06-26 17:21:17 - [TEST_STEP][PASSED] - sendKeys(findTestObject("Object Repository/Property(owner)/individual owner/owner/country/Page_Chiragh/input"), Keys.chord(ENTER)): Keys 'ENTER + ' sent to object: 'Object Repository/Property(owner)/individual owner/owner/country/Page_Chiragh/input'

2019-06-26 17:21:17 - [MESSAGE][PASSED] - Keys 'ENTER + ' sent to object: 'Object Repository/Property(owner)/individual owner/owner/country/Page_Chiragh/input'

2019-06-26 17:21:17 - [TEST_STEP][PASSED] - click(findTestObject("Object Repository/Property(owner)/individual owner/span_Sharjah")): Object: 'Object Repository/Property(owner)/individual owner/span_Sharjah' is clicked on

2019-06-26 17:21:17 - [MESSAGE][PASSED] - Object: 'Object Repository/Property(owner)/individual owner/span_Sharjah' is clicked on

2019-06-26 17:21:17 - [TEST_STEP][PASSED] - setText(findTestObject("Object Repository/Property(owner)/individual owner/owner/country/Page_Chiragh/input"), "SH"): Text 'SH' is set on object 'Object Repository/Property(owner)/individual owner/owner/country/Page_Chiragh/input'

2019-06-26 17:21:17 - [MESSAGE][PASSED] - Text 'SH' is set on object 'Object Repository/Property(owner)/individual owner/owner/country/Page_Chiragh/input'

2019-06-26 17:21:17 - [TEST_STEP][PASSED] - sendKeys(findTestObject("Object Repository/Property(owner)/individual owner/owner/country/Page_Chiragh/input"), Keys.chord(ENTER)): Keys 'ENTER + ' sent to object: 'Object Repository/Property(owner)/individual owner/owner/country/Page_Chiragh/input'

2019-06-26 17:21:17 - [MESSAGE][PASSED] - Keys 'ENTER + ' sent to object: 'Object Repository/Property(owner)/individual owner/owner/country/Page_Chiragh/input'

2019-06-26 17:21:17 - [TEST_STEP][PASSED] - ownerpobox = RandomStringUtils.randomNumeric(8): null

2019-06-26 17:21:17 - [TEST_STEP][PASSED] - setText(findTestObject("Object Repository/Property(owner)/individual owner/input_P.O.Box_pobox"), ownerpobox): Text '31714183' is set on object 'Object Repository/Property(owner)/individual owner/input_P.O.Box_pobox'

2019-06-26 17:21:17 - [MESSAGE][PASSED] - Text '31714183' is set on object 'Object Repository/Property(owner)/individual owner/input_P.O.Box_pobox'

2019-06-26 17:21:17 - [TEST_STEP][PASSED] - scrollToElement(findTestObject("Object Repository/Property(owner)/individual owner/div_jpg png pdf accepted with"), 3): Scroll to object 'Object Repository/Property(owner)/individual owner/div_jpg png pdf accepted with' successfully

2019-06-26 17:21:18 - [MESSAGE][PASSED] - Scroll to object 'Object Repository/Property(owner)/individual owner/div_jpg png pdf accepted with' successfully

2019-06-26 17:21:18 - [TEST_STEP][PASSED] - verifyElementPresent(findTestObject("Object Repository/Property(owner)/individual owner/div_jpg png pdf accepted with"), 5): Object 'Object Repository/Property(owner)/individual owner/div_jpg png pdf accepted with' is present

2019-06-26 17:21:18 - [MESSAGE][PASSED] - Object 'Object Repository/Property(owner)/individual owner/div_jpg png pdf accepted with' is present

2019-06-26 17:21:18 - [TEST_STEP][PASSED] - uploadFile(findTestObject("Object Repository/Property(owner)/individual owner/div_Upload_upload-doc-div"), "C:\Users\HP\Katalon Studio\register\Include\images\Scanned Passport Copy.png"): File 'C:\Users\HP\Katalon Studio\register\Include\images\Scanned Passport Copy.png' sent to object: 'Object Repository/Property(owner)/individual owner/div_Upload_upload-doc-div'

2019-06-26 17:21:18 - [MESSAGE][PASSED] - File 'C:\Users\HP\Katalon Studio\register\Include\images\Scanned Passport Copy.png' sent to object: 'Object Repository/Property(owner)/individual owner/div_Upload_upload-doc-div'

2019-06-26 17:21:18 - [TEST_STEP][PASSED] - delay(5): Delayed 5 second(s)

2019-06-26 17:21:23 - [MESSAGE][PASSED] - Delayed 5 second(s)

2019-06-26 17:21:23 - [TEST_STEP][PASSED] - click(findTestObject("Object Repository/Property(owner)/individual owner/button_Next")): Object: 'Object Repository/Property(owner)/individual owner/button_Next' is clicked on

2019-06-26 17:21:23 - [MESSAGE][PASSED] - Object: 'Object Repository/Property(owner)/individual owner/button_Next' is clicked on

2019-06-26 17:21:23 - [TEST_STEP][PASSED] - verifyElementPresent(findTestObject("Object Repository/Property(owner)/individual owner/snack-bar-container_Data  Save"), 5): Object 'Object Repository/Property(owner)/individual owner/snack-bar-container_Data  Save' is present

2019-06-26 17:21:25 - [MESSAGE][PASSED] - Object 'Object Repository/Property(owner)/individual owner/snack-bar-container_Data  Save' is present

2019-06-26 17:21:25 - [TEST_STEP][PASSED] - verifyElementPresent(findTestObject("Object Repository/Property(owner)/individual owner/span_Data  Saved Successfully"), 5): Object 'Object Repository/Property(owner)/individual owner/span_Data  Saved Successfully' is present

2019-06-26 17:21:25 - [MESSAGE][PASSED] - Object 'Object Repository/Property(owner)/individual owner/span_Data  Saved Successfully' is present

2019-06-26 17:21:25 - [TEST_STEP][PASSED] - verifyElementPresent(findTestObject("Object Repository/Property(owner)/poa/Page_Chiragh/form_POA Details POA StatusSel"), 5): Object 'Object Repository/Property(owner)/poa/Page_Chiragh/form_POA Details POA StatusSel' is present

2019-06-26 17:21:25 - [MESSAGE][PASSED] - Object 'Object Repository/Property(owner)/poa/Page_Chiragh/form_POA Details POA StatusSel' is present

2019-06-26 17:21:25 - [TEST_STEP][PASSED] - click(findTestObject("Object Repository/Property(owner)/poa/Page_Chiragh/button_Close")): Object: 'Object Repository/Property(owner)/poa/Page_Chiragh/button_Close' is clicked on

2019-06-26 17:21:25 - [MESSAGE][PASSED] - Object: 'Object Repository/Property(owner)/poa/Page_Chiragh/button_Close' is clicked on

2019-06-26 17:21:25 - [TEST_STEP][PASSED] - delay(3): Delayed 3 second(s)

2019-06-26 17:21:28 - [MESSAGE][PASSED] - Delayed 3 second(s)

2019-06-26 17:21:28 - [TEST_STEP][PASSED] - click(findTestObject("Object Repository/Property(owner)/poa/Page_Chiragh/mat-select_Select One")): Object: 'Object Repository/Property(owner)/poa/Page_Chiragh/mat-select_Select One' is clicked on

2019-06-26 17:21:28 - [MESSAGE][PASSED] - Object: 'Object Repository/Property(owner)/poa/Page_Chiragh/mat-select_Select One' is clicked on

2019-06-26 17:21:28 - [TEST_STEP][PASSED] - verifyElementPresent(findTestObject("Object Repository/Property(owner)/poa/Page_Chiragh/span_Yes"), 5): Object 'Object Repository/Property(owner)/poa/Page_Chiragh/span_Yes' is present

2019-06-26 17:21:29 - [MESSAGE][PASSED] - Object 'Object Repository/Property(owner)/poa/Page_Chiragh/span_Yes' is present

2019-06-26 17:21:29 - [TEST_STEP][PASSED] - click(findTestObject("Object Repository/Property(owner)/poa/Page_Chiragh/span_Yes")): Object: 'Object Repository/Property(owner)/poa/Page_Chiragh/span_Yes' is clicked on

2019-06-26 17:21:29 - [MESSAGE][PASSED] - Object: 'Object Repository/Property(owner)/poa/Page_Chiragh/span_Yes' is clicked on

2019-06-26 17:21:29 - [TEST_STEP][PASSED] - setText(findTestObject("Object Repository/Property(owner)/poa/Page_Chiragh/input_First Name_userFirstName"), poafirst): Text 'Horacio' is set on object 'Object Repository/Property(owner)/poa/Page_Chiragh/input_First Name_userFirstName'

2019-06-26 17:21:29 - [MESSAGE][PASSED] - Text 'Horacio' is set on object 'Object Repository/Property(owner)/poa/Page_Chiragh/input_First Name_userFirstName'

2019-06-26 17:21:29 - [TEST_STEP][PASSED] - setText(findTestObject("Object Repository/Property(owner)/poa/Page_Chiragh/input_Middle Name_userMiddleNa"), poamiddle): Text 'Madeline' is set on object 'Object Repository/Property(owner)/poa/Page_Chiragh/input_Middle Name_userMiddleNa'

2019-06-26 17:21:29 - [MESSAGE][PASSED] - Text 'Madeline' is set on object 'Object Repository/Property(owner)/poa/Page_Chiragh/input_Middle Name_userMiddleNa'

2019-06-26 17:21:29 - [TEST_STEP][PASSED] - setText(findTestObject("Object Repository/Property(owner)/poa/Page_Chiragh/input_Last Name_userLastName"), poalast): Text 'Mustafa' is set on object 'Object Repository/Property(owner)/poa/Page_Chiragh/input_Last Name_userLastName'

2019-06-26 17:21:29 - [MESSAGE][PASSED] - Text 'Mustafa' is set on object 'Object Repository/Property(owner)/poa/Page_Chiragh/input_Last Name_userLastName'

2019-06-26 17:21:29 - [TEST_STEP][PASSED] - delay(3): Delayed 3 second(s)

2019-06-26 17:21:32 - [MESSAGE][PASSED] - Delayed 3 second(s)

2019-06-26 17:21:32 - [TEST_STEP][PASSED] - click(findTestObject("Object Repository/Property(owner)/poa/poa nationality/Page_Chiragh/Page_Chiragh/div_Select nationality (1)")): Object: 'Object Repository/Property(owner)/poa/poa nationality/Page_Chiragh/Page_Chiragh/div_Select nationality (1)' is clicked on

2019-06-26 17:21:33 - [MESSAGE][PASSED] - Object: 'Object Repository/Property(owner)/poa/poa nationality/Page_Chiragh/Page_Chiragh/div_Select nationality (1)' is clicked on

2019-06-26 17:21:33 - [TEST_STEP][PASSED] - setText(findTestObject("Object Repository/Property(owner)/poa/poa nationality/Page_Chiragh/Page_Chiragh/input"), "Pakistani"): Text 'Pakistani' is set on object 'Object Repository/Property(owner)/poa/poa nationality/Page_Chiragh/Page_Chiragh/input'

2019-06-26 17:21:33 - [MESSAGE][PASSED] - Text 'Pakistani' is set on object 'Object Repository/Property(owner)/poa/poa nationality/Page_Chiragh/Page_Chiragh/input'

2019-06-26 17:21:33 - [TEST_STEP][PASSED] - sendKeys(findTestObject("Object Repository/Property(owner)/poa/poa nationality/Page_Chiragh/Page_Chiragh/input"), Keys.chord(ENTER)): Keys 'ENTER + ' sent to object: 'Object Repository/Property(owner)/poa/poa nationality/Page_Chiragh/Page_Chiragh/input'

2019-06-26 17:21:33 - [MESSAGE][PASSED] - Keys 'ENTER + ' sent to object: 'Object Repository/Property(owner)/poa/poa nationality/Page_Chiragh/Page_Chiragh/input'

2019-06-26 17:21:33 - [TEST_STEP][PASSED] - poapassport = RandomStringUtils.randomNumeric(7): null

2019-06-26 17:21:33 - [TEST_STEP][PASSED] - setText(findTestObject("Object Repository/Property(owner)/poa/Page_Chiragh/input_Passport Number_passport"), poapassport): Text '9946558' is set on object 'Object Repository/Property(owner)/poa/Page_Chiragh/input_Passport Number_passport'

2019-06-26 17:21:34 - [MESSAGE][PASSED] - Text '9946558' is set on object 'Object Repository/Property(owner)/poa/Page_Chiragh/input_Passport Number_passport'

2019-06-26 17:21:34 - [TEST_STEP][PASSED] - click(findTestObject("Object Repository/Property(owner)/poa/Page_Chiragh/div_Passport Expiry Date_mat-f")): Object: 'Object Repository/Property(owner)/poa/Page_Chiragh/div_Passport Expiry Date_mat-f' is clicked on

2019-06-26 17:21:34 - [MESSAGE][PASSED] - Object: 'Object Repository/Property(owner)/poa/Page_Chiragh/div_Passport Expiry Date_mat-f' is clicked on

2019-06-26 17:21:34 - [TEST_STEP][PASSED] - click(findTestObject("Object Repository/Property(owner)/poa/Page_Chiragh/button_Passport Expiry Date_ma")): Object: 'Object Repository/Property(owner)/poa/Page_Chiragh/button_Passport Expiry Date_ma' is clicked on

2019-06-26 17:21:34 - [MESSAGE][PASSED] - Object: 'Object Repository/Property(owner)/poa/Page_Chiragh/button_Passport Expiry Date_ma' is clicked on

2019-06-26 17:21:34 - [TEST_STEP][PASSED] - click(findTestObject("Object Repository/Property(owner)/poa/Page_Chiragh/Page_Chiragh/button_FEB 2019")): Object: 'Object Repository/Property(owner)/poa/Page_Chiragh/Page_Chiragh/button_FEB 2019' is clicked on

2019-06-26 17:21:34 - [MESSAGE][PASSED] - Object: 'Object Repository/Property(owner)/poa/Page_Chiragh/Page_Chiragh/button_FEB 2019' is clicked on

2019-06-26 17:21:34 - [TEST_STEP][PASSED] - click(findTestObject("Object Repository/Property(owner)/poa/Page_Chiragh/div_2021")): Object: 'Object Repository/Property(owner)/poa/Page_Chiragh/div_2021' is clicked on

2019-06-26 17:21:34 - [MESSAGE][PASSED] - Object: 'Object Repository/Property(owner)/poa/Page_Chiragh/div_2021' is clicked on

2019-06-26 17:21:34 - [TEST_STEP][PASSED] - click(findTestObject("Object Repository/Property(owner)/poa/Page_Chiragh/div_DEC")): Object: 'Object Repository/Property(owner)/poa/Page_Chiragh/div_DEC' is clicked on

2019-06-26 17:21:34 - [MESSAGE][PASSED] - Object: 'Object Repository/Property(owner)/poa/Page_Chiragh/div_DEC' is clicked on

2019-06-26 17:21:34 - [TEST_STEP][PASSED] - click(findTestObject("Object Repository/Property(owner)/poa/Page_Chiragh/div_27"), STOP_ON_FAILURE): Object: 'Object Repository/Property(owner)/poa/Page_Chiragh/div_27' is clicked on

2019-06-26 17:21:35 - [MESSAGE][PASSED] - Object: 'Object Repository/Property(owner)/poa/Page_Chiragh/div_27' is clicked on

2019-06-26 17:21:35 - [TEST_STEP][PASSED] - poaidcard = RandomStringUtils.randomNumeric(7): null

2019-06-26 17:21:35 - [TEST_STEP][PASSED] - setText(findTestObject("Object Repository/Property(owner)/poa/Page_Chiragh/input_ID Card Number_idCardNo"), poaidcard): Text '7840739' is set on object 'Object Repository/Property(owner)/poa/Page_Chiragh/input_ID Card Number_idCardNo'

2019-06-26 17:21:35 - [MESSAGE][PASSED] - Text '7840739' is set on object 'Object Repository/Property(owner)/poa/Page_Chiragh/input_ID Card Number_idCardNo'

2019-06-26 17:21:35 - [TEST_STEP][PASSED] - delay(3): Delayed 3 second(s)

2019-06-26 17:21:38 - [MESSAGE][PASSED] - Delayed 3 second(s)

2019-06-26 17:21:38 - [TEST_STEP][PASSED] - click(findTestObject("Object Repository/Property(owner)/poa/Page_Chiragh/mat-form-field_ID Card Expiry")): Object: 'Object Repository/Property(owner)/poa/Page_Chiragh/mat-form-field_ID Card Expiry' is clicked on

2019-06-26 17:21:38 - [MESSAGE][PASSED] - Object: 'Object Repository/Property(owner)/poa/Page_Chiragh/mat-form-field_ID Card Expiry' is clicked on

2019-06-26 17:21:38 - [TEST_STEP][PASSED] - click(findTestObject("Object Repository/Property(owner)/poa/Page_Chiragh/button_ID Card Expiry Date_mat")): Object: 'Object Repository/Property(owner)/poa/Page_Chiragh/button_ID Card Expiry Date_mat' is clicked on

2019-06-26 17:21:38 - [MESSAGE][PASSED] - Object: 'Object Repository/Property(owner)/poa/Page_Chiragh/button_ID Card Expiry Date_mat' is clicked on

2019-06-26 17:21:38 - [TEST_STEP][PASSED] - click(findTestObject("Object Repository/Property(owner)/poa/id card expiry/Page_Chiragh/button_JAN 2019")): Object: 'Object Repository/Property(owner)/poa/id card expiry/Page_Chiragh/button_JAN 2019' is clicked on

2019-06-26 17:21:38 - [MESSAGE][PASSED] - Object: 'Object Repository/Property(owner)/poa/id card expiry/Page_Chiragh/button_JAN 2019' is clicked on

2019-06-26 17:21:38 - [TEST_STEP][PASSED] - verifyElementPresent(findTestObject("Object Repository/Property(owner)/poa/id card expiry/Page_Chiragh/div_20162017201820192020202120"), 5): Object 'Object Repository/Property(owner)/poa/id card expiry/Page_Chiragh/div_20162017201820192020202120' is present

2019-06-26 17:21:38 - [MESSAGE][PASSED] - Object 'Object Repository/Property(owner)/poa/id card expiry/Page_Chiragh/div_20162017201820192020202120' is present

2019-06-26 17:21:38 - [TEST_STEP][PASSED] - click(findTestObject("Object Repository/Property(owner)/poa/id card expiry/Page_Chiragh/div_2021")): Object: 'Object Repository/Property(owner)/poa/id card expiry/Page_Chiragh/div_2021' is clicked on

2019-06-26 17:21:39 - [MESSAGE][PASSED] - Object: 'Object Repository/Property(owner)/poa/id card expiry/Page_Chiragh/div_2021' is clicked on

2019-06-26 17:21:39 - [TEST_STEP][PASSED] - click(findTestObject("Object Repository/Property(owner)/poa/id card expiry/Page_Chiragh/div_SEP")): Object: 'Object Repository/Property(owner)/poa/id card expiry/Page_Chiragh/div_SEP' is clicked on

2019-06-26 17:21:39 - [MESSAGE][PASSED] - Object: 'Object Repository/Property(owner)/poa/id card expiry/Page_Chiragh/div_SEP' is clicked on

2019-06-26 17:21:39 - [TEST_STEP][PASSED] - click(findTestObject("Object Repository/Property(owner)/poa/id card expiry/Page_Chiragh/div_16"), STOP_ON_FAILURE): Object: 'Object Repository/Property(owner)/poa/id card expiry/Page_Chiragh/div_16' is clicked on

2019-06-26 17:21:39 - [MESSAGE][PASSED] - Object: 'Object Repository/Property(owner)/poa/id card expiry/Page_Chiragh/div_16' is clicked on

2019-06-26 17:21:39 - [TEST_STEP][PASSED] - delay(5): Delayed 5 second(s)

2019-06-26 17:21:44 - [MESSAGE][PASSED] - Delayed 5 second(s)

2019-06-26 17:21:44 - [TEST_STEP][PASSED] - click(findTestObject("Object Repository/Property(owner)/poa/Poa phn code/Page_Chiragh/div_Select country code")): Object: 'Object Repository/Property(owner)/poa/Poa phn code/Page_Chiragh/div_Select country code' is clicked on

2019-06-26 17:21:44 - [MESSAGE][PASSED] - Object: 'Object Repository/Property(owner)/poa/Poa phn code/Page_Chiragh/div_Select country code' is clicked on

2019-06-26 17:21:44 - [TEST_STEP][PASSED] - setText(findTestObject("Object Repository/Property(owner)/poa/Poa phn code/Page_Chiragh/input"), "971"): Text '971' is set on object 'Object Repository/Property(owner)/poa/Poa phn code/Page_Chiragh/input'

2019-06-26 17:21:45 - [MESSAGE][PASSED] - Text '971' is set on object 'Object Repository/Property(owner)/poa/Poa phn code/Page_Chiragh/input'

2019-06-26 17:21:45 - [TEST_STEP][PASSED] - sendKeys(findTestObject("Object Repository/Property(owner)/poa/Poa phn code/Page_Chiragh/input"), Keys.chord(ENTER)): Keys 'ENTER + ' sent to object: 'Object Repository/Property(owner)/poa/Poa phn code/Page_Chiragh/input'

2019-06-26 17:21:45 - [MESSAGE][PASSED] - Keys 'ENTER + ' sent to object: 'Object Repository/Property(owner)/poa/Poa phn code/Page_Chiragh/input'

2019-06-26 17:21:45 - [TEST_STEP][PASSED] - poaphnno = RandomStringUtils.randomNumeric(7): null

2019-06-26 17:21:45 - [TEST_STEP][PASSED] - setText(findTestObject("Object Repository/Property(owner)/poa/Page_Chiragh/input_Phone Number_telephone"), poaphnno): Text '5280069' is set on object 'Object Repository/Property(owner)/poa/Page_Chiragh/input_Phone Number_telephone'

2019-06-26 17:21:45 - [MESSAGE][PASSED] - Text '5280069' is set on object 'Object Repository/Property(owner)/poa/Page_Chiragh/input_Phone Number_telephone'

2019-06-26 17:21:45 - [TEST_STEP][PASSED] - click(findTestObject("Object Repository/Property(owner)/poa/Poa phn code/Page_Chiragh/div_Select country code")): Object: 'Object Repository/Property(owner)/poa/Poa phn code/Page_Chiragh/div_Select country code' is clicked on

2019-06-26 17:21:45 - [MESSAGE][PASSED] - Object: 'Object Repository/Property(owner)/poa/Poa phn code/Page_Chiragh/div_Select country code' is clicked on

2019-06-26 17:21:45 - [TEST_STEP][PASSED] - setText(findTestObject("Object Repository/Property(owner)/poa/poa mobile code/Page_Chiragh/input"), "971"): Text '971' is set on object 'Object Repository/Property(owner)/poa/poa mobile code/Page_Chiragh/input'

2019-06-26 17:21:45 - [MESSAGE][PASSED] - Text '971' is set on object 'Object Repository/Property(owner)/poa/poa mobile code/Page_Chiragh/input'

2019-06-26 17:21:45 - [TEST_STEP][PASSED] - sendKeys(findTestObject("Object Repository/Property(owner)/poa/poa mobile code/Page_Chiragh/input"), Keys.chord(ENTER)): Keys 'ENTER + ' sent to object: 'Object Repository/Property(owner)/poa/poa mobile code/Page_Chiragh/input'

2019-06-26 17:21:46 - [MESSAGE][PASSED] - Keys 'ENTER + ' sent to object: 'Object Repository/Property(owner)/poa/poa mobile code/Page_Chiragh/input'

2019-06-26 17:21:46 - [TEST_STEP][PASSED] - poamobno = RandomStringUtils.randomNumeric(7): null

2019-06-26 17:21:46 - [TEST_STEP][PASSED] - setText(findTestObject("Object Repository/Property(owner)/poa/Page_Chiragh/input_Mobile Number_mobile"), poamobno): Text '8154203' is set on object 'Object Repository/Property(owner)/poa/Page_Chiragh/input_Mobile Number_mobile'

2019-06-26 17:21:46 - [MESSAGE][PASSED] - Text '8154203' is set on object 'Object Repository/Property(owner)/poa/Page_Chiragh/input_Mobile Number_mobile'

2019-06-26 17:21:46 - [TEST_STEP][PASSED] - poaemail = RandomStringUtils.randomAlphanumeric(3): null

2019-06-26 17:21:46 - [TEST_STEP][PASSED] - setText(findTestObject("Object Repository/Property(owner)/poa/Page_Chiragh/input_Email_email"), poaemail + "@GMAIL.COM"): Text 'Cao@GMAIL.COM' is set on object 'Object Repository/Property(owner)/poa/Page_Chiragh/input_Email_email'

2019-06-26 17:21:46 - [MESSAGE][PASSED] - Text 'Cao@GMAIL.COM' is set on object 'Object Repository/Property(owner)/poa/Page_Chiragh/input_Email_email'

2019-06-26 17:21:46 - [TEST_STEP][PASSED] - setText(findTestObject("Object Repository/Property(owner)/poa/Page_Chiragh/input_Address_userAddress"), poaaddress): Text '7464 Cole Forge' is set on object 'Object Repository/Property(owner)/poa/Page_Chiragh/input_Address_userAddress'

2019-06-26 17:21:47 - [MESSAGE][PASSED] - Text '7464 Cole Forge' is set on object 'Object Repository/Property(owner)/poa/Page_Chiragh/input_Address_userAddress'

2019-06-26 17:21:47 - [TEST_STEP][PASSED] - click(findTestObject("Object Repository/Property(owner)/poa/country/Page_Chiragh/div_Select country")): Object: 'Object Repository/Property(owner)/poa/country/Page_Chiragh/div_Select country' is clicked on

2019-06-26 17:21:47 - [MESSAGE][PASSED] - Object: 'Object Repository/Property(owner)/poa/country/Page_Chiragh/div_Select country' is clicked on

2019-06-26 17:21:47 - [TEST_STEP][PASSED] - setText(findTestObject("Object Repository/Property(owner)/poa/country/Page_Chiragh/input"), "United Arab Emirates"): Text 'United Arab Emirates' is set on object 'Object Repository/Property(owner)/poa/country/Page_Chiragh/input'

2019-06-26 17:21:48 - [MESSAGE][PASSED] - Text 'United Arab Emirates' is set on object 'Object Repository/Property(owner)/poa/country/Page_Chiragh/input'

2019-06-26 17:21:48 - [TEST_STEP][PASSED] - sendKeys(findTestObject("Object Repository/Property(owner)/poa/country/Page_Chiragh/input"), Keys.chord(ENTER)): Keys 'ENTER + ' sent to object: 'Object Repository/Property(owner)/poa/country/Page_Chiragh/input'

2019-06-26 17:21:48 - [MESSAGE][PASSED] - Keys 'ENTER + ' sent to object: 'Object Repository/Property(owner)/poa/country/Page_Chiragh/input'

2019-06-26 17:21:48 - [TEST_STEP][PASSED] - click(findTestObject("Object Repository/Property(owner)/poa/city/Page_Chiragh/div_Select city")): Object: 'Object Repository/Property(owner)/poa/city/Page_Chiragh/div_Select city' is clicked on

2019-06-26 17:21:48 - [MESSAGE][PASSED] - Object: 'Object Repository/Property(owner)/poa/city/Page_Chiragh/div_Select city' is clicked on

2019-06-26 17:21:48 - [TEST_STEP][PASSED] - setText(findTestObject("Object Repository/Property(owner)/poa/city/Page_Chiragh/input"), "Sharjah"): Text 'Sharjah' is set on object 'Object Repository/Property(owner)/poa/city/Page_Chiragh/input'

2019-06-26 17:21:48 - [MESSAGE][PASSED] - Text 'Sharjah' is set on object 'Object Repository/Property(owner)/poa/city/Page_Chiragh/input'

2019-06-26 17:21:48 - [TEST_STEP][PASSED] - sendKeys(findTestObject("Object Repository/Property(owner)/poa/city/Page_Chiragh/input"), Keys.chord(ENTER)): Keys 'ENTER + ' sent to object: 'Object Repository/Property(owner)/poa/city/Page_Chiragh/input'

2019-06-26 17:21:48 - [MESSAGE][PASSED] - Keys 'ENTER + ' sent to object: 'Object Repository/Property(owner)/poa/city/Page_Chiragh/input'

2019-06-26 17:21:48 - [TEST_STEP][PASSED] - poapobox = RandomStringUtils.randomNumeric(7): null

2019-06-26 17:21:48 - [TEST_STEP][PASSED] - setText(findTestObject("Object Repository/Property(owner)/poa/Page_Chiragh/input_P.O.Box_pobox"), poapobox): Text '1861011' is set on object 'Object Repository/Property(owner)/poa/Page_Chiragh/input_P.O.Box_pobox'

2019-06-26 17:21:48 - [MESSAGE][PASSED] - Text '1861011' is set on object 'Object Repository/Property(owner)/poa/Page_Chiragh/input_P.O.Box_pobox'

2019-06-26 17:21:48 - [TEST_STEP][PASSED] - poano = RandomStringUtils.randomNumeric(7): null

2019-06-26 17:21:48 - [TEST_STEP][PASSED] - setText(findTestObject("Object Repository/Property(owner)/poa/Page_Chiragh/input_POA Number_poaNumber"), poano): Text '2210046' is set on object 'Object Repository/Property(owner)/poa/Page_Chiragh/input_POA Number_poaNumber'

2019-06-26 17:21:49 - [MESSAGE][PASSED] - Text '2210046' is set on object 'Object Repository/Property(owner)/poa/Page_Chiragh/input_POA Number_poaNumber'

2019-06-26 17:21:49 - [TEST_STEP][PASSED] - click(findTestObject("Object Repository/Property(owner)/poa/poa expiry date/Page_Chiragh/div_POA Expiry Date_mat-form-f")): Object: 'Object Repository/Property(owner)/poa/poa expiry date/Page_Chiragh/div_POA Expiry Date_mat-form-f' is clicked on

2019-06-26 17:21:49 - [MESSAGE][PASSED] - Object: 'Object Repository/Property(owner)/poa/poa expiry date/Page_Chiragh/div_POA Expiry Date_mat-form-f' is clicked on

2019-06-26 17:21:49 - [TEST_STEP][PASSED] - click(findTestObject("Object Repository/Property(owner)/poa/poa expiry date/Page_Chiragh/button_POA Expiry Date_mat-ico")): Object: 'Object Repository/Property(owner)/poa/poa expiry date/Page_Chiragh/button_POA Expiry Date_mat-ico' is clicked on

2019-06-26 17:21:49 - [MESSAGE][PASSED] - Object: 'Object Repository/Property(owner)/poa/poa expiry date/Page_Chiragh/button_POA Expiry Date_mat-ico' is clicked on

2019-06-26 17:21:49 - [TEST_STEP][PASSED] - click(findTestObject("Object Repository/Property(owner)/poa/poa expiry date/Page_Chiragh/button_JAN 2019")): Object: 'Object Repository/Property(owner)/poa/poa expiry date/Page_Chiragh/button_JAN 2019' is clicked on

2019-06-26 17:21:49 - [MESSAGE][PASSED] - Object: 'Object Repository/Property(owner)/poa/poa expiry date/Page_Chiragh/button_JAN 2019' is clicked on

2019-06-26 17:21:49 - [TEST_STEP][PASSED] - click(findTestObject("Object Repository/Property(owner)/poa/poa expiry date/Page_Chiragh/div_2021")): Object: 'Object Repository/Property(owner)/poa/poa expiry date/Page_Chiragh/div_2021' is clicked on

2019-06-26 17:21:49 - [MESSAGE][PASSED] - Object: 'Object Repository/Property(owner)/poa/poa expiry date/Page_Chiragh/div_2021' is clicked on

2019-06-26 17:21:49 - [TEST_STEP][PASSED] - click(findTestObject("Object Repository/Property(owner)/poa/poa expiry date/Page_Chiragh/div_AUG")): Object: 'Object Repository/Property(owner)/poa/poa expiry date/Page_Chiragh/div_AUG' is clicked on

2019-06-26 17:21:49 - [MESSAGE][PASSED] - Object: 'Object Repository/Property(owner)/poa/poa expiry date/Page_Chiragh/div_AUG' is clicked on

2019-06-26 17:21:49 - [TEST_STEP][PASSED] - click(findTestObject("Object Repository/Property(owner)/poa/poa expiry date/Page_Chiragh/div_11")): Object: 'Object Repository/Property(owner)/poa/poa expiry date/Page_Chiragh/div_11' is clicked on

2019-06-26 17:21:50 - [MESSAGE][PASSED] - Object: 'Object Repository/Property(owner)/poa/poa expiry date/Page_Chiragh/div_11' is clicked on

2019-06-26 17:21:50 - [TEST_STEP][PASSED] - click(findTestObject("Object Repository/Property(owner)/poa/Page_Chiragh/mat-select_Select One_1")): Object: 'Object Repository/Property(owner)/poa/Page_Chiragh/mat-select_Select One_1' is clicked on

2019-06-26 17:21:50 - [MESSAGE][PASSED] - Object: 'Object Repository/Property(owner)/poa/Page_Chiragh/mat-select_Select One_1' is clicked on

2019-06-26 17:21:50 - [TEST_STEP][PASSED] - click(findTestObject("Object Repository/Property(owner)/poa/Page_Chiragh/mat-option_Individual Property")): Object: 'Object Repository/Property(owner)/poa/Page_Chiragh/mat-option_Individual Property' is clicked on

2019-06-26 17:21:50 - [MESSAGE][PASSED] - Object: 'Object Repository/Property(owner)/poa/Page_Chiragh/mat-option_Individual Property' is clicked on

2019-06-26 17:21:50 - [TEST_STEP][PASSED] - scrollToElement(findTestObject("Object Repository/Property(owner)/poa/Scanned Passport Copy/Page_Chiragh/div_jpg png pdf accepted with"), 5): Scroll to object 'Object Repository/Property(owner)/poa/Scanned Passport Copy/Page_Chiragh/div_jpg png pdf accepted with' successfully

2019-06-26 17:21:50 - [MESSAGE][PASSED] - Scroll to object 'Object Repository/Property(owner)/poa/Scanned Passport Copy/Page_Chiragh/div_jpg png pdf accepted with' successfully

2019-06-26 17:21:50 - [TEST_STEP][PASSED] - verifyElementPresent(findTestObject("Object Repository/Property(owner)/poa/Scanned Passport Copy/Page_Chiragh/div_jpg png pdf accepted with"), 5): Object 'Object Repository/Property(owner)/poa/Scanned Passport Copy/Page_Chiragh/div_jpg png pdf accepted with' is present

2019-06-26 17:21:50 - [MESSAGE][PASSED] - Object 'Object Repository/Property(owner)/poa/Scanned Passport Copy/Page_Chiragh/div_jpg png pdf accepted with' is present

2019-06-26 17:21:50 - [TEST_STEP][PASSED] - delay(6): Delayed 6 second(s)

2019-06-26 17:21:56 - [MESSAGE][PASSED] - Delayed 6 second(s)

2019-06-26 17:21:56 - [TEST_STEP][PASSED] - uploadFile(findTestObject("Object Repository/Property(owner)/poa/Scanned Passport Copy/Page_Chiragh/div_Scanned Passport Copy_doc-"), "C:\Users\HP\Katalon Studio\register\Include\images\Scanned Passport Copy.png"): File 'C:\Users\HP\Katalon Studio\register\Include\images\Scanned Passport Copy.png' sent to object: 'Object Repository/Property(owner)/poa/Scanned Passport Copy/Page_Chiragh/div_Scanned Passport Copy_doc-'

2019-06-26 17:21:56 - [MESSAGE][PASSED] - File 'C:\Users\HP\Katalon Studio\register\Include\images\Scanned Passport Copy.png' sent to object: 'Object Repository/Property(owner)/poa/Scanned Passport Copy/Page_Chiragh/div_Scanned Passport Copy_doc-'

2019-06-26 17:21:56 - [TEST_STEP][PASSED] - scrollToElement(findTestObject("Object Repository/Property(owner)/poa/Scanned Notarized POA/Page_Chiragh/div_Upload_upload-doc-div"), 5): Scroll to object 'Object Repository/Property(owner)/poa/Scanned Notarized POA/Page_Chiragh/div_Upload_upload-doc-div' successfully

2019-06-26 17:21:56 - [MESSAGE][PASSED] - Scroll to object 'Object Repository/Property(owner)/poa/Scanned Notarized POA/Page_Chiragh/div_Upload_upload-doc-div' successfully

2019-06-26 17:21:56 - [TEST_STEP][PASSED] - verifyElementPresent(findTestObject("Object Repository/Property(owner)/poa/Scanned Notarized POA/Page_Chiragh/div_Upload_upload-doc-div"), 5): Object 'Object Repository/Property(owner)/poa/Scanned Notarized POA/Page_Chiragh/div_Upload_upload-doc-div' is present

2019-06-26 17:21:56 - [MESSAGE][PASSED] - Object 'Object Repository/Property(owner)/poa/Scanned Notarized POA/Page_Chiragh/div_Upload_upload-doc-div' is present

2019-06-26 17:21:56 - [TEST_STEP][PASSED] - delay(7): Delayed 7 second(s)

2019-06-26 17:22:03 - [MESSAGE][PASSED] - Delayed 7 second(s)

2019-06-26 17:22:03 - [TEST_STEP][PASSED] - uploadFile(findTestObject("Object Repository/Property(owner)/poa/Scanned Notarized POA/Page_Chiragh/div_(International POA should"), "C:\Users\HP\Katalon Studio\register\Include\images\Scanned Passport Copy.png"): File 'C:\Users\HP\Katalon Studio\register\Include\images\Scanned Passport Copy.png' sent to object: 'Object Repository/Property(owner)/poa/Scanned Notarized POA/Page_Chiragh/div_(International POA should'

2019-06-26 17:22:03 - [MESSAGE][PASSED] - File 'C:\Users\HP\Katalon Studio\register\Include\images\Scanned Passport Copy.png' sent to object: 'Object Repository/Property(owner)/poa/Scanned Notarized POA/Page_Chiragh/div_(International POA should'

2019-06-26 17:22:03 - [TEST_STEP][PASSED] - click(findTestObject("Object Repository/Property(owner)/poa/Page_Chiragh/span_General POA not accepted_")): Object: 'Object Repository/Property(owner)/poa/Page_Chiragh/span_General POA not accepted_' is clicked on

2019-06-26 17:22:04 - [MESSAGE][PASSED] - Object: 'Object Repository/Property(owner)/poa/Page_Chiragh/span_General POA not accepted_' is clicked on

2019-06-26 17:22:04 - [TEST_STEP][PASSED] - delay(3): Delayed 3 second(s)

2019-06-26 17:22:07 - [MESSAGE][PASSED] - Delayed 3 second(s)

2019-06-26 17:22:07 - [TEST_STEP][PASSED] - click(findTestObject("Object Repository/Property(owner)/poa/Page_Chiragh/button_Next")): Object: 'Object Repository/Property(owner)/poa/Page_Chiragh/button_Next' is clicked on

2019-06-26 17:22:07 - [MESSAGE][PASSED] - Object: 'Object Repository/Property(owner)/poa/Page_Chiragh/button_Next' is clicked on

2019-06-26 17:22:07 - [TEST_STEP][PASSED] - verifyElementPresent(findTestObject("Object Repository/Property(owner)/poa/Page_Chiragh/snack-bar-container_Data  Save"), 5): Object 'Object Repository/Property(owner)/poa/Page_Chiragh/snack-bar-container_Data  Save' is present

2019-06-26 17:22:08 - [MESSAGE][PASSED] - Object 'Object Repository/Property(owner)/poa/Page_Chiragh/snack-bar-container_Data  Save' is present

2019-06-26 17:22:08 - [TEST_STEP][PASSED] - verifyElementPresent(findTestObject("Object Repository/Property(owner)/poa/Page_Chiragh/span_Data  Saved Successfully"), 5): Object 'Object Repository/Property(owner)/poa/Page_Chiragh/span_Data  Saved Successfully' is present

2019-06-26 17:22:08 - [MESSAGE][PASSED] - Object 'Object Repository/Property(owner)/poa/Page_Chiragh/span_Data  Saved Successfully' is present

2019-06-26 17:22:08 - [TEST_STEP][PASSED] - verifyElementPresent(findTestObject("Object Repository/Property(owner)/poa/Page_Chiragh/div_Property DetailsArea Detai"), 5): Object 'Object Repository/Property(owner)/poa/Page_Chiragh/div_Property DetailsArea Detai' is present

2019-06-26 17:22:08 - [MESSAGE][PASSED] - Object 'Object Repository/Property(owner)/poa/Page_Chiragh/div_Property DetailsArea Detai' is present

2019-06-26 17:22:08 - [TEST_STEP][PASSED] - delay(3): Delayed 3 second(s)

2019-06-26 17:22:11 - [MESSAGE][PASSED] - Delayed 3 second(s)

2019-06-26 17:22:11 - [TEST_STEP][PASSED] - click(findTestObject("Object Repository/Property(owner)/property/Property Status/Page_Chiragh/mat-select_Select One")): Object: 'Object Repository/Property(owner)/property/Property Status/Page_Chiragh/mat-select_Select One' is clicked on

2019-06-26 17:22:11 - [MESSAGE][PASSED] - Object: 'Object Repository/Property(owner)/property/Property Status/Page_Chiragh/mat-select_Select One' is clicked on

2019-06-26 17:22:11 - [TEST_STEP][PASSED] - click(findTestObject("Object Repository/Property(owner)/property/Property Status/Page_Chiragh/span_Other")): Object: 'Object Repository/Property(owner)/property/Property Status/Page_Chiragh/span_Other' is clicked on

2019-06-26 17:22:12 - [MESSAGE][PASSED] - Object: 'Object Repository/Property(owner)/property/Property Status/Page_Chiragh/span_Other' is clicked on

2019-06-26 17:22:12 - [TEST_STEP][PASSED] - setText(findTestObject("Object Repository/Property(owner)/property/Property Status/Page_Chiragh/input_Other_propertyStatusOthe"), "in progress"): Text 'in progress' is set on object 'Object Repository/Property(owner)/property/Property Status/Page_Chiragh/input_Other_propertyStatusOthe'

2019-06-26 17:22:12 - [MESSAGE][PASSED] - Text 'in progress' is set on object 'Object Repository/Property(owner)/property/Property Status/Page_Chiragh/input_Other_propertyStatusOthe'

2019-06-26 17:22:12 - [TEST_STEP][PASSED] - delay(3): Delayed 3 second(s)

2019-06-26 17:22:15 - [MESSAGE][PASSED] - Delayed 3 second(s)

2019-06-26 17:22:15 - [TEST_STEP][PASSED] - titledeed = RandomStringUtils.randomAlphanumeric(7): null

2019-06-26 17:22:15 - [TEST_STEP][PASSED] - setText(findTestObject("Object Repository/Property(owner)/property/Page_Chiragh/input_Title Deed Number_titlDe"), titledeed): Text 'QwGYVKQ' is set on object 'Object Repository/Property(owner)/property/Page_Chiragh/input_Title Deed Number_titlDe'

2019-06-26 17:22:16 - [MESSAGE][PASSED] - Text 'QwGYVKQ' is set on object 'Object Repository/Property(owner)/property/Page_Chiragh/input_Title Deed Number_titlDe'

2019-06-26 17:22:16 - [TEST_STEP][PASSED] - oqoodino = RandomStringUtils.randomAlphanumeric(7): null

2019-06-26 17:22:16 - [TEST_STEP][PASSED] - setText(findTestObject("Object Repository/Property(owner)/property/Page_Chiragh/input_Oqoodi Number_oqoodiNo"), oqoodino): Text 'uA1SAt0' is set on object 'Object Repository/Property(owner)/property/Page_Chiragh/input_Oqoodi Number_oqoodiNo'

2019-06-26 17:22:16 - [MESSAGE][PASSED] - Text 'uA1SAt0' is set on object 'Object Repository/Property(owner)/property/Page_Chiragh/input_Oqoodi Number_oqoodiNo'

2019-06-26 17:22:16 - [TEST_STEP][PASSED] - makanino = RandomStringUtils.randomAlphanumeric(7): null

2019-06-26 17:22:16 - [TEST_STEP][PASSED] - setText(findTestObject("Object Repository/Property(owner)/property/Page_Chiragh/input_Makani Number_makaniNo"), makanino): Text 'L5rnsys' is set on object 'Object Repository/Property(owner)/property/Page_Chiragh/input_Makani Number_makaniNo'

2019-06-26 17:22:16 - [MESSAGE][PASSED] - Text 'L5rnsys' is set on object 'Object Repository/Property(owner)/property/Page_Chiragh/input_Makani Number_makaniNo'

2019-06-26 17:22:16 - [TEST_STEP][PASSED] - verifyElementPresent(findTestObject("Object Repository/Property(owner)/property/Type of Area/Page_Chiragh/mat-select_Select One"), 7): Object 'Object Repository/Property(owner)/property/Type of Area/Page_Chiragh/mat-select_Select One' is present

2019-06-26 17:22:16 - [MESSAGE][PASSED] - Object 'Object Repository/Property(owner)/property/Type of Area/Page_Chiragh/mat-select_Select One' is present

2019-06-26 17:22:16 - [TEST_STEP][PASSED] - click(findTestObject("Object Repository/Property(owner)/property/Type of Area/Page_Chiragh/mat-select_Select One")): Object: 'Object Repository/Property(owner)/property/Type of Area/Page_Chiragh/mat-select_Select One' is clicked on

2019-06-26 17:22:16 - [MESSAGE][PASSED] - Object: 'Object Repository/Property(owner)/property/Type of Area/Page_Chiragh/mat-select_Select One' is clicked on

2019-06-26 17:22:16 - [TEST_STEP][PASSED] - click(findTestObject("Object Repository/Property(owner)/property/Type of Area/Page_Chiragh/span_Lease Hold")): Object: 'Object Repository/Property(owner)/property/Type of Area/Page_Chiragh/span_Lease Hold' is clicked on

2019-06-26 17:22:17 - [MESSAGE][PASSED] - Object: 'Object Repository/Property(owner)/property/Type of Area/Page_Chiragh/span_Lease Hold' is clicked on

2019-06-26 17:22:17 - [TEST_STEP][PASSED] - delay(3): Delayed 3 second(s)

2019-06-26 17:22:20 - [MESSAGE][PASSED] - Delayed 3 second(s)

2019-06-26 17:22:20 - [TEST_STEP][PASSED] - click(findTestObject("Object Repository/Property(owner)/property/Type of Property/Page_Chiragh/mat-select_Select One")): Object: 'Object Repository/Property(owner)/property/Type of Property/Page_Chiragh/mat-select_Select One' is clicked on

2019-06-26 17:22:20 - [MESSAGE][PASSED] - Object: 'Object Repository/Property(owner)/property/Type of Property/Page_Chiragh/mat-select_Select One' is clicked on

2019-06-26 17:22:20 - [TEST_STEP][PASSED] - delay(3): Delayed 3 second(s)

2019-06-26 17:22:23 - [MESSAGE][PASSED] - Delayed 3 second(s)

2019-06-26 17:22:23 - [TEST_STEP][PASSED] - click(findTestObject("Object Repository/Property(owner)/property/Type of Property/Page_Chiragh/Page_Chiragh/span_Other")): Object: 'Object Repository/Property(owner)/property/Type of Property/Page_Chiragh/Page_Chiragh/span_Other' is clicked on

2019-06-26 17:22:23 - [MESSAGE][PASSED] - Object: 'Object Repository/Property(owner)/property/Type of Property/Page_Chiragh/Page_Chiragh/span_Other' is clicked on

2019-06-26 17:22:23 - [TEST_STEP][PASSED] - setText(findTestObject("Object Repository/Property(owner)/property/Type of Property/Page_Chiragh/input_Other_typePropertyOther"), "Hotel"): Text 'Hotel' is set on object 'Object Repository/Property(owner)/property/Type of Property/Page_Chiragh/input_Other_typePropertyOther'

2019-06-26 17:22:23 - [MESSAGE][PASSED] - Text 'Hotel' is set on object 'Object Repository/Property(owner)/property/Type of Property/Page_Chiragh/input_Other_typePropertyOther'

2019-06-26 17:22:23 - [TEST_STEP][PASSED] - delay(3): Delayed 3 second(s)

2019-06-26 17:22:26 - [MESSAGE][PASSED] - Delayed 3 second(s)

2019-06-26 17:22:26 - [TEST_STEP][PASSED] - setText(findTestObject("Object Repository/Property(owner)/property/Page_Chiragh/input_Project Name_projectName"), projectname): Text 'Gregg Union' is set on object 'Object Repository/Property(owner)/property/Page_Chiragh/input_Project Name_projectName'

2019-06-26 17:22:27 - [MESSAGE][PASSED] - Text 'Gregg Union' is set on object 'Object Repository/Property(owner)/property/Page_Chiragh/input_Project Name_projectName'

2019-06-26 17:22:27 - [TEST_STEP][PASSED] - plotno = RandomStringUtils.randomAlphanumeric(7): null

2019-06-26 17:22:27 - [TEST_STEP][PASSED] - setText(findTestObject("Object Repository/Property(owner)/property/Page_Chiragh/input_Plot Number_plotNo"), plotno): Text 'LAjmuxz' is set on object 'Object Repository/Property(owner)/property/Page_Chiragh/input_Plot Number_plotNo'

2019-06-26 17:22:27 - [MESSAGE][PASSED] - Text 'LAjmuxz' is set on object 'Object Repository/Property(owner)/property/Page_Chiragh/input_Plot Number_plotNo'

2019-06-26 17:22:27 - [TEST_STEP][PASSED] - setText(findTestObject("Object Repository/Property(owner)/property/Page_Chiragh/input_Building Name_bulidingNa"), projectname): Text 'Gregg Union' is set on object 'Object Repository/Property(owner)/property/Page_Chiragh/input_Building Name_bulidingNa'

2019-06-26 17:22:27 - [MESSAGE][PASSED] - Text 'Gregg Union' is set on object 'Object Repository/Property(owner)/property/Page_Chiragh/input_Building Name_bulidingNa'

2019-06-26 17:22:27 - [TEST_STEP][PASSED] - buildingnumber = RandomStringUtils.randomAlphanumeric(3): null

2019-06-26 17:22:27 - [TEST_STEP][PASSED] - setText(findTestObject("Object Repository/Property(owner)/property/Page_Chiragh/input_Building Number_buliding"), buildingnumber): Text 'wxo' is set on object 'Object Repository/Property(owner)/property/Page_Chiragh/input_Building Number_buliding'

2019-06-26 17:22:28 - [MESSAGE][PASSED] - Text 'wxo' is set on object 'Object Repository/Property(owner)/property/Page_Chiragh/input_Building Number_buliding'

2019-06-26 17:22:28 - [TEST_STEP][PASSED] - officeno = RandomStringUtils.randomAlphanumeric(3): null

2019-06-26 17:22:28 - [TEST_STEP][PASSED] - setText(findTestObject("Object Repository/Property(owner)/property/Page_Chiragh/input_FlatOffice No._officeNo"), officeno): Text 'Y1c' is set on object 'Object Repository/Property(owner)/property/Page_Chiragh/input_FlatOffice No._officeNo'

2019-06-26 17:22:28 - [MESSAGE][PASSED] - Text 'Y1c' is set on object 'Object Repository/Property(owner)/property/Page_Chiragh/input_FlatOffice No._officeNo'

2019-06-26 17:22:28 - [TEST_STEP][PASSED] - netarea = RandomStringUtils.randomNumeric(3): null

2019-06-26 17:22:28 - [TEST_STEP][PASSED] - setText(findTestObject("Object Repository/Property(owner)/property/area/input_Net Area_netArea"), netarea): Text '009' is set on object 'Object Repository/Property(owner)/property/area/input_Net Area_netArea'

2019-06-26 17:22:28 - [MESSAGE][PASSED] - Text '009' is set on object 'Object Repository/Property(owner)/property/area/input_Net Area_netArea'

2019-06-26 17:22:28 - [TEST_STEP][PASSED] - click(findTestObject("Object Repository/Property(owner)/property/area/Page_Chiragh/mat-select_Select One")): Object: 'Object Repository/Property(owner)/property/area/Page_Chiragh/mat-select_Select One' is clicked on

2019-06-26 17:22:28 - [MESSAGE][PASSED] - Object: 'Object Repository/Property(owner)/property/area/Page_Chiragh/mat-select_Select One' is clicked on

2019-06-26 17:22:28 - [TEST_STEP][PASSED] - click(findTestObject("Object Repository/Property(owner)/property/area/Page_Chiragh/span_sqft")): Object: 'Object Repository/Property(owner)/property/area/Page_Chiragh/span_sqft' is clicked on

2019-06-26 17:22:29 - [MESSAGE][PASSED] - Object: 'Object Repository/Property(owner)/property/area/Page_Chiragh/span_sqft' is clicked on

2019-06-26 17:22:29 - [TEST_STEP][PASSED] - delay(3): Delayed 3 second(s)

2019-06-26 17:22:32 - [MESSAGE][PASSED] - Delayed 3 second(s)

2019-06-26 17:22:32 - [TEST_STEP][PASSED] - grossarea = RandomStringUtils.randomNumeric(4): null

2019-06-26 17:22:32 - [TEST_STEP][PASSED] - setText(findTestObject("Object Repository/Property(owner)/property/area/input_Gross Area_grossArea"), grossarea): Text '1458' is set on object 'Object Repository/Property(owner)/property/area/input_Gross Area_grossArea'

2019-06-26 17:22:32 - [MESSAGE][PASSED] - Text '1458' is set on object 'Object Repository/Property(owner)/property/area/input_Gross Area_grossArea'

2019-06-26 17:22:32 - [TEST_STEP][PASSED] - setText(findTestObject("Object Repository/Property(owner)/property/Page_Chiragh/input_Address_address"), propertyaddress): Text '06395 Blanca Land' is set on object 'Object Repository/Property(owner)/property/Page_Chiragh/input_Address_address'

2019-06-26 17:22:32 - [MESSAGE][PASSED] - Text '06395 Blanca Land' is set on object 'Object Repository/Property(owner)/property/Page_Chiragh/input_Address_address'

2019-06-26 17:22:32 - [TEST_STEP][PASSED] - click(findTestObject("Object Repository/Property(owner)/property/country/Page_Chiragh/div_Select country")): Object: 'Object Repository/Property(owner)/property/country/Page_Chiragh/div_Select country' is clicked on

2019-06-26 17:22:33 - [MESSAGE][PASSED] - Object: 'Object Repository/Property(owner)/property/country/Page_Chiragh/div_Select country' is clicked on

2019-06-26 17:22:33 - [TEST_STEP][PASSED] - setText(findTestObject("Object Repository/Property(owner)/property/country/Page_Chiragh/input"), "ARAB E"): Text 'ARAB E' is set on object 'Object Repository/Property(owner)/property/country/Page_Chiragh/input'

2019-06-26 17:22:33 - [MESSAGE][PASSED] - Text 'ARAB E' is set on object 'Object Repository/Property(owner)/property/country/Page_Chiragh/input'

2019-06-26 17:22:33 - [TEST_STEP][PASSED] - sendKeys(findTestObject("Object Repository/Property(owner)/property/country/Page_Chiragh/input"), Keys.chord(ENTER)): Keys 'ENTER + ' sent to object: 'Object Repository/Property(owner)/property/country/Page_Chiragh/input'

2019-06-26 17:22:33 - [MESSAGE][PASSED] - Keys 'ENTER + ' sent to object: 'Object Repository/Property(owner)/property/country/Page_Chiragh/input'

2019-06-26 17:22:33 - [TEST_STEP][PASSED] - click(findTestObject("Object Repository/Property(owner)/property/city/Page_Chiragh/div_Select city")): Object: 'Object Repository/Property(owner)/property/city/Page_Chiragh/div_Select city' is clicked on

2019-06-26 17:22:33 - [MESSAGE][PASSED] - Object: 'Object Repository/Property(owner)/property/city/Page_Chiragh/div_Select city' is clicked on

2019-06-26 17:22:33 - [TEST_STEP][PASSED] - setText(findTestObject("Object Repository/Property(owner)/property/city/Page_Chiragh/input"), "Dubai"): Text 'Dubai' is set on object 'Object Repository/Property(owner)/property/city/Page_Chiragh/input'

2019-06-26 17:22:33 - [MESSAGE][PASSED] - Text 'Dubai' is set on object 'Object Repository/Property(owner)/property/city/Page_Chiragh/input'

2019-06-26 17:22:33 - [TEST_STEP][PASSED] - sendKeys(findTestObject("Object Repository/Property(owner)/property/city/Page_Chiragh/input"), Keys.chord(ENTER)): Keys 'ENTER + ' sent to object: 'Object Repository/Property(owner)/property/city/Page_Chiragh/input'

2019-06-26 17:22:34 - [MESSAGE][PASSED] - Keys 'ENTER + ' sent to object: 'Object Repository/Property(owner)/property/city/Page_Chiragh/input'

2019-06-26 17:22:34 - [TEST_STEP][PASSED] - setText(findTestObject("Object Repository/Property(owner)/property/map/Page_Chiragh/input_View_searchAddress"), "Hatta"): Text 'Hatta' is set on object 'Object Repository/Property(owner)/property/map/Page_Chiragh/input_View_searchAddress'

2019-06-26 17:22:34 - [MESSAGE][PASSED] - Text 'Hatta' is set on object 'Object Repository/Property(owner)/property/map/Page_Chiragh/input_View_searchAddress'

2019-06-26 17:22:34 - [TEST_STEP][PASSED] - click(findTestObject("Property(owner)/property/map/Page_Chiragh/div_HattaDubai - United Arab E")): Object: 'Object Repository/Property(owner)/property/map/Page_Chiragh/div_HattaDubai - United Arab E' is clicked on

2019-06-26 17:22:35 - [MESSAGE][PASSED] - Object: 'Object Repository/Property(owner)/property/map/Page_Chiragh/div_HattaDubai - United Arab E' is clicked on

2019-06-26 17:22:35 - [TEST_STEP][PASSED] - verifyElementPresent(findTestObject("Object Repository/Property(owner)/property/map/Page_Chiragh/div_Map DataMap data 2019 Goog"), 5): Object 'Object Repository/Property(owner)/property/map/Page_Chiragh/div_Map DataMap data 2019 Goog' is present

2019-06-26 17:22:35 - [MESSAGE][PASSED] - Object 'Object Repository/Property(owner)/property/map/Page_Chiragh/div_Map DataMap data 2019 Goog' is present

2019-06-26 17:22:35 - [TEST_STEP][PASSED] - delay(4): Delayed 4 second(s)

2019-06-26 17:22:39 - [MESSAGE][PASSED] - Delayed 4 second(s)

2019-06-26 17:22:39 - [TEST_STEP][PASSED] - waitForElementVisible(findTestObject("Object Repository/Property(owner)/property/map/Page_Chiragh/button_"), 4): Object 'Object Repository/Property(owner)/property/map/Page_Chiragh/button_' is visible

2019-06-26 17:22:39 - [MESSAGE][PASSED] - Object 'Object Repository/Property(owner)/property/map/Page_Chiragh/button_' is visible

2019-06-26 17:22:39 - [TEST_STEP][PASSED] - click(findTestObject("Object Repository/Property(owner)/property/map/Page_Chiragh/button_")): Object: 'Object Repository/Property(owner)/property/map/Page_Chiragh/button_' is clicked on

2019-06-26 17:22:39 - [MESSAGE][PASSED] - Object: 'Object Repository/Property(owner)/property/map/Page_Chiragh/button_' is clicked on

2019-06-26 17:22:39 - [TEST_STEP][PASSED] - delay(5): Delayed 5 second(s)

2019-06-26 17:22:44 - [MESSAGE][PASSED] - Delayed 5 second(s)

2019-06-26 17:22:44 - [TEST_STEP][PASSED] - developersname = company().name(): null

2019-06-26 17:22:44 - [TEST_STEP][PASSED] - setText(findTestObject("Property(owner)/property/Page_Chiragh/input_Developer Name_developer"), developersname): Text 'Hyatt-Hyatt' is set on object 'Object Repository/Property(owner)/property/Page_Chiragh/input_Developer Name_developer'

2019-06-26 17:22:45 - [MESSAGE][PASSED] - Text 'Hyatt-Hyatt' is set on object 'Object Repository/Property(owner)/property/Page_Chiragh/input_Developer Name_developer'

2019-06-26 17:22:45 - [TEST_STEP][PASSED] - associationnumber = RandomStringUtils.randomNumeric(7): null

2019-06-26 17:22:45 - [TEST_STEP][PASSED] - setText(findTestObject("Property(owner)/property/Page_Chiragh/input_Owner Association Number"), associationnumber): Text '6805563' is set on object 'Object Repository/Property(owner)/property/Page_Chiragh/input_Owner Association Number'

2019-06-26 17:22:45 - [MESSAGE][PASSED] - Text '6805563' is set on object 'Object Repository/Property(owner)/property/Page_Chiragh/input_Owner Association Number'

2019-06-26 17:22:45 - [TEST_STEP][PASSED] - communitynumber = RandomStringUtils.randomNumeric(7): null

2019-06-26 17:22:45 - [TEST_STEP][PASSED] - setText(findTestObject("Property(owner)/property/Page_Chiragh/input_Community Number_communi"), communitynumber): Text '2746753' is set on object 'Object Repository/Property(owner)/property/Page_Chiragh/input_Community Number_communi'

2019-06-26 17:22:45 - [MESSAGE][PASSED] - Text '2746753' is set on object 'Object Repository/Property(owner)/property/Page_Chiragh/input_Community Number_communi'

2019-06-26 17:22:45 - [TEST_STEP][PASSED] - click(findTestObject("Object Repository/Property(owner)/property/Present Use/Page_Chiragh/mat-select_Select One")): Object: 'Object Repository/Property(owner)/property/Present Use/Page_Chiragh/mat-select_Select One' is clicked on

2019-06-26 17:22:45 - [MESSAGE][PASSED] - Object: 'Object Repository/Property(owner)/property/Present Use/Page_Chiragh/mat-select_Select One' is clicked on

2019-06-26 17:22:45 - [TEST_STEP][PASSED] - click(findTestObject("Object Repository/Property(owner)/property/Present Use/Page_Chiragh/span_Commercial")): Object: 'Object Repository/Property(owner)/property/Present Use/Page_Chiragh/span_Commercial' is clicked on

2019-06-26 17:22:45 - [MESSAGE][PASSED] - Object: 'Object Repository/Property(owner)/property/Present Use/Page_Chiragh/span_Commercial' is clicked on

2019-06-26 17:22:45 - [TEST_STEP][PASSED] - approxage = RandomStringUtils.randomNumeric(1): null

2019-06-26 17:22:45 - [TEST_STEP][PASSED] - setText(findTestObject("Property(owner)/property/Page_Chiragh/input_Property Approx. Age_pro"), approxage + " Years"): Text '7 Years' is set on object 'Object Repository/Property(owner)/property/Page_Chiragh/input_Property Approx. Age_pro'

2019-06-26 17:22:46 - [MESSAGE][PASSED] - Text '7 Years' is set on object 'Object Repository/Property(owner)/property/Page_Chiragh/input_Property Approx. Age_pro'

2019-06-26 17:22:46 - [TEST_STEP][PASSED] - noOfBedrooms = RandomStringUtils.randomNumeric(1): null

2019-06-26 17:22:46 - [TEST_STEP][PASSED] - setText(findTestObject("Property(owner)/property/Page_Chiragh/input_Bedrooms_noOfBedrooms"), noOfBedrooms): Text '9' is set on object 'Object Repository/Property(owner)/property/Page_Chiragh/input_Bedrooms_noOfBedrooms'

2019-06-26 17:22:46 - [MESSAGE][PASSED] - Text '9' is set on object 'Object Repository/Property(owner)/property/Page_Chiragh/input_Bedrooms_noOfBedrooms'

2019-06-26 17:22:46 - [TEST_STEP][PASSED] - setText(findTestObject("Property(owner)/property/Page_Chiragh/input_Bathrooms_noOfBaths"), noOfBedrooms): Text '9' is set on object 'Object Repository/Property(owner)/property/Page_Chiragh/input_Bathrooms_noOfBaths'

2019-06-26 17:22:46 - [MESSAGE][PASSED] - Text '9' is set on object 'Object Repository/Property(owner)/property/Page_Chiragh/input_Bathrooms_noOfBaths'

2019-06-26 17:22:46 - [TEST_STEP][PASSED] - setText(findTestObject("Property(owner)/property/Page_Chiragh/input_Car Parks_carParks"), "2"): Text '2' is set on object 'Object Repository/Property(owner)/property/Page_Chiragh/input_Car Parks_carParks'

2019-06-26 17:22:46 - [MESSAGE][PASSED] - Text '2' is set on object 'Object Repository/Property(owner)/property/Page_Chiragh/input_Car Parks_carParks'

2019-06-26 17:22:46 - [TEST_STEP][PASSED] - setText(findTestObject("Property(owner)/property/Page_Chiragh/input_Kitchens_kitchens"), "2"): Text '2' is set on object 'Object Repository/Property(owner)/property/Page_Chiragh/input_Kitchens_kitchens'

2019-06-26 17:22:47 - [MESSAGE][PASSED] - Text '2' is set on object 'Object Repository/Property(owner)/property/Page_Chiragh/input_Kitchens_kitchens'

2019-06-26 17:22:47 - [TEST_STEP][PASSED] - setText(findTestObject("Property(owner)/property/Page_Chiragh/input_Floor No._floorNo"), "1"): Text '1' is set on object 'Object Repository/Property(owner)/property/Page_Chiragh/input_Floor No._floorNo'

2019-06-26 17:22:47 - [MESSAGE][PASSED] - Text '1' is set on object 'Object Repository/Property(owner)/property/Page_Chiragh/input_Floor No._floorNo'

2019-06-26 17:22:47 - [TEST_STEP][PASSED] - setText(findTestObject("Property(owner)/property/Page_Chiragh/input_Unit No._noUnits"), "1"): Text '1' is set on object 'Object Repository/Property(owner)/property/Page_Chiragh/input_Unit No._noUnits'

2019-06-26 17:22:47 - [MESSAGE][PASSED] - Text '1' is set on object 'Object Repository/Property(owner)/property/Page_Chiragh/input_Unit No._noUnits'

2019-06-26 17:22:47 - [TEST_STEP][PASSED] - setText(findTestObject("Property(owner)/property/Page_Chiragh/input_No. of Floors_noOfFloors"), "3"): Text '3' is set on object 'Object Repository/Property(owner)/property/Page_Chiragh/input_No. of Floors_noOfFloors'

2019-06-26 17:22:47 - [MESSAGE][PASSED] - Text '3' is set on object 'Object Repository/Property(owner)/property/Page_Chiragh/input_No. of Floors_noOfFloors'

2019-06-26 17:22:47 - [TEST_STEP][PASSED] - setText(findTestObject("Property(owner)/property/Page_Chiragh/input_No. of Shops_noShops"), "1"): Text '1' is set on object 'Object Repository/Property(owner)/property/Page_Chiragh/input_No. of Shops_noShops'

2019-06-26 17:22:47 - [MESSAGE][PASSED] - Text '1' is set on object 'Object Repository/Property(owner)/property/Page_Chiragh/input_No. of Shops_noShops'

2019-06-26 17:22:47 - [TEST_STEP][PASSED] - click(findTestObject("Object Repository/Property(owner)/property/Features/Page_Chiragh/span_Community View_check mr-2")): Object: 'Object Repository/Property(owner)/property/Features/Page_Chiragh/span_Community View_check mr-2' is clicked on

2019-06-26 17:22:48 - [MESSAGE][PASSED] - Object: 'Object Repository/Property(owner)/property/Features/Page_Chiragh/span_Community View_check mr-2' is clicked on

2019-06-26 17:22:48 - [TEST_STEP][PASSED] - click(findTestObject("Object Repository/Property(owner)/property/Features/Page_Chiragh/span_Covered Parking_check mr-")): Object: 'Object Repository/Property(owner)/property/Features/Page_Chiragh/span_Covered Parking_check mr-' is clicked on

2019-06-26 17:22:48 - [MESSAGE][PASSED] - Object: 'Object Repository/Property(owner)/property/Features/Page_Chiragh/span_Covered Parking_check mr-' is clicked on

2019-06-26 17:22:48 - [TEST_STEP][PASSED] - click(findTestObject("Object Repository/Property(owner)/property/Features/Page_Chiragh/span_Fully Fitted Kitchen_chec")): Object: 'Object Repository/Property(owner)/property/Features/Page_Chiragh/span_Fully Fitted Kitchen_chec' is clicked on

2019-06-26 17:22:48 - [MESSAGE][PASSED] - Object: 'Object Repository/Property(owner)/property/Features/Page_Chiragh/span_Fully Fitted Kitchen_chec' is clicked on

2019-06-26 17:22:48 - [TEST_STEP][PASSED] - click(findTestObject("Object Repository/Property(owner)/property/Features/Page_Chiragh/span_Fully Furnished_check mr-")): Object: 'Object Repository/Property(owner)/property/Features/Page_Chiragh/span_Fully Furnished_check mr-' is clicked on

2019-06-26 17:22:48 - [MESSAGE][PASSED] - Object: 'Object Repository/Property(owner)/property/Features/Page_Chiragh/span_Fully Furnished_check mr-' is clicked on

2019-06-26 17:22:48 - [TEST_STEP][PASSED] - click(findTestObject("Object Repository/Property(owner)/property/Features/Page_Chiragh/span_Intercom_check mr-2")): Object: 'Object Repository/Property(owner)/property/Features/Page_Chiragh/span_Intercom_check mr-2' is clicked on

2019-06-26 17:22:48 - [MESSAGE][PASSED] - Object: 'Object Repository/Property(owner)/property/Features/Page_Chiragh/span_Intercom_check mr-2' is clicked on

2019-06-26 17:22:48 - [TEST_STEP][PASSED] - click(findTestObject("Object Repository/Property(owner)/property/Facilities/Page_Chiragh/span_Basket Ball Court_check m")): Object: 'Object Repository/Property(owner)/property/Facilities/Page_Chiragh/span_Basket Ball Court_check m' is clicked on

2019-06-26 17:22:49 - [MESSAGE][PASSED] - Object: 'Object Repository/Property(owner)/property/Facilities/Page_Chiragh/span_Basket Ball Court_check m' is clicked on

2019-06-26 17:22:49 - [TEST_STEP][PASSED] - click(findTestObject("Object Repository/Property(owner)/property/Facilities/Page_Chiragh/span_Children Play Area_check")): Object: 'Object Repository/Property(owner)/property/Facilities/Page_Chiragh/span_Children Play Area_check' is clicked on

2019-06-26 17:22:49 - [MESSAGE][PASSED] - Object: 'Object Repository/Property(owner)/property/Facilities/Page_Chiragh/span_Children Play Area_check' is clicked on

2019-06-26 17:22:49 - [TEST_STEP][PASSED] - click(findTestObject("Object Repository/Property(owner)/property/Facilities/Page_Chiragh/span_Business Center_check mr-")): Object: 'Object Repository/Property(owner)/property/Facilities/Page_Chiragh/span_Business Center_check mr-' is clicked on

2019-06-26 17:22:49 - [MESSAGE][PASSED] - Object: 'Object Repository/Property(owner)/property/Facilities/Page_Chiragh/span_Business Center_check mr-' is clicked on

2019-06-26 17:22:49 - [TEST_STEP][PASSED] - click(findTestObject("Object Repository/Property(owner)/property/Facilities/Page_Chiragh/span_Facilities_check mr-2")): Object: 'Object Repository/Property(owner)/property/Facilities/Page_Chiragh/span_Facilities_check mr-2' is clicked on

2019-06-26 17:22:49 - [MESSAGE][PASSED] - Object: 'Object Repository/Property(owner)/property/Facilities/Page_Chiragh/span_Facilities_check mr-2' is clicked on

2019-06-26 17:22:49 - [TEST_STEP][PASSED] - click(findTestObject("Object Repository/Property(owner)/property/Neighbourhood Information/Page_Chiragh/span_Beaches_check mr-2")): Object: 'Object Repository/Property(owner)/property/Neighbourhood Information/Page_Chiragh/span_Beaches_check mr-2' is clicked on

2019-06-26 17:22:49 - [MESSAGE][PASSED] - Object: 'Object Repository/Property(owner)/property/Neighbourhood Information/Page_Chiragh/span_Beaches_check mr-2' is clicked on

2019-06-26 17:22:49 - [TEST_STEP][PASSED] - click(findTestObject("Object Repository/Property(owner)/property/Neighbourhood Information/Page_Chiragh/span_Medical Centers_check mr-")): Object: 'Object Repository/Property(owner)/property/Neighbourhood Information/Page_Chiragh/span_Medical Centers_check mr-' is clicked on

2019-06-26 17:22:49 - [MESSAGE][PASSED] - Object: 'Object Repository/Property(owner)/property/Neighbourhood Information/Page_Chiragh/span_Medical Centers_check mr-' is clicked on

2019-06-26 17:22:49 - [TEST_STEP][PASSED] - click(findTestObject("Object Repository/Property(owner)/property/Neighbourhood Information/Page_Chiragh/span_Mosques_check mr-2")): Object: 'Object Repository/Property(owner)/property/Neighbourhood Information/Page_Chiragh/span_Mosques_check mr-2' is clicked on

2019-06-26 17:22:50 - [MESSAGE][PASSED] - Object: 'Object Repository/Property(owner)/property/Neighbourhood Information/Page_Chiragh/span_Mosques_check mr-2' is clicked on

2019-06-26 17:22:50 - [TEST_STEP][PASSED] - click(findTestObject("Object Repository/Property(owner)/property/Neighbourhood Information/Page_Chiragh/span_Park_check mr-2")): Object: 'Object Repository/Property(owner)/property/Neighbourhood Information/Page_Chiragh/span_Park_check mr-2' is clicked on

2019-06-26 17:22:50 - [MESSAGE][PASSED] - Object: 'Object Repository/Property(owner)/property/Neighbourhood Information/Page_Chiragh/span_Park_check mr-2' is clicked on

2019-06-26 17:22:50 - [TEST_STEP][PASSED] - click(findTestObject("Object Repository/Property(owner)/property/Neighbourhood Information/Page_Chiragh/span_Schools_check mr-2")): Object: 'Object Repository/Property(owner)/property/Neighbourhood Information/Page_Chiragh/span_Schools_check mr-2' is clicked on

2019-06-26 17:22:50 - [MESSAGE][PASSED] - Object: 'Object Repository/Property(owner)/property/Neighbourhood Information/Page_Chiragh/span_Schools_check mr-2' is clicked on

2019-06-26 17:22:50 - [TEST_STEP][PASSED] - click(findTestObject("Object Repository/Property(owner)/property/Neighbourhood Information/Page_Chiragh/span_Super Markets_check mr-2")): Object: 'Object Repository/Property(owner)/property/Neighbourhood Information/Page_Chiragh/span_Super Markets_check mr-2' is clicked on

2019-06-26 17:22:50 - [MESSAGE][PASSED] - Object: 'Object Repository/Property(owner)/property/Neighbourhood Information/Page_Chiragh/span_Super Markets_check mr-2' is clicked on

2019-06-26 17:22:50 - [TEST_STEP][PASSED] - setText(findTestObject("Object Repository/Property(owner)/property/Page_Chiragh/textarea_Description_propertyD"), "property for sale"): Text 'property for sale' is set on object 'Object Repository/Property(owner)/property/Page_Chiragh/textarea_Description_propertyD'

2019-06-26 17:22:51 - [MESSAGE][PASSED] - Text 'property for sale' is set on object 'Object Repository/Property(owner)/property/Page_Chiragh/textarea_Description_propertyD'

2019-06-26 17:22:51 - [TEST_STEP][PASSED] - scrollToElement(findTestObject("Object Repository/Property(owner)/property/Scanned Title Deed/Page_Chiragh/div_jpg png pdf accepted with"), 5): Scroll to object 'Object Repository/Property(owner)/property/Scanned Title Deed/Page_Chiragh/div_jpg png pdf accepted with' successfully

2019-06-26 17:22:51 - [MESSAGE][PASSED] - Scroll to object 'Object Repository/Property(owner)/property/Scanned Title Deed/Page_Chiragh/div_jpg png pdf accepted with' successfully

2019-06-26 17:22:51 - [TEST_STEP][PASSED] - delay(7): Delayed 7 second(s)

2019-06-26 17:22:58 - [MESSAGE][PASSED] - Delayed 7 second(s)

2019-06-26 17:22:58 - [TEST_STEP][PASSED] - uploadFile(findTestObject("Object Repository/Property(owner)/property/Scanned Title Deed/Page_Chiragh/div_Scanned Title Deed_doc-upl"), "C:\Users\HP\Katalon Studio\register\Include\images\Scanned Passport Copy.png"): File 'C:\Users\HP\Katalon Studio\register\Include\images\Scanned Passport Copy.png' sent to object: 'Object Repository/Property(owner)/property/Scanned Title Deed/Page_Chiragh/div_Scanned Title Deed_doc-upl'

2019-06-26 17:22:58 - [MESSAGE][PASSED] - File 'C:\Users\HP\Katalon Studio\register\Include\images\Scanned Passport Copy.png' sent to object: 'Object Repository/Property(owner)/property/Scanned Title Deed/Page_Chiragh/div_Scanned Title Deed_doc-upl'

2019-06-26 17:22:58 - [TEST_STEP][PASSED] - scrollToElement(findTestObject("Object Repository/Property(owner)/property/SPA/Page_Chiragh/div_Upload_upload-doc-div"), 5): Scroll to object 'Object Repository/Property(owner)/property/SPA/Page_Chiragh/div_Upload_upload-doc-div' successfully

2019-06-26 17:22:58 - [MESSAGE][PASSED] - Scroll to object 'Object Repository/Property(owner)/property/SPA/Page_Chiragh/div_Upload_upload-doc-div' successfully

2019-06-26 17:22:58 - [TEST_STEP][PASSED] - delay(7): Delayed 7 second(s)

2019-06-26 17:23:05 - [MESSAGE][PASSED] - Delayed 7 second(s)

2019-06-26 17:23:05 - [TEST_STEP][PASSED] - uploadFile(findTestObject("Object Repository/Property(owner)/property/SPA/Page_Chiragh/Page_Chiragh/div_(Sale purchase agreement)_"), "C:\Users\HP\Katalon Studio\register\Include\images\Scanned Passport Copy.png"): File 'C:\Users\HP\Katalon Studio\register\Include\images\Scanned Passport Copy.png' sent to object: 'Object Repository/Property(owner)/property/SPA/Page_Chiragh/Page_Chiragh/div_(Sale purchase agreement)_'

2019-06-26 17:23:05 - [MESSAGE][PASSED] - File 'C:\Users\HP\Katalon Studio\register\Include\images\Scanned Passport Copy.png' sent to object: 'Object Repository/Property(owner)/property/SPA/Page_Chiragh/Page_Chiragh/div_(Sale purchase agreement)_'

2019-06-26 17:23:05 - [TEST_STEP][PASSED] - delay(7): Delayed 7 second(s)

2019-06-26 17:23:12 - [MESSAGE][PASSED] - Delayed 7 second(s)

2019-06-26 17:23:12 - [TEST_STEP][PASSED] - click(findTestObject("Object Repository/Property(owner)/property/Page_Chiragh/button_Next")): Object: 'Object Repository/Property(owner)/property/Page_Chiragh/button_Next' is clicked on

2019-06-26 17:23:13 - [MESSAGE][PASSED] - Object: 'Object Repository/Property(owner)/property/Page_Chiragh/button_Next' is clicked on

2019-06-26 17:23:13 - [TEST_STEP][PASSED] - delay(3): Delayed 3 second(s)

2019-06-26 17:23:16 - [MESSAGE][PASSED] - Delayed 3 second(s)

2019-06-26 17:23:16 - [TEST_STEP][PASSED] - click(findTestObject("Property(owner)/mortgage/Mortgage Status/Page_Chiragh/mat-select_Select One")): Object: 'Object Repository/Property(owner)/mortgage/Mortgage Status/Page_Chiragh/mat-select_Select One' is clicked on

2019-06-26 17:23:16 - [MESSAGE][PASSED] - Object: 'Object Repository/Property(owner)/mortgage/Mortgage Status/Page_Chiragh/mat-select_Select One' is clicked on

2019-06-26 17:23:16 - [TEST_STEP][PASSED] - click(findTestObject("Property(owner)/mortgage/Mortgage Status/Page_Chiragh/span_Yes")): Object: 'Object Repository/Property(owner)/mortgage/Mortgage Status/Page_Chiragh/span_Yes' is clicked on

2019-06-26 17:23:16 - [MESSAGE][PASSED] - Object: 'Object Repository/Property(owner)/mortgage/Mortgage Status/Page_Chiragh/span_Yes' is clicked on

2019-06-26 17:23:16 - [TEST_STEP][PASSED] - Mortgagenumber = RandomStringUtils.randomNumeric(7): null

2019-06-26 17:23:16 - [TEST_STEP][PASSED] - setText(findTestObject("Property(owner)/mortgage/Page_Chiragh/input_Mortgage Number_morgageR"), Mortgagenumber): Text '2227457' is set on object 'Object Repository/Property(owner)/mortgage/Page_Chiragh/input_Mortgage Number_morgageR'

2019-06-26 17:23:17 - [MESSAGE][PASSED] - Text '2227457' is set on object 'Object Repository/Property(owner)/mortgage/Page_Chiragh/input_Mortgage Number_morgageR'

2019-06-26 17:23:17 - [TEST_STEP][PASSED] - MortgageInitialAmount = RandomStringUtils.randomNumeric(8): null

2019-06-26 17:23:17 - [TEST_STEP][PASSED] - setText(findTestObject("Property(owner)/mortgage/Page_Chiragh/input_Mortgage Initial Amount_"), MortgageInitialAmount): Text '83748839' is set on object 'Object Repository/Property(owner)/mortgage/Page_Chiragh/input_Mortgage Initial Amount_'

2019-06-26 17:23:17 - [MESSAGE][PASSED] - Text '83748839' is set on object 'Object Repository/Property(owner)/mortgage/Page_Chiragh/input_Mortgage Initial Amount_'

2019-06-26 17:23:17 - [TEST_STEP][PASSED] - delay(3): Delayed 3 second(s)

2019-06-26 17:23:20 - [MESSAGE][PASSED] - Delayed 3 second(s)

2019-06-26 17:23:20 - [TEST_STEP][PASSED] - click(findTestObject("Object Repository/Property(owner)/mortgage/Mortgage Start Date/Page_Chiragh/mat-form-field_Mortgage Start")): Object: 'Object Repository/Property(owner)/mortgage/Mortgage Start Date/Page_Chiragh/mat-form-field_Mortgage Start' is clicked on

2019-06-26 17:23:20 - [MESSAGE][PASSED] - Object: 'Object Repository/Property(owner)/mortgage/Mortgage Start Date/Page_Chiragh/mat-form-field_Mortgage Start' is clicked on

2019-06-26 17:23:20 - [TEST_STEP][PASSED] - click(findTestObject("Object Repository/Property(owner)/mortgage/Mortgage Start Date/Page_Chiragh/button_Mortgage Start Date_mat")): Object: 'Object Repository/Property(owner)/mortgage/Mortgage Start Date/Page_Chiragh/button_Mortgage Start Date_mat' is clicked on

2019-06-26 17:23:20 - [MESSAGE][PASSED] - Object: 'Object Repository/Property(owner)/mortgage/Mortgage Start Date/Page_Chiragh/button_Mortgage Start Date_mat' is clicked on

2019-06-26 17:23:20 - [TEST_STEP][PASSED] - click(findTestObject("Object Repository/Property(owner)/mortgage/Mortgage Start Date/Page_Chiragh/button_JAN 2019")): Object: 'Object Repository/Property(owner)/mortgage/Mortgage Start Date/Page_Chiragh/button_JAN 2019' is clicked on

2019-06-26 17:23:21 - [MESSAGE][PASSED] - Object: 'Object Repository/Property(owner)/mortgage/Mortgage Start Date/Page_Chiragh/button_JAN 2019' is clicked on

2019-06-26 17:23:21 - [TEST_STEP][PASSED] - click(findTestObject("Object Repository/Property(owner)/mortgage/Mortgage Start Date/Page_Chiragh/div_2022")): Object: 'Object Repository/Property(owner)/mortgage/Mortgage Start Date/Page_Chiragh/div_2022' is clicked on

2019-06-26 17:23:21 - [MESSAGE][PASSED] - Object: 'Object Repository/Property(owner)/mortgage/Mortgage Start Date/Page_Chiragh/div_2022' is clicked on

2019-06-26 17:23:21 - [TEST_STEP][PASSED] - click(findTestObject("Object Repository/Property(owner)/mortgage/Mortgage Start Date/Page_Chiragh/div_NOV")): Object: 'Object Repository/Property(owner)/mortgage/Mortgage Start Date/Page_Chiragh/div_NOV' is clicked on

2019-06-26 17:23:21 - [MESSAGE][PASSED] - Object: 'Object Repository/Property(owner)/mortgage/Mortgage Start Date/Page_Chiragh/div_NOV' is clicked on

2019-06-26 17:23:21 - [TEST_STEP][PASSED] - click(findTestObject("Object Repository/Property(owner)/mortgage/Mortgage Start Date/Page_Chiragh/div_17"), STOP_ON_FAILURE): Object: 'Object Repository/Property(owner)/mortgage/Mortgage Start Date/Page_Chiragh/div_17' is clicked on

2019-06-26 17:23:21 - [MESSAGE][PASSED] - Object: 'Object Repository/Property(owner)/mortgage/Mortgage Start Date/Page_Chiragh/div_17' is clicked on

2019-06-26 17:23:21 - [TEST_STEP][PASSED] - click(findTestObject("Property(owner)/mortgage/Mortgage Period/Page_Chiragh/mat-select_Year")): Object: 'Object Repository/Property(owner)/mortgage/Mortgage Period/Page_Chiragh/mat-select_Year' is clicked on

2019-06-26 17:23:21 - [MESSAGE][PASSED] - Object: 'Object Repository/Property(owner)/mortgage/Mortgage Period/Page_Chiragh/mat-select_Year' is clicked on

2019-06-26 17:23:21 - [TEST_STEP][PASSED] - click(findTestObject("Object Repository/Property(owner)/mortgage/Mortgage Period/Page_Chiragh/span_1")): Object: 'Object Repository/Property(owner)/mortgage/Mortgage Period/Page_Chiragh/span_1' is clicked on

2019-06-26 17:23:21 - [MESSAGE][PASSED] - Object: 'Object Repository/Property(owner)/mortgage/Mortgage Period/Page_Chiragh/span_1' is clicked on

2019-06-26 17:23:21 - [TEST_STEP][PASSED] - OutstandingAmount = RandomStringUtils.randomNumeric(6): null

2019-06-26 17:23:21 - [TEST_STEP][PASSED] - setText(findTestObject("Property(owner)/mortgage/Page_Chiragh/input_Outstanding Amount_outst"), OutstandingAmount): Text '841381' is set on object 'Object Repository/Property(owner)/mortgage/Page_Chiragh/input_Outstanding Amount_outst'

2019-06-26 17:23:22 - [MESSAGE][PASSED] - Text '841381' is set on object 'Object Repository/Property(owner)/mortgage/Page_Chiragh/input_Outstanding Amount_outst'

2019-06-26 17:23:22 - [TEST_STEP][PASSED] - MonthlyMortgagepayment = RandomStringUtils.randomNumeric(4): null

2019-06-26 17:23:22 - [TEST_STEP][PASSED] - setText(findTestObject("Property(owner)/mortgage/Page_Chiragh/input_Monthly Mortgage payment"), MonthlyMortgagepayment): Text '7733' is set on object 'Object Repository/Property(owner)/mortgage/Page_Chiragh/input_Monthly Mortgage payment'

2019-06-26 17:23:22 - [MESSAGE][PASSED] - Text '7733' is set on object 'Object Repository/Property(owner)/mortgage/Page_Chiragh/input_Monthly Mortgage payment'

2019-06-26 17:23:22 - [TEST_STEP][PASSED] - click(findTestObject("Object Repository/Property(owner)/mortgage/Financing/Page_Chiragh/div_Select bank")): Object: 'Object Repository/Property(owner)/mortgage/Financing/Page_Chiragh/div_Select bank' is clicked on

2019-06-26 17:23:22 - [MESSAGE][PASSED] - Object: 'Object Repository/Property(owner)/mortgage/Financing/Page_Chiragh/div_Select bank' is clicked on

2019-06-26 17:23:22 - [TEST_STEP][PASSED] - setText(findTestObject("Object Repository/Property(owner)/mortgage/Financing/Page_Chiragh/input"), "Other"): Text 'Other' is set on object 'Object Repository/Property(owner)/mortgage/Financing/Page_Chiragh/input'

2019-06-26 17:23:22 - [MESSAGE][PASSED] - Text 'Other' is set on object 'Object Repository/Property(owner)/mortgage/Financing/Page_Chiragh/input'

2019-06-26 17:23:22 - [TEST_STEP][PASSED] - sendKeys(findTestObject("Object Repository/Property(owner)/mortgage/Financing/Page_Chiragh/input"), Keys.chord(ENTER)): Keys 'ENTER + ' sent to object: 'Object Repository/Property(owner)/mortgage/Financing/Page_Chiragh/input'

2019-06-26 17:23:23 - [MESSAGE][PASSED] - Keys 'ENTER + ' sent to object: 'Object Repository/Property(owner)/mortgage/Financing/Page_Chiragh/input'

2019-06-26 17:23:23 - [TEST_STEP][PASSED] - setText(findTestObject("Property(owner)/mortgage/Financing/Page_Chiragh/input_Other_otherBank"), "UAE Bank"): Text 'UAE Bank' is set on object 'Object Repository/Property(owner)/mortgage/Financing/Page_Chiragh/input_Other_otherBank'

2019-06-26 17:23:23 - [MESSAGE][PASSED] - Text 'UAE Bank' is set on object 'Object Repository/Property(owner)/mortgage/Financing/Page_Chiragh/input_Other_otherBank'

2019-06-26 17:23:23 - [TEST_STEP][PASSED] - scrollToElement(findTestObject("Object Repository/Property(owner)/mortgage/Scanned NOC Form/Page_Chiragh/div_jpg png pdf accepted with"), 5): Scroll to object 'Object Repository/Property(owner)/mortgage/Scanned NOC Form/Page_Chiragh/div_jpg png pdf accepted with' successfully

2019-06-26 17:23:23 - [MESSAGE][PASSED] - Scroll to object 'Object Repository/Property(owner)/mortgage/Scanned NOC Form/Page_Chiragh/div_jpg png pdf accepted with' successfully

2019-06-26 17:23:23 - [TEST_STEP][PASSED] - delay(7): Delayed 7 second(s)

2019-06-26 17:23:30 - [MESSAGE][PASSED] - Delayed 7 second(s)

2019-06-26 17:23:30 - [TEST_STEP][PASSED] - uploadFile(findTestObject("Object Repository/Property(owner)/mortgage/Scanned NOC Form/Page_Chiragh/div_(Mortgage Company)_doc-upl"), "C:\Users\HP\Katalon Studio\register\Include\images\Scanned Passport Copy.png"): File 'C:\Users\HP\Katalon Studio\register\Include\images\Scanned Passport Copy.png' sent to object: 'Object Repository/Property(owner)/mortgage/Scanned NOC Form/Page_Chiragh/div_(Mortgage Company)_doc-upl'

2019-06-26 17:23:30 - [MESSAGE][PASSED] - File 'C:\Users\HP\Katalon Studio\register\Include\images\Scanned Passport Copy.png' sent to object: 'Object Repository/Property(owner)/mortgage/Scanned NOC Form/Page_Chiragh/div_(Mortgage Company)_doc-upl'

2019-06-26 17:23:30 - [TEST_STEP][PASSED] - scrollToElement(findTestObject("Object Repository/Property(owner)/mortgage/other/Page_Chiragh/div_Upload_upload-doc-div"), 5): Scroll to object 'Object Repository/Property(owner)/mortgage/other/Page_Chiragh/div_Upload_upload-doc-div' successfully

2019-06-26 17:23:30 - [MESSAGE][PASSED] - Scroll to object 'Object Repository/Property(owner)/mortgage/other/Page_Chiragh/div_Upload_upload-doc-div' successfully

2019-06-26 17:23:30 - [TEST_STEP][PASSED] - delay(7): Delayed 7 second(s)

2019-06-26 17:23:37 - [MESSAGE][PASSED] - Delayed 7 second(s)

2019-06-26 17:23:37 - [TEST_STEP][PASSED] - uploadFile(findTestObject("Object Repository/Property(owner)/mortgage/other/Page_Chiragh/div_Other_doc-upload"), "C:\Users\HP\Katalon Studio\register\Include\images\Scanned Passport Copy.png"): File 'C:\Users\HP\Katalon Studio\register\Include\images\Scanned Passport Copy.png' sent to object: 'Object Repository/Property(owner)/mortgage/other/Page_Chiragh/div_Other_doc-upload'

2019-06-26 17:23:37 - [MESSAGE][PASSED] - File 'C:\Users\HP\Katalon Studio\register\Include\images\Scanned Passport Copy.png' sent to object: 'Object Repository/Property(owner)/mortgage/other/Page_Chiragh/div_Other_doc-upload'

2019-06-26 17:23:37 - [TEST_STEP][PASSED] - delay(5): Delayed 5 second(s)

2019-06-26 17:23:42 - [MESSAGE][PASSED] - Delayed 5 second(s)

2019-06-26 17:23:42 - [TEST_STEP][PASSED] - click(findTestObject("Property(owner)/mortgage/Page_Chiragh/button_Next")): Object: 'Object Repository/Property(owner)/mortgage/Page_Chiragh/button_Next' is clicked on

2019-06-26 17:23:42 - [MESSAGE][PASSED] - Object: 'Object Repository/Property(owner)/mortgage/Page_Chiragh/button_Next' is clicked on

2019-06-26 17:23:42 - [TEST_STEP][PASSED] - delay(3): Delayed 3 second(s)

2019-06-26 17:23:45 - [MESSAGE][PASSED] - Delayed 3 second(s)

2019-06-26 17:23:45 - [TEST_STEP][PASSED] - click(findTestObject("Property(owner)/rent/Property Rented/Page_Chiragh/mat-select_Select One")): Object: 'Object Repository/Property(owner)/rent/Property Rented/Page_Chiragh/mat-select_Select One' is clicked on

2019-06-26 17:23:46 - [MESSAGE][PASSED] - Object: 'Object Repository/Property(owner)/rent/Property Rented/Page_Chiragh/mat-select_Select One' is clicked on

2019-06-26 17:23:46 - [TEST_STEP][PASSED] - click(findTestObject("Property(owner)/rent/Property Rented/Page_Chiragh/span_Yes")): Object: 'Object Repository/Property(owner)/rent/Property Rented/Page_Chiragh/span_Yes' is clicked on

2019-06-26 17:23:46 - [MESSAGE][PASSED] - Object: 'Object Repository/Property(owner)/rent/Property Rented/Page_Chiragh/span_Yes' is clicked on

2019-06-26 17:23:46 - [TEST_STEP][PASSED] - EjariNumber = RandomStringUtils.randomNumeric(7): null

2019-06-26 17:23:46 - [TEST_STEP][PASSED] - setText(findTestObject("Property(owner)/rent/Page_Chiragh/input_Ejari Number_rentalEjari"), EjariNumber): Text '0654090' is set on object 'Object Repository/Property(owner)/rent/Page_Chiragh/input_Ejari Number_rentalEjari'

2019-06-26 17:23:46 - [MESSAGE][PASSED] - Text '0654090' is set on object 'Object Repository/Property(owner)/rent/Page_Chiragh/input_Ejari Number_rentalEjari'

2019-06-26 17:23:46 - [TEST_STEP][PASSED] - tenantName = name().firstName(): null

2019-06-26 17:23:46 - [TEST_STEP][PASSED] - setText(findTestObject("Property(owner)/rent/Page_Chiragh/input_Tenant Name_tenantName"), tenantName): Text 'Maida' is set on object 'Object Repository/Property(owner)/rent/Page_Chiragh/input_Tenant Name_tenantName'

2019-06-26 17:23:46 - [MESSAGE][PASSED] - Text 'Maida' is set on object 'Object Repository/Property(owner)/rent/Page_Chiragh/input_Tenant Name_tenantName'

2019-06-26 17:23:46 - [TEST_STEP][PASSED] - AnnualRentAmount = RandomStringUtils.randomNumeric(7): null

2019-06-26 17:23:46 - [TEST_STEP][PASSED] - setText(findTestObject("Property(owner)/rent/Page_Chiragh/input_Annual Rent Amount_renta"), AnnualRentAmount): Text '2976204' is set on object 'Object Repository/Property(owner)/rent/Page_Chiragh/input_Annual Rent Amount_renta'

2019-06-26 17:23:47 - [MESSAGE][PASSED] - Text '2976204' is set on object 'Object Repository/Property(owner)/rent/Page_Chiragh/input_Annual Rent Amount_renta'

2019-06-26 17:23:47 - [TEST_STEP][PASSED] - delay(7): Delayed 7 second(s)

2019-06-26 17:23:54 - [MESSAGE][PASSED] - Delayed 7 second(s)

2019-06-26 17:23:54 - [TEST_STEP][PASSED] - click(findTestObject("Property(owner)/rent/Payment Structure/Page_Chiragh/mat-select_Select One")): Object: 'Object Repository/Property(owner)/rent/Payment Structure/Page_Chiragh/mat-select_Select One' is clicked on

2019-06-26 17:23:54 - [MESSAGE][PASSED] - Object: 'Object Repository/Property(owner)/rent/Payment Structure/Page_Chiragh/mat-select_Select One' is clicked on

2019-06-26 17:23:54 - [TEST_STEP][PASSED] - doubleClick(findTestObject("Property(owner)/rent/Payment Structure/Page_Chiragh/span_2")): Object: 'Object Repository/Property(owner)/rent/Payment Structure/Page_Chiragh/span_2' is double clicked on

2019-06-26 17:23:54 - [MESSAGE][PASSED] - Object: 'Object Repository/Property(owner)/rent/Payment Structure/Page_Chiragh/span_2' is double clicked on

2019-06-26 17:23:54 - [TEST_STEP][PASSED] - click(findTestObject("Property(owner)/rent/Lease Start Date/Page_Chiragh/div_Lease Start Date_mat-form-")): Object: 'Object Repository/Property(owner)/rent/Lease Start Date/Page_Chiragh/div_Lease Start Date_mat-form-' is clicked on

2019-06-26 17:23:54 - [MESSAGE][PASSED] - Object: 'Object Repository/Property(owner)/rent/Lease Start Date/Page_Chiragh/div_Lease Start Date_mat-form-' is clicked on

2019-06-26 17:23:54 - [TEST_STEP][PASSED] - click(findTestObject("Property(owner)/rent/Lease Start Date/Page_Chiragh/button_Lease Start Date_mat-ic")): Object: 'Object Repository/Property(owner)/rent/Lease Start Date/Page_Chiragh/button_Lease Start Date_mat-ic' is clicked on

2019-06-26 17:23:54 - [MESSAGE][PASSED] - Object: 'Object Repository/Property(owner)/rent/Lease Start Date/Page_Chiragh/button_Lease Start Date_mat-ic' is clicked on

2019-06-26 17:23:54 - [TEST_STEP][PASSED] - click(findTestObject("Property(owner)/rent/Lease Start Date/Page_Chiragh/button_JAN 2019")): Object: 'Object Repository/Property(owner)/rent/Lease Start Date/Page_Chiragh/button_JAN 2019' is clicked on

2019-06-26 17:23:55 - [MESSAGE][PASSED] - Object: 'Object Repository/Property(owner)/rent/Lease Start Date/Page_Chiragh/button_JAN 2019' is clicked on

2019-06-26 17:23:55 - [TEST_STEP][PASSED] - click(findTestObject("Property(owner)/rent/Lease Start Date/Page_Chiragh/div_2022")): Object: 'Object Repository/Property(owner)/rent/Lease Start Date/Page_Chiragh/div_2022' is clicked on

2019-06-26 17:23:55 - [MESSAGE][PASSED] - Object: 'Object Repository/Property(owner)/rent/Lease Start Date/Page_Chiragh/div_2022' is clicked on

2019-06-26 17:23:55 - [TEST_STEP][PASSED] - click(findTestObject("Property(owner)/rent/Lease Start Date/Page_Chiragh/div_NOV")): Object: 'Object Repository/Property(owner)/rent/Lease Start Date/Page_Chiragh/div_NOV' is clicked on

2019-06-26 17:23:55 - [MESSAGE][PASSED] - Object: 'Object Repository/Property(owner)/rent/Lease Start Date/Page_Chiragh/div_NOV' is clicked on

2019-06-26 17:23:55 - [TEST_STEP][PASSED] - click(findTestObject("Property(owner)/rent/Lease Start Date/Page_Chiragh/td_25"), STOP_ON_FAILURE): Object: 'Object Repository/Property(owner)/rent/Lease Start Date/Page_Chiragh/td_25' is clicked on

2019-06-26 17:23:55 - [MESSAGE][PASSED] - Object: 'Object Repository/Property(owner)/rent/Lease Start Date/Page_Chiragh/td_25' is clicked on

2019-06-26 17:23:55 - [TEST_STEP][PASSED] - click(findTestObject("Object Repository/Property(owner)/rent/Lease End Date/Page_Chiragh/div_Lease End Date_mat-form-fi")): Object: 'Object Repository/Property(owner)/rent/Lease End Date/Page_Chiragh/div_Lease End Date_mat-form-fi' is clicked on

2019-06-26 17:23:55 - [MESSAGE][PASSED] - Object: 'Object Repository/Property(owner)/rent/Lease End Date/Page_Chiragh/div_Lease End Date_mat-form-fi' is clicked on

2019-06-26 17:23:55 - [TEST_STEP][PASSED] - click(findTestObject("Object Repository/Property(owner)/rent/Lease End Date/Page_Chiragh/button_Lease End Date_mat-icon")): Object: 'Object Repository/Property(owner)/rent/Lease End Date/Page_Chiragh/button_Lease End Date_mat-icon' is clicked on

2019-06-26 17:23:55 - [MESSAGE][PASSED] - Object: 'Object Repository/Property(owner)/rent/Lease End Date/Page_Chiragh/button_Lease End Date_mat-icon' is clicked on

2019-06-26 17:23:55 - [TEST_STEP][PASSED] - click(findTestObject("Object Repository/Property(owner)/rent/Lease End Date/Page_Chiragh/button_JAN 2019")): Object: 'Object Repository/Property(owner)/rent/Lease End Date/Page_Chiragh/button_JAN 2019' is clicked on

2019-06-26 17:23:56 - [MESSAGE][PASSED] - Object: 'Object Repository/Property(owner)/rent/Lease End Date/Page_Chiragh/button_JAN 2019' is clicked on

2019-06-26 17:23:56 - [TEST_STEP][PASSED] - click(findTestObject("Object Repository/Property(owner)/rent/Lease End Date/Page_Chiragh/div_2026")): Object: 'Object Repository/Property(owner)/rent/Lease End Date/Page_Chiragh/div_2026' is clicked on

2019-06-26 17:23:56 - [MESSAGE][PASSED] - Object: 'Object Repository/Property(owner)/rent/Lease End Date/Page_Chiragh/div_2026' is clicked on

2019-06-26 17:23:56 - [TEST_STEP][PASSED] - click(findTestObject("Object Repository/Property(owner)/rent/Lease End Date/Page_Chiragh/div_NOV")): Object: 'Object Repository/Property(owner)/rent/Lease End Date/Page_Chiragh/div_NOV' is clicked on

2019-06-26 17:23:56 - [MESSAGE][PASSED] - Object: 'Object Repository/Property(owner)/rent/Lease End Date/Page_Chiragh/div_NOV' is clicked on

2019-06-26 17:23:56 - [TEST_STEP][PASSED] - click(findTestObject("Object Repository/Property(owner)/rent/Lease End Date/Page_Chiragh/div_10"), STOP_ON_FAILURE): Object: 'Object Repository/Property(owner)/rent/Lease End Date/Page_Chiragh/div_10' is clicked on

2019-06-26 17:23:56 - [MESSAGE][PASSED] - Object: 'Object Repository/Property(owner)/rent/Lease End Date/Page_Chiragh/div_10' is clicked on

2019-06-26 17:23:56 - [TEST_STEP][PASSED] - delay(7): Delayed 7 second(s)

2019-06-26 17:24:03 - [MESSAGE][PASSED] - Delayed 7 second(s)

2019-06-26 17:24:03 - [TEST_STEP][PASSED] - scrollToElement(findTestObject("Object Repository/Property(owner)/rent/Scanned Tenancy Contract/Page_Chiragh/div_jpg png pdf accepted with"), 5): Scroll to object 'Object Repository/Property(owner)/rent/Scanned Tenancy Contract/Page_Chiragh/div_jpg png pdf accepted with' successfully

2019-06-26 17:24:03 - [MESSAGE][PASSED] - Scroll to object 'Object Repository/Property(owner)/rent/Scanned Tenancy Contract/Page_Chiragh/div_jpg png pdf accepted with' successfully

2019-06-26 17:24:03 - [TEST_STEP][PASSED] - delay(7): Delayed 7 second(s)

2019-06-26 17:24:10 - [MESSAGE][PASSED] - Delayed 7 second(s)

2019-06-26 17:24:10 - [TEST_STEP][PASSED] - uploadFile(findTestObject("Object Repository/Property(owner)/rent/Scanned Tenancy Contract/Page_Chiragh/div_Scanned Tenancy Contract_d"), "C:\Users\HP\Katalon Studio\register\Include\images\Scanned Passport Copy.png"): File 'C:\Users\HP\Katalon Studio\register\Include\images\Scanned Passport Copy.png' sent to object: 'Object Repository/Property(owner)/rent/Scanned Tenancy Contract/Page_Chiragh/div_Scanned Tenancy Contract_d'

2019-06-26 17:24:10 - [MESSAGE][PASSED] - File 'C:\Users\HP\Katalon Studio\register\Include\images\Scanned Passport Copy.png' sent to object: 'Object Repository/Property(owner)/rent/Scanned Tenancy Contract/Page_Chiragh/div_Scanned Tenancy Contract_d'

2019-06-26 17:24:10 - [TEST_STEP][PASSED] - scrollToElement(findTestObject("Object Repository/Property(owner)/rent/other/Page_Chiragh/div_Upload_upload-doc-div"), 5): Scroll to object 'Object Repository/Property(owner)/rent/other/Page_Chiragh/div_Upload_upload-doc-div' successfully

2019-06-26 17:24:10 - [MESSAGE][PASSED] - Scroll to object 'Object Repository/Property(owner)/rent/other/Page_Chiragh/div_Upload_upload-doc-div' successfully

2019-06-26 17:24:10 - [TEST_STEP][PASSED] - delay(7): Delayed 7 second(s)

2019-06-26 17:24:17 - [MESSAGE][PASSED] - Delayed 7 second(s)

2019-06-26 17:24:17 - [TEST_STEP][PASSED] - uploadFile(findTestObject("Object Repository/Property(owner)/rent/other/Page_Chiragh/Page_Chiragh/div_Other_doc-upload"), "C:\Users\HP\Katalon Studio\register\Include\images\Scanned Passport Copy.png"): File 'C:\Users\HP\Katalon Studio\register\Include\images\Scanned Passport Copy.png' sent to object: 'Object Repository/Property(owner)/rent/other/Page_Chiragh/Page_Chiragh/div_Other_doc-upload'

2019-06-26 17:24:18 - [MESSAGE][PASSED] - File 'C:\Users\HP\Katalon Studio\register\Include\images\Scanned Passport Copy.png' sent to object: 'Object Repository/Property(owner)/rent/other/Page_Chiragh/Page_Chiragh/div_Other_doc-upload'

2019-06-26 17:24:18 - [TEST_STEP][PASSED] - click(findTestObject("Property(owner)/mortgage/Page_Chiragh/button_Next")): Object: 'Object Repository/Property(owner)/mortgage/Page_Chiragh/button_Next' is clicked on

2019-06-26 17:24:18 - [MESSAGE][PASSED] - Object: 'Object Repository/Property(owner)/mortgage/Page_Chiragh/button_Next' is clicked on

2019-06-26 17:24:18 - [TEST_STEP][PASSED] - click(findTestObject("Property(owner)/Valuation/Page_Chiragh/span_INDEPENDENT REAL ESTATE V")): Object: 'Object Repository/Property(owner)/Valuation/Page_Chiragh/span_INDEPENDENT REAL ESTATE V' is clicked on

2019-06-26 17:24:22 - [MESSAGE][PASSED] - Object: 'Object Repository/Property(owner)/Valuation/Page_Chiragh/span_INDEPENDENT REAL ESTATE V' is clicked on

2019-06-26 17:24:22 - [TEST_STEP][PASSED] - click(findTestObject("Property(owner)/Valuation/Page_Chiragh/h3_JLL")): Object: 'Object Repository/Property(owner)/Valuation/Page_Chiragh/h3_JLL' is clicked on

2019-06-26 17:24:22 - [MESSAGE][PASSED] - Object: 'Object Repository/Property(owner)/Valuation/Page_Chiragh/h3_JLL' is clicked on

2019-06-26 17:24:22 - [TEST_STEP][PASSED] - delay(3): Delayed 3 second(s)

2019-06-26 17:24:25 - [MESSAGE][PASSED] - Delayed 3 second(s)

2019-06-26 17:24:25 - [TEST_STEP][PASSED] - click(findTestObject("Object Repository/Property(owner)/property saved/Page_Chiragh/mat-select_Select Payment Mode")): Object: 'Object Repository/Property(owner)/property saved/Page_Chiragh/mat-select_Select Payment Mode' is clicked on

2019-06-26 17:24:25 - [MESSAGE][PASSED] - Object: 'Object Repository/Property(owner)/property saved/Page_Chiragh/mat-select_Select Payment Mode' is clicked on

2019-06-26 17:24:25 - [TEST_STEP][PASSED] - delay(3): Delayed 3 second(s)

2019-06-26 17:24:28 - [MESSAGE][PASSED] - Delayed 3 second(s)

2019-06-26 17:24:28 - [TEST_STEP][PASSED] - click(findTestObject("Object Repository/Property(owner)/property saved/Page_Chiragh/span_Wallet")): Object: 'Object Repository/Property(owner)/property saved/Page_Chiragh/span_Wallet' is clicked on

2019-06-26 17:24:28 - [MESSAGE][PASSED] - Object: 'Object Repository/Property(owner)/property saved/Page_Chiragh/span_Wallet' is clicked on

2019-06-26 17:24:28 - [TEST_STEP][PASSED] - delay(3): Delayed 3 second(s)

2019-06-26 17:24:31 - [MESSAGE][PASSED] - Delayed 3 second(s)

2019-06-26 17:24:31 - [TEST_STEP][PASSED] - click(findTestObject("Property(owner)/Valuation/Page_Chiragh/button_SUBMIT FOR VALUATION")): Object: 'Object Repository/Property(owner)/Valuation/Page_Chiragh/button_SUBMIT FOR VALUATION' is clicked on

2019-06-26 17:24:31 - [MESSAGE][PASSED] - Object: 'Object Repository/Property(owner)/Valuation/Page_Chiragh/button_SUBMIT FOR VALUATION' is clicked on

2019-06-26 17:24:31 - [TEST_STEP][PASSED] - delay(5): Delayed 5 second(s)

2019-06-26 17:24:36 - [MESSAGE][PASSED] - Delayed 5 second(s)

2019-06-26 17:24:36 - [TEST_STEP][PASSED] - verifyElementPresent(findTestObject("Object Repository/Property(owner)/property saved/Page_Chiragh/div_Your property details have"), 5): Object 'Object Repository/Property(owner)/property saved/Page_Chiragh/div_Your property details have' is present

2019-06-26 17:24:37 - [MESSAGE][PASSED] - Object 'Object Repository/Property(owner)/property saved/Page_Chiragh/div_Your property details have' is present]]></system-out>
         <system-err><![CDATA[]]></system-err>
      </testcase>
      <testcase name="Test Cases/verification department" classname="Test Cases/verification department" status="PASSED">
         <system-out><![CDATA[2019-06-26 17:24:37 - [TEST_CASE][PASSED] - Test Cases/verification department: Test Cases/verification department

2019-06-26 17:24:37 - [TEST_STEP][PASSED] - openBrowser(""): Browser is opened with url: ''

2019-06-26 17:24:37 - [MESSAGE][WARNING] - A browser is already opened. Closing browser and opening a new one

2019-06-26 17:24:38 - [MESSAGE][INFO] - Starting 'Chrome' driver

2019-06-26 17:24:41 - [MESSAGE][PASSED] - Browser is opened with url: ''

2019-06-26 17:24:41 - [TEST_STEP][PASSED] - waitForPageLoad(20): Wait for page load successfully

2019-06-26 17:24:41 - [MESSAGE][PASSED] - Wait for page load successfully

2019-06-26 17:24:41 - [TEST_STEP][PASSED] - navigateToUrl("http://admin-chiragh.surge.sh/"): Navigate to 'http://admin-chiragh.surge.sh/' successfully

2019-06-26 17:24:54 - [MESSAGE][PASSED] - Navigate to 'http://admin-chiragh.surge.sh/' successfully

2019-06-26 17:24:54 - [TEST_STEP][PASSED] - maximizeWindow(): Current window maximized

2019-06-26 17:24:55 - [MESSAGE][PASSED] - Current window maximized

2019-06-26 17:24:55 - [TEST_STEP][PASSED] - click(findTestObject("Object Repository/verification department/Page_Chiragh.com Admin/div_Username")): Object: 'Object Repository/verification department/Page_Chiragh.com Admin/div_Username' is clicked on

2019-06-26 17:24:55 - [MESSAGE][PASSED] - Object: 'Object Repository/verification department/Page_Chiragh.com Admin/div_Username' is clicked on

2019-06-26 17:24:55 - [TEST_STEP][PASSED] - setText(findTestObject("Object Repository/verification department/Page_Chiragh.com Admin/input_Admin Panel_userName"), "arsalankhalid"): Text 'arsalankhalid' is set on object 'Object Repository/verification department/Page_Chiragh.com Admin/input_Admin Panel_userName'

2019-06-26 17:24:56 - [MESSAGE][PASSED] - Text 'arsalankhalid' is set on object 'Object Repository/verification department/Page_Chiragh.com Admin/input_Admin Panel_userName'

2019-06-26 17:24:56 - [TEST_STEP][PASSED] - click(findTestObject("Object Repository/verification department/Page_Chiragh.com Admin/div_Password")): Object: 'Object Repository/verification department/Page_Chiragh.com Admin/div_Password' is clicked on

2019-06-26 17:24:56 - [MESSAGE][PASSED] - Object: 'Object Repository/verification department/Page_Chiragh.com Admin/div_Password' is clicked on

2019-06-26 17:24:56 - [TEST_STEP][PASSED] - setEncryptedText(findTestObject("Object Repository/verification department/Page_Chiragh.com Admin/input_Username_password"), "RigbBhfdqODKcAsiUrg+1Q=="): Text ****** has been set on object 'Object Repository/verification department/Page_Chiragh.com Admin/input_Username_password'

2019-06-26 17:24:56 - [MESSAGE][PASSED] - Text ****** has been set on object 'Object Repository/verification department/Page_Chiragh.com Admin/input_Username_password'

2019-06-26 17:24:56 - [TEST_STEP][PASSED] - click(findTestObject("Object Repository/verification department/Page_Chiragh.com Admin/button_Login")): Object: 'Object Repository/verification department/Page_Chiragh.com Admin/button_Login' is clicked on

2019-06-26 17:24:56 - [MESSAGE][PASSED] - Object: 'Object Repository/verification department/Page_Chiragh.com Admin/button_Login' is clicked on

2019-06-26 17:24:56 - [TEST_STEP][PASSED] - click(findTestObject("Object Repository/verification department/Page_Chiragh.com Admin/a_New Leads")): Object: 'Object Repository/verification department/Page_Chiragh.com Admin/a_New Leads' is clicked on

2019-06-26 17:25:03 - [MESSAGE][PASSED] - Object: 'Object Repository/verification department/Page_Chiragh.com Admin/a_New Leads' is clicked on

2019-06-26 17:25:03 - [TEST_STEP][PASSED] - click(findTestObject("Object Repository/verification department/Page_Chiragh.com Admin/Page_Chiragh.com Admin/a_an hour ago_fas fa-user-circ")): Object: 'Object Repository/verification department/Page_Chiragh.com Admin/Page_Chiragh.com Admin/a_an hour ago_fas fa-user-circ' is clicked on

2019-06-26 17:25:09 - [MESSAGE][PASSED] - Object: 'Object Repository/verification department/Page_Chiragh.com Admin/Page_Chiragh.com Admin/a_an hour ago_fas fa-user-circ' is clicked on

2019-06-26 17:25:09 - [TEST_STEP][PASSED] - click(findTestObject("Object Repository/verification department/Page_Chiragh.com Admin/a_Mumtaz Hassan (30)")): Object: 'Object Repository/verification department/Page_Chiragh.com Admin/a_Mumtaz Hassan (30)' is clicked on

2019-06-26 17:25:09 - [MESSAGE][PASSED] - Object: 'Object Repository/verification department/Page_Chiragh.com Admin/a_Mumtaz Hassan (30)' is clicked on

2019-06-26 17:25:09 - [TEST_STEP][PASSED] - click(findTestObject("Object Repository/verification department/Page_Chiragh.com Admin/button_Yes")): Object: 'Object Repository/verification department/Page_Chiragh.com Admin/button_Yes' is clicked on

2019-06-26 17:25:10 - [MESSAGE][PASSED] - Object: 'Object Repository/verification department/Page_Chiragh.com Admin/button_Yes' is clicked on

2019-06-26 17:25:10 - [TEST_STEP][PASSED] - click(findTestObject("Object Repository/verification department/Page_Chiragh.com Admin/button_AK")): Object: 'Object Repository/verification department/Page_Chiragh.com Admin/button_AK' is clicked on

2019-06-26 17:25:10 - [MESSAGE][PASSED] - Object: 'Object Repository/verification department/Page_Chiragh.com Admin/button_AK' is clicked on

2019-06-26 17:25:10 - [TEST_STEP][PASSED] - click(findTestObject("Object Repository/verification department/Page_Chiragh.com Admin/button_exit_to_appLogout")): Object: 'Object Repository/verification department/Page_Chiragh.com Admin/button_exit_to_appLogout' is clicked on

2019-06-26 17:25:15 - [MESSAGE][PASSED] - Object: 'Object Repository/verification department/Page_Chiragh.com Admin/button_exit_to_appLogout' is clicked on

2019-06-26 17:25:15 - [TEST_STEP][PASSED] - waitForPageLoad(8): Wait for page load successfully

2019-06-26 17:25:15 - [MESSAGE][PASSED] - Wait for page load successfully

2019-06-26 17:25:15 - [TEST_STEP][PASSED] - click(findTestObject("Object Repository/verification department/Page_Chiragh.com Admin/div_Username")): Object: 'Object Repository/verification department/Page_Chiragh.com Admin/div_Username' is clicked on

2019-06-26 17:25:15 - [MESSAGE][PASSED] - Object: 'Object Repository/verification department/Page_Chiragh.com Admin/div_Username' is clicked on

2019-06-26 17:25:15 - [TEST_STEP][PASSED] - setText(findTestObject("Object Repository/verification department/Page_Chiragh.com Admin/input_Admin Panel_userName"), "mumtazhassan"): Text 'mumtazhassan' is set on object 'Object Repository/verification department/Page_Chiragh.com Admin/input_Admin Panel_userName'

2019-06-26 17:25:16 - [MESSAGE][PASSED] - Text 'mumtazhassan' is set on object 'Object Repository/verification department/Page_Chiragh.com Admin/input_Admin Panel_userName'

2019-06-26 17:25:16 - [TEST_STEP][PASSED] - click(findTestObject("Object Repository/verification department/Page_Chiragh.com Admin/div_Password")): Object: 'Object Repository/verification department/Page_Chiragh.com Admin/div_Password' is clicked on

2019-06-26 17:25:16 - [MESSAGE][PASSED] - Object: 'Object Repository/verification department/Page_Chiragh.com Admin/div_Password' is clicked on

2019-06-26 17:25:16 - [TEST_STEP][PASSED] - setEncryptedText(findTestObject("Object Repository/verification department/Page_Chiragh.com Admin/input_Username_password"), "RigbBhfdqODKcAsiUrg+1Q=="): Text ****** has been set on object 'Object Repository/verification department/Page_Chiragh.com Admin/input_Username_password'

2019-06-26 17:25:16 - [MESSAGE][PASSED] - Text ****** has been set on object 'Object Repository/verification department/Page_Chiragh.com Admin/input_Username_password'

2019-06-26 17:25:16 - [TEST_STEP][PASSED] - click(findTestObject("Object Repository/verification department/Page_Chiragh.com Admin/button_Login")): Object: 'Object Repository/verification department/Page_Chiragh.com Admin/button_Login' is clicked on

2019-06-26 17:25:16 - [MESSAGE][PASSED] - Object: 'Object Repository/verification department/Page_Chiragh.com Admin/button_Login' is clicked on

2019-06-26 17:25:16 - [TEST_STEP][PASSED] - click(findTestObject("Object Repository/verification department/Page_Chiragh.com Admin/a_My Leads")): Object: 'Object Repository/verification department/Page_Chiragh.com Admin/a_My Leads' is clicked on

2019-06-26 17:25:18 - [MESSAGE][PASSED] - Object: 'Object Repository/verification department/Page_Chiragh.com Admin/a_My Leads' is clicked on

2019-06-26 17:25:18 - [TEST_STEP][PASSED] - click(findTestObject("Object Repository/verification department/Page_Chiragh.com Admin/th_Status")): Object: 'Object Repository/verification department/Page_Chiragh.com Admin/th_Status' is clicked on

2019-06-26 17:25:27 - [MESSAGE][PASSED] - Object: 'Object Repository/verification department/Page_Chiragh.com Admin/th_Status' is clicked on

2019-06-26 17:25:27 - [TEST_STEP][PASSED] - click(findTestObject("Object Repository/verification department/Page_Chiragh.com Admin/a_Start Now")): Object: 'Object Repository/verification department/Page_Chiragh.com Admin/a_Start Now' is clicked on

2019-06-26 17:25:27 - [MESSAGE][PASSED] - Object: 'Object Repository/verification department/Page_Chiragh.com Admin/a_Start Now' is clicked on

2019-06-26 17:25:27 - [TEST_STEP][PASSED] - click(findTestObject("Object Repository/verification department/Page_Chiragh.com Admin/button_Yes")): Object: 'Object Repository/verification department/Page_Chiragh.com Admin/button_Yes' is clicked on

2019-06-26 17:25:27 - [MESSAGE][PASSED] - Object: 'Object Repository/verification department/Page_Chiragh.com Admin/button_Yes' is clicked on

2019-06-26 17:25:27 - [TEST_STEP][PASSED] - delay(8): Delayed 8 second(s)

2019-06-26 17:25:35 - [MESSAGE][PASSED] - Delayed 8 second(s)

2019-06-26 17:25:35 - [TEST_STEP][PASSED] - click(findTestObject("Object Repository/verification department/Page_Chiragh.com Admin/a_Wyman Dale 3 Floors Building")): Object: 'Object Repository/verification department/Page_Chiragh.com Admin/a_Wyman Dale 3 Floors Building' is clicked on

2019-06-26 17:25:36 - [MESSAGE][PASSED] - Object: 'Object Repository/verification department/Page_Chiragh.com Admin/a_Wyman Dale 3 Floors Building' is clicked on

2019-06-26 17:25:36 - [TEST_STEP][PASSED] - click(findTestObject("Object Repository/verification department/Page_Chiragh.com Admin/button_Verify")): Object: 'Object Repository/verification department/Page_Chiragh.com Admin/button_Verify' is clicked on

2019-06-26 17:25:38 - [MESSAGE][PASSED] - Object: 'Object Repository/verification department/Page_Chiragh.com Admin/button_Verify' is clicked on

2019-06-26 17:25:38 - [TEST_STEP][PASSED] - click(findTestObject("Object Repository/verification department/Page_Chiragh.com Admin/div_POAs")): Object: 'Object Repository/verification department/Page_Chiragh.com Admin/div_POAs' is clicked on

2019-06-26 17:25:39 - [MESSAGE][PASSED] - Object: 'Object Repository/verification department/Page_Chiragh.com Admin/div_POAs' is clicked on

2019-06-26 17:25:39 - [TEST_STEP][PASSED] - click(findTestObject("Object Repository/verification department/Page_Chiragh.com Admin/div_POAs_1")): Object: 'Object Repository/verification department/Page_Chiragh.com Admin/div_POAs_1' is clicked on

2019-06-26 17:25:39 - [MESSAGE][PASSED] - Object: 'Object Repository/verification department/Page_Chiragh.com Admin/div_POAs_1' is clicked on

2019-06-26 17:25:39 - [TEST_STEP][PASSED] - click(findTestObject("Object Repository/verification department/Page_Chiragh.com Admin/button_Verify")): Object: 'Object Repository/verification department/Page_Chiragh.com Admin/button_Verify' is clicked on

2019-06-26 17:25:40 - [MESSAGE][PASSED] - Object: 'Object Repository/verification department/Page_Chiragh.com Admin/button_Verify' is clicked on

2019-06-26 17:25:40 - [TEST_STEP][PASSED] - click(findTestObject("Object Repository/verification department/Page_Chiragh.com Admin/div_Property Details")): Object: 'Object Repository/verification department/Page_Chiragh.com Admin/div_Property Details' is clicked on

2019-06-26 17:25:40 - [MESSAGE][PASSED] - Object: 'Object Repository/verification department/Page_Chiragh.com Admin/div_Property Details' is clicked on

2019-06-26 17:25:40 - [TEST_STEP][PASSED] - click(findTestObject("Object Repository/verification department/Page_Chiragh.com Admin/button_Verify")): Object: 'Object Repository/verification department/Page_Chiragh.com Admin/button_Verify' is clicked on

2019-06-26 17:25:41 - [MESSAGE][PASSED] - Object: 'Object Repository/verification department/Page_Chiragh.com Admin/button_Verify' is clicked on

2019-06-26 17:25:41 - [TEST_STEP][PASSED] - click(findTestObject("Object Repository/verification department/Page_Chiragh.com Admin/div_Mortgage")): Object: 'Object Repository/verification department/Page_Chiragh.com Admin/div_Mortgage' is clicked on

2019-06-26 17:25:41 - [MESSAGE][PASSED] - Object: 'Object Repository/verification department/Page_Chiragh.com Admin/div_Mortgage' is clicked on

2019-06-26 17:25:41 - [TEST_STEP][PASSED] - click(findTestObject("Object Repository/verification department/Page_Chiragh.com Admin/div_Mortgage_1")): Object: 'Object Repository/verification department/Page_Chiragh.com Admin/div_Mortgage_1' is clicked on

2019-06-26 17:25:41 - [MESSAGE][PASSED] - Object: 'Object Repository/verification department/Page_Chiragh.com Admin/div_Mortgage_1' is clicked on

2019-06-26 17:25:41 - [TEST_STEP][PASSED] - delay(3): Delayed 3 second(s)

2019-06-26 17:25:44 - [MESSAGE][PASSED] - Delayed 3 second(s)

2019-06-26 17:25:44 - [TEST_STEP][PASSED] - click(findTestObject("Object Repository/verification department/Page_Chiragh.com Admin/button_mVerify")): Object: 'Object Repository/verification department/Page_Chiragh.com Admin/button_mVerify' is clicked on

2019-06-26 17:25:45 - [MESSAGE][PASSED] - Object: 'Object Repository/verification department/Page_Chiragh.com Admin/button_mVerify' is clicked on

2019-06-26 17:25:45 - [TEST_STEP][PASSED] - click(findTestObject("Object Repository/verification department/Page_Chiragh.com Admin/div_Rental")): Object: 'Object Repository/verification department/Page_Chiragh.com Admin/div_Rental' is clicked on

2019-06-26 17:25:45 - [MESSAGE][PASSED] - Object: 'Object Repository/verification department/Page_Chiragh.com Admin/div_Rental' is clicked on

2019-06-26 17:25:45 - [TEST_STEP][PASSED] - delay(3): Delayed 3 second(s)

2019-06-26 17:25:48 - [MESSAGE][PASSED] - Delayed 3 second(s)

2019-06-26 17:25:48 - [TEST_STEP][PASSED] - click(findTestObject("Object Repository/verification department/Page_Chiragh.com Admin/button_rVerify")): Object: 'Object Repository/verification department/Page_Chiragh.com Admin/button_rVerify' is clicked on

2019-06-26 17:25:48 - [MESSAGE][PASSED] - Object: 'Object Repository/verification department/Page_Chiragh.com Admin/button_rVerify' is clicked on

2019-06-26 17:25:48 - [TEST_STEP][PASSED] - click(findTestObject("Object Repository/verification department/Page_Chiragh.com Admin/div_Check List")): Object: 'Object Repository/verification department/Page_Chiragh.com Admin/div_Check List' is clicked on

2019-06-26 17:25:49 - [MESSAGE][PASSED] - Object: 'Object Repository/verification department/Page_Chiragh.com Admin/div_Check List' is clicked on

2019-06-26 17:25:49 - [TEST_STEP][PASSED] - click(findTestObject("Object Repository/verification department/Page_Chiragh.com Admin/div_Property details are verif")): Object: 'Object Repository/verification department/Page_Chiragh.com Admin/div_Property details are verif' is clicked on

2019-06-26 17:25:51 - [MESSAGE][PASSED] - Object: 'Object Repository/verification department/Page_Chiragh.com Admin/div_Property details are verif' is clicked on

2019-06-26 17:25:51 - [TEST_STEP][PASSED] - click(findTestObject("Object Repository/verification department/Page_Chiragh.com Admin/button_Confirm")): Object: 'Object Repository/verification department/Page_Chiragh.com Admin/button_Confirm' is clicked on

2019-06-26 17:25:51 - [MESSAGE][PASSED] - Object: 'Object Repository/verification department/Page_Chiragh.com Admin/button_Confirm' is clicked on

2019-06-26 17:25:51 - [TEST_STEP][PASSED] - delay(5): Delayed 5 second(s)

2019-06-26 17:25:56 - [MESSAGE][PASSED] - Delayed 5 second(s)

2019-06-26 17:25:56 - [TEST_STEP][PASSED] - click(findTestObject("Object Repository/verification department/Page_Chiragh.com Admin/button_MH")): Object: 'Object Repository/verification department/Page_Chiragh.com Admin/button_MH' is clicked on

2019-06-26 17:25:57 - [MESSAGE][PASSED] - Object: 'Object Repository/verification department/Page_Chiragh.com Admin/button_MH' is clicked on

2019-06-26 17:25:57 - [TEST_STEP][PASSED] - delay(7): Delayed 7 second(s)

2019-06-26 17:26:04 - [MESSAGE][PASSED] - Delayed 7 second(s)

2019-06-26 17:26:04 - [TEST_STEP][PASSED] - click(findTestObject("Object Repository/verification department/Page_Chiragh.com Admin/button_exit_to_appLogout")): Object: 'Object Repository/verification department/Page_Chiragh.com Admin/button_exit_to_appLogout' is clicked on

2019-06-26 17:26:10 - [MESSAGE][PASSED] - Object: 'Object Repository/verification department/Page_Chiragh.com Admin/button_exit_to_appLogout' is clicked on

2019-06-26 17:26:10 - [TEST_STEP][PASSED] - waitForPageLoad(8): Wait for page load successfully

2019-06-26 17:26:10 - [MESSAGE][PASSED] - Wait for page load successfully

2019-06-26 17:26:10 - [TEST_STEP][PASSED] - click(findTestObject("Object Repository/verification department/Page_Chiragh.com Admin/div_Username")): Object: 'Object Repository/verification department/Page_Chiragh.com Admin/div_Username' is clicked on

2019-06-26 17:26:10 - [MESSAGE][PASSED] - Object: 'Object Repository/verification department/Page_Chiragh.com Admin/div_Username' is clicked on

2019-06-26 17:26:10 - [TEST_STEP][PASSED] - setText(findTestObject("Object Repository/verification department/Page_Chiragh.com Admin/input_Admin Panel_userName"), "arsalankhalid"): Text 'arsalankhalid' is set on object 'Object Repository/verification department/Page_Chiragh.com Admin/input_Admin Panel_userName'

2019-06-26 17:26:10 - [MESSAGE][PASSED] - Text 'arsalankhalid' is set on object 'Object Repository/verification department/Page_Chiragh.com Admin/input_Admin Panel_userName'

2019-06-26 17:26:10 - [TEST_STEP][PASSED] - click(findTestObject("Object Repository/verification department/Page_Chiragh.com Admin/div_Password")): Object: 'Object Repository/verification department/Page_Chiragh.com Admin/div_Password' is clicked on

2019-06-26 17:26:10 - [MESSAGE][PASSED] - Object: 'Object Repository/verification department/Page_Chiragh.com Admin/div_Password' is clicked on

2019-06-26 17:26:10 - [TEST_STEP][PASSED] - setEncryptedText(findTestObject("Object Repository/verification department/Page_Chiragh.com Admin/input_Username_password"), "RigbBhfdqODKcAsiUrg+1Q=="): Text ****** has been set on object 'Object Repository/verification department/Page_Chiragh.com Admin/input_Username_password'

2019-06-26 17:26:10 - [MESSAGE][PASSED] - Text ****** has been set on object 'Object Repository/verification department/Page_Chiragh.com Admin/input_Username_password'

2019-06-26 17:26:10 - [TEST_STEP][PASSED] - click(findTestObject("Object Repository/verification department/Page_Chiragh.com Admin/button_Login")): Object: 'Object Repository/verification department/Page_Chiragh.com Admin/button_Login' is clicked on

2019-06-26 17:26:10 - [MESSAGE][PASSED] - Object: 'Object Repository/verification department/Page_Chiragh.com Admin/button_Login' is clicked on

2019-06-26 17:26:10 - [TEST_STEP][PASSED] - click(findTestObject("Object Repository/verification department/Page_Chiragh.com Admin/a_In Process")): Object: 'Object Repository/verification department/Page_Chiragh.com Admin/a_In Process' is clicked on

2019-06-26 17:26:12 - [MESSAGE][PASSED] - Object: 'Object Repository/verification department/Page_Chiragh.com Admin/a_In Process' is clicked on

2019-06-26 17:26:12 - [TEST_STEP][PASSED] - click(findTestObject("Object Repository/verification department/Page_Chiragh.com Admin/a_Wyman Dale 3 Floors Building")): Object: 'Object Repository/verification department/Page_Chiragh.com Admin/a_Wyman Dale 3 Floors Building' is clicked on

2019-06-26 17:26:20 - [MESSAGE][PASSED] - Object: 'Object Repository/verification department/Page_Chiragh.com Admin/a_Wyman Dale 3 Floors Building' is clicked on

2019-06-26 17:26:20 - [TEST_STEP][PASSED] - delay(3): Delayed 3 second(s)

2019-06-26 17:26:23 - [MESSAGE][PASSED] - Delayed 3 second(s)

2019-06-26 17:26:23 - [TEST_STEP][PASSED] - click(findTestObject("Object Repository/verification department/Page_Chiragh.com Admin/div_Check List")): Object: 'Object Repository/verification department/Page_Chiragh.com Admin/div_Check List' is clicked on

2019-06-26 17:26:24 - [MESSAGE][PASSED] - Object: 'Object Repository/verification department/Page_Chiragh.com Admin/div_Check List' is clicked on

2019-06-26 17:26:24 - [TEST_STEP][PASSED] - click(findTestObject("Object Repository/verification department/Page_Chiragh.com Admin/button_Approve")): Object: 'Object Repository/verification department/Page_Chiragh.com Admin/button_Approve' is clicked on

2019-06-26 17:26:24 - [MESSAGE][PASSED] - Object: 'Object Repository/verification department/Page_Chiragh.com Admin/button_Approve' is clicked on

2019-06-26 17:26:24 - [TEST_STEP][PASSED] - click(findTestObject("Object Repository/verification department/Page_Chiragh.com Admin/snack-bar-container_Are you su_2")): Object: 'Object Repository/verification department/Page_Chiragh.com Admin/snack-bar-container_Are you su_2' is clicked on

2019-06-26 17:26:25 - [MESSAGE][PASSED] - Object: 'Object Repository/verification department/Page_Chiragh.com Admin/snack-bar-container_Are you su_2' is clicked on

2019-06-26 17:26:25 - [TEST_STEP][PASSED] - click(findTestObject("Object Repository/verification department/Page_Chiragh.com Admin/span_Are you sure you want to _2")): Object: 'Object Repository/verification department/Page_Chiragh.com Admin/span_Are you sure you want to _2' is clicked on

2019-06-26 17:26:25 - [MESSAGE][PASSED] - Object: 'Object Repository/verification department/Page_Chiragh.com Admin/span_Are you sure you want to _2' is clicked on

2019-06-26 17:26:25 - [TEST_STEP][PASSED] - click(findTestObject("Object Repository/verification department/Page_Chiragh.com Admin/button_Yes")): Object: 'Object Repository/verification department/Page_Chiragh.com Admin/button_Yes' is clicked on

2019-06-26 17:26:25 - [MESSAGE][PASSED] - Object: 'Object Repository/verification department/Page_Chiragh.com Admin/button_Yes' is clicked on

2019-06-26 17:26:25 - [TEST_STEP][PASSED] - delay(5): Delayed 5 second(s)

2019-06-26 17:26:30 - [MESSAGE][PASSED] - Delayed 5 second(s)

2019-06-26 17:26:30 - [TEST_STEP][PASSED] - closeBrowser(): Browser is closed

2019-06-26 17:26:31 - [MESSAGE][PASSED] - Browser is closed]]></system-out>
         <system-err><![CDATA[]]></system-err>
      </testcase>
      <testcase name="Test Cases/valuation department" classname="Test Cases/valuation department" status="PASSED">
         <system-out><![CDATA[2019-06-26 17:26:31 - [TEST_CASE][PASSED] - Test Cases/valuation department: Test Cases/valuation department

2019-06-26 17:26:31 - [TEST_STEP][PASSED] - openBrowser(""): Browser is opened with url: ''

2019-06-26 17:26:31 - [MESSAGE][INFO] - Starting 'Chrome' driver

2019-06-26 17:26:34 - [MESSAGE][PASSED] - Browser is opened with url: ''

2019-06-26 17:26:34 - [TEST_STEP][PASSED] - navigateToUrl("http://admin-chiragh.surge.sh/"): Navigate to 'http://admin-chiragh.surge.sh/' successfully

2019-06-26 17:26:49 - [MESSAGE][PASSED] - Navigate to 'http://admin-chiragh.surge.sh/' successfully

2019-06-26 17:26:49 - [TEST_STEP][PASSED] - maximizeWindow(): Current window maximized

2019-06-26 17:26:50 - [MESSAGE][PASSED] - Current window maximized

2019-06-26 17:26:50 - [TEST_STEP][PASSED] - waitForPageLoad(8): Wait for page load successfully

2019-06-26 17:26:50 - [MESSAGE][PASSED] - Wait for page load successfully

2019-06-26 17:26:50 - [TEST_STEP][PASSED] - click(findTestObject("Object Repository/brokerage department/Page_Chiragh.com Admin/div_Username")): Object: 'Object Repository/brokerage department/Page_Chiragh.com Admin/div_Username' is clicked on

2019-06-26 17:26:51 - [MESSAGE][PASSED] - Object: 'Object Repository/brokerage department/Page_Chiragh.com Admin/div_Username' is clicked on

2019-06-26 17:26:51 - [TEST_STEP][PASSED] - setText(findTestObject("Object Repository/brokerage department/Page_Chiragh.com Admin/input_Admin Panel_userName"), "farhanm"): Text 'farhanm' is set on object 'Object Repository/brokerage department/Page_Chiragh.com Admin/input_Admin Panel_userName'

2019-06-26 17:26:51 - [MESSAGE][PASSED] - Text 'farhanm' is set on object 'Object Repository/brokerage department/Page_Chiragh.com Admin/input_Admin Panel_userName'

2019-06-26 17:26:51 - [TEST_STEP][PASSED] - click(findTestObject("Object Repository/brokerage department/Page_Chiragh.com Admin/div_Password")): Object: 'Object Repository/brokerage department/Page_Chiragh.com Admin/div_Password' is clicked on

2019-06-26 17:26:51 - [MESSAGE][PASSED] - Object: 'Object Repository/brokerage department/Page_Chiragh.com Admin/div_Password' is clicked on

2019-06-26 17:26:51 - [TEST_STEP][PASSED] - setEncryptedText(findTestObject("Object Repository/brokerage department/Page_Chiragh.com Admin/input_Username_password"), "RigbBhfdqODKcAsiUrg+1Q=="): Text ****** has been set on object 'Object Repository/brokerage department/Page_Chiragh.com Admin/input_Username_password'

2019-06-26 17:26:51 - [MESSAGE][PASSED] - Text ****** has been set on object 'Object Repository/brokerage department/Page_Chiragh.com Admin/input_Username_password'

2019-06-26 17:26:51 - [TEST_STEP][PASSED] - click(findTestObject("Object Repository/brokerage department/Page_Chiragh.com Admin/button_Login")): Object: 'Object Repository/brokerage department/Page_Chiragh.com Admin/button_Login' is clicked on

2019-06-26 17:26:51 - [MESSAGE][PASSED] - Object: 'Object Repository/brokerage department/Page_Chiragh.com Admin/button_Login' is clicked on

2019-06-26 17:26:51 - [TEST_STEP][PASSED] - click(findTestObject("Object Repository/brokerage department/Page_Chiragh.com Admin/a_New Leads")): Object: 'Object Repository/brokerage department/Page_Chiragh.com Admin/a_New Leads' is clicked on

2019-06-26 17:26:58 - [MESSAGE][PASSED] - Object: 'Object Repository/brokerage department/Page_Chiragh.com Admin/a_New Leads' is clicked on

2019-06-26 17:26:58 - [TEST_STEP][PASSED] - click(findTestObject("Object Repository/brokerage department/Page_Chiragh.com Admin/a_an hour ago_fas fa-user-circ")): Object: 'Object Repository/brokerage department/Page_Chiragh.com Admin/a_an hour ago_fas fa-user-circ' is clicked on

2019-06-26 17:27:13 - [MESSAGE][PASSED] - Object: 'Object Repository/brokerage department/Page_Chiragh.com Admin/a_an hour ago_fas fa-user-circ' is clicked on

2019-06-26 17:27:13 - [TEST_STEP][PASSED] - click(findTestObject("Object Repository/brokerage department/Page_Chiragh.com Admin/a_Abdullah M")): Object: 'Object Repository/brokerage department/Page_Chiragh.com Admin/a_Abdullah M' is clicked on

2019-06-26 17:27:13 - [MESSAGE][PASSED] - Object: 'Object Repository/brokerage department/Page_Chiragh.com Admin/a_Abdullah M' is clicked on

2019-06-26 17:27:13 - [TEST_STEP][PASSED] - delay(5): Delayed 5 second(s)

2019-06-26 17:27:18 - [MESSAGE][PASSED] - Delayed 5 second(s)

2019-06-26 17:27:18 - [TEST_STEP][PASSED] - click(findTestObject("Object Repository/brokerage department/Page_Chiragh.com Admin/button_FM")): Object: 'Object Repository/brokerage department/Page_Chiragh.com Admin/button_FM' is clicked on

2019-06-26 17:27:18 - [MESSAGE][PASSED] - Object: 'Object Repository/brokerage department/Page_Chiragh.com Admin/button_FM' is clicked on

2019-06-26 17:27:18 - [TEST_STEP][PASSED] - click(findTestObject("Object Repository/brokerage department/Page_Chiragh.com Admin/button_exit_to_appLogout")): Object: 'Object Repository/brokerage department/Page_Chiragh.com Admin/button_exit_to_appLogout' is clicked on

2019-06-26 17:27:26 - [MESSAGE][PASSED] - Object: 'Object Repository/brokerage department/Page_Chiragh.com Admin/button_exit_to_appLogout' is clicked on

2019-06-26 17:27:26 - [TEST_STEP][PASSED] - waitForPageLoad(5): Wait for page load successfully

2019-06-26 17:27:26 - [MESSAGE][PASSED] - Wait for page load successfully

2019-06-26 17:27:26 - [TEST_STEP][PASSED] - click(findTestObject("Object Repository/valuation department/Page_Chiragh.com Admin/div_Username")): Object: 'Object Repository/valuation department/Page_Chiragh.com Admin/div_Username' is clicked on

2019-06-26 17:27:26 - [MESSAGE][PASSED] - Object: 'Object Repository/valuation department/Page_Chiragh.com Admin/div_Username' is clicked on

2019-06-26 17:27:26 - [TEST_STEP][PASSED] - setText(findTestObject("Object Repository/valuation department/Page_Chiragh.com Admin/input_Admin Panel_userName"), "haleemhanif"): Text 'haleemhanif' is set on object 'Object Repository/valuation department/Page_Chiragh.com Admin/input_Admin Panel_userName'

2019-06-26 17:27:26 - [MESSAGE][PASSED] - Text 'haleemhanif' is set on object 'Object Repository/valuation department/Page_Chiragh.com Admin/input_Admin Panel_userName'

2019-06-26 17:27:26 - [TEST_STEP][PASSED] - click(findTestObject("Object Repository/valuation department/Page_Chiragh.com Admin/div_Password")): Object: 'Object Repository/valuation department/Page_Chiragh.com Admin/div_Password' is clicked on

2019-06-26 17:27:26 - [MESSAGE][PASSED] - Object: 'Object Repository/valuation department/Page_Chiragh.com Admin/div_Password' is clicked on

2019-06-26 17:27:26 - [TEST_STEP][PASSED] - setEncryptedText(findTestObject("Object Repository/valuation department/Page_Chiragh.com Admin/input_Username_password"), "RigbBhfdqODKcAsiUrg+1Q=="): Text ****** has been set on object 'Object Repository/valuation department/Page_Chiragh.com Admin/input_Username_password'

2019-06-26 17:27:27 - [MESSAGE][PASSED] - Text ****** has been set on object 'Object Repository/valuation department/Page_Chiragh.com Admin/input_Username_password'

2019-06-26 17:27:27 - [TEST_STEP][PASSED] - click(findTestObject("Object Repository/valuation department/Page_Chiragh.com Admin/button_Login")): Object: 'Object Repository/valuation department/Page_Chiragh.com Admin/button_Login' is clicked on

2019-06-26 17:27:27 - [MESSAGE][PASSED] - Object: 'Object Repository/valuation department/Page_Chiragh.com Admin/button_Login' is clicked on

2019-06-26 17:27:27 - [TEST_STEP][PASSED] - click(findTestObject("Object Repository/valuation department/Page_Chiragh.com Admin/a_New Leads")): Object: 'Object Repository/valuation department/Page_Chiragh.com Admin/a_New Leads' is clicked on

2019-06-26 17:27:30 - [MESSAGE][PASSED] - Object: 'Object Repository/valuation department/Page_Chiragh.com Admin/a_New Leads' is clicked on

2019-06-26 17:27:30 - [TEST_STEP][PASSED] - delay(2): Delayed 2 second(s)

2019-06-26 17:27:32 - [MESSAGE][PASSED] - Delayed 2 second(s)

2019-06-26 17:27:32 - [TEST_STEP][PASSED] - click(findTestObject("Object Repository/valuation department/Page_Chiragh.com Admin/a_a day ago_fas fa-user-circle")): Object: 'Object Repository/valuation department/Page_Chiragh.com Admin/a_a day ago_fas fa-user-circle' is clicked on

2019-06-26 17:27:34 - [MESSAGE][PASSED] - Object: 'Object Repository/valuation department/Page_Chiragh.com Admin/a_a day ago_fas fa-user-circle' is clicked on

2019-06-26 17:27:34 - [TEST_STEP][PASSED] - click(findTestObject("Object Repository/valuation department/Page_Chiragh.com Admin/a_Chrystal Dsouza")): Object: 'Object Repository/valuation department/Page_Chiragh.com Admin/a_Chrystal Dsouza' is clicked on

2019-06-26 17:27:34 - [MESSAGE][PASSED] - Object: 'Object Repository/valuation department/Page_Chiragh.com Admin/a_Chrystal Dsouza' is clicked on

2019-06-26 17:27:34 - [TEST_STEP][PASSED] - click(findTestObject("Object Repository/valuation department/Page_Chiragh.com Admin/button_HH")): Object: 'Object Repository/valuation department/Page_Chiragh.com Admin/button_HH' is clicked on

2019-06-26 17:27:34 - [MESSAGE][PASSED] - Object: 'Object Repository/valuation department/Page_Chiragh.com Admin/button_HH' is clicked on

2019-06-26 17:27:34 - [TEST_STEP][PASSED] - delay(5): Delayed 5 second(s)

2019-06-26 17:27:39 - [MESSAGE][PASSED] - Delayed 5 second(s)

2019-06-26 17:27:39 - [TEST_STEP][PASSED] - click(findTestObject("Object Repository/valuation department/Page_Chiragh.com Admin/button_exit_to_appLogout")): Object: 'Object Repository/valuation department/Page_Chiragh.com Admin/button_exit_to_appLogout' is clicked on

2019-06-26 17:27:46 - [MESSAGE][PASSED] - Object: 'Object Repository/valuation department/Page_Chiragh.com Admin/button_exit_to_appLogout' is clicked on

2019-06-26 17:27:46 - [TEST_STEP][PASSED] - waitForPageLoad(8): Wait for page load successfully

2019-06-26 17:27:46 - [MESSAGE][PASSED] - Wait for page load successfully

2019-06-26 17:27:46 - [TEST_STEP][PASSED] - click(findTestObject("Object Repository/valuation department/Page_Chiragh.com Admin/div_Username")): Object: 'Object Repository/valuation department/Page_Chiragh.com Admin/div_Username' is clicked on

2019-06-26 17:27:46 - [MESSAGE][PASSED] - Object: 'Object Repository/valuation department/Page_Chiragh.com Admin/div_Username' is clicked on

2019-06-26 17:27:46 - [TEST_STEP][PASSED] - setText(findTestObject("Object Repository/valuation department/Page_Chiragh.com Admin/input_Admin Panel_userName"), "chrystaldsouza"): Text 'chrystaldsouza' is set on object 'Object Repository/valuation department/Page_Chiragh.com Admin/input_Admin Panel_userName'

2019-06-26 17:27:46 - [MESSAGE][PASSED] - Text 'chrystaldsouza' is set on object 'Object Repository/valuation department/Page_Chiragh.com Admin/input_Admin Panel_userName'

2019-06-26 17:27:46 - [TEST_STEP][PASSED] - click(findTestObject("Object Repository/valuation department/Page_Chiragh.com Admin/div_Password")): Object: 'Object Repository/valuation department/Page_Chiragh.com Admin/div_Password' is clicked on

2019-06-26 17:27:46 - [MESSAGE][PASSED] - Object: 'Object Repository/valuation department/Page_Chiragh.com Admin/div_Password' is clicked on

2019-06-26 17:27:46 - [TEST_STEP][PASSED] - setEncryptedText(findTestObject("Object Repository/valuation department/Page_Chiragh.com Admin/input_Username_password"), "RigbBhfdqODKcAsiUrg+1Q=="): Text ****** has been set on object 'Object Repository/valuation department/Page_Chiragh.com Admin/input_Username_password'

2019-06-26 17:27:46 - [MESSAGE][PASSED] - Text ****** has been set on object 'Object Repository/valuation department/Page_Chiragh.com Admin/input_Username_password'

2019-06-26 17:27:46 - [TEST_STEP][PASSED] - click(findTestObject("Object Repository/valuation department/Page_Chiragh.com Admin/button_Login")): Object: 'Object Repository/valuation department/Page_Chiragh.com Admin/button_Login' is clicked on

2019-06-26 17:27:46 - [MESSAGE][PASSED] - Object: 'Object Repository/valuation department/Page_Chiragh.com Admin/button_Login' is clicked on

2019-06-26 17:27:46 - [TEST_STEP][PASSED] - click(findTestObject("Object Repository/valuation department/Page_Chiragh.com Admin/a_My Leads")): Object: 'Object Repository/valuation department/Page_Chiragh.com Admin/a_My Leads' is clicked on

2019-06-26 17:27:50 - [MESSAGE][PASSED] - Object: 'Object Repository/valuation department/Page_Chiragh.com Admin/a_My Leads' is clicked on

2019-06-26 17:27:50 - [TEST_STEP][PASSED] - click(findTestObject("Object Repository/valuation department/Page_Chiragh.com Admin/i_Schedule Appointment_fas fa-")): Object: 'Object Repository/valuation department/Page_Chiragh.com Admin/i_Schedule Appointment_fas fa-' is clicked on

2019-06-26 17:27:53 - [MESSAGE][PASSED] - Object: 'Object Repository/valuation department/Page_Chiragh.com Admin/i_Schedule Appointment_fas fa-' is clicked on

2019-06-26 17:27:53 - [TEST_STEP][PASSED] - delay(3): Delayed 3 second(s)

2019-06-26 17:27:56 - [MESSAGE][PASSED] - Delayed 3 second(s)

2019-06-26 17:27:56 - [TEST_STEP][PASSED] - setText(findTestObject("Object Repository/valuation department/Page_Chiragh.com Admin/input_Schedule an Onsite Visit"), "Onsite Visit"): Text 'Onsite Visit' is set on object 'Object Repository/valuation department/Page_Chiragh.com Admin/input_Schedule an Onsite Visit'

2019-06-26 17:27:57 - [MESSAGE][PASSED] - Text 'Onsite Visit' is set on object 'Object Repository/valuation department/Page_Chiragh.com Admin/input_Schedule an Onsite Visit'

2019-06-26 17:27:57 - [TEST_STEP][PASSED] - click(findTestObject("Object Repository/valuation department/Page_Chiragh.com Admin/span_Schedule an Onsite Visit_")): Object: 'Object Repository/valuation department/Page_Chiragh.com Admin/span_Schedule an Onsite Visit_' is clicked on

2019-06-26 17:27:57 - [MESSAGE][PASSED] - Object: 'Object Repository/valuation department/Page_Chiragh.com Admin/span_Schedule an Onsite Visit_' is clicked on

2019-06-26 17:27:57 - [TEST_STEP][PASSED] - click(findTestObject("Object Repository/valuation department/Page_Chiragh.com Admin/div_Help_cdk-overlay-backdrop")): Object: 'Object Repository/valuation department/Page_Chiragh.com Admin/div_Help_cdk-overlay-backdrop' is clicked on

2019-06-26 17:27:57 - [MESSAGE][PASSED] - Object: 'Object Repository/valuation department/Page_Chiragh.com Admin/div_Help_cdk-overlay-backdrop' is clicked on

2019-06-26 17:27:57 - [TEST_STEP][PASSED] - click(findTestObject("Object Repository/valuation department/Page_Chiragh.com Admin/span_20")): Object: 'Object Repository/valuation department/Page_Chiragh.com Admin/span_20' is clicked on

2019-06-26 17:27:57 - [MESSAGE][PASSED] - Object: 'Object Repository/valuation department/Page_Chiragh.com Admin/span_20' is clicked on

2019-06-26 17:27:57 - [TEST_STEP][PASSED] - setText(findTestObject("Object Repository/valuation department/Page_Chiragh.com Admin/input_Sat_owl-dt-timer-input"), "11"): Text '11' is set on object 'Object Repository/valuation department/Page_Chiragh.com Admin/input_Sat_owl-dt-timer-input'

2019-06-26 17:27:58 - [MESSAGE][PASSED] - Text '11' is set on object 'Object Repository/valuation department/Page_Chiragh.com Admin/input_Sat_owl-dt-timer-input'

2019-06-26 17:27:58 - [TEST_STEP][PASSED] - setText(findTestObject("Object Repository/valuation department/Page_Chiragh.com Admin/input_Hour_owl-dt-timer-input"), "00"): Text '00' is set on object 'Object Repository/valuation department/Page_Chiragh.com Admin/input_Hour_owl-dt-timer-input'

2019-06-26 17:27:58 - [MESSAGE][PASSED] - Text '00' is set on object 'Object Repository/valuation department/Page_Chiragh.com Admin/input_Hour_owl-dt-timer-input'

2019-06-26 17:27:58 - [TEST_STEP][PASSED] - delay(4): Delayed 4 second(s)

2019-06-26 17:28:02 - [MESSAGE][PASSED] - Delayed 4 second(s)

2019-06-26 17:28:02 - [TEST_STEP][PASSED] - click(findTestObject("Object Repository/valuation department/Page_Chiragh.com Admin/span_Set")): Object: 'Object Repository/valuation department/Page_Chiragh.com Admin/span_Set' is clicked on

2019-06-26 17:28:02 - [MESSAGE][PASSED] - Object: 'Object Repository/valuation department/Page_Chiragh.com Admin/span_Set' is clicked on

2019-06-26 17:28:02 - [TEST_STEP][PASSED] - setText(findTestObject("Object Repository/valuation department/Page_Chiragh.com Admin/textarea_Schedule an Onsite Vi"), "Onsite Visit "): Text 'Onsite Visit ' is set on object 'Object Repository/valuation department/Page_Chiragh.com Admin/textarea_Schedule an Onsite Vi'

2019-06-26 17:28:03 - [MESSAGE][PASSED] - Text 'Onsite Visit ' is set on object 'Object Repository/valuation department/Page_Chiragh.com Admin/textarea_Schedule an Onsite Vi'

2019-06-26 17:28:03 - [TEST_STEP][PASSED] - click(findTestObject("Object Repository/valuation department/Page_Chiragh.com Admin/button_SAVE")): Object: 'Object Repository/valuation department/Page_Chiragh.com Admin/button_SAVE' is clicked on

2019-06-26 17:28:03 - [MESSAGE][PASSED] - Object: 'Object Repository/valuation department/Page_Chiragh.com Admin/button_SAVE' is clicked on

2019-06-26 17:28:03 - [TEST_STEP][PASSED] - delay(4): Delayed 4 second(s)

2019-06-26 17:28:07 - [MESSAGE][PASSED] - Delayed 4 second(s)

2019-06-26 17:28:07 - [TEST_STEP][PASSED] - click(findTestObject("Object Repository/valuation department/Page_Chiragh.com Admin/Page_Chiragh.com Admin/img1")): Object: 'Object Repository/valuation department/Page_Chiragh.com Admin/Page_Chiragh.com Admin/img1' is clicked on

2019-06-26 17:28:07 - [MESSAGE][PASSED] - Object: 'Object Repository/valuation department/Page_Chiragh.com Admin/Page_Chiragh.com Admin/img1' is clicked on

2019-06-26 17:28:07 - [TEST_STEP][PASSED] - delay(3): Delayed 3 second(s)

2019-06-26 17:28:10 - [MESSAGE][PASSED] - Delayed 3 second(s)

2019-06-26 17:28:10 - [TEST_STEP][PASSED] - click(findTestObject("Object Repository/valuation department/Page_Chiragh.com Admin/button_CD")): Object: 'Object Repository/valuation department/Page_Chiragh.com Admin/button_CD' is clicked on

2019-06-26 17:28:11 - [MESSAGE][PASSED] - Object: 'Object Repository/valuation department/Page_Chiragh.com Admin/button_CD' is clicked on

2019-06-26 17:28:11 - [TEST_STEP][PASSED] - delay(8): Delayed 8 second(s)

2019-06-26 17:28:19 - [MESSAGE][PASSED] - Delayed 8 second(s)

2019-06-26 17:28:19 - [TEST_STEP][PASSED] - click(findTestObject("Object Repository/valuation department/Page_Chiragh.com Admin/button_exit_to_appLogout")): Object: 'Object Repository/valuation department/Page_Chiragh.com Admin/button_exit_to_appLogout' is clicked on

2019-06-26 17:28:25 - [MESSAGE][PASSED] - Object: 'Object Repository/valuation department/Page_Chiragh.com Admin/button_exit_to_appLogout' is clicked on

2019-06-26 17:28:25 - [TEST_STEP][PASSED] - waitForPageLoad(8): Wait for page load successfully

2019-06-26 17:28:25 - [MESSAGE][PASSED] - Wait for page load successfully

2019-06-26 17:28:25 - [TEST_STEP][PASSED] - click(findTestObject("Object Repository/valuation department/Page_Chiragh.com Admin/div_Username")): Object: 'Object Repository/valuation department/Page_Chiragh.com Admin/div_Username' is clicked on

2019-06-26 17:28:25 - [MESSAGE][PASSED] - Object: 'Object Repository/valuation department/Page_Chiragh.com Admin/div_Username' is clicked on

2019-06-26 17:28:25 - [TEST_STEP][PASSED] - setText(findTestObject("Object Repository/valuation department/Page_Chiragh.com Admin/input_Admin Panel_userName"), "fatimazaidi"): Text 'fatimazaidi' is set on object 'Object Repository/valuation department/Page_Chiragh.com Admin/input_Admin Panel_userName'

2019-06-26 17:28:26 - [MESSAGE][PASSED] - Text 'fatimazaidi' is set on object 'Object Repository/valuation department/Page_Chiragh.com Admin/input_Admin Panel_userName'

2019-06-26 17:28:26 - [TEST_STEP][PASSED] - click(findTestObject("Object Repository/valuation department/Page_Chiragh.com Admin/div_Password")): Object: 'Object Repository/valuation department/Page_Chiragh.com Admin/div_Password' is clicked on

2019-06-26 17:28:26 - [MESSAGE][PASSED] - Object: 'Object Repository/valuation department/Page_Chiragh.com Admin/div_Password' is clicked on

2019-06-26 17:28:26 - [TEST_STEP][PASSED] - setEncryptedText(findTestObject("Object Repository/valuation department/Page_Chiragh.com Admin/input_Username_password"), "RigbBhfdqODKcAsiUrg+1Q=="): Text ****** has been set on object 'Object Repository/valuation department/Page_Chiragh.com Admin/input_Username_password'

2019-06-26 17:28:26 - [MESSAGE][PASSED] - Text ****** has been set on object 'Object Repository/valuation department/Page_Chiragh.com Admin/input_Username_password'

2019-06-26 17:28:26 - [TEST_STEP][PASSED] - click(findTestObject("Object Repository/valuation department/Page_Chiragh.com Admin/button_Login")): Object: 'Object Repository/valuation department/Page_Chiragh.com Admin/button_Login' is clicked on

2019-06-26 17:28:26 - [MESSAGE][PASSED] - Object: 'Object Repository/valuation department/Page_Chiragh.com Admin/button_Login' is clicked on

2019-06-26 17:28:26 - [TEST_STEP][PASSED] - click(findTestObject("Object Repository/valuation department/Page_Chiragh.com Admin/a_December 30th 2019 1024 AM_f")): Object: 'Object Repository/valuation department/Page_Chiragh.com Admin/a_December 30th 2019 1024 AM_f' is clicked on

2019-06-26 17:28:32 - [MESSAGE][PASSED] - Object: 'Object Repository/valuation department/Page_Chiragh.com Admin/a_December 30th 2019 1024 AM_f' is clicked on

2019-06-26 17:28:32 - [TEST_STEP][PASSED] - click(findTestObject("Object Repository/valuation department/Page_Chiragh.com Admin/a_Adnan Shafiq")): Object: 'Object Repository/valuation department/Page_Chiragh.com Admin/a_Adnan Shafiq' is clicked on

2019-06-26 17:28:32 - [MESSAGE][PASSED] - Object: 'Object Repository/valuation department/Page_Chiragh.com Admin/a_Adnan Shafiq' is clicked on

2019-06-26 17:28:32 - [TEST_STEP][PASSED] - click(findTestObject("Object Repository/valuation department/Page_Chiragh.com Admin/a_In Process")): Object: 'Object Repository/valuation department/Page_Chiragh.com Admin/a_In Process' is clicked on

2019-06-26 17:28:32 - [MESSAGE][PASSED] - Object: 'Object Repository/valuation department/Page_Chiragh.com Admin/a_In Process' is clicked on

2019-06-26 17:28:32 - [TEST_STEP][PASSED] - click(findTestObject("Object Repository/valuation department/Page_Chiragh.com Admin/button_FZ")): Object: 'Object Repository/valuation department/Page_Chiragh.com Admin/button_FZ' is clicked on

2019-06-26 17:28:32 - [MESSAGE][PASSED] - Object: 'Object Repository/valuation department/Page_Chiragh.com Admin/button_FZ' is clicked on

2019-06-26 17:28:32 - [TEST_STEP][PASSED] - delay(7): Delayed 7 second(s)

2019-06-26 17:28:39 - [MESSAGE][PASSED] - Delayed 7 second(s)

2019-06-26 17:28:39 - [TEST_STEP][PASSED] - click(findTestObject("Object Repository/valuation department/Page_Chiragh.com Admin/button_exit_to_appLogout")): Object: 'Object Repository/valuation department/Page_Chiragh.com Admin/button_exit_to_appLogout' is clicked on

2019-06-26 17:28:49 - [MESSAGE][PASSED] - Object: 'Object Repository/valuation department/Page_Chiragh.com Admin/button_exit_to_appLogout' is clicked on

2019-06-26 17:28:49 - [TEST_STEP][PASSED] - waitForPageLoad(8): Wait for page load successfully

2019-06-26 17:28:49 - [MESSAGE][PASSED] - Wait for page load successfully

2019-06-26 17:28:49 - [TEST_STEP][PASSED] - click(findTestObject("Object Repository/valuation department/Page_Chiragh.com Admin/div_Username")): Object: 'Object Repository/valuation department/Page_Chiragh.com Admin/div_Username' is clicked on

2019-06-26 17:28:49 - [MESSAGE][PASSED] - Object: 'Object Repository/valuation department/Page_Chiragh.com Admin/div_Username' is clicked on

2019-06-26 17:28:49 - [TEST_STEP][PASSED] - setText(findTestObject("Object Repository/valuation department/Page_Chiragh.com Admin/input_Admin Panel_userName"), "adnanshafiq"): Text 'adnanshafiq' is set on object 'Object Repository/valuation department/Page_Chiragh.com Admin/input_Admin Panel_userName'

2019-06-26 17:28:50 - [MESSAGE][PASSED] - Text 'adnanshafiq' is set on object 'Object Repository/valuation department/Page_Chiragh.com Admin/input_Admin Panel_userName'

2019-06-26 17:28:50 - [TEST_STEP][PASSED] - click(findTestObject("Object Repository/valuation department/Page_Chiragh.com Admin/div_Password")): Object: 'Object Repository/valuation department/Page_Chiragh.com Admin/div_Password' is clicked on

2019-06-26 17:28:50 - [MESSAGE][PASSED] - Object: 'Object Repository/valuation department/Page_Chiragh.com Admin/div_Password' is clicked on

2019-06-26 17:28:50 - [TEST_STEP][PASSED] - setEncryptedText(findTestObject("Object Repository/valuation department/Page_Chiragh.com Admin/input_Username_password"), "RigbBhfdqODKcAsiUrg+1Q=="): Text ****** has been set on object 'Object Repository/valuation department/Page_Chiragh.com Admin/input_Username_password'

2019-06-26 17:28:50 - [MESSAGE][PASSED] - Text ****** has been set on object 'Object Repository/valuation department/Page_Chiragh.com Admin/input_Username_password'

2019-06-26 17:28:50 - [TEST_STEP][PASSED] - click(findTestObject("Object Repository/valuation department/Page_Chiragh.com Admin/button_Login")): Object: 'Object Repository/valuation department/Page_Chiragh.com Admin/button_Login' is clicked on

2019-06-26 17:28:50 - [MESSAGE][PASSED] - Object: 'Object Repository/valuation department/Page_Chiragh.com Admin/button_Login' is clicked on

2019-06-26 17:28:50 - [TEST_STEP][PASSED] - click(findTestObject("Object Repository/valuation department/Page_Chiragh.com Admin/a_December 30th 2019 1000 AM_f_1")): Object: 'Object Repository/valuation department/Page_Chiragh.com Admin/a_December 30th 2019 1000 AM_f_1' is clicked on

2019-06-26 17:29:02 - [MESSAGE][PASSED] - Object: 'Object Repository/valuation department/Page_Chiragh.com Admin/a_December 30th 2019 1000 AM_f_1' is clicked on

2019-06-26 17:29:02 - [TEST_STEP][PASSED] - click(findTestObject("Object Repository/valuation department/Page_Chiragh.com Admin/a_Confirm")): Object: 'Object Repository/valuation department/Page_Chiragh.com Admin/a_Confirm' is clicked on

2019-06-26 17:29:03 - [MESSAGE][PASSED] - Object: 'Object Repository/valuation department/Page_Chiragh.com Admin/a_Confirm' is clicked on

2019-06-26 17:29:03 - [TEST_STEP][PASSED] - click(findTestObject("Object Repository/valuation department/Page_Chiragh.com Admin/a_Birdie Fords Hotel_fas fa-ba")): Object: 'Object Repository/valuation department/Page_Chiragh.com Admin/a_Birdie Fords Hotel_fas fa-ba' is clicked on

2019-06-26 17:29:03 - [MESSAGE][PASSED] - Object: 'Object Repository/valuation department/Page_Chiragh.com Admin/a_Birdie Fords Hotel_fas fa-ba' is clicked on

2019-06-26 17:29:03 - [TEST_STEP][PASSED] - delay(3): Delayed 3 second(s)

2019-06-26 17:29:06 - [MESSAGE][PASSED] - Delayed 3 second(s)

2019-06-26 17:29:06 - [TEST_STEP][PASSED] - click(findTestObject("Object Repository/valuation department/Page_Chiragh.com Admin/div_Valuation")): Object: 'Object Repository/valuation department/Page_Chiragh.com Admin/div_Valuation' is clicked on

2019-06-26 17:29:07 - [MESSAGE][PASSED] - Object: 'Object Repository/valuation department/Page_Chiragh.com Admin/div_Valuation' is clicked on

2019-06-26 17:29:07 - [TEST_STEP][PASSED] - uploadFile(findTestObject("Object Repository/valuation department/Page_Chiragh.com Admin/input_Valuation_file"), "C:\Users\HP\Katalon Studio\Chiragh(Admin)\Include\pdf\valuation.pdf"): File 'C:\Users\HP\Katalon Studio\Chiragh(Admin)\Include\pdf\valuation.pdf' sent to object: 'Object Repository/valuation department/Page_Chiragh.com Admin/input_Valuation_file'

2019-06-26 17:29:07 - [MESSAGE][PASSED] - File 'C:\Users\HP\Katalon Studio\Chiragh(Admin)\Include\pdf\valuation.pdf' sent to object: 'Object Repository/valuation department/Page_Chiragh.com Admin/input_Valuation_file'

2019-06-26 17:29:07 - [TEST_STEP][PASSED] - delay(10): Delayed 10 second(s)

2019-06-26 17:29:17 - [MESSAGE][PASSED] - Delayed 10 second(s)

2019-06-26 17:29:17 - [TEST_STEP][PASSED] - click(findTestObject("Object Repository/valuation department/Page_Chiragh.com Admin/img")): Object: 'Object Repository/valuation department/Page_Chiragh.com Admin/img' is clicked on

2019-06-26 17:29:17 - [MESSAGE][PASSED] - Object: 'Object Repository/valuation department/Page_Chiragh.com Admin/img' is clicked on

2019-06-26 17:29:17 - [TEST_STEP][PASSED] - delay(5): Delayed 5 second(s)

2019-06-26 17:29:22 - [MESSAGE][PASSED] - Delayed 5 second(s)

2019-06-26 17:29:22 - [TEST_STEP][PASSED] - click(findTestObject("Object Repository/valuation department/Page_Chiragh.com Admin/a_Birdie Fords Hotel")): Object: 'Object Repository/valuation department/Page_Chiragh.com Admin/a_Birdie Fords Hotel' is clicked on

2019-06-26 17:29:23 - [MESSAGE][PASSED] - Object: 'Object Repository/valuation department/Page_Chiragh.com Admin/a_Birdie Fords Hotel' is clicked on

2019-06-26 17:29:23 - [TEST_STEP][PASSED] - delay(4): Delayed 4 second(s)

2019-06-26 17:29:27 - [MESSAGE][PASSED] - Delayed 4 second(s)

2019-06-26 17:29:27 - [TEST_STEP][PASSED] - click(findTestObject("Object Repository/valuation department/Page_Chiragh.com Admin/div_Check List")): Object: 'Object Repository/valuation department/Page_Chiragh.com Admin/div_Check List' is clicked on

2019-06-26 17:29:27 - [MESSAGE][PASSED] - Object: 'Object Repository/valuation department/Page_Chiragh.com Admin/div_Check List' is clicked on

2019-06-26 17:29:27 - [TEST_STEP][PASSED] - delay(4): Delayed 4 second(s)

2019-06-26 17:29:31 - [MESSAGE][PASSED] - Delayed 4 second(s)

2019-06-26 17:29:31 - [TEST_STEP][PASSED] - click(findTestObject("Object Repository/valuation department/Page_Chiragh.com Admin/button_Confirm")): Object: 'Object Repository/valuation department/Page_Chiragh.com Admin/button_Confirm' is clicked on

2019-06-26 17:29:31 - [MESSAGE][PASSED] - Object: 'Object Repository/valuation department/Page_Chiragh.com Admin/button_Confirm' is clicked on

2019-06-26 17:29:31 - [TEST_STEP][PASSED] - delay(3): Delayed 3 second(s)

2019-06-26 17:29:34 - [MESSAGE][PASSED] - Delayed 3 second(s)

2019-06-26 17:29:34 - [TEST_STEP][PASSED] - click(findTestObject("Object Repository/valuation department/Page_Chiragh.com Admin/button_AS")): Object: 'Object Repository/valuation department/Page_Chiragh.com Admin/button_AS' is clicked on

2019-06-26 17:29:35 - [MESSAGE][PASSED] - Object: 'Object Repository/valuation department/Page_Chiragh.com Admin/button_AS' is clicked on

2019-06-26 17:29:35 - [TEST_STEP][PASSED] - delay(8): Delayed 8 second(s)

2019-06-26 17:29:43 - [MESSAGE][PASSED] - Delayed 8 second(s)

2019-06-26 17:29:43 - [TEST_STEP][PASSED] - click(findTestObject("Object Repository/valuation department/Page_Chiragh.com Admin/button_exit_to_appLogout")): Object: 'Object Repository/valuation department/Page_Chiragh.com Admin/button_exit_to_appLogout' is clicked on

2019-06-26 17:29:51 - [MESSAGE][PASSED] - Object: 'Object Repository/valuation department/Page_Chiragh.com Admin/button_exit_to_appLogout' is clicked on

2019-06-26 17:29:51 - [TEST_STEP][PASSED] - waitForPageLoad(8): Wait for page load successfully

2019-06-26 17:29:51 - [MESSAGE][PASSED] - Wait for page load successfully

2019-06-26 17:29:51 - [TEST_STEP][PASSED] - click(findTestObject("Object Repository/valuation department/Page_Chiragh.com Admin/div_Username")): Object: 'Object Repository/valuation department/Page_Chiragh.com Admin/div_Username' is clicked on

2019-06-26 17:29:51 - [MESSAGE][PASSED] - Object: 'Object Repository/valuation department/Page_Chiragh.com Admin/div_Username' is clicked on

2019-06-26 17:29:51 - [TEST_STEP][PASSED] - setText(findTestObject("Object Repository/valuation department/Page_Chiragh.com Admin/input_Admin Panel_userName"), "fatimazaidi"): Text 'fatimazaidi' is set on object 'Object Repository/valuation department/Page_Chiragh.com Admin/input_Admin Panel_userName'

2019-06-26 17:29:51 - [MESSAGE][PASSED] - Text 'fatimazaidi' is set on object 'Object Repository/valuation department/Page_Chiragh.com Admin/input_Admin Panel_userName'

2019-06-26 17:29:51 - [TEST_STEP][PASSED] - click(findTestObject("Object Repository/valuation department/Page_Chiragh.com Admin/div_Password")): Object: 'Object Repository/valuation department/Page_Chiragh.com Admin/div_Password' is clicked on

2019-06-26 17:29:51 - [MESSAGE][PASSED] - Object: 'Object Repository/valuation department/Page_Chiragh.com Admin/div_Password' is clicked on

2019-06-26 17:29:51 - [TEST_STEP][PASSED] - setEncryptedText(findTestObject("Object Repository/valuation department/Page_Chiragh.com Admin/input_Username_password"), "RigbBhfdqODKcAsiUrg+1Q=="): Text ****** has been set on object 'Object Repository/valuation department/Page_Chiragh.com Admin/input_Username_password'

2019-06-26 17:29:51 - [MESSAGE][PASSED] - Text ****** has been set on object 'Object Repository/valuation department/Page_Chiragh.com Admin/input_Username_password'

2019-06-26 17:29:51 - [TEST_STEP][PASSED] - click(findTestObject("Object Repository/valuation department/Page_Chiragh.com Admin/button_Login")): Object: 'Object Repository/valuation department/Page_Chiragh.com Admin/button_Login' is clicked on

2019-06-26 17:29:51 - [MESSAGE][PASSED] - Object: 'Object Repository/valuation department/Page_Chiragh.com Admin/button_Login' is clicked on

2019-06-26 17:29:51 - [TEST_STEP][PASSED] - click(findTestObject("Object Repository/valuation department/Page_Chiragh.com Admin/a_In Process")): Object: 'Object Repository/valuation department/Page_Chiragh.com Admin/a_In Process' is clicked on

2019-06-26 17:29:55 - [MESSAGE][PASSED] - Object: 'Object Repository/valuation department/Page_Chiragh.com Admin/a_In Process' is clicked on

2019-06-26 17:29:55 - [TEST_STEP][PASSED] - click(findTestObject("Object Repository/valuation department/Page_Chiragh.com Admin/a_Birdie Fords Hotel")): Object: 'Object Repository/valuation department/Page_Chiragh.com Admin/a_Birdie Fords Hotel' is clicked on

2019-06-26 17:30:07 - [MESSAGE][PASSED] - Object: 'Object Repository/valuation department/Page_Chiragh.com Admin/a_Birdie Fords Hotel' is clicked on

2019-06-26 17:30:07 - [TEST_STEP][PASSED] - delay(4): Delayed 4 second(s)

2019-06-26 17:30:11 - [MESSAGE][PASSED] - Delayed 4 second(s)

2019-06-26 17:30:11 - [TEST_STEP][PASSED] - click(findTestObject("Object Repository/valuation department/Page_Chiragh.com Admin/div_Check List")): Object: 'Object Repository/valuation department/Page_Chiragh.com Admin/div_Check List' is clicked on

2019-06-26 17:30:12 - [MESSAGE][PASSED] - Object: 'Object Repository/valuation department/Page_Chiragh.com Admin/div_Check List' is clicked on

2019-06-26 17:30:12 - [TEST_STEP][PASSED] - click(findTestObject("Object Repository/valuation department/Page_Chiragh.com Admin/button_Approve")): Object: 'Object Repository/valuation department/Page_Chiragh.com Admin/button_Approve' is clicked on

2019-06-26 17:30:12 - [MESSAGE][PASSED] - Object: 'Object Repository/valuation department/Page_Chiragh.com Admin/button_Approve' is clicked on

2019-06-26 17:30:12 - [TEST_STEP][PASSED] - click(findTestObject("Object Repository/valuation department/Page_Chiragh.com Admin/button_Yes")): Object: 'Object Repository/valuation department/Page_Chiragh.com Admin/button_Yes' is clicked on

2019-06-26 17:30:12 - [MESSAGE][PASSED] - Object: 'Object Repository/valuation department/Page_Chiragh.com Admin/button_Yes' is clicked on

2019-06-26 17:30:12 - [TEST_STEP][PASSED] - delay(3): Delayed 3 second(s)

2019-06-26 17:30:15 - [MESSAGE][PASSED] - Delayed 3 second(s)

2019-06-26 17:30:15 - [TEST_STEP][PASSED] - click(findTestObject("Object Repository/valuation department/Page_Chiragh.com Admin/button_FZ")): Object: 'Object Repository/valuation department/Page_Chiragh.com Admin/button_FZ' is clicked on

2019-06-26 17:30:16 - [MESSAGE][PASSED] - Object: 'Object Repository/valuation department/Page_Chiragh.com Admin/button_FZ' is clicked on

2019-06-26 17:30:16 - [TEST_STEP][PASSED] - delay(8): Delayed 8 second(s)

2019-06-26 17:30:24 - [MESSAGE][PASSED] - Delayed 8 second(s)

2019-06-26 17:30:24 - [TEST_STEP][PASSED] - click(findTestObject("Object Repository/valuation department/Page_Chiragh.com Admin/button_exit_to_appLogout")): Object: 'Object Repository/valuation department/Page_Chiragh.com Admin/button_exit_to_appLogout' is clicked on

2019-06-26 17:30:30 - [MESSAGE][PASSED] - Object: 'Object Repository/valuation department/Page_Chiragh.com Admin/button_exit_to_appLogout' is clicked on

2019-06-26 17:30:30 - [TEST_STEP][PASSED] - waitForPageLoad(8): Wait for page load successfully

2019-06-26 17:30:31 - [MESSAGE][PASSED] - Wait for page load successfully

2019-06-26 17:30:31 - [TEST_STEP][PASSED] - click(findTestObject("Object Repository/valuation department/Page_Chiragh.com Admin/div_Username")): Object: 'Object Repository/valuation department/Page_Chiragh.com Admin/div_Username' is clicked on

2019-06-26 17:30:31 - [MESSAGE][PASSED] - Object: 'Object Repository/valuation department/Page_Chiragh.com Admin/div_Username' is clicked on

2019-06-26 17:30:31 - [TEST_STEP][PASSED] - setText(findTestObject("Object Repository/valuation department/Page_Chiragh.com Admin/input_Admin Panel_userName"), "chrystaldsouza"): Text 'chrystaldsouza' is set on object 'Object Repository/valuation department/Page_Chiragh.com Admin/input_Admin Panel_userName'

2019-06-26 17:30:31 - [MESSAGE][PASSED] - Text 'chrystaldsouza' is set on object 'Object Repository/valuation department/Page_Chiragh.com Admin/input_Admin Panel_userName'

2019-06-26 17:30:31 - [TEST_STEP][PASSED] - click(findTestObject("Object Repository/valuation department/Page_Chiragh.com Admin/div_Password")): Object: 'Object Repository/valuation department/Page_Chiragh.com Admin/div_Password' is clicked on

2019-06-26 17:30:31 - [MESSAGE][PASSED] - Object: 'Object Repository/valuation department/Page_Chiragh.com Admin/div_Password' is clicked on

2019-06-26 17:30:31 - [TEST_STEP][PASSED] - setEncryptedText(findTestObject("Object Repository/valuation department/Page_Chiragh.com Admin/input_Username_password"), "RigbBhfdqODKcAsiUrg+1Q=="): Text ****** has been set on object 'Object Repository/valuation department/Page_Chiragh.com Admin/input_Username_password'

2019-06-26 17:30:31 - [MESSAGE][PASSED] - Text ****** has been set on object 'Object Repository/valuation department/Page_Chiragh.com Admin/input_Username_password'

2019-06-26 17:30:31 - [TEST_STEP][PASSED] - click(findTestObject("Object Repository/valuation department/Page_Chiragh.com Admin/button_Login")): Object: 'Object Repository/valuation department/Page_Chiragh.com Admin/button_Login' is clicked on

2019-06-26 17:30:31 - [MESSAGE][PASSED] - Object: 'Object Repository/valuation department/Page_Chiragh.com Admin/button_Login' is clicked on

2019-06-26 17:30:31 - [TEST_STEP][PASSED] - click(findTestObject("Object Repository/valuation department/Page_Chiragh.com Admin/a_My Leads")): Object: 'Object Repository/valuation department/Page_Chiragh.com Admin/a_My Leads' is clicked on

2019-06-26 17:30:35 - [MESSAGE][PASSED] - Object: 'Object Repository/valuation department/Page_Chiragh.com Admin/a_My Leads' is clicked on

2019-06-26 17:30:35 - [TEST_STEP][PASSED] - click(findTestObject("Object Repository/valuation department/Page_Chiragh.com Admin/a_Birdie Fords Hotel_fas fa-ba_1")): Object: 'Object Repository/valuation department/Page_Chiragh.com Admin/a_Birdie Fords Hotel_fas fa-ba_1' is clicked on

2019-06-26 17:30:39 - [MESSAGE][PASSED] - Object: 'Object Repository/valuation department/Page_Chiragh.com Admin/a_Birdie Fords Hotel_fas fa-ba_1' is clicked on

2019-06-26 17:30:39 - [TEST_STEP][PASSED] - delay(5): Delayed 5 second(s)

2019-06-26 17:30:44 - [MESSAGE][PASSED] - Delayed 5 second(s)

2019-06-26 17:30:44 - [TEST_STEP][PASSED] - click(findTestObject("Object Repository/valuation department/Page_Chiragh.com Admin/div_Valuation_1")): Object: 'Object Repository/valuation department/Page_Chiragh.com Admin/div_Valuation_1' is clicked on

2019-06-26 17:30:44 - [MESSAGE][PASSED] - Object: 'Object Repository/valuation department/Page_Chiragh.com Admin/div_Valuation_1' is clicked on

2019-06-26 17:30:44 - [TEST_STEP][PASSED] - click(findTestObject("Object Repository/valuation department/Page_Chiragh.com Admin/div_Valuation_1")): Object: 'Object Repository/valuation department/Page_Chiragh.com Admin/div_Valuation_1' is clicked on

2019-06-26 17:30:44 - [MESSAGE][PASSED] - Object: 'Object Repository/valuation department/Page_Chiragh.com Admin/div_Valuation_1' is clicked on

2019-06-26 17:30:44 - [TEST_STEP][PASSED] - uploadFile(findTestObject("Object Repository/valuation department/Page_Chiragh.com Admin/div_Chiragh Valuation Report"), "C:\Users\HP\Katalon Studio\Chiragh(Admin)\Include\pdf\ChiraghValuation.pdf"): File 'C:\Users\HP\Katalon Studio\Chiragh(Admin)\Include\pdf\ChiraghValuation.pdf' sent to object: 'Object Repository/valuation department/Page_Chiragh.com Admin/div_Chiragh Valuation Report'

2019-06-26 17:30:45 - [MESSAGE][PASSED] - File 'C:\Users\HP\Katalon Studio\Chiragh(Admin)\Include\pdf\ChiraghValuation.pdf' sent to object: 'Object Repository/valuation department/Page_Chiragh.com Admin/div_Chiragh Valuation Report'

2019-06-26 17:30:45 - [TEST_STEP][PASSED] - delay(5): Delayed 5 second(s)

2019-06-26 17:30:50 - [MESSAGE][PASSED] - Delayed 5 second(s)

2019-06-26 17:30:50 - [TEST_STEP][PASSED] - uploadFile(findTestObject("Object Repository/valuation department/Page_Chiragh.com Admin/div_Market Analysis Report"), "C:\Users\HP\Katalon Studio\Chiragh(Admin)\Include\pdf\MarketAnalysis.pdf"): File 'C:\Users\HP\Katalon Studio\Chiragh(Admin)\Include\pdf\MarketAnalysis.pdf' sent to object: 'Object Repository/valuation department/Page_Chiragh.com Admin/div_Market Analysis Report'

2019-06-26 17:30:50 - [MESSAGE][PASSED] - File 'C:\Users\HP\Katalon Studio\Chiragh(Admin)\Include\pdf\MarketAnalysis.pdf' sent to object: 'Object Repository/valuation department/Page_Chiragh.com Admin/div_Market Analysis Report'

2019-06-26 17:30:50 - [TEST_STEP][PASSED] - delay(5): Delayed 5 second(s)

2019-06-26 17:30:55 - [MESSAGE][PASSED] - Delayed 5 second(s)

2019-06-26 17:30:55 - [TEST_STEP][PASSED] - click(findTestObject("Object Repository/valuation department/Gallery/Page_Chiragh.com Admin/div_Gallery_mat-tab-header-pag")): Object: 'Object Repository/valuation department/Gallery/Page_Chiragh.com Admin/div_Gallery_mat-tab-header-pag' is clicked on

2019-06-26 17:30:55 - [MESSAGE][PASSED] - Object: 'Object Repository/valuation department/Gallery/Page_Chiragh.com Admin/div_Gallery_mat-tab-header-pag' is clicked on

2019-06-26 17:30:55 - [TEST_STEP][PASSED] - delay(3): Delayed 3 second(s)

2019-06-26 17:30:58 - [MESSAGE][PASSED] - Delayed 3 second(s)

2019-06-26 17:30:58 - [TEST_STEP][PASSED] - click(findTestObject("Object Repository/valuation department/Page_Chiragh.com Admin/div_Gallery")): Object: 'Object Repository/valuation department/Page_Chiragh.com Admin/div_Gallery' is clicked on

2019-06-26 17:30:59 - [MESSAGE][PASSED] - Object: 'Object Repository/valuation department/Page_Chiragh.com Admin/div_Gallery' is clicked on

2019-06-26 17:30:59 - [TEST_STEP][PASSED] - click(findTestObject("Object Repository/valuation department/Page_Chiragh.com Admin/div_Gallery")): Object: 'Object Repository/valuation department/Page_Chiragh.com Admin/div_Gallery' is clicked on

2019-06-26 17:30:59 - [MESSAGE][PASSED] - Object: 'Object Repository/valuation department/Page_Chiragh.com Admin/div_Gallery' is clicked on

2019-06-26 17:30:59 - [TEST_STEP][PASSED] - delay(8): Delayed 8 second(s)

2019-06-26 17:31:07 - [MESSAGE][PASSED] - Delayed 8 second(s)

2019-06-26 17:31:07 - [TEST_STEP][PASSED] - uploadFile(findTestObject("Object Repository/valuation department/Page_Chiragh.com Admin/input_This collection is empty"), "C:\Users\HP\Katalon Studio\Chiragh(Admin)\Include\propertyImages\15.jpg"): File 'C:\Users\HP\Katalon Studio\Chiragh(Admin)\Include\propertyImages\15.jpg' sent to object: 'Object Repository/valuation department/Page_Chiragh.com Admin/input_This collection is empty'

2019-06-26 17:31:07 - [MESSAGE][PASSED] - File 'C:\Users\HP\Katalon Studio\Chiragh(Admin)\Include\propertyImages\15.jpg' sent to object: 'Object Repository/valuation department/Page_Chiragh.com Admin/input_This collection is empty'

2019-06-26 17:31:07 - [TEST_STEP][PASSED] - delay(3): Delayed 3 second(s)

2019-06-26 17:31:10 - [MESSAGE][PASSED] - Delayed 3 second(s)

2019-06-26 17:31:10 - [TEST_STEP][PASSED] - uploadFile(findTestObject("Object Repository/valuation department/Gallery/Page_Chiragh.com Admin/button_Regular_upload-img-link"), "C:\Users\HP\Katalon Studio\Chiragh(Admin)\Include\propertyImages\akoya-oxygen-1076-2052.jpg"): File 'C:\Users\HP\Katalon Studio\Chiragh(Admin)\Include\propertyImages\akoya-oxygen-1076-2052.jpg' sent to object: 'Object Repository/valuation department/Gallery/Page_Chiragh.com Admin/button_Regular_upload-img-link'

2019-06-26 17:31:10 - [MESSAGE][PASSED] - File 'C:\Users\HP\Katalon Studio\Chiragh(Admin)\Include\propertyImages\akoya-oxygen-1076-2052.jpg' sent to object: 'Object Repository/valuation department/Gallery/Page_Chiragh.com Admin/button_Regular_upload-img-link'

2019-06-26 17:31:10 - [TEST_STEP][PASSED] - delay(3): Delayed 3 second(s)

2019-06-26 17:31:13 - [MESSAGE][PASSED] - Delayed 3 second(s)

2019-06-26 17:31:13 - [TEST_STEP][PASSED] - uploadFile(findTestObject("Object Repository/valuation department/Page_Chiragh.com Admin/input_This collection is empty"), "C:\Users\HP\Katalon Studio\Chiragh(Admin)\Include\propertyImages\arabian-ranches.png"): File 'C:\Users\HP\Katalon Studio\Chiragh(Admin)\Include\propertyImages\arabian-ranches.png' sent to object: 'Object Repository/valuation department/Page_Chiragh.com Admin/input_This collection is empty'

2019-06-26 17:31:14 - [MESSAGE][PASSED] - File 'C:\Users\HP\Katalon Studio\Chiragh(Admin)\Include\propertyImages\arabian-ranches.png' sent to object: 'Object Repository/valuation department/Page_Chiragh.com Admin/input_This collection is empty'

2019-06-26 17:31:14 - [TEST_STEP][PASSED] - delay(3): Delayed 3 second(s)

2019-06-26 17:31:17 - [MESSAGE][PASSED] - Delayed 3 second(s)

2019-06-26 17:31:17 - [TEST_STEP][PASSED] - uploadFile(findTestObject("Object Repository/valuation department/Page_Chiragh.com Admin/input_This collection is empty"), "C:\Users\HP\Katalon Studio\Chiragh(Admin)\Include\propertyImages\119161567.jpg"): File 'C:\Users\HP\Katalon Studio\Chiragh(Admin)\Include\propertyImages\119161567.jpg' sent to object: 'Object Repository/valuation department/Page_Chiragh.com Admin/input_This collection is empty'

2019-06-26 17:31:17 - [MESSAGE][PASSED] - File 'C:\Users\HP\Katalon Studio\Chiragh(Admin)\Include\propertyImages\119161567.jpg' sent to object: 'Object Repository/valuation department/Page_Chiragh.com Admin/input_This collection is empty'

2019-06-26 17:31:17 - [TEST_STEP][PASSED] - delay(3): Delayed 3 second(s)

2019-06-26 17:31:20 - [MESSAGE][PASSED] - Delayed 3 second(s)

2019-06-26 17:31:20 - [TEST_STEP][PASSED] - uploadFile(findTestObject("Object Repository/valuation department/Page_Chiragh.com Admin/input_This collection is empty"), "C:\Users\HP\Katalon Studio\Chiragh(Admin)\Include\propertyImages\41533282.jpeg"): File 'C:\Users\HP\Katalon Studio\Chiragh(Admin)\Include\propertyImages\41533282.jpeg' sent to object: 'Object Repository/valuation department/Page_Chiragh.com Admin/input_This collection is empty'

2019-06-26 17:31:20 - [MESSAGE][PASSED] - File 'C:\Users\HP\Katalon Studio\Chiragh(Admin)\Include\propertyImages\41533282.jpeg' sent to object: 'Object Repository/valuation department/Page_Chiragh.com Admin/input_This collection is empty'

2019-06-26 17:31:20 - [TEST_STEP][PASSED] - delay(3): Delayed 3 second(s)

2019-06-26 17:31:23 - [MESSAGE][PASSED] - Delayed 3 second(s)

2019-06-26 17:31:23 - [TEST_STEP][PASSED] - uploadFile(findTestObject("Object Repository/valuation department/Page_Chiragh.com Admin/input_This collection is empty"), "C:\Users\HP\Katalon Studio\Chiragh(Admin)\Include\propertyImages\arabian-ranches.png"): File 'C:\Users\HP\Katalon Studio\Chiragh(Admin)\Include\propertyImages\arabian-ranches.png' sent to object: 'Object Repository/valuation department/Page_Chiragh.com Admin/input_This collection is empty'

2019-06-26 17:31:23 - [MESSAGE][PASSED] - File 'C:\Users\HP\Katalon Studio\Chiragh(Admin)\Include\propertyImages\arabian-ranches.png' sent to object: 'Object Repository/valuation department/Page_Chiragh.com Admin/input_This collection is empty'

2019-06-26 17:31:23 - [TEST_STEP][PASSED] - delay(3): Delayed 3 second(s)

2019-06-26 17:31:26 - [MESSAGE][PASSED] - Delayed 3 second(s)

2019-06-26 17:31:26 - [TEST_STEP][PASSED] - click(findTestObject("Object Repository/valuation department/Page_Chiragh.com Admin/img")): Object: 'Object Repository/valuation department/Page_Chiragh.com Admin/img' is clicked on

2019-06-26 17:31:26 - [MESSAGE][PASSED] - Object: 'Object Repository/valuation department/Page_Chiragh.com Admin/img' is clicked on

2019-06-26 17:31:26 - [TEST_STEP][PASSED] - delay(3): Delayed 3 second(s)

2019-06-26 17:31:29 - [MESSAGE][PASSED] - Delayed 3 second(s)

2019-06-26 17:31:29 - [TEST_STEP][PASSED] - click(findTestObject("Object Repository/valuation department/Page_Chiragh.com Admin/a_Birdie Fords Hotel")): Object: 'Object Repository/valuation department/Page_Chiragh.com Admin/a_Birdie Fords Hotel' is clicked on

2019-06-26 17:31:30 - [MESSAGE][PASSED] - Object: 'Object Repository/valuation department/Page_Chiragh.com Admin/a_Birdie Fords Hotel' is clicked on

2019-06-26 17:31:30 - [TEST_STEP][PASSED] - delay(4): Delayed 4 second(s)

2019-06-26 17:31:34 - [MESSAGE][PASSED] - Delayed 4 second(s)

2019-06-26 17:31:34 - [TEST_STEP][PASSED] - click(findTestObject("Object Repository/valuation department/Page_Chiragh.com Admin/div_Check List_3")): Object: 'Object Repository/valuation department/Page_Chiragh.com Admin/div_Check List_3' is clicked on

2019-06-26 17:31:35 - [MESSAGE][PASSED] - Object: 'Object Repository/valuation department/Page_Chiragh.com Admin/div_Check List_3' is clicked on

2019-06-26 17:31:35 - [TEST_STEP][PASSED] - delay(4): Delayed 4 second(s)

2019-06-26 17:31:39 - [MESSAGE][PASSED] - Delayed 4 second(s)

2019-06-26 17:31:39 - [TEST_STEP][PASSED] - click(findTestObject("Object Repository/valuation department/Checklist/Page_Chiragh.com Admin/div_Confirm on site meeting ca")): Object: 'Object Repository/valuation department/Checklist/Page_Chiragh.com Admin/div_Confirm on site meeting ca' is clicked on

2019-06-26 17:31:39 - [MESSAGE][PASSED] - Object: 'Object Repository/valuation department/Checklist/Page_Chiragh.com Admin/div_Confirm on site meeting ca' is clicked on

2019-06-26 17:31:39 - [TEST_STEP][PASSED] - click(findTestObject("Object Repository/valuation department/Checklist/Page_Chiragh.com Admin/div_NOC (optional)_mat-checkbo")): Object: 'Object Repository/valuation department/Checklist/Page_Chiragh.com Admin/div_NOC (optional)_mat-checkbo' is clicked on

2019-06-26 17:31:39 - [MESSAGE][PASSED] - Object: 'Object Repository/valuation department/Checklist/Page_Chiragh.com Admin/div_NOC (optional)_mat-checkbo' is clicked on

2019-06-26 17:31:39 - [TEST_STEP][PASSED] - click(findTestObject("Object Repository/valuation department/Checklist/Page_Chiragh.com Admin/div_Keys collected_mat-checkbo")): Object: 'Object Repository/valuation department/Checklist/Page_Chiragh.com Admin/div_Keys collected_mat-checkbo' is clicked on

2019-06-26 17:31:40 - [MESSAGE][PASSED] - Object: 'Object Repository/valuation department/Checklist/Page_Chiragh.com Admin/div_Keys collected_mat-checkbo' is clicked on

2019-06-26 17:31:40 - [TEST_STEP][PASSED] - click(findTestObject("Object Repository/valuation department/Checklist/Page_Chiragh.com Admin/div_Call photographer to confi")): Object: 'Object Repository/valuation department/Checklist/Page_Chiragh.com Admin/div_Call photographer to confi' is clicked on

2019-06-26 17:31:40 - [MESSAGE][PASSED] - Object: 'Object Repository/valuation department/Checklist/Page_Chiragh.com Admin/div_Call photographer to confi' is clicked on

2019-06-26 17:31:40 - [TEST_STEP][PASSED] - click(findTestObject("Object Repository/valuation department/Checklist/Page_Chiragh.com Admin/div_Booked the camera through")): Object: 'Object Repository/valuation department/Checklist/Page_Chiragh.com Admin/div_Booked the camera through' is clicked on

2019-06-26 17:31:40 - [MESSAGE][PASSED] - Object: 'Object Repository/valuation department/Checklist/Page_Chiragh.com Admin/div_Booked the camera through' is clicked on

2019-06-26 17:31:40 - [TEST_STEP][PASSED] - scrollToElement(findTestObject("Object Repository/valuation department/Checklist/Page_Chiragh.com Admin/div_Valuation report is upload"), 3): Scroll to object 'Object Repository/valuation department/Checklist/Page_Chiragh.com Admin/div_Valuation report is upload' successfully

2019-06-26 17:31:40 - [MESSAGE][PASSED] - Scroll to object 'Object Repository/valuation department/Checklist/Page_Chiragh.com Admin/div_Valuation report is upload' successfully

2019-06-26 17:31:40 - [TEST_STEP][PASSED] - click(findTestObject("Object Repository/valuation department/Checklist/Page_Chiragh.com Admin/div_Valuation report is upload")): Object: 'Object Repository/valuation department/Checklist/Page_Chiragh.com Admin/div_Valuation report is upload' is clicked on

2019-06-26 17:31:41 - [MESSAGE][PASSED] - Object: 'Object Repository/valuation department/Checklist/Page_Chiragh.com Admin/div_Valuation report is upload' is clicked on

2019-06-26 17:31:41 - [TEST_STEP][PASSED] - click(findTestObject("Object Repository/valuation department/Checklist/Page_Chiragh.com Admin/div_Market analysis report upl")): Object: 'Object Repository/valuation department/Checklist/Page_Chiragh.com Admin/div_Market analysis report upl' is clicked on

2019-06-26 17:31:41 - [MESSAGE][PASSED] - Object: 'Object Repository/valuation department/Checklist/Page_Chiragh.com Admin/div_Market analysis report upl' is clicked on

2019-06-26 17:31:41 - [TEST_STEP][PASSED] - delay(4): Delayed 4 second(s)

2019-06-26 17:31:45 - [MESSAGE][PASSED] - Delayed 4 second(s)

2019-06-26 17:31:45 - [TEST_STEP][PASSED] - click(findTestObject("Object Repository/valuation department/Page_Chiragh.com Admin/button_Confirm")): Object: 'Object Repository/valuation department/Page_Chiragh.com Admin/button_Confirm' is clicked on

2019-06-26 17:31:45 - [MESSAGE][PASSED] - Object: 'Object Repository/valuation department/Page_Chiragh.com Admin/button_Confirm' is clicked on

2019-06-26 17:31:45 - [TEST_STEP][PASSED] - delay(3): Delayed 3 second(s)

2019-06-26 17:31:48 - [MESSAGE][PASSED] - Delayed 3 second(s)

2019-06-26 17:31:48 - [TEST_STEP][PASSED] - click(findTestObject("Object Repository/valuation department/Page_Chiragh.com Admin/button_CD")): Object: 'Object Repository/valuation department/Page_Chiragh.com Admin/button_CD' is clicked on

2019-06-26 17:31:49 - [MESSAGE][PASSED] - Object: 'Object Repository/valuation department/Page_Chiragh.com Admin/button_CD' is clicked on

2019-06-26 17:31:49 - [TEST_STEP][PASSED] - delay(8): Delayed 8 second(s)

2019-06-26 17:31:57 - [MESSAGE][PASSED] - Delayed 8 second(s)

2019-06-26 17:31:57 - [TEST_STEP][PASSED] - click(findTestObject("Object Repository/valuation department/Page_Chiragh.com Admin/button_exit_to_appLogout")): Object: 'Object Repository/valuation department/Page_Chiragh.com Admin/button_exit_to_appLogout' is clicked on

2019-06-26 17:32:03 - [MESSAGE][PASSED] - Object: 'Object Repository/valuation department/Page_Chiragh.com Admin/button_exit_to_appLogout' is clicked on

2019-06-26 17:32:03 - [TEST_STEP][PASSED] - waitForPageLoad(8): Wait for page load successfully

2019-06-26 17:32:03 - [MESSAGE][PASSED] - Wait for page load successfully

2019-06-26 17:32:03 - [TEST_STEP][PASSED] - click(findTestObject("Object Repository/valuation department/Page_Chiragh.com Admin/div_Username")): Object: 'Object Repository/valuation department/Page_Chiragh.com Admin/div_Username' is clicked on

2019-06-26 17:32:03 - [MESSAGE][PASSED] - Object: 'Object Repository/valuation department/Page_Chiragh.com Admin/div_Username' is clicked on

2019-06-26 17:32:03 - [TEST_STEP][PASSED] - setText(findTestObject("Object Repository/valuation department/Page_Chiragh.com Admin/input_Admin Panel_userName"), "haleemhanif"): Text 'haleemhanif' is set on object 'Object Repository/valuation department/Page_Chiragh.com Admin/input_Admin Panel_userName'

2019-06-26 17:32:04 - [MESSAGE][PASSED] - Text 'haleemhanif' is set on object 'Object Repository/valuation department/Page_Chiragh.com Admin/input_Admin Panel_userName'

2019-06-26 17:32:04 - [TEST_STEP][PASSED] - click(findTestObject("Object Repository/valuation department/Page_Chiragh.com Admin/div_Password")): Object: 'Object Repository/valuation department/Page_Chiragh.com Admin/div_Password' is clicked on

2019-06-26 17:32:04 - [MESSAGE][PASSED] - Object: 'Object Repository/valuation department/Page_Chiragh.com Admin/div_Password' is clicked on

2019-06-26 17:32:04 - [TEST_STEP][PASSED] - setEncryptedText(findTestObject("Object Repository/valuation department/Page_Chiragh.com Admin/input_Username_password"), "RigbBhfdqODKcAsiUrg+1Q=="): Text ****** has been set on object 'Object Repository/valuation department/Page_Chiragh.com Admin/input_Username_password'

2019-06-26 17:32:04 - [MESSAGE][PASSED] - Text ****** has been set on object 'Object Repository/valuation department/Page_Chiragh.com Admin/input_Username_password'

2019-06-26 17:32:04 - [TEST_STEP][PASSED] - click(findTestObject("Object Repository/valuation department/Page_Chiragh.com Admin/button_Login")): Object: 'Object Repository/valuation department/Page_Chiragh.com Admin/button_Login' is clicked on

2019-06-26 17:32:04 - [MESSAGE][PASSED] - Object: 'Object Repository/valuation department/Page_Chiragh.com Admin/button_Login' is clicked on

2019-06-26 17:32:04 - [TEST_STEP][PASSED] - click(findTestObject("Object Repository/valuation department/Page_Chiragh.com Admin/a_New Leads")): Object: 'Object Repository/valuation department/Page_Chiragh.com Admin/a_New Leads' is clicked on

2019-06-26 17:32:07 - [MESSAGE][PASSED] - Object: 'Object Repository/valuation department/Page_Chiragh.com Admin/a_New Leads' is clicked on

2019-06-26 17:32:07 - [TEST_STEP][PASSED] - click(findTestObject("Object Repository/valuation department/Page_Chiragh.com Admin/a_In Process_2")): Object: 'Object Repository/valuation department/Page_Chiragh.com Admin/a_In Process_2' is clicked on

2019-06-26 17:32:07 - [MESSAGE][PASSED] - Object: 'Object Repository/valuation department/Page_Chiragh.com Admin/a_In Process_2' is clicked on

2019-06-26 17:32:07 - [TEST_STEP][PASSED] - click(findTestObject("Object Repository/valuation department/Page_Chiragh.com Admin/a_Birdie Fords Hotel")): Object: 'Object Repository/valuation department/Page_Chiragh.com Admin/a_Birdie Fords Hotel' is clicked on

2019-06-26 17:32:17 - [MESSAGE][PASSED] - Object: 'Object Repository/valuation department/Page_Chiragh.com Admin/a_Birdie Fords Hotel' is clicked on

2019-06-26 17:32:17 - [TEST_STEP][PASSED] - delay(5): Delayed 5 second(s)

2019-06-26 17:32:22 - [MESSAGE][PASSED] - Delayed 5 second(s)

2019-06-26 17:32:22 - [TEST_STEP][PASSED] - click(findTestObject("Object Repository/valuation department/Page_Chiragh.com Admin/div_Check List_7")): Object: 'Object Repository/valuation department/Page_Chiragh.com Admin/div_Check List_7' is clicked on

2019-06-26 17:32:23 - [MESSAGE][PASSED] - Object: 'Object Repository/valuation department/Page_Chiragh.com Admin/div_Check List_7' is clicked on

2019-06-26 17:32:23 - [TEST_STEP][PASSED] - delay(5): Delayed 5 second(s)

2019-06-26 17:32:28 - [MESSAGE][PASSED] - Delayed 5 second(s)

2019-06-26 17:32:28 - [TEST_STEP][PASSED] - click(findTestObject("Object Repository/valuation department/Page_Chiragh.com Admin/button_Approve")): Object: 'Object Repository/valuation department/Page_Chiragh.com Admin/button_Approve' is clicked on

2019-06-26 17:32:28 - [MESSAGE][PASSED] - Object: 'Object Repository/valuation department/Page_Chiragh.com Admin/button_Approve' is clicked on

2019-06-26 17:32:28 - [TEST_STEP][PASSED] - doubleClick(findTestObject("Object Repository/valuation department/Page_Chiragh.com Admin/button_Yes")): Object: 'Object Repository/valuation department/Page_Chiragh.com Admin/button_Yes' is double clicked on

2019-06-26 17:32:29 - [MESSAGE][PASSED] - Object: 'Object Repository/valuation department/Page_Chiragh.com Admin/button_Yes' is double clicked on

2019-06-26 17:32:29 - [TEST_STEP][PASSED] - delay(9): Delayed 9 second(s)

2019-06-26 17:32:38 - [MESSAGE][PASSED] - Delayed 9 second(s)

2019-06-26 17:32:38 - [TEST_STEP][PASSED] - click(findTestObject("Object Repository/valuation department/Page_Chiragh.com Admin/button_HH")): Object: 'Object Repository/valuation department/Page_Chiragh.com Admin/button_HH' is clicked on

2019-06-26 17:32:38 - [MESSAGE][PASSED] - Object: 'Object Repository/valuation department/Page_Chiragh.com Admin/button_HH' is clicked on

2019-06-26 17:32:38 - [TEST_STEP][PASSED] - delay(5): Delayed 5 second(s)

2019-06-26 17:32:43 - [MESSAGE][PASSED] - Delayed 5 second(s)

2019-06-26 17:32:43 - [TEST_STEP][PASSED] - click(findTestObject("Object Repository/valuation department/Page_Chiragh.com Admin/button_exit_to_appLogout")): Object: 'Object Repository/valuation department/Page_Chiragh.com Admin/button_exit_to_appLogout' is clicked on

2019-06-26 17:32:49 - [MESSAGE][PASSED] - Object: 'Object Repository/valuation department/Page_Chiragh.com Admin/button_exit_to_appLogout' is clicked on

2019-06-26 17:32:49 - [TEST_STEP][PASSED] - closeBrowser(): Browser is closed

2019-06-26 17:32:50 - [MESSAGE][PASSED] - Browser is closed]]></system-out>
         <system-err><![CDATA[]]></system-err>
      </testcase>
      <testcase name="Test Cases/brokerage department" classname="Test Cases/brokerage department" status="FAILED">
         <failure type="FAILED" message="Test Cases/brokerage department FAILED.
Reason:
com.kms.katalon.core.exception.StepFailedException: Unable to click on object 'Object Repository/brokerage department/Page_Chiragh.com Admin/i_Call Seller_fas fa-calendar-' (Root cause: com.kms.katalon.core.webui.exception.WebElementNotFoundException: Web element with id: 'Object Repository/brokerage department/Page_Chiragh.com Admin/i_Call Seller_fas fa-calendar-' located by 'By.xpath: /html/body/app-root/app-layout/div/app-brokerage/app-agent/app-seller/app-myleads/section/div/div/div/div/table/tbody/tr[1]/td[7]/a/i' not found)
	at com.kms.katalon.core.keyword.internal.KeywordMain.stepFailed(KeywordMain.groovy:36)
	at com.kms.katalon.core.webui.keyword.internal.WebUIKeywordMain.stepFailed(WebUIKeywordMain.groovy:65)
	at com.kms.katalon.core.webui.keyword.internal.WebUIKeywordMain.runKeyword(WebUIKeywordMain.groovy:27)
	at com.kms.katalon.core.webui.keyword.builtin.ClickKeyword.click(ClickKeyword.groovy:86)
	at com.kms.katalon.core.webui.keyword.builtin.ClickKeyword.execute(ClickKeyword.groovy:67)
	at com.kms.katalon.core.keyword.internal.KeywordExecutor.executeKeywordForPlatform(KeywordExecutor.groovy:53)
	at com.kms.katalon.core.webui.keyword.WebUiBuiltInKeywords.click(WebUiBuiltInKeywords.groovy:616)
	at com.kms.katalon.core.webui.keyword.WebUiBuiltInKeywords$click$3.call(Unknown Source)
	at brokerage department.run(brokerage department:231)
	at com.kms.katalon.core.main.ScriptEngine.run(ScriptEngine.java:194)
	at com.kms.katalon.core.main.ScriptEngine.runScriptAsRawText(ScriptEngine.java:119)
	at com.kms.katalon.core.main.TestCaseExecutor.runScript(TestCaseExecutor.java:328)
	at com.kms.katalon.core.main.TestCaseExecutor.doExecute(TestCaseExecutor.java:319)
	at com.kms.katalon.core.main.TestCaseExecutor.processExecutionPhase(TestCaseExecutor.java:298)
	at com.kms.katalon.core.main.TestCaseExecutor.accessMainPhase(TestCaseExecutor.java:290)
	at com.kms.katalon.core.main.TestCaseExecutor.execute(TestCaseExecutor.java:224)
	at com.kms.katalon.core.main.TestSuiteExecutor.accessTestCaseMainPhase(TestSuiteExecutor.java:129)
	at com.kms.katalon.core.main.TestSuiteExecutor.accessTestSuiteMainPhase(TestSuiteExecutor.java:112)
	at com.kms.katalon.core.main.TestSuiteExecutor.execute(TestSuiteExecutor.java:81)
	at com.kms.katalon.core.main.TestCaseMain.startTestSuite(TestCaseMain.java:149)
	at com.kms.katalon.core.main.TestCaseMain$startTestSuite$0.call(Unknown Source)
	at TempTestSuite1561551575260.run(TempTestSuite1561551575260.groovy:36)
"/>
         <system-out><![CDATA[2019-06-26 17:32:50 - [TEST_CASE][FAILED] - Test Cases/brokerage department: Test Cases/brokerage department FAILED.
Reason:
com.kms.katalon.core.exception.StepFailedException: Unable to click on object 'Object Repository/brokerage department/Page_Chiragh.com Admin/i_Call Seller_fas fa-calendar-' (Root cause: com.kms.katalon.core.webui.exception.WebElementNotFoundException: Web element with id: 'Object Repository/brokerage department/Page_Chiragh.com Admin/i_Call Seller_fas fa-calendar-' located by 'By.xpath: /html/body/app-root/app-layout/div/app-brokerage/app-agent/app-seller/app-myleads/section/div/div/div/div/table/tbody/tr[1]/td[7]/a/i' not found)
	at com.kms.katalon.core.keyword.internal.KeywordMain.stepFailed(KeywordMain.groovy:36)
	at com.kms.katalon.core.webui.keyword.internal.WebUIKeywordMain.stepFailed(WebUIKeywordMain.groovy:65)
	at com.kms.katalon.core.webui.keyword.internal.WebUIKeywordMain.runKeyword(WebUIKeywordMain.groovy:27)
	at com.kms.katalon.core.webui.keyword.builtin.ClickKeyword.click(ClickKeyword.groovy:86)
	at com.kms.katalon.core.webui.keyword.builtin.ClickKeyword.execute(ClickKeyword.groovy:67)
	at com.kms.katalon.core.keyword.internal.KeywordExecutor.executeKeywordForPlatform(KeywordExecutor.groovy:53)
	at com.kms.katalon.core.webui.keyword.WebUiBuiltInKeywords.click(WebUiBuiltInKeywords.groovy:616)
	at com.kms.katalon.core.webui.keyword.WebUiBuiltInKeywords$click$3.call(Unknown Source)
	at brokerage department.run(brokerage department:231)
	at com.kms.katalon.core.main.ScriptEngine.run(ScriptEngine.java:194)
	at com.kms.katalon.core.main.ScriptEngine.runScriptAsRawText(ScriptEngine.java:119)
	at com.kms.katalon.core.main.TestCaseExecutor.runScript(TestCaseExecutor.java:328)
	at com.kms.katalon.core.main.TestCaseExecutor.doExecute(TestCaseExecutor.java:319)
	at com.kms.katalon.core.main.TestCaseExecutor.processExecutionPhase(TestCaseExecutor.java:298)
	at com.kms.katalon.core.main.TestCaseExecutor.accessMainPhase(TestCaseExecutor.java:290)
	at com.kms.katalon.core.main.TestCaseExecutor.execute(TestCaseExecutor.java:224)
	at com.kms.katalon.core.main.TestSuiteExecutor.accessTestCaseMainPhase(TestSuiteExecutor.java:129)
	at com.kms.katalon.core.main.TestSuiteExecutor.accessTestSuiteMainPhase(TestSuiteExecutor.java:112)
	at com.kms.katalon.core.main.TestSuiteExecutor.execute(TestSuiteExecutor.java:81)
	at com.kms.katalon.core.main.TestCaseMain.startTestSuite(TestCaseMain.java:149)
	at com.kms.katalon.core.main.TestCaseMain$startTestSuite$0.call(Unknown Source)
	at TempTestSuite1561551575260.run(TempTestSuite1561551575260.groovy:36)


2019-06-26 17:32:50 - [TEST_STEP][PASSED] - openBrowser(""): Browser is opened with url: ''

2019-06-26 17:32:50 - [MESSAGE][INFO] - Starting 'Chrome' driver

2019-06-26 17:32:53 - [MESSAGE][PASSED] - Browser is opened with url: ''

2019-06-26 17:32:53 - [TEST_STEP][PASSED] - navigateToUrl("http://admin-chiragh.surge.sh/"): Navigate to 'http://admin-chiragh.surge.sh/' successfully

2019-06-26 17:33:05 - [MESSAGE][PASSED] - Navigate to 'http://admin-chiragh.surge.sh/' successfully

2019-06-26 17:33:05 - [TEST_STEP][PASSED] - maximizeWindow(): Current window maximized

2019-06-26 17:33:07 - [MESSAGE][PASSED] - Current window maximized

2019-06-26 17:33:07 - [TEST_STEP][PASSED] - currentWindow = getWindowIndex(): Current window's index is: 0

2019-06-26 17:33:07 - [MESSAGE][PASSED] - Current window's index is: 0

2019-06-26 17:33:07 - [TEST_STEP][PASSED] - click(findTestObject("Object Repository/brokerage department/Page_Chiragh.com Admin/div_Username")): Object: 'Object Repository/brokerage department/Page_Chiragh.com Admin/div_Username' is clicked on

2019-06-26 17:33:07 - [MESSAGE][PASSED] - Object: 'Object Repository/brokerage department/Page_Chiragh.com Admin/div_Username' is clicked on

2019-06-26 17:33:07 - [TEST_STEP][PASSED] - setText(findTestObject("Object Repository/brokerage department/Page_Chiragh.com Admin/input_Admin Panel_userName"), "abdullah"): Text 'abdullah' is set on object 'Object Repository/brokerage department/Page_Chiragh.com Admin/input_Admin Panel_userName'

2019-06-26 17:33:07 - [MESSAGE][PASSED] - Text 'abdullah' is set on object 'Object Repository/brokerage department/Page_Chiragh.com Admin/input_Admin Panel_userName'

2019-06-26 17:33:07 - [TEST_STEP][PASSED] - click(findTestObject("Object Repository/brokerage department/Page_Chiragh.com Admin/div_Password")): Object: 'Object Repository/brokerage department/Page_Chiragh.com Admin/div_Password' is clicked on

2019-06-26 17:33:07 - [MESSAGE][PASSED] - Object: 'Object Repository/brokerage department/Page_Chiragh.com Admin/div_Password' is clicked on

2019-06-26 17:33:07 - [TEST_STEP][PASSED] - setEncryptedText(findTestObject("Object Repository/brokerage department/Page_Chiragh.com Admin/input_Username_password"), "RigbBhfdqODKcAsiUrg+1Q=="): Text ****** has been set on object 'Object Repository/brokerage department/Page_Chiragh.com Admin/input_Username_password'

2019-06-26 17:33:07 - [MESSAGE][PASSED] - Text ****** has been set on object 'Object Repository/brokerage department/Page_Chiragh.com Admin/input_Username_password'

2019-06-26 17:33:07 - [TEST_STEP][PASSED] - click(findTestObject("Object Repository/brokerage department/Page_Chiragh.com Admin/button_Login")): Object: 'Object Repository/brokerage department/Page_Chiragh.com Admin/button_Login' is clicked on

2019-06-26 17:33:07 - [MESSAGE][PASSED] - Object: 'Object Repository/brokerage department/Page_Chiragh.com Admin/button_Login' is clicked on

2019-06-26 17:33:07 - [TEST_STEP][PASSED] - click(findTestObject("Object Repository/brokerage department/Page_Chiragh.com Admin/a_My Leads")): Object: 'Object Repository/brokerage department/Page_Chiragh.com Admin/a_My Leads' is clicked on

2019-06-26 17:33:14 - [MESSAGE][PASSED] - Object: 'Object Repository/brokerage department/Page_Chiragh.com Admin/a_My Leads' is clicked on

2019-06-26 17:33:14 - [TEST_STEP][PASSED] - click(findTestObject("Object Repository/brokerage department/Page_Chiragh.com Admin/a_Reichel Trail 3 Floors Build")): Object: 'Object Repository/brokerage department/Page_Chiragh.com Admin/a_Reichel Trail 3 Floors Build' is clicked on

2019-06-26 17:33:23 - [MESSAGE][PASSED] - Object: 'Object Repository/brokerage department/Page_Chiragh.com Admin/a_Reichel Trail 3 Floors Build' is clicked on

2019-06-26 17:33:23 - [TEST_STEP][PASSED] - delay(3): Delayed 3 second(s)

2019-06-26 17:33:26 - [MESSAGE][PASSED] - Delayed 3 second(s)

2019-06-26 17:33:26 - [TEST_STEP][PASSED] - click(findTestObject("Object Repository/brokerage department/Page_Chiragh.com Admin/div_Valuation")): Object: 'Object Repository/brokerage department/Page_Chiragh.com Admin/div_Valuation' is clicked on

2019-06-26 17:33:26 - [MESSAGE][PASSED] - Object: 'Object Repository/brokerage department/Page_Chiragh.com Admin/div_Valuation' is clicked on

2019-06-26 17:33:26 - [TEST_STEP][PASSED] - click(findTestObject("Object Repository/brokerage department/Page_Chiragh.com Admin/div_Valuation")): Object: 'Object Repository/brokerage department/Page_Chiragh.com Admin/div_Valuation' is clicked on

2019-06-26 17:33:27 - [MESSAGE][PASSED] - Object: 'Object Repository/brokerage department/Page_Chiragh.com Admin/div_Valuation' is clicked on

2019-06-26 17:33:27 - [TEST_STEP][PASSED] - click(findTestObject("Object Repository/brokerage department/Page_Chiragh.com Admin/div_Gallery_mat-tab-header-pag")): Object: 'Object Repository/brokerage department/Page_Chiragh.com Admin/div_Gallery_mat-tab-header-pag' is clicked on

2019-06-26 17:33:27 - [MESSAGE][PASSED] - Object: 'Object Repository/brokerage department/Page_Chiragh.com Admin/div_Gallery_mat-tab-header-pag' is clicked on

2019-06-26 17:33:27 - [TEST_STEP][PASSED] - delay(2): Delayed 2 second(s)

2019-06-26 17:33:29 - [MESSAGE][PASSED] - Delayed 2 second(s)

2019-06-26 17:33:29 - [TEST_STEP][PASSED] - click(findTestObject("Object Repository/brokerage department/Page_Chiragh.com Admin/div_Brokerage Proposal")): Object: 'Object Repository/brokerage department/Page_Chiragh.com Admin/div_Brokerage Proposal' is clicked on

2019-06-26 17:33:30 - [MESSAGE][PASSED] - Object: 'Object Repository/brokerage department/Page_Chiragh.com Admin/div_Brokerage Proposal' is clicked on

2019-06-26 17:33:30 - [TEST_STEP][PASSED] - click(findTestObject("Object Repository/brokerage department/Page_Chiragh.com Admin/div_Brokerage Proposal")): Object: 'Object Repository/brokerage department/Page_Chiragh.com Admin/div_Brokerage Proposal' is clicked on

2019-06-26 17:33:30 - [MESSAGE][PASSED] - Object: 'Object Repository/brokerage department/Page_Chiragh.com Admin/div_Brokerage Proposal' is clicked on

2019-06-26 17:33:30 - [TEST_STEP][PASSED] - delay(5): Delayed 5 second(s)

2019-06-26 17:33:35 - [MESSAGE][PASSED] - Delayed 5 second(s)

2019-06-26 17:33:35 - [TEST_STEP][PASSED] - uploadFile(findTestObject("Object Repository/brokerage department/Page_Chiragh.com Admin/img_Form A_ng-star-inserted"), "C:\Users\HP\Katalon Studio\Chiragh(Admin)\Include\pdf\MarketAnalysis.pdf"): File 'C:\Users\HP\Katalon Studio\Chiragh(Admin)\Include\pdf\MarketAnalysis.pdf' sent to object: 'Object Repository/brokerage department/Page_Chiragh.com Admin/img_Form A_ng-star-inserted'

2019-06-26 17:33:35 - [MESSAGE][PASSED] - File 'C:\Users\HP\Katalon Studio\Chiragh(Admin)\Include\pdf\MarketAnalysis.pdf' sent to object: 'Object Repository/brokerage department/Page_Chiragh.com Admin/img_Form A_ng-star-inserted'

2019-06-26 17:33:35 - [TEST_STEP][PASSED] - uploadFile(findTestObject("Object Repository/brokerage department/Page_Chiragh.com Admin/img_Brokerage Report_ng-star-i"), "C:\Users\HP\Katalon Studio\Chiragh(Admin)\Include\pdf\MarketAnalysis.pdf"): File 'C:\Users\HP\Katalon Studio\Chiragh(Admin)\Include\pdf\MarketAnalysis.pdf' sent to object: 'Object Repository/brokerage department/Page_Chiragh.com Admin/img_Brokerage Report_ng-star-i'

2019-06-26 17:33:35 - [MESSAGE][PASSED] - File 'C:\Users\HP\Katalon Studio\Chiragh(Admin)\Include\pdf\MarketAnalysis.pdf' sent to object: 'Object Repository/brokerage department/Page_Chiragh.com Admin/img_Brokerage Report_ng-star-i'

2019-06-26 17:33:35 - [TEST_STEP][PASSED] - delay(5): Delayed 5 second(s)

2019-06-26 17:33:40 - [MESSAGE][PASSED] - Delayed 5 second(s)

2019-06-26 17:33:40 - [TEST_STEP][PASSED] - setText(findTestObject("Object Repository/brokerage department/Page_Chiragh.com Admin/input_Open Price Range (AED)_o"), "3000000"): Text '3000000' is set on object 'Object Repository/brokerage department/Page_Chiragh.com Admin/input_Open Price Range (AED)_o'

2019-06-26 17:33:42 - [MESSAGE][PASSED] - Text '3000000' is set on object 'Object Repository/brokerage department/Page_Chiragh.com Admin/input_Open Price Range (AED)_o'

2019-06-26 17:33:42 - [TEST_STEP][PASSED] - setText(findTestObject("Object Repository/brokerage department/Page_Chiragh.com Admin/input_Open Price Range (AED)_o_7"), "6000000"): Text '6000000' is set on object 'Object Repository/brokerage department/Page_Chiragh.com Admin/input_Open Price Range (AED)_o_7'

2019-06-26 17:33:43 - [MESSAGE][PASSED] - Text '6000000' is set on object 'Object Repository/brokerage department/Page_Chiragh.com Admin/input_Open Price Range (AED)_o_7'

2019-06-26 17:33:43 - [TEST_STEP][PASSED] - setText(findTestObject("Object Repository/brokerage department/Page_Chiragh.com Admin/input_Reserve Price Range (AED"), "7000000"): Text '7000000' is set on object 'Object Repository/brokerage department/Page_Chiragh.com Admin/input_Reserve Price Range (AED'

2019-06-26 17:33:43 - [MESSAGE][PASSED] - Text '7000000' is set on object 'Object Repository/brokerage department/Page_Chiragh.com Admin/input_Reserve Price Range (AED'

2019-06-26 17:33:43 - [TEST_STEP][PASSED] - setText(findTestObject("Object Repository/brokerage department/Page_Chiragh.com Admin/input_Reserve Price Range (AED_7"), "9000000"): Text '9000000' is set on object 'Object Repository/brokerage department/Page_Chiragh.com Admin/input_Reserve Price Range (AED_7'

2019-06-26 17:33:44 - [MESSAGE][PASSED] - Text '9000000' is set on object 'Object Repository/brokerage department/Page_Chiragh.com Admin/input_Reserve Price Range (AED_7'

2019-06-26 17:33:44 - [TEST_STEP][PASSED] - click(findTestObject("Object Repository/brokerage department/Page_Chiragh.com Admin/button_Submit for Approval")): Object: 'Object Repository/brokerage department/Page_Chiragh.com Admin/button_Submit for Approval' is clicked on

2019-06-26 17:33:44 - [MESSAGE][PASSED] - Object: 'Object Repository/brokerage department/Page_Chiragh.com Admin/button_Submit for Approval' is clicked on

2019-06-26 17:33:44 - [TEST_STEP][PASSED] - click(findTestObject("Object Repository/brokerage department/Page_Chiragh.com Admin/img")): Object: 'Object Repository/brokerage department/Page_Chiragh.com Admin/img' is clicked on

2019-06-26 17:33:45 - [MESSAGE][PASSED] - Object: 'Object Repository/brokerage department/Page_Chiragh.com Admin/img' is clicked on

2019-06-26 17:33:45 - [TEST_STEP][PASSED] - delay(5): Delayed 5 second(s)

2019-06-26 17:33:50 - [MESSAGE][PASSED] - Delayed 5 second(s)

2019-06-26 17:33:50 - [TEST_STEP][PASSED] - click(findTestObject("Object Repository/brokerage department/Page_Chiragh.com Admin/button_AM")): Object: 'Object Repository/brokerage department/Page_Chiragh.com Admin/button_AM' is clicked on

2019-06-26 17:33:50 - [MESSAGE][PASSED] - Object: 'Object Repository/brokerage department/Page_Chiragh.com Admin/button_AM' is clicked on

2019-06-26 17:33:50 - [TEST_STEP][PASSED] - delay(5): Delayed 5 second(s)

2019-06-26 17:33:55 - [MESSAGE][PASSED] - Delayed 5 second(s)

2019-06-26 17:33:55 - [TEST_STEP][PASSED] - click(findTestObject("Object Repository/brokerage department/Page_Chiragh.com Admin/button_exit_to_appLogout")): Object: 'Object Repository/brokerage department/Page_Chiragh.com Admin/button_exit_to_appLogout' is clicked on

2019-06-26 17:34:02 - [MESSAGE][PASSED] - Object: 'Object Repository/brokerage department/Page_Chiragh.com Admin/button_exit_to_appLogout' is clicked on

2019-06-26 17:34:02 - [TEST_STEP][PASSED] - waitForPageLoad(5): Wait for page load successfully

2019-06-26 17:34:02 - [MESSAGE][PASSED] - Wait for page load successfully

2019-06-26 17:34:02 - [TEST_STEP][PASSED] - click(findTestObject("Object Repository/brokerage department/Page_Chiragh.com Admin/div_Username")): Object: 'Object Repository/brokerage department/Page_Chiragh.com Admin/div_Username' is clicked on

2019-06-26 17:34:02 - [MESSAGE][PASSED] - Object: 'Object Repository/brokerage department/Page_Chiragh.com Admin/div_Username' is clicked on

2019-06-26 17:34:02 - [TEST_STEP][PASSED] - setText(findTestObject("Object Repository/brokerage department/Page_Chiragh.com Admin/input_Admin Panel_userName"), "farhanm"): Text 'farhanm' is set on object 'Object Repository/brokerage department/Page_Chiragh.com Admin/input_Admin Panel_userName'

2019-06-26 17:34:02 - [MESSAGE][PASSED] - Text 'farhanm' is set on object 'Object Repository/brokerage department/Page_Chiragh.com Admin/input_Admin Panel_userName'

2019-06-26 17:34:02 - [TEST_STEP][PASSED] - click(findTestObject("Object Repository/brokerage department/Page_Chiragh.com Admin/div_Password")): Object: 'Object Repository/brokerage department/Page_Chiragh.com Admin/div_Password' is clicked on

2019-06-26 17:34:02 - [MESSAGE][PASSED] - Object: 'Object Repository/brokerage department/Page_Chiragh.com Admin/div_Password' is clicked on

2019-06-26 17:34:02 - [TEST_STEP][PASSED] - setEncryptedText(findTestObject("Object Repository/brokerage department/Page_Chiragh.com Admin/input_Username_password"), "RigbBhfdqODKcAsiUrg+1Q=="): Text ****** has been set on object 'Object Repository/brokerage department/Page_Chiragh.com Admin/input_Username_password'

2019-06-26 17:34:02 - [MESSAGE][PASSED] - Text ****** has been set on object 'Object Repository/brokerage department/Page_Chiragh.com Admin/input_Username_password'

2019-06-26 17:34:02 - [TEST_STEP][PASSED] - click(findTestObject("Object Repository/brokerage department/Page_Chiragh.com Admin/button_Login")): Object: 'Object Repository/brokerage department/Page_Chiragh.com Admin/button_Login' is clicked on

2019-06-26 17:34:02 - [MESSAGE][PASSED] - Object: 'Object Repository/brokerage department/Page_Chiragh.com Admin/button_Login' is clicked on

2019-06-26 17:34:02 - [TEST_STEP][PASSED] - click(findTestObject("Object Repository/brokerage department/Page_Chiragh.com Admin/a_In Process")): Object: 'Object Repository/brokerage department/Page_Chiragh.com Admin/a_In Process' is clicked on

2019-06-26 17:34:06 - [MESSAGE][PASSED] - Object: 'Object Repository/brokerage department/Page_Chiragh.com Admin/a_In Process' is clicked on

2019-06-26 17:34:06 - [TEST_STEP][PASSED] - click(findTestObject("Object Repository/brokerage department/Page_Chiragh.com Admin/a_June Light Hotel_fas fa-bars_1")): Object: 'Object Repository/brokerage department/Page_Chiragh.com Admin/a_June Light Hotel_fas fa-bars_1' is clicked on

2019-06-26 17:34:14 - [MESSAGE][PASSED] - Object: 'Object Repository/brokerage department/Page_Chiragh.com Admin/a_June Light Hotel_fas fa-bars_1' is clicked on

2019-06-26 17:34:14 - [TEST_STEP][PASSED] - delay(20): Delayed 20 second(s)

2019-06-26 17:34:34 - [MESSAGE][PASSED] - Delayed 20 second(s)

2019-06-26 17:34:34 - [TEST_STEP][PASSED] - click(findTestObject("Object Repository/brokerage department/Page_Chiragh.com Admin/div_Activity Log")): Object: 'Object Repository/brokerage department/Page_Chiragh.com Admin/div_Activity Log' is clicked on

2019-06-26 17:34:35 - [MESSAGE][PASSED] - Object: 'Object Repository/brokerage department/Page_Chiragh.com Admin/div_Activity Log' is clicked on

2019-06-26 17:34:35 - [TEST_STEP][PASSED] - click(findTestObject("Object Repository/brokerage department/Page_Chiragh.com Admin/div_Activity Log")): Object: 'Object Repository/brokerage department/Page_Chiragh.com Admin/div_Activity Log' is clicked on

2019-06-26 17:34:35 - [MESSAGE][PASSED] - Object: 'Object Repository/brokerage department/Page_Chiragh.com Admin/div_Activity Log' is clicked on

2019-06-26 17:34:35 - [TEST_STEP][PASSED] - click(findTestObject("Object Repository/brokerage department/Page_Chiragh.com Admin/div_Gallery_mat-tab-header-pag")): Object: 'Object Repository/brokerage department/Page_Chiragh.com Admin/div_Gallery_mat-tab-header-pag' is clicked on

2019-06-26 17:34:35 - [MESSAGE][PASSED] - Object: 'Object Repository/brokerage department/Page_Chiragh.com Admin/div_Gallery_mat-tab-header-pag' is clicked on

2019-06-26 17:34:35 - [TEST_STEP][PASSED] - delay(3): Delayed 3 second(s)

2019-06-26 17:34:38 - [MESSAGE][PASSED] - Delayed 3 second(s)

2019-06-26 17:34:38 - [TEST_STEP][PASSED] - click(findTestObject("Object Repository/brokerage department/Page_Chiragh.com Admin/div_Brokerage Proposal_1")): Object: 'Object Repository/brokerage department/Page_Chiragh.com Admin/div_Brokerage Proposal_1' is clicked on

2019-06-26 17:34:39 - [MESSAGE][PASSED] - Object: 'Object Repository/brokerage department/Page_Chiragh.com Admin/div_Brokerage Proposal_1' is clicked on

2019-06-26 17:34:39 - [TEST_STEP][PASSED] - click(findTestObject("Object Repository/brokerage department/Page_Chiragh.com Admin/div_Brokerage Proposal_1")): Object: 'Object Repository/brokerage department/Page_Chiragh.com Admin/div_Brokerage Proposal_1' is clicked on

2019-06-26 17:34:39 - [MESSAGE][PASSED] - Object: 'Object Repository/brokerage department/Page_Chiragh.com Admin/div_Brokerage Proposal_1' is clicked on

2019-06-26 17:34:39 - [TEST_STEP][PASSED] - delay(8): Delayed 8 second(s)

2019-06-26 17:34:47 - [MESSAGE][PASSED] - Delayed 8 second(s)

2019-06-26 17:34:47 - [TEST_STEP][PASSED] - click(findTestObject("Object Repository/brokerage department/Page_Chiragh.com Admin/button_Approve")): Object: 'Object Repository/brokerage department/Page_Chiragh.com Admin/button_Approve' is clicked on

2019-06-26 17:34:48 - [MESSAGE][PASSED] - Object: 'Object Repository/brokerage department/Page_Chiragh.com Admin/button_Approve' is clicked on

2019-06-26 17:34:48 - [TEST_STEP][PASSED] - click(findTestObject("Object Repository/brokerage department/Page_Chiragh.com Admin/img")): Object: 'Object Repository/brokerage department/Page_Chiragh.com Admin/img' is clicked on

2019-06-26 17:34:48 - [MESSAGE][PASSED] - Object: 'Object Repository/brokerage department/Page_Chiragh.com Admin/img' is clicked on

2019-06-26 17:34:48 - [TEST_STEP][PASSED] - delay(5): Delayed 5 second(s)

2019-06-26 17:34:53 - [MESSAGE][PASSED] - Delayed 5 second(s)

2019-06-26 17:34:53 - [TEST_STEP][PASSED] - click(findTestObject("Object Repository/brokerage department/Page_Chiragh.com Admin/button_FM")): Object: 'Object Repository/brokerage department/Page_Chiragh.com Admin/button_FM' is clicked on

2019-06-26 17:34:54 - [MESSAGE][PASSED] - Object: 'Object Repository/brokerage department/Page_Chiragh.com Admin/button_FM' is clicked on

2019-06-26 17:34:54 - [TEST_STEP][PASSED] - delay(5): Delayed 5 second(s)

2019-06-26 17:34:59 - [MESSAGE][PASSED] - Delayed 5 second(s)

2019-06-26 17:34:59 - [TEST_STEP][PASSED] - click(findTestObject("Object Repository/brokerage department/Page_Chiragh.com Admin/button_exit_to_appLogout")): Object: 'Object Repository/brokerage department/Page_Chiragh.com Admin/button_exit_to_appLogout' is clicked on

2019-06-26 17:35:05 - [MESSAGE][PASSED] - Object: 'Object Repository/brokerage department/Page_Chiragh.com Admin/button_exit_to_appLogout' is clicked on

2019-06-26 17:35:05 - [TEST_STEP][PASSED] - waitForPageLoad(5): Wait for page load successfully

2019-06-26 17:35:05 - [MESSAGE][PASSED] - Wait for page load successfully

2019-06-26 17:35:05 - [TEST_STEP][PASSED] - click(findTestObject("Object Repository/brokerage department/Page_Chiragh.com Admin/div_Username")): Object: 'Object Repository/brokerage department/Page_Chiragh.com Admin/div_Username' is clicked on

2019-06-26 17:35:06 - [MESSAGE][PASSED] - Object: 'Object Repository/brokerage department/Page_Chiragh.com Admin/div_Username' is clicked on

2019-06-26 17:35:06 - [TEST_STEP][PASSED] - setText(findTestObject("Object Repository/brokerage department/Page_Chiragh.com Admin/input_Admin Panel_userName"), "nayab"): Text 'nayab' is set on object 'Object Repository/brokerage department/Page_Chiragh.com Admin/input_Admin Panel_userName'

2019-06-26 17:35:06 - [MESSAGE][PASSED] - Text 'nayab' is set on object 'Object Repository/brokerage department/Page_Chiragh.com Admin/input_Admin Panel_userName'

2019-06-26 17:35:06 - [TEST_STEP][PASSED] - click(findTestObject("Object Repository/brokerage department/Page_Chiragh.com Admin/div_Password")): Object: 'Object Repository/brokerage department/Page_Chiragh.com Admin/div_Password' is clicked on

2019-06-26 17:35:06 - [MESSAGE][PASSED] - Object: 'Object Repository/brokerage department/Page_Chiragh.com Admin/div_Password' is clicked on

2019-06-26 17:35:06 - [TEST_STEP][PASSED] - setEncryptedText(findTestObject("Object Repository/brokerage department/Page_Chiragh.com Admin/input_Username_password"), "RigbBhfdqODKcAsiUrg+1Q=="): Text ****** has been set on object 'Object Repository/brokerage department/Page_Chiragh.com Admin/input_Username_password'

2019-06-26 17:35:06 - [MESSAGE][PASSED] - Text ****** has been set on object 'Object Repository/brokerage department/Page_Chiragh.com Admin/input_Username_password'

2019-06-26 17:35:06 - [TEST_STEP][PASSED] - click(findTestObject("Object Repository/brokerage department/Page_Chiragh.com Admin/button_Login")): Object: 'Object Repository/brokerage department/Page_Chiragh.com Admin/button_Login' is clicked on

2019-06-26 17:35:06 - [MESSAGE][PASSED] - Object: 'Object Repository/brokerage department/Page_Chiragh.com Admin/button_Login' is clicked on

2019-06-26 17:35:06 - [TEST_STEP][PASSED] - click(findTestObject("Object Repository/brokerage department/Page_Chiragh.com Admin/a_In Process_1")): Object: 'Object Repository/brokerage department/Page_Chiragh.com Admin/a_In Process_1' is clicked on

2019-06-26 17:35:09 - [MESSAGE][PASSED] - Object: 'Object Repository/brokerage department/Page_Chiragh.com Admin/a_In Process_1' is clicked on

2019-06-26 17:35:09 - [TEST_STEP][PASSED] - delay(20): Delayed 20 second(s)

2019-06-26 17:35:29 - [MESSAGE][PASSED] - Delayed 20 second(s)

2019-06-26 17:35:29 - [TEST_STEP][PASSED] - click(findTestObject("Object Repository/brokerage department/Page_Chiragh.com Admin/a_June Light Hotel_fas fa-bars_2")): Object: 'Object Repository/brokerage department/Page_Chiragh.com Admin/a_June Light Hotel_fas fa-bars_2' is clicked on

2019-06-26 17:35:30 - [MESSAGE][PASSED] - Object: 'Object Repository/brokerage department/Page_Chiragh.com Admin/a_June Light Hotel_fas fa-bars_2' is clicked on

2019-06-26 17:35:30 - [TEST_STEP][PASSED] - delay(3): Delayed 3 second(s)

2019-06-26 17:35:33 - [MESSAGE][PASSED] - Delayed 3 second(s)

2019-06-26 17:35:33 - [TEST_STEP][PASSED] - click(findTestObject("Object Repository/brokerage department/Page_Chiragh.com Admin/div_Documents")): Object: 'Object Repository/brokerage department/Page_Chiragh.com Admin/div_Documents' is clicked on

2019-06-26 17:35:34 - [MESSAGE][PASSED] - Object: 'Object Repository/brokerage department/Page_Chiragh.com Admin/div_Documents' is clicked on

2019-06-26 17:35:34 - [TEST_STEP][PASSED] - click(findTestObject("Object Repository/brokerage department/Page_Chiragh.com Admin/div_Documents")): Object: 'Object Repository/brokerage department/Page_Chiragh.com Admin/div_Documents' is clicked on

2019-06-26 17:35:34 - [MESSAGE][PASSED] - Object: 'Object Repository/brokerage department/Page_Chiragh.com Admin/div_Documents' is clicked on

2019-06-26 17:35:34 - [TEST_STEP][PASSED] - click(findTestObject("Object Repository/brokerage department/Page_Chiragh.com Admin/div_Gallery_mat-tab-header-pag")): Object: 'Object Repository/brokerage department/Page_Chiragh.com Admin/div_Gallery_mat-tab-header-pag' is clicked on

2019-06-26 17:35:34 - [MESSAGE][PASSED] - Object: 'Object Repository/brokerage department/Page_Chiragh.com Admin/div_Gallery_mat-tab-header-pag' is clicked on

2019-06-26 17:35:34 - [TEST_STEP][PASSED] - click(findTestObject("Object Repository/brokerage department/Page_Chiragh.com Admin/div_Gallery_mat-tab-header-pag")): Object: 'Object Repository/brokerage department/Page_Chiragh.com Admin/div_Gallery_mat-tab-header-pag' is clicked on

2019-06-26 17:35:35 - [MESSAGE][PASSED] - Object: 'Object Repository/brokerage department/Page_Chiragh.com Admin/div_Gallery_mat-tab-header-pag' is clicked on

2019-06-26 17:35:35 - [TEST_STEP][PASSED] - delay(5): Delayed 5 second(s)

2019-06-26 17:35:40 - [MESSAGE][PASSED] - Delayed 5 second(s)

2019-06-26 17:35:40 - [TEST_STEP][PASSED] - click(findTestObject("Object Repository/brokerage department/Page_Chiragh.com Admin/div_Brokerage Proposal_2")): Object: 'Object Repository/brokerage department/Page_Chiragh.com Admin/div_Brokerage Proposal_2' is clicked on

2019-06-26 17:35:40 - [MESSAGE][PASSED] - Object: 'Object Repository/brokerage department/Page_Chiragh.com Admin/div_Brokerage Proposal_2' is clicked on

2019-06-26 17:35:40 - [TEST_STEP][PASSED] - click(findTestObject("Object Repository/brokerage department/Page_Chiragh.com Admin/div_Brokerage Proposal_2")): Object: 'Object Repository/brokerage department/Page_Chiragh.com Admin/div_Brokerage Proposal_2' is clicked on

2019-06-26 17:35:41 - [MESSAGE][PASSED] - Object: 'Object Repository/brokerage department/Page_Chiragh.com Admin/div_Brokerage Proposal_2' is clicked on

2019-06-26 17:35:41 - [TEST_STEP][PASSED] - delay(8): Delayed 8 second(s)

2019-06-26 17:35:49 - [MESSAGE][PASSED] - Delayed 8 second(s)

2019-06-26 17:35:49 - [TEST_STEP][PASSED] - click(findTestObject("Object Repository/brokerage department/Page_Chiragh.com Admin/img")): Object: 'Object Repository/brokerage department/Page_Chiragh.com Admin/img' is clicked on

2019-06-26 17:35:49 - [MESSAGE][PASSED] - Object: 'Object Repository/brokerage department/Page_Chiragh.com Admin/img' is clicked on

2019-06-26 17:35:49 - [TEST_STEP][PASSED] - delay(10): Delayed 10 second(s)

2019-06-26 17:35:59 - [MESSAGE][PASSED] - Delayed 10 second(s)

2019-06-26 17:35:59 - [TEST_STEP][PASSED] - click(findTestObject("Object Repository/brokerage department/Page_Chiragh.com Admin/button_NB")): Object: 'Object Repository/brokerage department/Page_Chiragh.com Admin/button_NB' is clicked on

2019-06-26 17:36:00 - [MESSAGE][PASSED] - Object: 'Object Repository/brokerage department/Page_Chiragh.com Admin/button_NB' is clicked on

2019-06-26 17:36:00 - [TEST_STEP][PASSED] - delay(5): Delayed 5 second(s)

2019-06-26 17:36:05 - [MESSAGE][PASSED] - Delayed 5 second(s)

2019-06-26 17:36:05 - [TEST_STEP][PASSED] - click(findTestObject("Object Repository/brokerage department/Page_Chiragh.com Admin/button_exit_to_appLogout")): Object: 'Object Repository/brokerage department/Page_Chiragh.com Admin/button_exit_to_appLogout' is clicked on

2019-06-26 17:36:11 - [MESSAGE][PASSED] - Object: 'Object Repository/brokerage department/Page_Chiragh.com Admin/button_exit_to_appLogout' is clicked on

2019-06-26 17:36:11 - [TEST_STEP][PASSED] - waitForPageLoad(5): Wait for page load successfully

2019-06-26 17:36:11 - [MESSAGE][PASSED] - Wait for page load successfully

2019-06-26 17:36:11 - [TEST_STEP][PASSED] - click(findTestObject("Object Repository/brokerage department/Page_Chiragh.com Admin/div_Username")): Object: 'Object Repository/brokerage department/Page_Chiragh.com Admin/div_Username' is clicked on

2019-06-26 17:36:11 - [MESSAGE][PASSED] - Object: 'Object Repository/brokerage department/Page_Chiragh.com Admin/div_Username' is clicked on

2019-06-26 17:36:11 - [TEST_STEP][PASSED] - setText(findTestObject("Object Repository/brokerage department/Page_Chiragh.com Admin/input_Admin Panel_userName"), "abdullah"): Text 'abdullah' is set on object 'Object Repository/brokerage department/Page_Chiragh.com Admin/input_Admin Panel_userName'

2019-06-26 17:36:12 - [MESSAGE][PASSED] - Text 'abdullah' is set on object 'Object Repository/brokerage department/Page_Chiragh.com Admin/input_Admin Panel_userName'

2019-06-26 17:36:12 - [TEST_STEP][PASSED] - click(findTestObject("Object Repository/brokerage department/Page_Chiragh.com Admin/div_Password")): Object: 'Object Repository/brokerage department/Page_Chiragh.com Admin/div_Password' is clicked on

2019-06-26 17:36:12 - [MESSAGE][PASSED] - Object: 'Object Repository/brokerage department/Page_Chiragh.com Admin/div_Password' is clicked on

2019-06-26 17:36:12 - [TEST_STEP][PASSED] - setEncryptedText(findTestObject("Object Repository/brokerage department/Page_Chiragh.com Admin/input_Username_password"), "RigbBhfdqODKcAsiUrg+1Q=="): Text ****** has been set on object 'Object Repository/brokerage department/Page_Chiragh.com Admin/input_Username_password'

2019-06-26 17:36:12 - [MESSAGE][PASSED] - Text ****** has been set on object 'Object Repository/brokerage department/Page_Chiragh.com Admin/input_Username_password'

2019-06-26 17:36:12 - [TEST_STEP][PASSED] - click(findTestObject("Object Repository/brokerage department/Page_Chiragh.com Admin/button_Login")): Object: 'Object Repository/brokerage department/Page_Chiragh.com Admin/button_Login' is clicked on

2019-06-26 17:36:12 - [MESSAGE][PASSED] - Object: 'Object Repository/brokerage department/Page_Chiragh.com Admin/button_Login' is clicked on

2019-06-26 17:36:12 - [TEST_STEP][PASSED] - click(findTestObject("Object Repository/brokerage department/Page_Chiragh.com Admin/a_My Leads")): Object: 'Object Repository/brokerage department/Page_Chiragh.com Admin/a_My Leads' is clicked on

2019-06-26 17:36:16 - [MESSAGE][PASSED] - Object: 'Object Repository/brokerage department/Page_Chiragh.com Admin/a_My Leads' is clicked on

2019-06-26 17:36:16 - [TEST_STEP][PASSED] - delay(3): Delayed 3 second(s)

2019-06-26 17:36:19 - [MESSAGE][PASSED] - Delayed 3 second(s)

2019-06-26 17:36:19 - [TEST_STEP][FAILED] - click(findTestObject("Object Repository/brokerage department/Page_Chiragh.com Admin/i_Call Seller_fas fa-calendar-")): click(findTestObject("Object Repository/brokerage department/Page_Chiragh.com Admin/i_Call Seller_fas fa-calendar-")) FAILED.
Reason:
com.kms.katalon.core.exception.StepFailedException: Unable to click on object 'Object Repository/brokerage department/Page_Chiragh.com Admin/i_Call Seller_fas fa-calendar-' (Root cause: com.kms.katalon.core.webui.exception.WebElementNotFoundException: Web element with id: 'Object Repository/brokerage department/Page_Chiragh.com Admin/i_Call Seller_fas fa-calendar-' located by 'By.xpath: /html/body/app-root/app-layout/div/app-brokerage/app-agent/app-seller/app-myleads/section/div/div/div/div/table/tbody/tr[1]/td[7]/a/i' not found)
	at com.kms.katalon.core.keyword.internal.KeywordMain.stepFailed(KeywordMain.groovy:36)
	at com.kms.katalon.core.webui.keyword.internal.WebUIKeywordMain.stepFailed(WebUIKeywordMain.groovy:65)
	at com.kms.katalon.core.webui.keyword.internal.WebUIKeywordMain.runKeyword(WebUIKeywordMain.groovy:27)
	at com.kms.katalon.core.webui.keyword.builtin.ClickKeyword.click(ClickKeyword.groovy:86)
	at com.kms.katalon.core.webui.keyword.builtin.ClickKeyword.execute(ClickKeyword.groovy:67)
	at com.kms.katalon.core.keyword.internal.KeywordExecutor.executeKeywordForPlatform(KeywordExecutor.groovy:53)
	at com.kms.katalon.core.webui.keyword.WebUiBuiltInKeywords.click(WebUiBuiltInKeywords.groovy:616)
	at com.kms.katalon.core.webui.keyword.WebUiBuiltInKeywords$click$3.call(Unknown Source)
	at brokerage department.run(brokerage department:231)
	at com.kms.katalon.core.main.ScriptEngine.run(ScriptEngine.java:194)
	at com.kms.katalon.core.main.ScriptEngine.runScriptAsRawText(ScriptEngine.java:119)
	at com.kms.katalon.core.main.TestCaseExecutor.runScript(TestCaseExecutor.java:328)
	at com.kms.katalon.core.main.TestCaseExecutor.doExecute(TestCaseExecutor.java:319)
	at com.kms.katalon.core.main.TestCaseExecutor.processExecutionPhase(TestCaseExecutor.java:298)
	at com.kms.katalon.core.main.TestCaseExecutor.accessMainPhase(TestCaseExecutor.java:290)
	at com.kms.katalon.core.main.TestCaseExecutor.execute(TestCaseExecutor.java:224)
	at com.kms.katalon.core.main.TestSuiteExecutor.accessTestCaseMainPhase(TestSuiteExecutor.java:129)
	at com.kms.katalon.core.main.TestSuiteExecutor.accessTestSuiteMainPhase(TestSuiteExecutor.java:112)
	at com.kms.katalon.core.main.TestSuiteExecutor.execute(TestSuiteExecutor.java:81)
	at com.kms.katalon.core.main.TestCaseMain.startTestSuite(TestCaseMain.java:149)
	at com.kms.katalon.core.main.TestCaseMain$startTestSuite$0.call(Unknown Source)
	at TempTestSuite1561551575260.run(TempTestSuite1561551575260.groovy:36)


2019-06-26 17:36:51 - [MESSAGE][INFO] - Unable to find the element located by 'By.xpath: /html/body/app-root/app-layout/div/app-brokerage/app-agent/app-seller/app-myleads/section/div/div/div/div/table/tbody/tr[1]/td[7]/a/i'. Please recheck the objects properties to make sure the desired element is located. 

2019-06-26 17:36:52 - [MESSAGE][FAILED] - Unable to click on object 'Object Repository/brokerage department/Page_Chiragh.com Admin/i_Call Seller_fas fa-calendar-' (Root cause: com.kms.katalon.core.webui.exception.WebElementNotFoundException: Web element with id: 'Object Repository/brokerage department/Page_Chiragh.com Admin/i_Call Seller_fas fa-calendar-' located by 'By.xpath: /html/body/app-root/app-layout/div/app-brokerage/app-agent/app-seller/app-myleads/section/div/div/div/div/table/tbody/tr[1]/td[7]/a/i' not found)
[[ATTACHMENT|C:\\Users\\HP\\git\\chiraghAdminPanel\\Reports\\AdminCompleteFlow\\20190626_171935\\1561552611869.png]]

2019-06-26 17:36:52 - [MESSAGE][FAILED] - click(findTestObject("Object Repository/brokerage department/Page_Chiragh.com Admin/i_Call Seller_fas fa-calendar-")) FAILED.
Reason:
com.kms.katalon.core.exception.StepFailedException: Unable to click on object 'Object Repository/brokerage department/Page_Chiragh.com Admin/i_Call Seller_fas fa-calendar-' (Root cause: com.kms.katalon.core.webui.exception.WebElementNotFoundException: Web element with id: 'Object Repository/brokerage department/Page_Chiragh.com Admin/i_Call Seller_fas fa-calendar-' located by 'By.xpath: /html/body/app-root/app-layout/div/app-brokerage/app-agent/app-seller/app-myleads/section/div/div/div/div/table/tbody/tr[1]/td[7]/a/i' not found)
	at com.kms.katalon.core.keyword.internal.KeywordMain.stepFailed(KeywordMain.groovy:36)
	at com.kms.katalon.core.webui.keyword.internal.WebUIKeywordMain.stepFailed(WebUIKeywordMain.groovy:65)
	at com.kms.katalon.core.webui.keyword.internal.WebUIKeywordMain.runKeyword(WebUIKeywordMain.groovy:27)
	at com.kms.katalon.core.webui.keyword.builtin.ClickKeyword.click(ClickKeyword.groovy:86)
	at com.kms.katalon.core.webui.keyword.builtin.ClickKeyword.execute(ClickKeyword.groovy:67)
	at com.kms.katalon.core.keyword.internal.KeywordExecutor.executeKeywordForPlatform(KeywordExecutor.groovy:53)
	at com.kms.katalon.core.webui.keyword.WebUiBuiltInKeywords.click(WebUiBuiltInKeywords.groovy:616)
	at com.kms.katalon.core.webui.keyword.WebUiBuiltInKeywords$click$3.call(Unknown Source)
	at brokerage department.run(brokerage department:231)
	at com.kms.katalon.core.main.ScriptEngine.run(ScriptEngine.java:194)
	at com.kms.katalon.core.main.ScriptEngine.runScriptAsRawText(ScriptEngine.java:119)
	at com.kms.katalon.core.main.TestCaseExecutor.runScript(TestCaseExecutor.java:328)
	at com.kms.katalon.core.main.TestCaseExecutor.doExecute(TestCaseExecutor.java:319)
	at com.kms.katalon.core.main.TestCaseExecutor.processExecutionPhase(TestCaseExecutor.java:298)
	at com.kms.katalon.core.main.TestCaseExecutor.accessMainPhase(TestCaseExecutor.java:290)
	at com.kms.katalon.core.main.TestCaseExecutor.execute(TestCaseExecutor.java:224)
	at com.kms.katalon.core.main.TestSuiteExecutor.accessTestCaseMainPhase(TestSuiteExecutor.java:129)
	at com.kms.katalon.core.main.TestSuiteExecutor.accessTestSuiteMainPhase(TestSuiteExecutor.java:112)
	at com.kms.katalon.core.main.TestSuiteExecutor.execute(TestSuiteExecutor.java:81)
	at com.kms.katalon.core.main.TestCaseMain.startTestSuite(TestCaseMain.java:149)
	at com.kms.katalon.core.main.TestCaseMain$startTestSuite$0.call(Unknown Source)
	at TempTestSuite1561551575260.run(TempTestSuite1561551575260.groovy:36)]]></system-out>
         <system-err><![CDATA[2019-06-26 17:32:50 - [TEST_CASE][FAILED] - Test Cases/brokerage department: Test Cases/brokerage department FAILED.
Reason:
com.kms.katalon.core.exception.StepFailedException: Unable to click on object 'Object Repository/brokerage department/Page_Chiragh.com Admin/i_Call Seller_fas fa-calendar-' (Root cause: com.kms.katalon.core.webui.exception.WebElementNotFoundException: Web element with id: 'Object Repository/brokerage department/Page_Chiragh.com Admin/i_Call Seller_fas fa-calendar-' located by 'By.xpath: /html/body/app-root/app-layout/div/app-brokerage/app-agent/app-seller/app-myleads/section/div/div/div/div/table/tbody/tr[1]/td[7]/a/i' not found)
	at com.kms.katalon.core.keyword.internal.KeywordMain.stepFailed(KeywordMain.groovy:36)
	at com.kms.katalon.core.webui.keyword.internal.WebUIKeywordMain.stepFailed(WebUIKeywordMain.groovy:65)
	at com.kms.katalon.core.webui.keyword.internal.WebUIKeywordMain.runKeyword(WebUIKeywordMain.groovy:27)
	at com.kms.katalon.core.webui.keyword.builtin.ClickKeyword.click(ClickKeyword.groovy:86)
	at com.kms.katalon.core.webui.keyword.builtin.ClickKeyword.execute(ClickKeyword.groovy:67)
	at com.kms.katalon.core.keyword.internal.KeywordExecutor.executeKeywordForPlatform(KeywordExecutor.groovy:53)
	at com.kms.katalon.core.webui.keyword.WebUiBuiltInKeywords.click(WebUiBuiltInKeywords.groovy:616)
	at com.kms.katalon.core.webui.keyword.WebUiBuiltInKeywords$click$3.call(Unknown Source)
	at brokerage department.run(brokerage department:231)
	at com.kms.katalon.core.main.ScriptEngine.run(ScriptEngine.java:194)
	at com.kms.katalon.core.main.ScriptEngine.runScriptAsRawText(ScriptEngine.java:119)
	at com.kms.katalon.core.main.TestCaseExecutor.runScript(TestCaseExecutor.java:328)
	at com.kms.katalon.core.main.TestCaseExecutor.doExecute(TestCaseExecutor.java:319)
	at com.kms.katalon.core.main.TestCaseExecutor.processExecutionPhase(TestCaseExecutor.java:298)
	at com.kms.katalon.core.main.TestCaseExecutor.accessMainPhase(TestCaseExecutor.java:290)
	at com.kms.katalon.core.main.TestCaseExecutor.execute(TestCaseExecutor.java:224)
	at com.kms.katalon.core.main.TestSuiteExecutor.accessTestCaseMainPhase(TestSuiteExecutor.java:129)
	at com.kms.katalon.core.main.TestSuiteExecutor.accessTestSuiteMainPhase(TestSuiteExecutor.java:112)
	at com.kms.katalon.core.main.TestSuiteExecutor.execute(TestSuiteExecutor.java:81)
	at com.kms.katalon.core.main.TestCaseMain.startTestSuite(TestCaseMain.java:149)
	at com.kms.katalon.core.main.TestCaseMain$startTestSuite$0.call(Unknown Source)
	at TempTestSuite1561551575260.run(TempTestSuite1561551575260.groovy:36)]]></system-err>
      </testcase>
      <testcase name="Test Cases/listing department" classname="Test Cases/listing department" status="FAILED">
         <failure type="FAILED" message="Test Cases/listing department FAILED.
Reason:
com.kms.katalon.core.exception.StepFailedException: Unable to click on object 'Object Repository/listing/Page_Chiragh.com Admin/a_ 7 Days_fas fa-user-circle d' (Root cause: org.openqa.selenium.WebDriverException: chrome not reachable
  (Session info: chrome=75.0.3770.100)
  (Driver info: chromedriver=2.43.600210 (68dcf5eebde37173d4027fa8635e332711d2874a),platform=Windows NT 10.0.17134 x86_64) (WARNING: The server did not provide any stacktrace information)
Command duration or timeout: 0 milliseconds
Build info: version: '3.7.1', revision: '8a0099a', time: '2017-11-06T21:07:36.161Z'
System info: host: 'DESKTOP-2D7LI1O', ip: '192.168.18.31', os.name: 'Windows 10', os.arch: 'amd64', os.version: '10.0', java.version: '1.8.0_181'
Driver info: com.kms.katalon.selenium.driver.CChromeDriver
Capabilities {acceptInsecureCerts: false, acceptSslCerts: false, applicationCacheEnabled: false, browserConnectionEnabled: false, browserName: chrome, chrome: {chromedriverVersion: 2.43.600210 (68dcf5eebde371..., userDataDir: C:\Users\HP\AppData\Local\T...}, cssSelectorsEnabled: true, databaseEnabled: false, goog:chromeOptions: {debuggerAddress: localhost:61609}, handlesAlerts: true, hasTouchScreen: false, javascriptEnabled: true, locationContextEnabled: true, mobileEmulationEnabled: false, nativeEvents: true, networkConnectionEnabled: false, pageLoadStrategy: normal, platform: XP, platformName: XP, rotatable: false, setWindowRect: true, takesHeapSnapshot: true, takesScreenshot: true, unexpectedAlertBehaviour: , unhandledPromptBehavior: , version: 75.0.3770.100, webStorageEnabled: true}
Session ID: 8c3e4e02066fee064ee533d7b18fa104
*** Element info: {Using=xpath, value=/html/body/app-root/app-layout/div/app-listing/app-hod/app-new-leads/section/div/div/div/div/table/tbody/tr[1]/td[8]/div/div/a})
	at com.kms.katalon.core.keyword.internal.KeywordMain.stepFailed(KeywordMain.groovy:36)
	at com.kms.katalon.core.webui.keyword.internal.WebUIKeywordMain.stepFailed(WebUIKeywordMain.groovy:65)
	at com.kms.katalon.core.webui.keyword.internal.WebUIKeywordMain.runKeyword(WebUIKeywordMain.groovy:27)
	at com.kms.katalon.core.webui.keyword.builtin.ClickKeyword.click(ClickKeyword.groovy:86)
	at com.kms.katalon.core.webui.keyword.builtin.ClickKeyword.execute(ClickKeyword.groovy:67)
	at com.kms.katalon.core.keyword.internal.KeywordExecutor.executeKeywordForPlatform(KeywordExecutor.groovy:53)
	at com.kms.katalon.core.webui.keyword.WebUiBuiltInKeywords.click(WebUiBuiltInKeywords.groovy:616)
	at com.kms.katalon.core.webui.keyword.WebUiBuiltInKeywords$click$3.call(Unknown Source)
	at listing department.run(listing department:34)
	at com.kms.katalon.core.main.ScriptEngine.run(ScriptEngine.java:194)
	at com.kms.katalon.core.main.ScriptEngine.runScriptAsRawText(ScriptEngine.java:119)
	at com.kms.katalon.core.main.TestCaseExecutor.runScript(TestCaseExecutor.java:328)
	at com.kms.katalon.core.main.TestCaseExecutor.doExecute(TestCaseExecutor.java:319)
	at com.kms.katalon.core.main.TestCaseExecutor.processExecutionPhase(TestCaseExecutor.java:298)
	at com.kms.katalon.core.main.TestCaseExecutor.accessMainPhase(TestCaseExecutor.java:290)
	at com.kms.katalon.core.main.TestCaseExecutor.execute(TestCaseExecutor.java:224)
	at com.kms.katalon.core.main.TestSuiteExecutor.accessTestCaseMainPhase(TestSuiteExecutor.java:129)
	at com.kms.katalon.core.main.TestSuiteExecutor.accessTestSuiteMainPhase(TestSuiteExecutor.java:112)
	at com.kms.katalon.core.main.TestSuiteExecutor.execute(TestSuiteExecutor.java:81)
	at com.kms.katalon.core.main.TestCaseMain.startTestSuite(TestCaseMain.java:149)
	at com.kms.katalon.core.main.TestCaseMain$startTestSuite$0.call(Unknown Source)
	at TempTestSuite1561551575260.run(TempTestSuite1561551575260.groovy:36)
"/>
         <system-out><![CDATA[2019-06-26 17:36:52 - [TEST_CASE][FAILED] - Test Cases/listing department: Test Cases/listing department FAILED.
Reason:
com.kms.katalon.core.exception.StepFailedException: Unable to click on object 'Object Repository/listing/Page_Chiragh.com Admin/a_ 7 Days_fas fa-user-circle d' (Root cause: org.openqa.selenium.WebDriverException: chrome not reachable
  (Session info: chrome=75.0.3770.100)
  (Driver info: chromedriver=2.43.600210 (68dcf5eebde37173d4027fa8635e332711d2874a),platform=Windows NT 10.0.17134 x86_64) (WARNING: The server did not provide any stacktrace information)
Command duration or timeout: 0 milliseconds
Build info: version: '3.7.1', revision: '8a0099a', time: '2017-11-06T21:07:36.161Z'
System info: host: 'DESKTOP-2D7LI1O', ip: '192.168.18.31', os.name: 'Windows 10', os.arch: 'amd64', os.version: '10.0', java.version: '1.8.0_181'
Driver info: com.kms.katalon.selenium.driver.CChromeDriver
Capabilities {acceptInsecureCerts: false, acceptSslCerts: false, applicationCacheEnabled: false, browserConnectionEnabled: false, browserName: chrome, chrome: {chromedriverVersion: 2.43.600210 (68dcf5eebde371..., userDataDir: C:\Users\HP\AppData\Local\T...}, cssSelectorsEnabled: true, databaseEnabled: false, goog:chromeOptions: {debuggerAddress: localhost:61609}, handlesAlerts: true, hasTouchScreen: false, javascriptEnabled: true, locationContextEnabled: true, mobileEmulationEnabled: false, nativeEvents: true, networkConnectionEnabled: false, pageLoadStrategy: normal, platform: XP, platformName: XP, rotatable: false, setWindowRect: true, takesHeapSnapshot: true, takesScreenshot: true, unexpectedAlertBehaviour: , unhandledPromptBehavior: , version: 75.0.3770.100, webStorageEnabled: true}
Session ID: 8c3e4e02066fee064ee533d7b18fa104
*** Element info: {Using=xpath, value=/html/body/app-root/app-layout/div/app-listing/app-hod/app-new-leads/section/div/div/div/div/table/tbody/tr[1]/td[8]/div/div/a})
	at com.kms.katalon.core.keyword.internal.KeywordMain.stepFailed(KeywordMain.groovy:36)
	at com.kms.katalon.core.webui.keyword.internal.WebUIKeywordMain.stepFailed(WebUIKeywordMain.groovy:65)
	at com.kms.katalon.core.webui.keyword.internal.WebUIKeywordMain.runKeyword(WebUIKeywordMain.groovy:27)
	at com.kms.katalon.core.webui.keyword.builtin.ClickKeyword.click(ClickKeyword.groovy:86)
	at com.kms.katalon.core.webui.keyword.builtin.ClickKeyword.execute(ClickKeyword.groovy:67)
	at com.kms.katalon.core.keyword.internal.KeywordExecutor.executeKeywordForPlatform(KeywordExecutor.groovy:53)
	at com.kms.katalon.core.webui.keyword.WebUiBuiltInKeywords.click(WebUiBuiltInKeywords.groovy:616)
	at com.kms.katalon.core.webui.keyword.WebUiBuiltInKeywords$click$3.call(Unknown Source)
	at listing department.run(listing department:34)
	at com.kms.katalon.core.main.ScriptEngine.run(ScriptEngine.java:194)
	at com.kms.katalon.core.main.ScriptEngine.runScriptAsRawText(ScriptEngine.java:119)
	at com.kms.katalon.core.main.TestCaseExecutor.runScript(TestCaseExecutor.java:328)
	at com.kms.katalon.core.main.TestCaseExecutor.doExecute(TestCaseExecutor.java:319)
	at com.kms.katalon.core.main.TestCaseExecutor.processExecutionPhase(TestCaseExecutor.java:298)
	at com.kms.katalon.core.main.TestCaseExecutor.accessMainPhase(TestCaseExecutor.java:290)
	at com.kms.katalon.core.main.TestCaseExecutor.execute(TestCaseExecutor.java:224)
	at com.kms.katalon.core.main.TestSuiteExecutor.accessTestCaseMainPhase(TestSuiteExecutor.java:129)
	at com.kms.katalon.core.main.TestSuiteExecutor.accessTestSuiteMainPhase(TestSuiteExecutor.java:112)
	at com.kms.katalon.core.main.TestSuiteExecutor.execute(TestSuiteExecutor.java:81)
	at com.kms.katalon.core.main.TestCaseMain.startTestSuite(TestCaseMain.java:149)
	at com.kms.katalon.core.main.TestCaseMain$startTestSuite$0.call(Unknown Source)
	at TempTestSuite1561551575260.run(TempTestSuite1561551575260.groovy:36)


2019-06-26 17:36:52 - [TEST_STEP][PASSED] - openBrowser(""): Browser is opened with url: ''

2019-06-26 17:36:52 - [MESSAGE][WARNING] - A browser is already opened. Closing browser and opening a new one

2019-06-26 17:36:53 - [MESSAGE][INFO] - Starting 'Chrome' driver

2019-06-26 17:36:56 - [MESSAGE][PASSED] - Browser is opened with url: ''

2019-06-26 17:36:56 - [TEST_STEP][PASSED] - navigateToUrl("http://admin-chiragh.surge.sh/"): Navigate to 'http://admin-chiragh.surge.sh/' successfully

2019-06-26 17:37:09 - [MESSAGE][PASSED] - Navigate to 'http://admin-chiragh.surge.sh/' successfully

2019-06-26 17:37:09 - [TEST_STEP][PASSED] - maximizeWindow(): Current window maximized

2019-06-26 17:37:10 - [MESSAGE][PASSED] - Current window maximized

2019-06-26 17:37:10 - [TEST_STEP][PASSED] - waitForPageLoad(5): Wait for page load successfully

2019-06-26 17:37:10 - [MESSAGE][PASSED] - Wait for page load successfully

2019-06-26 17:37:10 - [TEST_STEP][PASSED] - setText(findTestObject("Object Repository/listing/Page_Chiragh.com Admin/input_Admin Panel_userName"), "sami"): Text 'sami' is set on object 'Object Repository/listing/Page_Chiragh.com Admin/input_Admin Panel_userName'

2019-06-26 17:37:10 - [MESSAGE][PASSED] - Text 'sami' is set on object 'Object Repository/listing/Page_Chiragh.com Admin/input_Admin Panel_userName'

2019-06-26 17:37:10 - [TEST_STEP][PASSED] - click(findTestObject("Object Repository/listing/Page_Chiragh.com Admin/div_Password")): Object: 'Object Repository/listing/Page_Chiragh.com Admin/div_Password' is clicked on

2019-06-26 17:37:10 - [MESSAGE][PASSED] - Object: 'Object Repository/listing/Page_Chiragh.com Admin/div_Password' is clicked on

2019-06-26 17:37:10 - [TEST_STEP][PASSED] - setEncryptedText(findTestObject("Object Repository/listing/Page_Chiragh.com Admin/input_Username_password"), "RigbBhfdqODKcAsiUrg+1Q=="): Text ****** has been set on object 'Object Repository/listing/Page_Chiragh.com Admin/input_Username_password'

2019-06-26 17:37:11 - [MESSAGE][PASSED] - Text ****** has been set on object 'Object Repository/listing/Page_Chiragh.com Admin/input_Username_password'

2019-06-26 17:37:11 - [TEST_STEP][PASSED] - click(findTestObject("Object Repository/listing/Page_Chiragh.com Admin/button_Login")): Object: 'Object Repository/listing/Page_Chiragh.com Admin/button_Login' is clicked on

2019-06-26 17:37:11 - [MESSAGE][PASSED] - Object: 'Object Repository/listing/Page_Chiragh.com Admin/button_Login' is clicked on

2019-06-26 17:37:11 - [TEST_STEP][PASSED] - click(findTestObject("Object Repository/listing/Page_Chiragh.com Admin/a_New Leads")): Object: 'Object Repository/listing/Page_Chiragh.com Admin/a_New Leads' is clicked on

2019-06-26 17:37:16 - [MESSAGE][PASSED] - Object: 'Object Repository/listing/Page_Chiragh.com Admin/a_New Leads' is clicked on

2019-06-26 17:37:16 - [TEST_STEP][FAILED] - click(findTestObject("Object Repository/listing/Page_Chiragh.com Admin/a_ 7 Days_fas fa-user-circle d")): click(findTestObject("Object Repository/listing/Page_Chiragh.com Admin/a_ 7 Days_fas fa-user-circle d")) FAILED.
Reason:
com.kms.katalon.core.exception.StepFailedException: Unable to click on object 'Object Repository/listing/Page_Chiragh.com Admin/a_ 7 Days_fas fa-user-circle d' (Root cause: org.openqa.selenium.WebDriverException: chrome not reachable
  (Session info: chrome=75.0.3770.100)
  (Driver info: chromedriver=2.43.600210 (68dcf5eebde37173d4027fa8635e332711d2874a),platform=Windows NT 10.0.17134 x86_64) (WARNING: The server did not provide any stacktrace information)
Command duration or timeout: 0 milliseconds
Build info: version: '3.7.1', revision: '8a0099a', time: '2017-11-06T21:07:36.161Z'
System info: host: 'DESKTOP-2D7LI1O', ip: '192.168.18.31', os.name: 'Windows 10', os.arch: 'amd64', os.version: '10.0', java.version: '1.8.0_181'
Driver info: com.kms.katalon.selenium.driver.CChromeDriver
Capabilities {acceptInsecureCerts: false, acceptSslCerts: false, applicationCacheEnabled: false, browserConnectionEnabled: false, browserName: chrome, chrome: {chromedriverVersion: 2.43.600210 (68dcf5eebde371..., userDataDir: C:\Users\HP\AppData\Local\T...}, cssSelectorsEnabled: true, databaseEnabled: false, goog:chromeOptions: {debuggerAddress: localhost:61609}, handlesAlerts: true, hasTouchScreen: false, javascriptEnabled: true, locationContextEnabled: true, mobileEmulationEnabled: false, nativeEvents: true, networkConnectionEnabled: false, pageLoadStrategy: normal, platform: XP, platformName: XP, rotatable: false, setWindowRect: true, takesHeapSnapshot: true, takesScreenshot: true, unexpectedAlertBehaviour: , unhandledPromptBehavior: , version: 75.0.3770.100, webStorageEnabled: true}
Session ID: 8c3e4e02066fee064ee533d7b18fa104
*** Element info: {Using=xpath, value=/html/body/app-root/app-layout/div/app-listing/app-hod/app-new-leads/section/div/div/div/div/table/tbody/tr[1]/td[8]/div/div/a})
	at com.kms.katalon.core.keyword.internal.KeywordMain.stepFailed(KeywordMain.groovy:36)
	at com.kms.katalon.core.webui.keyword.internal.WebUIKeywordMain.stepFailed(WebUIKeywordMain.groovy:65)
	at com.kms.katalon.core.webui.keyword.internal.WebUIKeywordMain.runKeyword(WebUIKeywordMain.groovy:27)
	at com.kms.katalon.core.webui.keyword.builtin.ClickKeyword.click(ClickKeyword.groovy:86)
	at com.kms.katalon.core.webui.keyword.builtin.ClickKeyword.execute(ClickKeyword.groovy:67)
	at com.kms.katalon.core.keyword.internal.KeywordExecutor.executeKeywordForPlatform(KeywordExecutor.groovy:53)
	at com.kms.katalon.core.webui.keyword.WebUiBuiltInKeywords.click(WebUiBuiltInKeywords.groovy:616)
	at com.kms.katalon.core.webui.keyword.WebUiBuiltInKeywords$click$3.call(Unknown Source)
	at listing department.run(listing department:34)
	at com.kms.katalon.core.main.ScriptEngine.run(ScriptEngine.java:194)
	at com.kms.katalon.core.main.ScriptEngine.runScriptAsRawText(ScriptEngine.java:119)
	at com.kms.katalon.core.main.TestCaseExecutor.runScript(TestCaseExecutor.java:328)
	at com.kms.katalon.core.main.TestCaseExecutor.doExecute(TestCaseExecutor.java:319)
	at com.kms.katalon.core.main.TestCaseExecutor.processExecutionPhase(TestCaseExecutor.java:298)
	at com.kms.katalon.core.main.TestCaseExecutor.accessMainPhase(TestCaseExecutor.java:290)
	at com.kms.katalon.core.main.TestCaseExecutor.execute(TestCaseExecutor.java:224)
	at com.kms.katalon.core.main.TestSuiteExecutor.accessTestCaseMainPhase(TestSuiteExecutor.java:129)
	at com.kms.katalon.core.main.TestSuiteExecutor.accessTestSuiteMainPhase(TestSuiteExecutor.java:112)
	at com.kms.katalon.core.main.TestSuiteExecutor.execute(TestSuiteExecutor.java:81)
	at com.kms.katalon.core.main.TestCaseMain.startTestSuite(TestCaseMain.java:149)
	at com.kms.katalon.core.main.TestCaseMain$startTestSuite$0.call(Unknown Source)
	at TempTestSuite1561551575260.run(TempTestSuite1561551575260.groovy:36)


2019-06-26 17:37:32 - [MESSAGE][WARNING] - Cannot take screenshot

2019-06-26 17:37:32 - [MESSAGE][FAILED] - Unable to click on object 'Object Repository/listing/Page_Chiragh.com Admin/a_ 7 Days_fas fa-user-circle d' (Root cause: org.openqa.selenium.WebDriverException: chrome not reachable
  (Session info: chrome=75.0.3770.100)
  (Driver info: chromedriver=2.43.600210 (68dcf5eebde37173d4027fa8635e332711d2874a),platform=Windows NT 10.0.17134 x86_64) (WARNING: The server did not provide any stacktrace information)
Command duration or timeout: 0 milliseconds
Build info: version: '3.7.1', revision: '8a0099a', time: '2017-11-06T21:07:36.161Z'
System info: host: 'DESKTOP-2D7LI1O', ip: '192.168.18.31', os.name: 'Windows 10', os.arch: 'amd64', os.version: '10.0', java.version: '1.8.0_181'
Driver info: com.kms.katalon.selenium.driver.CChromeDriver
Capabilities {acceptInsecureCerts: false, acceptSslCerts: false, applicationCacheEnabled: false, browserConnectionEnabled: false, browserName: chrome, chrome: {chromedriverVersion: 2.43.600210 (68dcf5eebde371..., userDataDir: C:\Users\HP\AppData\Local\T...}, cssSelectorsEnabled: true, databaseEnabled: false, goog:chromeOptions: {debuggerAddress: localhost:61609}, handlesAlerts: true, hasTouchScreen: false, javascriptEnabled: true, locationContextEnabled: true, mobileEmulationEnabled: false, nativeEvents: true, networkConnectionEnabled: false, pageLoadStrategy: normal, platform: XP, platformName: XP, rotatable: false, setWindowRect: true, takesHeapSnapshot: true, takesScreenshot: true, unexpectedAlertBehaviour: , unhandledPromptBehavior: , version: 75.0.3770.100, webStorageEnabled: true}
Session ID: 8c3e4e02066fee064ee533d7b18fa104
*** Element info: {Using=xpath, value=/html/body/app-root/app-layout/div/app-listing/app-hod/app-new-leads/section/div/div/div/div/table/tbody/tr[1]/td[8]/div/div/a})

2019-06-26 17:37:32 - [MESSAGE][FAILED] - click(findTestObject("Object Repository/listing/Page_Chiragh.com Admin/a_ 7 Days_fas fa-user-circle d")) FAILED.
Reason:
com.kms.katalon.core.exception.StepFailedException: Unable to click on object 'Object Repository/listing/Page_Chiragh.com Admin/a_ 7 Days_fas fa-user-circle d' (Root cause: org.openqa.selenium.WebDriverException: chrome not reachable
  (Session info: chrome=75.0.3770.100)
  (Driver info: chromedriver=2.43.600210 (68dcf5eebde37173d4027fa8635e332711d2874a),platform=Windows NT 10.0.17134 x86_64) (WARNING: The server did not provide any stacktrace information)
Command duration or timeout: 0 milliseconds
Build info: version: '3.7.1', revision: '8a0099a', time: '2017-11-06T21:07:36.161Z'
System info: host: 'DESKTOP-2D7LI1O', ip: '192.168.18.31', os.name: 'Windows 10', os.arch: 'amd64', os.version: '10.0', java.version: '1.8.0_181'
Driver info: com.kms.katalon.selenium.driver.CChromeDriver
Capabilities {acceptInsecureCerts: false, acceptSslCerts: false, applicationCacheEnabled: false, browserConnectionEnabled: false, browserName: chrome, chrome: {chromedriverVersion: 2.43.600210 (68dcf5eebde371..., userDataDir: C:\Users\HP\AppData\Local\T...}, cssSelectorsEnabled: true, databaseEnabled: false, goog:chromeOptions: {debuggerAddress: localhost:61609}, handlesAlerts: true, hasTouchScreen: false, javascriptEnabled: true, locationContextEnabled: true, mobileEmulationEnabled: false, nativeEvents: true, networkConnectionEnabled: false, pageLoadStrategy: normal, platform: XP, platformName: XP, rotatable: false, setWindowRect: true, takesHeapSnapshot: true, takesScreenshot: true, unexpectedAlertBehaviour: , unhandledPromptBehavior: , version: 75.0.3770.100, webStorageEnabled: true}
Session ID: 8c3e4e02066fee064ee533d7b18fa104
*** Element info: {Using=xpath, value=/html/body/app-root/app-layout/div/app-listing/app-hod/app-new-leads/section/div/div/div/div/table/tbody/tr[1]/td[8]/div/div/a})
	at com.kms.katalon.core.keyword.internal.KeywordMain.stepFailed(KeywordMain.groovy:36)
	at com.kms.katalon.core.webui.keyword.internal.WebUIKeywordMain.stepFailed(WebUIKeywordMain.groovy:65)
	at com.kms.katalon.core.webui.keyword.internal.WebUIKeywordMain.runKeyword(WebUIKeywordMain.groovy:27)
	at com.kms.katalon.core.webui.keyword.builtin.ClickKeyword.click(ClickKeyword.groovy:86)
	at com.kms.katalon.core.webui.keyword.builtin.ClickKeyword.execute(ClickKeyword.groovy:67)
	at com.kms.katalon.core.keyword.internal.KeywordExecutor.executeKeywordForPlatform(KeywordExecutor.groovy:53)
	at com.kms.katalon.core.webui.keyword.WebUiBuiltInKeywords.click(WebUiBuiltInKeywords.groovy:616)
	at com.kms.katalon.core.webui.keyword.WebUiBuiltInKeywords$click$3.call(Unknown Source)
	at listing department.run(listing department:34)
	at com.kms.katalon.core.main.ScriptEngine.run(ScriptEngine.java:194)
	at com.kms.katalon.core.main.ScriptEngine.runScriptAsRawText(ScriptEngine.java:119)
	at com.kms.katalon.core.main.TestCaseExecutor.runScript(TestCaseExecutor.java:328)
	at com.kms.katalon.core.main.TestCaseExecutor.doExecute(TestCaseExecutor.java:319)
	at com.kms.katalon.core.main.TestCaseExecutor.processExecutionPhase(TestCaseExecutor.java:298)
	at com.kms.katalon.core.main.TestCaseExecutor.accessMainPhase(TestCaseExecutor.java:290)
	at com.kms.katalon.core.main.TestCaseExecutor.execute(TestCaseExecutor.java:224)
	at com.kms.katalon.core.main.TestSuiteExecutor.accessTestCaseMainPhase(TestSuiteExecutor.java:129)
	at com.kms.katalon.core.main.TestSuiteExecutor.accessTestSuiteMainPhase(TestSuiteExecutor.java:112)
	at com.kms.katalon.core.main.TestSuiteExecutor.execute(TestSuiteExecutor.java:81)
	at com.kms.katalon.core.main.TestCaseMain.startTestSuite(TestCaseMain.java:149)
	at com.kms.katalon.core.main.TestCaseMain$startTestSuite$0.call(Unknown Source)
	at TempTestSuite1561551575260.run(TempTestSuite1561551575260.groovy:36)]]></system-out>
         <system-err><![CDATA[2019-06-26 17:36:52 - [TEST_CASE][FAILED] - Test Cases/listing department: Test Cases/listing department FAILED.
Reason:
com.kms.katalon.core.exception.StepFailedException: Unable to click on object 'Object Repository/listing/Page_Chiragh.com Admin/a_ 7 Days_fas fa-user-circle d' (Root cause: org.openqa.selenium.WebDriverException: chrome not reachable
  (Session info: chrome=75.0.3770.100)
  (Driver info: chromedriver=2.43.600210 (68dcf5eebde37173d4027fa8635e332711d2874a),platform=Windows NT 10.0.17134 x86_64) (WARNING: The server did not provide any stacktrace information)
Command duration or timeout: 0 milliseconds
Build info: version: '3.7.1', revision: '8a0099a', time: '2017-11-06T21:07:36.161Z'
System info: host: 'DESKTOP-2D7LI1O', ip: '192.168.18.31', os.name: 'Windows 10', os.arch: 'amd64', os.version: '10.0', java.version: '1.8.0_181'
Driver info: com.kms.katalon.selenium.driver.CChromeDriver
Capabilities {acceptInsecureCerts: false, acceptSslCerts: false, applicationCacheEnabled: false, browserConnectionEnabled: false, browserName: chrome, chrome: {chromedriverVersion: 2.43.600210 (68dcf5eebde371..., userDataDir: C:\Users\HP\AppData\Local\T...}, cssSelectorsEnabled: true, databaseEnabled: false, goog:chromeOptions: {debuggerAddress: localhost:61609}, handlesAlerts: true, hasTouchScreen: false, javascriptEnabled: true, locationContextEnabled: true, mobileEmulationEnabled: false, nativeEvents: true, networkConnectionEnabled: false, pageLoadStrategy: normal, platform: XP, platformName: XP, rotatable: false, setWindowRect: true, takesHeapSnapshot: true, takesScreenshot: true, unexpectedAlertBehaviour: , unhandledPromptBehavior: , version: 75.0.3770.100, webStorageEnabled: true}
Session ID: 8c3e4e02066fee064ee533d7b18fa104
*** Element info: {Using=xpath, value=/html/body/app-root/app-layout/div/app-listing/app-hod/app-new-leads/section/div/div/div/div/table/tbody/tr[1]/td[8]/div/div/a})
	at com.kms.katalon.core.keyword.internal.KeywordMain.stepFailed(KeywordMain.groovy:36)
	at com.kms.katalon.core.webui.keyword.internal.WebUIKeywordMain.stepFailed(WebUIKeywordMain.groovy:65)
	at com.kms.katalon.core.webui.keyword.internal.WebUIKeywordMain.runKeyword(WebUIKeywordMain.groovy:27)
	at com.kms.katalon.core.webui.keyword.builtin.ClickKeyword.click(ClickKeyword.groovy:86)
	at com.kms.katalon.core.webui.keyword.builtin.ClickKeyword.execute(ClickKeyword.groovy:67)
	at com.kms.katalon.core.keyword.internal.KeywordExecutor.executeKeywordForPlatform(KeywordExecutor.groovy:53)
	at com.kms.katalon.core.webui.keyword.WebUiBuiltInKeywords.click(WebUiBuiltInKeywords.groovy:616)
	at com.kms.katalon.core.webui.keyword.WebUiBuiltInKeywords$click$3.call(Unknown Source)
	at listing department.run(listing department:34)
	at com.kms.katalon.core.main.ScriptEngine.run(ScriptEngine.java:194)
	at com.kms.katalon.core.main.ScriptEngine.runScriptAsRawText(ScriptEngine.java:119)
	at com.kms.katalon.core.main.TestCaseExecutor.runScript(TestCaseExecutor.java:328)
	at com.kms.katalon.core.main.TestCaseExecutor.doExecute(TestCaseExecutor.java:319)
	at com.kms.katalon.core.main.TestCaseExecutor.processExecutionPhase(TestCaseExecutor.java:298)
	at com.kms.katalon.core.main.TestCaseExecutor.accessMainPhase(TestCaseExecutor.java:290)
	at com.kms.katalon.core.main.TestCaseExecutor.execute(TestCaseExecutor.java:224)
	at com.kms.katalon.core.main.TestSuiteExecutor.accessTestCaseMainPhase(TestSuiteExecutor.java:129)
	at com.kms.katalon.core.main.TestSuiteExecutor.accessTestSuiteMainPhase(TestSuiteExecutor.java:112)
	at com.kms.katalon.core.main.TestSuiteExecutor.execute(TestSuiteExecutor.java:81)
	at com.kms.katalon.core.main.TestCaseMain.startTestSuite(TestCaseMain.java:149)
	at com.kms.katalon.core.main.TestCaseMain$startTestSuite$0.call(Unknown Source)
	at TempTestSuite1561551575260.run(TempTestSuite1561551575260.groovy:36)]]></system-err>
      </testcase>
      <system-out><![CDATA[2019-06-26 17:19:44 - [TEST_SUITE][FAILED] - AdminCompleteFlow: Test Cases/brokerage department FAILED.
Reason:
com.kms.katalon.core.exception.StepFailedException: Unable to click on object 'Object Repository/brokerage department/Page_Chiragh.com Admin/i_Call Seller_fas fa-calendar-' (Root cause: com.kms.katalon.core.webui.exception.WebElementNotFoundException: Web element with id: 'Object Repository/brokerage department/Page_Chiragh.com Admin/i_Call Seller_fas fa-calendar-' located by 'By.xpath: /html/body/app-root/app-layout/div/app-brokerage/app-agent/app-seller/app-myleads/section/div/div/div/div/table/tbody/tr[1]/td[7]/a/i' not found)
	at com.kms.katalon.core.keyword.internal.KeywordMain.stepFailed(KeywordMain.groovy:36)
	at com.kms.katalon.core.webui.keyword.internal.WebUIKeywordMain.stepFailed(WebUIKeywordMain.groovy:65)
	at com.kms.katalon.core.webui.keyword.internal.WebUIKeywordMain.runKeyword(WebUIKeywordMain.groovy:27)
	at com.kms.katalon.core.webui.keyword.builtin.ClickKeyword.click(ClickKeyword.groovy:86)
	at com.kms.katalon.core.webui.keyword.builtin.ClickKeyword.execute(ClickKeyword.groovy:67)
	at com.kms.katalon.core.keyword.internal.KeywordExecutor.executeKeywordForPlatform(KeywordExecutor.groovy:53)
	at com.kms.katalon.core.webui.keyword.WebUiBuiltInKeywords.click(WebUiBuiltInKeywords.groovy:616)
	at com.kms.katalon.core.webui.keyword.WebUiBuiltInKeywords$click$3.call(Unknown Source)
	at brokerage department.run(brokerage department:231)
	at com.kms.katalon.core.main.ScriptEngine.run(ScriptEngine.java:194)
	at com.kms.katalon.core.main.ScriptEngine.runScriptAsRawText(ScriptEngine.java:119)
	at com.kms.katalon.core.main.TestCaseExecutor.runScript(TestCaseExecutor.java:328)
	at com.kms.katalon.core.main.TestCaseExecutor.doExecute(TestCaseExecutor.java:319)
	at com.kms.katalon.core.main.TestCaseExecutor.processExecutionPhase(TestCaseExecutor.java:298)
	at com.kms.katalon.core.main.TestCaseExecutor.accessMainPhase(TestCaseExecutor.java:290)
	at com.kms.katalon.core.main.TestCaseExecutor.execute(TestCaseExecutor.java:224)
	at com.kms.katalon.core.main.TestSuiteExecutor.accessTestCaseMainPhase(TestSuiteExecutor.java:129)
	at com.kms.katalon.core.main.TestSuiteExecutor.accessTestSuiteMainPhase(TestSuiteExecutor.java:112)
	at com.kms.katalon.core.main.TestSuiteExecutor.execute(TestSuiteExecutor.java:81)
	at com.kms.katalon.core.main.TestCaseMain.startTestSuite(TestCaseMain.java:149)
	at com.kms.katalon.core.main.TestCaseMain$startTestSuite$0.call(Unknown Source)
	at TempTestSuite1561551575260.run(TempTestSuite1561551575260.groovy:36)]]></system-out>
      <system-err><![CDATA[2019-06-26 17:19:44 - [TEST_SUITE][FAILED] - AdminCompleteFlow: Test Cases/brokerage department FAILED.
Reason:
com.kms.katalon.core.exception.StepFailedException: Unable to click on object 'Object Repository/brokerage department/Page_Chiragh.com Admin/i_Call Seller_fas fa-calendar-' (Root cause: com.kms.katalon.core.webui.exception.WebElementNotFoundException: Web element with id: 'Object Repository/brokerage department/Page_Chiragh.com Admin/i_Call Seller_fas fa-calendar-' located by 'By.xpath: /html/body/app-root/app-layout/div/app-brokerage/app-agent/app-seller/app-myleads/section/div/div/div/div/table/tbody/tr[1]/td[7]/a/i' not found)
	at com.kms.katalon.core.keyword.internal.KeywordMain.stepFailed(KeywordMain.groovy:36)
	at com.kms.katalon.core.webui.keyword.internal.WebUIKeywordMain.stepFailed(WebUIKeywordMain.groovy:65)
	at com.kms.katalon.core.webui.keyword.internal.WebUIKeywordMain.runKeyword(WebUIKeywordMain.groovy:27)
	at com.kms.katalon.core.webui.keyword.builtin.ClickKeyword.click(ClickKeyword.groovy:86)
	at com.kms.katalon.core.webui.keyword.builtin.ClickKeyword.execute(ClickKeyword.groovy:67)
	at com.kms.katalon.core.keyword.internal.KeywordExecutor.executeKeywordForPlatform(KeywordExecutor.groovy:53)
	at com.kms.katalon.core.webui.keyword.WebUiBuiltInKeywords.click(WebUiBuiltInKeywords.groovy:616)
	at com.kms.katalon.core.webui.keyword.WebUiBuiltInKeywords$click$3.call(Unknown Source)
	at brokerage department.run(brokerage department:231)
	at com.kms.katalon.core.main.ScriptEngine.run(ScriptEngine.java:194)
	at com.kms.katalon.core.main.ScriptEngine.runScriptAsRawText(ScriptEngine.java:119)
	at com.kms.katalon.core.main.TestCaseExecutor.runScript(TestCaseExecutor.java:328)
	at com.kms.katalon.core.main.TestCaseExecutor.doExecute(TestCaseExecutor.java:319)
	at com.kms.katalon.core.main.TestCaseExecutor.processExecutionPhase(TestCaseExecutor.java:298)
	at com.kms.katalon.core.main.TestCaseExecutor.accessMainPhase(TestCaseExecutor.java:290)
	at com.kms.katalon.core.main.TestCaseExecutor.execute(TestCaseExecutor.java:224)
	at com.kms.katalon.core.main.TestSuiteExecutor.accessTestCaseMainPhase(TestSuiteExecutor.java:129)
	at com.kms.katalon.core.main.TestSuiteExecutor.accessTestSuiteMainPhase(TestSuiteExecutor.java:112)
	at com.kms.katalon.core.main.TestSuiteExecutor.execute(TestSuiteExecutor.java:81)
	at com.kms.katalon.core.main.TestCaseMain.startTestSuite(TestCaseMain.java:149)
	at com.kms.katalon.core.main.TestCaseMain$startTestSuite$0.call(Unknown Source)
	at TempTestSuite1561551575260.run(TempTestSuite1561551575260.groovy:36)]]></system-err>
   </testsuite>
</testsuites>
