<?xml version="1.0" encoding="UTF-8"?>
<testsuites name="SanityTest" time="1441.356" tests="13" failures="1" errors="0">
   <testsuite name="SanityTest" tests="13" failures="1" errors="0" time="1441.356" timestamp="2020-06-03 17:57:28" hostname="Ihsan - DESKTOP-NBQ6B5B" id="Test Suites/SanityTests/SanityTest">
      <properties>
         <property name="deviceName" value=""/>
         <property name="devicePlatform" value=""/>
         <property name="logFolder" value="C:\\Users\\Ihsan\\git\\chiraghAdminPanel\\Reports\\20200603_175719\\SanityTests\\SanityTest\\20200603_175719"/>
         <property name="logFiles" value="C:\\Users\\Ihsan\\git\\chiraghAdminPanel\\Reports\\20200603_175719\\SanityTests\\SanityTest\\20200603_175719\\execution0.log"/>
         <property name="attachments" value="C:\\Users\\Ihsan\\git\\chiraghAdminPanel\\Reports\\20200603_175719\\SanityTests\\SanityTest\\20200603_175719/videos\\test_1.mov, C:\\Users\\Ihsan\\git\\chiraghAdminPanel\\Reports\\20200603_175719\\SanityTests\\SanityTest\\20200603_175719/videos\\test_2.mov, C:\\Users\\Ihsan\\git\\chiraghAdminPanel\\Reports\\20200603_175719\\SanityTests\\SanityTest\\20200603_175719/videos\\test_3.mov, C:\\Users\\Ihsan\\git\\chiraghAdminPanel\\Reports\\20200603_175719\\SanityTests\\SanityTest\\20200603_175719/videos\\test_4.mov, C:\\Users\\Ihsan\\git\\chiraghAdminPanel\\Reports\\20200603_175719\\SanityTests\\SanityTest\\20200603_175719/videos\\test_5.mov, C:\\Users\\Ihsan\\git\\chiraghAdminPanel\\Reports\\20200603_175719\\SanityTests\\SanityTest\\20200603_175719/videos\\test_6.mov, C:\\Users\\Ihsan\\git\\chiraghAdminPanel\\Reports\\20200603_175719\\SanityTests\\SanityTest\\20200603_175719/videos\\test_7.mov, C:\\Users\\Ihsan\\git\\chiraghAdminPanel\\Reports\\20200603_175719\\SanityTests\\SanityTest\\20200603_175719/videos\\test_8.mov, C:\\Users\\Ihsan\\git\\chiraghAdminPanel\\Reports\\20200603_175719\\SanityTests\\SanityTest\\20200603_175719\\1591190188385.png, C:\\Users\\Ihsan\\git\\chiraghAdminPanel\\Reports\\20200603_175719\\SanityTests\\SanityTest\\20200603_175719/videos\\test_9.mov, C:\\Users\\Ihsan\\git\\chiraghAdminPanel\\Reports\\20200603_175719\\SanityTests\\SanityTest\\20200603_175719/videos\\test_10.mov, C:\\Users\\Ihsan\\git\\chiraghAdminPanel\\Reports\\20200603_175719\\SanityTests\\SanityTest\\20200603_175719/videos\\test_11.mov, C:\\Users\\Ihsan\\git\\chiraghAdminPanel\\Reports\\20200603_175719\\SanityTests\\SanityTest\\20200603_175719/videos\\test_12.mov, C:\\Users\\Ihsan\\git\\chiraghAdminPanel\\Reports\\20200603_175719\\SanityTests\\SanityTest\\20200603_175719/videos\\test_13.mov"/>
         <property name="hostName" value="Ihsan - DESKTOP-NBQ6B5B"/>
         <property name="os" value="Windows 10 64bit"/>
         <property name="katalonVersion" value="7.3.1.1"/>
         <property name="browser" value="Firefox 76.0"/>
         <property name="hostAddress" value="192.168.100.112"/>
         <property name="sessionId" value="4795b923-33c0-4547-b809-5eee3d5f9945"/>
         <property name="seleniumVersion" value="3.141.59"/>
         <property name="proxyInformation" value="ProxyInformation{proxyOption=NO_PROXY, proxyServerType=HTTP, password=, proxyServerAddress=, proxyServerPort=0, executionList=}"/>
         <property name="platform" value="Windows 10"/>
      </properties>
      <testcase name="Test Cases/Sanity Tests/Buy_ Wallet_AddMyAccount_EUR_44" time="103.305" classname="Test Cases/Sanity Tests/Buy_ Wallet_AddMyAccount_EUR_44" status="PASSED">
         <system-out><![CDATA[2020-06-03 17:57:29 - [TEST_CASE][PASSED] - Test Cases/Sanity Tests/Buy_ Wallet_AddMyAccount_EUR_44: Test Cases/Sanity Tests/Buy_ Wallet_AddMyAccount_EUR_44

2020-06-03 17:57:30 - [TEST_STEP][PASSED] - openBrowser(""): Browser is opened with url: ''

2020-06-03 17:57:30 - [MESSAGE][INFO] - Starting 'Firefox' driver

2020-06-03 17:57:31 - [MESSAGE][INFO] - Action delay is set to 0 milliseconds

2020-06-03 17:57:38 - [MESSAGE][PASSED] - Browser is opened with url: ''

2020-06-03 17:57:38 - [TEST_STEP][PASSED] - navigateToUrl(Url): Navigate to 'http://test.chiragh.com' successfully

2020-06-03 17:57:55 - [MESSAGE][PASSED] - Navigate to 'http://test.chiragh.com' successfully

2020-06-03 17:57:55 - [TEST_STEP][PASSED] - waitForPageLoad(15): Wait for page load successfully

2020-06-03 17:57:56 - [MESSAGE][PASSED] - Wait for page load successfully

2020-06-03 17:57:56 - [TEST_STEP][PASSED] - maximizeWindow(): Current window maximized

2020-06-03 17:57:56 - [MESSAGE][PASSED] - Current window maximized

2020-06-03 17:57:56 - [TEST_STEP][PASSED] - delay(3): Delayed 3 second(s)

2020-06-03 17:57:59 - [MESSAGE][PASSED] - Delayed 3 second(s)

2020-06-03 17:57:59 - [TEST_STEP][PASSED] - click(findTestObject("Object Repository/Front End Objects/MyBankAccount(Create)/Page_Chiragh - Home/a_ENG_dropdownMenuLink")): Object: 'Object Repository/Front End Objects/MyBankAccount(Create)/Page_Chiragh - Home/a_ENG_dropdownMenuLink' is clicked on

2020-06-03 17:58:00 - [MESSAGE][PASSED] - Object: 'Object Repository/Front End Objects/MyBankAccount(Create)/Page_Chiragh - Home/a_ENG_dropdownMenuLink' is clicked on

2020-06-03 17:58:00 - [TEST_STEP][PASSED] - click(findTestObject("Object Repository/Front End Objects/MyBankAccount(Create)/Page_Chiragh - Home/a_Login")): Object: 'Object Repository/Front End Objects/MyBankAccount(Create)/Page_Chiragh - Home/a_Login' is clicked on

2020-06-03 17:58:00 - [MESSAGE][PASSED] - Object: 'Object Repository/Front End Objects/MyBankAccount(Create)/Page_Chiragh - Home/a_Login' is clicked on

2020-06-03 17:58:00 - [TEST_STEP][PASSED] - setText(findTestObject("Object Repository/Front End Objects/MyBankAccount(Create)/Page_Chiragh - Login/input_Username_un"), userName): Text 'AUTOCHIRAGH' is set on object 'Object Repository/Front End Objects/MyBankAccount(Create)/Page_Chiragh - Login/input_Username_un'

2020-06-03 17:58:01 - [MESSAGE][PASSED] - Text 'AUTOCHIRAGH' is set on object 'Object Repository/Front End Objects/MyBankAccount(Create)/Page_Chiragh - Login/input_Username_un'

2020-06-03 17:58:01 - [TEST_STEP][PASSED] - setEncryptedText(findTestObject("Object Repository/Front End Objects/MyBankAccount(Create)/Page_Chiragh - Login/input_Password_userPassword"), "RigbBhfdqOBDK95asqKeHw=="): Text ****** has been set on object 'Object Repository/Front End Objects/MyBankAccount(Create)/Page_Chiragh - Login/input_Password_userPassword'

2020-06-03 17:58:02 - [MESSAGE][PASSED] - Text ****** has been set on object 'Object Repository/Front End Objects/MyBankAccount(Create)/Page_Chiragh - Login/input_Password_userPassword'

2020-06-03 17:58:02 - [TEST_STEP][PASSED] - delay(2): Delayed 2 second(s)

2020-06-03 17:58:04 - [MESSAGE][PASSED] - Delayed 2 second(s)

2020-06-03 17:58:04 - [TEST_STEP][PASSED] - click(findTestObject("Object Repository/Front End Objects/MyBankAccount(Create)/Page_Chiragh - Login/button_Log In")): Object: 'Object Repository/Front End Objects/MyBankAccount(Create)/Page_Chiragh - Login/button_Log In' is clicked on

2020-06-03 17:58:04 - [MESSAGE][PASSED] - Object: 'Object Repository/Front End Objects/MyBankAccount(Create)/Page_Chiragh - Login/button_Log In' is clicked on

2020-06-03 17:58:04 - [TEST_STEP][PASSED] - delay(1): Delayed 1 second(s)

2020-06-03 17:58:06 - [MESSAGE][PASSED] - Delayed 1 second(s)

2020-06-03 17:58:06 - [TEST_STEP][PASSED] - click(findTestObject("Object Repository/Front End Objects/MyBankAccount(Create)/Page_Chiragh - Home/a_ENG_dropdownMenuLink")): Object: 'Object Repository/Front End Objects/MyBankAccount(Create)/Page_Chiragh - Home/a_ENG_dropdownMenuLink' is clicked on

2020-06-03 17:58:08 - [MESSAGE][PASSED] - Object: 'Object Repository/Front End Objects/MyBankAccount(Create)/Page_Chiragh - Home/a_ENG_dropdownMenuLink' is clicked on

2020-06-03 17:58:08 - [TEST_STEP][PASSED] - click(findTestObject("Object Repository/Front End Objects/MyBankAccount(Create)/Page_Chiragh - Home/a_HI AutoChiragh")): Object: 'Object Repository/Front End Objects/MyBankAccount(Create)/Page_Chiragh - Home/a_HI AutoChiragh' is clicked on

2020-06-03 17:58:08 - [MESSAGE][PASSED] - Object: 'Object Repository/Front End Objects/MyBankAccount(Create)/Page_Chiragh - Home/a_HI AutoChiragh' is clicked on

2020-06-03 17:58:08 - [TEST_STEP][PASSED] - delay(3): Delayed 3 second(s)

2020-06-03 17:58:11 - [MESSAGE][PASSED] - Delayed 3 second(s)

2020-06-03 17:58:11 - [TEST_STEP][PASSED] - click(findTestObject("Object Repository/Front End Objects/MyBankAccount(Create)/Page_Chiragh - Dashborad Home/b_Go to Wallet")): Object: 'Object Repository/Front End Objects/MyBankAccount(Create)/Page_Chiragh - Dashborad Home/b_Go to Wallet' is clicked on

2020-06-03 17:58:12 - [MESSAGE][PASSED] - Object: 'Object Repository/Front End Objects/MyBankAccount(Create)/Page_Chiragh - Dashborad Home/b_Go to Wallet' is clicked on

2020-06-03 17:58:12 - [TEST_STEP][PASSED] - click(findTestObject("Object Repository/Front End Objects/MyBankAccount(Create)/Page_Chiragh - User Account Summary/a_My Bank Accounts")): Object: 'Object Repository/Front End Objects/MyBankAccount(Create)/Page_Chiragh - User Account Summary/a_My Bank Accounts' is clicked on

2020-06-03 17:58:16 - [MESSAGE][PASSED] - Object: 'Object Repository/Front End Objects/MyBankAccount(Create)/Page_Chiragh - User Account Summary/a_My Bank Accounts' is clicked on

2020-06-03 17:58:16 - [TEST_STEP][PASSED] - delay(1): Delayed 1 second(s)

2020-06-03 17:58:17 - [MESSAGE][PASSED] - Delayed 1 second(s)

2020-06-03 17:58:17 - [TEST_STEP][PASSED] - click(findTestObject("Object Repository/Front End Objects/MyBankAccount(Create)/Page_Chiragh - My Bank Accounts/svg_My Bank Accounts_svg-inline--fa fa-plus_86c403")): Object: 'Object Repository/Front End Objects/MyBankAccount(Create)/Page_Chiragh - My Bank Accounts/svg_My Bank Accounts_svg-inline--fa fa-plus_86c403' is clicked on

2020-06-03 17:58:18 - [MESSAGE][PASSED] - Object: 'Object Repository/Front End Objects/MyBankAccount(Create)/Page_Chiragh - My Bank Accounts/svg_My Bank Accounts_svg-inline--fa fa-plus_86c403' is clicked on

2020-06-03 17:58:18 - [TEST_STEP][PASSED] - scrollToElement(findTestObject("Object Repository/Front End Objects/MyBankAccount(Create)/Page_Chiragh - My Bank Accounts/label_Currency"), 3): Scroll to object 'Object Repository/Front End Objects/MyBankAccount(Create)/Page_Chiragh - My Bank Accounts/label_Currency' successfully

2020-06-03 17:58:18 - [MESSAGE][PASSED] - Scroll to object 'Object Repository/Front End Objects/MyBankAccount(Create)/Page_Chiragh - My Bank Accounts/label_Currency' successfully

2020-06-03 17:58:18 - [TEST_STEP][PASSED] - selectOptionByValue(findTestObject("Object Repository/Front End Objects/MyBankAccount(Create)/Page_Chiragh - My Bank Accounts/select_Select CurrencyUSDAEDEUR"), "3", true): All options with value '3' are selected in object 'Object Repository/Front End Objects/MyBankAccount(Create)/Page_Chiragh - My Bank Accounts/select_Select CurrencyUSDAEDEUR'  using regular expression

2020-06-03 17:58:20 - [MESSAGE][PASSED] - All options with value '3' are selected in object 'Object Repository/Front End Objects/MyBankAccount(Create)/Page_Chiragh - My Bank Accounts/select_Select CurrencyUSDAEDEUR'  using regular expression

2020-06-03 17:58:20 - [TEST_STEP][PASSED] - setText(findTestObject("Object Repository/Front End Objects/MyBankAccount(Create)/Page_Chiragh - My Bank Accounts/input_Account Name_accountTitle"), "@@@@@@@@"): Text '@@@@@@@@' is set on object 'Object Repository/Front End Objects/MyBankAccount(Create)/Page_Chiragh - My Bank Accounts/input_Account Name_accountTitle'

2020-06-03 17:58:21 - [MESSAGE][PASSED] - Text '@@@@@@@@' is set on object 'Object Repository/Front End Objects/MyBankAccount(Create)/Page_Chiragh - My Bank Accounts/input_Account Name_accountTitle'

2020-06-03 17:58:21 - [TEST_STEP][PASSED] - accountName = getText(findTestObject("Sanity Test/MybankAccount/Page_Chiragh - My Bank Accounts/div_Account Name is not valid")): Text of object 'Object Repository/Sanity Test/MybankAccount/Page_Chiragh - My Bank Accounts/div_Account Name is not valid' is: 'Account Name is not valid!'

2020-06-03 17:58:22 - [MESSAGE][PASSED] - Text of object 'Object Repository/Sanity Test/MybankAccount/Page_Chiragh - My Bank Accounts/div_Account Name is not valid' is: 'Account Name is not valid!'

2020-06-03 17:58:22 - [TEST_STEP][PASSED] - com.sanitytest.com.HandleErrorMessage.verifyErrorMessage(accountName, "Account Name is not valid!"): com.sanitytest.com.HandleErrorMessage.verifyErrorMessage is PASSED

2020-06-03 17:58:22 - [MESSAGE][PASSED] - Actual object 'Account Name is not valid!' and expected object 'Account Name is not valid!' are equal

2020-06-03 17:58:22 - [MESSAGE][PASSED] - Actual object 'Account Name is not valid!' and expected object 'Account Name is not valid!' are equal

2020-06-03 17:58:22 - [MESSAGE][PASSED] - com.sanitytest.com.HandleErrorMessage.verifyErrorMessage is PASSED

2020-06-03 17:58:22 - [TEST_STEP][PASSED] - delay(2): Delayed 2 second(s)

2020-06-03 17:58:24 - [MESSAGE][PASSED] - Delayed 2 second(s)

2020-06-03 17:58:24 - [TEST_STEP][PASSED] - setText(findTestObject("Object Repository/Front End Objects/MyBankAccount(Create)/Page_Chiragh - My Bank Accounts/input_IBAN_accIbanNumber"), "@@@@@@@0989"): Text '@@@@@@@0989' is set on object 'Object Repository/Front End Objects/MyBankAccount(Create)/Page_Chiragh - My Bank Accounts/input_IBAN_accIbanNumber'

2020-06-03 17:58:25 - [MESSAGE][PASSED] - Text '@@@@@@@0989' is set on object 'Object Repository/Front End Objects/MyBankAccount(Create)/Page_Chiragh - My Bank Accounts/input_IBAN_accIbanNumber'

2020-06-03 17:58:25 - [TEST_STEP][PASSED] - IbanNo = getText(findTestObject("Sanity Test/MybankAccount/Page_Chiragh - My Bank Accounts/div_IBAN is not valid")): Text of object 'Object Repository/Sanity Test/MybankAccount/Page_Chiragh - My Bank Accounts/div_IBAN is not valid' is: 'IBAN is not valid!'

2020-06-03 17:58:25 - [MESSAGE][PASSED] - Text of object 'Object Repository/Sanity Test/MybankAccount/Page_Chiragh - My Bank Accounts/div_IBAN is not valid' is: 'IBAN is not valid!'

2020-06-03 17:58:25 - [TEST_STEP][PASSED] - com.sanitytest.com.HandleErrorMessage.verifyErrorMessage(IbanNo, "IBAN is not valid!"): com.sanitytest.com.HandleErrorMessage.verifyErrorMessage is PASSED

2020-06-03 17:58:25 - [MESSAGE][PASSED] - Actual object 'IBAN is not valid!' and expected object 'IBAN is not valid!' are equal

2020-06-03 17:58:25 - [MESSAGE][PASSED] - Actual object 'IBAN is not valid!' and expected object 'IBAN is not valid!' are equal

2020-06-03 17:58:25 - [MESSAGE][PASSED] - com.sanitytest.com.HandleErrorMessage.verifyErrorMessage is PASSED

2020-06-03 17:58:25 - [TEST_STEP][PASSED] - delay(2): Delayed 2 second(s)

2020-06-03 17:58:27 - [MESSAGE][PASSED] - Delayed 2 second(s)

2020-06-03 17:58:27 - [TEST_STEP][PASSED] - setText(findTestObject("Object Repository/Front End Objects/MyBankAccount(Create)/Page_Chiragh - My Bank Accounts/input_Account No_accountNumber"), "8855@@@@@"): Text '8855@@@@@' is set on object 'Object Repository/Front End Objects/MyBankAccount(Create)/Page_Chiragh - My Bank Accounts/input_Account No_accountNumber'

2020-06-03 17:58:28 - [MESSAGE][PASSED] - Text '8855@@@@@' is set on object 'Object Repository/Front End Objects/MyBankAccount(Create)/Page_Chiragh - My Bank Accounts/input_Account No_accountNumber'

2020-06-03 17:58:28 - [TEST_STEP][PASSED] - accountNo = getText(findTestObject("Sanity Test/MybankAccount/Page_Chiragh - My Bank Accounts/div_Account No is not valid")): Text of object 'Object Repository/Sanity Test/MybankAccount/Page_Chiragh - My Bank Accounts/div_Account No is not valid' is: 'Account No is not valid!'

2020-06-03 17:58:29 - [MESSAGE][PASSED] - Text of object 'Object Repository/Sanity Test/MybankAccount/Page_Chiragh - My Bank Accounts/div_Account No is not valid' is: 'Account No is not valid!'

2020-06-03 17:58:29 - [TEST_STEP][PASSED] - com.sanitytest.com.HandleErrorMessage.verifyErrorMessage(accountNo, "Account No is not valid!"): com.sanitytest.com.HandleErrorMessage.verifyErrorMessage is PASSED

2020-06-03 17:58:29 - [MESSAGE][PASSED] - Actual object 'Account No is not valid!' and expected object 'Account No is not valid!' are equal

2020-06-03 17:58:29 - [MESSAGE][PASSED] - Actual object 'Account No is not valid!' and expected object 'Account No is not valid!' are equal

2020-06-03 17:58:29 - [MESSAGE][PASSED] - com.sanitytest.com.HandleErrorMessage.verifyErrorMessage is PASSED

2020-06-03 17:58:29 - [TEST_STEP][PASSED] - delay(2): Delayed 2 second(s)

2020-06-03 17:58:31 - [MESSAGE][PASSED] - Delayed 2 second(s)

2020-06-03 17:58:31 - [TEST_STEP][PASSED] - setText(findTestObject("Object Repository/Front End Objects/MyBankAccount(Create)/Page_Chiragh - My Bank Accounts/input_Account Name_accountTitle"), "8855@@@@@"): Text '8855@@@@@' is set on object 'Object Repository/Front End Objects/MyBankAccount(Create)/Page_Chiragh - My Bank Accounts/input_Account Name_accountTitle'

2020-06-03 17:58:31 - [MESSAGE][PASSED] - Text '8855@@@@@' is set on object 'Object Repository/Front End Objects/MyBankAccount(Create)/Page_Chiragh - My Bank Accounts/input_Account Name_accountTitle'

2020-06-03 17:58:31 - [TEST_STEP][PASSED] - title = getText(findTestObject("Sanity Test/MybankAccount/Page_Chiragh - My Bank Accounts/div_Account Name is not valid")): Text of object 'Object Repository/Sanity Test/MybankAccount/Page_Chiragh - My Bank Accounts/div_Account Name is not valid' is: 'Account Name is not valid!'

2020-06-03 17:58:32 - [MESSAGE][PASSED] - Text of object 'Object Repository/Sanity Test/MybankAccount/Page_Chiragh - My Bank Accounts/div_Account Name is not valid' is: 'Account Name is not valid!'

2020-06-03 17:58:32 - [TEST_STEP][PASSED] - com.sanitytest.com.HandleErrorMessage.verifyErrorMessage(title, "Account Name is not valid!"): com.sanitytest.com.HandleErrorMessage.verifyErrorMessage is PASSED

2020-06-03 17:58:32 - [MESSAGE][PASSED] - Actual object 'Account Name is not valid!' and expected object 'Account Name is not valid!' are equal

2020-06-03 17:58:32 - [MESSAGE][PASSED] - Actual object 'Account Name is not valid!' and expected object 'Account Name is not valid!' are equal

2020-06-03 17:58:32 - [MESSAGE][PASSED] - com.sanitytest.com.HandleErrorMessage.verifyErrorMessage is PASSED

2020-06-03 17:58:32 - [TEST_STEP][PASSED] - delay(2): Delayed 2 second(s)

2020-06-03 17:58:34 - [MESSAGE][PASSED] - Delayed 2 second(s)

2020-06-03 17:58:34 - [TEST_STEP][PASSED] - setText(findTestObject("Object Repository/Front End Objects/MyBankAccount(Create)/Page_Chiragh - My Bank Accounts/input_Acct Holder Address_address"), "@@889557766HHGHGGGHG"): Text '@@889557766HHGHGGGHG' is set on object 'Object Repository/Front End Objects/MyBankAccount(Create)/Page_Chiragh - My Bank Accounts/input_Acct Holder Address_address'

2020-06-03 17:58:35 - [MESSAGE][PASSED] - Text '@@889557766HHGHGGGHG' is set on object 'Object Repository/Front End Objects/MyBankAccount(Create)/Page_Chiragh - My Bank Accounts/input_Acct Holder Address_address'

2020-06-03 17:58:35 - [TEST_STEP][PASSED] - delay(2): Delayed 2 second(s)

2020-06-03 17:58:37 - [MESSAGE][PASSED] - Delayed 2 second(s)

2020-06-03 17:58:37 - [TEST_STEP][PASSED] - setText(findTestObject("Object Repository/Front End Objects/MyBankAccount(Create)/Page_Chiragh - My Bank Accounts/input_Bank Name_bankName"), "8855@@@@@"): Text '8855@@@@@' is set on object 'Object Repository/Front End Objects/MyBankAccount(Create)/Page_Chiragh - My Bank Accounts/input_Bank Name_bankName'

2020-06-03 17:58:38 - [MESSAGE][PASSED] - Text '8855@@@@@' is set on object 'Object Repository/Front End Objects/MyBankAccount(Create)/Page_Chiragh - My Bank Accounts/input_Bank Name_bankName'

2020-06-03 17:58:38 - [TEST_STEP][PASSED] - bankName = getText(findTestObject("Sanity Test/MybankAccount/Page_Chiragh - My Bank Accounts/div_Bank name is not valid")): Text of object 'Object Repository/Sanity Test/MybankAccount/Page_Chiragh - My Bank Accounts/div_Bank name is not valid' is: 'Bank name is not valid!'

2020-06-03 17:58:39 - [MESSAGE][PASSED] - Text of object 'Object Repository/Sanity Test/MybankAccount/Page_Chiragh - My Bank Accounts/div_Bank name is not valid' is: 'Bank name is not valid!'

2020-06-03 17:58:39 - [TEST_STEP][PASSED] - com.sanitytest.com.HandleErrorMessage.verifyErrorMessage(bankName, "Bank name is not valid!"): com.sanitytest.com.HandleErrorMessage.verifyErrorMessage is PASSED

2020-06-03 17:58:39 - [MESSAGE][PASSED] - Actual object 'Bank name is not valid!' and expected object 'Bank name is not valid!' are equal

2020-06-03 17:58:39 - [MESSAGE][PASSED] - Actual object 'Bank name is not valid!' and expected object 'Bank name is not valid!' are equal

2020-06-03 17:58:39 - [MESSAGE][PASSED] - com.sanitytest.com.HandleErrorMessage.verifyErrorMessage is PASSED

2020-06-03 17:58:39 - [TEST_STEP][PASSED] - delay(2): Delayed 2 second(s)

2020-06-03 17:58:41 - [MESSAGE][PASSED] - Delayed 2 second(s)

2020-06-03 17:58:41 - [TEST_STEP][PASSED] - setText(findTestObject("Object Repository/Front End Objects/MyBankAccount(Create)/Page_Chiragh - My Bank Accounts/input_Bank Branch Address_branchName"), "@@@@@@@@$"): Text '@@@@@@@@$' is set on object 'Object Repository/Front End Objects/MyBankAccount(Create)/Page_Chiragh - My Bank Accounts/input_Bank Branch Address_branchName'

2020-06-03 17:58:42 - [MESSAGE][PASSED] - Text '@@@@@@@@$' is set on object 'Object Repository/Front End Objects/MyBankAccount(Create)/Page_Chiragh - My Bank Accounts/input_Bank Branch Address_branchName'

2020-06-03 17:58:42 - [TEST_STEP][PASSED] - bankaddress = getText(findTestObject("Sanity Test/MybankAccount/Page_Chiragh - My Bank Accounts/div_Bank Branch Address is not valid")): Text of object 'Object Repository/Sanity Test/MybankAccount/Page_Chiragh - My Bank Accounts/div_Bank Branch Address is not valid' is: 'Bank Branch Address is not valid!'

2020-06-03 17:58:42 - [MESSAGE][PASSED] - Text of object 'Object Repository/Sanity Test/MybankAccount/Page_Chiragh - My Bank Accounts/div_Bank Branch Address is not valid' is: 'Bank Branch Address is not valid!'

2020-06-03 17:58:42 - [TEST_STEP][PASSED] - com.sanitytest.com.HandleErrorMessage.verifyErrorMessage(bankaddress, "Bank Branch Address is not valid!"): com.sanitytest.com.HandleErrorMessage.verifyErrorMessage is PASSED

2020-06-03 17:58:42 - [MESSAGE][PASSED] - Actual object 'Bank Branch Address is not valid!' and expected object 'Bank Branch Address is not valid!' are equal

2020-06-03 17:58:42 - [MESSAGE][PASSED] - Actual object 'Bank Branch Address is not valid!' and expected object 'Bank Branch Address is not valid!' are equal

2020-06-03 17:58:42 - [MESSAGE][PASSED] - com.sanitytest.com.HandleErrorMessage.verifyErrorMessage is PASSED

2020-06-03 17:58:42 - [TEST_STEP][PASSED] - delay(2): Delayed 2 second(s)

2020-06-03 17:58:44 - [MESSAGE][PASSED] - Delayed 2 second(s)

2020-06-03 17:58:44 - [TEST_STEP][PASSED] - setText(findTestObject("Object Repository/Front End Objects/MyBankAccount(Create)/Page_Chiragh - My Bank Accounts/input_Swift Code_accSwiftCode"), "###%%@@@9889U"): Text '###%%@@@9889U' is set on object 'Object Repository/Front End Objects/MyBankAccount(Create)/Page_Chiragh - My Bank Accounts/input_Swift Code_accSwiftCode'

2020-06-03 17:58:45 - [MESSAGE][PASSED] - Text '###%%@@@9889U' is set on object 'Object Repository/Front End Objects/MyBankAccount(Create)/Page_Chiragh - My Bank Accounts/input_Swift Code_accSwiftCode'

2020-06-03 17:58:45 - [TEST_STEP][PASSED] - swiftCode = getText(findTestObject("Sanity Test/MybankAccount/Page_Chiragh - My Bank Accounts/div_Swift code is not valid")): Text of object 'Object Repository/Sanity Test/MybankAccount/Page_Chiragh - My Bank Accounts/div_Swift code is not valid' is: 'Swift code is not valid!'

2020-06-03 17:58:45 - [MESSAGE][PASSED] - Text of object 'Object Repository/Sanity Test/MybankAccount/Page_Chiragh - My Bank Accounts/div_Swift code is not valid' is: 'Swift code is not valid!'

2020-06-03 17:58:45 - [TEST_STEP][PASSED] - com.sanitytest.com.HandleErrorMessage.verifyErrorMessage(swiftCode, "Swift code is not valid!"): com.sanitytest.com.HandleErrorMessage.verifyErrorMessage is PASSED

2020-06-03 17:58:46 - [MESSAGE][PASSED] - Actual object 'Swift code is not valid!' and expected object 'Swift code is not valid!' are equal

2020-06-03 17:58:46 - [MESSAGE][PASSED] - Actual object 'Swift code is not valid!' and expected object 'Swift code is not valid!' are equal

2020-06-03 17:58:46 - [MESSAGE][PASSED] - com.sanitytest.com.HandleErrorMessage.verifyErrorMessage is PASSED

2020-06-03 17:58:46 - [TEST_STEP][PASSED] - delay(2): Delayed 2 second(s)

2020-06-03 17:58:48 - [MESSAGE][PASSED] - Delayed 2 second(s)

2020-06-03 17:58:48 - [TEST_STEP][PASSED] - setText(findTestObject("Object Repository/Front End Objects/MyBankAccount(Create)/Page_Chiragh - My Bank Accounts/input_Correspondent Bank Name_corresponding_bf0020"), "###%%@@@9889U"): Text '###%%@@@9889U' is set on object 'Object Repository/Front End Objects/MyBankAccount(Create)/Page_Chiragh - My Bank Accounts/input_Correspondent Bank Name_corresponding_bf0020'

2020-06-03 17:58:48 - [MESSAGE][PASSED] - Text '###%%@@@9889U' is set on object 'Object Repository/Front End Objects/MyBankAccount(Create)/Page_Chiragh - My Bank Accounts/input_Correspondent Bank Name_corresponding_bf0020'

2020-06-03 17:58:48 - [TEST_STEP][PASSED] - setText(findTestObject("Object Repository/Front End Objects/MyBankAccount(Create)/Page_Chiragh - My Bank Accounts/input_Correspondent Bank Swift Code_corresp_eefb27"), "###%%@@@9889U"): Text '###%%@@@9889U' is set on object 'Object Repository/Front End Objects/MyBankAccount(Create)/Page_Chiragh - My Bank Accounts/input_Correspondent Bank Swift Code_corresp_eefb27'

2020-06-03 17:58:49 - [MESSAGE][PASSED] - Text '###%%@@@9889U' is set on object 'Object Repository/Front End Objects/MyBankAccount(Create)/Page_Chiragh - My Bank Accounts/input_Correspondent Bank Swift Code_corresp_eefb27'

2020-06-03 17:58:49 - [TEST_STEP][PASSED] - delay(6): Delayed 6 second(s)

2020-06-03 17:58:55 - [MESSAGE][PASSED] - Delayed 6 second(s)

2020-06-03 17:58:55 - [TEST_STEP][PASSED] - selectOptionByValue(findTestObject("Object Repository/Front End Objects/MyBankAccount(Create)/Page_Chiragh - My Bank Accounts/select_Select CurrencyUSDAEDEUR"), "3", true): All options with value '3' are selected in object 'Object Repository/Front End Objects/MyBankAccount(Create)/Page_Chiragh - My Bank Accounts/select_Select CurrencyUSDAEDEUR'  using regular expression

2020-06-03 17:58:56 - [MESSAGE][PASSED] - All options with value '3' are selected in object 'Object Repository/Front End Objects/MyBankAccount(Create)/Page_Chiragh - My Bank Accounts/select_Select CurrencyUSDAEDEUR'  using regular expression

2020-06-03 17:58:56 - [TEST_STEP][PASSED] - setText(findTestObject("Object Repository/Front End Objects/MyBankAccount(Create)/Page_Chiragh - My Bank Accounts/input_Account Name_accountTitle"), "Sharjah Platinum"): Text 'Sharjah Platinum' is set on object 'Object Repository/Front End Objects/MyBankAccount(Create)/Page_Chiragh - My Bank Accounts/input_Account Name_accountTitle'

2020-06-03 17:58:57 - [MESSAGE][PASSED] - Text 'Sharjah Platinum' is set on object 'Object Repository/Front End Objects/MyBankAccount(Create)/Page_Chiragh - My Bank Accounts/input_Account Name_accountTitle'

2020-06-03 17:58:57 - [TEST_STEP][PASSED] - setText(findTestObject("Object Repository/Front End Objects/MyBankAccount(Create)/Page_Chiragh - My Bank Accounts/input_IBAN_accIbanNumber"), "647489347389"): Text '647489347389' is set on object 'Object Repository/Front End Objects/MyBankAccount(Create)/Page_Chiragh - My Bank Accounts/input_IBAN_accIbanNumber'

2020-06-03 17:58:58 - [MESSAGE][PASSED] - Text '647489347389' is set on object 'Object Repository/Front End Objects/MyBankAccount(Create)/Page_Chiragh - My Bank Accounts/input_IBAN_accIbanNumber'

2020-06-03 17:58:58 - [TEST_STEP][PASSED] - setText(findTestObject("Object Repository/Front End Objects/MyBankAccount(Create)/Page_Chiragh - My Bank Accounts/input_Account No_accountNumber"), "6376376373"): Text '6376376373' is set on object 'Object Repository/Front End Objects/MyBankAccount(Create)/Page_Chiragh - My Bank Accounts/input_Account No_accountNumber'

2020-06-03 17:58:59 - [MESSAGE][PASSED] - Text '6376376373' is set on object 'Object Repository/Front End Objects/MyBankAccount(Create)/Page_Chiragh - My Bank Accounts/input_Account No_accountNumber'

2020-06-03 17:58:59 - [TEST_STEP][PASSED] - click(findTestObject("Object Repository/Front End Objects/MyBankAccount(Create)/Page_Chiragh - My Bank Accounts/div_Account Name")): Object: 'Object Repository/Front End Objects/MyBankAccount(Create)/Page_Chiragh - My Bank Accounts/div_Account Name' is clicked on

2020-06-03 17:59:00 - [MESSAGE][PASSED] - Object: 'Object Repository/Front End Objects/MyBankAccount(Create)/Page_Chiragh - My Bank Accounts/div_Account Name' is clicked on

2020-06-03 17:59:00 - [TEST_STEP][PASSED] - setText(findTestObject("Object Repository/Front End Objects/MyBankAccount(Create)/Page_Chiragh - My Bank Accounts/input_Account Name_accountTitle"), "Emirati Bank"): Text 'Emirati Bank' is set on object 'Object Repository/Front End Objects/MyBankAccount(Create)/Page_Chiragh - My Bank Accounts/input_Account Name_accountTitle'

2020-06-03 17:59:00 - [MESSAGE][PASSED] - Text 'Emirati Bank' is set on object 'Object Repository/Front End Objects/MyBankAccount(Create)/Page_Chiragh - My Bank Accounts/input_Account Name_accountTitle'

2020-06-03 17:59:00 - [TEST_STEP][PASSED] - setText(findTestObject("Object Repository/Front End Objects/MyBankAccount(Create)/Page_Chiragh - My Bank Accounts/input_Acct Holder Address_address"), "Dubai Town"): Text 'Dubai Town' is set on object 'Object Repository/Front End Objects/MyBankAccount(Create)/Page_Chiragh - My Bank Accounts/input_Acct Holder Address_address'

2020-06-03 17:59:01 - [MESSAGE][PASSED] - Text 'Dubai Town' is set on object 'Object Repository/Front End Objects/MyBankAccount(Create)/Page_Chiragh - My Bank Accounts/input_Acct Holder Address_address'

2020-06-03 17:59:01 - [TEST_STEP][PASSED] - setText(findTestObject("Object Repository/Front End Objects/MyBankAccount(Create)/Page_Chiragh - My Bank Accounts/input_Bank Name_bankName"), "Emirati Platinum"): Text 'Emirati Platinum' is set on object 'Object Repository/Front End Objects/MyBankAccount(Create)/Page_Chiragh - My Bank Accounts/input_Bank Name_bankName'

2020-06-03 17:59:02 - [MESSAGE][PASSED] - Text 'Emirati Platinum' is set on object 'Object Repository/Front End Objects/MyBankAccount(Create)/Page_Chiragh - My Bank Accounts/input_Bank Name_bankName'

2020-06-03 17:59:02 - [TEST_STEP][PASSED] - setText(findTestObject("Object Repository/Front End Objects/MyBankAccount(Create)/Page_Chiragh - My Bank Accounts/input_Bank Branch Address_branchName"), "Dubai Town"): Text 'Dubai Town' is set on object 'Object Repository/Front End Objects/MyBankAccount(Create)/Page_Chiragh - My Bank Accounts/input_Bank Branch Address_branchName'

2020-06-03 17:59:03 - [MESSAGE][PASSED] - Text 'Dubai Town' is set on object 'Object Repository/Front End Objects/MyBankAccount(Create)/Page_Chiragh - My Bank Accounts/input_Bank Branch Address_branchName'

2020-06-03 17:59:03 - [TEST_STEP][PASSED] - setText(findTestObject("Object Repository/Front End Objects/MyBankAccount(Create)/Page_Chiragh - My Bank Accounts/input_Swift Code_accSwiftCode"), "64637634"): Text '64637634' is set on object 'Object Repository/Front End Objects/MyBankAccount(Create)/Page_Chiragh - My Bank Accounts/input_Swift Code_accSwiftCode'

2020-06-03 17:59:03 - [MESSAGE][PASSED] - Text '64637634' is set on object 'Object Repository/Front End Objects/MyBankAccount(Create)/Page_Chiragh - My Bank Accounts/input_Swift Code_accSwiftCode'

2020-06-03 17:59:03 - [TEST_STEP][PASSED] - setText(findTestObject("Object Repository/Front End Objects/MyBankAccount(Create)/Page_Chiragh - My Bank Accounts/input_Correspondent Bank Name_corresponding_bf0020"), "Dubai CB"): Text 'Dubai CB' is set on object 'Object Repository/Front End Objects/MyBankAccount(Create)/Page_Chiragh - My Bank Accounts/input_Correspondent Bank Name_corresponding_bf0020'

2020-06-03 17:59:04 - [MESSAGE][PASSED] - Text 'Dubai CB' is set on object 'Object Repository/Front End Objects/MyBankAccount(Create)/Page_Chiragh - My Bank Accounts/input_Correspondent Bank Name_corresponding_bf0020'

2020-06-03 17:59:04 - [TEST_STEP][PASSED] - setText(findTestObject("Object Repository/Front End Objects/MyBankAccount(Create)/Page_Chiragh - My Bank Accounts/input_Correspondent Bank Swift Code_corresp_eefb27"), "53635"): Text '53635' is set on object 'Object Repository/Front End Objects/MyBankAccount(Create)/Page_Chiragh - My Bank Accounts/input_Correspondent Bank Swift Code_corresp_eefb27'

2020-06-03 17:59:05 - [MESSAGE][PASSED] - Text '53635' is set on object 'Object Repository/Front End Objects/MyBankAccount(Create)/Page_Chiragh - My Bank Accounts/input_Correspondent Bank Swift Code_corresp_eefb27'

2020-06-03 17:59:05 - [TEST_STEP][PASSED] - delay(3): Delayed 3 second(s)

2020-06-03 17:59:08 - [MESSAGE][PASSED] - Delayed 3 second(s)

2020-06-03 17:59:08 - [TEST_STEP][PASSED] - closeBrowser(): Browser is closed

2020-06-03 17:59:10 - [MESSAGE][PASSED] - Browser is closed

2020-06-03 17:59:12 - [TEST_STEP][PASSED] - Video: Video recording for test case 'Test Cases/Sanity Tests/Buy_ Wallet_AddMyAccount_EUR_44' .

2020-06-03 17:59:12 - [MESSAGE][INFO] - Video recording for test case 'Test Cases/Sanity Tests/Buy_ Wallet_AddMyAccount_EUR_44' .
[[ATTACHMENT|C:\\Users\\Ihsan\\git\\chiraghAdminPanel\\Reports\\20200603_175719\\SanityTests\\SanityTest\\20200603_175719/videos\\test_1.mov]]]]></system-out>
         <system-err><![CDATA[]]></system-err>
      </testcase>
      <testcase name="Test Cases/Sanity Tests/Buy_mainLandingPage_2" time="113.33" classname="Test Cases/Sanity Tests/Buy_mainLandingPage_2" status="PASSED">
         <system-out><![CDATA[2020-06-03 17:59:12 - [TEST_CASE][PASSED] - Test Cases/Sanity Tests/Buy_mainLandingPage_2: Test Cases/Sanity Tests/Buy_mainLandingPage_2

2020-06-03 17:59:12 - [TEST_STEP][PASSED] - openBrowser(""): Browser is opened with url: ''

2020-06-03 17:59:12 - [MESSAGE][INFO] - Starting 'Firefox' driver

2020-06-03 17:59:12 - [MESSAGE][INFO] - Action delay is set to 0 milliseconds

2020-06-03 17:59:18 - [MESSAGE][PASSED] - Browser is opened with url: ''

2020-06-03 17:59:18 - [TEST_STEP][PASSED] - navigateToUrl(Url): Navigate to 'http://test.chiragh.com' successfully

2020-06-03 17:59:33 - [MESSAGE][PASSED] - Navigate to 'http://test.chiragh.com' successfully

2020-06-03 17:59:33 - [TEST_STEP][PASSED] - verifyElementPresent(findTestObject("Object Repository/Sanity Test/ChiraghHomeUIpages/Page_Chiragh - Home/img"), 5): Object 'Object Repository/Sanity Test/ChiraghHomeUIpages/Page_Chiragh - Home/img' is present

2020-06-03 17:59:34 - [MESSAGE][PASSED] - Object 'Object Repository/Sanity Test/ChiraghHomeUIpages/Page_Chiragh - Home/img' is present

2020-06-03 17:59:34 - [TEST_STEP][PASSED] - click(findTestObject("Object Repository/Sanity Test/ChiraghHomeUIpages/Page_Chiragh - Home/a_ENG")): Object: 'Object Repository/Sanity Test/ChiraghHomeUIpages/Page_Chiragh - Home/a_ENG' is clicked on

2020-06-03 17:59:35 - [MESSAGE][PASSED] - Object: 'Object Repository/Sanity Test/ChiraghHomeUIpages/Page_Chiragh - Home/a_ENG' is clicked on

2020-06-03 17:59:35 - [TEST_STEP][PASSED] - click(findTestObject("Object Repository/Sanity Test/ChiraghHomeUIpages/Page_Chiragh - Home/a_ARA(UAE)")): Object: 'Object Repository/Sanity Test/ChiraghHomeUIpages/Page_Chiragh - Home/a_ARA(UAE)' is clicked on

2020-06-03 17:59:35 - [MESSAGE][PASSED] - Object: 'Object Repository/Sanity Test/ChiraghHomeUIpages/Page_Chiragh - Home/a_ARA(UAE)' is clicked on

2020-06-03 17:59:35 - [TEST_STEP][PASSED] - click(findTestObject("Object Repository/Sanity Test/ChiraghHomeUIpages/Page_Chiragh - Home/a_ENG")): Object: 'Object Repository/Sanity Test/ChiraghHomeUIpages/Page_Chiragh - Home/a_ENG' is clicked on

2020-06-03 17:59:36 - [MESSAGE][PASSED] - Object: 'Object Repository/Sanity Test/ChiraghHomeUIpages/Page_Chiragh - Home/a_ENG' is clicked on

2020-06-03 17:59:36 - [TEST_STEP][PASSED] - click(findTestObject("Object Repository/Sanity Test/ChiraghHomeUIpages/Page_Chiragh - Home/a_ENG_1")): Object: 'Object Repository/Sanity Test/ChiraghHomeUIpages/Page_Chiragh - Home/a_ENG_1' is clicked on

2020-06-03 17:59:37 - [MESSAGE][PASSED] - Object: 'Object Repository/Sanity Test/ChiraghHomeUIpages/Page_Chiragh - Home/a_ENG_1' is clicked on

2020-06-03 17:59:37 - [TEST_STEP][PASSED] - click(findTestObject("Object Repository/Sanity Test/ChiraghHomeUIpages/Page_Chiragh - Home/a_ENG_dropdownMenuLink")): Object: 'Object Repository/Sanity Test/ChiraghHomeUIpages/Page_Chiragh - Home/a_ENG_dropdownMenuLink' is clicked on

2020-06-03 17:59:38 - [MESSAGE][PASSED] - Object: 'Object Repository/Sanity Test/ChiraghHomeUIpages/Page_Chiragh - Home/a_ENG_dropdownMenuLink' is clicked on

2020-06-03 17:59:38 - [TEST_STEP][PASSED] - click(findTestObject("Object Repository/Sanity Test/ChiraghHomeUIpages/Page_Chiragh - Home/svg_Guest_svg-inline--fa fa-user fa-w-16")): Object: 'Object Repository/Sanity Test/ChiraghHomeUIpages/Page_Chiragh - Home/svg_Guest_svg-inline--fa fa-user fa-w-16' is clicked on

2020-06-03 17:59:39 - [MESSAGE][PASSED] - Object: 'Object Repository/Sanity Test/ChiraghHomeUIpages/Page_Chiragh - Home/svg_Guest_svg-inline--fa fa-user fa-w-16' is clicked on

2020-06-03 17:59:39 - [TEST_STEP][PASSED] - click(findTestObject("Object Repository/Sanity Test/ChiraghHomeUIpages/Page_Chiragh - Home/a_ENG_dropdownMenuLink")): Object: 'Object Repository/Sanity Test/ChiraghHomeUIpages/Page_Chiragh - Home/a_ENG_dropdownMenuLink' is clicked on

2020-06-03 17:59:40 - [MESSAGE][PASSED] - Object: 'Object Repository/Sanity Test/ChiraghHomeUIpages/Page_Chiragh - Home/a_ENG_dropdownMenuLink' is clicked on

2020-06-03 17:59:40 - [TEST_STEP][PASSED] - click(findTestObject("Object Repository/Sanity Test/ChiraghHomeUIpages/Page_Chiragh - Home/h1_Dubais Leading Online Real Estate Auction")): Object: 'Object Repository/Sanity Test/ChiraghHomeUIpages/Page_Chiragh - Home/h1_Dubais Leading Online Real Estate Auction' is clicked on

2020-06-03 17:59:41 - [MESSAGE][PASSED] - Object: 'Object Repository/Sanity Test/ChiraghHomeUIpages/Page_Chiragh - Home/h1_Dubais Leading Online Real Estate Auction' is clicked on

2020-06-03 17:59:41 - [TEST_STEP][PASSED] - click(findTestObject("Object Repository/Sanity Test/ChiraghHomeUIpages/Page_Chiragh - Home/p_Connecting Global Investment Community")): Object: 'Object Repository/Sanity Test/ChiraghHomeUIpages/Page_Chiragh - Home/p_Connecting Global Investment Community' is clicked on

2020-06-03 17:59:42 - [MESSAGE][PASSED] - Object: 'Object Repository/Sanity Test/ChiraghHomeUIpages/Page_Chiragh - Home/p_Connecting Global Investment Community' is clicked on

2020-06-03 17:59:42 - [TEST_STEP][PASSED] - click(findTestObject("Object Repository/Sanity Test/ChiraghHomeUIpages/Page_Chiragh - Home/a")): Object: 'Object Repository/Sanity Test/ChiraghHomeUIpages/Page_Chiragh - Home/a' is clicked on

2020-06-03 17:59:44 - [MESSAGE][PASSED] - Object: 'Object Repository/Sanity Test/ChiraghHomeUIpages/Page_Chiragh - Home/a' is clicked on

2020-06-03 17:59:44 - [TEST_STEP][PASSED] - verifyElementPresent(findTestObject("Object Repository/Sanity Test/ChiraghHomeUIpages/Page_Chiragh - Home/h3_Advance Search"), 5): Object 'Object Repository/Sanity Test/ChiraghHomeUIpages/Page_Chiragh - Home/h3_Advance Search' is present

2020-06-03 17:59:44 - [MESSAGE][PASSED] - Object 'Object Repository/Sanity Test/ChiraghHomeUIpages/Page_Chiragh - Home/h3_Advance Search' is present

2020-06-03 17:59:44 - [TEST_STEP][PASSED] - verifyElementPresent(findTestObject("Object Repository/Sanity Test/ChiraghHomeUIpages/Page_Chiragh - Home/label_Type of Area"), 5): Object 'Object Repository/Sanity Test/ChiraghHomeUIpages/Page_Chiragh - Home/label_Type of Area' is present

2020-06-03 17:59:45 - [MESSAGE][PASSED] - Object 'Object Repository/Sanity Test/ChiraghHomeUIpages/Page_Chiragh - Home/label_Type of Area' is present

2020-06-03 17:59:45 - [TEST_STEP][PASSED] - verifyElementPresent(findTestObject("Object Repository/Sanity Test/ChiraghHomeUIpages/Page_Chiragh - Home/label_Type of Property"), 5): Object 'Object Repository/Sanity Test/ChiraghHomeUIpages/Page_Chiragh - Home/label_Type of Property' is present

2020-06-03 17:59:45 - [MESSAGE][PASSED] - Object 'Object Repository/Sanity Test/ChiraghHomeUIpages/Page_Chiragh - Home/label_Type of Property' is present

2020-06-03 17:59:45 - [TEST_STEP][PASSED] - verifyElementPresent(findTestObject("Object Repository/Sanity Test/ChiraghHomeUIpages/Page_Chiragh - Home/label_Status"), 5): Object 'Object Repository/Sanity Test/ChiraghHomeUIpages/Page_Chiragh - Home/label_Status' is present

2020-06-03 17:59:46 - [MESSAGE][PASSED] - Object 'Object Repository/Sanity Test/ChiraghHomeUIpages/Page_Chiragh - Home/label_Status' is present

2020-06-03 17:59:46 - [TEST_STEP][PASSED] - verifyElementPresent(findTestObject("Object Repository/Sanity Test/ChiraghHomeUIpages/Page_Chiragh - Home/label_City"), 5): Object 'Object Repository/Sanity Test/ChiraghHomeUIpages/Page_Chiragh - Home/label_City' is present

2020-06-03 17:59:46 - [MESSAGE][PASSED] - Object 'Object Repository/Sanity Test/ChiraghHomeUIpages/Page_Chiragh - Home/label_City' is present

2020-06-03 17:59:46 - [TEST_STEP][PASSED] - verifyElementPresent(findTestObject("Object Repository/Sanity Test/ChiraghHomeUIpages/Page_Chiragh - Home/label_Bed(min)"), 5): Object 'Object Repository/Sanity Test/ChiraghHomeUIpages/Page_Chiragh - Home/label_Bed(min)' is present

2020-06-03 17:59:47 - [MESSAGE][PASSED] - Object 'Object Repository/Sanity Test/ChiraghHomeUIpages/Page_Chiragh - Home/label_Bed(min)' is present

2020-06-03 17:59:47 - [TEST_STEP][PASSED] - verifyElementPresent(findTestObject("Object Repository/Sanity Test/ChiraghHomeUIpages/Page_Chiragh - Home/label_Bed(max)"), 5): Object 'Object Repository/Sanity Test/ChiraghHomeUIpages/Page_Chiragh - Home/label_Bed(max)' is present

2020-06-03 17:59:47 - [MESSAGE][PASSED] - Object 'Object Repository/Sanity Test/ChiraghHomeUIpages/Page_Chiragh - Home/label_Bed(max)' is present

2020-06-03 17:59:47 - [TEST_STEP][PASSED] - verifyElementPresent(findTestObject("Object Repository/Sanity Test/ChiraghHomeUIpages/Page_Chiragh - Home/label_Bath(min)"), 5): Object 'Object Repository/Sanity Test/ChiraghHomeUIpages/Page_Chiragh - Home/label_Bath(min)' is present

2020-06-03 17:59:48 - [MESSAGE][PASSED] - Object 'Object Repository/Sanity Test/ChiraghHomeUIpages/Page_Chiragh - Home/label_Bath(min)' is present

2020-06-03 17:59:48 - [TEST_STEP][PASSED] - verifyElementPresent(findTestObject("Object Repository/Sanity Test/ChiraghHomeUIpages/Page_Chiragh - Home/label_Bath(max)"), 5): Object 'Object Repository/Sanity Test/ChiraghHomeUIpages/Page_Chiragh - Home/label_Bath(max)' is present

2020-06-03 17:59:48 - [MESSAGE][PASSED] - Object 'Object Repository/Sanity Test/ChiraghHomeUIpages/Page_Chiragh - Home/label_Bath(max)' is present

2020-06-03 17:59:48 - [TEST_STEP][PASSED] - verifyElementPresent(findTestObject("Object Repository/Sanity Test/ChiraghHomeUIpages/Page_Chiragh - Home/label_Kitchen"), 5): Object 'Object Repository/Sanity Test/ChiraghHomeUIpages/Page_Chiragh - Home/label_Kitchen' is present

2020-06-03 17:59:49 - [MESSAGE][PASSED] - Object 'Object Repository/Sanity Test/ChiraghHomeUIpages/Page_Chiragh - Home/label_Kitchen' is present

2020-06-03 17:59:49 - [TEST_STEP][PASSED] - verifyElementPresent(findTestObject("Object Repository/Sanity Test/ChiraghHomeUIpages/Page_Chiragh - Home/label_Car Parking"), 5): Object 'Object Repository/Sanity Test/ChiraghHomeUIpages/Page_Chiragh - Home/label_Car Parking' is present

2020-06-03 17:59:49 - [MESSAGE][PASSED] - Object 'Object Repository/Sanity Test/ChiraghHomeUIpages/Page_Chiragh - Home/label_Car Parking' is present

2020-06-03 17:59:49 - [TEST_STEP][PASSED] - verifyElementPresent(findTestObject("Object Repository/Sanity Test/ChiraghHomeUIpages/Page_Chiragh - Home/label_Rent Status"), 5): Object 'Object Repository/Sanity Test/ChiraghHomeUIpages/Page_Chiragh - Home/label_Rent Status' is present

2020-06-03 17:59:50 - [MESSAGE][PASSED] - Object 'Object Repository/Sanity Test/ChiraghHomeUIpages/Page_Chiragh - Home/label_Rent Status' is present

2020-06-03 17:59:50 - [TEST_STEP][PASSED] - verifyElementPresent(findTestObject("Object Repository/Sanity Test/ChiraghHomeUIpages/Page_Chiragh - Home/label_Furnished"), 5): Object 'Object Repository/Sanity Test/ChiraghHomeUIpages/Page_Chiragh - Home/label_Furnished' is present

2020-06-03 17:59:50 - [MESSAGE][PASSED] - Object 'Object Repository/Sanity Test/ChiraghHomeUIpages/Page_Chiragh - Home/label_Furnished' is present

2020-06-03 17:59:50 - [TEST_STEP][PASSED] - verifyElementPresent(findTestObject("Object Repository/Sanity Test/ChiraghHomeUIpages/Page_Chiragh - Home/label_Currency"), 5): Object 'Object Repository/Sanity Test/ChiraghHomeUIpages/Page_Chiragh - Home/label_Currency' is present

2020-06-03 17:59:51 - [MESSAGE][PASSED] - Object 'Object Repository/Sanity Test/ChiraghHomeUIpages/Page_Chiragh - Home/label_Currency' is present

2020-06-03 17:59:51 - [TEST_STEP][PASSED] - verifyElementPresent(findTestObject("Object Repository/Sanity Test/ChiraghHomeUIpages/Page_Chiragh - Home/label_Price(min)"), 5): Object 'Object Repository/Sanity Test/ChiraghHomeUIpages/Page_Chiragh - Home/label_Price(min)' is present

2020-06-03 17:59:51 - [MESSAGE][PASSED] - Object 'Object Repository/Sanity Test/ChiraghHomeUIpages/Page_Chiragh - Home/label_Price(min)' is present

2020-06-03 17:59:51 - [TEST_STEP][PASSED] - verifyElementPresent(findTestObject("Object Repository/Sanity Test/ChiraghHomeUIpages/Page_Chiragh - Home/label_Price(max)"), 5): Object 'Object Repository/Sanity Test/ChiraghHomeUIpages/Page_Chiragh - Home/label_Price(max)' is present

2020-06-03 17:59:52 - [MESSAGE][PASSED] - Object 'Object Repository/Sanity Test/ChiraghHomeUIpages/Page_Chiragh - Home/label_Price(max)' is present

2020-06-03 17:59:52 - [TEST_STEP][PASSED] - click(findTestObject("Object Repository/Sanity Test/ChiraghHomeUIpages/Page_Chiragh - Home/a_")): Object: 'Object Repository/Sanity Test/ChiraghHomeUIpages/Page_Chiragh - Home/a_' is clicked on

2020-06-03 17:59:53 - [MESSAGE][PASSED] - Object: 'Object Repository/Sanity Test/ChiraghHomeUIpages/Page_Chiragh - Home/a_' is clicked on

2020-06-03 17:59:53 - [TEST_STEP][PASSED] - click(findTestObject("Object Repository/Sanity Test/ChiraghHomeUIpages/Page_Chiragh - Home/img_1")): Object: 'Object Repository/Sanity Test/ChiraghHomeUIpages/Page_Chiragh - Home/img_1' is clicked on

2020-06-03 17:59:53 - [MESSAGE][PASSED] - Object: 'Object Repository/Sanity Test/ChiraghHomeUIpages/Page_Chiragh - Home/img_1' is clicked on

2020-06-03 17:59:53 - [TEST_STEP][PASSED] - click(findTestObject("Object Repository/Sanity Test/ChiraghHomeUIpages/Page_Chiragh - Home/p_Dubai Land Dept Regulated")): Object: 'Object Repository/Sanity Test/ChiraghHomeUIpages/Page_Chiragh - Home/p_Dubai Land Dept Regulated' is clicked on

2020-06-03 17:59:54 - [MESSAGE][PASSED] - Object: 'Object Repository/Sanity Test/ChiraghHomeUIpages/Page_Chiragh - Home/p_Dubai Land Dept Regulated' is clicked on

2020-06-03 17:59:54 - [TEST_STEP][PASSED] - click(findTestObject("Object Repository/Sanity Test/ChiraghHomeUIpages/Page_Chiragh - Home/img_1_2")): Object: 'Object Repository/Sanity Test/ChiraghHomeUIpages/Page_Chiragh - Home/img_1_2' is clicked on

2020-06-03 17:59:55 - [MESSAGE][PASSED] - Object: 'Object Repository/Sanity Test/ChiraghHomeUIpages/Page_Chiragh - Home/img_1_2' is clicked on

2020-06-03 17:59:55 - [TEST_STEP][PASSED] - click(findTestObject("Object Repository/Sanity Test/ChiraghHomeUIpages/Page_Chiragh - Home/p_Verified Properties")): Object: 'Object Repository/Sanity Test/ChiraghHomeUIpages/Page_Chiragh - Home/p_Verified Properties' is clicked on

2020-06-03 17:59:56 - [MESSAGE][PASSED] - Object: 'Object Repository/Sanity Test/ChiraghHomeUIpages/Page_Chiragh - Home/p_Verified Properties' is clicked on

2020-06-03 17:59:56 - [TEST_STEP][PASSED] - click(findTestObject("Object Repository/Sanity Test/ChiraghHomeUIpages/Page_Chiragh - Home/img_1_2_3")): Object: 'Object Repository/Sanity Test/ChiraghHomeUIpages/Page_Chiragh - Home/img_1_2_3' is clicked on

2020-06-03 17:59:57 - [MESSAGE][PASSED] - Object: 'Object Repository/Sanity Test/ChiraghHomeUIpages/Page_Chiragh - Home/img_1_2_3' is clicked on

2020-06-03 17:59:57 - [TEST_STEP][PASSED] - click(findTestObject("Object Repository/Sanity Test/ChiraghHomeUIpages/Page_Chiragh - Home/p_Third Party Valuation")): Object: 'Object Repository/Sanity Test/ChiraghHomeUIpages/Page_Chiragh - Home/p_Third Party Valuation' is clicked on

2020-06-03 17:59:58 - [MESSAGE][PASSED] - Object: 'Object Repository/Sanity Test/ChiraghHomeUIpages/Page_Chiragh - Home/p_Third Party Valuation' is clicked on

2020-06-03 17:59:58 - [TEST_STEP][PASSED] - click(findTestObject("Object Repository/Sanity Test/ChiraghHomeUIpages/Page_Chiragh - Home/img_1_2_3_4")): Object: 'Object Repository/Sanity Test/ChiraghHomeUIpages/Page_Chiragh - Home/img_1_2_3_4' is clicked on

2020-06-03 17:59:59 - [MESSAGE][PASSED] - Object: 'Object Repository/Sanity Test/ChiraghHomeUIpages/Page_Chiragh - Home/img_1_2_3_4' is clicked on

2020-06-03 17:59:59 - [TEST_STEP][PASSED] - click(findTestObject("Object Repository/Sanity Test/ChiraghHomeUIpages/Page_Chiragh - Home/p_Transparent Bidding")): Object: 'Object Repository/Sanity Test/ChiraghHomeUIpages/Page_Chiragh - Home/p_Transparent Bidding' is clicked on

2020-06-03 18:00:00 - [MESSAGE][PASSED] - Object: 'Object Repository/Sanity Test/ChiraghHomeUIpages/Page_Chiragh - Home/p_Transparent Bidding' is clicked on

2020-06-03 18:00:00 - [TEST_STEP][PASSED] - click(findTestObject("Object Repository/Sanity Test/ChiraghHomeUIpages/Page_Chiragh - Home/img_1_2_3_4_5")): Object: 'Object Repository/Sanity Test/ChiraghHomeUIpages/Page_Chiragh - Home/img_1_2_3_4_5' is clicked on

2020-06-03 18:00:01 - [MESSAGE][PASSED] - Object: 'Object Repository/Sanity Test/ChiraghHomeUIpages/Page_Chiragh - Home/img_1_2_3_4_5' is clicked on

2020-06-03 18:00:01 - [TEST_STEP][PASSED] - click(findTestObject("Object Repository/Sanity Test/ChiraghHomeUIpages/Page_Chiragh - Home/p_Open House Facility")): Object: 'Object Repository/Sanity Test/ChiraghHomeUIpages/Page_Chiragh - Home/p_Open House Facility' is clicked on

2020-06-03 18:00:02 - [MESSAGE][PASSED] - Object: 'Object Repository/Sanity Test/ChiraghHomeUIpages/Page_Chiragh - Home/p_Open House Facility' is clicked on

2020-06-03 18:00:02 - [TEST_STEP][PASSED] - click(findTestObject("Object Repository/Sanity Test/ChiraghHomeUIpages/Page_Chiragh - Home/h2_Current Auctions")): Object: 'Object Repository/Sanity Test/ChiraghHomeUIpages/Page_Chiragh - Home/h2_Current Auctions' is clicked on

2020-06-03 18:00:03 - [MESSAGE][PASSED] - Object: 'Object Repository/Sanity Test/ChiraghHomeUIpages/Page_Chiragh - Home/h2_Current Auctions' is clicked on

2020-06-03 18:00:03 - [TEST_STEP][PASSED] - click(findTestObject("Object Repository/Sanity Test/ChiraghHomeUIpages/Page_Chiragh - Home/h6_Active auctions in process")): Object: 'Object Repository/Sanity Test/ChiraghHomeUIpages/Page_Chiragh - Home/h6_Active auctions in process' is clicked on

2020-06-03 18:00:04 - [MESSAGE][PASSED] - Object: 'Object Repository/Sanity Test/ChiraghHomeUIpages/Page_Chiragh - Home/h6_Active auctions in process' is clicked on

2020-06-03 18:00:04 - [TEST_STEP][PASSED] - click(findTestObject("Object Repository/Sanity Test/ChiraghHomeUIpages/Page_Chiragh - Home/h6_PROPERTY ID 38965")): Object: 'Object Repository/Sanity Test/ChiraghHomeUIpages/Page_Chiragh - Home/h6_PROPERTY ID 38965' is clicked on

2020-06-03 18:00:05 - [MESSAGE][PASSED] - Object: 'Object Repository/Sanity Test/ChiraghHomeUIpages/Page_Chiragh - Home/h6_PROPERTY ID 38965' is clicked on

2020-06-03 18:00:05 - [TEST_STEP][PASSED] - click(findTestObject("Object Repository/Sanity Test/ChiraghHomeUIpages/Page_Chiragh - Home/div_5Days07Hours31Minutes16Seconds")): Object: 'Object Repository/Sanity Test/ChiraghHomeUIpages/Page_Chiragh - Home/div_5Days07Hours31Minutes16Seconds' is clicked on

2020-06-03 18:00:06 - [MESSAGE][PASSED] - Object: 'Object Repository/Sanity Test/ChiraghHomeUIpages/Page_Chiragh - Home/div_5Days07Hours31Minutes16Seconds' is clicked on

2020-06-03 18:00:06 - [TEST_STEP][PASSED] - click(findTestObject("Object Repository/Sanity Test/ChiraghHomeUIpages/Page_Chiragh - Home/b_230000  sqm")): Object: 'Object Repository/Sanity Test/ChiraghHomeUIpages/Page_Chiragh - Home/b_230000  sqm' is clicked on

2020-06-03 18:00:07 - [MESSAGE][PASSED] - Object: 'Object Repository/Sanity Test/ChiraghHomeUIpages/Page_Chiragh - Home/b_230000  sqm' is clicked on

2020-06-03 18:00:07 - [TEST_STEP][PASSED] - click(findTestObject("Object Repository/Sanity Test/ChiraghHomeUIpages/Page_Chiragh - Home/div_6 Beds")): Object: 'Object Repository/Sanity Test/ChiraghHomeUIpages/Page_Chiragh - Home/div_6 Beds' is clicked on

2020-06-03 18:00:08 - [MESSAGE][PASSED] - Object: 'Object Repository/Sanity Test/ChiraghHomeUIpages/Page_Chiragh - Home/div_6 Beds' is clicked on

2020-06-03 18:00:08 - [TEST_STEP][PASSED] - click(findTestObject("Object Repository/Sanity Test/ChiraghHomeUIpages/Page_Chiragh - Home/div_4 Baths")): Object: 'Object Repository/Sanity Test/ChiraghHomeUIpages/Page_Chiragh - Home/div_4 Baths' is clicked on

2020-06-03 18:00:09 - [MESSAGE][PASSED] - Object: 'Object Repository/Sanity Test/ChiraghHomeUIpages/Page_Chiragh - Home/div_4 Baths' is clicked on

2020-06-03 18:00:09 - [TEST_STEP][PASSED] - click(findTestObject("Object Repository/Sanity Test/ChiraghHomeUIpages/Page_Chiragh - Home/div_2 Parkings")): Object: 'Object Repository/Sanity Test/ChiraghHomeUIpages/Page_Chiragh - Home/div_2 Parkings' is clicked on

2020-06-03 18:00:10 - [MESSAGE][PASSED] - Object: 'Object Repository/Sanity Test/ChiraghHomeUIpages/Page_Chiragh - Home/div_2 Parkings' is clicked on

2020-06-03 18:00:10 - [TEST_STEP][PASSED] - click(findTestObject("Object Repository/Sanity Test/ChiraghHomeUIpages/Page_Chiragh - Home/img_1_2_3_4_5_6")): Object: 'Object Repository/Sanity Test/ChiraghHomeUIpages/Page_Chiragh - Home/img_1_2_3_4_5_6' is clicked on

2020-06-03 18:00:11 - [MESSAGE][PASSED] - Object: 'Object Repository/Sanity Test/ChiraghHomeUIpages/Page_Chiragh - Home/img_1_2_3_4_5_6' is clicked on

2020-06-03 18:00:11 - [TEST_STEP][PASSED] - click(findTestObject("Object Repository/Sanity Test/ChiraghHomeUIpages/Page_Chiragh - Home/img_1_2_3_4_5_6_7")): Object: 'Object Repository/Sanity Test/ChiraghHomeUIpages/Page_Chiragh - Home/img_1_2_3_4_5_6_7' is clicked on

2020-06-03 18:00:12 - [MESSAGE][PASSED] - Object: 'Object Repository/Sanity Test/ChiraghHomeUIpages/Page_Chiragh - Home/img_1_2_3_4_5_6_7' is clicked on

2020-06-03 18:00:12 - [TEST_STEP][PASSED] - click(findTestObject("Object Repository/Sanity Test/ChiraghHomeUIpages/Page_Chiragh - Home/span_Bids  7")): Object: 'Object Repository/Sanity Test/ChiraghHomeUIpages/Page_Chiragh - Home/span_Bids  7' is clicked on

2020-06-03 18:00:13 - [MESSAGE][PASSED] - Object: 'Object Repository/Sanity Test/ChiraghHomeUIpages/Page_Chiragh - Home/span_Bids  7' is clicked on

2020-06-03 18:00:13 - [TEST_STEP][PASSED] - click(findTestObject("Object Repository/Sanity Test/ChiraghHomeUIpages/Page_Chiragh - Home/h6_PROPERTY ID 39651")): Object: 'Object Repository/Sanity Test/ChiraghHomeUIpages/Page_Chiragh - Home/h6_PROPERTY ID 39651' is clicked on

2020-06-03 18:00:14 - [MESSAGE][PASSED] - Object: 'Object Repository/Sanity Test/ChiraghHomeUIpages/Page_Chiragh - Home/h6_PROPERTY ID 39651' is clicked on

2020-06-03 18:00:14 - [TEST_STEP][PASSED] - click(findTestObject("Object Repository/Sanity Test/ChiraghHomeUIpages/Page_Chiragh - Home/div_3Days07Hours30Minutes39Seconds")): Object: 'Object Repository/Sanity Test/ChiraghHomeUIpages/Page_Chiragh - Home/div_3Days07Hours30Minutes39Seconds' is clicked on

2020-06-03 18:00:15 - [MESSAGE][PASSED] - Object: 'Object Repository/Sanity Test/ChiraghHomeUIpages/Page_Chiragh - Home/div_3Days07Hours30Minutes39Seconds' is clicked on

2020-06-03 18:00:15 - [TEST_STEP][PASSED] - click(findTestObject("Object Repository/Sanity Test/ChiraghHomeUIpages/Page_Chiragh - Home/b_230000  sqm")): Object: 'Object Repository/Sanity Test/ChiraghHomeUIpages/Page_Chiragh - Home/b_230000  sqm' is clicked on

2020-06-03 18:00:16 - [MESSAGE][PASSED] - Object: 'Object Repository/Sanity Test/ChiraghHomeUIpages/Page_Chiragh - Home/b_230000  sqm' is clicked on

2020-06-03 18:00:16 - [TEST_STEP][PASSED] - click(findTestObject("Object Repository/Sanity Test/ChiraghHomeUIpages/Page_Chiragh - Home/div_6 Beds")): Object: 'Object Repository/Sanity Test/ChiraghHomeUIpages/Page_Chiragh - Home/div_6 Beds' is clicked on

2020-06-03 18:00:17 - [MESSAGE][PASSED] - Object: 'Object Repository/Sanity Test/ChiraghHomeUIpages/Page_Chiragh - Home/div_6 Beds' is clicked on

2020-06-03 18:00:17 - [TEST_STEP][PASSED] - click(findTestObject("Object Repository/Sanity Test/ChiraghHomeUIpages/Page_Chiragh - Home/div_4 Baths")): Object: 'Object Repository/Sanity Test/ChiraghHomeUIpages/Page_Chiragh - Home/div_4 Baths' is clicked on

2020-06-03 18:00:18 - [MESSAGE][PASSED] - Object: 'Object Repository/Sanity Test/ChiraghHomeUIpages/Page_Chiragh - Home/div_4 Baths' is clicked on

2020-06-03 18:00:18 - [TEST_STEP][PASSED] - click(findTestObject("Object Repository/Sanity Test/ChiraghHomeUIpages/Page_Chiragh - Home/div_2 Parkings")): Object: 'Object Repository/Sanity Test/ChiraghHomeUIpages/Page_Chiragh - Home/div_2 Parkings' is clicked on

2020-06-03 18:00:19 - [MESSAGE][PASSED] - Object: 'Object Repository/Sanity Test/ChiraghHomeUIpages/Page_Chiragh - Home/div_2 Parkings' is clicked on

2020-06-03 18:00:19 - [TEST_STEP][PASSED] - click(findTestObject("Object Repository/Sanity Test/ChiraghHomeUIpages/Page_Chiragh - Home/span_Bids  3")): Object: 'Object Repository/Sanity Test/ChiraghHomeUIpages/Page_Chiragh - Home/span_Bids  3' is clicked on

2020-06-03 18:00:20 - [MESSAGE][PASSED] - Object: 'Object Repository/Sanity Test/ChiraghHomeUIpages/Page_Chiragh - Home/span_Bids  3' is clicked on

2020-06-03 18:00:20 - [TEST_STEP][PASSED] - click(findTestObject("Object Repository/Sanity Test/ChiraghHomeUIpages/Page_Chiragh - Home/img_1_2_3_4_5_6")): Object: 'Object Repository/Sanity Test/ChiraghHomeUIpages/Page_Chiragh - Home/img_1_2_3_4_5_6' is clicked on

2020-06-03 18:00:21 - [MESSAGE][PASSED] - Object: 'Object Repository/Sanity Test/ChiraghHomeUIpages/Page_Chiragh - Home/img_1_2_3_4_5_6' is clicked on

2020-06-03 18:00:21 - [TEST_STEP][PASSED] - click(findTestObject("Object Repository/Sanity Test/ChiraghHomeUIpages/Page_Chiragh - Home/img_1_2_3_4_5_6_7")): Object: 'Object Repository/Sanity Test/ChiraghHomeUIpages/Page_Chiragh - Home/img_1_2_3_4_5_6_7' is clicked on

2020-06-03 18:00:22 - [MESSAGE][PASSED] - Object: 'Object Repository/Sanity Test/ChiraghHomeUIpages/Page_Chiragh - Home/img_1_2_3_4_5_6_7' is clicked on

2020-06-03 18:00:22 - [TEST_STEP][PASSED] - click(findTestObject("Object Repository/Sanity Test/ChiraghHomeUIpages/Page_Chiragh - Home/h6_PROPERTY ID 39640")): Object: 'Object Repository/Sanity Test/ChiraghHomeUIpages/Page_Chiragh - Home/h6_PROPERTY ID 39640' is clicked on

2020-06-03 18:00:23 - [MESSAGE][PASSED] - Object: 'Object Repository/Sanity Test/ChiraghHomeUIpages/Page_Chiragh - Home/h6_PROPERTY ID 39640' is clicked on

2020-06-03 18:00:23 - [TEST_STEP][PASSED] - click(findTestObject("Object Repository/Sanity Test/ChiraghHomeUIpages/Page_Chiragh - Home/b_230000  sqm")): Object: 'Object Repository/Sanity Test/ChiraghHomeUIpages/Page_Chiragh - Home/b_230000  sqm' is clicked on

2020-06-03 18:00:24 - [MESSAGE][PASSED] - Object: 'Object Repository/Sanity Test/ChiraghHomeUIpages/Page_Chiragh - Home/b_230000  sqm' is clicked on

2020-06-03 18:00:24 - [TEST_STEP][PASSED] - click(findTestObject("Object Repository/Sanity Test/ChiraghHomeUIpages/Page_Chiragh - Home/b_6")): Object: 'Object Repository/Sanity Test/ChiraghHomeUIpages/Page_Chiragh - Home/b_6' is clicked on

2020-06-03 18:00:25 - [MESSAGE][PASSED] - Object: 'Object Repository/Sanity Test/ChiraghHomeUIpages/Page_Chiragh - Home/b_6' is clicked on

2020-06-03 18:00:25 - [TEST_STEP][PASSED] - click(findTestObject("Object Repository/Sanity Test/ChiraghHomeUIpages/Page_Chiragh - Home/b_4")): Object: 'Object Repository/Sanity Test/ChiraghHomeUIpages/Page_Chiragh - Home/b_4' is clicked on

2020-06-03 18:00:26 - [MESSAGE][PASSED] - Object: 'Object Repository/Sanity Test/ChiraghHomeUIpages/Page_Chiragh - Home/b_4' is clicked on

2020-06-03 18:00:26 - [TEST_STEP][PASSED] - click(findTestObject("Object Repository/Sanity Test/ChiraghHomeUIpages/Page_Chiragh - Home/div_2 Parkings")): Object: 'Object Repository/Sanity Test/ChiraghHomeUIpages/Page_Chiragh - Home/div_2 Parkings' is clicked on

2020-06-03 18:00:27 - [MESSAGE][PASSED] - Object: 'Object Repository/Sanity Test/ChiraghHomeUIpages/Page_Chiragh - Home/div_2 Parkings' is clicked on

2020-06-03 18:00:27 - [TEST_STEP][PASSED] - click(findTestObject("Object Repository/Sanity Test/ChiraghHomeUIpages/Page_Chiragh - Home/img_1_2_3_4_5_6")): Object: 'Object Repository/Sanity Test/ChiraghHomeUIpages/Page_Chiragh - Home/img_1_2_3_4_5_6' is clicked on

2020-06-03 18:00:28 - [MESSAGE][PASSED] - Object: 'Object Repository/Sanity Test/ChiraghHomeUIpages/Page_Chiragh - Home/img_1_2_3_4_5_6' is clicked on

2020-06-03 18:00:28 - [TEST_STEP][PASSED] - click(findTestObject("Object Repository/Sanity Test/ChiraghHomeUIpages/Page_Chiragh - Home/img_1_2_3_4_5_6_7")): Object: 'Object Repository/Sanity Test/ChiraghHomeUIpages/Page_Chiragh - Home/img_1_2_3_4_5_6_7' is clicked on

2020-06-03 18:00:29 - [MESSAGE][PASSED] - Object: 'Object Repository/Sanity Test/ChiraghHomeUIpages/Page_Chiragh - Home/img_1_2_3_4_5_6_7' is clicked on

2020-06-03 18:00:29 - [TEST_STEP][PASSED] - click(findTestObject("Object Repository/Sanity Test/ChiraghHomeUIpages/Page_Chiragh - Home/button_View More (6)")): Object: 'Object Repository/Sanity Test/ChiraghHomeUIpages/Page_Chiragh - Home/button_View More (6)' is clicked on

2020-06-03 18:00:30 - [MESSAGE][PASSED] - Object: 'Object Repository/Sanity Test/ChiraghHomeUIpages/Page_Chiragh - Home/button_View More (6)' is clicked on

2020-06-03 18:00:30 - [TEST_STEP][PASSED] - click(findTestObject("Object Repository/Sanity Test/ChiraghHomeUIpages/Page_Chiragh - Home/h2_Upcoming Auction")): Object: 'Object Repository/Sanity Test/ChiraghHomeUIpages/Page_Chiragh - Home/h2_Upcoming Auction' is clicked on

2020-06-03 18:00:32 - [MESSAGE][PASSED] - Object: 'Object Repository/Sanity Test/ChiraghHomeUIpages/Page_Chiragh - Home/h2_Upcoming Auction' is clicked on

2020-06-03 18:00:32 - [TEST_STEP][PASSED] - click(findTestObject("Object Repository/Sanity Test/ChiraghHomeUIpages/Page_Chiragh - Home/h6_Stand by and mark your favourite properties")): Object: 'Object Repository/Sanity Test/ChiraghHomeUIpages/Page_Chiragh - Home/h6_Stand by and mark your favourite properties' is clicked on

2020-06-03 18:00:33 - [MESSAGE][PASSED] - Object: 'Object Repository/Sanity Test/ChiraghHomeUIpages/Page_Chiragh - Home/h6_Stand by and mark your favourite properties' is clicked on

2020-06-03 18:00:33 - [TEST_STEP][PASSED] - click(findTestObject("Object Repository/Sanity Test/ChiraghHomeUIpages/Page_Chiragh - Home/h6_No upcoming auctions are available at th_0ef46d")): Object: 'Object Repository/Sanity Test/ChiraghHomeUIpages/Page_Chiragh - Home/h6_No upcoming auctions are available at th_0ef46d' is clicked on

2020-06-03 18:00:34 - [MESSAGE][PASSED] - Object: 'Object Repository/Sanity Test/ChiraghHomeUIpages/Page_Chiragh - Home/h6_No upcoming auctions are available at th_0ef46d' is clicked on

2020-06-03 18:00:34 - [TEST_STEP][PASSED] - click(findTestObject("Object Repository/Sanity Test/ChiraghHomeUIpages/Page_Chiragh - Home/h4_When its time to sell you are in control_bf89f4")): Object: 'Object Repository/Sanity Test/ChiraghHomeUIpages/Page_Chiragh - Home/h4_When its time to sell you are in control_bf89f4' is clicked on

2020-06-03 18:00:35 - [MESSAGE][PASSED] - Object: 'Object Repository/Sanity Test/ChiraghHomeUIpages/Page_Chiragh - Home/h4_When its time to sell you are in control_bf89f4' is clicked on

2020-06-03 18:00:35 - [TEST_STEP][PASSED] - click(findTestObject("Object Repository/Sanity Test/ChiraghHomeUIpages/Page_Chiragh - Home/h4_Financial Partners")): Object: 'Object Repository/Sanity Test/ChiraghHomeUIpages/Page_Chiragh - Home/h4_Financial Partners' is clicked on

2020-06-03 18:00:36 - [MESSAGE][PASSED] - Object: 'Object Repository/Sanity Test/ChiraghHomeUIpages/Page_Chiragh - Home/h4_Financial Partners' is clicked on

2020-06-03 18:00:36 - [TEST_STEP][PASSED] - click(findTestObject("Object Repository/Sanity Test/ChiraghHomeUIpages/Page_Chiragh - Home/h5_Check your mortgage eligibility")): Object: 'Object Repository/Sanity Test/ChiraghHomeUIpages/Page_Chiragh - Home/h5_Check your mortgage eligibility' is clicked on

2020-06-03 18:00:37 - [MESSAGE][PASSED] - Object: 'Object Repository/Sanity Test/ChiraghHomeUIpages/Page_Chiragh - Home/h5_Check your mortgage eligibility' is clicked on

2020-06-03 18:00:37 - [TEST_STEP][PASSED] - click(findTestObject("Object Repository/Sanity Test/ChiraghHomeUIpages/Page_Chiragh - Home/h6_Convenient Multi-currency")): Object: 'Object Repository/Sanity Test/ChiraghHomeUIpages/Page_Chiragh - Home/h6_Convenient Multi-currency' is clicked on

2020-06-03 18:00:38 - [MESSAGE][PASSED] - Object: 'Object Repository/Sanity Test/ChiraghHomeUIpages/Page_Chiragh - Home/h6_Convenient Multi-currency' is clicked on

2020-06-03 18:00:38 - [TEST_STEP][PASSED] - click(findTestObject("Object Repository/Sanity Test/ChiraghHomeUIpages/Page_Chiragh - Home/h2_Auction Deposit  withdrawal")): Object: 'Object Repository/Sanity Test/ChiraghHomeUIpages/Page_Chiragh - Home/h2_Auction Deposit  withdrawal' is clicked on

2020-06-03 18:00:39 - [MESSAGE][PASSED] - Object: 'Object Repository/Sanity Test/ChiraghHomeUIpages/Page_Chiragh - Home/h2_Auction Deposit  withdrawal' is clicked on

2020-06-03 18:00:39 - [TEST_STEP][PASSED] - click(findTestObject("Object Repository/Sanity Test/ChiraghHomeUIpages/Page_Chiragh - Home/h5_Depositing or withdrawing money is simpl_b81dd9")): Object: 'Object Repository/Sanity Test/ChiraghHomeUIpages/Page_Chiragh - Home/h5_Depositing or withdrawing money is simpl_b81dd9' is clicked on

2020-06-03 18:00:40 - [MESSAGE][PASSED] - Object: 'Object Repository/Sanity Test/ChiraghHomeUIpages/Page_Chiragh - Home/h5_Depositing or withdrawing money is simpl_b81dd9' is clicked on

2020-06-03 18:00:40 - [TEST_STEP][PASSED] - click(findTestObject("Object Repository/Sanity Test/ChiraghHomeUIpages/Page_Chiragh - Home/h3_Help center")): Object: 'Object Repository/Sanity Test/ChiraghHomeUIpages/Page_Chiragh - Home/h3_Help center' is clicked on

2020-06-03 18:00:41 - [MESSAGE][PASSED] - Object: 'Object Repository/Sanity Test/ChiraghHomeUIpages/Page_Chiragh - Home/h3_Help center' is clicked on

2020-06-03 18:00:41 - [TEST_STEP][PASSED] - click(findTestObject("Object Repository/Sanity Test/ChiraghHomeUIpages/Page_Chiragh - Home/h4_How it works")): Object: 'Object Repository/Sanity Test/ChiraghHomeUIpages/Page_Chiragh - Home/h4_How it works' is clicked on

2020-06-03 18:00:42 - [MESSAGE][PASSED] - Object: 'Object Repository/Sanity Test/ChiraghHomeUIpages/Page_Chiragh - Home/h4_How it works' is clicked on

2020-06-03 18:00:42 - [TEST_STEP][PASSED] - click(findTestObject("Object Repository/Sanity Test/ChiraghHomeUIpages/Page_Chiragh - Home/h5_How to buy")): Object: 'Object Repository/Sanity Test/ChiraghHomeUIpages/Page_Chiragh - Home/h5_How to buy' is clicked on

2020-06-03 18:00:43 - [MESSAGE][PASSED] - Object: 'Object Repository/Sanity Test/ChiraghHomeUIpages/Page_Chiragh - Home/h5_How to buy' is clicked on

2020-06-03 18:00:43 - [TEST_STEP][PASSED] - click(findTestObject("Object Repository/Sanity Test/ChiraghHomeUIpages/Page_Chiragh - Home/h5_How to sell")): Object: 'Object Repository/Sanity Test/ChiraghHomeUIpages/Page_Chiragh - Home/h5_How to sell' is clicked on

2020-06-03 18:00:44 - [MESSAGE][PASSED] - Object: 'Object Repository/Sanity Test/ChiraghHomeUIpages/Page_Chiragh - Home/h5_How to sell' is clicked on

2020-06-03 18:00:44 - [TEST_STEP][PASSED] - click(findTestObject("Object Repository/Sanity Test/ChiraghHomeUIpages/Page_Chiragh - Home/h5_Our Partners")): Object: 'Object Repository/Sanity Test/ChiraghHomeUIpages/Page_Chiragh - Home/h5_Our Partners' is clicked on

2020-06-03 18:00:45 - [MESSAGE][PASSED] - Object: 'Object Repository/Sanity Test/ChiraghHomeUIpages/Page_Chiragh - Home/h5_Our Partners' is clicked on

2020-06-03 18:00:45 - [TEST_STEP][PASSED] - click(findTestObject("Object Repository/Sanity Test/ChiraghHomeUIpages/Page_Chiragh - Home/h5_How can we Assist")): Object: 'Object Repository/Sanity Test/ChiraghHomeUIpages/Page_Chiragh - Home/h5_How can we Assist' is clicked on

2020-06-03 18:00:46 - [MESSAGE][PASSED] - Object: 'Object Repository/Sanity Test/ChiraghHomeUIpages/Page_Chiragh - Home/h5_How can we Assist' is clicked on

2020-06-03 18:00:46 - [TEST_STEP][PASSED] - click(findTestObject("Object Repository/Sanity Test/ChiraghHomeUIpages/Page_Chiragh - Home/div_About Us")): Object: 'Object Repository/Sanity Test/ChiraghHomeUIpages/Page_Chiragh - Home/div_About Us' is clicked on

2020-06-03 18:00:47 - [MESSAGE][PASSED] - Object: 'Object Repository/Sanity Test/ChiraghHomeUIpages/Page_Chiragh - Home/div_About Us' is clicked on

2020-06-03 18:00:47 - [TEST_STEP][PASSED] - click(findTestObject("Object Repository/Sanity Test/ChiraghHomeUIpages/Page_Chiragh - Home/div_Our mission is to provide a user-friend_97e858")): Object: 'Object Repository/Sanity Test/ChiraghHomeUIpages/Page_Chiragh - Home/div_Our mission is to provide a user-friend_97e858' is clicked on

2020-06-03 18:00:48 - [MESSAGE][PASSED] - Object: 'Object Repository/Sanity Test/ChiraghHomeUIpages/Page_Chiragh - Home/div_Our mission is to provide a user-friend_97e858' is clicked on

2020-06-03 18:00:48 - [TEST_STEP][PASSED] - click(findTestObject("Object Repository/Sanity Test/ChiraghHomeUIpages/Page_Chiragh - Home/div_Quick Links")): Object: 'Object Repository/Sanity Test/ChiraghHomeUIpages/Page_Chiragh - Home/div_Quick Links' is clicked on

2020-06-03 18:00:49 - [MESSAGE][PASSED] - Object: 'Object Repository/Sanity Test/ChiraghHomeUIpages/Page_Chiragh - Home/div_Quick Links' is clicked on

2020-06-03 18:00:49 - [TEST_STEP][PASSED] - click(findTestObject("Object Repository/Sanity Test/ChiraghHomeUIpages/Page_Chiragh - Home/div_Newsletter")): Object: 'Object Repository/Sanity Test/ChiraghHomeUIpages/Page_Chiragh - Home/div_Newsletter' is clicked on

2020-06-03 18:00:50 - [MESSAGE][PASSED] - Object: 'Object Repository/Sanity Test/ChiraghHomeUIpages/Page_Chiragh - Home/div_Newsletter' is clicked on

2020-06-03 18:00:50 - [TEST_STEP][PASSED] - click(findTestObject("Object Repository/Sanity Test/ChiraghHomeUIpages/Page_Chiragh - Home/div_Dont miss a chance to get a best deal S_65e1a0")): Object: 'Object Repository/Sanity Test/ChiraghHomeUIpages/Page_Chiragh - Home/div_Dont miss a chance to get a best deal S_65e1a0' is clicked on

2020-06-03 18:00:51 - [MESSAGE][PASSED] - Object: 'Object Repository/Sanity Test/ChiraghHomeUIpages/Page_Chiragh - Home/div_Dont miss a chance to get a best deal S_65e1a0' is clicked on

2020-06-03 18:00:51 - [TEST_STEP][PASSED] - click(findTestObject("Object Repository/Sanity Test/ChiraghHomeUIpages/Page_Chiragh - Home/div_Contact")): Object: 'Object Repository/Sanity Test/ChiraghHomeUIpages/Page_Chiragh - Home/div_Contact' is clicked on

2020-06-03 18:00:52 - [MESSAGE][PASSED] - Object: 'Object Repository/Sanity Test/ChiraghHomeUIpages/Page_Chiragh - Home/div_Contact' is clicked on

2020-06-03 18:00:52 - [TEST_STEP][PASSED] - click(findTestObject("Object Repository/Sanity Test/ChiraghHomeUIpages/Page_Chiragh - Home/div_109-110 Building  6 Emaar Gold  Diamond_c60f27")): Object: 'Object Repository/Sanity Test/ChiraghHomeUIpages/Page_Chiragh - Home/div_109-110 Building  6 Emaar Gold  Diamond_c60f27' is clicked on

2020-06-03 18:00:53 - [MESSAGE][PASSED] - Object: 'Object Repository/Sanity Test/ChiraghHomeUIpages/Page_Chiragh - Home/div_109-110 Building  6 Emaar Gold  Diamond_c60f27' is clicked on

2020-06-03 18:00:53 - [TEST_STEP][PASSED] - click(findTestObject("Object Repository/Sanity Test/ChiraghHomeUIpages/Page_Chiragh - Home/div_971 4338 8823 Sunday to Thursday 900 am_906058")): Object: 'Object Repository/Sanity Test/ChiraghHomeUIpages/Page_Chiragh - Home/div_971 4338 8823 Sunday to Thursday 900 am_906058' is clicked on

2020-06-03 18:00:54 - [MESSAGE][PASSED] - Object: 'Object Repository/Sanity Test/ChiraghHomeUIpages/Page_Chiragh - Home/div_971 4338 8823 Sunday to Thursday 900 am_906058' is clicked on

2020-06-03 18:00:54 - [TEST_STEP][PASSED] - click(findTestObject("Object Repository/Sanity Test/ChiraghHomeUIpages/Page_Chiragh - Home/div_Copyright  Chiraghcom")): Object: 'Object Repository/Sanity Test/ChiraghHomeUIpages/Page_Chiragh - Home/div_Copyright  Chiraghcom' is clicked on

2020-06-03 18:00:55 - [MESSAGE][PASSED] - Object: 'Object Repository/Sanity Test/ChiraghHomeUIpages/Page_Chiragh - Home/div_Copyright  Chiraghcom' is clicked on

2020-06-03 18:00:55 - [TEST_STEP][PASSED] - click(findTestObject("Object Repository/Sanity Test/ChiraghHomeUIpages/Page_Chiragh - Home/div_Licensed by Dubai Land Department (DLD)")): Object: 'Object Repository/Sanity Test/ChiraghHomeUIpages/Page_Chiragh - Home/div_Licensed by Dubai Land Department (DLD)' is clicked on

2020-06-03 18:00:56 - [MESSAGE][PASSED] - Object: 'Object Repository/Sanity Test/ChiraghHomeUIpages/Page_Chiragh - Home/div_Licensed by Dubai Land Department (DLD)' is clicked on

2020-06-03 18:00:56 - [TEST_STEP][PASSED] - click(findTestObject("Object Repository/Sanity Test/ChiraghHomeUIpages/Page_Chiragh - Home/div_109-110 Building  6 Emaar Gold  Diamond_c60f27")): Object: 'Object Repository/Sanity Test/ChiraghHomeUIpages/Page_Chiragh - Home/div_109-110 Building  6 Emaar Gold  Diamond_c60f27' is clicked on

2020-06-03 18:00:57 - [MESSAGE][PASSED] - Object: 'Object Repository/Sanity Test/ChiraghHomeUIpages/Page_Chiragh - Home/div_109-110 Building  6 Emaar Gold  Diamond_c60f27' is clicked on

2020-06-03 18:00:57 - [TEST_STEP][PASSED] - click(findTestObject("Object Repository/Sanity Test/ChiraghHomeUIpages/Page_Chiragh - Home/div_971 4338 8823 Sunday to Thursday 900 am_906058")): Object: 'Object Repository/Sanity Test/ChiraghHomeUIpages/Page_Chiragh - Home/div_971 4338 8823 Sunday to Thursday 900 am_906058' is clicked on

2020-06-03 18:00:58 - [MESSAGE][PASSED] - Object: 'Object Repository/Sanity Test/ChiraghHomeUIpages/Page_Chiragh - Home/div_971 4338 8823 Sunday to Thursday 900 am_906058' is clicked on

2020-06-03 18:00:58 - [TEST_STEP][PASSED] - click(findTestObject("Object Repository/Sanity Test/ChiraghHomeUIpages/Page_Chiragh - Home/p_Sunday to Thursday 900 am to 600 pm")): Object: 'Object Repository/Sanity Test/ChiraghHomeUIpages/Page_Chiragh - Home/p_Sunday to Thursday 900 am to 600 pm' is clicked on

2020-06-03 18:00:59 - [MESSAGE][PASSED] - Object: 'Object Repository/Sanity Test/ChiraghHomeUIpages/Page_Chiragh - Home/p_Sunday to Thursday 900 am to 600 pm' is clicked on

2020-06-03 18:00:59 - [TEST_STEP][PASSED] - click(findTestObject("Object Repository/Sanity Test/ChiraghHomeUIpages/Page_Chiragh - Home/p_Saturdays 930 am to 500 pm")): Object: 'Object Repository/Sanity Test/ChiraghHomeUIpages/Page_Chiragh - Home/p_Saturdays 930 am to 500 pm' is clicked on

2020-06-03 18:01:00 - [MESSAGE][PASSED] - Object: 'Object Repository/Sanity Test/ChiraghHomeUIpages/Page_Chiragh - Home/p_Saturdays 930 am to 500 pm' is clicked on

2020-06-03 18:01:00 - [TEST_STEP][PASSED] - click(findTestObject("Object Repository/Sanity Test/ChiraghHomeUIpages/Page_Chiragh - Home/div_971 4338 8823 Sunday to Thursday 900 am_906058")): Object: 'Object Repository/Sanity Test/ChiraghHomeUIpages/Page_Chiragh - Home/div_971 4338 8823 Sunday to Thursday 900 am_906058' is clicked on

2020-06-03 18:01:01 - [MESSAGE][PASSED] - Object: 'Object Repository/Sanity Test/ChiraghHomeUIpages/Page_Chiragh - Home/div_971 4338 8823 Sunday to Thursday 900 am_906058' is clicked on

2020-06-03 18:01:01 - [TEST_STEP][PASSED] - closeBrowser(): Browser is closed

2020-06-03 18:01:03 - [MESSAGE][PASSED] - Browser is closed

2020-06-03 18:01:05 - [TEST_STEP][PASSED] - Video: Video recording for test case 'Test Cases/Sanity Tests/Buy_mainLandingPage_2' .

2020-06-03 18:01:05 - [MESSAGE][INFO] - Video recording for test case 'Test Cases/Sanity Tests/Buy_mainLandingPage_2' .
[[ATTACHMENT|C:\\Users\\Ihsan\\git\\chiraghAdminPanel\\Reports\\20200603_175719\\SanityTests\\SanityTest\\20200603_175719/videos\\test_2.mov]]]]></system-out>
         <system-err><![CDATA[]]></system-err>
      </testcase>
      <testcase name="Test Cases/Sanity Tests/Buy_Property_Click(BuyTab)_4" time="72.519" classname="Test Cases/Sanity Tests/Buy_Property_Click(BuyTab)_4" status="PASSED">
         <system-out><![CDATA[2020-06-03 18:01:05 - [TEST_CASE][PASSED] - Test Cases/Sanity Tests/Buy_Property_Click(BuyTab)_4: Test Cases/Sanity Tests/Buy_Property_Click(BuyTab)_4

2020-06-03 18:01:06 - [TEST_STEP][PASSED] - openBrowser(""): Browser is opened with url: ''

2020-06-03 18:01:06 - [MESSAGE][INFO] - Starting 'Firefox' driver

2020-06-03 18:01:06 - [MESSAGE][INFO] - Action delay is set to 0 milliseconds

2020-06-03 18:01:11 - [MESSAGE][PASSED] - Browser is opened with url: ''

2020-06-03 18:01:11 - [TEST_STEP][PASSED] - navigateToUrl(Url): Navigate to 'http://test.chiragh.com' successfully

2020-06-03 18:01:27 - [MESSAGE][PASSED] - Navigate to 'http://test.chiragh.com' successfully

2020-06-03 18:01:27 - [TEST_STEP][PASSED] - click(findTestObject("Object Repository/Sanity Test/BuyerPropertyTab/Page_Chiragh - Home/a_BUY")): Object: 'Object Repository/Sanity Test/BuyerPropertyTab/Page_Chiragh - Home/a_BUY' is clicked on

2020-06-03 18:01:29 - [MESSAGE][PASSED] - Object: 'Object Repository/Sanity Test/BuyerPropertyTab/Page_Chiragh - Home/a_BUY' is clicked on

2020-06-03 18:01:29 - [TEST_STEP][PASSED] - verifyElementPresent(findTestObject("Object Repository/Sanity Test/BuyerPropertyTab/Page_Chiragh - Buy Property/h1_We Build Trust"), 5): Object 'Object Repository/Sanity Test/BuyerPropertyTab/Page_Chiragh - Buy Property/h1_We Build Trust' is present

2020-06-03 18:01:30 - [MESSAGE][PASSED] - Object 'Object Repository/Sanity Test/BuyerPropertyTab/Page_Chiragh - Buy Property/h1_We Build Trust' is present

2020-06-03 18:01:30 - [TEST_STEP][PASSED] - verifyElementPresent(findTestObject("Object Repository/Sanity Test/BuyerPropertyTab/Page_Chiragh - Buy Property/p_hundreds of registered users have placed _b9b8bc"), 5): Object 'Object Repository/Sanity Test/BuyerPropertyTab/Page_Chiragh - Buy Property/p_hundreds of registered users have placed _b9b8bc' is present

2020-06-03 18:01:30 - [MESSAGE][PASSED] - Object 'Object Repository/Sanity Test/BuyerPropertyTab/Page_Chiragh - Buy Property/p_hundreds of registered users have placed _b9b8bc' is present

2020-06-03 18:01:30 - [TEST_STEP][PASSED] - verifyElementPresent(findTestObject("Object Repository/Sanity Test/BuyerPropertyTab/Page_Chiragh - Buy Property/h2_Current Auctions"), 5): Object 'Object Repository/Sanity Test/BuyerPropertyTab/Page_Chiragh - Buy Property/h2_Current Auctions' is present

2020-06-03 18:01:31 - [MESSAGE][PASSED] - Object 'Object Repository/Sanity Test/BuyerPropertyTab/Page_Chiragh - Buy Property/h2_Current Auctions' is present

2020-06-03 18:01:31 - [TEST_STEP][PASSED] - verifyElementPresent(findTestObject("Object Repository/Sanity Test/BuyerPropertyTab/Page_Chiragh - Buy Property/h6_ACTIVE AUCTIONS IN PROCESS"), 5): Object 'Object Repository/Sanity Test/BuyerPropertyTab/Page_Chiragh - Buy Property/h6_ACTIVE AUCTIONS IN PROCESS' is present

2020-06-03 18:01:31 - [MESSAGE][PASSED] - Object 'Object Repository/Sanity Test/BuyerPropertyTab/Page_Chiragh - Buy Property/h6_ACTIVE AUCTIONS IN PROCESS' is present

2020-06-03 18:01:31 - [TEST_STEP][PASSED] - scrollToElement(findTestObject("Object Repository/Sanity Test/BuyerPropertyTab/Page_Chiragh - Buy Property/h5_Our Partners"), 1): Scroll to object 'Object Repository/Sanity Test/BuyerPropertyTab/Page_Chiragh - Buy Property/h5_Our Partners' successfully

2020-06-03 18:01:32 - [MESSAGE][PASSED] - Scroll to object 'Object Repository/Sanity Test/BuyerPropertyTab/Page_Chiragh - Buy Property/h5_Our Partners' successfully

2020-06-03 18:01:32 - [TEST_STEP][PASSED] - click(findTestObject("Object Repository/Sanity Test/BuyerPropertyTab/Page_Chiragh - Buy Property/div_About Us")): Object: 'Object Repository/Sanity Test/BuyerPropertyTab/Page_Chiragh - Buy Property/div_About Us' is clicked on

2020-06-03 18:01:33 - [MESSAGE][PASSED] - Object: 'Object Repository/Sanity Test/BuyerPropertyTab/Page_Chiragh - Buy Property/div_About Us' is clicked on

2020-06-03 18:01:33 - [TEST_STEP][PASSED] - click(findTestObject("Object Repository/Sanity Test/BuyerPropertyTab/Page_Chiragh - Buy Property/div_Our mission is to provide a user-friend_97e858")): Object: 'Object Repository/Sanity Test/BuyerPropertyTab/Page_Chiragh - Buy Property/div_Our mission is to provide a user-friend_97e858' is clicked on

2020-06-03 18:01:33 - [MESSAGE][PASSED] - Object: 'Object Repository/Sanity Test/BuyerPropertyTab/Page_Chiragh - Buy Property/div_Our mission is to provide a user-friend_97e858' is clicked on

2020-06-03 18:01:33 - [TEST_STEP][PASSED] - click(findTestObject("Object Repository/Sanity Test/BuyerPropertyTab/Page_Chiragh - Buy Property/div_Quick Links")): Object: 'Object Repository/Sanity Test/BuyerPropertyTab/Page_Chiragh - Buy Property/div_Quick Links' is clicked on

2020-06-03 18:01:34 - [MESSAGE][PASSED] - Object: 'Object Repository/Sanity Test/BuyerPropertyTab/Page_Chiragh - Buy Property/div_Quick Links' is clicked on

2020-06-03 18:01:34 - [TEST_STEP][PASSED] - click(findTestObject("Object Repository/Sanity Test/BuyerPropertyTab/Page_Chiragh - Buy Property/div_Newsletter")): Object: 'Object Repository/Sanity Test/BuyerPropertyTab/Page_Chiragh - Buy Property/div_Newsletter' is clicked on

2020-06-03 18:01:35 - [MESSAGE][PASSED] - Object: 'Object Repository/Sanity Test/BuyerPropertyTab/Page_Chiragh - Buy Property/div_Newsletter' is clicked on

2020-06-03 18:01:35 - [TEST_STEP][PASSED] - click(findTestObject("Object Repository/Sanity Test/BuyerPropertyTab/Page_Chiragh - Buy Property/div_Dont miss a chance to get a best deal S_65e1a0")): Object: 'Object Repository/Sanity Test/BuyerPropertyTab/Page_Chiragh - Buy Property/div_Dont miss a chance to get a best deal S_65e1a0' is clicked on

2020-06-03 18:01:36 - [MESSAGE][PASSED] - Object: 'Object Repository/Sanity Test/BuyerPropertyTab/Page_Chiragh - Buy Property/div_Dont miss a chance to get a best deal S_65e1a0' is clicked on

2020-06-03 18:01:36 - [TEST_STEP][PASSED] - click(findTestObject("Object Repository/Sanity Test/BuyerPropertyTab/Page_Chiragh - Buy Property/div_Contact")): Object: 'Object Repository/Sanity Test/BuyerPropertyTab/Page_Chiragh - Buy Property/div_Contact' is clicked on

2020-06-03 18:01:37 - [MESSAGE][PASSED] - Object: 'Object Repository/Sanity Test/BuyerPropertyTab/Page_Chiragh - Buy Property/div_Contact' is clicked on

2020-06-03 18:01:37 - [TEST_STEP][PASSED] - click(findTestObject("Object Repository/Sanity Test/BuyerPropertyTab/Page_Chiragh - Buy Property/div_109-110 Building  6 Emaar Gold  Diamond_c60f27")): Object: 'Object Repository/Sanity Test/BuyerPropertyTab/Page_Chiragh - Buy Property/div_109-110 Building  6 Emaar Gold  Diamond_c60f27' is clicked on

2020-06-03 18:01:38 - [MESSAGE][PASSED] - Object: 'Object Repository/Sanity Test/BuyerPropertyTab/Page_Chiragh - Buy Property/div_109-110 Building  6 Emaar Gold  Diamond_c60f27' is clicked on

2020-06-03 18:01:38 - [TEST_STEP][PASSED] - click(findTestObject("Object Repository/Sanity Test/BuyerPropertyTab/Page_Chiragh - Buy Property/div_971 4338 8823 Sunday to Thursday 900 am_906058")): Object: 'Object Repository/Sanity Test/BuyerPropertyTab/Page_Chiragh - Buy Property/div_971 4338 8823 Sunday to Thursday 900 am_906058' is clicked on

2020-06-03 18:01:39 - [MESSAGE][PASSED] - Object: 'Object Repository/Sanity Test/BuyerPropertyTab/Page_Chiragh - Buy Property/div_971 4338 8823 Sunday to Thursday 900 am_906058' is clicked on

2020-06-03 18:01:39 - [TEST_STEP][PASSED] - click(findTestObject("Object Repository/Sanity Test/BuyerPropertyTab/Page_Chiragh - Buy Property/h2_Current Auctions")): Object: 'Object Repository/Sanity Test/BuyerPropertyTab/Page_Chiragh - Buy Property/h2_Current Auctions' is clicked on

2020-06-03 18:01:40 - [MESSAGE][PASSED] - Object: 'Object Repository/Sanity Test/BuyerPropertyTab/Page_Chiragh - Buy Property/h2_Current Auctions' is clicked on

2020-06-03 18:01:40 - [TEST_STEP][PASSED] - click(findTestObject("Object Repository/Sanity Test/BuyerPropertyTab/Page_Chiragh - Buy Property/img_ACTIVE AUCTIONS IN PROCESS_wow zoomIn")): Object: 'Object Repository/Sanity Test/BuyerPropertyTab/Page_Chiragh - Buy Property/img_ACTIVE AUCTIONS IN PROCESS_wow zoomIn' is clicked on

2020-06-03 18:01:41 - [MESSAGE][PASSED] - Object: 'Object Repository/Sanity Test/BuyerPropertyTab/Page_Chiragh - Buy Property/img_ACTIVE AUCTIONS IN PROCESS_wow zoomIn' is clicked on

2020-06-03 18:01:41 - [TEST_STEP][PASSED] - click(findTestObject("Object Repository/Sanity Test/BuyerPropertyTab/Page_Chiragh - Property Detail/b_230000 sqm")): Object: 'Object Repository/Sanity Test/BuyerPropertyTab/Page_Chiragh - Property Detail/b_230000 sqm' is clicked on

2020-06-03 18:02:14 - [MESSAGE][PASSED] - Object: 'Object Repository/Sanity Test/BuyerPropertyTab/Page_Chiragh - Property Detail/b_230000 sqm' is clicked on

2020-06-03 18:02:14 - [TEST_STEP][PASSED] - closeBrowser(): Browser is closed

2020-06-03 18:02:16 - [MESSAGE][PASSED] - Browser is closed

2020-06-03 18:02:18 - [TEST_STEP][PASSED] - Video: Video recording for test case 'Test Cases/Sanity Tests/Buy_Property_Click(BuyTab)_4' .

2020-06-03 18:02:18 - [MESSAGE][INFO] - Video recording for test case 'Test Cases/Sanity Tests/Buy_Property_Click(BuyTab)_4' .
[[ATTACHMENT|C:\\Users\\Ihsan\\git\\chiraghAdminPanel\\Reports\\20200603_175719\\SanityTests\\SanityTest\\20200603_175719/videos\\test_3.mov]]]]></system-out>
         <system-err><![CDATA[]]></system-err>
      </testcase>
      <testcase name="Test Cases/Sanity Tests/Chiragh_HomePages_UI" time="120.216" classname="Test Cases/Sanity Tests/Chiragh_HomePages_UI" status="PASSED">
         <system-out><![CDATA[2020-06-03 18:02:18 - [TEST_CASE][PASSED] - Test Cases/Sanity Tests/Chiragh_HomePages_UI: Test Cases/Sanity Tests/Chiragh_HomePages_UI

2020-06-03 18:02:18 - [TEST_STEP][PASSED] - openBrowser(""): Browser is opened with url: ''

2020-06-03 18:02:18 - [MESSAGE][INFO] - Starting 'Firefox' driver

2020-06-03 18:02:18 - [MESSAGE][INFO] - Action delay is set to 0 milliseconds

2020-06-03 18:02:24 - [MESSAGE][PASSED] - Browser is opened with url: ''

2020-06-03 18:02:24 - [TEST_STEP][PASSED] - navigateToUrl("http://test.chiragh.com/"): Navigate to 'http://test.chiragh.com/' successfully

2020-06-03 18:02:38 - [MESSAGE][PASSED] - Navigate to 'http://test.chiragh.com/' successfully

2020-06-03 18:02:38 - [TEST_STEP][PASSED] - click(findTestObject("Object Repository/Sanity Test/ChiraghHomeUIpages/Page_Chiragh - Home/img")): Object: 'Object Repository/Sanity Test/ChiraghHomeUIpages/Page_Chiragh - Home/img' is clicked on

2020-06-03 18:02:40 - [MESSAGE][PASSED] - Object: 'Object Repository/Sanity Test/ChiraghHomeUIpages/Page_Chiragh - Home/img' is clicked on

2020-06-03 18:02:40 - [TEST_STEP][PASSED] - click(findTestObject("Object Repository/Sanity Test/ChiraghHomeUIpages/Page_Chiragh - Home/a_ENG")): Object: 'Object Repository/Sanity Test/ChiraghHomeUIpages/Page_Chiragh - Home/a_ENG' is clicked on

2020-06-03 18:02:40 - [MESSAGE][PASSED] - Object: 'Object Repository/Sanity Test/ChiraghHomeUIpages/Page_Chiragh - Home/a_ENG' is clicked on

2020-06-03 18:02:40 - [TEST_STEP][PASSED] - click(findTestObject("Object Repository/Sanity Test/ChiraghHomeUIpages/Page_Chiragh - Home/a_ARA(UAE)")): Object: 'Object Repository/Sanity Test/ChiraghHomeUIpages/Page_Chiragh - Home/a_ARA(UAE)' is clicked on

2020-06-03 18:02:41 - [MESSAGE][PASSED] - Object: 'Object Repository/Sanity Test/ChiraghHomeUIpages/Page_Chiragh - Home/a_ARA(UAE)' is clicked on

2020-06-03 18:02:41 - [TEST_STEP][PASSED] - click(findTestObject("Object Repository/Sanity Test/ChiraghHomeUIpages/Page_Chiragh - Home/a_ENG")): Object: 'Object Repository/Sanity Test/ChiraghHomeUIpages/Page_Chiragh - Home/a_ENG' is clicked on

2020-06-03 18:02:42 - [MESSAGE][PASSED] - Object: 'Object Repository/Sanity Test/ChiraghHomeUIpages/Page_Chiragh - Home/a_ENG' is clicked on

2020-06-03 18:02:42 - [TEST_STEP][PASSED] - click(findTestObject("Object Repository/Sanity Test/ChiraghHomeUIpages/Page_Chiragh - Home/a_ENG_1")): Object: 'Object Repository/Sanity Test/ChiraghHomeUIpages/Page_Chiragh - Home/a_ENG_1' is clicked on

2020-06-03 18:02:43 - [MESSAGE][PASSED] - Object: 'Object Repository/Sanity Test/ChiraghHomeUIpages/Page_Chiragh - Home/a_ENG_1' is clicked on

2020-06-03 18:02:43 - [TEST_STEP][PASSED] - click(findTestObject("Object Repository/Sanity Test/ChiraghHomeUIpages/Page_Chiragh - Home/a_ENG_dropdownMenuLink")): Object: 'Object Repository/Sanity Test/ChiraghHomeUIpages/Page_Chiragh - Home/a_ENG_dropdownMenuLink' is clicked on

2020-06-03 18:02:44 - [MESSAGE][PASSED] - Object: 'Object Repository/Sanity Test/ChiraghHomeUIpages/Page_Chiragh - Home/a_ENG_dropdownMenuLink' is clicked on

2020-06-03 18:02:44 - [TEST_STEP][PASSED] - click(findTestObject("Object Repository/Sanity Test/ChiraghHomeUIpages/Page_Chiragh - Home/svg_Guest_svg-inline--fa fa-user fa-w-16")): Object: 'Object Repository/Sanity Test/ChiraghHomeUIpages/Page_Chiragh - Home/svg_Guest_svg-inline--fa fa-user fa-w-16' is clicked on

2020-06-03 18:02:45 - [MESSAGE][PASSED] - Object: 'Object Repository/Sanity Test/ChiraghHomeUIpages/Page_Chiragh - Home/svg_Guest_svg-inline--fa fa-user fa-w-16' is clicked on

2020-06-03 18:02:45 - [TEST_STEP][PASSED] - click(findTestObject("Object Repository/Sanity Test/ChiraghHomeUIpages/Page_Chiragh - Home/a_ENG_dropdownMenuLink")): Object: 'Object Repository/Sanity Test/ChiraghHomeUIpages/Page_Chiragh - Home/a_ENG_dropdownMenuLink' is clicked on

2020-06-03 18:02:46 - [MESSAGE][PASSED] - Object: 'Object Repository/Sanity Test/ChiraghHomeUIpages/Page_Chiragh - Home/a_ENG_dropdownMenuLink' is clicked on

2020-06-03 18:02:46 - [TEST_STEP][PASSED] - click(findTestObject("Object Repository/Sanity Test/ChiraghHomeUIpages/Page_Chiragh - Home/h1_Dubais Leading Online Real Estate Auction")): Object: 'Object Repository/Sanity Test/ChiraghHomeUIpages/Page_Chiragh - Home/h1_Dubais Leading Online Real Estate Auction' is clicked on

2020-06-03 18:02:47 - [MESSAGE][PASSED] - Object: 'Object Repository/Sanity Test/ChiraghHomeUIpages/Page_Chiragh - Home/h1_Dubais Leading Online Real Estate Auction' is clicked on

2020-06-03 18:02:47 - [TEST_STEP][PASSED] - click(findTestObject("Object Repository/Sanity Test/ChiraghHomeUIpages/Page_Chiragh - Home/p_Connecting Global Investment Community")): Object: 'Object Repository/Sanity Test/ChiraghHomeUIpages/Page_Chiragh - Home/p_Connecting Global Investment Community' is clicked on

2020-06-03 18:02:48 - [MESSAGE][PASSED] - Object: 'Object Repository/Sanity Test/ChiraghHomeUIpages/Page_Chiragh - Home/p_Connecting Global Investment Community' is clicked on

2020-06-03 18:02:48 - [TEST_STEP][PASSED] - click(findTestObject("Object Repository/Sanity Test/ChiraghHomeUIpages/Page_Chiragh - Home/a")): Object: 'Object Repository/Sanity Test/ChiraghHomeUIpages/Page_Chiragh - Home/a' is clicked on

2020-06-03 18:02:50 - [MESSAGE][PASSED] - Object: 'Object Repository/Sanity Test/ChiraghHomeUIpages/Page_Chiragh - Home/a' is clicked on

2020-06-03 18:02:50 - [TEST_STEP][PASSED] - click(findTestObject("Object Repository/Sanity Test/ChiraghHomeUIpages/Page_Chiragh - Home/h3_Advance Search")): Object: 'Object Repository/Sanity Test/ChiraghHomeUIpages/Page_Chiragh - Home/h3_Advance Search' is clicked on

2020-06-03 18:02:51 - [MESSAGE][PASSED] - Object: 'Object Repository/Sanity Test/ChiraghHomeUIpages/Page_Chiragh - Home/h3_Advance Search' is clicked on

2020-06-03 18:02:51 - [TEST_STEP][PASSED] - click(findTestObject("Object Repository/Sanity Test/ChiraghHomeUIpages/Page_Chiragh - Home/label_Type of Area")): Object: 'Object Repository/Sanity Test/ChiraghHomeUIpages/Page_Chiragh - Home/label_Type of Area' is clicked on

2020-06-03 18:02:51 - [MESSAGE][PASSED] - Object: 'Object Repository/Sanity Test/ChiraghHomeUIpages/Page_Chiragh - Home/label_Type of Area' is clicked on

2020-06-03 18:02:51 - [TEST_STEP][PASSED] - click(findTestObject("Object Repository/Sanity Test/ChiraghHomeUIpages/Page_Chiragh - Home/label_Type of Property")): Object: 'Object Repository/Sanity Test/ChiraghHomeUIpages/Page_Chiragh - Home/label_Type of Property' is clicked on

2020-06-03 18:02:52 - [MESSAGE][PASSED] - Object: 'Object Repository/Sanity Test/ChiraghHomeUIpages/Page_Chiragh - Home/label_Type of Property' is clicked on

2020-06-03 18:02:52 - [TEST_STEP][PASSED] - click(findTestObject("Object Repository/Sanity Test/ChiraghHomeUIpages/Page_Chiragh - Home/label_Status")): Object: 'Object Repository/Sanity Test/ChiraghHomeUIpages/Page_Chiragh - Home/label_Status' is clicked on

2020-06-03 18:02:53 - [MESSAGE][PASSED] - Object: 'Object Repository/Sanity Test/ChiraghHomeUIpages/Page_Chiragh - Home/label_Status' is clicked on

2020-06-03 18:02:53 - [TEST_STEP][PASSED] - click(findTestObject("Object Repository/Sanity Test/ChiraghHomeUIpages/Page_Chiragh - Home/label_City")): Object: 'Object Repository/Sanity Test/ChiraghHomeUIpages/Page_Chiragh - Home/label_City' is clicked on

2020-06-03 18:02:54 - [MESSAGE][PASSED] - Object: 'Object Repository/Sanity Test/ChiraghHomeUIpages/Page_Chiragh - Home/label_City' is clicked on

2020-06-03 18:02:54 - [TEST_STEP][PASSED] - click(findTestObject("Object Repository/Sanity Test/ChiraghHomeUIpages/Page_Chiragh - Home/label_Bed(min)")): Object: 'Object Repository/Sanity Test/ChiraghHomeUIpages/Page_Chiragh - Home/label_Bed(min)' is clicked on

2020-06-03 18:02:55 - [MESSAGE][PASSED] - Object: 'Object Repository/Sanity Test/ChiraghHomeUIpages/Page_Chiragh - Home/label_Bed(min)' is clicked on

2020-06-03 18:02:55 - [TEST_STEP][PASSED] - click(findTestObject("Object Repository/Sanity Test/ChiraghHomeUIpages/Page_Chiragh - Home/label_Bed(max)")): Object: 'Object Repository/Sanity Test/ChiraghHomeUIpages/Page_Chiragh - Home/label_Bed(max)' is clicked on

2020-06-03 18:02:56 - [MESSAGE][PASSED] - Object: 'Object Repository/Sanity Test/ChiraghHomeUIpages/Page_Chiragh - Home/label_Bed(max)' is clicked on

2020-06-03 18:02:56 - [TEST_STEP][PASSED] - click(findTestObject("Object Repository/Sanity Test/ChiraghHomeUIpages/Page_Chiragh - Home/label_Bath(min)")): Object: 'Object Repository/Sanity Test/ChiraghHomeUIpages/Page_Chiragh - Home/label_Bath(min)' is clicked on

2020-06-03 18:02:57 - [MESSAGE][PASSED] - Object: 'Object Repository/Sanity Test/ChiraghHomeUIpages/Page_Chiragh - Home/label_Bath(min)' is clicked on

2020-06-03 18:02:57 - [TEST_STEP][PASSED] - click(findTestObject("Object Repository/Sanity Test/ChiraghHomeUIpages/Page_Chiragh - Home/label_Bath(max)")): Object: 'Object Repository/Sanity Test/ChiraghHomeUIpages/Page_Chiragh - Home/label_Bath(max)' is clicked on

2020-06-03 18:02:58 - [MESSAGE][PASSED] - Object: 'Object Repository/Sanity Test/ChiraghHomeUIpages/Page_Chiragh - Home/label_Bath(max)' is clicked on

2020-06-03 18:02:58 - [TEST_STEP][PASSED] - click(findTestObject("Object Repository/Sanity Test/ChiraghHomeUIpages/Page_Chiragh - Home/label_Kitchen")): Object: 'Object Repository/Sanity Test/ChiraghHomeUIpages/Page_Chiragh - Home/label_Kitchen' is clicked on

2020-06-03 18:02:59 - [MESSAGE][PASSED] - Object: 'Object Repository/Sanity Test/ChiraghHomeUIpages/Page_Chiragh - Home/label_Kitchen' is clicked on

2020-06-03 18:02:59 - [TEST_STEP][PASSED] - click(findTestObject("Object Repository/Sanity Test/ChiraghHomeUIpages/Page_Chiragh - Home/label_Car Parking")): Object: 'Object Repository/Sanity Test/ChiraghHomeUIpages/Page_Chiragh - Home/label_Car Parking' is clicked on

2020-06-03 18:03:00 - [MESSAGE][PASSED] - Object: 'Object Repository/Sanity Test/ChiraghHomeUIpages/Page_Chiragh - Home/label_Car Parking' is clicked on

2020-06-03 18:03:00 - [TEST_STEP][PASSED] - click(findTestObject("Object Repository/Sanity Test/ChiraghHomeUIpages/Page_Chiragh - Home/label_Rent Status")): Object: 'Object Repository/Sanity Test/ChiraghHomeUIpages/Page_Chiragh - Home/label_Rent Status' is clicked on

2020-06-03 18:03:01 - [MESSAGE][PASSED] - Object: 'Object Repository/Sanity Test/ChiraghHomeUIpages/Page_Chiragh - Home/label_Rent Status' is clicked on

2020-06-03 18:03:01 - [TEST_STEP][PASSED] - click(findTestObject("Object Repository/Sanity Test/ChiraghHomeUIpages/Page_Chiragh - Home/label_Furnished")): Object: 'Object Repository/Sanity Test/ChiraghHomeUIpages/Page_Chiragh - Home/label_Furnished' is clicked on

2020-06-03 18:03:02 - [MESSAGE][PASSED] - Object: 'Object Repository/Sanity Test/ChiraghHomeUIpages/Page_Chiragh - Home/label_Furnished' is clicked on

2020-06-03 18:03:02 - [TEST_STEP][PASSED] - click(findTestObject("Object Repository/Sanity Test/ChiraghHomeUIpages/Page_Chiragh - Home/label_Currency")): Object: 'Object Repository/Sanity Test/ChiraghHomeUIpages/Page_Chiragh - Home/label_Currency' is clicked on

2020-06-03 18:03:03 - [MESSAGE][PASSED] - Object: 'Object Repository/Sanity Test/ChiraghHomeUIpages/Page_Chiragh - Home/label_Currency' is clicked on

2020-06-03 18:03:03 - [TEST_STEP][PASSED] - click(findTestObject("Object Repository/Sanity Test/ChiraghHomeUIpages/Page_Chiragh - Home/label_Price(min)")): Object: 'Object Repository/Sanity Test/ChiraghHomeUIpages/Page_Chiragh - Home/label_Price(min)' is clicked on

2020-06-03 18:03:04 - [MESSAGE][PASSED] - Object: 'Object Repository/Sanity Test/ChiraghHomeUIpages/Page_Chiragh - Home/label_Price(min)' is clicked on

2020-06-03 18:03:04 - [TEST_STEP][PASSED] - click(findTestObject("Object Repository/Sanity Test/ChiraghHomeUIpages/Page_Chiragh - Home/label_Price(max)")): Object: 'Object Repository/Sanity Test/ChiraghHomeUIpages/Page_Chiragh - Home/label_Price(max)' is clicked on

2020-06-03 18:03:05 - [MESSAGE][PASSED] - Object: 'Object Repository/Sanity Test/ChiraghHomeUIpages/Page_Chiragh - Home/label_Price(max)' is clicked on

2020-06-03 18:03:05 - [TEST_STEP][PASSED] - click(findTestObject("Object Repository/Sanity Test/ChiraghHomeUIpages/Page_Chiragh - Home/a_")): Object: 'Object Repository/Sanity Test/ChiraghHomeUIpages/Page_Chiragh - Home/a_' is clicked on

2020-06-03 18:03:05 - [MESSAGE][PASSED] - Object: 'Object Repository/Sanity Test/ChiraghHomeUIpages/Page_Chiragh - Home/a_' is clicked on

2020-06-03 18:03:05 - [TEST_STEP][PASSED] - click(findTestObject("Object Repository/Sanity Test/ChiraghHomeUIpages/Page_Chiragh - Home/img_1")): Object: 'Object Repository/Sanity Test/ChiraghHomeUIpages/Page_Chiragh - Home/img_1' is clicked on

2020-06-03 18:03:06 - [MESSAGE][PASSED] - Object: 'Object Repository/Sanity Test/ChiraghHomeUIpages/Page_Chiragh - Home/img_1' is clicked on

2020-06-03 18:03:06 - [TEST_STEP][PASSED] - click(findTestObject("Object Repository/Sanity Test/ChiraghHomeUIpages/Page_Chiragh - Home/p_Dubai Land Dept Regulated")): Object: 'Object Repository/Sanity Test/ChiraghHomeUIpages/Page_Chiragh - Home/p_Dubai Land Dept Regulated' is clicked on

2020-06-03 18:03:07 - [MESSAGE][PASSED] - Object: 'Object Repository/Sanity Test/ChiraghHomeUIpages/Page_Chiragh - Home/p_Dubai Land Dept Regulated' is clicked on

2020-06-03 18:03:07 - [TEST_STEP][PASSED] - click(findTestObject("Object Repository/Sanity Test/ChiraghHomeUIpages/Page_Chiragh - Home/img_1_2")): Object: 'Object Repository/Sanity Test/ChiraghHomeUIpages/Page_Chiragh - Home/img_1_2' is clicked on

2020-06-03 18:03:08 - [MESSAGE][PASSED] - Object: 'Object Repository/Sanity Test/ChiraghHomeUIpages/Page_Chiragh - Home/img_1_2' is clicked on

2020-06-03 18:03:08 - [TEST_STEP][PASSED] - click(findTestObject("Object Repository/Sanity Test/ChiraghHomeUIpages/Page_Chiragh - Home/p_Verified Properties")): Object: 'Object Repository/Sanity Test/ChiraghHomeUIpages/Page_Chiragh - Home/p_Verified Properties' is clicked on

2020-06-03 18:03:09 - [MESSAGE][PASSED] - Object: 'Object Repository/Sanity Test/ChiraghHomeUIpages/Page_Chiragh - Home/p_Verified Properties' is clicked on

2020-06-03 18:03:09 - [TEST_STEP][PASSED] - click(findTestObject("Object Repository/Sanity Test/ChiraghHomeUIpages/Page_Chiragh - Home/img_1_2_3")): Object: 'Object Repository/Sanity Test/ChiraghHomeUIpages/Page_Chiragh - Home/img_1_2_3' is clicked on

2020-06-03 18:03:10 - [MESSAGE][PASSED] - Object: 'Object Repository/Sanity Test/ChiraghHomeUIpages/Page_Chiragh - Home/img_1_2_3' is clicked on

2020-06-03 18:03:10 - [TEST_STEP][PASSED] - click(findTestObject("Object Repository/Sanity Test/ChiraghHomeUIpages/Page_Chiragh - Home/p_Third Party Valuation")): Object: 'Object Repository/Sanity Test/ChiraghHomeUIpages/Page_Chiragh - Home/p_Third Party Valuation' is clicked on

2020-06-03 18:03:11 - [MESSAGE][PASSED] - Object: 'Object Repository/Sanity Test/ChiraghHomeUIpages/Page_Chiragh - Home/p_Third Party Valuation' is clicked on

2020-06-03 18:03:11 - [TEST_STEP][PASSED] - click(findTestObject("Object Repository/Sanity Test/ChiraghHomeUIpages/Page_Chiragh - Home/img_1_2_3_4")): Object: 'Object Repository/Sanity Test/ChiraghHomeUIpages/Page_Chiragh - Home/img_1_2_3_4' is clicked on

2020-06-03 18:03:12 - [MESSAGE][PASSED] - Object: 'Object Repository/Sanity Test/ChiraghHomeUIpages/Page_Chiragh - Home/img_1_2_3_4' is clicked on

2020-06-03 18:03:12 - [TEST_STEP][PASSED] - click(findTestObject("Object Repository/Sanity Test/ChiraghHomeUIpages/Page_Chiragh - Home/p_Transparent Bidding")): Object: 'Object Repository/Sanity Test/ChiraghHomeUIpages/Page_Chiragh - Home/p_Transparent Bidding' is clicked on

2020-06-03 18:03:13 - [MESSAGE][PASSED] - Object: 'Object Repository/Sanity Test/ChiraghHomeUIpages/Page_Chiragh - Home/p_Transparent Bidding' is clicked on

2020-06-03 18:03:13 - [TEST_STEP][PASSED] - click(findTestObject("Object Repository/Sanity Test/ChiraghHomeUIpages/Page_Chiragh - Home/img_1_2_3_4_5")): Object: 'Object Repository/Sanity Test/ChiraghHomeUIpages/Page_Chiragh - Home/img_1_2_3_4_5' is clicked on

2020-06-03 18:03:14 - [MESSAGE][PASSED] - Object: 'Object Repository/Sanity Test/ChiraghHomeUIpages/Page_Chiragh - Home/img_1_2_3_4_5' is clicked on

2020-06-03 18:03:14 - [TEST_STEP][PASSED] - click(findTestObject("Object Repository/Sanity Test/ChiraghHomeUIpages/Page_Chiragh - Home/p_Open House Facility")): Object: 'Object Repository/Sanity Test/ChiraghHomeUIpages/Page_Chiragh - Home/p_Open House Facility' is clicked on

2020-06-03 18:03:15 - [MESSAGE][PASSED] - Object: 'Object Repository/Sanity Test/ChiraghHomeUIpages/Page_Chiragh - Home/p_Open House Facility' is clicked on

2020-06-03 18:03:15 - [TEST_STEP][PASSED] - click(findTestObject("Object Repository/Sanity Test/ChiraghHomeUIpages/Page_Chiragh - Home/h2_Current Auctions")): Object: 'Object Repository/Sanity Test/ChiraghHomeUIpages/Page_Chiragh - Home/h2_Current Auctions' is clicked on

2020-06-03 18:03:16 - [MESSAGE][PASSED] - Object: 'Object Repository/Sanity Test/ChiraghHomeUIpages/Page_Chiragh - Home/h2_Current Auctions' is clicked on

2020-06-03 18:03:16 - [TEST_STEP][PASSED] - click(findTestObject("Object Repository/Sanity Test/ChiraghHomeUIpages/Page_Chiragh - Home/h6_Active auctions in process")): Object: 'Object Repository/Sanity Test/ChiraghHomeUIpages/Page_Chiragh - Home/h6_Active auctions in process' is clicked on

2020-06-03 18:03:17 - [MESSAGE][PASSED] - Object: 'Object Repository/Sanity Test/ChiraghHomeUIpages/Page_Chiragh - Home/h6_Active auctions in process' is clicked on

2020-06-03 18:03:17 - [TEST_STEP][PASSED] - click(findTestObject("Object Repository/Sanity Test/ChiraghHomeUIpages/Page_Chiragh - Home/h6_PROPERTY ID 38965")): Object: 'Object Repository/Sanity Test/ChiraghHomeUIpages/Page_Chiragh - Home/h6_PROPERTY ID 38965' is clicked on

2020-06-03 18:03:18 - [MESSAGE][PASSED] - Object: 'Object Repository/Sanity Test/ChiraghHomeUIpages/Page_Chiragh - Home/h6_PROPERTY ID 38965' is clicked on

2020-06-03 18:03:18 - [TEST_STEP][PASSED] - click(findTestObject("Object Repository/Sanity Test/ChiraghHomeUIpages/Page_Chiragh - Home/div_5Days07Hours31Minutes16Seconds")): Object: 'Object Repository/Sanity Test/ChiraghHomeUIpages/Page_Chiragh - Home/div_5Days07Hours31Minutes16Seconds' is clicked on

2020-06-03 18:03:19 - [MESSAGE][PASSED] - Object: 'Object Repository/Sanity Test/ChiraghHomeUIpages/Page_Chiragh - Home/div_5Days07Hours31Minutes16Seconds' is clicked on

2020-06-03 18:03:19 - [TEST_STEP][PASSED] - click(findTestObject("Object Repository/Sanity Test/ChiraghHomeUIpages/Page_Chiragh - Home/b_230000  sqm")): Object: 'Object Repository/Sanity Test/ChiraghHomeUIpages/Page_Chiragh - Home/b_230000  sqm' is clicked on

2020-06-03 18:03:20 - [MESSAGE][PASSED] - Object: 'Object Repository/Sanity Test/ChiraghHomeUIpages/Page_Chiragh - Home/b_230000  sqm' is clicked on

2020-06-03 18:03:20 - [TEST_STEP][PASSED] - click(findTestObject("Object Repository/Sanity Test/ChiraghHomeUIpages/Page_Chiragh - Home/div_6 Beds")): Object: 'Object Repository/Sanity Test/ChiraghHomeUIpages/Page_Chiragh - Home/div_6 Beds' is clicked on

2020-06-03 18:03:21 - [MESSAGE][PASSED] - Object: 'Object Repository/Sanity Test/ChiraghHomeUIpages/Page_Chiragh - Home/div_6 Beds' is clicked on

2020-06-03 18:03:21 - [TEST_STEP][PASSED] - click(findTestObject("Object Repository/Sanity Test/ChiraghHomeUIpages/Page_Chiragh - Home/div_4 Baths")): Object: 'Object Repository/Sanity Test/ChiraghHomeUIpages/Page_Chiragh - Home/div_4 Baths' is clicked on

2020-06-03 18:03:22 - [MESSAGE][PASSED] - Object: 'Object Repository/Sanity Test/ChiraghHomeUIpages/Page_Chiragh - Home/div_4 Baths' is clicked on

2020-06-03 18:03:22 - [TEST_STEP][PASSED] - click(findTestObject("Object Repository/Sanity Test/ChiraghHomeUIpages/Page_Chiragh - Home/div_2 Parkings")): Object: 'Object Repository/Sanity Test/ChiraghHomeUIpages/Page_Chiragh - Home/div_2 Parkings' is clicked on

2020-06-03 18:03:23 - [MESSAGE][PASSED] - Object: 'Object Repository/Sanity Test/ChiraghHomeUIpages/Page_Chiragh - Home/div_2 Parkings' is clicked on

2020-06-03 18:03:23 - [TEST_STEP][PASSED] - click(findTestObject("Object Repository/Sanity Test/ChiraghHomeUIpages/Page_Chiragh - Home/img_1_2_3_4_5_6")): Object: 'Object Repository/Sanity Test/ChiraghHomeUIpages/Page_Chiragh - Home/img_1_2_3_4_5_6' is clicked on

2020-06-03 18:03:24 - [MESSAGE][PASSED] - Object: 'Object Repository/Sanity Test/ChiraghHomeUIpages/Page_Chiragh - Home/img_1_2_3_4_5_6' is clicked on

2020-06-03 18:03:24 - [TEST_STEP][PASSED] - click(findTestObject("Object Repository/Sanity Test/ChiraghHomeUIpages/Page_Chiragh - Home/img_1_2_3_4_5_6_7")): Object: 'Object Repository/Sanity Test/ChiraghHomeUIpages/Page_Chiragh - Home/img_1_2_3_4_5_6_7' is clicked on

2020-06-03 18:03:25 - [MESSAGE][PASSED] - Object: 'Object Repository/Sanity Test/ChiraghHomeUIpages/Page_Chiragh - Home/img_1_2_3_4_5_6_7' is clicked on

2020-06-03 18:03:25 - [TEST_STEP][PASSED] - click(findTestObject("Object Repository/Sanity Test/ChiraghHomeUIpages/Page_Chiragh - Home/span_Bids  7")): Object: 'Object Repository/Sanity Test/ChiraghHomeUIpages/Page_Chiragh - Home/span_Bids  7' is clicked on

2020-06-03 18:03:26 - [MESSAGE][PASSED] - Object: 'Object Repository/Sanity Test/ChiraghHomeUIpages/Page_Chiragh - Home/span_Bids  7' is clicked on

2020-06-03 18:03:26 - [TEST_STEP][PASSED] - click(findTestObject("Object Repository/Sanity Test/ChiraghHomeUIpages/Page_Chiragh - Home/h6_PROPERTY ID 39651")): Object: 'Object Repository/Sanity Test/ChiraghHomeUIpages/Page_Chiragh - Home/h6_PROPERTY ID 39651' is clicked on

2020-06-03 18:03:27 - [MESSAGE][PASSED] - Object: 'Object Repository/Sanity Test/ChiraghHomeUIpages/Page_Chiragh - Home/h6_PROPERTY ID 39651' is clicked on

2020-06-03 18:03:27 - [TEST_STEP][PASSED] - click(findTestObject("Object Repository/Sanity Test/ChiraghHomeUIpages/Page_Chiragh - Home/div_3Days07Hours30Minutes39Seconds")): Object: 'Object Repository/Sanity Test/ChiraghHomeUIpages/Page_Chiragh - Home/div_3Days07Hours30Minutes39Seconds' is clicked on

2020-06-03 18:03:28 - [MESSAGE][PASSED] - Object: 'Object Repository/Sanity Test/ChiraghHomeUIpages/Page_Chiragh - Home/div_3Days07Hours30Minutes39Seconds' is clicked on

2020-06-03 18:03:28 - [TEST_STEP][PASSED] - click(findTestObject("Object Repository/Sanity Test/ChiraghHomeUIpages/Page_Chiragh - Home/b_230000  sqm")): Object: 'Object Repository/Sanity Test/ChiraghHomeUIpages/Page_Chiragh - Home/b_230000  sqm' is clicked on

2020-06-03 18:03:29 - [MESSAGE][PASSED] - Object: 'Object Repository/Sanity Test/ChiraghHomeUIpages/Page_Chiragh - Home/b_230000  sqm' is clicked on

2020-06-03 18:03:29 - [TEST_STEP][PASSED] - click(findTestObject("Object Repository/Sanity Test/ChiraghHomeUIpages/Page_Chiragh - Home/div_6 Beds")): Object: 'Object Repository/Sanity Test/ChiraghHomeUIpages/Page_Chiragh - Home/div_6 Beds' is clicked on

2020-06-03 18:03:30 - [MESSAGE][PASSED] - Object: 'Object Repository/Sanity Test/ChiraghHomeUIpages/Page_Chiragh - Home/div_6 Beds' is clicked on

2020-06-03 18:03:30 - [TEST_STEP][PASSED] - click(findTestObject("Object Repository/Sanity Test/ChiraghHomeUIpages/Page_Chiragh - Home/div_4 Baths")): Object: 'Object Repository/Sanity Test/ChiraghHomeUIpages/Page_Chiragh - Home/div_4 Baths' is clicked on

2020-06-03 18:03:31 - [MESSAGE][PASSED] - Object: 'Object Repository/Sanity Test/ChiraghHomeUIpages/Page_Chiragh - Home/div_4 Baths' is clicked on

2020-06-03 18:03:31 - [TEST_STEP][PASSED] - click(findTestObject("Object Repository/Sanity Test/ChiraghHomeUIpages/Page_Chiragh - Home/div_2 Parkings")): Object: 'Object Repository/Sanity Test/ChiraghHomeUIpages/Page_Chiragh - Home/div_2 Parkings' is clicked on

2020-06-03 18:03:32 - [MESSAGE][PASSED] - Object: 'Object Repository/Sanity Test/ChiraghHomeUIpages/Page_Chiragh - Home/div_2 Parkings' is clicked on

2020-06-03 18:03:32 - [TEST_STEP][PASSED] - click(findTestObject("Object Repository/Sanity Test/ChiraghHomeUIpages/Page_Chiragh - Home/span_Bids  3")): Object: 'Object Repository/Sanity Test/ChiraghHomeUIpages/Page_Chiragh - Home/span_Bids  3' is clicked on

2020-06-03 18:03:33 - [MESSAGE][PASSED] - Object: 'Object Repository/Sanity Test/ChiraghHomeUIpages/Page_Chiragh - Home/span_Bids  3' is clicked on

2020-06-03 18:03:33 - [TEST_STEP][PASSED] - click(findTestObject("Object Repository/Sanity Test/ChiraghHomeUIpages/Page_Chiragh - Home/img_1_2_3_4_5_6")): Object: 'Object Repository/Sanity Test/ChiraghHomeUIpages/Page_Chiragh - Home/img_1_2_3_4_5_6' is clicked on

2020-06-03 18:03:34 - [MESSAGE][PASSED] - Object: 'Object Repository/Sanity Test/ChiraghHomeUIpages/Page_Chiragh - Home/img_1_2_3_4_5_6' is clicked on

2020-06-03 18:03:34 - [TEST_STEP][PASSED] - click(findTestObject("Object Repository/Sanity Test/ChiraghHomeUIpages/Page_Chiragh - Home/img_1_2_3_4_5_6_7")): Object: 'Object Repository/Sanity Test/ChiraghHomeUIpages/Page_Chiragh - Home/img_1_2_3_4_5_6_7' is clicked on

2020-06-03 18:03:35 - [MESSAGE][PASSED] - Object: 'Object Repository/Sanity Test/ChiraghHomeUIpages/Page_Chiragh - Home/img_1_2_3_4_5_6_7' is clicked on

2020-06-03 18:03:35 - [TEST_STEP][PASSED] - click(findTestObject("Object Repository/Sanity Test/ChiraghHomeUIpages/Page_Chiragh - Home/h6_PROPERTY ID 39640")): Object: 'Object Repository/Sanity Test/ChiraghHomeUIpages/Page_Chiragh - Home/h6_PROPERTY ID 39640' is clicked on

2020-06-03 18:03:36 - [MESSAGE][PASSED] - Object: 'Object Repository/Sanity Test/ChiraghHomeUIpages/Page_Chiragh - Home/h6_PROPERTY ID 39640' is clicked on

2020-06-03 18:03:36 - [TEST_STEP][PASSED] - click(findTestObject("Object Repository/Sanity Test/ChiraghHomeUIpages/Page_Chiragh - Home/b_230000  sqm")): Object: 'Object Repository/Sanity Test/ChiraghHomeUIpages/Page_Chiragh - Home/b_230000  sqm' is clicked on

2020-06-03 18:03:37 - [MESSAGE][PASSED] - Object: 'Object Repository/Sanity Test/ChiraghHomeUIpages/Page_Chiragh - Home/b_230000  sqm' is clicked on

2020-06-03 18:03:37 - [TEST_STEP][PASSED] - click(findTestObject("Object Repository/Sanity Test/ChiraghHomeUIpages/Page_Chiragh - Home/b_6")): Object: 'Object Repository/Sanity Test/ChiraghHomeUIpages/Page_Chiragh - Home/b_6' is clicked on

2020-06-03 18:03:38 - [MESSAGE][PASSED] - Object: 'Object Repository/Sanity Test/ChiraghHomeUIpages/Page_Chiragh - Home/b_6' is clicked on

2020-06-03 18:03:38 - [TEST_STEP][PASSED] - click(findTestObject("Object Repository/Sanity Test/ChiraghHomeUIpages/Page_Chiragh - Home/b_4")): Object: 'Object Repository/Sanity Test/ChiraghHomeUIpages/Page_Chiragh - Home/b_4' is clicked on

2020-06-03 18:03:39 - [MESSAGE][PASSED] - Object: 'Object Repository/Sanity Test/ChiraghHomeUIpages/Page_Chiragh - Home/b_4' is clicked on

2020-06-03 18:03:39 - [TEST_STEP][PASSED] - click(findTestObject("Object Repository/Sanity Test/ChiraghHomeUIpages/Page_Chiragh - Home/div_2 Parkings")): Object: 'Object Repository/Sanity Test/ChiraghHomeUIpages/Page_Chiragh - Home/div_2 Parkings' is clicked on

2020-06-03 18:03:40 - [MESSAGE][PASSED] - Object: 'Object Repository/Sanity Test/ChiraghHomeUIpages/Page_Chiragh - Home/div_2 Parkings' is clicked on

2020-06-03 18:03:40 - [TEST_STEP][PASSED] - click(findTestObject("Object Repository/Sanity Test/ChiraghHomeUIpages/Page_Chiragh - Home/img_1_2_3_4_5_6")): Object: 'Object Repository/Sanity Test/ChiraghHomeUIpages/Page_Chiragh - Home/img_1_2_3_4_5_6' is clicked on

2020-06-03 18:03:41 - [MESSAGE][PASSED] - Object: 'Object Repository/Sanity Test/ChiraghHomeUIpages/Page_Chiragh - Home/img_1_2_3_4_5_6' is clicked on

2020-06-03 18:03:41 - [TEST_STEP][PASSED] - click(findTestObject("Object Repository/Sanity Test/ChiraghHomeUIpages/Page_Chiragh - Home/img_1_2_3_4_5_6_7")): Object: 'Object Repository/Sanity Test/ChiraghHomeUIpages/Page_Chiragh - Home/img_1_2_3_4_5_6_7' is clicked on

2020-06-03 18:03:42 - [MESSAGE][PASSED] - Object: 'Object Repository/Sanity Test/ChiraghHomeUIpages/Page_Chiragh - Home/img_1_2_3_4_5_6_7' is clicked on

2020-06-03 18:03:42 - [TEST_STEP][PASSED] - click(findTestObject("Object Repository/Sanity Test/ChiraghHomeUIpages/Page_Chiragh - Home/button_View More (6)")): Object: 'Object Repository/Sanity Test/ChiraghHomeUIpages/Page_Chiragh - Home/button_View More (6)' is clicked on

2020-06-03 18:03:43 - [MESSAGE][PASSED] - Object: 'Object Repository/Sanity Test/ChiraghHomeUIpages/Page_Chiragh - Home/button_View More (6)' is clicked on

2020-06-03 18:03:43 - [TEST_STEP][PASSED] - click(findTestObject("Object Repository/Sanity Test/ChiraghHomeUIpages/Page_Chiragh - Home/h2_Upcoming Auction")): Object: 'Object Repository/Sanity Test/ChiraghHomeUIpages/Page_Chiragh - Home/h2_Upcoming Auction' is clicked on

2020-06-03 18:03:45 - [MESSAGE][PASSED] - Object: 'Object Repository/Sanity Test/ChiraghHomeUIpages/Page_Chiragh - Home/h2_Upcoming Auction' is clicked on

2020-06-03 18:03:45 - [TEST_STEP][PASSED] - click(findTestObject("Object Repository/Sanity Test/ChiraghHomeUIpages/Page_Chiragh - Home/h6_Stand by and mark your favourite properties")): Object: 'Object Repository/Sanity Test/ChiraghHomeUIpages/Page_Chiragh - Home/h6_Stand by and mark your favourite properties' is clicked on

2020-06-03 18:03:46 - [MESSAGE][PASSED] - Object: 'Object Repository/Sanity Test/ChiraghHomeUIpages/Page_Chiragh - Home/h6_Stand by and mark your favourite properties' is clicked on

2020-06-03 18:03:46 - [TEST_STEP][PASSED] - click(findTestObject("Object Repository/Sanity Test/ChiraghHomeUIpages/Page_Chiragh - Home/h6_No upcoming auctions are available at th_0ef46d")): Object: 'Object Repository/Sanity Test/ChiraghHomeUIpages/Page_Chiragh - Home/h6_No upcoming auctions are available at th_0ef46d' is clicked on

2020-06-03 18:03:47 - [MESSAGE][PASSED] - Object: 'Object Repository/Sanity Test/ChiraghHomeUIpages/Page_Chiragh - Home/h6_No upcoming auctions are available at th_0ef46d' is clicked on

2020-06-03 18:03:47 - [TEST_STEP][PASSED] - click(findTestObject("Object Repository/Sanity Test/ChiraghHomeUIpages/Page_Chiragh - Home/h4_When its time to sell you are in control_bf89f4")): Object: 'Object Repository/Sanity Test/ChiraghHomeUIpages/Page_Chiragh - Home/h4_When its time to sell you are in control_bf89f4' is clicked on

2020-06-03 18:03:48 - [MESSAGE][PASSED] - Object: 'Object Repository/Sanity Test/ChiraghHomeUIpages/Page_Chiragh - Home/h4_When its time to sell you are in control_bf89f4' is clicked on

2020-06-03 18:03:48 - [TEST_STEP][PASSED] - click(findTestObject("Object Repository/Sanity Test/ChiraghHomeUIpages/Page_Chiragh - Home/h4_Financial Partners")): Object: 'Object Repository/Sanity Test/ChiraghHomeUIpages/Page_Chiragh - Home/h4_Financial Partners' is clicked on

2020-06-03 18:03:49 - [MESSAGE][PASSED] - Object: 'Object Repository/Sanity Test/ChiraghHomeUIpages/Page_Chiragh - Home/h4_Financial Partners' is clicked on

2020-06-03 18:03:49 - [TEST_STEP][PASSED] - click(findTestObject("Object Repository/Sanity Test/ChiraghHomeUIpages/Page_Chiragh - Home/h5_Check your mortgage eligibility")): Object: 'Object Repository/Sanity Test/ChiraghHomeUIpages/Page_Chiragh - Home/h5_Check your mortgage eligibility' is clicked on

2020-06-03 18:03:50 - [MESSAGE][PASSED] - Object: 'Object Repository/Sanity Test/ChiraghHomeUIpages/Page_Chiragh - Home/h5_Check your mortgage eligibility' is clicked on

2020-06-03 18:03:50 - [TEST_STEP][PASSED] - click(findTestObject("Object Repository/Sanity Test/ChiraghHomeUIpages/Page_Chiragh - Home/h6_Convenient Multi-currency")): Object: 'Object Repository/Sanity Test/ChiraghHomeUIpages/Page_Chiragh - Home/h6_Convenient Multi-currency' is clicked on

2020-06-03 18:03:51 - [MESSAGE][PASSED] - Object: 'Object Repository/Sanity Test/ChiraghHomeUIpages/Page_Chiragh - Home/h6_Convenient Multi-currency' is clicked on

2020-06-03 18:03:51 - [TEST_STEP][PASSED] - click(findTestObject("Object Repository/Sanity Test/ChiraghHomeUIpages/Page_Chiragh - Home/h2_Auction Deposit  withdrawal")): Object: 'Object Repository/Sanity Test/ChiraghHomeUIpages/Page_Chiragh - Home/h2_Auction Deposit  withdrawal' is clicked on

2020-06-03 18:03:52 - [MESSAGE][PASSED] - Object: 'Object Repository/Sanity Test/ChiraghHomeUIpages/Page_Chiragh - Home/h2_Auction Deposit  withdrawal' is clicked on

2020-06-03 18:03:52 - [TEST_STEP][PASSED] - click(findTestObject("Object Repository/Sanity Test/ChiraghHomeUIpages/Page_Chiragh - Home/h5_Depositing or withdrawing money is simpl_b81dd9")): Object: 'Object Repository/Sanity Test/ChiraghHomeUIpages/Page_Chiragh - Home/h5_Depositing or withdrawing money is simpl_b81dd9' is clicked on

2020-06-03 18:03:53 - [MESSAGE][PASSED] - Object: 'Object Repository/Sanity Test/ChiraghHomeUIpages/Page_Chiragh - Home/h5_Depositing or withdrawing money is simpl_b81dd9' is clicked on

2020-06-03 18:03:53 - [TEST_STEP][PASSED] - click(findTestObject("Object Repository/Sanity Test/ChiraghHomeUIpages/Page_Chiragh - Home/h3_Help center")): Object: 'Object Repository/Sanity Test/ChiraghHomeUIpages/Page_Chiragh - Home/h3_Help center' is clicked on

2020-06-03 18:03:54 - [MESSAGE][PASSED] - Object: 'Object Repository/Sanity Test/ChiraghHomeUIpages/Page_Chiragh - Home/h3_Help center' is clicked on

2020-06-03 18:03:54 - [TEST_STEP][PASSED] - click(findTestObject("Object Repository/Sanity Test/ChiraghHomeUIpages/Page_Chiragh - Home/h4_How it works")): Object: 'Object Repository/Sanity Test/ChiraghHomeUIpages/Page_Chiragh - Home/h4_How it works' is clicked on

2020-06-03 18:03:55 - [MESSAGE][PASSED] - Object: 'Object Repository/Sanity Test/ChiraghHomeUIpages/Page_Chiragh - Home/h4_How it works' is clicked on

2020-06-03 18:03:55 - [TEST_STEP][PASSED] - click(findTestObject("Object Repository/Sanity Test/ChiraghHomeUIpages/Page_Chiragh - Home/h5_How to buy")): Object: 'Object Repository/Sanity Test/ChiraghHomeUIpages/Page_Chiragh - Home/h5_How to buy' is clicked on

2020-06-03 18:03:56 - [MESSAGE][PASSED] - Object: 'Object Repository/Sanity Test/ChiraghHomeUIpages/Page_Chiragh - Home/h5_How to buy' is clicked on

2020-06-03 18:03:56 - [TEST_STEP][PASSED] - click(findTestObject("Object Repository/Sanity Test/ChiraghHomeUIpages/Page_Chiragh - Home/h5_How to sell")): Object: 'Object Repository/Sanity Test/ChiraghHomeUIpages/Page_Chiragh - Home/h5_How to sell' is clicked on

2020-06-03 18:03:57 - [MESSAGE][PASSED] - Object: 'Object Repository/Sanity Test/ChiraghHomeUIpages/Page_Chiragh - Home/h5_How to sell' is clicked on

2020-06-03 18:03:57 - [TEST_STEP][PASSED] - click(findTestObject("Object Repository/Sanity Test/ChiraghHomeUIpages/Page_Chiragh - Home/h5_Our Partners")): Object: 'Object Repository/Sanity Test/ChiraghHomeUIpages/Page_Chiragh - Home/h5_Our Partners' is clicked on

2020-06-03 18:03:58 - [MESSAGE][PASSED] - Object: 'Object Repository/Sanity Test/ChiraghHomeUIpages/Page_Chiragh - Home/h5_Our Partners' is clicked on

2020-06-03 18:03:58 - [TEST_STEP][PASSED] - click(findTestObject("Object Repository/Sanity Test/ChiraghHomeUIpages/Page_Chiragh - Home/h5_How can we Assist")): Object: 'Object Repository/Sanity Test/ChiraghHomeUIpages/Page_Chiragh - Home/h5_How can we Assist' is clicked on

2020-06-03 18:03:59 - [MESSAGE][PASSED] - Object: 'Object Repository/Sanity Test/ChiraghHomeUIpages/Page_Chiragh - Home/h5_How can we Assist' is clicked on

2020-06-03 18:03:59 - [TEST_STEP][PASSED] - click(findTestObject("Object Repository/Sanity Test/ChiraghHomeUIpages/Page_Chiragh - Home/div_About Us")): Object: 'Object Repository/Sanity Test/ChiraghHomeUIpages/Page_Chiragh - Home/div_About Us' is clicked on

2020-06-03 18:04:00 - [MESSAGE][PASSED] - Object: 'Object Repository/Sanity Test/ChiraghHomeUIpages/Page_Chiragh - Home/div_About Us' is clicked on

2020-06-03 18:04:00 - [TEST_STEP][PASSED] - click(findTestObject("Object Repository/Sanity Test/ChiraghHomeUIpages/Page_Chiragh - Home/div_Our mission is to provide a user-friend_97e858")): Object: 'Object Repository/Sanity Test/ChiraghHomeUIpages/Page_Chiragh - Home/div_Our mission is to provide a user-friend_97e858' is clicked on

2020-06-03 18:04:01 - [MESSAGE][PASSED] - Object: 'Object Repository/Sanity Test/ChiraghHomeUIpages/Page_Chiragh - Home/div_Our mission is to provide a user-friend_97e858' is clicked on

2020-06-03 18:04:01 - [TEST_STEP][PASSED] - click(findTestObject("Object Repository/Sanity Test/ChiraghHomeUIpages/Page_Chiragh - Home/div_Quick Links")): Object: 'Object Repository/Sanity Test/ChiraghHomeUIpages/Page_Chiragh - Home/div_Quick Links' is clicked on

2020-06-03 18:04:03 - [MESSAGE][PASSED] - Object: 'Object Repository/Sanity Test/ChiraghHomeUIpages/Page_Chiragh - Home/div_Quick Links' is clicked on

2020-06-03 18:04:03 - [TEST_STEP][PASSED] - click(findTestObject("Object Repository/Sanity Test/ChiraghHomeUIpages/Page_Chiragh - Home/div_Newsletter")): Object: 'Object Repository/Sanity Test/ChiraghHomeUIpages/Page_Chiragh - Home/div_Newsletter' is clicked on

2020-06-03 18:04:03 - [MESSAGE][PASSED] - Object: 'Object Repository/Sanity Test/ChiraghHomeUIpages/Page_Chiragh - Home/div_Newsletter' is clicked on

2020-06-03 18:04:03 - [TEST_STEP][PASSED] - click(findTestObject("Object Repository/Sanity Test/ChiraghHomeUIpages/Page_Chiragh - Home/div_Dont miss a chance to get a best deal S_65e1a0")): Object: 'Object Repository/Sanity Test/ChiraghHomeUIpages/Page_Chiragh - Home/div_Dont miss a chance to get a best deal S_65e1a0' is clicked on

2020-06-03 18:04:04 - [MESSAGE][PASSED] - Object: 'Object Repository/Sanity Test/ChiraghHomeUIpages/Page_Chiragh - Home/div_Dont miss a chance to get a best deal S_65e1a0' is clicked on

2020-06-03 18:04:04 - [TEST_STEP][PASSED] - click(findTestObject("Object Repository/Sanity Test/ChiraghHomeUIpages/Page_Chiragh - Home/div_Contact")): Object: 'Object Repository/Sanity Test/ChiraghHomeUIpages/Page_Chiragh - Home/div_Contact' is clicked on

2020-06-03 18:04:05 - [MESSAGE][PASSED] - Object: 'Object Repository/Sanity Test/ChiraghHomeUIpages/Page_Chiragh - Home/div_Contact' is clicked on

2020-06-03 18:04:05 - [TEST_STEP][PASSED] - click(findTestObject("Object Repository/Sanity Test/ChiraghHomeUIpages/Page_Chiragh - Home/div_109-110 Building  6 Emaar Gold  Diamond_c60f27")): Object: 'Object Repository/Sanity Test/ChiraghHomeUIpages/Page_Chiragh - Home/div_109-110 Building  6 Emaar Gold  Diamond_c60f27' is clicked on

2020-06-03 18:04:06 - [MESSAGE][PASSED] - Object: 'Object Repository/Sanity Test/ChiraghHomeUIpages/Page_Chiragh - Home/div_109-110 Building  6 Emaar Gold  Diamond_c60f27' is clicked on

2020-06-03 18:04:06 - [TEST_STEP][PASSED] - click(findTestObject("Object Repository/Sanity Test/ChiraghHomeUIpages/Page_Chiragh - Home/div_971 4338 8823 Sunday to Thursday 900 am_906058")): Object: 'Object Repository/Sanity Test/ChiraghHomeUIpages/Page_Chiragh - Home/div_971 4338 8823 Sunday to Thursday 900 am_906058' is clicked on

2020-06-03 18:04:07 - [MESSAGE][PASSED] - Object: 'Object Repository/Sanity Test/ChiraghHomeUIpages/Page_Chiragh - Home/div_971 4338 8823 Sunday to Thursday 900 am_906058' is clicked on

2020-06-03 18:04:07 - [TEST_STEP][PASSED] - click(findTestObject("Object Repository/Sanity Test/ChiraghHomeUIpages/Page_Chiragh - Home/div_Copyright  Chiraghcom")): Object: 'Object Repository/Sanity Test/ChiraghHomeUIpages/Page_Chiragh - Home/div_Copyright  Chiraghcom' is clicked on

2020-06-03 18:04:08 - [MESSAGE][PASSED] - Object: 'Object Repository/Sanity Test/ChiraghHomeUIpages/Page_Chiragh - Home/div_Copyright  Chiraghcom' is clicked on

2020-06-03 18:04:08 - [TEST_STEP][PASSED] - click(findTestObject("Object Repository/Sanity Test/ChiraghHomeUIpages/Page_Chiragh - Home/div_Licensed by Dubai Land Department (DLD)")): Object: 'Object Repository/Sanity Test/ChiraghHomeUIpages/Page_Chiragh - Home/div_Licensed by Dubai Land Department (DLD)' is clicked on

2020-06-03 18:04:09 - [MESSAGE][PASSED] - Object: 'Object Repository/Sanity Test/ChiraghHomeUIpages/Page_Chiragh - Home/div_Licensed by Dubai Land Department (DLD)' is clicked on

2020-06-03 18:04:09 - [TEST_STEP][PASSED] - click(findTestObject("Object Repository/Sanity Test/ChiraghHomeUIpages/Page_Chiragh - Home/div_109-110 Building  6 Emaar Gold  Diamond_c60f27")): Object: 'Object Repository/Sanity Test/ChiraghHomeUIpages/Page_Chiragh - Home/div_109-110 Building  6 Emaar Gold  Diamond_c60f27' is clicked on

2020-06-03 18:04:10 - [MESSAGE][PASSED] - Object: 'Object Repository/Sanity Test/ChiraghHomeUIpages/Page_Chiragh - Home/div_109-110 Building  6 Emaar Gold  Diamond_c60f27' is clicked on

2020-06-03 18:04:10 - [TEST_STEP][PASSED] - click(findTestObject("Object Repository/Sanity Test/ChiraghHomeUIpages/Page_Chiragh - Home/div_971 4338 8823 Sunday to Thursday 900 am_906058")): Object: 'Object Repository/Sanity Test/ChiraghHomeUIpages/Page_Chiragh - Home/div_971 4338 8823 Sunday to Thursday 900 am_906058' is clicked on

2020-06-03 18:04:11 - [MESSAGE][PASSED] - Object: 'Object Repository/Sanity Test/ChiraghHomeUIpages/Page_Chiragh - Home/div_971 4338 8823 Sunday to Thursday 900 am_906058' is clicked on

2020-06-03 18:04:11 - [TEST_STEP][PASSED] - click(findTestObject("Object Repository/Sanity Test/ChiraghHomeUIpages/Page_Chiragh - Home/p_Sunday to Thursday 900 am to 600 pm")): Object: 'Object Repository/Sanity Test/ChiraghHomeUIpages/Page_Chiragh - Home/p_Sunday to Thursday 900 am to 600 pm' is clicked on

2020-06-03 18:04:12 - [MESSAGE][PASSED] - Object: 'Object Repository/Sanity Test/ChiraghHomeUIpages/Page_Chiragh - Home/p_Sunday to Thursday 900 am to 600 pm' is clicked on

2020-06-03 18:04:12 - [TEST_STEP][PASSED] - click(findTestObject("Object Repository/Sanity Test/ChiraghHomeUIpages/Page_Chiragh - Home/p_Saturdays 930 am to 500 pm")): Object: 'Object Repository/Sanity Test/ChiraghHomeUIpages/Page_Chiragh - Home/p_Saturdays 930 am to 500 pm' is clicked on

2020-06-03 18:04:13 - [MESSAGE][PASSED] - Object: 'Object Repository/Sanity Test/ChiraghHomeUIpages/Page_Chiragh - Home/p_Saturdays 930 am to 500 pm' is clicked on

2020-06-03 18:04:13 - [TEST_STEP][PASSED] - click(findTestObject("Object Repository/Sanity Test/ChiraghHomeUIpages/Page_Chiragh - Home/div_971 4338 8823 Sunday to Thursday 900 am_906058")): Object: 'Object Repository/Sanity Test/ChiraghHomeUIpages/Page_Chiragh - Home/div_971 4338 8823 Sunday to Thursday 900 am_906058' is clicked on

2020-06-03 18:04:14 - [MESSAGE][PASSED] - Object: 'Object Repository/Sanity Test/ChiraghHomeUIpages/Page_Chiragh - Home/div_971 4338 8823 Sunday to Thursday 900 am_906058' is clicked on

2020-06-03 18:04:14 - [TEST_STEP][PASSED] - closeBrowser(): Browser is closed

2020-06-03 18:04:16 - [MESSAGE][PASSED] - Browser is closed

2020-06-03 18:04:18 - [TEST_STEP][PASSED] - Video: Video recording for test case 'Test Cases/Sanity Tests/Chiragh_HomePages_UI' .

2020-06-03 18:04:18 - [MESSAGE][INFO] - Video recording for test case 'Test Cases/Sanity Tests/Chiragh_HomePages_UI' .
[[ATTACHMENT|C:\\Users\\Ihsan\\git\\chiraghAdminPanel\\Reports\\20200603_175719\\SanityTests\\SanityTest\\20200603_175719/videos\\test_4.mov]]]]></system-out>
         <system-err><![CDATA[]]></system-err>
      </testcase>
      <testcase name="Test Cases/Sanity Tests/Buy_Wallet_AddMyAccount_AED_43" time="94.526" classname="Test Cases/Sanity Tests/Buy_Wallet_AddMyAccount_AED_43" status="PASSED">
         <system-out><![CDATA[2020-06-03 18:04:18 - [TEST_CASE][PASSED] - Test Cases/Sanity Tests/Buy_Wallet_AddMyAccount_AED_43: Test Cases/Sanity Tests/Buy_Wallet_AddMyAccount_AED_43

2020-06-03 18:04:18 - [TEST_STEP][PASSED] - openBrowser(""): Browser is opened with url: ''

2020-06-03 18:04:18 - [MESSAGE][INFO] - Starting 'Firefox' driver

2020-06-03 18:04:18 - [MESSAGE][INFO] - Action delay is set to 0 milliseconds

2020-06-03 18:04:24 - [MESSAGE][PASSED] - Browser is opened with url: ''

2020-06-03 18:04:24 - [TEST_STEP][PASSED] - navigateToUrl(Url): Navigate to 'http://test.chiragh.com' successfully

2020-06-03 18:04:37 - [MESSAGE][PASSED] - Navigate to 'http://test.chiragh.com' successfully

2020-06-03 18:04:37 - [TEST_STEP][PASSED] - waitForPageLoad(15): Wait for page load successfully

2020-06-03 18:04:37 - [MESSAGE][PASSED] - Wait for page load successfully

2020-06-03 18:04:37 - [TEST_STEP][PASSED] - maximizeWindow(): Current window maximized

2020-06-03 18:04:37 - [MESSAGE][PASSED] - Current window maximized

2020-06-03 18:04:37 - [TEST_STEP][PASSED] - delay(3): Delayed 3 second(s)

2020-06-03 18:04:40 - [MESSAGE][PASSED] - Delayed 3 second(s)

2020-06-03 18:04:40 - [TEST_STEP][PASSED] - click(findTestObject("Object Repository/Front End Objects/MyBankAccount(Create)/Page_Chiragh - Home/a_ENG_dropdownMenuLink")): Object: 'Object Repository/Front End Objects/MyBankAccount(Create)/Page_Chiragh - Home/a_ENG_dropdownMenuLink' is clicked on

2020-06-03 18:04:41 - [MESSAGE][PASSED] - Object: 'Object Repository/Front End Objects/MyBankAccount(Create)/Page_Chiragh - Home/a_ENG_dropdownMenuLink' is clicked on

2020-06-03 18:04:41 - [TEST_STEP][PASSED] - click(findTestObject("Object Repository/Front End Objects/MyBankAccount(Create)/Page_Chiragh - Home/a_Login")): Object: 'Object Repository/Front End Objects/MyBankAccount(Create)/Page_Chiragh - Home/a_Login' is clicked on

2020-06-03 18:04:42 - [MESSAGE][PASSED] - Object: 'Object Repository/Front End Objects/MyBankAccount(Create)/Page_Chiragh - Home/a_Login' is clicked on

2020-06-03 18:04:42 - [TEST_STEP][PASSED] - setText(findTestObject("Object Repository/Front End Objects/MyBankAccount(Create)/Page_Chiragh - Login/input_Username_un"), userName): Text 'AUTOCHIRAGH' is set on object 'Object Repository/Front End Objects/MyBankAccount(Create)/Page_Chiragh - Login/input_Username_un'

2020-06-03 18:04:42 - [MESSAGE][PASSED] - Text 'AUTOCHIRAGH' is set on object 'Object Repository/Front End Objects/MyBankAccount(Create)/Page_Chiragh - Login/input_Username_un'

2020-06-03 18:04:42 - [TEST_STEP][PASSED] - setEncryptedText(findTestObject("Object Repository/Front End Objects/MyBankAccount(Create)/Page_Chiragh - Login/input_Password_userPassword"), "RigbBhfdqOBDK95asqKeHw=="): Text ****** has been set on object 'Object Repository/Front End Objects/MyBankAccount(Create)/Page_Chiragh - Login/input_Password_userPassword'

2020-06-03 18:04:43 - [MESSAGE][PASSED] - Text ****** has been set on object 'Object Repository/Front End Objects/MyBankAccount(Create)/Page_Chiragh - Login/input_Password_userPassword'

2020-06-03 18:04:43 - [TEST_STEP][PASSED] - delay(2): Delayed 2 second(s)

2020-06-03 18:04:45 - [MESSAGE][PASSED] - Delayed 2 second(s)

2020-06-03 18:04:45 - [TEST_STEP][PASSED] - click(findTestObject("Object Repository/Front End Objects/MyBankAccount(Create)/Page_Chiragh - Login/button_Log In")): Object: 'Object Repository/Front End Objects/MyBankAccount(Create)/Page_Chiragh - Login/button_Log In' is clicked on

2020-06-03 18:04:46 - [MESSAGE][PASSED] - Object: 'Object Repository/Front End Objects/MyBankAccount(Create)/Page_Chiragh - Login/button_Log In' is clicked on

2020-06-03 18:04:46 - [TEST_STEP][PASSED] - delay(1): Delayed 1 second(s)

2020-06-03 18:04:47 - [MESSAGE][PASSED] - Delayed 1 second(s)

2020-06-03 18:04:47 - [TEST_STEP][PASSED] - click(findTestObject("Object Repository/Front End Objects/MyBankAccount(Create)/Page_Chiragh - Home/a_ENG_dropdownMenuLink")): Object: 'Object Repository/Front End Objects/MyBankAccount(Create)/Page_Chiragh - Home/a_ENG_dropdownMenuLink' is clicked on

2020-06-03 18:04:49 - [MESSAGE][PASSED] - Object: 'Object Repository/Front End Objects/MyBankAccount(Create)/Page_Chiragh - Home/a_ENG_dropdownMenuLink' is clicked on

2020-06-03 18:04:49 - [TEST_STEP][PASSED] - click(findTestObject("Object Repository/Front End Objects/MyBankAccount(Create)/Page_Chiragh - Home/a_HI AutoChiragh")): Object: 'Object Repository/Front End Objects/MyBankAccount(Create)/Page_Chiragh - Home/a_HI AutoChiragh' is clicked on

2020-06-03 18:04:49 - [MESSAGE][PASSED] - Object: 'Object Repository/Front End Objects/MyBankAccount(Create)/Page_Chiragh - Home/a_HI AutoChiragh' is clicked on

2020-06-03 18:04:49 - [TEST_STEP][PASSED] - delay(3): Delayed 3 second(s)

2020-06-03 18:04:52 - [MESSAGE][PASSED] - Delayed 3 second(s)

2020-06-03 18:04:52 - [TEST_STEP][PASSED] - click(findTestObject("Object Repository/Front End Objects/MyBankAccount(Create)/Page_Chiragh - Dashborad Home/b_Go to Wallet")): Object: 'Object Repository/Front End Objects/MyBankAccount(Create)/Page_Chiragh - Dashborad Home/b_Go to Wallet' is clicked on

2020-06-03 18:04:53 - [MESSAGE][PASSED] - Object: 'Object Repository/Front End Objects/MyBankAccount(Create)/Page_Chiragh - Dashborad Home/b_Go to Wallet' is clicked on

2020-06-03 18:04:53 - [TEST_STEP][PASSED] - click(findTestObject("Object Repository/Front End Objects/MyBankAccount(Create)/Page_Chiragh - User Account Summary/a_My Bank Accounts")): Object: 'Object Repository/Front End Objects/MyBankAccount(Create)/Page_Chiragh - User Account Summary/a_My Bank Accounts' is clicked on

2020-06-03 18:04:57 - [MESSAGE][PASSED] - Object: 'Object Repository/Front End Objects/MyBankAccount(Create)/Page_Chiragh - User Account Summary/a_My Bank Accounts' is clicked on

2020-06-03 18:04:57 - [TEST_STEP][PASSED] - delay(1): Delayed 1 second(s)

2020-06-03 18:04:58 - [MESSAGE][PASSED] - Delayed 1 second(s)

2020-06-03 18:04:58 - [TEST_STEP][PASSED] - click(findTestObject("Object Repository/Front End Objects/MyBankAccount(Create)/Page_Chiragh - My Bank Accounts/svg_My Bank Accounts_svg-inline--fa fa-plus_86c403")): Object: 'Object Repository/Front End Objects/MyBankAccount(Create)/Page_Chiragh - My Bank Accounts/svg_My Bank Accounts_svg-inline--fa fa-plus_86c403' is clicked on

2020-06-03 18:04:59 - [MESSAGE][PASSED] - Object: 'Object Repository/Front End Objects/MyBankAccount(Create)/Page_Chiragh - My Bank Accounts/svg_My Bank Accounts_svg-inline--fa fa-plus_86c403' is clicked on

2020-06-03 18:04:59 - [TEST_STEP][PASSED] - scrollToElement(findTestObject("Object Repository/Front End Objects/MyBankAccount(Create)/Page_Chiragh - My Bank Accounts/label_Currency"), 3): Scroll to object 'Object Repository/Front End Objects/MyBankAccount(Create)/Page_Chiragh - My Bank Accounts/label_Currency' successfully

2020-06-03 18:05:00 - [MESSAGE][PASSED] - Scroll to object 'Object Repository/Front End Objects/MyBankAccount(Create)/Page_Chiragh - My Bank Accounts/label_Currency' successfully

2020-06-03 18:05:00 - [TEST_STEP][PASSED] - selectOptionByValue(findTestObject("Object Repository/Front End Objects/MyBankAccount(Create)/Page_Chiragh - My Bank Accounts/select_Select CurrencyUSDAEDEUR"), "2", true): All options with value '2' are selected in object 'Object Repository/Front End Objects/MyBankAccount(Create)/Page_Chiragh - My Bank Accounts/select_Select CurrencyUSDAEDEUR'  using regular expression

2020-06-03 18:05:01 - [MESSAGE][PASSED] - All options with value '2' are selected in object 'Object Repository/Front End Objects/MyBankAccount(Create)/Page_Chiragh - My Bank Accounts/select_Select CurrencyUSDAEDEUR'  using regular expression

2020-06-03 18:05:01 - [TEST_STEP][PASSED] - setText(findTestObject("Object Repository/Front End Objects/MyBankAccount(Create)/Page_Chiragh - My Bank Accounts/input_Account Name_accountTitle"), "@@@@@@@@"): Text '@@@@@@@@' is set on object 'Object Repository/Front End Objects/MyBankAccount(Create)/Page_Chiragh - My Bank Accounts/input_Account Name_accountTitle'

2020-06-03 18:05:02 - [MESSAGE][PASSED] - Text '@@@@@@@@' is set on object 'Object Repository/Front End Objects/MyBankAccount(Create)/Page_Chiragh - My Bank Accounts/input_Account Name_accountTitle'

2020-06-03 18:05:02 - [TEST_STEP][PASSED] - accountName = getText(findTestObject("Sanity Test/MybankAccount/Page_Chiragh - My Bank Accounts/div_Account Name is not valid")): Text of object 'Object Repository/Sanity Test/MybankAccount/Page_Chiragh - My Bank Accounts/div_Account Name is not valid' is: 'Account Name is not valid!'

2020-06-03 18:05:03 - [MESSAGE][PASSED] - Text of object 'Object Repository/Sanity Test/MybankAccount/Page_Chiragh - My Bank Accounts/div_Account Name is not valid' is: 'Account Name is not valid!'

2020-06-03 18:05:03 - [TEST_STEP][PASSED] - com.sanitytest.com.HandleErrorMessage.verifyErrorMessage(accountName, "Account Name is not valid!"): com.sanitytest.com.HandleErrorMessage.verifyErrorMessage is PASSED

2020-06-03 18:05:03 - [MESSAGE][PASSED] - Actual object 'Account Name is not valid!' and expected object 'Account Name is not valid!' are equal

2020-06-03 18:05:03 - [MESSAGE][PASSED] - Actual object 'Account Name is not valid!' and expected object 'Account Name is not valid!' are equal

2020-06-03 18:05:03 - [MESSAGE][PASSED] - com.sanitytest.com.HandleErrorMessage.verifyErrorMessage is PASSED

2020-06-03 18:05:03 - [TEST_STEP][PASSED] - delay(2): Delayed 2 second(s)

2020-06-03 18:05:05 - [MESSAGE][PASSED] - Delayed 2 second(s)

2020-06-03 18:05:05 - [TEST_STEP][PASSED] - setText(findTestObject("Object Repository/Front End Objects/MyBankAccount(Create)/Page_Chiragh - My Bank Accounts/input_IBAN_accIbanNumber"), "@@@@@@@0989"): Text '@@@@@@@0989' is set on object 'Object Repository/Front End Objects/MyBankAccount(Create)/Page_Chiragh - My Bank Accounts/input_IBAN_accIbanNumber'

2020-06-03 18:05:06 - [MESSAGE][PASSED] - Text '@@@@@@@0989' is set on object 'Object Repository/Front End Objects/MyBankAccount(Create)/Page_Chiragh - My Bank Accounts/input_IBAN_accIbanNumber'

2020-06-03 18:05:06 - [TEST_STEP][PASSED] - IbanNo = getText(findTestObject("Sanity Test/MybankAccount/Page_Chiragh - My Bank Accounts/div_IBAN is not valid")): Text of object 'Object Repository/Sanity Test/MybankAccount/Page_Chiragh - My Bank Accounts/div_IBAN is not valid' is: 'IBAN is not valid!'

2020-06-03 18:05:06 - [MESSAGE][PASSED] - Text of object 'Object Repository/Sanity Test/MybankAccount/Page_Chiragh - My Bank Accounts/div_IBAN is not valid' is: 'IBAN is not valid!'

2020-06-03 18:05:06 - [TEST_STEP][PASSED] - com.sanitytest.com.HandleErrorMessage.verifyErrorMessage(IbanNo, "IBAN is not valid!"): com.sanitytest.com.HandleErrorMessage.verifyErrorMessage is PASSED

2020-06-03 18:05:06 - [MESSAGE][PASSED] - Actual object 'IBAN is not valid!' and expected object 'IBAN is not valid!' are equal

2020-06-03 18:05:06 - [MESSAGE][PASSED] - Actual object 'IBAN is not valid!' and expected object 'IBAN is not valid!' are equal

2020-06-03 18:05:06 - [MESSAGE][PASSED] - com.sanitytest.com.HandleErrorMessage.verifyErrorMessage is PASSED

2020-06-03 18:05:06 - [TEST_STEP][PASSED] - delay(2): Delayed 2 second(s)

2020-06-03 18:05:08 - [MESSAGE][PASSED] - Delayed 2 second(s)

2020-06-03 18:05:08 - [TEST_STEP][PASSED] - setText(findTestObject("Object Repository/Front End Objects/MyBankAccount(Create)/Page_Chiragh - My Bank Accounts/input_Account No_accountNumber"), "8855@@@@@"): Text '8855@@@@@' is set on object 'Object Repository/Front End Objects/MyBankAccount(Create)/Page_Chiragh - My Bank Accounts/input_Account No_accountNumber'

2020-06-03 18:05:09 - [MESSAGE][PASSED] - Text '8855@@@@@' is set on object 'Object Repository/Front End Objects/MyBankAccount(Create)/Page_Chiragh - My Bank Accounts/input_Account No_accountNumber'

2020-06-03 18:05:09 - [TEST_STEP][PASSED] - accountNo = getText(findTestObject("Sanity Test/MybankAccount/Page_Chiragh - My Bank Accounts/div_Account No is not valid")): Text of object 'Object Repository/Sanity Test/MybankAccount/Page_Chiragh - My Bank Accounts/div_Account No is not valid' is: 'Account No is not valid!'

2020-06-03 18:05:10 - [MESSAGE][PASSED] - Text of object 'Object Repository/Sanity Test/MybankAccount/Page_Chiragh - My Bank Accounts/div_Account No is not valid' is: 'Account No is not valid!'

2020-06-03 18:05:10 - [TEST_STEP][PASSED] - com.sanitytest.com.HandleErrorMessage.verifyErrorMessage(accountNo, "Account No is not valid!"): com.sanitytest.com.HandleErrorMessage.verifyErrorMessage is PASSED

2020-06-03 18:05:10 - [MESSAGE][PASSED] - Actual object 'Account No is not valid!' and expected object 'Account No is not valid!' are equal

2020-06-03 18:05:10 - [MESSAGE][PASSED] - Actual object 'Account No is not valid!' and expected object 'Account No is not valid!' are equal

2020-06-03 18:05:10 - [MESSAGE][PASSED] - com.sanitytest.com.HandleErrorMessage.verifyErrorMessage is PASSED

2020-06-03 18:05:10 - [TEST_STEP][PASSED] - delay(2): Delayed 2 second(s)

2020-06-03 18:05:12 - [MESSAGE][PASSED] - Delayed 2 second(s)

2020-06-03 18:05:12 - [TEST_STEP][PASSED] - setText(findTestObject("Object Repository/Front End Objects/MyBankAccount(Create)/Page_Chiragh - My Bank Accounts/input_Account Name_accountTitle"), "8855@@@@@"): Text '8855@@@@@' is set on object 'Object Repository/Front End Objects/MyBankAccount(Create)/Page_Chiragh - My Bank Accounts/input_Account Name_accountTitle'

2020-06-03 18:05:12 - [MESSAGE][PASSED] - Text '8855@@@@@' is set on object 'Object Repository/Front End Objects/MyBankAccount(Create)/Page_Chiragh - My Bank Accounts/input_Account Name_accountTitle'

2020-06-03 18:05:12 - [TEST_STEP][PASSED] - title = getText(findTestObject("Sanity Test/MybankAccount/Page_Chiragh - My Bank Accounts/div_Account Name is not valid")): Text of object 'Object Repository/Sanity Test/MybankAccount/Page_Chiragh - My Bank Accounts/div_Account Name is not valid' is: 'Account Name is not valid!'

2020-06-03 18:05:13 - [MESSAGE][PASSED] - Text of object 'Object Repository/Sanity Test/MybankAccount/Page_Chiragh - My Bank Accounts/div_Account Name is not valid' is: 'Account Name is not valid!'

2020-06-03 18:05:13 - [TEST_STEP][PASSED] - com.sanitytest.com.HandleErrorMessage.verifyErrorMessage(title, "Account Name is not valid!"): com.sanitytest.com.HandleErrorMessage.verifyErrorMessage is PASSED

2020-06-03 18:05:13 - [MESSAGE][PASSED] - Actual object 'Account Name is not valid!' and expected object 'Account Name is not valid!' are equal

2020-06-03 18:05:13 - [MESSAGE][PASSED] - Actual object 'Account Name is not valid!' and expected object 'Account Name is not valid!' are equal

2020-06-03 18:05:13 - [MESSAGE][PASSED] - com.sanitytest.com.HandleErrorMessage.verifyErrorMessage is PASSED

2020-06-03 18:05:13 - [TEST_STEP][PASSED] - delay(2): Delayed 2 second(s)

2020-06-03 18:05:15 - [MESSAGE][PASSED] - Delayed 2 second(s)

2020-06-03 18:05:15 - [TEST_STEP][PASSED] - setText(findTestObject("Object Repository/Front End Objects/MyBankAccount(Create)/Page_Chiragh - My Bank Accounts/input_Acct Holder Address_address"), "@@889557766HHGHGGGHG"): Text '@@889557766HHGHGGGHG' is set on object 'Object Repository/Front End Objects/MyBankAccount(Create)/Page_Chiragh - My Bank Accounts/input_Acct Holder Address_address'

2020-06-03 18:05:16 - [MESSAGE][PASSED] - Text '@@889557766HHGHGGGHG' is set on object 'Object Repository/Front End Objects/MyBankAccount(Create)/Page_Chiragh - My Bank Accounts/input_Acct Holder Address_address'

2020-06-03 18:05:16 - [TEST_STEP][PASSED] - delay(2): Delayed 2 second(s)

2020-06-03 18:05:18 - [MESSAGE][PASSED] - Delayed 2 second(s)

2020-06-03 18:05:18 - [TEST_STEP][PASSED] - setText(findTestObject("Object Repository/Front End Objects/MyBankAccount(Create)/Page_Chiragh - My Bank Accounts/input_Bank Name_bankName"), "8855@@@@@"): Text '8855@@@@@' is set on object 'Object Repository/Front End Objects/MyBankAccount(Create)/Page_Chiragh - My Bank Accounts/input_Bank Name_bankName'

2020-06-03 18:05:19 - [MESSAGE][PASSED] - Text '8855@@@@@' is set on object 'Object Repository/Front End Objects/MyBankAccount(Create)/Page_Chiragh - My Bank Accounts/input_Bank Name_bankName'

2020-06-03 18:05:19 - [TEST_STEP][PASSED] - bankName = getText(findTestObject("Sanity Test/MybankAccount/Page_Chiragh - My Bank Accounts/div_Bank name is not valid")): Text of object 'Object Repository/Sanity Test/MybankAccount/Page_Chiragh - My Bank Accounts/div_Bank name is not valid' is: 'Bank name is not valid!'

2020-06-03 18:05:19 - [MESSAGE][PASSED] - Text of object 'Object Repository/Sanity Test/MybankAccount/Page_Chiragh - My Bank Accounts/div_Bank name is not valid' is: 'Bank name is not valid!'

2020-06-03 18:05:19 - [TEST_STEP][PASSED] - com.sanitytest.com.HandleErrorMessage.verifyErrorMessage(bankName, "Bank name is not valid!"): com.sanitytest.com.HandleErrorMessage.verifyErrorMessage is PASSED

2020-06-03 18:05:19 - [MESSAGE][PASSED] - Actual object 'Bank name is not valid!' and expected object 'Bank name is not valid!' are equal

2020-06-03 18:05:19 - [MESSAGE][PASSED] - Actual object 'Bank name is not valid!' and expected object 'Bank name is not valid!' are equal

2020-06-03 18:05:19 - [MESSAGE][PASSED] - com.sanitytest.com.HandleErrorMessage.verifyErrorMessage is PASSED

2020-06-03 18:05:19 - [TEST_STEP][PASSED] - delay(2): Delayed 2 second(s)

2020-06-03 18:05:21 - [MESSAGE][PASSED] - Delayed 2 second(s)

2020-06-03 18:05:21 - [TEST_STEP][PASSED] - setText(findTestObject("Object Repository/Front End Objects/MyBankAccount(Create)/Page_Chiragh - My Bank Accounts/input_Bank Branch Address_branchName"), "@@@@@@@@$"): Text '@@@@@@@@$' is set on object 'Object Repository/Front End Objects/MyBankAccount(Create)/Page_Chiragh - My Bank Accounts/input_Bank Branch Address_branchName'

2020-06-03 18:05:22 - [MESSAGE][PASSED] - Text '@@@@@@@@$' is set on object 'Object Repository/Front End Objects/MyBankAccount(Create)/Page_Chiragh - My Bank Accounts/input_Bank Branch Address_branchName'

2020-06-03 18:05:22 - [TEST_STEP][PASSED] - bankaddress = getText(findTestObject("Sanity Test/MybankAccount/Page_Chiragh - My Bank Accounts/div_Bank Branch Address is not valid")): Text of object 'Object Repository/Sanity Test/MybankAccount/Page_Chiragh - My Bank Accounts/div_Bank Branch Address is not valid' is: 'Bank Branch Address is not valid!'

2020-06-03 18:05:23 - [MESSAGE][PASSED] - Text of object 'Object Repository/Sanity Test/MybankAccount/Page_Chiragh - My Bank Accounts/div_Bank Branch Address is not valid' is: 'Bank Branch Address is not valid!'

2020-06-03 18:05:23 - [TEST_STEP][PASSED] - com.sanitytest.com.HandleErrorMessage.verifyErrorMessage(bankaddress, "Bank Branch Address is not valid!"): com.sanitytest.com.HandleErrorMessage.verifyErrorMessage is PASSED

2020-06-03 18:05:23 - [MESSAGE][PASSED] - Actual object 'Bank Branch Address is not valid!' and expected object 'Bank Branch Address is not valid!' are equal

2020-06-03 18:05:23 - [MESSAGE][PASSED] - Actual object 'Bank Branch Address is not valid!' and expected object 'Bank Branch Address is not valid!' are equal

2020-06-03 18:05:23 - [MESSAGE][PASSED] - com.sanitytest.com.HandleErrorMessage.verifyErrorMessage is PASSED

2020-06-03 18:05:23 - [TEST_STEP][PASSED] - delay(2): Delayed 2 second(s)

2020-06-03 18:05:25 - [MESSAGE][PASSED] - Delayed 2 second(s)

2020-06-03 18:05:25 - [TEST_STEP][PASSED] - setText(findTestObject("Object Repository/Front End Objects/MyBankAccount(Create)/Page_Chiragh - My Bank Accounts/input_Swift Code_accSwiftCode"), "###%%@@@9889U"): Text '###%%@@@9889U' is set on object 'Object Repository/Front End Objects/MyBankAccount(Create)/Page_Chiragh - My Bank Accounts/input_Swift Code_accSwiftCode'

2020-06-03 18:05:26 - [MESSAGE][PASSED] - Text '###%%@@@9889U' is set on object 'Object Repository/Front End Objects/MyBankAccount(Create)/Page_Chiragh - My Bank Accounts/input_Swift Code_accSwiftCode'

2020-06-03 18:05:26 - [TEST_STEP][PASSED] - swiftCode = getText(findTestObject("Sanity Test/MybankAccount/Page_Chiragh - My Bank Accounts/div_Swift code is not valid")): Text of object 'Object Repository/Sanity Test/MybankAccount/Page_Chiragh - My Bank Accounts/div_Swift code is not valid' is: 'Swift code is not valid!'

2020-06-03 18:05:26 - [MESSAGE][PASSED] - Text of object 'Object Repository/Sanity Test/MybankAccount/Page_Chiragh - My Bank Accounts/div_Swift code is not valid' is: 'Swift code is not valid!'

2020-06-03 18:05:26 - [TEST_STEP][PASSED] - com.sanitytest.com.HandleErrorMessage.verifyErrorMessage(swiftCode, "Swift code is not valid!"): com.sanitytest.com.HandleErrorMessage.verifyErrorMessage is PASSED

2020-06-03 18:05:26 - [MESSAGE][PASSED] - Actual object 'Swift code is not valid!' and expected object 'Swift code is not valid!' are equal

2020-06-03 18:05:26 - [MESSAGE][PASSED] - Actual object 'Swift code is not valid!' and expected object 'Swift code is not valid!' are equal

2020-06-03 18:05:26 - [MESSAGE][PASSED] - com.sanitytest.com.HandleErrorMessage.verifyErrorMessage is PASSED

2020-06-03 18:05:26 - [TEST_STEP][PASSED] - delay(2): Delayed 2 second(s)

2020-06-03 18:05:28 - [MESSAGE][PASSED] - Delayed 2 second(s)

2020-06-03 18:05:28 - [TEST_STEP][PASSED] - setText(findTestObject("Object Repository/Front End Objects/MyBankAccount(Create)/Page_Chiragh - My Bank Accounts/input_Correspondent Bank Name_corresponding_bf0020"), "###%%@@@9889U"): Text '###%%@@@9889U' is set on object 'Object Repository/Front End Objects/MyBankAccount(Create)/Page_Chiragh - My Bank Accounts/input_Correspondent Bank Name_corresponding_bf0020'

2020-06-03 18:05:29 - [MESSAGE][PASSED] - Text '###%%@@@9889U' is set on object 'Object Repository/Front End Objects/MyBankAccount(Create)/Page_Chiragh - My Bank Accounts/input_Correspondent Bank Name_corresponding_bf0020'

2020-06-03 18:05:29 - [TEST_STEP][PASSED] - setText(findTestObject("Object Repository/Front End Objects/MyBankAccount(Create)/Page_Chiragh - My Bank Accounts/input_Correspondent Bank Swift Code_corresp_eefb27"), "###%%@@@9889U"): Text '###%%@@@9889U' is set on object 'Object Repository/Front End Objects/MyBankAccount(Create)/Page_Chiragh - My Bank Accounts/input_Correspondent Bank Swift Code_corresp_eefb27'

2020-06-03 18:05:30 - [MESSAGE][PASSED] - Text '###%%@@@9889U' is set on object 'Object Repository/Front End Objects/MyBankAccount(Create)/Page_Chiragh - My Bank Accounts/input_Correspondent Bank Swift Code_corresp_eefb27'

2020-06-03 18:05:30 - [TEST_STEP][PASSED] - delay(6): Delayed 6 second(s)

2020-06-03 18:05:36 - [MESSAGE][PASSED] - Delayed 6 second(s)

2020-06-03 18:05:36 - [TEST_STEP][PASSED] - selectOptionByValue(findTestObject("Object Repository/Front End Objects/MyBankAccount(Create)/Page_Chiragh - My Bank Accounts/select_Select CurrencyUSDAEDEUR"), "2", true): All options with value '2' are selected in object 'Object Repository/Front End Objects/MyBankAccount(Create)/Page_Chiragh - My Bank Accounts/select_Select CurrencyUSDAEDEUR'  using regular expression

2020-06-03 18:05:37 - [MESSAGE][PASSED] - All options with value '2' are selected in object 'Object Repository/Front End Objects/MyBankAccount(Create)/Page_Chiragh - My Bank Accounts/select_Select CurrencyUSDAEDEUR'  using regular expression

2020-06-03 18:05:37 - [TEST_STEP][PASSED] - setText(findTestObject("Object Repository/Front End Objects/MyBankAccount(Create)/Page_Chiragh - My Bank Accounts/input_Account Name_accountTitle"), "Sharjah Platinum"): Text 'Sharjah Platinum' is set on object 'Object Repository/Front End Objects/MyBankAccount(Create)/Page_Chiragh - My Bank Accounts/input_Account Name_accountTitle'

2020-06-03 18:05:38 - [MESSAGE][PASSED] - Text 'Sharjah Platinum' is set on object 'Object Repository/Front End Objects/MyBankAccount(Create)/Page_Chiragh - My Bank Accounts/input_Account Name_accountTitle'

2020-06-03 18:05:38 - [TEST_STEP][PASSED] - setText(findTestObject("Object Repository/Front End Objects/MyBankAccount(Create)/Page_Chiragh - My Bank Accounts/input_IBAN_accIbanNumber"), "647489347389"): Text '647489347389' is set on object 'Object Repository/Front End Objects/MyBankAccount(Create)/Page_Chiragh - My Bank Accounts/input_IBAN_accIbanNumber'

2020-06-03 18:05:39 - [MESSAGE][PASSED] - Text '647489347389' is set on object 'Object Repository/Front End Objects/MyBankAccount(Create)/Page_Chiragh - My Bank Accounts/input_IBAN_accIbanNumber'

2020-06-03 18:05:39 - [TEST_STEP][PASSED] - setText(findTestObject("Object Repository/Front End Objects/MyBankAccount(Create)/Page_Chiragh - My Bank Accounts/input_Account No_accountNumber"), "6376376373"): Text '6376376373' is set on object 'Object Repository/Front End Objects/MyBankAccount(Create)/Page_Chiragh - My Bank Accounts/input_Account No_accountNumber'

2020-06-03 18:05:40 - [MESSAGE][PASSED] - Text '6376376373' is set on object 'Object Repository/Front End Objects/MyBankAccount(Create)/Page_Chiragh - My Bank Accounts/input_Account No_accountNumber'

2020-06-03 18:05:40 - [TEST_STEP][PASSED] - click(findTestObject("Object Repository/Front End Objects/MyBankAccount(Create)/Page_Chiragh - My Bank Accounts/div_Account Name")): Object: 'Object Repository/Front End Objects/MyBankAccount(Create)/Page_Chiragh - My Bank Accounts/div_Account Name' is clicked on

2020-06-03 18:05:40 - [MESSAGE][PASSED] - Object: 'Object Repository/Front End Objects/MyBankAccount(Create)/Page_Chiragh - My Bank Accounts/div_Account Name' is clicked on

2020-06-03 18:05:40 - [TEST_STEP][PASSED] - setText(findTestObject("Object Repository/Front End Objects/MyBankAccount(Create)/Page_Chiragh - My Bank Accounts/input_Account Name_accountTitle"), "Emirati Bank"): Text 'Emirati Bank' is set on object 'Object Repository/Front End Objects/MyBankAccount(Create)/Page_Chiragh - My Bank Accounts/input_Account Name_accountTitle'

2020-06-03 18:05:41 - [MESSAGE][PASSED] - Text 'Emirati Bank' is set on object 'Object Repository/Front End Objects/MyBankAccount(Create)/Page_Chiragh - My Bank Accounts/input_Account Name_accountTitle'

2020-06-03 18:05:41 - [TEST_STEP][PASSED] - setText(findTestObject("Object Repository/Front End Objects/MyBankAccount(Create)/Page_Chiragh - My Bank Accounts/input_Acct Holder Address_address"), "Dubai Town"): Text 'Dubai Town' is set on object 'Object Repository/Front End Objects/MyBankAccount(Create)/Page_Chiragh - My Bank Accounts/input_Acct Holder Address_address'

2020-06-03 18:05:42 - [MESSAGE][PASSED] - Text 'Dubai Town' is set on object 'Object Repository/Front End Objects/MyBankAccount(Create)/Page_Chiragh - My Bank Accounts/input_Acct Holder Address_address'

2020-06-03 18:05:42 - [TEST_STEP][PASSED] - setText(findTestObject("Object Repository/Front End Objects/MyBankAccount(Create)/Page_Chiragh - My Bank Accounts/input_Bank Name_bankName"), "Emirati Platinum"): Text 'Emirati Platinum' is set on object 'Object Repository/Front End Objects/MyBankAccount(Create)/Page_Chiragh - My Bank Accounts/input_Bank Name_bankName'

2020-06-03 18:05:43 - [MESSAGE][PASSED] - Text 'Emirati Platinum' is set on object 'Object Repository/Front End Objects/MyBankAccount(Create)/Page_Chiragh - My Bank Accounts/input_Bank Name_bankName'

2020-06-03 18:05:43 - [TEST_STEP][PASSED] - setText(findTestObject("Object Repository/Front End Objects/MyBankAccount(Create)/Page_Chiragh - My Bank Accounts/input_Bank Branch Address_branchName"), "Dubai Town"): Text 'Dubai Town' is set on object 'Object Repository/Front End Objects/MyBankAccount(Create)/Page_Chiragh - My Bank Accounts/input_Bank Branch Address_branchName'

2020-06-03 18:05:43 - [MESSAGE][PASSED] - Text 'Dubai Town' is set on object 'Object Repository/Front End Objects/MyBankAccount(Create)/Page_Chiragh - My Bank Accounts/input_Bank Branch Address_branchName'

2020-06-03 18:05:43 - [TEST_STEP][PASSED] - setText(findTestObject("Object Repository/Front End Objects/MyBankAccount(Create)/Page_Chiragh - My Bank Accounts/input_Swift Code_accSwiftCode"), "64637634"): Text '64637634' is set on object 'Object Repository/Front End Objects/MyBankAccount(Create)/Page_Chiragh - My Bank Accounts/input_Swift Code_accSwiftCode'

2020-06-03 18:05:44 - [MESSAGE][PASSED] - Text '64637634' is set on object 'Object Repository/Front End Objects/MyBankAccount(Create)/Page_Chiragh - My Bank Accounts/input_Swift Code_accSwiftCode'

2020-06-03 18:05:44 - [TEST_STEP][PASSED] - setText(findTestObject("Object Repository/Front End Objects/MyBankAccount(Create)/Page_Chiragh - My Bank Accounts/input_Correspondent Bank Name_corresponding_bf0020"), "Dubai CB"): Text 'Dubai CB' is set on object 'Object Repository/Front End Objects/MyBankAccount(Create)/Page_Chiragh - My Bank Accounts/input_Correspondent Bank Name_corresponding_bf0020'

2020-06-03 18:05:45 - [MESSAGE][PASSED] - Text 'Dubai CB' is set on object 'Object Repository/Front End Objects/MyBankAccount(Create)/Page_Chiragh - My Bank Accounts/input_Correspondent Bank Name_corresponding_bf0020'

2020-06-03 18:05:45 - [TEST_STEP][PASSED] - setText(findTestObject("Object Repository/Front End Objects/MyBankAccount(Create)/Page_Chiragh - My Bank Accounts/input_Correspondent Bank Swift Code_corresp_eefb27"), "53635"): Text '53635' is set on object 'Object Repository/Front End Objects/MyBankAccount(Create)/Page_Chiragh - My Bank Accounts/input_Correspondent Bank Swift Code_corresp_eefb27'

2020-06-03 18:05:46 - [MESSAGE][PASSED] - Text '53635' is set on object 'Object Repository/Front End Objects/MyBankAccount(Create)/Page_Chiragh - My Bank Accounts/input_Correspondent Bank Swift Code_corresp_eefb27'

2020-06-03 18:05:46 - [TEST_STEP][PASSED] - delay(3): Delayed 3 second(s)

2020-06-03 18:05:49 - [MESSAGE][PASSED] - Delayed 3 second(s)

2020-06-03 18:05:49 - [TEST_STEP][PASSED] - closeBrowser(): Browser is closed

2020-06-03 18:05:50 - [MESSAGE][PASSED] - Browser is closed

2020-06-03 18:05:52 - [TEST_STEP][PASSED] - Video: Video recording for test case 'Test Cases/Sanity Tests/Buy_Wallet_AddMyAccount_AED_43' .

2020-06-03 18:05:52 - [MESSAGE][INFO] - Video recording for test case 'Test Cases/Sanity Tests/Buy_Wallet_AddMyAccount_AED_43' .
[[ATTACHMENT|C:\\Users\\Ihsan\\git\\chiraghAdminPanel\\Reports\\20200603_175719\\SanityTests\\SanityTest\\20200603_175719/videos\\test_5.mov]]]]></system-out>
         <system-err><![CDATA[]]></system-err>
      </testcase>
      <testcase name="Test Cases/Sanity Tests/Buy_Wallet_AddMyAccount_USD" time="96.568" classname="Test Cases/Sanity Tests/Buy_Wallet_AddMyAccount_USD" status="PASSED">
         <system-out><![CDATA[2020-06-03 18:05:53 - [TEST_CASE][PASSED] - Test Cases/Sanity Tests/Buy_Wallet_AddMyAccount_USD: Test Cases/Sanity Tests/Buy_Wallet_AddMyAccount_USD

2020-06-03 18:05:53 - [TEST_STEP][PASSED] - openBrowser(""): Browser is opened with url: ''

2020-06-03 18:05:53 - [MESSAGE][INFO] - Starting 'Firefox' driver

2020-06-03 18:05:53 - [MESSAGE][INFO] - Action delay is set to 0 milliseconds

2020-06-03 18:05:59 - [MESSAGE][PASSED] - Browser is opened with url: ''

2020-06-03 18:05:59 - [TEST_STEP][PASSED] - navigateToUrl(Url): Navigate to 'http://test.chiragh.com' successfully

2020-06-03 18:06:14 - [MESSAGE][PASSED] - Navigate to 'http://test.chiragh.com' successfully

2020-06-03 18:06:14 - [TEST_STEP][PASSED] - waitForPageLoad(15): Wait for page load successfully

2020-06-03 18:06:14 - [MESSAGE][PASSED] - Wait for page load successfully

2020-06-03 18:06:14 - [TEST_STEP][PASSED] - maximizeWindow(): Current window maximized

2020-06-03 18:06:14 - [MESSAGE][PASSED] - Current window maximized

2020-06-03 18:06:14 - [TEST_STEP][PASSED] - delay(3): Delayed 3 second(s)

2020-06-03 18:06:17 - [MESSAGE][PASSED] - Delayed 3 second(s)

2020-06-03 18:06:17 - [TEST_STEP][PASSED] - click(findTestObject("Object Repository/Front End Objects/MyBankAccount(Create)/Page_Chiragh - Home/a_ENG_dropdownMenuLink")): Object: 'Object Repository/Front End Objects/MyBankAccount(Create)/Page_Chiragh - Home/a_ENG_dropdownMenuLink' is clicked on

2020-06-03 18:06:18 - [MESSAGE][PASSED] - Object: 'Object Repository/Front End Objects/MyBankAccount(Create)/Page_Chiragh - Home/a_ENG_dropdownMenuLink' is clicked on

2020-06-03 18:06:18 - [TEST_STEP][PASSED] - click(findTestObject("Object Repository/Front End Objects/MyBankAccount(Create)/Page_Chiragh - Home/a_Login")): Object: 'Object Repository/Front End Objects/MyBankAccount(Create)/Page_Chiragh - Home/a_Login' is clicked on

2020-06-03 18:06:19 - [MESSAGE][PASSED] - Object: 'Object Repository/Front End Objects/MyBankAccount(Create)/Page_Chiragh - Home/a_Login' is clicked on

2020-06-03 18:06:19 - [TEST_STEP][PASSED] - setText(findTestObject("Object Repository/Front End Objects/MyBankAccount(Create)/Page_Chiragh - Login/input_Username_un"), userName): Text 'AUTOCHIRAGH' is set on object 'Object Repository/Front End Objects/MyBankAccount(Create)/Page_Chiragh - Login/input_Username_un'

2020-06-03 18:06:20 - [MESSAGE][PASSED] - Text 'AUTOCHIRAGH' is set on object 'Object Repository/Front End Objects/MyBankAccount(Create)/Page_Chiragh - Login/input_Username_un'

2020-06-03 18:06:20 - [TEST_STEP][PASSED] - setEncryptedText(findTestObject("Object Repository/Front End Objects/MyBankAccount(Create)/Page_Chiragh - Login/input_Password_userPassword"), "RigbBhfdqOBDK95asqKeHw=="): Text ****** has been set on object 'Object Repository/Front End Objects/MyBankAccount(Create)/Page_Chiragh - Login/input_Password_userPassword'

2020-06-03 18:06:21 - [MESSAGE][PASSED] - Text ****** has been set on object 'Object Repository/Front End Objects/MyBankAccount(Create)/Page_Chiragh - Login/input_Password_userPassword'

2020-06-03 18:06:21 - [TEST_STEP][PASSED] - delay(2): Delayed 2 second(s)

2020-06-03 18:06:23 - [MESSAGE][PASSED] - Delayed 2 second(s)

2020-06-03 18:06:23 - [TEST_STEP][PASSED] - click(findTestObject("Object Repository/Front End Objects/MyBankAccount(Create)/Page_Chiragh - Login/button_Log In")): Object: 'Object Repository/Front End Objects/MyBankAccount(Create)/Page_Chiragh - Login/button_Log In' is clicked on

2020-06-03 18:06:23 - [MESSAGE][PASSED] - Object: 'Object Repository/Front End Objects/MyBankAccount(Create)/Page_Chiragh - Login/button_Log In' is clicked on

2020-06-03 18:06:23 - [TEST_STEP][PASSED] - delay(1): Delayed 1 second(s)

2020-06-03 18:06:24 - [MESSAGE][PASSED] - Delayed 1 second(s)

2020-06-03 18:06:24 - [TEST_STEP][PASSED] - click(findTestObject("Object Repository/Front End Objects/MyBankAccount(Create)/Page_Chiragh - Home/a_ENG_dropdownMenuLink")): Object: 'Object Repository/Front End Objects/MyBankAccount(Create)/Page_Chiragh - Home/a_ENG_dropdownMenuLink' is clicked on

2020-06-03 18:06:27 - [MESSAGE][PASSED] - Object: 'Object Repository/Front End Objects/MyBankAccount(Create)/Page_Chiragh - Home/a_ENG_dropdownMenuLink' is clicked on

2020-06-03 18:06:27 - [TEST_STEP][PASSED] - click(findTestObject("Object Repository/Front End Objects/MyBankAccount(Create)/Page_Chiragh - Home/a_HI AutoChiragh")): Object: 'Object Repository/Front End Objects/MyBankAccount(Create)/Page_Chiragh - Home/a_HI AutoChiragh' is clicked on

2020-06-03 18:06:28 - [MESSAGE][PASSED] - Object: 'Object Repository/Front End Objects/MyBankAccount(Create)/Page_Chiragh - Home/a_HI AutoChiragh' is clicked on

2020-06-03 18:06:28 - [TEST_STEP][PASSED] - delay(3): Delayed 3 second(s)

2020-06-03 18:06:31 - [MESSAGE][PASSED] - Delayed 3 second(s)

2020-06-03 18:06:31 - [TEST_STEP][PASSED] - click(findTestObject("Object Repository/Front End Objects/MyBankAccount(Create)/Page_Chiragh - Dashborad Home/b_Go to Wallet")): Object: 'Object Repository/Front End Objects/MyBankAccount(Create)/Page_Chiragh - Dashborad Home/b_Go to Wallet' is clicked on

2020-06-03 18:06:32 - [MESSAGE][PASSED] - Object: 'Object Repository/Front End Objects/MyBankAccount(Create)/Page_Chiragh - Dashborad Home/b_Go to Wallet' is clicked on

2020-06-03 18:06:32 - [TEST_STEP][PASSED] - click(findTestObject("Object Repository/Front End Objects/MyBankAccount(Create)/Page_Chiragh - User Account Summary/a_My Bank Accounts")): Object: 'Object Repository/Front End Objects/MyBankAccount(Create)/Page_Chiragh - User Account Summary/a_My Bank Accounts' is clicked on

2020-06-03 18:06:36 - [MESSAGE][PASSED] - Object: 'Object Repository/Front End Objects/MyBankAccount(Create)/Page_Chiragh - User Account Summary/a_My Bank Accounts' is clicked on

2020-06-03 18:06:36 - [TEST_STEP][PASSED] - delay(1): Delayed 1 second(s)

2020-06-03 18:06:37 - [MESSAGE][PASSED] - Delayed 1 second(s)

2020-06-03 18:06:37 - [TEST_STEP][PASSED] - click(findTestObject("Object Repository/Front End Objects/MyBankAccount(Create)/Page_Chiragh - My Bank Accounts/svg_My Bank Accounts_svg-inline--fa fa-plus_86c403")): Object: 'Object Repository/Front End Objects/MyBankAccount(Create)/Page_Chiragh - My Bank Accounts/svg_My Bank Accounts_svg-inline--fa fa-plus_86c403' is clicked on

2020-06-03 18:06:38 - [MESSAGE][PASSED] - Object: 'Object Repository/Front End Objects/MyBankAccount(Create)/Page_Chiragh - My Bank Accounts/svg_My Bank Accounts_svg-inline--fa fa-plus_86c403' is clicked on

2020-06-03 18:06:38 - [TEST_STEP][PASSED] - scrollToElement(findTestObject("Object Repository/Front End Objects/MyBankAccount(Create)/Page_Chiragh - My Bank Accounts/label_Currency"), 3): Scroll to object 'Object Repository/Front End Objects/MyBankAccount(Create)/Page_Chiragh - My Bank Accounts/label_Currency' successfully

2020-06-03 18:06:38 - [MESSAGE][PASSED] - Scroll to object 'Object Repository/Front End Objects/MyBankAccount(Create)/Page_Chiragh - My Bank Accounts/label_Currency' successfully

2020-06-03 18:06:38 - [TEST_STEP][PASSED] - setText(findTestObject("Object Repository/Front End Objects/MyBankAccount(Create)/Page_Chiragh - My Bank Accounts/input_Account Name_accountTitle"), "@@@@@@@@"): Text '@@@@@@@@' is set on object 'Object Repository/Front End Objects/MyBankAccount(Create)/Page_Chiragh - My Bank Accounts/input_Account Name_accountTitle'

2020-06-03 18:06:39 - [MESSAGE][PASSED] - Text '@@@@@@@@' is set on object 'Object Repository/Front End Objects/MyBankAccount(Create)/Page_Chiragh - My Bank Accounts/input_Account Name_accountTitle'

2020-06-03 18:06:39 - [TEST_STEP][PASSED] - accountName = getText(findTestObject("Sanity Test/MybankAccount/Page_Chiragh - My Bank Accounts/div_Account Name is not valid")): Text of object 'Object Repository/Sanity Test/MybankAccount/Page_Chiragh - My Bank Accounts/div_Account Name is not valid' is: 'Account Name is not valid!'

2020-06-03 18:06:40 - [MESSAGE][PASSED] - Text of object 'Object Repository/Sanity Test/MybankAccount/Page_Chiragh - My Bank Accounts/div_Account Name is not valid' is: 'Account Name is not valid!'

2020-06-03 18:06:40 - [TEST_STEP][PASSED] - com.sanitytest.com.HandleErrorMessage.verifyErrorMessage(accountName, "Account Name is not valid!"): com.sanitytest.com.HandleErrorMessage.verifyErrorMessage is PASSED

2020-06-03 18:06:40 - [MESSAGE][PASSED] - Actual object 'Account Name is not valid!' and expected object 'Account Name is not valid!' are equal

2020-06-03 18:06:40 - [MESSAGE][PASSED] - Actual object 'Account Name is not valid!' and expected object 'Account Name is not valid!' are equal

2020-06-03 18:06:40 - [MESSAGE][PASSED] - com.sanitytest.com.HandleErrorMessage.verifyErrorMessage is PASSED

2020-06-03 18:06:40 - [TEST_STEP][PASSED] - delay(2): Delayed 2 second(s)

2020-06-03 18:06:42 - [MESSAGE][PASSED] - Delayed 2 second(s)

2020-06-03 18:06:42 - [TEST_STEP][PASSED] - setText(findTestObject("Object Repository/Front End Objects/MyBankAccount(Create)/Page_Chiragh - My Bank Accounts/input_IBAN_accIbanNumber"), "@@@@@@@0989"): Text '@@@@@@@0989' is set on object 'Object Repository/Front End Objects/MyBankAccount(Create)/Page_Chiragh - My Bank Accounts/input_IBAN_accIbanNumber'

2020-06-03 18:06:43 - [MESSAGE][PASSED] - Text '@@@@@@@0989' is set on object 'Object Repository/Front End Objects/MyBankAccount(Create)/Page_Chiragh - My Bank Accounts/input_IBAN_accIbanNumber'

2020-06-03 18:06:43 - [TEST_STEP][PASSED] - IbanNo = getText(findTestObject("Sanity Test/MybankAccount/Page_Chiragh - My Bank Accounts/div_IBAN is not valid")): Text of object 'Object Repository/Sanity Test/MybankAccount/Page_Chiragh - My Bank Accounts/div_IBAN is not valid' is: 'IBAN is not valid!'

2020-06-03 18:06:43 - [MESSAGE][PASSED] - Text of object 'Object Repository/Sanity Test/MybankAccount/Page_Chiragh - My Bank Accounts/div_IBAN is not valid' is: 'IBAN is not valid!'

2020-06-03 18:06:43 - [TEST_STEP][PASSED] - com.sanitytest.com.HandleErrorMessage.verifyErrorMessage(IbanNo, "IBAN is not valid!"): com.sanitytest.com.HandleErrorMessage.verifyErrorMessage is PASSED

2020-06-03 18:06:43 - [MESSAGE][PASSED] - Actual object 'IBAN is not valid!' and expected object 'IBAN is not valid!' are equal

2020-06-03 18:06:43 - [MESSAGE][PASSED] - Actual object 'IBAN is not valid!' and expected object 'IBAN is not valid!' are equal

2020-06-03 18:06:43 - [MESSAGE][PASSED] - com.sanitytest.com.HandleErrorMessage.verifyErrorMessage is PASSED

2020-06-03 18:06:43 - [TEST_STEP][PASSED] - delay(2): Delayed 2 second(s)

2020-06-03 18:06:45 - [MESSAGE][PASSED] - Delayed 2 second(s)

2020-06-03 18:06:45 - [TEST_STEP][PASSED] - setText(findTestObject("Object Repository/Front End Objects/MyBankAccount(Create)/Page_Chiragh - My Bank Accounts/input_Account No_accountNumber"), "8855@@@@@"): Text '8855@@@@@' is set on object 'Object Repository/Front End Objects/MyBankAccount(Create)/Page_Chiragh - My Bank Accounts/input_Account No_accountNumber'

2020-06-03 18:06:46 - [MESSAGE][PASSED] - Text '8855@@@@@' is set on object 'Object Repository/Front End Objects/MyBankAccount(Create)/Page_Chiragh - My Bank Accounts/input_Account No_accountNumber'

2020-06-03 18:06:46 - [TEST_STEP][PASSED] - accountNo = getText(findTestObject("Sanity Test/MybankAccount/Page_Chiragh - My Bank Accounts/div_Account No is not valid")): Text of object 'Object Repository/Sanity Test/MybankAccount/Page_Chiragh - My Bank Accounts/div_Account No is not valid' is: 'Account No is not valid!'

2020-06-03 18:06:47 - [MESSAGE][PASSED] - Text of object 'Object Repository/Sanity Test/MybankAccount/Page_Chiragh - My Bank Accounts/div_Account No is not valid' is: 'Account No is not valid!'

2020-06-03 18:06:47 - [TEST_STEP][PASSED] - com.sanitytest.com.HandleErrorMessage.verifyErrorMessage(accountNo, "Account No is not valid!"): com.sanitytest.com.HandleErrorMessage.verifyErrorMessage is PASSED

2020-06-03 18:06:47 - [MESSAGE][PASSED] - Actual object 'Account No is not valid!' and expected object 'Account No is not valid!' are equal

2020-06-03 18:06:47 - [MESSAGE][PASSED] - Actual object 'Account No is not valid!' and expected object 'Account No is not valid!' are equal

2020-06-03 18:06:47 - [MESSAGE][PASSED] - com.sanitytest.com.HandleErrorMessage.verifyErrorMessage is PASSED

2020-06-03 18:06:47 - [TEST_STEP][PASSED] - delay(2): Delayed 2 second(s)

2020-06-03 18:06:49 - [MESSAGE][PASSED] - Delayed 2 second(s)

2020-06-03 18:06:49 - [TEST_STEP][PASSED] - setText(findTestObject("Object Repository/Front End Objects/MyBankAccount(Create)/Page_Chiragh - My Bank Accounts/input_Account Name_accountTitle"), "8855@@@@@"): Text '8855@@@@@' is set on object 'Object Repository/Front End Objects/MyBankAccount(Create)/Page_Chiragh - My Bank Accounts/input_Account Name_accountTitle'

2020-06-03 18:06:49 - [MESSAGE][PASSED] - Text '8855@@@@@' is set on object 'Object Repository/Front End Objects/MyBankAccount(Create)/Page_Chiragh - My Bank Accounts/input_Account Name_accountTitle'

2020-06-03 18:06:49 - [TEST_STEP][PASSED] - title = getText(findTestObject("Sanity Test/MybankAccount/Page_Chiragh - My Bank Accounts/div_Account Name is not valid")): Text of object 'Object Repository/Sanity Test/MybankAccount/Page_Chiragh - My Bank Accounts/div_Account Name is not valid' is: 'Account Name is not valid!'

2020-06-03 18:06:50 - [MESSAGE][PASSED] - Text of object 'Object Repository/Sanity Test/MybankAccount/Page_Chiragh - My Bank Accounts/div_Account Name is not valid' is: 'Account Name is not valid!'

2020-06-03 18:06:50 - [TEST_STEP][PASSED] - com.sanitytest.com.HandleErrorMessage.verifyErrorMessage(title, "Account Name is not valid!"): com.sanitytest.com.HandleErrorMessage.verifyErrorMessage is PASSED

2020-06-03 18:06:50 - [MESSAGE][PASSED] - Actual object 'Account Name is not valid!' and expected object 'Account Name is not valid!' are equal

2020-06-03 18:06:50 - [MESSAGE][PASSED] - Actual object 'Account Name is not valid!' and expected object 'Account Name is not valid!' are equal

2020-06-03 18:06:50 - [MESSAGE][PASSED] - com.sanitytest.com.HandleErrorMessage.verifyErrorMessage is PASSED

2020-06-03 18:06:50 - [TEST_STEP][PASSED] - delay(2): Delayed 2 second(s)

2020-06-03 18:06:52 - [MESSAGE][PASSED] - Delayed 2 second(s)

2020-06-03 18:06:52 - [TEST_STEP][PASSED] - setText(findTestObject("Object Repository/Front End Objects/MyBankAccount(Create)/Page_Chiragh - My Bank Accounts/input_Acct Holder Address_address"), "@@889557766HHGHGGGHG"): Text '@@889557766HHGHGGGHG' is set on object 'Object Repository/Front End Objects/MyBankAccount(Create)/Page_Chiragh - My Bank Accounts/input_Acct Holder Address_address'

2020-06-03 18:06:53 - [MESSAGE][PASSED] - Text '@@889557766HHGHGGGHG' is set on object 'Object Repository/Front End Objects/MyBankAccount(Create)/Page_Chiragh - My Bank Accounts/input_Acct Holder Address_address'

2020-06-03 18:06:53 - [TEST_STEP][PASSED] - delay(2): Delayed 2 second(s)

2020-06-03 18:06:55 - [MESSAGE][PASSED] - Delayed 2 second(s)

2020-06-03 18:06:55 - [TEST_STEP][PASSED] - setText(findTestObject("Object Repository/Front End Objects/MyBankAccount(Create)/Page_Chiragh - My Bank Accounts/input_Bank Name_bankName"), "8855@@@@@"): Text '8855@@@@@' is set on object 'Object Repository/Front End Objects/MyBankAccount(Create)/Page_Chiragh - My Bank Accounts/input_Bank Name_bankName'

2020-06-03 18:06:56 - [MESSAGE][PASSED] - Text '8855@@@@@' is set on object 'Object Repository/Front End Objects/MyBankAccount(Create)/Page_Chiragh - My Bank Accounts/input_Bank Name_bankName'

2020-06-03 18:06:56 - [TEST_STEP][PASSED] - bankName = getText(findTestObject("Sanity Test/MybankAccount/Page_Chiragh - My Bank Accounts/div_Bank name is not valid")): Text of object 'Object Repository/Sanity Test/MybankAccount/Page_Chiragh - My Bank Accounts/div_Bank name is not valid' is: 'Bank name is not valid!'

2020-06-03 18:06:56 - [MESSAGE][PASSED] - Text of object 'Object Repository/Sanity Test/MybankAccount/Page_Chiragh - My Bank Accounts/div_Bank name is not valid' is: 'Bank name is not valid!'

2020-06-03 18:06:56 - [TEST_STEP][PASSED] - com.sanitytest.com.HandleErrorMessage.verifyErrorMessage(bankName, "Bank name is not valid!"): com.sanitytest.com.HandleErrorMessage.verifyErrorMessage is PASSED

2020-06-03 18:06:56 - [MESSAGE][PASSED] - Actual object 'Bank name is not valid!' and expected object 'Bank name is not valid!' are equal

2020-06-03 18:06:56 - [MESSAGE][PASSED] - Actual object 'Bank name is not valid!' and expected object 'Bank name is not valid!' are equal

2020-06-03 18:06:56 - [MESSAGE][PASSED] - com.sanitytest.com.HandleErrorMessage.verifyErrorMessage is PASSED

2020-06-03 18:06:56 - [TEST_STEP][PASSED] - delay(2): Delayed 2 second(s)

2020-06-03 18:06:58 - [MESSAGE][PASSED] - Delayed 2 second(s)

2020-06-03 18:06:58 - [TEST_STEP][PASSED] - setText(findTestObject("Object Repository/Front End Objects/MyBankAccount(Create)/Page_Chiragh - My Bank Accounts/input_Bank Branch Address_branchName"), "@@@@@@@@$"): Text '@@@@@@@@$' is set on object 'Object Repository/Front End Objects/MyBankAccount(Create)/Page_Chiragh - My Bank Accounts/input_Bank Branch Address_branchName'

2020-06-03 18:06:59 - [MESSAGE][PASSED] - Text '@@@@@@@@$' is set on object 'Object Repository/Front End Objects/MyBankAccount(Create)/Page_Chiragh - My Bank Accounts/input_Bank Branch Address_branchName'

2020-06-03 18:06:59 - [TEST_STEP][PASSED] - bankaddress = getText(findTestObject("Sanity Test/MybankAccount/Page_Chiragh - My Bank Accounts/div_Bank Branch Address is not valid")): Text of object 'Object Repository/Sanity Test/MybankAccount/Page_Chiragh - My Bank Accounts/div_Bank Branch Address is not valid' is: 'Bank Branch Address is not valid!'

2020-06-03 18:07:00 - [MESSAGE][PASSED] - Text of object 'Object Repository/Sanity Test/MybankAccount/Page_Chiragh - My Bank Accounts/div_Bank Branch Address is not valid' is: 'Bank Branch Address is not valid!'

2020-06-03 18:07:00 - [TEST_STEP][PASSED] - com.sanitytest.com.HandleErrorMessage.verifyErrorMessage(bankaddress, "Bank Branch Address is not valid!"): com.sanitytest.com.HandleErrorMessage.verifyErrorMessage is PASSED

2020-06-03 18:07:00 - [MESSAGE][PASSED] - Actual object 'Bank Branch Address is not valid!' and expected object 'Bank Branch Address is not valid!' are equal

2020-06-03 18:07:00 - [MESSAGE][PASSED] - Actual object 'Bank Branch Address is not valid!' and expected object 'Bank Branch Address is not valid!' are equal

2020-06-03 18:07:00 - [MESSAGE][PASSED] - com.sanitytest.com.HandleErrorMessage.verifyErrorMessage is PASSED

2020-06-03 18:07:00 - [TEST_STEP][PASSED] - delay(2): Delayed 2 second(s)

2020-06-03 18:07:02 - [MESSAGE][PASSED] - Delayed 2 second(s)

2020-06-03 18:07:02 - [TEST_STEP][PASSED] - setText(findTestObject("Object Repository/Front End Objects/MyBankAccount(Create)/Page_Chiragh - My Bank Accounts/input_Swift Code_accSwiftCode"), "###%%@@@9889U"): Text '###%%@@@9889U' is set on object 'Object Repository/Front End Objects/MyBankAccount(Create)/Page_Chiragh - My Bank Accounts/input_Swift Code_accSwiftCode'

2020-06-03 18:07:02 - [MESSAGE][PASSED] - Text '###%%@@@9889U' is set on object 'Object Repository/Front End Objects/MyBankAccount(Create)/Page_Chiragh - My Bank Accounts/input_Swift Code_accSwiftCode'

2020-06-03 18:07:02 - [TEST_STEP][PASSED] - swiftCode = getText(findTestObject("Sanity Test/MybankAccount/Page_Chiragh - My Bank Accounts/div_Swift code is not valid")): Text of object 'Object Repository/Sanity Test/MybankAccount/Page_Chiragh - My Bank Accounts/div_Swift code is not valid' is: 'Swift code is not valid!'

2020-06-03 18:07:03 - [MESSAGE][PASSED] - Text of object 'Object Repository/Sanity Test/MybankAccount/Page_Chiragh - My Bank Accounts/div_Swift code is not valid' is: 'Swift code is not valid!'

2020-06-03 18:07:03 - [TEST_STEP][PASSED] - com.sanitytest.com.HandleErrorMessage.verifyErrorMessage(swiftCode, "Swift code is not valid!"): com.sanitytest.com.HandleErrorMessage.verifyErrorMessage is PASSED

2020-06-03 18:07:03 - [MESSAGE][PASSED] - Actual object 'Swift code is not valid!' and expected object 'Swift code is not valid!' are equal

2020-06-03 18:07:03 - [MESSAGE][PASSED] - Actual object 'Swift code is not valid!' and expected object 'Swift code is not valid!' are equal

2020-06-03 18:07:03 - [MESSAGE][PASSED] - com.sanitytest.com.HandleErrorMessage.verifyErrorMessage is PASSED

2020-06-03 18:07:03 - [TEST_STEP][PASSED] - delay(2): Delayed 2 second(s)

2020-06-03 18:07:05 - [MESSAGE][PASSED] - Delayed 2 second(s)

2020-06-03 18:07:05 - [TEST_STEP][PASSED] - setText(findTestObject("Object Repository/Front End Objects/MyBankAccount(Create)/Page_Chiragh - My Bank Accounts/input_Correspondent Bank Name_corresponding_bf0020"), "###%%@@@9889U"): Text '###%%@@@9889U' is set on object 'Object Repository/Front End Objects/MyBankAccount(Create)/Page_Chiragh - My Bank Accounts/input_Correspondent Bank Name_corresponding_bf0020'

2020-06-03 18:07:06 - [MESSAGE][PASSED] - Text '###%%@@@9889U' is set on object 'Object Repository/Front End Objects/MyBankAccount(Create)/Page_Chiragh - My Bank Accounts/input_Correspondent Bank Name_corresponding_bf0020'

2020-06-03 18:07:06 - [TEST_STEP][PASSED] - setText(findTestObject("Object Repository/Front End Objects/MyBankAccount(Create)/Page_Chiragh - My Bank Accounts/input_Correspondent Bank Swift Code_corresp_eefb27"), "###%%@@@9889U"): Text '###%%@@@9889U' is set on object 'Object Repository/Front End Objects/MyBankAccount(Create)/Page_Chiragh - My Bank Accounts/input_Correspondent Bank Swift Code_corresp_eefb27'

2020-06-03 18:07:06 - [MESSAGE][PASSED] - Text '###%%@@@9889U' is set on object 'Object Repository/Front End Objects/MyBankAccount(Create)/Page_Chiragh - My Bank Accounts/input_Correspondent Bank Swift Code_corresp_eefb27'

2020-06-03 18:07:06 - [TEST_STEP][PASSED] - delay(6): Delayed 6 second(s)

2020-06-03 18:07:12 - [MESSAGE][PASSED] - Delayed 6 second(s)

2020-06-03 18:07:12 - [TEST_STEP][PASSED] - selectOptionByValue(findTestObject("Object Repository/Front End Objects/MyBankAccount(Create)/Page_Chiragh - My Bank Accounts/select_Select CurrencyUSDAEDEUR"), "1", true): All options with value '1' are selected in object 'Object Repository/Front End Objects/MyBankAccount(Create)/Page_Chiragh - My Bank Accounts/select_Select CurrencyUSDAEDEUR'  using regular expression

2020-06-03 18:07:14 - [MESSAGE][PASSED] - All options with value '1' are selected in object 'Object Repository/Front End Objects/MyBankAccount(Create)/Page_Chiragh - My Bank Accounts/select_Select CurrencyUSDAEDEUR'  using regular expression

2020-06-03 18:07:14 - [TEST_STEP][PASSED] - setText(findTestObject("Object Repository/Front End Objects/MyBankAccount(Create)/Page_Chiragh - My Bank Accounts/input_Account Name_accountTitle"), "Sharjah Platinum"): Text 'Sharjah Platinum' is set on object 'Object Repository/Front End Objects/MyBankAccount(Create)/Page_Chiragh - My Bank Accounts/input_Account Name_accountTitle'

2020-06-03 18:07:15 - [MESSAGE][PASSED] - Text 'Sharjah Platinum' is set on object 'Object Repository/Front End Objects/MyBankAccount(Create)/Page_Chiragh - My Bank Accounts/input_Account Name_accountTitle'

2020-06-03 18:07:15 - [TEST_STEP][PASSED] - setText(findTestObject("Object Repository/Front End Objects/MyBankAccount(Create)/Page_Chiragh - My Bank Accounts/input_IBAN_accIbanNumber"), "647489347389"): Text '647489347389' is set on object 'Object Repository/Front End Objects/MyBankAccount(Create)/Page_Chiragh - My Bank Accounts/input_IBAN_accIbanNumber'

2020-06-03 18:07:16 - [MESSAGE][PASSED] - Text '647489347389' is set on object 'Object Repository/Front End Objects/MyBankAccount(Create)/Page_Chiragh - My Bank Accounts/input_IBAN_accIbanNumber'

2020-06-03 18:07:16 - [TEST_STEP][PASSED] - setText(findTestObject("Object Repository/Front End Objects/MyBankAccount(Create)/Page_Chiragh - My Bank Accounts/input_Account No_accountNumber"), "6376376373"): Text '6376376373' is set on object 'Object Repository/Front End Objects/MyBankAccount(Create)/Page_Chiragh - My Bank Accounts/input_Account No_accountNumber'

2020-06-03 18:07:17 - [MESSAGE][PASSED] - Text '6376376373' is set on object 'Object Repository/Front End Objects/MyBankAccount(Create)/Page_Chiragh - My Bank Accounts/input_Account No_accountNumber'

2020-06-03 18:07:17 - [TEST_STEP][PASSED] - click(findTestObject("Object Repository/Front End Objects/MyBankAccount(Create)/Page_Chiragh - My Bank Accounts/div_Account Name")): Object: 'Object Repository/Front End Objects/MyBankAccount(Create)/Page_Chiragh - My Bank Accounts/div_Account Name' is clicked on

2020-06-03 18:07:17 - [MESSAGE][PASSED] - Object: 'Object Repository/Front End Objects/MyBankAccount(Create)/Page_Chiragh - My Bank Accounts/div_Account Name' is clicked on

2020-06-03 18:07:17 - [TEST_STEP][PASSED] - setText(findTestObject("Object Repository/Front End Objects/MyBankAccount(Create)/Page_Chiragh - My Bank Accounts/input_Account Name_accountTitle"), "Emirati Bank"): Text 'Emirati Bank' is set on object 'Object Repository/Front End Objects/MyBankAccount(Create)/Page_Chiragh - My Bank Accounts/input_Account Name_accountTitle'

2020-06-03 18:07:18 - [MESSAGE][PASSED] - Text 'Emirati Bank' is set on object 'Object Repository/Front End Objects/MyBankAccount(Create)/Page_Chiragh - My Bank Accounts/input_Account Name_accountTitle'

2020-06-03 18:07:18 - [TEST_STEP][PASSED] - setText(findTestObject("Object Repository/Front End Objects/MyBankAccount(Create)/Page_Chiragh - My Bank Accounts/input_Acct Holder Address_address"), "Dubai Town"): Text 'Dubai Town' is set on object 'Object Repository/Front End Objects/MyBankAccount(Create)/Page_Chiragh - My Bank Accounts/input_Acct Holder Address_address'

2020-06-03 18:07:19 - [MESSAGE][PASSED] - Text 'Dubai Town' is set on object 'Object Repository/Front End Objects/MyBankAccount(Create)/Page_Chiragh - My Bank Accounts/input_Acct Holder Address_address'

2020-06-03 18:07:19 - [TEST_STEP][PASSED] - setText(findTestObject("Object Repository/Front End Objects/MyBankAccount(Create)/Page_Chiragh - My Bank Accounts/input_Bank Name_bankName"), "Emirati Platinum"): Text 'Emirati Platinum' is set on object 'Object Repository/Front End Objects/MyBankAccount(Create)/Page_Chiragh - My Bank Accounts/input_Bank Name_bankName'

2020-06-03 18:07:19 - [MESSAGE][PASSED] - Text 'Emirati Platinum' is set on object 'Object Repository/Front End Objects/MyBankAccount(Create)/Page_Chiragh - My Bank Accounts/input_Bank Name_bankName'

2020-06-03 18:07:19 - [TEST_STEP][PASSED] - setText(findTestObject("Object Repository/Front End Objects/MyBankAccount(Create)/Page_Chiragh - My Bank Accounts/input_Bank Branch Address_branchName"), "Dubai Town"): Text 'Dubai Town' is set on object 'Object Repository/Front End Objects/MyBankAccount(Create)/Page_Chiragh - My Bank Accounts/input_Bank Branch Address_branchName'

2020-06-03 18:07:20 - [MESSAGE][PASSED] - Text 'Dubai Town' is set on object 'Object Repository/Front End Objects/MyBankAccount(Create)/Page_Chiragh - My Bank Accounts/input_Bank Branch Address_branchName'

2020-06-03 18:07:20 - [TEST_STEP][PASSED] - setText(findTestObject("Object Repository/Front End Objects/MyBankAccount(Create)/Page_Chiragh - My Bank Accounts/input_Swift Code_accSwiftCode"), "64637634"): Text '64637634' is set on object 'Object Repository/Front End Objects/MyBankAccount(Create)/Page_Chiragh - My Bank Accounts/input_Swift Code_accSwiftCode'

2020-06-03 18:07:21 - [MESSAGE][PASSED] - Text '64637634' is set on object 'Object Repository/Front End Objects/MyBankAccount(Create)/Page_Chiragh - My Bank Accounts/input_Swift Code_accSwiftCode'

2020-06-03 18:07:21 - [TEST_STEP][PASSED] - setText(findTestObject("Object Repository/Front End Objects/MyBankAccount(Create)/Page_Chiragh - My Bank Accounts/input_Correspondent Bank Name_corresponding_bf0020"), "Dubai CB"): Text 'Dubai CB' is set on object 'Object Repository/Front End Objects/MyBankAccount(Create)/Page_Chiragh - My Bank Accounts/input_Correspondent Bank Name_corresponding_bf0020'

2020-06-03 18:07:22 - [MESSAGE][PASSED] - Text 'Dubai CB' is set on object 'Object Repository/Front End Objects/MyBankAccount(Create)/Page_Chiragh - My Bank Accounts/input_Correspondent Bank Name_corresponding_bf0020'

2020-06-03 18:07:22 - [TEST_STEP][PASSED] - setText(findTestObject("Object Repository/Front End Objects/MyBankAccount(Create)/Page_Chiragh - My Bank Accounts/input_Correspondent Bank Swift Code_corresp_eefb27"), "53635"): Text '53635' is set on object 'Object Repository/Front End Objects/MyBankAccount(Create)/Page_Chiragh - My Bank Accounts/input_Correspondent Bank Swift Code_corresp_eefb27'

2020-06-03 18:07:22 - [MESSAGE][PASSED] - Text '53635' is set on object 'Object Repository/Front End Objects/MyBankAccount(Create)/Page_Chiragh - My Bank Accounts/input_Correspondent Bank Swift Code_corresp_eefb27'

2020-06-03 18:07:22 - [TEST_STEP][PASSED] - delay(3): Delayed 3 second(s)

2020-06-03 18:07:26 - [MESSAGE][PASSED] - Delayed 3 second(s)

2020-06-03 18:07:26 - [TEST_STEP][PASSED] - closeBrowser(): Browser is closed

2020-06-03 18:07:27 - [MESSAGE][PASSED] - Browser is closed

2020-06-03 18:07:29 - [TEST_STEP][PASSED] - Video: Video recording for test case 'Test Cases/Sanity Tests/Buy_Wallet_AddMyAccount_USD' .

2020-06-03 18:07:29 - [MESSAGE][INFO] - Video recording for test case 'Test Cases/Sanity Tests/Buy_Wallet_AddMyAccount_USD' .
[[ATTACHMENT|C:\\Users\\Ihsan\\git\\chiraghAdminPanel\\Reports\\20200603_175719\\SanityTests\\SanityTest\\20200603_175719/videos\\test_6.mov]]]]></system-out>
         <system-err><![CDATA[]]></system-err>
      </testcase>
      <testcase name="Test Cases/Sanity Tests/TC_Registration" time="142.853" classname="Test Cases/Sanity Tests/TC_Registration" status="PASSED">
         <system-out><![CDATA[2020-06-03 18:07:29 - [TEST_CASE][PASSED] - Test Cases/Sanity Tests/TC_Registration: Test Cases/Sanity Tests/TC_Registration

2020-06-03 18:07:30 - [TEST_STEP][PASSED] - faker = new com.github.javafaker.Faker(): null

2020-06-03 18:07:30 - [TEST_STEP][PASSED] - openBrowser(""): Browser is opened with url: ''

2020-06-03 18:07:30 - [MESSAGE][INFO] - Starting 'Firefox' driver

2020-06-03 18:07:30 - [MESSAGE][INFO] - Action delay is set to 0 milliseconds

2020-06-03 18:07:36 - [MESSAGE][PASSED] - Browser is opened with url: ''

2020-06-03 18:07:36 - [TEST_STEP][PASSED] - navigateToUrl(Url): Navigate to 'http://test.chiragh.com' successfully

2020-06-03 18:07:52 - [MESSAGE][PASSED] - Navigate to 'http://test.chiragh.com' successfully

2020-06-03 18:07:52 - [TEST_STEP][PASSED] - waitForPageLoad(15): Wait for page load successfully

2020-06-03 18:07:52 - [MESSAGE][PASSED] - Wait for page load successfully

2020-06-03 18:07:52 - [TEST_STEP][PASSED] - maximizeWindow(): Current window maximized

2020-06-03 18:07:52 - [MESSAGE][PASSED] - Current window maximized

2020-06-03 18:07:52 - [TEST_STEP][PASSED] - delay(3): Delayed 3 second(s)

2020-06-03 18:07:55 - [MESSAGE][PASSED] - Delayed 3 second(s)

2020-06-03 18:07:55 - [TEST_STEP][PASSED] - click(findTestObject("Object Repository/Sanity Test/registration/Page_Chiragh - Home/a_ENG_dropdownMenuLink")): Object: 'Object Repository/Sanity Test/registration/Page_Chiragh - Home/a_ENG_dropdownMenuLink' is clicked on

2020-06-03 18:07:56 - [MESSAGE][PASSED] - Object: 'Object Repository/Sanity Test/registration/Page_Chiragh - Home/a_ENG_dropdownMenuLink' is clicked on

2020-06-03 18:07:56 - [TEST_STEP][PASSED] - click(findTestObject("Object Repository/Sanity Test/registration/Page_Chiragh - Home/a_Login")): Object: 'Object Repository/Sanity Test/registration/Page_Chiragh - Home/a_Login' is clicked on

2020-06-03 18:07:57 - [MESSAGE][PASSED] - Object: 'Object Repository/Sanity Test/registration/Page_Chiragh - Home/a_Login' is clicked on

2020-06-03 18:07:57 - [TEST_STEP][PASSED] - click(findTestObject("Object Repository/Sanity Test/registration/Page_Chiragh - Login/a_Register")): Object: 'Object Repository/Sanity Test/registration/Page_Chiragh - Login/a_Register' is clicked on

2020-06-03 18:07:57 - [MESSAGE][PASSED] - Object: 'Object Repository/Sanity Test/registration/Page_Chiragh - Login/a_Register' is clicked on

2020-06-03 18:07:57 - [TEST_STEP][PASSED] - setText(findTestObject("Object Repository/Sanity Test/registration/Page_Chiragh - Register/input_First Name_userFirstName"), "22222"): Text '22222' is set on object 'Object Repository/Sanity Test/registration/Page_Chiragh - Register/input_First Name_userFirstName'

2020-06-03 18:07:59 - [MESSAGE][PASSED] - Text '22222' is set on object 'Object Repository/Sanity Test/registration/Page_Chiragh - Register/input_First Name_userFirstName'

2020-06-03 18:07:59 - [TEST_STEP][PASSED] - errorMessage = getText(findTestObject("Object Repository/Sanity Test/registration/Page_Chiragh - Register/div_First Name is not valid")): Text of object 'Object Repository/Sanity Test/registration/Page_Chiragh - Register/div_First Name is not valid' is: 'First Name is not valid!'

2020-06-03 18:08:00 - [MESSAGE][PASSED] - Text of object 'Object Repository/Sanity Test/registration/Page_Chiragh - Register/div_First Name is not valid' is: 'First Name is not valid!'

2020-06-03 18:08:00 - [TEST_STEP][PASSED] - com.sanitytest.com.HandleErrorMessage.verifyErrorMessage(errorMessage, "First Name is not valid!"): com.sanitytest.com.HandleErrorMessage.verifyErrorMessage is PASSED

2020-06-03 18:08:00 - [MESSAGE][PASSED] - Actual object 'First Name is not valid!' and expected object 'First Name is not valid!' are equal

2020-06-03 18:08:00 - [MESSAGE][PASSED] - Actual object 'First Name is not valid!' and expected object 'First Name is not valid!' are equal

2020-06-03 18:08:00 - [MESSAGE][PASSED] - com.sanitytest.com.HandleErrorMessage.verifyErrorMessage is PASSED

2020-06-03 18:08:00 - [TEST_STEP][PASSED] - delay(2): Delayed 2 second(s)

2020-06-03 18:08:02 - [MESSAGE][PASSED] - Delayed 2 second(s)

2020-06-03 18:08:02 - [TEST_STEP][PASSED] - setText(findTestObject("Object Repository/Sanity Test/registration/Page_Chiragh - Register/input_Last Name_userlastName"), "333333"): Text '333333' is set on object 'Object Repository/Sanity Test/registration/Page_Chiragh - Register/input_Last Name_userlastName'

2020-06-03 18:08:03 - [MESSAGE][PASSED] - Text '333333' is set on object 'Object Repository/Sanity Test/registration/Page_Chiragh - Register/input_Last Name_userlastName'

2020-06-03 18:08:03 - [TEST_STEP][PASSED] - errorLastName = getText(findTestObject("Object Repository/Sanity Test/registration/Page_Chiragh - Register/div_Last Name is not valid")): Text of object 'Object Repository/Sanity Test/registration/Page_Chiragh - Register/div_Last Name is not valid' is: 'Last Name is not valid!'

2020-06-03 18:08:03 - [MESSAGE][PASSED] - Text of object 'Object Repository/Sanity Test/registration/Page_Chiragh - Register/div_Last Name is not valid' is: 'Last Name is not valid!'

2020-06-03 18:08:03 - [TEST_STEP][PASSED] - com.sanitytest.com.HandleErrorMessage.verifyErrorMessage(errorLastName, "Last Name is not valid!"): com.sanitytest.com.HandleErrorMessage.verifyErrorMessage is PASSED

2020-06-03 18:08:03 - [MESSAGE][PASSED] - Actual object 'Last Name is not valid!' and expected object 'Last Name is not valid!' are equal

2020-06-03 18:08:03 - [MESSAGE][PASSED] - Actual object 'Last Name is not valid!' and expected object 'Last Name is not valid!' are equal

2020-06-03 18:08:03 - [MESSAGE][PASSED] - com.sanitytest.com.HandleErrorMessage.verifyErrorMessage is PASSED

2020-06-03 18:08:03 - [TEST_STEP][PASSED] - delay(2): Delayed 2 second(s)

2020-06-03 18:08:05 - [MESSAGE][PASSED] - Delayed 2 second(s)

2020-06-03 18:08:05 - [TEST_STEP][PASSED] - setText(findTestObject("Page_Chiragh - Register/input_Username_0bdtue"), "3330-9"): Text '3330-9' is set on object 'Object Repository/Page_Chiragh - Register/input_Username_0bdtue'

2020-06-03 18:08:06 - [MESSAGE][PASSED] - Text '3330-9' is set on object 'Object Repository/Page_Chiragh - Register/input_Username_0bdtue'

2020-06-03 18:08:06 - [TEST_STEP][PASSED] - errorUsername = getText(findTestObject("Object Repository/Sanity Test/registration/Page_Chiragh - Register/div_Space and special character not Allowed")): Text of object 'Object Repository/Sanity Test/registration/Page_Chiragh - Register/div_Space and special character not Allowed' is: 'Space and special character not Allowed!'

2020-06-03 18:08:07 - [MESSAGE][PASSED] - Text of object 'Object Repository/Sanity Test/registration/Page_Chiragh - Register/div_Space and special character not Allowed' is: 'Space and special character not Allowed!'

2020-06-03 18:08:07 - [TEST_STEP][PASSED] - com.sanitytest.com.HandleErrorMessage.verifyErrorMessage(errorUsername, "Space and special character not Allowed!"): com.sanitytest.com.HandleErrorMessage.verifyErrorMessage is PASSED

2020-06-03 18:08:07 - [MESSAGE][PASSED] - Actual object 'Space and special character not Allowed!' and expected object 'Space and special character not Allowed!' are equal

2020-06-03 18:08:07 - [MESSAGE][PASSED] - Actual object 'Space and special character not Allowed!' and expected object 'Space and special character not Allowed!' are equal

2020-06-03 18:08:07 - [MESSAGE][PASSED] - com.sanitytest.com.HandleErrorMessage.verifyErrorMessage is PASSED

2020-06-03 18:08:07 - [TEST_STEP][PASSED] - delay(2): Delayed 2 second(s)

2020-06-03 18:08:09 - [MESSAGE][PASSED] - Delayed 2 second(s)

2020-06-03 18:08:09 - [TEST_STEP][PASSED] - setText(findTestObject("Page_Chiragh - Register/input_Username_0bdtue"), "ahsan1234"): Text 'ahsan1234' is set on object 'Object Repository/Page_Chiragh - Register/input_Username_0bdtue'

2020-06-03 18:08:10 - [MESSAGE][PASSED] - Text 'ahsan1234' is set on object 'Object Repository/Page_Chiragh - Register/input_Username_0bdtue'

2020-06-03 18:08:10 - [TEST_STEP][PASSED] - delay(2): Delayed 2 second(s)

2020-06-03 18:08:12 - [MESSAGE][PASSED] - Delayed 2 second(s)

2020-06-03 18:08:12 - [TEST_STEP][PASSED] - errorUsernameSecond = getText(findTestObject("Sanity Test/registration/object/Page_Chiragh - Register/div_Username already Exist")): Text of object 'Object Repository/Sanity Test/registration/object/Page_Chiragh - Register/div_Username already Exist' is: 'Username already Exist!'

2020-06-03 18:08:12 - [MESSAGE][PASSED] - Text of object 'Object Repository/Sanity Test/registration/object/Page_Chiragh - Register/div_Username already Exist' is: 'Username already Exist!'

2020-06-03 18:08:12 - [TEST_STEP][PASSED] - com.sanitytest.com.HandleErrorMessage.verifyErrorMessage(errorUsernameSecond, "Username already Exist!"): com.sanitytest.com.HandleErrorMessage.verifyErrorMessage is PASSED

2020-06-03 18:08:12 - [MESSAGE][PASSED] - Actual object 'Username already Exist!' and expected object 'Username already Exist!' are equal

2020-06-03 18:08:12 - [MESSAGE][PASSED] - Actual object 'Username already Exist!' and expected object 'Username already Exist!' are equal

2020-06-03 18:08:12 - [MESSAGE][PASSED] - com.sanitytest.com.HandleErrorMessage.verifyErrorMessage is PASSED

2020-06-03 18:08:12 - [TEST_STEP][PASSED] - delay(2): Delayed 2 second(s)

2020-06-03 18:08:14 - [MESSAGE][PASSED] - Delayed 2 second(s)

2020-06-03 18:08:14 - [TEST_STEP][PASSED] - setText(findTestObject("Object Repository/Sanity Test/registration/Page_Chiragh - Register/input_Email _userEmail"), "556666666.com"): Text '556666666.com' is set on object 'Object Repository/Sanity Test/registration/Page_Chiragh - Register/input_Email _userEmail'

2020-06-03 18:08:15 - [MESSAGE][PASSED] - Text '556666666.com' is set on object 'Object Repository/Sanity Test/registration/Page_Chiragh - Register/input_Email _userEmail'

2020-06-03 18:08:15 - [TEST_STEP][PASSED] - errorEmail = getText(findTestObject("Object Repository/Sanity Test/registration/Page_Chiragh - Register/div_Enter valid email address eg exampleemailcom")): Text of object 'Object Repository/Sanity Test/registration/Page_Chiragh - Register/div_Enter valid email address eg exampleemailcom' is: 'Enter valid email address e.g
example@email.com'

2020-06-03 18:08:16 - [MESSAGE][PASSED] - Text of object 'Object Repository/Sanity Test/registration/Page_Chiragh - Register/div_Enter valid email address eg exampleemailcom' is: 'Enter valid email address e.g
example@email.com'

2020-06-03 18:08:16 - [TEST_STEP][PASSED] - delay(2): Delayed 2 second(s)

2020-06-03 18:08:18 - [MESSAGE][PASSED] - Delayed 2 second(s)

2020-06-03 18:08:18 - [TEST_STEP][PASSED] - setText(findTestObject("Page_Chiragh - Register/input_Password_userPassword"), "6666333"): Text '6666333' is set on object 'Object Repository/Page_Chiragh - Register/input_Password_userPassword'

2020-06-03 18:08:19 - [MESSAGE][PASSED] - Text '6666333' is set on object 'Object Repository/Page_Chiragh - Register/input_Password_userPassword'

2020-06-03 18:08:19 - [TEST_STEP][PASSED] - delay(7): Delayed 7 second(s)

2020-06-03 18:08:26 - [MESSAGE][PASSED] - Delayed 7 second(s)

2020-06-03 18:08:26 - [TEST_STEP][PASSED] - setText(findTestObject("Page_Chiragh - Register/input_Confirm Password_userConfirmPassword"), "92828333"): Text '92828333' is set on object 'Object Repository/Page_Chiragh - Register/input_Confirm Password_userConfirmPassword'

2020-06-03 18:08:27 - [MESSAGE][PASSED] - Text '92828333' is set on object 'Object Repository/Page_Chiragh - Register/input_Confirm Password_userConfirmPassword'

2020-06-03 18:08:27 - [TEST_STEP][PASSED] - delay(6): Delayed 6 second(s)

2020-06-03 18:08:33 - [MESSAGE][PASSED] - Delayed 6 second(s)

2020-06-03 18:08:33 - [TEST_STEP][PASSED] - fName = name().firstName(): null

2020-06-03 18:08:33 - [TEST_STEP][PASSED] - setText(findTestObject("Page_Chiragh - Register/input_First Name_userFirstName"), fName): Text 'Marion' is set on object 'Object Repository/Page_Chiragh - Register/input_First Name_userFirstName'

2020-06-03 18:08:34 - [MESSAGE][PASSED] - Text 'Marion' is set on object 'Object Repository/Page_Chiragh - Register/input_First Name_userFirstName'

2020-06-03 18:08:34 - [TEST_STEP][PASSED] - com.sanitytest.com.Validation.isAlpha(fName): com.sanitytest.com.Validation.isAlpha is PASSED

2020-06-03 18:08:34 - [MESSAGE][PASSED] - com.sanitytest.com.Validation.isAlpha is PASSED

2020-06-03 18:08:34 - [TEST_STEP][PASSED] - delay(2): Delayed 2 second(s)

2020-06-03 18:08:36 - [MESSAGE][PASSED] - Delayed 2 second(s)

2020-06-03 18:08:36 - [TEST_STEP][PASSED] - lName = name().lastName(): null

2020-06-03 18:08:36 - [TEST_STEP][PASSED] - setText(findTestObject("Page_Chiragh - Register/input_Last Name_userlastName"), lName): Text 'Baumbach' is set on object 'Object Repository/Page_Chiragh - Register/input_Last Name_userlastName'

2020-06-03 18:08:37 - [MESSAGE][PASSED] - Text 'Baumbach' is set on object 'Object Repository/Page_Chiragh - Register/input_Last Name_userlastName'

2020-06-03 18:08:37 - [TEST_STEP][PASSED] - com.sanitytest.com.Validation.isAlpha(lName): com.sanitytest.com.Validation.isAlpha is PASSED

2020-06-03 18:08:37 - [MESSAGE][PASSED] - com.sanitytest.com.Validation.isAlpha is PASSED

2020-06-03 18:08:37 - [TEST_STEP][PASSED] - delay(2): Delayed 2 second(s)

2020-06-03 18:08:39 - [MESSAGE][PASSED] - Delayed 2 second(s)

2020-06-03 18:08:39 - [TEST_STEP][PASSED] - userName = name().firstName(): null

2020-06-03 18:08:39 - [TEST_STEP][PASSED] - setText(findTestObject("Page_Chiragh - Register/input_Username_0bdtue"), userName): Text 'Antonia' is set on object 'Object Repository/Page_Chiragh - Register/input_Username_0bdtue'

2020-06-03 18:08:39 - [MESSAGE][PASSED] - Text 'Antonia' is set on object 'Object Repository/Page_Chiragh - Register/input_Username_0bdtue'

2020-06-03 18:08:39 - [TEST_STEP][PASSED] - delay(2): Delayed 2 second(s)

2020-06-03 18:08:41 - [MESSAGE][PASSED] - Delayed 2 second(s)

2020-06-03 18:08:41 - [TEST_STEP][PASSED] - number = number.randomNumber(): null

2020-06-03 18:08:41 - [TEST_STEP][PASSED] - setText(findTestObject("Page_Chiragh - Register/input_Email _userEmail"), "testbcm112+" + number + "@gmail.com"): Text 'testbcm112+28237@gmail.com' is set on object 'Object Repository/Page_Chiragh - Register/input_Email _userEmail'

2020-06-03 18:08:42 - [MESSAGE][PASSED] - Text 'testbcm112+28237@gmail.com' is set on object 'Object Repository/Page_Chiragh - Register/input_Email _userEmail'

2020-06-03 18:08:42 - [TEST_STEP][PASSED] - com.sanitytest.com.Validation.isEmail("testbcm11+" + number + "@gmail.com"): com.sanitytest.com.Validation.isEmail is PASSED

2020-06-03 18:08:42 - [MESSAGE][PASSED] - com.sanitytest.com.Validation.isEmail is PASSED

2020-06-03 18:08:42 - [TEST_STEP][PASSED] - delay(2): Delayed 2 second(s)

2020-06-03 18:08:44 - [MESSAGE][PASSED] - Delayed 2 second(s)

2020-06-03 18:08:44 - [TEST_STEP][PASSED] - setText(findTestObject("Page_Chiragh - Register/input_Password_userPassword"), "A123456s@"): Text 'A123456s@' is set on object 'Object Repository/Page_Chiragh - Register/input_Password_userPassword'

2020-06-03 18:08:45 - [MESSAGE][PASSED] - Text 'A123456s@' is set on object 'Object Repository/Page_Chiragh - Register/input_Password_userPassword'

2020-06-03 18:08:45 - [TEST_STEP][PASSED] - delay(7): Delayed 7 second(s)

2020-06-03 18:08:52 - [MESSAGE][PASSED] - Delayed 7 second(s)

2020-06-03 18:08:52 - [TEST_STEP][PASSED] - setText(findTestObject("Page_Chiragh - Register/input_Confirm Password_userConfirmPassword"), "A123456s@"): Text 'A123456s@' is set on object 'Object Repository/Page_Chiragh - Register/input_Confirm Password_userConfirmPassword'

2020-06-03 18:08:53 - [MESSAGE][PASSED] - Text 'A123456s@' is set on object 'Object Repository/Page_Chiragh - Register/input_Confirm Password_userConfirmPassword'

2020-06-03 18:08:53 - [TEST_STEP][PASSED] - delay(2): Delayed 2 second(s)

2020-06-03 18:08:55 - [MESSAGE][PASSED] - Delayed 2 second(s)

2020-06-03 18:08:55 - [TEST_STEP][PASSED] - click(findTestObject("Page_Chiragh - Register/button_Next")): Object: 'Object Repository/Page_Chiragh - Register/button_Next' is clicked on

2020-06-03 18:08:56 - [MESSAGE][PASSED] - Object: 'Object Repository/Page_Chiragh - Register/button_Next' is clicked on

2020-06-03 18:08:56 - [TEST_STEP][PASSED] - waitForPageLoad(4): Wait for page load successfully

2020-06-03 18:08:56 - [MESSAGE][PASSED] - Wait for page load successfully

2020-06-03 18:08:56 - [TEST_STEP][PASSED] - click(findTestObject("Page_Chiragh - Register/button_Register")): Object: 'Object Repository/Page_Chiragh - Register/button_Register' is clicked on

2020-06-03 18:08:56 - [MESSAGE][PASSED] - Object: 'Object Repository/Page_Chiragh - Register/button_Register' is clicked on

2020-06-03 18:08:56 - [TEST_STEP][PASSED] - delay(3): Delayed 3 second(s)

2020-06-03 18:08:59 - [MESSAGE][PASSED] - Delayed 3 second(s)

2020-06-03 18:08:59 - [TEST_STEP][PASSED] - scrollToElement(findTestObject("Sanity Test/registration/object3/Page_Chiragh - Register/h1_Welcome yuere iyeyrie"), 2): Scroll to object 'Object Repository/Sanity Test/registration/object3/Page_Chiragh - Register/h1_Welcome yuere iyeyrie' successfully

2020-06-03 18:09:00 - [MESSAGE][PASSED] - Scroll to object 'Object Repository/Sanity Test/registration/object3/Page_Chiragh - Register/h1_Welcome yuere iyeyrie' successfully

2020-06-03 18:09:00 - [TEST_STEP][PASSED] - delay(5): Delayed 5 second(s)

2020-06-03 18:09:05 - [MESSAGE][PASSED] - Delayed 5 second(s)

2020-06-03 18:09:05 - [TEST_STEP][PASSED] - click(findTestObject("Sanity Test/registration/Date/Page_Chiragh - Register/input_Date of Birth_dob")): Object: 'Object Repository/Sanity Test/registration/Date/Page_Chiragh - Register/input_Date of Birth_dob' is clicked on

2020-06-03 18:09:06 - [MESSAGE][PASSED] - Object: 'Object Repository/Sanity Test/registration/Date/Page_Chiragh - Register/input_Date of Birth_dob' is clicked on

2020-06-03 18:09:06 - [TEST_STEP][PASSED] - click(findTestObject("Sanity Test/registration/birth/Page_Chiragh - Register/span_May 2020")): Object: 'Object Repository/Sanity Test/registration/birth/Page_Chiragh - Register/span_May 2020' is clicked on

2020-06-03 18:09:07 - [MESSAGE][PASSED] - Object: 'Object Repository/Sanity Test/registration/birth/Page_Chiragh - Register/span_May 2020' is clicked on

2020-06-03 18:09:07 - [TEST_STEP][PASSED] - click(findTestObject("Sanity Test/registration/Date/Page_Chiragh - Register/span_2016")): Object: 'Object Repository/Sanity Test/registration/Date/Page_Chiragh - Register/span_2016' is clicked on

2020-06-03 18:09:07 - [MESSAGE][PASSED] - Object: 'Object Repository/Sanity Test/registration/Date/Page_Chiragh - Register/span_2016' is clicked on

2020-06-03 18:09:07 - [TEST_STEP][PASSED] - click(findTestObject("Sanity Test/registration/Date/Page_Chiragh - Register/span_May")): Object: 'Object Repository/Sanity Test/registration/Date/Page_Chiragh - Register/span_May' is clicked on

2020-06-03 18:09:08 - [MESSAGE][PASSED] - Object: 'Object Repository/Sanity Test/registration/Date/Page_Chiragh - Register/span_May' is clicked on

2020-06-03 18:09:08 - [TEST_STEP][PASSED] - click(findTestObject("Sanity Test/registration/Date/Page_Chiragh - Register/span_4")): Object: 'Object Repository/Sanity Test/registration/Date/Page_Chiragh - Register/span_4' is clicked on

2020-06-03 18:09:09 - [MESSAGE][PASSED] - Object: 'Object Repository/Sanity Test/registration/Date/Page_Chiragh - Register/span_4' is clicked on

2020-06-03 18:09:09 - [TEST_STEP][PASSED] - delay(2): Delayed 2 second(s)

2020-06-03 18:09:11 - [MESSAGE][PASSED] - Delayed 2 second(s)

2020-06-03 18:09:11 - [TEST_STEP][PASSED] - setText(findTestObject("Page_Chiragh - Register/Nationality"), "Pakis"): Text 'Pakis' is set on object 'Object Repository/Page_Chiragh - Register/Nationality'

2020-06-03 18:09:11 - [MESSAGE][PASSED] - Text 'Pakis' is set on object 'Object Repository/Page_Chiragh - Register/Nationality'

2020-06-03 18:09:11 - [TEST_STEP][PASSED] - click(findTestObject("Page_Chiragh - Register/ng-dropdown-panel_Pakistani")): Object: 'Object Repository/Page_Chiragh - Register/ng-dropdown-panel_Pakistani' is clicked on

2020-06-03 18:09:12 - [MESSAGE][PASSED] - Object: 'Object Repository/Page_Chiragh - Register/ng-dropdown-panel_Pakistani' is clicked on

2020-06-03 18:09:12 - [TEST_STEP][PASSED] - Useraddress = address.fullAddress(): null

2020-06-03 18:09:12 - [TEST_STEP][PASSED] - setText(findTestObject("Page_Chiragh - Register/input_Complete address _address"), Useraddress): Text 'Suite 105 663 Myriam Stravenue, Lake Mavisfurt, ME 22359-1532' is set on object 'Object Repository/Page_Chiragh - Register/input_Complete address _address'

2020-06-03 18:09:13 - [MESSAGE][PASSED] - Text 'Suite 105 663 Myriam Stravenue, Lake Mavisfurt, ME 22359-1532' is set on object 'Object Repository/Page_Chiragh - Register/input_Complete address _address'

2020-06-03 18:09:13 - [TEST_STEP][PASSED] - delay(2): Delayed 2 second(s)

2020-06-03 18:09:15 - [MESSAGE][PASSED] - Delayed 2 second(s)

2020-06-03 18:09:15 - [TEST_STEP][PASSED] - PObox = address.zipCode(): null

2020-06-03 18:09:15 - [TEST_STEP][PASSED] - setText(findTestObject("Page_Chiragh - Register/input_POBox_poBox"), PObox): Text '10631-0172' is set on object 'Object Repository/Page_Chiragh - Register/input_POBox_poBox'

2020-06-03 18:09:16 - [MESSAGE][PASSED] - Text '10631-0172' is set on object 'Object Repository/Page_Chiragh - Register/input_POBox_poBox'

2020-06-03 18:09:16 - [TEST_STEP][PASSED] - setText(findTestObject("Page_Chiragh - Register/Country"), "Pakis"): Text 'Pakis' is set on object 'Object Repository/Page_Chiragh - Register/Country'

2020-06-03 18:09:17 - [MESSAGE][PASSED] - Text 'Pakis' is set on object 'Object Repository/Page_Chiragh - Register/Country'

2020-06-03 18:09:17 - [TEST_STEP][PASSED] - click(findTestObject("Page_Chiragh - Register/span_Pakistan")): Object: 'Object Repository/Page_Chiragh - Register/span_Pakistan' is clicked on

2020-06-03 18:09:18 - [MESSAGE][PASSED] - Object: 'Object Repository/Page_Chiragh - Register/span_Pakistan' is clicked on

2020-06-03 18:09:18 - [TEST_STEP][PASSED] - delay(5): Delayed 5 second(s)

2020-06-03 18:09:23 - [MESSAGE][PASSED] - Delayed 5 second(s)

2020-06-03 18:09:23 - [TEST_STEP][PASSED] - setText(findTestObject("Page_Chiragh - Register/City"), "Lahor"): Text 'Lahor' is set on object 'Object Repository/Page_Chiragh - Register/City'

2020-06-03 18:09:23 - [MESSAGE][PASSED] - Text 'Lahor' is set on object 'Object Repository/Page_Chiragh - Register/City'

2020-06-03 18:09:23 - [TEST_STEP][PASSED] - click(findTestObject("Page_Chiragh - Register/span_Lahore")): Object: 'Object Repository/Page_Chiragh - Register/span_Lahore' is clicked on

2020-06-03 18:09:24 - [MESSAGE][PASSED] - Object: 'Object Repository/Page_Chiragh - Register/span_Lahore' is clicked on

2020-06-03 18:09:24 - [TEST_STEP][PASSED] - delay(2): Delayed 2 second(s)

2020-06-03 18:09:26 - [MESSAGE][PASSED] - Delayed 2 second(s)

2020-06-03 18:09:26 - [TEST_STEP][PASSED] - setText(findTestObject("Page_Chiragh - Register/input_Identification Type_ng-star-inserted"), "National"): Text 'National' is set on object 'Object Repository/Page_Chiragh - Register/input_Identification Type_ng-star-inserted'

2020-06-03 18:09:27 - [MESSAGE][PASSED] - Text 'National' is set on object 'Object Repository/Page_Chiragh - Register/input_Identification Type_ng-star-inserted'

2020-06-03 18:09:27 - [TEST_STEP][PASSED] - delay(1): Delayed 1 second(s)

2020-06-03 18:09:28 - [MESSAGE][PASSED] - Delayed 1 second(s)

2020-06-03 18:09:28 - [TEST_STEP][PASSED] - click(findTestObject("Page_Chiragh - Register/span_National ID")): Object: 'Object Repository/Page_Chiragh - Register/span_National ID' is clicked on

2020-06-03 18:09:28 - [MESSAGE][PASSED] - Object: 'Object Repository/Page_Chiragh - Register/span_National ID' is clicked on

2020-06-03 18:09:28 - [TEST_STEP][PASSED] - IdCardNumber = number().digits(10): null

2020-06-03 18:09:28 - [TEST_STEP][PASSED] - setText(findTestObject("Page_Chiragh - Register/input_ID Number_idCardNo"), IdCardNumber): Text '8180094122' is set on object 'Object Repository/Page_Chiragh - Register/input_ID Number_idCardNo'

2020-06-03 18:09:29 - [MESSAGE][PASSED] - Text '8180094122' is set on object 'Object Repository/Page_Chiragh - Register/input_ID Number_idCardNo'

2020-06-03 18:09:29 - [TEST_STEP][PASSED] - click(findTestObject("Page_Chiragh - Register/input_ID Expiry Date_idExpiryDate")): Object: 'Object Repository/Page_Chiragh - Register/input_ID Expiry Date_idExpiryDate' is clicked on

2020-06-03 18:09:30 - [MESSAGE][PASSED] - Object: 'Object Repository/Page_Chiragh - Register/input_ID Expiry Date_idExpiryDate' is clicked on

2020-06-03 18:09:30 - [TEST_STEP][PASSED] - click(findTestObject("Page_Chiragh - Register/span_Apr 2020")): Object: 'Object Repository/Page_Chiragh - Register/span_Apr 2020' is clicked on

2020-06-03 18:09:31 - [MESSAGE][PASSED] - Object: 'Object Repository/Page_Chiragh - Register/span_Apr 2020' is clicked on

2020-06-03 18:09:31 - [TEST_STEP][PASSED] - click(findTestObject("Page_Chiragh - Register/span_2021")): Object: 'Object Repository/Page_Chiragh - Register/span_2021' is clicked on

2020-06-03 18:09:32 - [MESSAGE][PASSED] - Object: 'Object Repository/Page_Chiragh - Register/span_2021' is clicked on

2020-06-03 18:09:32 - [TEST_STEP][PASSED] - click(findTestObject("Page_Chiragh - Register/span_Jan")): Object: 'Object Repository/Page_Chiragh - Register/span_Jan' is clicked on

2020-06-03 18:09:32 - [MESSAGE][PASSED] - Object: 'Object Repository/Page_Chiragh - Register/span_Jan' is clicked on

2020-06-03 18:09:32 - [TEST_STEP][PASSED] - click(findTestObject("Page_Chiragh - Register/Jan1")): Object: 'Object Repository/Page_Chiragh - Register/Jan1' is clicked on

2020-06-03 18:09:33 - [MESSAGE][PASSED] - Object: 'Object Repository/Page_Chiragh - Register/Jan1' is clicked on

2020-06-03 18:09:33 - [TEST_STEP][PASSED] - delay(2): Delayed 2 second(s)

2020-06-03 18:09:35 - [MESSAGE][PASSED] - Delayed 2 second(s)

2020-06-03 18:09:35 - [TEST_STEP][PASSED] - setText(findTestObject("Page_Chiragh - Register/input_Country Code_ng-star-inserted"), "Pakis"): Text 'Pakis' is set on object 'Object Repository/Page_Chiragh - Register/input_Country Code_ng-star-inserted'

2020-06-03 18:09:36 - [MESSAGE][PASSED] - Text 'Pakis' is set on object 'Object Repository/Page_Chiragh - Register/input_Country Code_ng-star-inserted'

2020-06-03 18:09:36 - [TEST_STEP][PASSED] - click(findTestObject("Page_Chiragh - Register/span_(92) Pakistan")): Object: 'Object Repository/Page_Chiragh - Register/span_(92) Pakistan' is clicked on

2020-06-03 18:09:37 - [MESSAGE][PASSED] - Object: 'Object Repository/Page_Chiragh - Register/span_(92) Pakistan' is clicked on

2020-06-03 18:09:37 - [TEST_STEP][PASSED] - setText(findTestObject("Page_Chiragh - Register/input_Mobile Number _mobileNo"), "03451200042"): Text '03451200042' is set on object 'Object Repository/Page_Chiragh - Register/input_Mobile Number _mobileNo'

2020-06-03 18:09:38 - [MESSAGE][PASSED] - Text '03451200042' is set on object 'Object Repository/Page_Chiragh - Register/input_Mobile Number _mobileNo'

2020-06-03 18:09:38 - [TEST_STEP][PASSED] - click(findTestObject("Page_Chiragh - Register/input_Phone Number_terms")): Object: 'Object Repository/Page_Chiragh - Register/input_Phone Number_terms' is clicked on

2020-06-03 18:09:39 - [MESSAGE][PASSED] - Object: 'Object Repository/Page_Chiragh - Register/input_Phone Number_terms' is clicked on

2020-06-03 18:09:39 - [TEST_STEP][PASSED] - delay(2): Delayed 2 second(s)

2020-06-03 18:09:41 - [MESSAGE][PASSED] - Delayed 2 second(s)

2020-06-03 18:09:41 - [TEST_STEP][PASSED] - click(findTestObject("Page_Chiragh - Register/button_Register")): Object: 'Object Repository/Page_Chiragh - Register/button_Register' is clicked on

2020-06-03 18:09:41 - [MESSAGE][PASSED] - Object: 'Object Repository/Page_Chiragh - Register/button_Register' is clicked on

2020-06-03 18:09:41 - [TEST_STEP][PASSED] - delay(2): Delayed 2 second(s)

2020-06-03 18:09:43 - [MESSAGE][PASSED] - Delayed 2 second(s)

2020-06-03 18:09:43 - [TEST_STEP][PASSED] - click(findTestObject("Page_Chiragh - Register/button_Proceed")): Object: 'Object Repository/Page_Chiragh - Register/button_Proceed' is clicked on

2020-06-03 18:09:44 - [MESSAGE][PASSED] - Object: 'Object Repository/Page_Chiragh - Register/button_Proceed' is clicked on

2020-06-03 18:09:44 - [TEST_STEP][PASSED] - delay(5): Delayed 5 second(s)

2020-06-03 18:09:49 - [MESSAGE][PASSED] - Delayed 5 second(s)

2020-06-03 18:09:49 - [TEST_STEP][PASSED] - closeBrowser(): Browser is closed

2020-06-03 18:09:50 - [MESSAGE][PASSED] - Browser is closed

2020-06-03 18:09:52 - [TEST_STEP][PASSED] - Video: Video recording for test case 'Test Cases/Sanity Tests/TC_Registration' .

2020-06-03 18:09:52 - [MESSAGE][INFO] - Video recording for test case 'Test Cases/Sanity Tests/TC_Registration' .
[[ATTACHMENT|C:\\Users\\Ihsan\\git\\chiraghAdminPanel\\Reports\\20200603_175719\\SanityTests\\SanityTest\\20200603_175719/videos\\test_7.mov]]]]></system-out>
         <system-err><![CDATA[]]></system-err>
      </testcase>
      <testcase name="Test Cases/Sanity Tests/Buy_PropertyOpenHouse_5" time="289.001" classname="Test Cases/Sanity Tests/Buy_PropertyOpenHouse_5" status="PASSED">
         <system-out><![CDATA[2020-06-03 18:09:52 - [TEST_CASE][PASSED] - Test Cases/Sanity Tests/Buy_PropertyOpenHouse_5: Test Cases/Sanity Tests/Buy_PropertyOpenHouse_5

2020-06-03 18:09:52 - [TEST_STEP][PASSED] - openBrowser(""): Browser is opened with url: ''

2020-06-03 18:09:52 - [MESSAGE][INFO] - Starting 'Firefox' driver

2020-06-03 18:09:52 - [MESSAGE][INFO] - Action delay is set to 0 milliseconds

2020-06-03 18:09:59 - [MESSAGE][PASSED] - Browser is opened with url: ''

2020-06-03 18:09:59 - [TEST_STEP][PASSED] - navigateToUrl(Url): Navigate to 'http://test.chiragh.com' successfully

2020-06-03 18:10:11 - [MESSAGE][PASSED] - Navigate to 'http://test.chiragh.com' successfully

2020-06-03 18:10:11 - [TEST_STEP][PASSED] - waitForPageLoad(15): Wait for page load successfully

2020-06-03 18:10:11 - [MESSAGE][PASSED] - Wait for page load successfully

2020-06-03 18:10:11 - [TEST_STEP][PASSED] - maximizeWindow(): Current window maximized

2020-06-03 18:10:11 - [MESSAGE][PASSED] - Current window maximized

2020-06-03 18:10:11 - [TEST_STEP][PASSED] - delay(3): Delayed 3 second(s)

2020-06-03 18:10:14 - [MESSAGE][PASSED] - Delayed 3 second(s)

2020-06-03 18:10:14 - [TEST_STEP][PASSED] - click(findTestObject("Object Repository/Sanity Test/SellProperty/Page_Chiragh - Home/a_ENG_dropdownMenuLink")): Object: 'Object Repository/Sanity Test/SellProperty/Page_Chiragh - Home/a_ENG_dropdownMenuLink' is clicked on

2020-06-03 18:10:15 - [MESSAGE][PASSED] - Object: 'Object Repository/Sanity Test/SellProperty/Page_Chiragh - Home/a_ENG_dropdownMenuLink' is clicked on

2020-06-03 18:10:15 - [TEST_STEP][PASSED] - click(findTestObject("Object Repository/Sanity Test/SellProperty/Page_Chiragh - Home/a_Login")): Object: 'Object Repository/Sanity Test/SellProperty/Page_Chiragh - Home/a_Login' is clicked on

2020-06-03 18:10:16 - [MESSAGE][PASSED] - Object: 'Object Repository/Sanity Test/SellProperty/Page_Chiragh - Home/a_Login' is clicked on

2020-06-03 18:10:16 - [TEST_STEP][PASSED] - click(findTestObject("Object Repository/Sanity Test/SellProperty/Page_Chiragh - Login/input_Username_un")): Object: 'Object Repository/Sanity Test/SellProperty/Page_Chiragh - Login/input_Username_un' is clicked on

2020-06-03 18:10:17 - [MESSAGE][PASSED] - Object: 'Object Repository/Sanity Test/SellProperty/Page_Chiragh - Login/input_Username_un' is clicked on

2020-06-03 18:10:17 - [TEST_STEP][PASSED] - setText(findTestObject("Object Repository/Front End Objects/MyBankAccount(Create)/Page_Chiragh - Login/input_Username_un"), userName): Text 'AUTOCHIRAGH' is set on object 'Object Repository/Front End Objects/MyBankAccount(Create)/Page_Chiragh - Login/input_Username_un'

2020-06-03 18:10:18 - [MESSAGE][PASSED] - Text 'AUTOCHIRAGH' is set on object 'Object Repository/Front End Objects/MyBankAccount(Create)/Page_Chiragh - Login/input_Username_un'

2020-06-03 18:10:18 - [TEST_STEP][PASSED] - setEncryptedText(findTestObject("Object Repository/Sanity Test/SellProperty/Page_Chiragh - Login/input_Password_userPassword"), "RigbBhfdqOBDK95asqKeHw=="): Text ****** has been set on object 'Object Repository/Sanity Test/SellProperty/Page_Chiragh - Login/input_Password_userPassword'

2020-06-03 18:10:18 - [MESSAGE][PASSED] - Text ****** has been set on object 'Object Repository/Sanity Test/SellProperty/Page_Chiragh - Login/input_Password_userPassword'

2020-06-03 18:10:18 - [TEST_STEP][PASSED] - click(findTestObject("Object Repository/Sanity Test/SellProperty/Page_Chiragh - Login/button_Log In")): Object: 'Object Repository/Sanity Test/SellProperty/Page_Chiragh - Login/button_Log In' is clicked on

2020-06-03 18:10:19 - [MESSAGE][PASSED] - Object: 'Object Repository/Sanity Test/SellProperty/Page_Chiragh - Login/button_Log In' is clicked on

2020-06-03 18:10:19 - [TEST_STEP][PASSED] - delay(3): Delayed 3 second(s)

2020-06-03 18:10:22 - [MESSAGE][PASSED] - Delayed 3 second(s)

2020-06-03 18:10:22 - [TEST_STEP][PASSED] - scrollToElement(findTestObject("Object Repository/Sanity Test/openHouseSample/Page_Chiragh - Home/h2_Current Auctions"), 2): Scroll to object 'Object Repository/Sanity Test/openHouseSample/Page_Chiragh - Home/h2_Current Auctions' successfully

2020-06-03 18:10:22 - [MESSAGE][PASSED] - Scroll to object 'Object Repository/Sanity Test/openHouseSample/Page_Chiragh - Home/h2_Current Auctions' successfully

2020-06-03 18:10:22 - [TEST_STEP][PASSED] - delay(2): Delayed 2 second(s)

2020-06-03 18:10:24 - [MESSAGE][PASSED] - Delayed 2 second(s)

2020-06-03 18:10:24 - [TEST_STEP][PASSED] - click(findTestObject("Object Repository/Sanity Test/openHouseSample/Page_Chiragh - Home/h3_Hayley Ridges 6 Beds Villa")): Object: 'Object Repository/Sanity Test/openHouseSample/Page_Chiragh - Home/h3_Hayley Ridges 6 Beds Villa' is clicked on

2020-06-03 18:10:26 - [MESSAGE][PASSED] - Object: 'Object Repository/Sanity Test/openHouseSample/Page_Chiragh - Home/h3_Hayley Ridges 6 Beds Villa' is clicked on

2020-06-03 18:10:26 - [TEST_STEP][PASSED] - delay(3): Delayed 3 second(s)

2020-06-03 18:10:29 - [MESSAGE][PASSED] - Delayed 3 second(s)

2020-06-03 18:10:29 - [TEST_STEP][PASSED] - click(findTestObject("Object Repository/Sanity Test/openHouseSample/Page_Chiragh - Property Detail/a"), OPTIONAL): Object: 'Object Repository/Sanity Test/openHouseSample/Page_Chiragh - Property Detail/a' is clicked on

2020-06-03 18:11:03 - [MESSAGE][PASSED] - Object: 'Object Repository/Sanity Test/openHouseSample/Page_Chiragh - Property Detail/a' is clicked on

2020-06-03 18:11:03 - [TEST_STEP][PASSED] - delay(3): Delayed 3 second(s)

2020-06-03 18:11:06 - [MESSAGE][PASSED] - Delayed 3 second(s)

2020-06-03 18:11:06 - [TEST_STEP][PASSED] - openHouseFirst = getText(findTestObject("Object Repository/Sanity Test/openHouseSample/Page_Chiragh - Property Detail/h1_OPEN HOUSE"), OPTIONAL): Text of object 'Object Repository/Sanity Test/openHouseSample/Page_Chiragh - Property Detail/h1_OPEN HOUSE' is: ''

2020-06-03 18:11:36 - [MESSAGE][PASSED] - Text of object 'Object Repository/Sanity Test/openHouseSample/Page_Chiragh - Property Detail/h1_OPEN HOUSE' is: ''

2020-06-03 18:11:36 - [TEST_STEP][PASSED] - com.sanitytest.com.OpenHouse.verifyOpenHousePopup(openHouseFirst): com.sanitytest.com.OpenHouse.verifyOpenHousePopup is PASSED

2020-06-03 18:11:36 - [MESSAGE][PASSED] - com.sanitytest.com.OpenHouse.verifyOpenHousePopup is PASSED

2020-06-03 18:11:36 - [TEST_STEP][PASSED] - navigateToUrl(Url): Navigate to 'http://test.chiragh.com' successfully

2020-06-03 18:11:39 - [MESSAGE][PASSED] - Navigate to 'http://test.chiragh.com' successfully

2020-06-03 18:11:39 - [TEST_STEP][PASSED] - delay(7): Delayed 7 second(s)

2020-06-03 18:11:46 - [MESSAGE][PASSED] - Delayed 7 second(s)

2020-06-03 18:11:46 - [TEST_STEP][PASSED] - scrollToElement(findTestObject("Object Repository/Sanity Test/openHouseSample/Page_Chiragh - Home/h6_Active auctions in process"), 2): Scroll to object 'Object Repository/Sanity Test/openHouseSample/Page_Chiragh - Home/h6_Active auctions in process' successfully

2020-06-03 18:11:46 - [MESSAGE][PASSED] - Scroll to object 'Object Repository/Sanity Test/openHouseSample/Page_Chiragh - Home/h6_Active auctions in process' successfully

2020-06-03 18:11:46 - [TEST_STEP][PASSED] - delay(2): Delayed 2 second(s)

2020-06-03 18:11:48 - [MESSAGE][PASSED] - Delayed 2 second(s)

2020-06-03 18:11:48 - [TEST_STEP][PASSED] - click(findTestObject("Object Repository/Sanity Test/openHouseSample/Page_Chiragh - Home/button_Bid Now")): Object: 'Object Repository/Sanity Test/openHouseSample/Page_Chiragh - Home/button_Bid Now' is clicked on

2020-06-03 18:11:50 - [MESSAGE][PASSED] - Object: 'Object Repository/Sanity Test/openHouseSample/Page_Chiragh - Home/button_Bid Now' is clicked on

2020-06-03 18:11:50 - [TEST_STEP][PASSED] - delay(3): Delayed 3 second(s)

2020-06-03 18:11:53 - [MESSAGE][PASSED] - Delayed 3 second(s)

2020-06-03 18:11:53 - [TEST_STEP][PASSED] - click(findTestObject("Object Repository/Sanity Test/openHouseSample/Page_Chiragh - Property Detail/a"), OPTIONAL): Object: 'Object Repository/Sanity Test/openHouseSample/Page_Chiragh - Property Detail/a' is clicked on

2020-06-03 18:12:31 - [MESSAGE][PASSED] - Object: 'Object Repository/Sanity Test/openHouseSample/Page_Chiragh - Property Detail/a' is clicked on

2020-06-03 18:12:31 - [TEST_STEP][PASSED] - delay(3): Delayed 3 second(s)

2020-06-03 18:12:34 - [MESSAGE][PASSED] - Delayed 3 second(s)

2020-06-03 18:12:34 - [TEST_STEP][PASSED] - openHouseSecond = getText(findTestObject("Object Repository/Sanity Test/openHouseSample/Page_Chiragh - Property Detail/h1_OPEN HOUSE"), OPTIONAL): Text of object 'Object Repository/Sanity Test/openHouseSample/Page_Chiragh - Property Detail/h1_OPEN HOUSE' is: ''

2020-06-03 18:13:04 - [MESSAGE][PASSED] - Text of object 'Object Repository/Sanity Test/openHouseSample/Page_Chiragh - Property Detail/h1_OPEN HOUSE' is: ''

2020-06-03 18:13:04 - [TEST_STEP][PASSED] - com.sanitytest.com.OpenHouse.verifyOpenHousePopup(openHouseSecond): com.sanitytest.com.OpenHouse.verifyOpenHousePopup is PASSED

2020-06-03 18:13:04 - [MESSAGE][PASSED] - com.sanitytest.com.OpenHouse.verifyOpenHousePopup is PASSED

2020-06-03 18:13:04 - [TEST_STEP][PASSED] - navigateToUrl(Url): Navigate to 'http://test.chiragh.com' successfully

2020-06-03 18:13:07 - [MESSAGE][PASSED] - Navigate to 'http://test.chiragh.com' successfully

2020-06-03 18:13:07 - [TEST_STEP][PASSED] - delay(7): Delayed 7 second(s)

2020-06-03 18:13:14 - [MESSAGE][PASSED] - Delayed 7 second(s)

2020-06-03 18:13:14 - [TEST_STEP][PASSED] - scrollToElement(findTestObject("Object Repository/Sanity Test/openHouseSample/Page_Chiragh - Home/h6_PROPERTY ID 39651"), 1): Scroll to object 'Object Repository/Sanity Test/openHouseSample/Page_Chiragh - Home/h6_PROPERTY ID 39651' successfully

2020-06-03 18:13:14 - [MESSAGE][PASSED] - Scroll to object 'Object Repository/Sanity Test/openHouseSample/Page_Chiragh - Home/h6_PROPERTY ID 39651' successfully

2020-06-03 18:13:14 - [TEST_STEP][PASSED] - delay(3): Delayed 3 second(s)

2020-06-03 18:13:17 - [MESSAGE][PASSED] - Delayed 3 second(s)

2020-06-03 18:13:17 - [TEST_STEP][PASSED] - click(findTestObject("Object Repository/Sanity Test/openHouseSample/Page_Chiragh - Home/h3_Bergnaum Square")): Object: 'Object Repository/Sanity Test/openHouseSample/Page_Chiragh - Home/h3_Bergnaum Square' is clicked on

2020-06-03 18:13:19 - [MESSAGE][PASSED] - Object: 'Object Repository/Sanity Test/openHouseSample/Page_Chiragh - Home/h3_Bergnaum Square' is clicked on

2020-06-03 18:13:19 - [TEST_STEP][PASSED] - delay(3): Delayed 3 second(s)

2020-06-03 18:13:22 - [MESSAGE][PASSED] - Delayed 3 second(s)

2020-06-03 18:13:22 - [TEST_STEP][PASSED] - click(findTestObject("Object Repository/Sanity Test/openHouseSample/Page_Chiragh - Property Detail/a"), OPTIONAL): Object: 'Object Repository/Sanity Test/openHouseSample/Page_Chiragh - Property Detail/a' is clicked on

2020-06-03 18:13:54 - [MESSAGE][PASSED] - Object: 'Object Repository/Sanity Test/openHouseSample/Page_Chiragh - Property Detail/a' is clicked on

2020-06-03 18:13:54 - [TEST_STEP][PASSED] - delay(3): Delayed 3 second(s)

2020-06-03 18:13:57 - [MESSAGE][PASSED] - Delayed 3 second(s)

2020-06-03 18:13:57 - [TEST_STEP][PASSED] - openHouseThird = getText(findTestObject("Object Repository/Sanity Test/openHouseSample/Page_Chiragh - Property Detail/h1_OPEN HOUSE"), OPTIONAL): Text of object 'Object Repository/Sanity Test/openHouseSample/Page_Chiragh - Property Detail/h1_OPEN HOUSE' is: ''

2020-06-03 18:14:27 - [MESSAGE][PASSED] - Text of object 'Object Repository/Sanity Test/openHouseSample/Page_Chiragh - Property Detail/h1_OPEN HOUSE' is: ''

2020-06-03 18:14:27 - [TEST_STEP][PASSED] - com.sanitytest.com.OpenHouse.verifyOpenHousePopup(openHouseThird): com.sanitytest.com.OpenHouse.verifyOpenHousePopup is PASSED

2020-06-03 18:14:27 - [MESSAGE][PASSED] - com.sanitytest.com.OpenHouse.verifyOpenHousePopup is PASSED

2020-06-03 18:14:27 - [TEST_STEP][PASSED] - navigateToUrl(Url): Navigate to 'http://test.chiragh.com' successfully

2020-06-03 18:14:30 - [MESSAGE][PASSED] - Navigate to 'http://test.chiragh.com' successfully

2020-06-03 18:14:30 - [TEST_STEP][PASSED] - delay(8): Delayed 8 second(s)

2020-06-03 18:14:38 - [MESSAGE][PASSED] - Delayed 8 second(s)

2020-06-03 18:14:38 - [TEST_STEP][PASSED] - closeBrowser(): Browser is closed

2020-06-03 18:14:39 - [MESSAGE][PASSED] - Browser is closed

2020-06-03 18:14:41 - [TEST_STEP][PASSED] - Video: Video recording for test case 'Test Cases/Sanity Tests/Buy_PropertyOpenHouse_5' .

2020-06-03 18:14:41 - [MESSAGE][INFO] - Video recording for test case 'Test Cases/Sanity Tests/Buy_PropertyOpenHouse_5' .
[[ATTACHMENT|C:\\Users\\Ihsan\\git\\chiraghAdminPanel\\Reports\\20200603_175719\\SanityTests\\SanityTest\\20200603_175719/videos\\test_8.mov]]]]></system-out>
         <system-err><![CDATA[]]></system-err>
      </testcase>
      <testcase name="Test Cases/Sanity Tests/Buy_OpenHousePopup_6" time="109.177" classname="Test Cases/Sanity Tests/Buy_OpenHousePopup_6" status="FAILED">
         <failure type="FAILED" message="Test Cases/Sanity Tests/Buy_OpenHousePopup_6 FAILED.
Reason:
com.kms.katalon.core.exception.StepFailedException: Unable to click on object 'Object Repository/Sanity Test/PropertyBiddingOpenHouse/timeConverstion/Page_Chiragh - Property Detail/a_Mon'
	at com.kms.katalon.core.webui.keyword.internal.WebUIKeywordMain.stepFailed(WebUIKeywordMain.groovy:64)
	at com.kms.katalon.core.webui.keyword.internal.WebUIKeywordMain.runKeyword(WebUIKeywordMain.groovy:26)
	at com.kms.katalon.core.webui.keyword.builtin.ClickKeyword.click(ClickKeyword.groovy:76)
	at com.kms.katalon.core.webui.keyword.builtin.ClickKeyword.execute(ClickKeyword.groovy:43)
	at com.kms.katalon.core.keyword.internal.KeywordExecutor.executeKeywordForPlatform(KeywordExecutor.groovy:72)
	at com.kms.katalon.core.webui.keyword.WebUiBuiltInKeywords.click(WebUiBuiltInKeywords.groovy:616)
	at com.kms.katalon.core.webui.keyword.WebUiBuiltInKeywords$click$3.call(Unknown Source)
	at Buy_OpenHousePopup_6.run(Buy_OpenHousePopup_6:55)
	at com.kms.katalon.core.main.ScriptEngine.run(ScriptEngine.java:194)
	at com.kms.katalon.core.main.ScriptEngine.runScriptAsRawText(ScriptEngine.java:119)
	at com.kms.katalon.core.main.TestCaseExecutor.runScript(TestCaseExecutor.java:337)
	at com.kms.katalon.core.main.TestCaseExecutor.doExecute(TestCaseExecutor.java:328)
	at com.kms.katalon.core.main.TestCaseExecutor.processExecutionPhase(TestCaseExecutor.java:307)
	at com.kms.katalon.core.main.TestCaseExecutor.accessMainPhase(TestCaseExecutor.java:299)
	at com.kms.katalon.core.main.TestCaseExecutor.execute(TestCaseExecutor.java:233)
	at com.kms.katalon.core.main.TestSuiteExecutor.accessTestCaseMainPhase(TestSuiteExecutor.java:169)
	at com.kms.katalon.core.main.TestSuiteExecutor.accessTestSuiteMainPhase(TestSuiteExecutor.java:142)
	at com.kms.katalon.core.main.TestSuiteExecutor.execute(TestSuiteExecutor.java:91)
	at com.kms.katalon.core.main.TestCaseMain.startTestSuite(TestCaseMain.java:157)
	at com.kms.katalon.core.main.TestCaseMain$startTestSuite$0.call(Unknown Source)
	at TempTestSuite1591189039380.run(TempTestSuite1591189039380.groovy:36)
Caused by: org.openqa.selenium.ElementNotInteractableException: Element &lt;a class=&quot;cp&quot;> could not be scrolled into view
Build info: version: '3.141.59', revision: 'e82be7d358', time: '2018-11-14T08:25:53'
System info: host: 'DESKTOP-NBQ6B5B', ip: '192.168.100.112', os.name: 'Windows 10', os.arch: 'amd64', os.version: '10.0', java.version: '1.8.0_181'
Driver info: com.kms.katalon.core.webui.driver.firefox.CGeckoDriver
Capabilities {acceptInsecureCerts: true, browserName: firefox, browserVersion: 76.0.1, javascriptEnabled: true, moz:accessibilityChecks: false, moz:buildID: 20200507114007, moz:geckodriverVersion: 0.23.0, moz:headless: false, moz:processID: 10052, moz:profile: C:\Users\Ihsan\AppData\Loca..., moz:shutdownTimeout: 60000, moz:useNonSpecCompliantPointerOrigin: false, moz:webdriverClick: true, pageLoadStrategy: normal, platform: WINDOWS, platformName: WINDOWS, platformVersion: 10.0, proxy: Proxy(direct), rotatable: false, setWindowRect: true, strictFileInteractability: false, timeouts: {implicit: 0, pageLoad: 300000, script: 30000}, unhandledPromptBehavior: dismiss and notify}
Session ID: 1220a2ad-b6da-4608-bc10-17e2a9bff7b0
	at org.openqa.selenium.remote.http.W3CHttpResponseCodec.createException(W3CHttpResponseCodec.java:187)
	at org.openqa.selenium.remote.http.W3CHttpResponseCodec.decode(W3CHttpResponseCodec.java:122)
	at org.openqa.selenium.remote.http.W3CHttpResponseCodec.decode(W3CHttpResponseCodec.java:49)
	at org.openqa.selenium.remote.HttpCommandExecutor.execute(HttpCommandExecutor.java:158)
	at org.openqa.selenium.remote.service.DriverCommandExecutor.execute(DriverCommandExecutor.java:83)
	at org.openqa.selenium.remote.RemoteWebDriver.execute(RemoteWebDriver.java:552)
	at com.kms.katalon.selenium.driver.CFirefoxDriver.execute(CFirefoxDriver.java:27)
	at org.openqa.selenium.remote.RemoteWebElement.execute(RemoteWebElement.java:285)
	at org.openqa.selenium.remote.RemoteWebElement.click(RemoteWebElement.java:84)
	at org.openqa.selenium.support.events.EventFiringWebDriver$EventFiringWebElement.lambda$new$0(EventFiringWebDriver.java:404)
	at com.sun.proxy.$Proxy9.click(Unknown Source)
	at org.openqa.selenium.support.events.EventFiringWebDriver$EventFiringWebElement.click(EventFiringWebDriver.java:417)
	at com.kms.katalon.core.webui.keyword.builtin.ClickKeyword$_click_closure1.doCall(ClickKeyword.groovy:69)
	at com.kms.katalon.core.webui.keyword.builtin.ClickKeyword$_click_closure1.call(ClickKeyword.groovy)
	at com.kms.katalon.core.webui.keyword.internal.WebUIKeywordMain.runKeyword(WebUIKeywordMain.groovy:20)
	... 19 more
"/>
         <system-out><![CDATA[2020-06-03 18:14:41 - [TEST_CASE][FAILED] - Test Cases/Sanity Tests/Buy_OpenHousePopup_6: Test Cases/Sanity Tests/Buy_OpenHousePopup_6 FAILED.
Reason:
com.kms.katalon.core.exception.StepFailedException: Unable to click on object 'Object Repository/Sanity Test/PropertyBiddingOpenHouse/timeConverstion/Page_Chiragh - Property Detail/a_Mon'
	at com.kms.katalon.core.webui.keyword.internal.WebUIKeywordMain.stepFailed(WebUIKeywordMain.groovy:64)
	at com.kms.katalon.core.webui.keyword.internal.WebUIKeywordMain.runKeyword(WebUIKeywordMain.groovy:26)
	at com.kms.katalon.core.webui.keyword.builtin.ClickKeyword.click(ClickKeyword.groovy:76)
	at com.kms.katalon.core.webui.keyword.builtin.ClickKeyword.execute(ClickKeyword.groovy:43)
	at com.kms.katalon.core.keyword.internal.KeywordExecutor.executeKeywordForPlatform(KeywordExecutor.groovy:72)
	at com.kms.katalon.core.webui.keyword.WebUiBuiltInKeywords.click(WebUiBuiltInKeywords.groovy:616)
	at com.kms.katalon.core.webui.keyword.WebUiBuiltInKeywords$click$3.call(Unknown Source)
	at Buy_OpenHousePopup_6.run(Buy_OpenHousePopup_6:55)
	at com.kms.katalon.core.main.ScriptEngine.run(ScriptEngine.java:194)
	at com.kms.katalon.core.main.ScriptEngine.runScriptAsRawText(ScriptEngine.java:119)
	at com.kms.katalon.core.main.TestCaseExecutor.runScript(TestCaseExecutor.java:337)
	at com.kms.katalon.core.main.TestCaseExecutor.doExecute(TestCaseExecutor.java:328)
	at com.kms.katalon.core.main.TestCaseExecutor.processExecutionPhase(TestCaseExecutor.java:307)
	at com.kms.katalon.core.main.TestCaseExecutor.accessMainPhase(TestCaseExecutor.java:299)
	at com.kms.katalon.core.main.TestCaseExecutor.execute(TestCaseExecutor.java:233)
	at com.kms.katalon.core.main.TestSuiteExecutor.accessTestCaseMainPhase(TestSuiteExecutor.java:169)
	at com.kms.katalon.core.main.TestSuiteExecutor.accessTestSuiteMainPhase(TestSuiteExecutor.java:142)
	at com.kms.katalon.core.main.TestSuiteExecutor.execute(TestSuiteExecutor.java:91)
	at com.kms.katalon.core.main.TestCaseMain.startTestSuite(TestCaseMain.java:157)
	at com.kms.katalon.core.main.TestCaseMain$startTestSuite$0.call(Unknown Source)
	at TempTestSuite1591189039380.run(TempTestSuite1591189039380.groovy:36)
Caused by: org.openqa.selenium.ElementNotInteractableException: Element <a class="cp"> could not be scrolled into view
Build info: version: '3.141.59', revision: 'e82be7d358', time: '2018-11-14T08:25:53'
System info: host: 'DESKTOP-NBQ6B5B', ip: '192.168.100.112', os.name: 'Windows 10', os.arch: 'amd64', os.version: '10.0', java.version: '1.8.0_181'
Driver info: com.kms.katalon.core.webui.driver.firefox.CGeckoDriver
Capabilities {acceptInsecureCerts: true, browserName: firefox, browserVersion: 76.0.1, javascriptEnabled: true, moz:accessibilityChecks: false, moz:buildID: 20200507114007, moz:geckodriverVersion: 0.23.0, moz:headless: false, moz:processID: 10052, moz:profile: C:\Users\Ihsan\AppData\Loca..., moz:shutdownTimeout: 60000, moz:useNonSpecCompliantPointerOrigin: false, moz:webdriverClick: true, pageLoadStrategy: normal, platform: WINDOWS, platformName: WINDOWS, platformVersion: 10.0, proxy: Proxy(direct), rotatable: false, setWindowRect: true, strictFileInteractability: false, timeouts: {implicit: 0, pageLoad: 300000, script: 30000}, unhandledPromptBehavior: dismiss and notify}
Session ID: 1220a2ad-b6da-4608-bc10-17e2a9bff7b0
	at org.openqa.selenium.remote.http.W3CHttpResponseCodec.createException(W3CHttpResponseCodec.java:187)
	at org.openqa.selenium.remote.http.W3CHttpResponseCodec.decode(W3CHttpResponseCodec.java:122)
	at org.openqa.selenium.remote.http.W3CHttpResponseCodec.decode(W3CHttpResponseCodec.java:49)
	at org.openqa.selenium.remote.HttpCommandExecutor.execute(HttpCommandExecutor.java:158)
	at org.openqa.selenium.remote.service.DriverCommandExecutor.execute(DriverCommandExecutor.java:83)
	at org.openqa.selenium.remote.RemoteWebDriver.execute(RemoteWebDriver.java:552)
	at com.kms.katalon.selenium.driver.CFirefoxDriver.execute(CFirefoxDriver.java:27)
	at org.openqa.selenium.remote.RemoteWebElement.execute(RemoteWebElement.java:285)
	at org.openqa.selenium.remote.RemoteWebElement.click(RemoteWebElement.java:84)
	at org.openqa.selenium.support.events.EventFiringWebDriver$EventFiringWebElement.lambda$new$0(EventFiringWebDriver.java:404)
	at com.sun.proxy.$Proxy9.click(Unknown Source)
	at org.openqa.selenium.support.events.EventFiringWebDriver$EventFiringWebElement.click(EventFiringWebDriver.java:417)
	at com.kms.katalon.core.webui.keyword.builtin.ClickKeyword$_click_closure1.doCall(ClickKeyword.groovy:69)
	at com.kms.katalon.core.webui.keyword.builtin.ClickKeyword$_click_closure1.call(ClickKeyword.groovy)
	at com.kms.katalon.core.webui.keyword.internal.WebUIKeywordMain.runKeyword(WebUIKeywordMain.groovy:20)
	... 19 more


2020-06-03 18:14:41 - [TEST_STEP][PASSED] - openBrowser(""): Browser is opened with url: ''

2020-06-03 18:14:41 - [MESSAGE][INFO] - Starting 'Firefox' driver

2020-06-03 18:14:41 - [MESSAGE][INFO] - Action delay is set to 0 milliseconds

2020-06-03 18:14:47 - [MESSAGE][PASSED] - Browser is opened with url: ''

2020-06-03 18:14:47 - [TEST_STEP][PASSED] - navigateToUrl(Url): Navigate to 'http://test.chiragh.com' successfully

2020-06-03 18:14:59 - [MESSAGE][PASSED] - Navigate to 'http://test.chiragh.com' successfully

2020-06-03 18:14:59 - [TEST_STEP][PASSED] - waitForPageLoad(15): Wait for page load successfully

2020-06-03 18:14:59 - [MESSAGE][PASSED] - Wait for page load successfully

2020-06-03 18:14:59 - [TEST_STEP][PASSED] - maximizeWindow(): Current window maximized

2020-06-03 18:14:59 - [MESSAGE][PASSED] - Current window maximized

2020-06-03 18:14:59 - [TEST_STEP][PASSED] - delay(3): Delayed 3 second(s)

2020-06-03 18:15:02 - [MESSAGE][PASSED] - Delayed 3 second(s)

2020-06-03 18:15:02 - [TEST_STEP][PASSED] - click(findTestObject("Object Repository/Sanity Test/PropertyBiddingOpenHouse/Page_Chiragh - Home/a_ENG_dropdownMenuLink")): Object: 'Object Repository/Sanity Test/PropertyBiddingOpenHouse/Page_Chiragh - Home/a_ENG_dropdownMenuLink' is clicked on

2020-06-03 18:15:03 - [MESSAGE][PASSED] - Object: 'Object Repository/Sanity Test/PropertyBiddingOpenHouse/Page_Chiragh - Home/a_ENG_dropdownMenuLink' is clicked on

2020-06-03 18:15:03 - [TEST_STEP][PASSED] - click(findTestObject("Object Repository/Sanity Test/PropertyBiddingOpenHouse/Page_Chiragh - Home/a_Login")): Object: 'Object Repository/Sanity Test/PropertyBiddingOpenHouse/Page_Chiragh - Home/a_Login' is clicked on

2020-06-03 18:15:04 - [MESSAGE][PASSED] - Object: 'Object Repository/Sanity Test/PropertyBiddingOpenHouse/Page_Chiragh - Home/a_Login' is clicked on

2020-06-03 18:15:04 - [TEST_STEP][PASSED] - setText(findTestObject("Object Repository/Sanity Test/PropertyBiddingOpenHouse/Page_Chiragh - Login/input_Username_un"), "ahsan1234"): Text 'ahsan1234' is set on object 'Object Repository/Sanity Test/PropertyBiddingOpenHouse/Page_Chiragh - Login/input_Username_un'

2020-06-03 18:15:05 - [MESSAGE][PASSED] - Text 'ahsan1234' is set on object 'Object Repository/Sanity Test/PropertyBiddingOpenHouse/Page_Chiragh - Login/input_Username_un'

2020-06-03 18:15:05 - [TEST_STEP][PASSED] - setEncryptedText(findTestObject("Object Repository/Sanity Test/PropertyBiddingOpenHouse/Page_Chiragh - Login/input_Password_userPassword"), "RigbBhfdqOBDK95asqKeHw=="): Text ****** has been set on object 'Object Repository/Sanity Test/PropertyBiddingOpenHouse/Page_Chiragh - Login/input_Password_userPassword'

2020-06-03 18:15:06 - [MESSAGE][PASSED] - Text ****** has been set on object 'Object Repository/Sanity Test/PropertyBiddingOpenHouse/Page_Chiragh - Login/input_Password_userPassword'

2020-06-03 18:15:06 - [TEST_STEP][PASSED] - click(findTestObject("Object Repository/Sanity Test/PropertyBiddingOpenHouse/Page_Chiragh - Login/button_Log In")): Object: 'Object Repository/Sanity Test/PropertyBiddingOpenHouse/Page_Chiragh - Login/button_Log In' is clicked on

2020-06-03 18:15:07 - [MESSAGE][PASSED] - Object: 'Object Repository/Sanity Test/PropertyBiddingOpenHouse/Page_Chiragh - Login/button_Log In' is clicked on

2020-06-03 18:15:07 - [TEST_STEP][PASSED] - delay(3): Delayed 3 second(s)

2020-06-03 18:15:10 - [MESSAGE][PASSED] - Delayed 3 second(s)

2020-06-03 18:15:10 - [TEST_STEP][PASSED] - scrollToElement(findTestObject("Object Repository/Sanity Test/PropertyBiddingOpenHouse/Page_Chiragh - Home/h2_Current Auctions"), 3): Scroll to object 'Object Repository/Sanity Test/PropertyBiddingOpenHouse/Page_Chiragh - Home/h2_Current Auctions' successfully

2020-06-03 18:15:10 - [MESSAGE][PASSED] - Scroll to object 'Object Repository/Sanity Test/PropertyBiddingOpenHouse/Page_Chiragh - Home/h2_Current Auctions' successfully

2020-06-03 18:15:10 - [TEST_STEP][PASSED] - delay(3): Delayed 3 second(s)

2020-06-03 18:15:13 - [MESSAGE][PASSED] - Delayed 3 second(s)

2020-06-03 18:15:13 - [TEST_STEP][PASSED] - click(findTestObject("Object Repository/Sanity Test/PropertyBiddingOpenHouse/Page_Chiragh - Home/button_Bid Now")): Object: 'Object Repository/Sanity Test/PropertyBiddingOpenHouse/Page_Chiragh - Home/button_Bid Now' is clicked on

2020-06-03 18:15:14 - [MESSAGE][PASSED] - Object: 'Object Repository/Sanity Test/PropertyBiddingOpenHouse/Page_Chiragh - Home/button_Bid Now' is clicked on

2020-06-03 18:15:14 - [TEST_STEP][PASSED] - delay(10): Delayed 10 second(s)

2020-06-03 18:15:24 - [MESSAGE][PASSED] - Delayed 10 second(s)

2020-06-03 18:15:24 - [TEST_STEP][PASSED] - click(findTestObject("Object Repository/Sanity Test/PropertyBiddingOpenHouse/Page_Chiragh - Property Detail/a"), OPTIONAL): Object: 'Object Repository/Sanity Test/PropertyBiddingOpenHouse/Page_Chiragh - Property Detail/a' is clicked on

2020-06-03 18:15:55 - [MESSAGE][PASSED] - Object: 'Object Repository/Sanity Test/PropertyBiddingOpenHouse/Page_Chiragh - Property Detail/a' is clicked on

2020-06-03 18:15:55 - [TEST_STEP][PASSED] - delay(3): Delayed 3 second(s)

2020-06-03 18:15:58 - [MESSAGE][PASSED] - Delayed 3 second(s)

2020-06-03 18:15:58 - [TEST_STEP][FAILED] - click(findTestObject("Sanity Test/PropertyBiddingOpenHouse/timeConverstion/Page_Chiragh - Property Detail/a_Mon")): Unable to click on object 'Object Repository/Sanity Test/PropertyBiddingOpenHouse/timeConverstion/Page_Chiragh - Property Detail/a_Mon' (Root cause: com.kms.katalon.core.exception.StepFailedException: Unable to click on object 'Object Repository/Sanity Test/PropertyBiddingOpenHouse/timeConverstion/Page_Chiragh - Property Detail/a_Mon'
	at com.kms.katalon.core.webui.keyword.internal.WebUIKeywordMain.stepFailed(WebUIKeywordMain.groovy:64)
	at com.kms.katalon.core.webui.keyword.internal.WebUIKeywordMain.runKeyword(WebUIKeywordMain.groovy:26)
	at com.kms.katalon.core.webui.keyword.builtin.ClickKeyword.click(ClickKeyword.groovy:76)
	at com.kms.katalon.core.webui.keyword.builtin.ClickKeyword.execute(ClickKeyword.groovy:43)
	at com.kms.katalon.core.keyword.internal.KeywordExecutor.executeKeywordForPlatform(KeywordExecutor.groovy:72)
	at com.kms.katalon.core.webui.keyword.WebUiBuiltInKeywords.click(WebUiBuiltInKeywords.groovy:616)
	at com.kms.katalon.core.webui.keyword.WebUiBuiltInKeywords$click$3.call(Unknown Source)
	at Buy_OpenHousePopup_6.run(Buy_OpenHousePopup_6:55)
	at com.kms.katalon.core.main.ScriptEngine.run(ScriptEngine.java:194)
	at com.kms.katalon.core.main.ScriptEngine.runScriptAsRawText(ScriptEngine.java:119)
	at com.kms.katalon.core.main.TestCaseExecutor.runScript(TestCaseExecutor.java:337)
	at com.kms.katalon.core.main.TestCaseExecutor.doExecute(TestCaseExecutor.java:328)
	at com.kms.katalon.core.main.TestCaseExecutor.processExecutionPhase(TestCaseExecutor.java:307)
	at com.kms.katalon.core.main.TestCaseExecutor.accessMainPhase(TestCaseExecutor.java:299)
	at com.kms.katalon.core.main.TestCaseExecutor.execute(TestCaseExecutor.java:233)
	at com.kms.katalon.core.main.TestSuiteExecutor.accessTestCaseMainPhase(TestSuiteExecutor.java:169)
	at com.kms.katalon.core.main.TestSuiteExecutor.accessTestSuiteMainPhase(TestSuiteExecutor.java:142)
	at com.kms.katalon.core.main.TestSuiteExecutor.execute(TestSuiteExecutor.java:91)
	at com.kms.katalon.core.main.TestCaseMain.startTestSuite(TestCaseMain.java:157)
	at com.kms.katalon.core.main.TestCaseMain$startTestSuite$0.call(Unknown Source)
	at TempTestSuite1591189039380.run(TempTestSuite1591189039380.groovy:36)
Caused by: org.openqa.selenium.ElementNotInteractableException: Element <a class="cp"> could not be scrolled into view
Build info: version: '3.141.59', revision: 'e82be7d358', time: '2018-11-14T08:25:53'
System info: host: 'DESKTOP-NBQ6B5B', ip: '192.168.100.112', os.name: 'Windows 10', os.arch: 'amd64', os.version: '10.0', java.version: '1.8.0_181'
Driver info: com.kms.katalon.core.webui.driver.firefox.CGeckoDriver
Capabilities {acceptInsecureCerts: true, browserName: firefox, browserVersion: 76.0.1, javascriptEnabled: true, moz:accessibilityChecks: false, moz:buildID: 20200507114007, moz:geckodriverVersion: 0.23.0, moz:headless: false, moz:processID: 10052, moz:profile: C:\Users\Ihsan\AppData\Loca..., moz:shutdownTimeout: 60000, moz:useNonSpecCompliantPointerOrigin: false, moz:webdriverClick: true, pageLoadStrategy: normal, platform: WINDOWS, platformName: WINDOWS, platformVersion: 10.0, proxy: Proxy(direct), rotatable: false, setWindowRect: true, strictFileInteractability: false, timeouts: {implicit: 0, pageLoad: 300000, script: 30000}, unhandledPromptBehavior: dismiss and notify}
Session ID: 1220a2ad-b6da-4608-bc10-17e2a9bff7b0
	at org.openqa.selenium.remote.http.W3CHttpResponseCodec.createException(W3CHttpResponseCodec.java:187)
	at org.openqa.selenium.remote.http.W3CHttpResponseCodec.decode(W3CHttpResponseCodec.java:122)
	at org.openqa.selenium.remote.http.W3CHttpResponseCodec.decode(W3CHttpResponseCodec.java:49)
	at org.openqa.selenium.remote.HttpCommandExecutor.execute(HttpCommandExecutor.java:158)
	at org.openqa.selenium.remote.service.DriverCommandExecutor.execute(DriverCommandExecutor.java:83)
	at org.openqa.selenium.remote.RemoteWebDriver.execute(RemoteWebDriver.java:552)
	at com.kms.katalon.selenium.driver.CFirefoxDriver.execute(CFirefoxDriver.java:27)
	at org.openqa.selenium.remote.RemoteWebElement.execute(RemoteWebElement.java:285)
	at org.openqa.selenium.remote.RemoteWebElement.click(RemoteWebElement.java:84)
	at org.openqa.selenium.support.events.EventFiringWebDriver$EventFiringWebElement.lambda$new$0(EventFiringWebDriver.java:404)
	at com.sun.proxy.$Proxy9.click(Unknown Source)
	at org.openqa.selenium.support.events.EventFiringWebDriver$EventFiringWebElement.click(EventFiringWebDriver.java:417)
	at com.kms.katalon.core.webui.keyword.builtin.ClickKeyword$_click_closure1.doCall(ClickKeyword.groovy:69)
	at com.kms.katalon.core.webui.keyword.builtin.ClickKeyword$_click_closure1.call(ClickKeyword.groovy)
	at com.kms.katalon.core.webui.keyword.internal.WebUIKeywordMain.runKeyword(WebUIKeywordMain.groovy:20)
	at com.kms.katalon.core.webui.keyword.builtin.ClickKeyword.click(ClickKeyword.groovy:76)
	at com.kms.katalon.core.webui.keyword.builtin.ClickKeyword.execute(ClickKeyword.groovy:43)
	at com.kms.katalon.core.keyword.internal.KeywordExecutor.executeKeywordForPlatform(KeywordExecutor.groovy:72)
	at com.kms.katalon.core.webui.keyword.WebUiBuiltInKeywords.click(WebUiBuiltInKeywords.groovy:616)
	at com.kms.katalon.core.webui.keyword.WebUiBuiltInKeywords$click$3.call(Unknown Source)
	at Script1591012480243.run(Script1591012480243.groovy:55)
	... 13 more
)

2020-06-03 18:16:28 - [MESSAGE][FAILED] - Unable to click on object 'Object Repository/Sanity Test/PropertyBiddingOpenHouse/timeConverstion/Page_Chiragh - Property Detail/a_Mon' (Root cause: com.kms.katalon.core.exception.StepFailedException: Unable to click on object 'Object Repository/Sanity Test/PropertyBiddingOpenHouse/timeConverstion/Page_Chiragh - Property Detail/a_Mon'
	at com.kms.katalon.core.webui.keyword.internal.WebUIKeywordMain.stepFailed(WebUIKeywordMain.groovy:64)
	at com.kms.katalon.core.webui.keyword.internal.WebUIKeywordMain.runKeyword(WebUIKeywordMain.groovy:26)
	at com.kms.katalon.core.webui.keyword.builtin.ClickKeyword.click(ClickKeyword.groovy:76)
	at com.kms.katalon.core.webui.keyword.builtin.ClickKeyword.execute(ClickKeyword.groovy:43)
	at com.kms.katalon.core.keyword.internal.KeywordExecutor.executeKeywordForPlatform(KeywordExecutor.groovy:72)
	at com.kms.katalon.core.webui.keyword.WebUiBuiltInKeywords.click(WebUiBuiltInKeywords.groovy:616)
	at com.kms.katalon.core.webui.keyword.WebUiBuiltInKeywords$click$3.call(Unknown Source)
	at Buy_OpenHousePopup_6.run(Buy_OpenHousePopup_6:55)
	at com.kms.katalon.core.main.ScriptEngine.run(ScriptEngine.java:194)
	at com.kms.katalon.core.main.ScriptEngine.runScriptAsRawText(ScriptEngine.java:119)
	at com.kms.katalon.core.main.TestCaseExecutor.runScript(TestCaseExecutor.java:337)
	at com.kms.katalon.core.main.TestCaseExecutor.doExecute(TestCaseExecutor.java:328)
	at com.kms.katalon.core.main.TestCaseExecutor.processExecutionPhase(TestCaseExecutor.java:307)
	at com.kms.katalon.core.main.TestCaseExecutor.accessMainPhase(TestCaseExecutor.java:299)
	at com.kms.katalon.core.main.TestCaseExecutor.execute(TestCaseExecutor.java:233)
	at com.kms.katalon.core.main.TestSuiteExecutor.accessTestCaseMainPhase(TestSuiteExecutor.java:169)
	at com.kms.katalon.core.main.TestSuiteExecutor.accessTestSuiteMainPhase(TestSuiteExecutor.java:142)
	at com.kms.katalon.core.main.TestSuiteExecutor.execute(TestSuiteExecutor.java:91)
	at com.kms.katalon.core.main.TestCaseMain.startTestSuite(TestCaseMain.java:157)
	at com.kms.katalon.core.main.TestCaseMain$startTestSuite$0.call(Unknown Source)
	at TempTestSuite1591189039380.run(TempTestSuite1591189039380.groovy:36)
Caused by: org.openqa.selenium.ElementNotInteractableException: Element <a class="cp"> could not be scrolled into view
Build info: version: '3.141.59', revision: 'e82be7d358', time: '2018-11-14T08:25:53'
System info: host: 'DESKTOP-NBQ6B5B', ip: '192.168.100.112', os.name: 'Windows 10', os.arch: 'amd64', os.version: '10.0', java.version: '1.8.0_181'
Driver info: com.kms.katalon.core.webui.driver.firefox.CGeckoDriver
Capabilities {acceptInsecureCerts: true, browserName: firefox, browserVersion: 76.0.1, javascriptEnabled: true, moz:accessibilityChecks: false, moz:buildID: 20200507114007, moz:geckodriverVersion: 0.23.0, moz:headless: false, moz:processID: 10052, moz:profile: C:\Users\Ihsan\AppData\Loca..., moz:shutdownTimeout: 60000, moz:useNonSpecCompliantPointerOrigin: false, moz:webdriverClick: true, pageLoadStrategy: normal, platform: WINDOWS, platformName: WINDOWS, platformVersion: 10.0, proxy: Proxy(direct), rotatable: false, setWindowRect: true, strictFileInteractability: false, timeouts: {implicit: 0, pageLoad: 300000, script: 30000}, unhandledPromptBehavior: dismiss and notify}
Session ID: 1220a2ad-b6da-4608-bc10-17e2a9bff7b0
	at org.openqa.selenium.remote.http.W3CHttpResponseCodec.createException(W3CHttpResponseCodec.java:187)
	at org.openqa.selenium.remote.http.W3CHttpResponseCodec.decode(W3CHttpResponseCodec.java:122)
	at org.openqa.selenium.remote.http.W3CHttpResponseCodec.decode(W3CHttpResponseCodec.java:49)
	at org.openqa.selenium.remote.HttpCommandExecutor.execute(HttpCommandExecutor.java:158)
	at org.openqa.selenium.remote.service.DriverCommandExecutor.execute(DriverCommandExecutor.java:83)
	at org.openqa.selenium.remote.RemoteWebDriver.execute(RemoteWebDriver.java:552)
	at com.kms.katalon.selenium.driver.CFirefoxDriver.execute(CFirefoxDriver.java:27)
	at org.openqa.selenium.remote.RemoteWebElement.execute(RemoteWebElement.java:285)
	at org.openqa.selenium.remote.RemoteWebElement.click(RemoteWebElement.java:84)
	at org.openqa.selenium.support.events.EventFiringWebDriver$EventFiringWebElement.lambda$new$0(EventFiringWebDriver.java:404)
	at com.sun.proxy.$Proxy9.click(Unknown Source)
	at org.openqa.selenium.support.events.EventFiringWebDriver$EventFiringWebElement.click(EventFiringWebDriver.java:417)
	at com.kms.katalon.core.webui.keyword.builtin.ClickKeyword$_click_closure1.doCall(ClickKeyword.groovy:69)
	at com.kms.katalon.core.webui.keyword.builtin.ClickKeyword$_click_closure1.call(ClickKeyword.groovy)
	at com.kms.katalon.core.webui.keyword.internal.WebUIKeywordMain.runKeyword(WebUIKeywordMain.groovy:20)
	at com.kms.katalon.core.webui.keyword.builtin.ClickKeyword.click(ClickKeyword.groovy:76)
	at com.kms.katalon.core.webui.keyword.builtin.ClickKeyword.execute(ClickKeyword.groovy:43)
	at com.kms.katalon.core.keyword.internal.KeywordExecutor.executeKeywordForPlatform(KeywordExecutor.groovy:72)
	at com.kms.katalon.core.webui.keyword.WebUiBuiltInKeywords.click(WebUiBuiltInKeywords.groovy:616)
	at com.kms.katalon.core.webui.keyword.WebUiBuiltInKeywords$click$3.call(Unknown Source)
	at Script1591012480243.run(Script1591012480243.groovy:55)
	... 13 more
)
[[ATTACHMENT|C:\\Users\\Ihsan\\git\\chiraghAdminPanel\\Reports\\20200603_175719\\SanityTests\\SanityTest\\20200603_175719\\1591190188385.png]]

2020-06-03 18:16:30 - [TEST_STEP][PASSED] - Video: Video recording for test case 'Test Cases/Sanity Tests/Buy_OpenHousePopup_6' .

2020-06-03 18:16:30 - [MESSAGE][INFO] - Video recording for test case 'Test Cases/Sanity Tests/Buy_OpenHousePopup_6' .
[[ATTACHMENT|C:\\Users\\Ihsan\\git\\chiraghAdminPanel\\Reports\\20200603_175719\\SanityTests\\SanityTest\\20200603_175719/videos\\test_9.mov]]]]></system-out>
         <system-err><![CDATA[2020-06-03 18:14:41 - [TEST_CASE][FAILED] - Test Cases/Sanity Tests/Buy_OpenHousePopup_6: Test Cases/Sanity Tests/Buy_OpenHousePopup_6 FAILED.
Reason:
com.kms.katalon.core.exception.StepFailedException: Unable to click on object 'Object Repository/Sanity Test/PropertyBiddingOpenHouse/timeConverstion/Page_Chiragh - Property Detail/a_Mon'
	at com.kms.katalon.core.webui.keyword.internal.WebUIKeywordMain.stepFailed(WebUIKeywordMain.groovy:64)
	at com.kms.katalon.core.webui.keyword.internal.WebUIKeywordMain.runKeyword(WebUIKeywordMain.groovy:26)
	at com.kms.katalon.core.webui.keyword.builtin.ClickKeyword.click(ClickKeyword.groovy:76)
	at com.kms.katalon.core.webui.keyword.builtin.ClickKeyword.execute(ClickKeyword.groovy:43)
	at com.kms.katalon.core.keyword.internal.KeywordExecutor.executeKeywordForPlatform(KeywordExecutor.groovy:72)
	at com.kms.katalon.core.webui.keyword.WebUiBuiltInKeywords.click(WebUiBuiltInKeywords.groovy:616)
	at com.kms.katalon.core.webui.keyword.WebUiBuiltInKeywords$click$3.call(Unknown Source)
	at Buy_OpenHousePopup_6.run(Buy_OpenHousePopup_6:55)
	at com.kms.katalon.core.main.ScriptEngine.run(ScriptEngine.java:194)
	at com.kms.katalon.core.main.ScriptEngine.runScriptAsRawText(ScriptEngine.java:119)
	at com.kms.katalon.core.main.TestCaseExecutor.runScript(TestCaseExecutor.java:337)
	at com.kms.katalon.core.main.TestCaseExecutor.doExecute(TestCaseExecutor.java:328)
	at com.kms.katalon.core.main.TestCaseExecutor.processExecutionPhase(TestCaseExecutor.java:307)
	at com.kms.katalon.core.main.TestCaseExecutor.accessMainPhase(TestCaseExecutor.java:299)
	at com.kms.katalon.core.main.TestCaseExecutor.execute(TestCaseExecutor.java:233)
	at com.kms.katalon.core.main.TestSuiteExecutor.accessTestCaseMainPhase(TestSuiteExecutor.java:169)
	at com.kms.katalon.core.main.TestSuiteExecutor.accessTestSuiteMainPhase(TestSuiteExecutor.java:142)
	at com.kms.katalon.core.main.TestSuiteExecutor.execute(TestSuiteExecutor.java:91)
	at com.kms.katalon.core.main.TestCaseMain.startTestSuite(TestCaseMain.java:157)
	at com.kms.katalon.core.main.TestCaseMain$startTestSuite$0.call(Unknown Source)
	at TempTestSuite1591189039380.run(TempTestSuite1591189039380.groovy:36)
Caused by: org.openqa.selenium.ElementNotInteractableException: Element <a class="cp"> could not be scrolled into view
Build info: version: '3.141.59', revision: 'e82be7d358', time: '2018-11-14T08:25:53'
System info: host: 'DESKTOP-NBQ6B5B', ip: '192.168.100.112', os.name: 'Windows 10', os.arch: 'amd64', os.version: '10.0', java.version: '1.8.0_181'
Driver info: com.kms.katalon.core.webui.driver.firefox.CGeckoDriver
Capabilities {acceptInsecureCerts: true, browserName: firefox, browserVersion: 76.0.1, javascriptEnabled: true, moz:accessibilityChecks: false, moz:buildID: 20200507114007, moz:geckodriverVersion: 0.23.0, moz:headless: false, moz:processID: 10052, moz:profile: C:\Users\Ihsan\AppData\Loca..., moz:shutdownTimeout: 60000, moz:useNonSpecCompliantPointerOrigin: false, moz:webdriverClick: true, pageLoadStrategy: normal, platform: WINDOWS, platformName: WINDOWS, platformVersion: 10.0, proxy: Proxy(direct), rotatable: false, setWindowRect: true, strictFileInteractability: false, timeouts: {implicit: 0, pageLoad: 300000, script: 30000}, unhandledPromptBehavior: dismiss and notify}
Session ID: 1220a2ad-b6da-4608-bc10-17e2a9bff7b0
	at org.openqa.selenium.remote.http.W3CHttpResponseCodec.createException(W3CHttpResponseCodec.java:187)
	at org.openqa.selenium.remote.http.W3CHttpResponseCodec.decode(W3CHttpResponseCodec.java:122)
	at org.openqa.selenium.remote.http.W3CHttpResponseCodec.decode(W3CHttpResponseCodec.java:49)
	at org.openqa.selenium.remote.HttpCommandExecutor.execute(HttpCommandExecutor.java:158)
	at org.openqa.selenium.remote.service.DriverCommandExecutor.execute(DriverCommandExecutor.java:83)
	at org.openqa.selenium.remote.RemoteWebDriver.execute(RemoteWebDriver.java:552)
	at com.kms.katalon.selenium.driver.CFirefoxDriver.execute(CFirefoxDriver.java:27)
	at org.openqa.selenium.remote.RemoteWebElement.execute(RemoteWebElement.java:285)
	at org.openqa.selenium.remote.RemoteWebElement.click(RemoteWebElement.java:84)
	at org.openqa.selenium.support.events.EventFiringWebDriver$EventFiringWebElement.lambda$new$0(EventFiringWebDriver.java:404)
	at com.sun.proxy.$Proxy9.click(Unknown Source)
	at org.openqa.selenium.support.events.EventFiringWebDriver$EventFiringWebElement.click(EventFiringWebDriver.java:417)
	at com.kms.katalon.core.webui.keyword.builtin.ClickKeyword$_click_closure1.doCall(ClickKeyword.groovy:69)
	at com.kms.katalon.core.webui.keyword.builtin.ClickKeyword$_click_closure1.call(ClickKeyword.groovy)
	at com.kms.katalon.core.webui.keyword.internal.WebUIKeywordMain.runKeyword(WebUIKeywordMain.groovy:20)
	... 19 more]]></system-err>
      </testcase>
      <testcase name="Test Cases/Front End/TC_PropertySubmissionForm_002" time="187.148" classname="Test Cases/Front End/TC_PropertySubmissionForm_002" status="PASSED">
         <system-out><![CDATA[2020-06-03 18:16:30 - [TEST_CASE][PASSED] - Test Cases/Front End/TC_PropertySubmissionForm_002: Test Cases/Front End/TC_PropertySubmissionForm_002

2020-06-03 18:16:31 - [TEST_STEP][PASSED] - faker = new com.github.javafaker.Faker(): null

2020-06-03 18:16:31 - [TEST_STEP][PASSED] - projectname = address().streetName(): null

2020-06-03 18:16:31 - [TEST_STEP][PASSED] - openBrowser(""): Browser is opened with url: ''

2020-06-03 18:16:31 - [MESSAGE][WARNING] - A browser is already opened. Closing browser and opening a new one

2020-06-03 18:16:33 - [MESSAGE][INFO] - Starting 'Firefox' driver

2020-06-03 18:16:33 - [MESSAGE][INFO] - Action delay is set to 0 milliseconds

2020-06-03 18:16:39 - [MESSAGE][PASSED] - Browser is opened with url: ''

2020-06-03 18:16:39 - [TEST_STEP][PASSED] - navigateToUrl(Url): Navigate to 'http://test.chiragh.com' successfully

2020-06-03 18:16:51 - [MESSAGE][PASSED] - Navigate to 'http://test.chiragh.com' successfully

2020-06-03 18:16:51 - [TEST_STEP][PASSED] - waitForPageLoad(15): Wait for page load successfully

2020-06-03 18:16:52 - [MESSAGE][PASSED] - Wait for page load successfully

2020-06-03 18:16:52 - [TEST_STEP][PASSED] - maximizeWindow(): Current window maximized

2020-06-03 18:16:52 - [MESSAGE][PASSED] - Current window maximized

2020-06-03 18:16:52 - [TEST_STEP][PASSED] - delay(3): Delayed 3 second(s)

2020-06-03 18:16:55 - [MESSAGE][PASSED] - Delayed 3 second(s)

2020-06-03 18:16:55 - [TEST_STEP][PASSED] - click(findTestObject("Property submission/owner/Page_Chiragh - Home/a_SELL")): Object: 'Object Repository/Property submission/owner/Page_Chiragh - Home/a_SELL' is clicked on

2020-06-03 18:16:55 - [MESSAGE][PASSED] - Object: 'Object Repository/Property submission/owner/Page_Chiragh - Home/a_SELL' is clicked on

2020-06-03 18:16:55 - [TEST_STEP][PASSED] - setText(findTestObject("Object Repository/Property submission/owner/Page_Chiragh - Login/input_Username_un"), userName): Text 'AUTOCHIRAGH' is set on object 'Object Repository/Property submission/owner/Page_Chiragh - Login/input_Username_un'

2020-06-03 18:16:57 - [MESSAGE][PASSED] - Text 'AUTOCHIRAGH' is set on object 'Object Repository/Property submission/owner/Page_Chiragh - Login/input_Username_un'

2020-06-03 18:16:57 - [TEST_STEP][PASSED] - setText(findTestObject("Object Repository/Property submission/owner/Page_Chiragh - Login/input_Password_userPassword"), passWord): Text '1234567890' is set on object 'Object Repository/Property submission/owner/Page_Chiragh - Login/input_Password_userPassword'

2020-06-03 18:16:57 - [MESSAGE][PASSED] - Text '1234567890' is set on object 'Object Repository/Property submission/owner/Page_Chiragh - Login/input_Password_userPassword'

2020-06-03 18:16:57 - [TEST_STEP][PASSED] - click(findTestObject("Object Repository/Property submission/owner/Page_Chiragh - Login/button_Log In")): Object: 'Object Repository/Property submission/owner/Page_Chiragh - Login/button_Log In' is clicked on

2020-06-03 18:16:58 - [MESSAGE][PASSED] - Object: 'Object Repository/Property submission/owner/Page_Chiragh - Login/button_Log In' is clicked on

2020-06-03 18:16:58 - [TEST_STEP][PASSED] - delay(10): Delayed 10 second(s)

2020-06-03 18:17:08 - [MESSAGE][PASSED] - Delayed 10 second(s)

2020-06-03 18:17:08 - [TEST_STEP][PASSED] - setText(findTestObject("Object Repository/Property submission/owner form/Page_Chiragh - Sell Your Property/Page_Chiragh - Sell Your Property/input_ID Card Number_idCardNo"), "3294723889"): Text '3294723889' is set on object 'Object Repository/Property submission/owner form/Page_Chiragh - Sell Your Property/Page_Chiragh - Sell Your Property/input_ID Card Number_idCardNo'

2020-06-03 18:17:09 - [MESSAGE][PASSED] - Text '3294723889' is set on object 'Object Repository/Property submission/owner form/Page_Chiragh - Sell Your Property/Page_Chiragh - Sell Your Property/input_ID Card Number_idCardNo'

2020-06-03 18:17:09 - [TEST_STEP][PASSED] - click(findTestObject("Object Repository/Property submission/owner form/Page_Chiragh - Sell Your Property/Page_Chiragh - Sell Your Property/ID card expiry")): Object: 'Object Repository/Property submission/owner form/Page_Chiragh - Sell Your Property/Page_Chiragh - Sell Your Property/ID card expiry' is clicked on

2020-06-03 18:17:10 - [MESSAGE][PASSED] - Object: 'Object Repository/Property submission/owner form/Page_Chiragh - Sell Your Property/Page_Chiragh - Sell Your Property/ID card expiry' is clicked on

2020-06-03 18:17:10 - [TEST_STEP][PASSED] - click(findTestObject("Object Repository/Property submission/owner form/Page_Chiragh - Sell Your Property/Page_Chiragh - Sell Your Property/span_Mar 2020")): Object: 'Object Repository/Property submission/owner form/Page_Chiragh - Sell Your Property/Page_Chiragh - Sell Your Property/span_Mar 2020' is clicked on

2020-06-03 18:17:11 - [MESSAGE][PASSED] - Object: 'Object Repository/Property submission/owner form/Page_Chiragh - Sell Your Property/Page_Chiragh - Sell Your Property/span_Mar 2020' is clicked on

2020-06-03 18:17:11 - [TEST_STEP][PASSED] - click(findTestObject("Object Repository/Property submission/owner form/Page_Chiragh - Sell Your Property/Page_Chiragh - Sell Your Property/span_2029")): Object: 'Object Repository/Property submission/owner form/Page_Chiragh - Sell Your Property/Page_Chiragh - Sell Your Property/span_2029' is clicked on

2020-06-03 18:17:12 - [MESSAGE][PASSED] - Object: 'Object Repository/Property submission/owner form/Page_Chiragh - Sell Your Property/Page_Chiragh - Sell Your Property/span_2029' is clicked on

2020-06-03 18:17:12 - [TEST_STEP][PASSED] - click(findTestObject("Object Repository/Property submission/owner form/Page_Chiragh - Sell Your Property/Page_Chiragh - Sell Your Property/month")): Object: 'Object Repository/Property submission/owner form/Page_Chiragh - Sell Your Property/Page_Chiragh - Sell Your Property/month' is clicked on

2020-06-03 18:17:13 - [MESSAGE][PASSED] - Object: 'Object Repository/Property submission/owner form/Page_Chiragh - Sell Your Property/Page_Chiragh - Sell Your Property/month' is clicked on

2020-06-03 18:17:13 - [TEST_STEP][PASSED] - click(findTestObject("Object Repository/Property submission/owner form/Page_Chiragh - Sell Your Property/Page_Chiragh - Sell Your Property/span_21")): Object: 'Object Repository/Property submission/owner form/Page_Chiragh - Sell Your Property/Page_Chiragh - Sell Your Property/span_21' is clicked on

2020-06-03 18:17:13 - [MESSAGE][PASSED] - Object: 'Object Repository/Property submission/owner form/Page_Chiragh - Sell Your Property/Page_Chiragh - Sell Your Property/span_21' is clicked on

2020-06-03 18:17:13 - [TEST_STEP][PASSED] - scrollToElement(findTestObject("Object Repository/Property submission/owner/Page_Chiragh - Sell Your Property/div_Scanned Passport Copy"), 5): Scroll to object 'Object Repository/Property submission/owner/Page_Chiragh - Sell Your Property/div_Scanned Passport Copy' successfully

2020-06-03 18:17:14 - [MESSAGE][PASSED] - Scroll to object 'Object Repository/Property submission/owner/Page_Chiragh - Sell Your Property/div_Scanned Passport Copy' successfully

2020-06-03 18:17:14 - [TEST_STEP][PASSED] - delay(4): Delayed 4 second(s)

2020-06-03 18:17:18 - [MESSAGE][PASSED] - Delayed 4 second(s)

2020-06-03 18:17:18 - [TEST_STEP][PASSED] - uploadFile(findTestObject("Property submission/owner/Scanned Passport Copy"), fileUpload): File 'C:\Users\Ihsan\git\chiraghAdminPanel\Include\PropertyImages\1584693242612-Scanned_Passport_Copy.png' sent to object: 'Object Repository/Property submission/owner/Scanned Passport Copy'

2020-06-03 18:17:18 - [MESSAGE][PASSED] - File 'C:\Users\Ihsan\git\chiraghAdminPanel\Include\PropertyImages\1584693242612-Scanned_Passport_Copy.png' sent to object: 'Object Repository/Property submission/owner/Scanned Passport Copy'

2020-06-03 18:17:18 - [TEST_STEP][PASSED] - delay(7): Delayed 7 second(s)

2020-06-03 18:17:25 - [MESSAGE][PASSED] - Delayed 7 second(s)

2020-06-03 18:17:25 - [TEST_STEP][PASSED] - delay(4): Delayed 4 second(s)

2020-06-03 18:17:29 - [MESSAGE][PASSED] - Delayed 4 second(s)

2020-06-03 18:17:29 - [TEST_STEP][PASSED] - uploadFile(findTestObject("Object Repository/Property submission/owner form/Page_Chiragh - Sell Your Property/Page_Chiragh - Sell Your Property/div_Scanned ID Copy  (UAE or c"), fileUpload): File 'C:\Users\Ihsan\git\chiraghAdminPanel\Include\PropertyImages\1584693242612-Scanned_Passport_Copy.png' sent to object: 'Object Repository/Property submission/owner form/Page_Chiragh - Sell Your Property/Page_Chiragh - Sell Your Property/div_Scanned ID Copy  (UAE or c'

2020-06-03 18:17:30 - [MESSAGE][PASSED] - File 'C:\Users\Ihsan\git\chiraghAdminPanel\Include\PropertyImages\1584693242612-Scanned_Passport_Copy.png' sent to object: 'Object Repository/Property submission/owner form/Page_Chiragh - Sell Your Property/Page_Chiragh - Sell Your Property/div_Scanned ID Copy  (UAE or c'

2020-06-03 18:17:30 - [TEST_STEP][PASSED] - delay(7): Delayed 7 second(s)

2020-06-03 18:17:37 - [MESSAGE][PASSED] - Delayed 7 second(s)

2020-06-03 18:17:37 - [TEST_STEP][PASSED] - click(findTestObject("Object Repository/Property submission/owner/Page_Chiragh - Sell Your Property/button_Next")): Object: 'Object Repository/Property submission/owner/Page_Chiragh - Sell Your Property/button_Next' is clicked on

2020-06-03 18:17:37 - [MESSAGE][PASSED] - Object: 'Object Repository/Property submission/owner/Page_Chiragh - Sell Your Property/button_Next' is clicked on

2020-06-03 18:17:37 - [TEST_STEP][PASSED] - verifyElementPresent(findTestObject("Object Repository/Property submission/owner/Page_Chiragh - Sell Your Property/div_Owner details added succes"), 4): Object 'Object Repository/Property submission/owner/Page_Chiragh - Sell Your Property/div_Owner details added succes' is present

2020-06-03 18:17:40 - [MESSAGE][PASSED] - Object 'Object Repository/Property submission/owner/Page_Chiragh - Sell Your Property/div_Owner details added succes' is present

2020-06-03 18:17:40 - [TEST_STEP][PASSED] - click(findTestObject("Object Repository/Property submission/POA/Page_Chiragh - Sell Your Property/div_POA Status_ng-input")): Object: 'Object Repository/Property submission/POA/Page_Chiragh - Sell Your Property/div_POA Status_ng-input' is clicked on

2020-06-03 18:17:41 - [MESSAGE][PASSED] - Object: 'Object Repository/Property submission/POA/Page_Chiragh - Sell Your Property/div_POA Status_ng-input' is clicked on

2020-06-03 18:17:41 - [TEST_STEP][PASSED] - delay(4): Delayed 4 second(s)

2020-06-03 18:17:45 - [MESSAGE][PASSED] - Delayed 4 second(s)

2020-06-03 18:17:45 - [TEST_STEP][PASSED] - setText(findTestObject("Object Repository/Property submission/POA/Page_Chiragh - Sell Your Property/Page_Chiragh - Sell Your Property/input"), "No"): Text 'No' is set on object 'Object Repository/Property submission/POA/Page_Chiragh - Sell Your Property/Page_Chiragh - Sell Your Property/input'

2020-06-03 18:17:46 - [MESSAGE][PASSED] - Text 'No' is set on object 'Object Repository/Property submission/POA/Page_Chiragh - Sell Your Property/Page_Chiragh - Sell Your Property/input'

2020-06-03 18:17:46 - [TEST_STEP][PASSED] - sendKeys(findTestObject("Object Repository/Property submission/POA/Page_Chiragh - Sell Your Property/Page_Chiragh - Sell Your Property/input"), Keys.chord(ENTER)): Keys 'ENTER + ' sent to object: 'Object Repository/Property submission/POA/Page_Chiragh - Sell Your Property/Page_Chiragh - Sell Your Property/input'

2020-06-03 18:17:46 - [MESSAGE][PASSED] - Keys 'ENTER + ' sent to object: 'Object Repository/Property submission/POA/Page_Chiragh - Sell Your Property/Page_Chiragh - Sell Your Property/input'

2020-06-03 18:17:46 - [TEST_STEP][PASSED] - delay(4): Delayed 4 second(s)

2020-06-03 18:17:50 - [MESSAGE][PASSED] - Delayed 4 second(s)

2020-06-03 18:17:50 - [TEST_STEP][PASSED] - click(findTestObject("Object Repository/Property submission/POA/Page_Chiragh - Sell Your Property/button_Next")): Object: 'Object Repository/Property submission/POA/Page_Chiragh - Sell Your Property/button_Next' is clicked on

2020-06-03 18:17:51 - [MESSAGE][PASSED] - Object: 'Object Repository/Property submission/POA/Page_Chiragh - Sell Your Property/button_Next' is clicked on

2020-06-03 18:17:51 - [TEST_STEP][PASSED] - delay(4): Delayed 4 second(s)

2020-06-03 18:17:55 - [MESSAGE][PASSED] - Delayed 4 second(s)

2020-06-03 18:17:55 - [TEST_STEP][PASSED] - click(findTestObject("Object Repository/Property submission/Property form/Page_Chiragh - Sell Your Property/Property status/input")): Object: 'Object Repository/Property submission/Property form/Page_Chiragh - Sell Your Property/Property status/input' is clicked on

2020-06-03 18:17:56 - [MESSAGE][PASSED] - Object: 'Object Repository/Property submission/Property form/Page_Chiragh - Sell Your Property/Property status/input' is clicked on

2020-06-03 18:17:56 - [TEST_STEP][PASSED] - setText(findTestObject("Object Repository/Property submission/Property form/Page_Chiragh - Sell Your Property/Property status/input"), "Completed"): Text 'Completed' is set on object 'Object Repository/Property submission/Property form/Page_Chiragh - Sell Your Property/Property status/input'

2020-06-03 18:17:56 - [MESSAGE][PASSED] - Text 'Completed' is set on object 'Object Repository/Property submission/Property form/Page_Chiragh - Sell Your Property/Property status/input'

2020-06-03 18:17:56 - [TEST_STEP][PASSED] - sendKeys(findTestObject("Object Repository/Property submission/Property form/Page_Chiragh - Sell Your Property/Property status/input"), Keys.chord(ENTER)): Keys 'ENTER + ' sent to object: 'Object Repository/Property submission/Property form/Page_Chiragh - Sell Your Property/Property status/input'

2020-06-03 18:17:57 - [MESSAGE][PASSED] - Keys 'ENTER + ' sent to object: 'Object Repository/Property submission/Property form/Page_Chiragh - Sell Your Property/Property status/input'

2020-06-03 18:17:57 - [TEST_STEP][PASSED] - setText(findTestObject("Object Repository/Property submission/Property form/Page_Chiragh - Sell Your Property/Property status/input_Title Deed Number_titleD"), "348236327"): Text '348236327' is set on object 'Object Repository/Property submission/Property form/Page_Chiragh - Sell Your Property/Property status/input_Title Deed Number_titleD'

2020-06-03 18:17:58 - [MESSAGE][PASSED] - Text '348236327' is set on object 'Object Repository/Property submission/Property form/Page_Chiragh - Sell Your Property/Property status/input_Title Deed Number_titleD'

2020-06-03 18:17:58 - [TEST_STEP][PASSED] - setText(findTestObject("Object Repository/Property submission/Property form/Page_Chiragh - Sell Your Property/Type of area/Page_Chiragh - Sell Your Property/input"), "Free Hold"): Text 'Free Hold' is set on object 'Object Repository/Property submission/Property form/Page_Chiragh - Sell Your Property/Type of area/Page_Chiragh - Sell Your Property/input'

2020-06-03 18:17:59 - [MESSAGE][PASSED] - Text 'Free Hold' is set on object 'Object Repository/Property submission/Property form/Page_Chiragh - Sell Your Property/Type of area/Page_Chiragh - Sell Your Property/input'

2020-06-03 18:17:59 - [TEST_STEP][PASSED] - sendKeys(findTestObject("Object Repository/Property submission/Property form/Page_Chiragh - Sell Your Property/Type of area/Page_Chiragh - Sell Your Property/input"), Keys.chord(ENTER)): Keys 'ENTER + ' sent to object: 'Object Repository/Property submission/Property form/Page_Chiragh - Sell Your Property/Type of area/Page_Chiragh - Sell Your Property/input'

2020-06-03 18:17:59 - [MESSAGE][PASSED] - Keys 'ENTER + ' sent to object: 'Object Repository/Property submission/Property form/Page_Chiragh - Sell Your Property/Type of area/Page_Chiragh - Sell Your Property/input'

2020-06-03 18:17:59 - [TEST_STEP][PASSED] - setText(findTestObject("Object Repository/Property submission/Property form/Page_Chiragh - Sell Your Property/Property Type/Page_Chiragh - Sell Your Property/input"), "Villa"): Text 'Villa' is set on object 'Object Repository/Property submission/Property form/Page_Chiragh - Sell Your Property/Property Type/Page_Chiragh - Sell Your Property/input'

2020-06-03 18:18:00 - [MESSAGE][PASSED] - Text 'Villa' is set on object 'Object Repository/Property submission/Property form/Page_Chiragh - Sell Your Property/Property Type/Page_Chiragh - Sell Your Property/input'

2020-06-03 18:18:00 - [TEST_STEP][PASSED] - sendKeys(findTestObject("Object Repository/Property submission/Property form/Page_Chiragh - Sell Your Property/Property Type/Page_Chiragh - Sell Your Property/input"), Keys.chord(ENTER)): Keys 'ENTER + ' sent to object: 'Object Repository/Property submission/Property form/Page_Chiragh - Sell Your Property/Property Type/Page_Chiragh - Sell Your Property/input'

2020-06-03 18:18:01 - [MESSAGE][PASSED] - Keys 'ENTER + ' sent to object: 'Object Repository/Property submission/Property form/Page_Chiragh - Sell Your Property/Property Type/Page_Chiragh - Sell Your Property/input'

2020-06-03 18:18:01 - [TEST_STEP][PASSED] - setText(findTestObject("Object Repository/Property submission/Property form/Page_Chiragh - Sell Your Property/Project Name/Page_Chiragh - Sell Your Property/input_Project Name_projectName"), projectname): Text 'Jadon Ports' is set on object 'Object Repository/Property submission/Property form/Page_Chiragh - Sell Your Property/Project Name/Page_Chiragh - Sell Your Property/input_Project Name_projectName'

2020-06-03 18:18:02 - [MESSAGE][PASSED] - Text 'Jadon Ports' is set on object 'Object Repository/Property submission/Property form/Page_Chiragh - Sell Your Property/Project Name/Page_Chiragh - Sell Your Property/input_Project Name_projectName'

2020-06-03 18:18:02 - [TEST_STEP][PASSED] - setText(findTestObject("Object Repository/Property submission/Property form/Page_Chiragh - Sell Your Property/Building name/Page_Chiragh - Sell Your Property/input_Building Name_bulidingNa"), "Ajman Tower"): Text 'Ajman Tower' is set on object 'Object Repository/Property submission/Property form/Page_Chiragh - Sell Your Property/Building name/Page_Chiragh - Sell Your Property/input_Building Name_bulidingNa'

2020-06-03 18:18:03 - [MESSAGE][PASSED] - Text 'Ajman Tower' is set on object 'Object Repository/Property submission/Property form/Page_Chiragh - Sell Your Property/Building name/Page_Chiragh - Sell Your Property/input_Building Name_bulidingNa'

2020-06-03 18:18:03 - [TEST_STEP][PASSED] - setText(findTestObject("Object Repository/Property submission/Property form/Page_Chiragh - Sell Your Property/Area/Page_Chiragh - Sell Your Property/input_Net Area_netArea"), "2100"): Text '2100' is set on object 'Object Repository/Property submission/Property form/Page_Chiragh - Sell Your Property/Area/Page_Chiragh - Sell Your Property/input_Net Area_netArea'

2020-06-03 18:18:04 - [MESSAGE][PASSED] - Text '2100' is set on object 'Object Repository/Property submission/Property form/Page_Chiragh - Sell Your Property/Area/Page_Chiragh - Sell Your Property/input_Net Area_netArea'

2020-06-03 18:18:04 - [TEST_STEP][PASSED] - delay(5): Delayed 5 second(s)

2020-06-03 18:18:09 - [MESSAGE][PASSED] - Delayed 5 second(s)

2020-06-03 18:18:09 - [TEST_STEP][PASSED] - setText(findTestObject("Property submission/Property form/Page_Chiragh - Sell Your Property/Area/Page_Chiragh - Sell Your Property/input_Unit_ng-star-inserted"), "sqm"): Text 'sqm' is set on object 'Object Repository/Property submission/Property form/Page_Chiragh - Sell Your Property/Area/Page_Chiragh - Sell Your Property/input_Unit_ng-star-inserted'

2020-06-03 18:18:10 - [MESSAGE][PASSED] - Text 'sqm' is set on object 'Object Repository/Property submission/Property form/Page_Chiragh - Sell Your Property/Area/Page_Chiragh - Sell Your Property/input_Unit_ng-star-inserted'

2020-06-03 18:18:10 - [TEST_STEP][PASSED] - sendKeys(findTestObject("Property submission/Property form/Page_Chiragh - Sell Your Property/Area/Page_Chiragh - Sell Your Property/input_Unit_ng-star-inserted"), Keys.chord(ENTER)): Keys 'ENTER + ' sent to object: 'Object Repository/Property submission/Property form/Page_Chiragh - Sell Your Property/Area/Page_Chiragh - Sell Your Property/input_Unit_ng-star-inserted'

2020-06-03 18:18:11 - [MESSAGE][PASSED] - Keys 'ENTER + ' sent to object: 'Object Repository/Property submission/Property form/Page_Chiragh - Sell Your Property/Area/Page_Chiragh - Sell Your Property/input_Unit_ng-star-inserted'

2020-06-03 18:18:11 - [TEST_STEP][PASSED] - delay(5): Delayed 5 second(s)

2020-06-03 18:18:16 - [MESSAGE][PASSED] - Delayed 5 second(s)

2020-06-03 18:18:16 - [TEST_STEP][PASSED] - setText(findTestObject("Object Repository/Property submission/Property form/Page_Chiragh - Sell Your Property/Area/Page_Chiragh - Sell Your Property/input_Gross Area_grossArea"), "2300"): Text '2300' is set on object 'Object Repository/Property submission/Property form/Page_Chiragh - Sell Your Property/Area/Page_Chiragh - Sell Your Property/input_Gross Area_grossArea'

2020-06-03 18:18:17 - [MESSAGE][PASSED] - Text '2300' is set on object 'Object Repository/Property submission/Property form/Page_Chiragh - Sell Your Property/Area/Page_Chiragh - Sell Your Property/input_Gross Area_grossArea'

2020-06-03 18:18:17 - [TEST_STEP][PASSED] - delay(4): Delayed 4 second(s)

2020-06-03 18:18:21 - [MESSAGE][PASSED] - Delayed 4 second(s)

2020-06-03 18:18:21 - [TEST_STEP][PASSED] - setText(findTestObject("Property submission/Property form/Page_Chiragh - Sell Your Property/Address/Page_Chiragh - Sell Your Property/input_Address_address"), "United Arab Emirates"): Text 'United Arab Emirates' is set on object 'Object Repository/Property submission/Property form/Page_Chiragh - Sell Your Property/Address/Page_Chiragh - Sell Your Property/input_Address_address'

2020-06-03 18:18:22 - [MESSAGE][PASSED] - Text 'United Arab Emirates' is set on object 'Object Repository/Property submission/Property form/Page_Chiragh - Sell Your Property/Address/Page_Chiragh - Sell Your Property/input_Address_address'

2020-06-03 18:18:22 - [TEST_STEP][PASSED] - setText(findTestObject("Object Repository/Property submission/Property form/Page_Chiragh - Sell Your Property/City/Page_Chiragh - Sell Your Property/input"), "Dubai"): Text 'Dubai' is set on object 'Object Repository/Property submission/Property form/Page_Chiragh - Sell Your Property/City/Page_Chiragh - Sell Your Property/input'

2020-06-03 18:18:22 - [MESSAGE][PASSED] - Text 'Dubai' is set on object 'Object Repository/Property submission/Property form/Page_Chiragh - Sell Your Property/City/Page_Chiragh - Sell Your Property/input'

2020-06-03 18:18:22 - [TEST_STEP][PASSED] - sendKeys(findTestObject("Object Repository/Property submission/Property form/Page_Chiragh - Sell Your Property/City/Page_Chiragh - Sell Your Property/input"), Keys.chord(ENTER)): Keys 'ENTER + ' sent to object: 'Object Repository/Property submission/Property form/Page_Chiragh - Sell Your Property/City/Page_Chiragh - Sell Your Property/input'

2020-06-03 18:18:23 - [MESSAGE][PASSED] - Keys 'ENTER + ' sent to object: 'Object Repository/Property submission/Property form/Page_Chiragh - Sell Your Property/City/Page_Chiragh - Sell Your Property/input'

2020-06-03 18:18:23 - [TEST_STEP][PASSED] - setText(findTestObject("Object Repository/Property submission/Property form/Page_Chiragh - Sell Your Property/Developer Name/Page_Chiragh - Sell Your Property/input_Developer Name_developer"), "DEV"): Text 'DEV' is set on object 'Object Repository/Property submission/Property form/Page_Chiragh - Sell Your Property/Developer Name/Page_Chiragh - Sell Your Property/input_Developer Name_developer'

2020-06-03 18:18:24 - [MESSAGE][PASSED] - Text 'DEV' is set on object 'Object Repository/Property submission/Property form/Page_Chiragh - Sell Your Property/Developer Name/Page_Chiragh - Sell Your Property/input_Developer Name_developer'

2020-06-03 18:18:24 - [TEST_STEP][PASSED] - setText(findTestObject("Object Repository/Property submission/Property form/Page_Chiragh - Sell Your Property/Present Use/Page_Chiragh - Sell Your Property/input"), "Residential"): Text 'Residential' is set on object 'Object Repository/Property submission/Property form/Page_Chiragh - Sell Your Property/Present Use/Page_Chiragh - Sell Your Property/input'

2020-06-03 18:18:25 - [MESSAGE][PASSED] - Text 'Residential' is set on object 'Object Repository/Property submission/Property form/Page_Chiragh - Sell Your Property/Present Use/Page_Chiragh - Sell Your Property/input'

2020-06-03 18:18:25 - [TEST_STEP][PASSED] - sendKeys(findTestObject("Object Repository/Property submission/Property form/Page_Chiragh - Sell Your Property/Present Use/Page_Chiragh - Sell Your Property/input"), Keys.chord(ENTER)): Keys 'ENTER + ' sent to object: 'Object Repository/Property submission/Property form/Page_Chiragh - Sell Your Property/Present Use/Page_Chiragh - Sell Your Property/input'

2020-06-03 18:18:26 - [MESSAGE][PASSED] - Keys 'ENTER + ' sent to object: 'Object Repository/Property submission/Property form/Page_Chiragh - Sell Your Property/Present Use/Page_Chiragh - Sell Your Property/input'

2020-06-03 18:18:26 - [TEST_STEP][PASSED] - setText(findTestObject("Object Repository/Property submission/Property form/Page_Chiragh - Sell Your Property/Approx Age/Page_Chiragh - Sell Your Property/input_Property Approx. Age_pro"), "2 years"): Text '2 years' is set on object 'Object Repository/Property submission/Property form/Page_Chiragh - Sell Your Property/Approx Age/Page_Chiragh - Sell Your Property/input_Property Approx. Age_pro'

2020-06-03 18:18:27 - [MESSAGE][PASSED] - Text '2 years' is set on object 'Object Repository/Property submission/Property form/Page_Chiragh - Sell Your Property/Approx Age/Page_Chiragh - Sell Your Property/input_Property Approx. Age_pro'

2020-06-03 18:18:27 - [TEST_STEP][PASSED] - setText(findTestObject("Object Repository/Property submission/Property form/Page_Chiragh - Sell Your Property/Beds/Page_Chiragh - Sell Your Property/input_Bedrooms_noOfBedrooms"), "6"): Text '6' is set on object 'Object Repository/Property submission/Property form/Page_Chiragh - Sell Your Property/Beds/Page_Chiragh - Sell Your Property/input_Bedrooms_noOfBedrooms'

2020-06-03 18:18:28 - [MESSAGE][PASSED] - Text '6' is set on object 'Object Repository/Property submission/Property form/Page_Chiragh - Sell Your Property/Beds/Page_Chiragh - Sell Your Property/input_Bedrooms_noOfBedrooms'

2020-06-03 18:18:28 - [TEST_STEP][PASSED] - setText(findTestObject("Object Repository/Property submission/Property form/Page_Chiragh - Sell Your Property/Baths/Page_Chiragh - Sell Your Property/input_Bathrooms_noOfBaths"), "4"): Text '4' is set on object 'Object Repository/Property submission/Property form/Page_Chiragh - Sell Your Property/Baths/Page_Chiragh - Sell Your Property/input_Bathrooms_noOfBaths'

2020-06-03 18:18:29 - [MESSAGE][PASSED] - Text '4' is set on object 'Object Repository/Property submission/Property form/Page_Chiragh - Sell Your Property/Baths/Page_Chiragh - Sell Your Property/input_Bathrooms_noOfBaths'

2020-06-03 18:18:29 - [TEST_STEP][PASSED] - delay(2): Delayed 2 second(s)

2020-06-03 18:18:31 - [MESSAGE][PASSED] - Delayed 2 second(s)

2020-06-03 18:18:31 - [TEST_STEP][PASSED] - setText(findTestObject("Object Repository/Property submission/Property form/Page_Chiragh - Sell Your Property/Car Parkings/input_car_parkings"), "2"): Text '2' is set on object 'Object Repository/Property submission/Property form/Page_Chiragh - Sell Your Property/Car Parkings/input_car_parkings'

2020-06-03 18:18:32 - [MESSAGE][PASSED] - Text '2' is set on object 'Object Repository/Property submission/Property form/Page_Chiragh - Sell Your Property/Car Parkings/input_car_parkings'

2020-06-03 18:18:32 - [TEST_STEP][PASSED] - click(findTestObject("Object Repository/Property submission/Property form/Page_Chiragh - Sell Your Property/Features/Page_Chiragh - Sell Your Property/label_Driver Room")): Object: 'Object Repository/Property submission/Property form/Page_Chiragh - Sell Your Property/Features/Page_Chiragh - Sell Your Property/label_Driver Room' is clicked on

2020-06-03 18:18:33 - [MESSAGE][PASSED] - Object: 'Object Repository/Property submission/Property form/Page_Chiragh - Sell Your Property/Features/Page_Chiragh - Sell Your Property/label_Driver Room' is clicked on

2020-06-03 18:18:33 - [TEST_STEP][PASSED] - click(findTestObject("Object Repository/Property submission/Property form/Page_Chiragh - Sell Your Property/Features/Page_Chiragh - Sell Your Property/label_Fully Fitted Kitchen")): Object: 'Object Repository/Property submission/Property form/Page_Chiragh - Sell Your Property/Features/Page_Chiragh - Sell Your Property/label_Fully Fitted Kitchen' is clicked on

2020-06-03 18:18:33 - [MESSAGE][PASSED] - Object: 'Object Repository/Property submission/Property form/Page_Chiragh - Sell Your Property/Features/Page_Chiragh - Sell Your Property/label_Fully Fitted Kitchen' is clicked on

2020-06-03 18:18:33 - [TEST_STEP][PASSED] - click(findTestObject("Object Repository/Property submission/Property form/Page_Chiragh - Sell Your Property/Features/Page_Chiragh - Sell Your Property/label_Fully Furnished")): Object: 'Object Repository/Property submission/Property form/Page_Chiragh - Sell Your Property/Features/Page_Chiragh - Sell Your Property/label_Fully Furnished' is clicked on

2020-06-03 18:18:34 - [MESSAGE][PASSED] - Object: 'Object Repository/Property submission/Property form/Page_Chiragh - Sell Your Property/Features/Page_Chiragh - Sell Your Property/label_Fully Furnished' is clicked on

2020-06-03 18:18:34 - [TEST_STEP][PASSED] - click(findTestObject("Object Repository/Property submission/Property form/Page_Chiragh - Sell Your Property/Facilities/Page_Chiragh - Sell Your Property/label_Beach Access")): Object: 'Object Repository/Property submission/Property form/Page_Chiragh - Sell Your Property/Facilities/Page_Chiragh - Sell Your Property/label_Beach Access' is clicked on

2020-06-03 18:18:35 - [MESSAGE][PASSED] - Object: 'Object Repository/Property submission/Property form/Page_Chiragh - Sell Your Property/Facilities/Page_Chiragh - Sell Your Property/label_Beach Access' is clicked on

2020-06-03 18:18:35 - [TEST_STEP][PASSED] - click(findTestObject("Object Repository/Property submission/Property form/Page_Chiragh - Sell Your Property/Facilities/Page_Chiragh - Sell Your Property/label_Bank ATM Facility")): Object: 'Object Repository/Property submission/Property form/Page_Chiragh - Sell Your Property/Facilities/Page_Chiragh - Sell Your Property/label_Bank ATM Facility' is clicked on

2020-06-03 18:18:35 - [MESSAGE][PASSED] - Object: 'Object Repository/Property submission/Property form/Page_Chiragh - Sell Your Property/Facilities/Page_Chiragh - Sell Your Property/label_Bank ATM Facility' is clicked on

2020-06-03 18:18:35 - [TEST_STEP][PASSED] - click(findTestObject("Object Repository/Property submission/Property form/Page_Chiragh - Sell Your Property/Facilities/Page_Chiragh - Sell Your Property/label_24 Hours Maintenance")): Object: 'Object Repository/Property submission/Property form/Page_Chiragh - Sell Your Property/Facilities/Page_Chiragh - Sell Your Property/label_24 Hours Maintenance' is clicked on

2020-06-03 18:18:36 - [MESSAGE][PASSED] - Object: 'Object Repository/Property submission/Property form/Page_Chiragh - Sell Your Property/Facilities/Page_Chiragh - Sell Your Property/label_24 Hours Maintenance' is clicked on

2020-06-03 18:18:36 - [TEST_STEP][PASSED] - click(findTestObject("Object Repository/Property submission/Property form/Page_Chiragh - Sell Your Property/Neighbourhoods/Page_Chiragh - Sell Your Property/label_Mosques")): Object: 'Object Repository/Property submission/Property form/Page_Chiragh - Sell Your Property/Neighbourhoods/Page_Chiragh - Sell Your Property/label_Mosques' is clicked on

2020-06-03 18:18:37 - [MESSAGE][PASSED] - Object: 'Object Repository/Property submission/Property form/Page_Chiragh - Sell Your Property/Neighbourhoods/Page_Chiragh - Sell Your Property/label_Mosques' is clicked on

2020-06-03 18:18:37 - [TEST_STEP][PASSED] - click(findTestObject("Object Repository/Property submission/Property form/Page_Chiragh - Sell Your Property/Neighbourhoods/Page_Chiragh - Sell Your Property/label_Schools")): Object: 'Object Repository/Property submission/Property form/Page_Chiragh - Sell Your Property/Neighbourhoods/Page_Chiragh - Sell Your Property/label_Schools' is clicked on

2020-06-03 18:18:38 - [MESSAGE][PASSED] - Object: 'Object Repository/Property submission/Property form/Page_Chiragh - Sell Your Property/Neighbourhoods/Page_Chiragh - Sell Your Property/label_Schools' is clicked on

2020-06-03 18:18:38 - [TEST_STEP][PASSED] - click(findTestObject("Object Repository/Property submission/Property form/Page_Chiragh - Sell Your Property/Neighbourhoods/Page_Chiragh - Sell Your Property/label_Shopping Malls")): Object: 'Object Repository/Property submission/Property form/Page_Chiragh - Sell Your Property/Neighbourhoods/Page_Chiragh - Sell Your Property/label_Shopping Malls' is clicked on

2020-06-03 18:18:39 - [MESSAGE][PASSED] - Object: 'Object Repository/Property submission/Property form/Page_Chiragh - Sell Your Property/Neighbourhoods/Page_Chiragh - Sell Your Property/label_Shopping Malls' is clicked on

2020-06-03 18:18:39 - [TEST_STEP][PASSED] - scrollToElement(findTestObject("Property submission/Property form/Page_Chiragh - Sell Your Property/Description/Page_Chiragh - Sell Your Property/div_Description _ngx-editor-textarea"), 5): Scroll to object 'Object Repository/Property submission/Property form/Page_Chiragh - Sell Your Property/Description/Page_Chiragh - Sell Your Property/div_Description _ngx-editor-textarea' successfully

2020-06-03 18:18:39 - [MESSAGE][PASSED] - Scroll to object 'Object Repository/Property submission/Property form/Page_Chiragh - Sell Your Property/Description/Page_Chiragh - Sell Your Property/div_Description _ngx-editor-textarea' successfully

2020-06-03 18:18:39 - [TEST_STEP][PASSED] - setText(findTestObject("Property submission/Property form/Page_Chiragh - Sell Your Property/Description/Page_Chiragh - Sell Your Property/div_Description _ngx-editor-textarea"), "Villa for sale"): Text 'Villa for sale' is set on object 'Object Repository/Property submission/Property form/Page_Chiragh - Sell Your Property/Description/Page_Chiragh - Sell Your Property/div_Description _ngx-editor-textarea'

2020-06-03 18:18:40 - [MESSAGE][PASSED] - Text 'Villa for sale' is set on object 'Object Repository/Property submission/Property form/Page_Chiragh - Sell Your Property/Description/Page_Chiragh - Sell Your Property/div_Description _ngx-editor-textarea'

2020-06-03 18:18:40 - [TEST_STEP][PASSED] - delay(4): Delayed 4 second(s)

2020-06-03 18:18:44 - [MESSAGE][PASSED] - Delayed 4 second(s)

2020-06-03 18:18:44 - [TEST_STEP][PASSED] - scrollToElement(findTestObject("Object Repository/Property submission/Property form/Page_Chiragh - Sell Your Property/Scanned Title Deed/Scanned Title Deed"), 5): Scroll to object 'Object Repository/Property submission/Property form/Page_Chiragh - Sell Your Property/Scanned Title Deed/Scanned Title Deed' successfully

2020-06-03 18:18:44 - [MESSAGE][PASSED] - Scroll to object 'Object Repository/Property submission/Property form/Page_Chiragh - Sell Your Property/Scanned Title Deed/Scanned Title Deed' successfully

2020-06-03 18:18:44 - [TEST_STEP][PASSED] - uploadFile(findTestObject("Property submission/Property form/Page_Chiragh - Sell Your Property/Scanned Title Deed/Scanned Title Deed"), fileUpload): File 'C:\Users\Ihsan\git\chiraghAdminPanel\Include\PropertyImages\1584693242612-Scanned_Passport_Copy.png' sent to object: 'Object Repository/Property submission/Property form/Page_Chiragh - Sell Your Property/Scanned Title Deed/Scanned Title Deed'

2020-06-03 18:18:45 - [MESSAGE][PASSED] - File 'C:\Users\Ihsan\git\chiraghAdminPanel\Include\PropertyImages\1584693242612-Scanned_Passport_Copy.png' sent to object: 'Object Repository/Property submission/Property form/Page_Chiragh - Sell Your Property/Scanned Title Deed/Scanned Title Deed'

2020-06-03 18:18:45 - [TEST_STEP][PASSED] - delay(7): Delayed 7 second(s)

2020-06-03 18:18:52 - [MESSAGE][PASSED] - Delayed 7 second(s)

2020-06-03 18:18:52 - [TEST_STEP][PASSED] - uploadFile(findTestObject("Object Repository/Property submission/Property form/Page_Chiragh - Sell Your Property/SPA/SPA"), fileUpload): File 'C:\Users\Ihsan\git\chiraghAdminPanel\Include\PropertyImages\1584693242612-Scanned_Passport_Copy.png' sent to object: 'Object Repository/Property submission/Property form/Page_Chiragh - Sell Your Property/SPA/SPA'

2020-06-03 18:18:52 - [MESSAGE][PASSED] - File 'C:\Users\Ihsan\git\chiraghAdminPanel\Include\PropertyImages\1584693242612-Scanned_Passport_Copy.png' sent to object: 'Object Repository/Property submission/Property form/Page_Chiragh - Sell Your Property/SPA/SPA'

2020-06-03 18:18:52 - [TEST_STEP][PASSED] - delay(7): Delayed 7 second(s)

2020-06-03 18:18:59 - [MESSAGE][PASSED] - Delayed 7 second(s)

2020-06-03 18:18:59 - [TEST_STEP][PASSED] - click(findTestObject("Object Repository/Property submission/Property form/Page_Chiragh - Sell Your Property/Next/Page_Chiragh - Sell Your Property/button_Next")): Object: 'Object Repository/Property submission/Property form/Page_Chiragh - Sell Your Property/Next/Page_Chiragh - Sell Your Property/button_Next' is clicked on

2020-06-03 18:19:00 - [MESSAGE][PASSED] - Object: 'Object Repository/Property submission/Property form/Page_Chiragh - Sell Your Property/Next/Page_Chiragh - Sell Your Property/button_Next' is clicked on

2020-06-03 18:19:00 - [TEST_STEP][PASSED] - setText(findTestObject("Object Repository/Property submission/Mortgage/Mortgage Status/Page_Chiragh - Sell Your Property/input"), "No"): Text 'No' is set on object 'Object Repository/Property submission/Mortgage/Mortgage Status/Page_Chiragh - Sell Your Property/input'

2020-06-03 18:19:02 - [MESSAGE][PASSED] - Text 'No' is set on object 'Object Repository/Property submission/Mortgage/Mortgage Status/Page_Chiragh - Sell Your Property/input'

2020-06-03 18:19:02 - [TEST_STEP][PASSED] - sendKeys(findTestObject("Object Repository/Property submission/Mortgage/Mortgage Status/Page_Chiragh - Sell Your Property/input"), Keys.chord(ENTER)): Keys 'ENTER + ' sent to object: 'Object Repository/Property submission/Mortgage/Mortgage Status/Page_Chiragh - Sell Your Property/input'

2020-06-03 18:19:02 - [MESSAGE][PASSED] - Keys 'ENTER + ' sent to object: 'Object Repository/Property submission/Mortgage/Mortgage Status/Page_Chiragh - Sell Your Property/input'

2020-06-03 18:19:02 - [TEST_STEP][PASSED] - click(findTestObject("Object Repository/Property submission/Mortgage/Next/Page_Chiragh - Sell Your Property/button_Next")): Object: 'Object Repository/Property submission/Mortgage/Next/Page_Chiragh - Sell Your Property/button_Next' is clicked on

2020-06-03 18:19:03 - [MESSAGE][PASSED] - Object: 'Object Repository/Property submission/Mortgage/Next/Page_Chiragh - Sell Your Property/button_Next' is clicked on

2020-06-03 18:19:03 - [TEST_STEP][PASSED] - delay(10): Delayed 10 second(s)

2020-06-03 18:19:13 - [MESSAGE][PASSED] - Delayed 10 second(s)

2020-06-03 18:19:13 - [TEST_STEP][PASSED] - scrollToElement(findTestObject("Object Repository/Property submission/Rental/Page_Chiragh - Sell Your Property/input"), 5): Scroll to object 'Object Repository/Property submission/Rental/Page_Chiragh - Sell Your Property/input' successfully

2020-06-03 18:19:13 - [MESSAGE][PASSED] - Scroll to object 'Object Repository/Property submission/Rental/Page_Chiragh - Sell Your Property/input' successfully

2020-06-03 18:19:13 - [TEST_STEP][PASSED] - delay(4): Delayed 4 second(s)

2020-06-03 18:19:17 - [MESSAGE][PASSED] - Delayed 4 second(s)

2020-06-03 18:19:17 - [TEST_STEP][PASSED] - setText(findTestObject("Object Repository/Property submission/Rental/Page_Chiragh - Sell Your Property/input"), "No"): Text 'No' is set on object 'Object Repository/Property submission/Rental/Page_Chiragh - Sell Your Property/input'

2020-06-03 18:19:18 - [MESSAGE][PASSED] - Text 'No' is set on object 'Object Repository/Property submission/Rental/Page_Chiragh - Sell Your Property/input'

2020-06-03 18:19:18 - [TEST_STEP][PASSED] - sendKeys(findTestObject("Object Repository/Property submission/Rental/Page_Chiragh - Sell Your Property/input"), Keys.chord(ENTER)): Keys 'ENTER + ' sent to object: 'Object Repository/Property submission/Rental/Page_Chiragh - Sell Your Property/input'

2020-06-03 18:19:19 - [MESSAGE][PASSED] - Keys 'ENTER + ' sent to object: 'Object Repository/Property submission/Rental/Page_Chiragh - Sell Your Property/input'

2020-06-03 18:19:19 - [TEST_STEP][PASSED] - click(findTestObject("Object Repository/Property submission/Rental/Page_Chiragh - Sell Your Property/Next/Page_Chiragh - Sell Your Property/button_Next")): Object: 'Object Repository/Property submission/Rental/Page_Chiragh - Sell Your Property/Next/Page_Chiragh - Sell Your Property/button_Next' is clicked on

2020-06-03 18:19:20 - [MESSAGE][PASSED] - Object: 'Object Repository/Property submission/Rental/Page_Chiragh - Sell Your Property/Next/Page_Chiragh - Sell Your Property/button_Next' is clicked on

2020-06-03 18:19:20 - [TEST_STEP][PASSED] - delay(5): Delayed 5 second(s)

2020-06-03 18:19:25 - [MESSAGE][PASSED] - Delayed 5 second(s)

2020-06-03 18:19:25 - [TEST_STEP][PASSED] - scrollToElement(findTestObject("Property submission/ValuationCompany/button_SUBMIT"), 5): Scroll to object 'Object Repository/Property submission/ValuationCompany/button_SUBMIT' successfully

2020-06-03 18:19:25 - [MESSAGE][PASSED] - Scroll to object 'Object Repository/Property submission/ValuationCompany/button_SUBMIT' successfully

2020-06-03 18:19:25 - [TEST_STEP][PASSED] - click(findTestObject("Property submission/ValuationCompany/button_SUBMIT")): Object: 'Object Repository/Property submission/ValuationCompany/button_SUBMIT' is clicked on

2020-06-03 18:19:26 - [MESSAGE][PASSED] - Object: 'Object Repository/Property submission/ValuationCompany/button_SUBMIT' is clicked on

2020-06-03 18:19:26 - [TEST_STEP][PASSED] - delay(8): Delayed 8 second(s)

2020-06-03 18:19:34 - [MESSAGE][PASSED] - Delayed 8 second(s)

2020-06-03 18:19:34 - [TEST_STEP][PASSED] - verifyElementPresent(findTestObject("Object Repository/Property submission/Done/Page_Chiragh - Sell Your Property/h3_Thank You"), 5): Object 'Object Repository/Property submission/Done/Page_Chiragh - Sell Your Property/h3_Thank You' is present

2020-06-03 18:19:34 - [MESSAGE][PASSED] - Object 'Object Repository/Property submission/Done/Page_Chiragh - Sell Your Property/h3_Thank You' is present

2020-06-03 18:19:34 - [TEST_STEP][PASSED] - closeBrowser(): Browser is closed

2020-06-03 18:19:35 - [MESSAGE][PASSED] - Browser is closed

2020-06-03 18:19:37 - [TEST_STEP][PASSED] - Video: Video recording for test case 'Test Cases/Front End/TC_PropertySubmissionForm_002' .

2020-06-03 18:19:37 - [MESSAGE][INFO] - Video recording for test case 'Test Cases/Front End/TC_PropertySubmissionForm_002' .
[[ATTACHMENT|C:\\Users\\Ihsan\\git\\chiraghAdminPanel\\Reports\\20200603_175719\\SanityTests\\SanityTest\\20200603_175719/videos\\test_10.mov]]]]></system-out>
         <system-err><![CDATA[]]></system-err>
      </testcase>
      <testcase name="Test Cases/Front End/TC_Subscribe_010" time="26.711" classname="Test Cases/Front End/TC_Subscribe_010" status="PASSED">
         <system-out><![CDATA[2020-06-03 18:19:37 - [TEST_CASE][PASSED] - Test Cases/Front End/TC_Subscribe_010: Test Cases/Front End/TC_Subscribe_010

2020-06-03 18:19:38 - [TEST_STEP][PASSED] - openBrowser(""): Browser is opened with url: ''

2020-06-03 18:19:38 - [MESSAGE][INFO] - Starting 'Firefox' driver

2020-06-03 18:19:38 - [MESSAGE][INFO] - Action delay is set to 0 milliseconds

2020-06-03 18:19:44 - [MESSAGE][PASSED] - Browser is opened with url: ''

2020-06-03 18:19:44 - [TEST_STEP][PASSED] - navigateToUrl(Url): Navigate to 'http://test.chiragh.com' successfully

2020-06-03 18:19:56 - [MESSAGE][PASSED] - Navigate to 'http://test.chiragh.com' successfully

2020-06-03 18:19:56 - [TEST_STEP][PASSED] - waitForPageLoad(20): Wait for page load successfully

2020-06-03 18:19:56 - [MESSAGE][PASSED] - Wait for page load successfully

2020-06-03 18:19:56 - [TEST_STEP][PASSED] - scrollToElement(findTestObject("Front End Objects/Subscribe/Page_Chiragh - Home/input_Newsletter_email"), 5): Scroll to object 'Object Repository/Front End Objects/Subscribe/Page_Chiragh - Home/input_Newsletter_email' successfully

2020-06-03 18:19:57 - [MESSAGE][PASSED] - Scroll to object 'Object Repository/Front End Objects/Subscribe/Page_Chiragh - Home/input_Newsletter_email' successfully

2020-06-03 18:19:57 - [TEST_STEP][PASSED] - email = RandomStringUtils.randomAlphanumeric(9): null

2020-06-03 18:19:57 - [TEST_STEP][PASSED] - setText(findTestObject("Object Repository/Front End Objects/Subscribe/Page_Chiragh - Home/input_Newsletter_email"), email + "@gmail.com"): Text 'x13EvYzva@gmail.com' is set on object 'Object Repository/Front End Objects/Subscribe/Page_Chiragh - Home/input_Newsletter_email'

2020-06-03 18:19:58 - [MESSAGE][PASSED] - Text 'x13EvYzva@gmail.com' is set on object 'Object Repository/Front End Objects/Subscribe/Page_Chiragh - Home/input_Newsletter_email'

2020-06-03 18:19:58 - [TEST_STEP][PASSED] - click(findTestObject("Object Repository/Front End Objects/Subscribe/Page_Chiragh - Home/button_Subscribe")): Object: 'Object Repository/Front End Objects/Subscribe/Page_Chiragh - Home/button_Subscribe' is clicked on

2020-06-03 18:19:59 - [MESSAGE][PASSED] - Object: 'Object Repository/Front End Objects/Subscribe/Page_Chiragh - Home/button_Subscribe' is clicked on

2020-06-03 18:19:59 - [TEST_STEP][PASSED] - verifyElementPresent(findTestObject("Object Repository/Front End Objects/Subscribe/Page_Chiragh - Home/div_You are now subscribed to our Newslette_4ff70c"), 5): Object 'Object Repository/Front End Objects/Subscribe/Page_Chiragh - Home/div_You are now subscribed to our Newslette_4ff70c' is present

2020-06-03 18:20:00 - [MESSAGE][PASSED] - Object 'Object Repository/Front End Objects/Subscribe/Page_Chiragh - Home/div_You are now subscribed to our Newslette_4ff70c' is present

2020-06-03 18:20:00 - [TEST_STEP][PASSED] - closeBrowser(): Browser is closed

2020-06-03 18:20:02 - [MESSAGE][PASSED] - Browser is closed

2020-06-03 18:20:04 - [TEST_STEP][PASSED] - Video: Video recording for test case 'Test Cases/Front End/TC_Subscribe_010' .

2020-06-03 18:20:04 - [MESSAGE][INFO] - Video recording for test case 'Test Cases/Front End/TC_Subscribe_010' .
[[ATTACHMENT|C:\\Users\\Ihsan\\git\\chiraghAdminPanel\\Reports\\20200603_175719\\SanityTests\\SanityTest\\20200603_175719/videos\\test_11.mov]]]]></system-out>
         <system-err><![CDATA[]]></system-err>
      </testcase>
      <testcase name="Test Cases/Front End/TC_Exits_Profile" time="46.317" classname="Test Cases/Front End/TC_Exits_Profile" status="PASSED">
         <system-out><![CDATA[2020-06-03 18:20:04 - [TEST_CASE][PASSED] - Test Cases/Front End/TC_Exits_Profile: Test Cases/Front End/TC_Exits_Profile

2020-06-03 18:20:04 - [TEST_STEP][PASSED] - openBrowser(""): Browser is opened with url: ''

2020-06-03 18:20:04 - [MESSAGE][INFO] - Starting 'Firefox' driver

2020-06-03 18:20:04 - [MESSAGE][INFO] - Action delay is set to 0 milliseconds

2020-06-03 18:20:10 - [MESSAGE][PASSED] - Browser is opened with url: ''

2020-06-03 18:20:10 - [TEST_STEP][PASSED] - navigateToUrl(Url): Navigate to 'http://test.chiragh.com' successfully

2020-06-03 18:20:21 - [MESSAGE][PASSED] - Navigate to 'http://test.chiragh.com' successfully

2020-06-03 18:20:21 - [TEST_STEP][PASSED] - waitForPageLoad(10): Wait for page load successfully

2020-06-03 18:20:21 - [MESSAGE][PASSED] - Wait for page load successfully

2020-06-03 18:20:21 - [TEST_STEP][PASSED] - maximizeWindow(): Current window maximized

2020-06-03 18:20:22 - [MESSAGE][PASSED] - Current window maximized

2020-06-03 18:20:22 - [TEST_STEP][PASSED] - delay(3): Delayed 3 second(s)

2020-06-03 18:20:25 - [MESSAGE][PASSED] - Delayed 3 second(s)

2020-06-03 18:20:25 - [TEST_STEP][PASSED] - click(findTestObject("Object Repository/Front End Objects/ChangePasswordObject/Page_Chiragh - Home/a_ENG_dropdownMenuLink")): Object: 'Object Repository/Front End Objects/ChangePasswordObject/Page_Chiragh - Home/a_ENG_dropdownMenuLink' is clicked on

2020-06-03 18:20:25 - [MESSAGE][PASSED] - Object: 'Object Repository/Front End Objects/ChangePasswordObject/Page_Chiragh - Home/a_ENG_dropdownMenuLink' is clicked on

2020-06-03 18:20:25 - [TEST_STEP][PASSED] - click(findTestObject("Object Repository/Front End Objects/ChangePasswordObject/Page_Chiragh - Home/a_Login")): Object: 'Object Repository/Front End Objects/ChangePasswordObject/Page_Chiragh - Home/a_Login' is clicked on

2020-06-03 18:20:26 - [MESSAGE][PASSED] - Object: 'Object Repository/Front End Objects/ChangePasswordObject/Page_Chiragh - Home/a_Login' is clicked on

2020-06-03 18:20:26 - [TEST_STEP][PASSED] - setText(findTestObject("Object Repository/Front End Objects/ChangePasswordObject/Page_Chiragh - Login/input_Username_un"), userName): Text 'AUTOCHIRAGH' is set on object 'Object Repository/Front End Objects/ChangePasswordObject/Page_Chiragh - Login/input_Username_un'

2020-06-03 18:20:27 - [MESSAGE][PASSED] - Text 'AUTOCHIRAGH' is set on object 'Object Repository/Front End Objects/ChangePasswordObject/Page_Chiragh - Login/input_Username_un'

2020-06-03 18:20:27 - [TEST_STEP][PASSED] - setText(findTestObject("Object Repository/Front End Objects/ChangePasswordObject/Page_Chiragh - Login/input_Password_userPassword"), passWord): Text '1234567890' is set on object 'Object Repository/Front End Objects/ChangePasswordObject/Page_Chiragh - Login/input_Password_userPassword'

2020-06-03 18:20:28 - [MESSAGE][PASSED] - Text '1234567890' is set on object 'Object Repository/Front End Objects/ChangePasswordObject/Page_Chiragh - Login/input_Password_userPassword'

2020-06-03 18:20:28 - [TEST_STEP][PASSED] - delay(2): Delayed 2 second(s)

2020-06-03 18:20:30 - [MESSAGE][PASSED] - Delayed 2 second(s)

2020-06-03 18:20:30 - [TEST_STEP][PASSED] - click(findTestObject("Object Repository/Front End Objects/ChangePasswordObject/Page_Chiragh - Login/button_Log In")): Object: 'Object Repository/Front End Objects/ChangePasswordObject/Page_Chiragh - Login/button_Log In' is clicked on

2020-06-03 18:20:31 - [MESSAGE][PASSED] - Object: 'Object Repository/Front End Objects/ChangePasswordObject/Page_Chiragh - Login/button_Log In' is clicked on

2020-06-03 18:20:31 - [TEST_STEP][PASSED] - waitForPageLoad(10): Wait for page load successfully

2020-06-03 18:20:31 - [MESSAGE][PASSED] - Wait for page load successfully

2020-06-03 18:20:31 - [TEST_STEP][PASSED] - click(findTestObject("Object Repository/Front End Objects/ChangePasswordObject/Page_Chiragh - Home/a_ENG_dropdownMenuLink")): Object: 'Object Repository/Front End Objects/ChangePasswordObject/Page_Chiragh - Home/a_ENG_dropdownMenuLink' is clicked on

2020-06-03 18:20:34 - [MESSAGE][PASSED] - Object: 'Object Repository/Front End Objects/ChangePasswordObject/Page_Chiragh - Home/a_ENG_dropdownMenuLink' is clicked on

2020-06-03 18:20:34 - [TEST_STEP][PASSED] - click(findTestObject("Object Repository/Front End Objects/ChangePasswordObject/Page_Chiragh - Home/a_HI AutoChiragh")): Object: 'Object Repository/Front End Objects/ChangePasswordObject/Page_Chiragh - Home/a_HI AutoChiragh' is clicked on

2020-06-03 18:20:35 - [MESSAGE][PASSED] - Object: 'Object Repository/Front End Objects/ChangePasswordObject/Page_Chiragh - Home/a_HI AutoChiragh' is clicked on

2020-06-03 18:20:35 - [TEST_STEP][PASSED] - delay(2): Delayed 2 second(s)

2020-06-03 18:20:37 - [MESSAGE][PASSED] - Delayed 2 second(s)

2020-06-03 18:20:37 - [TEST_STEP][PASSED] - click(findTestObject("Object Repository/Front End Objects/ExitsProfile/Page_Chiragh - Dashborad Home/h2_Hi Auto Chiragh")): Object: 'Object Repository/Front End Objects/ExitsProfile/Page_Chiragh - Dashborad Home/h2_Hi Auto Chiragh' is clicked on

2020-06-03 18:20:37 - [MESSAGE][PASSED] - Object: 'Object Repository/Front End Objects/ExitsProfile/Page_Chiragh - Dashborad Home/h2_Hi Auto Chiragh' is clicked on

2020-06-03 18:20:37 - [TEST_STEP][PASSED] - click(findTestObject("Object Repository/Front End Objects/ExitsProfile/Page_Chiragh - Dashborad Home/a")): Object: 'Object Repository/Front End Objects/ExitsProfile/Page_Chiragh - Dashborad Home/a' is clicked on

2020-06-03 18:20:38 - [MESSAGE][PASSED] - Object: 'Object Repository/Front End Objects/ExitsProfile/Page_Chiragh - Dashborad Home/a' is clicked on

2020-06-03 18:20:38 - [TEST_STEP][PASSED] - delay(2): Delayed 2 second(s)

2020-06-03 18:20:40 - [MESSAGE][PASSED] - Delayed 2 second(s)

2020-06-03 18:20:40 - [TEST_STEP][PASSED] - click(findTestObject("Object Repository/Front End Objects/ExitsProfile/Page_Chiragh - Dashborad Home/a_ Exit profile")): Object: 'Object Repository/Front End Objects/ExitsProfile/Page_Chiragh - Dashborad Home/a_ Exit profile' is clicked on

2020-06-03 18:20:41 - [MESSAGE][PASSED] - Object: 'Object Repository/Front End Objects/ExitsProfile/Page_Chiragh - Dashborad Home/a_ Exit profile' is clicked on

2020-06-03 18:20:41 - [TEST_STEP][PASSED] - click(findTestObject("Object Repository/Front End Objects/ExitsProfile/Page_Chiragh - Home/h1_Dubais Leading Online Real Estate Auction")): Object: 'Object Repository/Front End Objects/ExitsProfile/Page_Chiragh - Home/h1_Dubais Leading Online Real Estate Auction' is clicked on

2020-06-03 18:20:42 - [MESSAGE][PASSED] - Object: 'Object Repository/Front End Objects/ExitsProfile/Page_Chiragh - Home/h1_Dubais Leading Online Real Estate Auction' is clicked on

2020-06-03 18:20:42 - [TEST_STEP][PASSED] - click(findTestObject("Object Repository/Front End Objects/ExitsProfile/Page_Chiragh - Home/a_ENG_dropdownMenuLink")): Object: 'Object Repository/Front End Objects/ExitsProfile/Page_Chiragh - Home/a_ENG_dropdownMenuLink' is clicked on

2020-06-03 18:20:43 - [MESSAGE][PASSED] - Object: 'Object Repository/Front End Objects/ExitsProfile/Page_Chiragh - Home/a_ENG_dropdownMenuLink' is clicked on

2020-06-03 18:20:43 - [TEST_STEP][PASSED] - click(findTestObject("Object Repository/Front End Objects/ExitsProfile/Page_Chiragh - Home/a_Logout")): Object: 'Object Repository/Front End Objects/ExitsProfile/Page_Chiragh - Home/a_Logout' is clicked on

2020-06-03 18:20:44 - [MESSAGE][PASSED] - Object: 'Object Repository/Front End Objects/ExitsProfile/Page_Chiragh - Home/a_Logout' is clicked on

2020-06-03 18:20:44 - [TEST_STEP][PASSED] - delay(2): Delayed 2 second(s)

2020-06-03 18:20:46 - [MESSAGE][PASSED] - Delayed 2 second(s)

2020-06-03 18:20:46 - [TEST_STEP][PASSED] - closeBrowser(): Browser is closed

2020-06-03 18:20:48 - [MESSAGE][PASSED] - Browser is closed

2020-06-03 18:20:50 - [TEST_STEP][PASSED] - Video: Video recording for test case 'Test Cases/Front End/TC_Exits_Profile' .

2020-06-03 18:20:50 - [MESSAGE][INFO] - Video recording for test case 'Test Cases/Front End/TC_Exits_Profile' .
[[ATTACHMENT|C:\\Users\\Ihsan\\git\\chiraghAdminPanel\\Reports\\20200603_175719\\SanityTests\\SanityTest\\20200603_175719/videos\\test_12.mov]]]]></system-out>
         <system-err><![CDATA[]]></system-err>
      </testcase>
      <testcase name="Test Cases/Front End/TC_Logout" time="38.913" classname="Test Cases/Front End/TC_Logout" status="PASSED">
         <system-out><![CDATA[2020-06-03 18:20:50 - [TEST_CASE][PASSED] - Test Cases/Front End/TC_Logout: Test Cases/Front End/TC_Logout

2020-06-03 18:20:51 - [TEST_STEP][PASSED] - openBrowser(""): Browser is opened with url: ''

2020-06-03 18:20:51 - [MESSAGE][INFO] - Starting 'Firefox' driver

2020-06-03 18:20:51 - [MESSAGE][INFO] - Action delay is set to 0 milliseconds

2020-06-03 18:20:57 - [MESSAGE][PASSED] - Browser is opened with url: ''

2020-06-03 18:20:57 - [TEST_STEP][PASSED] - navigateToUrl(Url): Navigate to 'http://test.chiragh.com' successfully

2020-06-03 18:21:10 - [MESSAGE][PASSED] - Navigate to 'http://test.chiragh.com' successfully

2020-06-03 18:21:10 - [TEST_STEP][PASSED] - waitForPageLoad(10): Wait for page load successfully

2020-06-03 18:21:10 - [MESSAGE][PASSED] - Wait for page load successfully

2020-06-03 18:21:10 - [TEST_STEP][PASSED] - maximizeWindow(): Current window maximized

2020-06-03 18:21:10 - [MESSAGE][PASSED] - Current window maximized

2020-06-03 18:21:10 - [TEST_STEP][PASSED] - delay(3): Delayed 3 second(s)

2020-06-03 18:21:13 - [MESSAGE][PASSED] - Delayed 3 second(s)

2020-06-03 18:21:13 - [TEST_STEP][PASSED] - click(findTestObject("Object Repository/Front End Objects/Logout/Page_Chiragh - Home/a_ENG_dropdownMenuLink")): Object: 'Object Repository/Front End Objects/Logout/Page_Chiragh - Home/a_ENG_dropdownMenuLink' is clicked on

2020-06-03 18:21:14 - [MESSAGE][PASSED] - Object: 'Object Repository/Front End Objects/Logout/Page_Chiragh - Home/a_ENG_dropdownMenuLink' is clicked on

2020-06-03 18:21:14 - [TEST_STEP][PASSED] - click(findTestObject("Object Repository/Front End Objects/Logout/Page_Chiragh - Home/a_Login")): Object: 'Object Repository/Front End Objects/Logout/Page_Chiragh - Home/a_Login' is clicked on

2020-06-03 18:21:15 - [MESSAGE][PASSED] - Object: 'Object Repository/Front End Objects/Logout/Page_Chiragh - Home/a_Login' is clicked on

2020-06-03 18:21:15 - [TEST_STEP][PASSED] - delay(2): Delayed 2 second(s)

2020-06-03 18:21:17 - [MESSAGE][PASSED] - Delayed 2 second(s)

2020-06-03 18:21:17 - [TEST_STEP][PASSED] - setText(findTestObject("Object Repository/Front End Objects/Logout/Page_Chiragh - Login/input_Username_un"), userName): Text 'AUTOCHIRAGH' is set on object 'Object Repository/Front End Objects/Logout/Page_Chiragh - Login/input_Username_un'

2020-06-03 18:21:17 - [MESSAGE][PASSED] - Text 'AUTOCHIRAGH' is set on object 'Object Repository/Front End Objects/Logout/Page_Chiragh - Login/input_Username_un'

2020-06-03 18:21:17 - [TEST_STEP][PASSED] - setEncryptedText(findTestObject("Object Repository/Front End Objects/Logout/Page_Chiragh - Login/input_Password_userPassword"), "RigbBhfdqOBDK95asqKeHw=="): Text ****** has been set on object 'Object Repository/Front End Objects/Logout/Page_Chiragh - Login/input_Password_userPassword'

2020-06-03 18:21:18 - [MESSAGE][PASSED] - Text ****** has been set on object 'Object Repository/Front End Objects/Logout/Page_Chiragh - Login/input_Password_userPassword'

2020-06-03 18:21:18 - [TEST_STEP][PASSED] - click(findTestObject("Object Repository/Front End Objects/Logout/Page_Chiragh - Login/button_Log In")): Object: 'Object Repository/Front End Objects/Logout/Page_Chiragh - Login/button_Log In' is clicked on

2020-06-03 18:21:19 - [MESSAGE][PASSED] - Object: 'Object Repository/Front End Objects/Logout/Page_Chiragh - Login/button_Log In' is clicked on

2020-06-03 18:21:19 - [TEST_STEP][PASSED] - delay(2): Delayed 2 second(s)

2020-06-03 18:21:21 - [MESSAGE][PASSED] - Delayed 2 second(s)

2020-06-03 18:21:21 - [TEST_STEP][PASSED] - click(findTestObject("Object Repository/Front End Objects/Logout/Page_Chiragh - Home/a_ENG_dropdownMenuLink")): Object: 'Object Repository/Front End Objects/Logout/Page_Chiragh - Home/a_ENG_dropdownMenuLink' is clicked on

2020-06-03 18:21:22 - [MESSAGE][PASSED] - Object: 'Object Repository/Front End Objects/Logout/Page_Chiragh - Home/a_ENG_dropdownMenuLink' is clicked on

2020-06-03 18:21:22 - [TEST_STEP][PASSED] - click(findTestObject("Object Repository/Front End Objects/Logout/Page_Chiragh - Home/a_Logout")): Object: 'Object Repository/Front End Objects/Logout/Page_Chiragh - Home/a_Logout' is clicked on

2020-06-03 18:21:23 - [MESSAGE][PASSED] - Object: 'Object Repository/Front End Objects/Logout/Page_Chiragh - Home/a_Logout' is clicked on

2020-06-03 18:21:23 - [TEST_STEP][PASSED] - delay(2): Delayed 2 second(s)

2020-06-03 18:21:25 - [MESSAGE][PASSED] - Delayed 2 second(s)

2020-06-03 18:21:25 - [TEST_STEP][PASSED] - click(findTestObject("Object Repository/Front End Objects/Logout/Page_Chiragh - Login/h1_Log In")): Object: 'Object Repository/Front End Objects/Logout/Page_Chiragh - Login/h1_Log In' is clicked on

2020-06-03 18:21:25 - [MESSAGE][PASSED] - Object: 'Object Repository/Front End Objects/Logout/Page_Chiragh - Login/h1_Log In' is clicked on

2020-06-03 18:21:25 - [TEST_STEP][PASSED] - closeBrowser(): Browser is closed

2020-06-03 18:21:27 - [MESSAGE][PASSED] - Browser is closed

2020-06-03 18:21:29 - [TEST_STEP][PASSED] - Video: Video recording for test case 'Test Cases/Front End/TC_Logout' .

2020-06-03 18:21:29 - [MESSAGE][INFO] - Video recording for test case 'Test Cases/Front End/TC_Logout' .
[[ATTACHMENT|C:\\Users\\Ihsan\\git\\chiraghAdminPanel\\Reports\\20200603_175719\\SanityTests\\SanityTest\\20200603_175719/videos\\test_13.mov]]]]></system-out>
         <system-err><![CDATA[]]></system-err>
      </testcase>
      <system-out><![CDATA[2020-06-03 17:57:28 - [TEST_SUITE][FAILED] - SanityTest: Test Cases/Sanity Tests/Buy_OpenHousePopup_6 FAILED.
Reason:
com.kms.katalon.core.exception.StepFailedException: Unable to click on object 'Object Repository/Sanity Test/PropertyBiddingOpenHouse/timeConverstion/Page_Chiragh - Property Detail/a_Mon'
	at com.kms.katalon.core.webui.keyword.internal.WebUIKeywordMain.stepFailed(WebUIKeywordMain.groovy:64)
	at com.kms.katalon.core.webui.keyword.internal.WebUIKeywordMain.runKeyword(WebUIKeywordMain.groovy:26)
	at com.kms.katalon.core.webui.keyword.builtin.ClickKeyword.click(ClickKeyword.groovy:76)
	at com.kms.katalon.core.webui.keyword.builtin.ClickKeyword.execute(ClickKeyword.groovy:43)
	at com.kms.katalon.core.keyword.internal.KeywordExecutor.executeKeywordForPlatform(KeywordExecutor.groovy:72)
	at com.kms.katalon.core.webui.keyword.WebUiBuiltInKeywords.click(WebUiBuiltInKeywords.groovy:616)
	at com.kms.katalon.core.webui.keyword.WebUiBuiltInKeywords$click$3.call(Unknown Source)
	at Buy_OpenHousePopup_6.run(Buy_OpenHousePopup_6:55)
	at com.kms.katalon.core.main.ScriptEngine.run(ScriptEngine.java:194)
	at com.kms.katalon.core.main.ScriptEngine.runScriptAsRawText(ScriptEngine.java:119)
	at com.kms.katalon.core.main.TestCaseExecutor.runScript(TestCaseExecutor.java:337)
	at com.kms.katalon.core.main.TestCaseExecutor.doExecute(TestCaseExecutor.java:328)
	at com.kms.katalon.core.main.TestCaseExecutor.processExecutionPhase(TestCaseExecutor.java:307)
	at com.kms.katalon.core.main.TestCaseExecutor.accessMainPhase(TestCaseExecutor.java:299)
	at com.kms.katalon.core.main.TestCaseExecutor.execute(TestCaseExecutor.java:233)
	at com.kms.katalon.core.main.TestSuiteExecutor.accessTestCaseMainPhase(TestSuiteExecutor.java:169)
	at com.kms.katalon.core.main.TestSuiteExecutor.accessTestSuiteMainPhase(TestSuiteExecutor.java:142)
	at com.kms.katalon.core.main.TestSuiteExecutor.execute(TestSuiteExecutor.java:91)
	at com.kms.katalon.core.main.TestCaseMain.startTestSuite(TestCaseMain.java:157)
	at com.kms.katalon.core.main.TestCaseMain$startTestSuite$0.call(Unknown Source)
	at TempTestSuite1591189039380.run(TempTestSuite1591189039380.groovy:36)
Caused by: org.openqa.selenium.ElementNotInteractableException: Element <a class="cp"> could not be scrolled into view
Build info: version: '3.141.59', revision: 'e82be7d358', time: '2018-11-14T08:25:53'
System info: host: 'DESKTOP-NBQ6B5B', ip: '192.168.100.112', os.name: 'Windows 10', os.arch: 'amd64', os.version: '10.0', java.version: '1.8.0_181'
Driver info: com.kms.katalon.core.webui.driver.firefox.CGeckoDriver
Capabilities {acceptInsecureCerts: true, browserName: firefox, browserVersion: 76.0.1, javascriptEnabled: true, moz:accessibilityChecks: false, moz:buildID: 20200507114007, moz:geckodriverVersion: 0.23.0, moz:headless: false, moz:processID: 10052, moz:profile: C:\Users\Ihsan\AppData\Loca..., moz:shutdownTimeout: 60000, moz:useNonSpecCompliantPointerOrigin: false, moz:webdriverClick: true, pageLoadStrategy: normal, platform: WINDOWS, platformName: WINDOWS, platformVersion: 10.0, proxy: Proxy(direct), rotatable: false, setWindowRect: true, strictFileInteractability: false, timeouts: {implicit: 0, pageLoad: 300000, script: 30000}, unhandledPromptBehavior: dismiss and notify}
Session ID: 1220a2ad-b6da-4608-bc10-17e2a9bff7b0
	at org.openqa.selenium.remote.http.W3CHttpResponseCodec.createException(W3CHttpResponseCodec.java:187)
	at org.openqa.selenium.remote.http.W3CHttpResponseCodec.decode(W3CHttpResponseCodec.java:122)
	at org.openqa.selenium.remote.http.W3CHttpResponseCodec.decode(W3CHttpResponseCodec.java:49)
	at org.openqa.selenium.remote.HttpCommandExecutor.execute(HttpCommandExecutor.java:158)
	at org.openqa.selenium.remote.service.DriverCommandExecutor.execute(DriverCommandExecutor.java:83)
	at org.openqa.selenium.remote.RemoteWebDriver.execute(RemoteWebDriver.java:552)
	at com.kms.katalon.selenium.driver.CFirefoxDriver.execute(CFirefoxDriver.java:27)
	at org.openqa.selenium.remote.RemoteWebElement.execute(RemoteWebElement.java:285)
	at org.openqa.selenium.remote.RemoteWebElement.click(RemoteWebElement.java:84)
	at org.openqa.selenium.support.events.EventFiringWebDriver$EventFiringWebElement.lambda$new$0(EventFiringWebDriver.java:404)
	at com.sun.proxy.$Proxy9.click(Unknown Source)
	at org.openqa.selenium.support.events.EventFiringWebDriver$EventFiringWebElement.click(EventFiringWebDriver.java:417)
	at com.kms.katalon.core.webui.keyword.builtin.ClickKeyword$_click_closure1.doCall(ClickKeyword.groovy:69)
	at com.kms.katalon.core.webui.keyword.builtin.ClickKeyword$_click_closure1.call(ClickKeyword.groovy)
	at com.kms.katalon.core.webui.keyword.internal.WebUIKeywordMain.runKeyword(WebUIKeywordMain.groovy:20)
	... 19 more]]></system-out>
      <system-err><![CDATA[2020-06-03 17:57:28 - [TEST_SUITE][FAILED] - SanityTest: Test Cases/Sanity Tests/Buy_OpenHousePopup_6 FAILED.
Reason:
com.kms.katalon.core.exception.StepFailedException: Unable to click on object 'Object Repository/Sanity Test/PropertyBiddingOpenHouse/timeConverstion/Page_Chiragh - Property Detail/a_Mon'
	at com.kms.katalon.core.webui.keyword.internal.WebUIKeywordMain.stepFailed(WebUIKeywordMain.groovy:64)
	at com.kms.katalon.core.webui.keyword.internal.WebUIKeywordMain.runKeyword(WebUIKeywordMain.groovy:26)
	at com.kms.katalon.core.webui.keyword.builtin.ClickKeyword.click(ClickKeyword.groovy:76)
	at com.kms.katalon.core.webui.keyword.builtin.ClickKeyword.execute(ClickKeyword.groovy:43)
	at com.kms.katalon.core.keyword.internal.KeywordExecutor.executeKeywordForPlatform(KeywordExecutor.groovy:72)
	at com.kms.katalon.core.webui.keyword.WebUiBuiltInKeywords.click(WebUiBuiltInKeywords.groovy:616)
	at com.kms.katalon.core.webui.keyword.WebUiBuiltInKeywords$click$3.call(Unknown Source)
	at Buy_OpenHousePopup_6.run(Buy_OpenHousePopup_6:55)
	at com.kms.katalon.core.main.ScriptEngine.run(ScriptEngine.java:194)
	at com.kms.katalon.core.main.ScriptEngine.runScriptAsRawText(ScriptEngine.java:119)
	at com.kms.katalon.core.main.TestCaseExecutor.runScript(TestCaseExecutor.java:337)
	at com.kms.katalon.core.main.TestCaseExecutor.doExecute(TestCaseExecutor.java:328)
	at com.kms.katalon.core.main.TestCaseExecutor.processExecutionPhase(TestCaseExecutor.java:307)
	at com.kms.katalon.core.main.TestCaseExecutor.accessMainPhase(TestCaseExecutor.java:299)
	at com.kms.katalon.core.main.TestCaseExecutor.execute(TestCaseExecutor.java:233)
	at com.kms.katalon.core.main.TestSuiteExecutor.accessTestCaseMainPhase(TestSuiteExecutor.java:169)
	at com.kms.katalon.core.main.TestSuiteExecutor.accessTestSuiteMainPhase(TestSuiteExecutor.java:142)
	at com.kms.katalon.core.main.TestSuiteExecutor.execute(TestSuiteExecutor.java:91)
	at com.kms.katalon.core.main.TestCaseMain.startTestSuite(TestCaseMain.java:157)
	at com.kms.katalon.core.main.TestCaseMain$startTestSuite$0.call(Unknown Source)
	at TempTestSuite1591189039380.run(TempTestSuite1591189039380.groovy:36)
Caused by: org.openqa.selenium.ElementNotInteractableException: Element <a class="cp"> could not be scrolled into view
Build info: version: '3.141.59', revision: 'e82be7d358', time: '2018-11-14T08:25:53'
System info: host: 'DESKTOP-NBQ6B5B', ip: '192.168.100.112', os.name: 'Windows 10', os.arch: 'amd64', os.version: '10.0', java.version: '1.8.0_181'
Driver info: com.kms.katalon.core.webui.driver.firefox.CGeckoDriver
Capabilities {acceptInsecureCerts: true, browserName: firefox, browserVersion: 76.0.1, javascriptEnabled: true, moz:accessibilityChecks: false, moz:buildID: 20200507114007, moz:geckodriverVersion: 0.23.0, moz:headless: false, moz:processID: 10052, moz:profile: C:\Users\Ihsan\AppData\Loca..., moz:shutdownTimeout: 60000, moz:useNonSpecCompliantPointerOrigin: false, moz:webdriverClick: true, pageLoadStrategy: normal, platform: WINDOWS, platformName: WINDOWS, platformVersion: 10.0, proxy: Proxy(direct), rotatable: false, setWindowRect: true, strictFileInteractability: false, timeouts: {implicit: 0, pageLoad: 300000, script: 30000}, unhandledPromptBehavior: dismiss and notify}
Session ID: 1220a2ad-b6da-4608-bc10-17e2a9bff7b0
	at org.openqa.selenium.remote.http.W3CHttpResponseCodec.createException(W3CHttpResponseCodec.java:187)
	at org.openqa.selenium.remote.http.W3CHttpResponseCodec.decode(W3CHttpResponseCodec.java:122)
	at org.openqa.selenium.remote.http.W3CHttpResponseCodec.decode(W3CHttpResponseCodec.java:49)
	at org.openqa.selenium.remote.HttpCommandExecutor.execute(HttpCommandExecutor.java:158)
	at org.openqa.selenium.remote.service.DriverCommandExecutor.execute(DriverCommandExecutor.java:83)
	at org.openqa.selenium.remote.RemoteWebDriver.execute(RemoteWebDriver.java:552)
	at com.kms.katalon.selenium.driver.CFirefoxDriver.execute(CFirefoxDriver.java:27)
	at org.openqa.selenium.remote.RemoteWebElement.execute(RemoteWebElement.java:285)
	at org.openqa.selenium.remote.RemoteWebElement.click(RemoteWebElement.java:84)
	at org.openqa.selenium.support.events.EventFiringWebDriver$EventFiringWebElement.lambda$new$0(EventFiringWebDriver.java:404)
	at com.sun.proxy.$Proxy9.click(Unknown Source)
	at org.openqa.selenium.support.events.EventFiringWebDriver$EventFiringWebElement.click(EventFiringWebDriver.java:417)
	at com.kms.katalon.core.webui.keyword.builtin.ClickKeyword$_click_closure1.doCall(ClickKeyword.groovy:69)
	at com.kms.katalon.core.webui.keyword.builtin.ClickKeyword$_click_closure1.call(ClickKeyword.groovy)
	at com.kms.katalon.core.webui.keyword.internal.WebUIKeywordMain.runKeyword(WebUIKeywordMain.groovy:20)
	... 19 more]]></system-err>
   </testsuite>
</testsuites>
