<?xml version="1.0" encoding="UTF-8"?>
<testsuites name="AdminTests" time="2153" tests="15" failures="8" errors="0">
   <testsuite name="AdminTests" tests="15" failures="8" errors="0" time="2153" timestamp="2019-04-16 12:34:11" hostname="HP - DESKTOP-2D7LI1O" id="Test Suites/AdminTests">
      <properties>
         <property name="deviceName" value=""/>
         <property name="devicePlatform" value=""/>
         <property name="logFolder" value="C:\\Users\\HP\\git\\chiraghAdminPanel\\Reports\\AdminTests\\20190416_123408"/>
         <property name="logFiles" value="C:\\Users\\HP\\git\\chiraghAdminPanel\\Reports\\AdminTests\\20190416_123408\\execution0.log"/>
         <property name="attachments" value="C:\\Users\\HP\\git\\chiraghAdminPanel\\Reports\\AdminTests\\20190416_123408\\1555401470162.png, C:\\Users\\HP\\git\\chiraghAdminPanel\\Reports\\AdminTests\\20190416_123408\\1555401470575.png, C:\\Users\\HP\\git\\chiraghAdminPanel\\Reports\\AdminTests\\20190416_123408\\1555401553173.png, C:\\Users\\HP\\git\\chiraghAdminPanel\\Reports\\AdminTests\\20190416_123408\\1555401600580.png, C:\\Users\\HP\\git\\chiraghAdminPanel\\Reports\\AdminTests\\20190416_123408\\1555401600938.png, C:\\Users\\HP\\git\\chiraghAdminPanel\\Reports\\AdminTests\\20190416_123408\\1555401847829.png, C:\\Users\\HP\\git\\chiraghAdminPanel\\Reports\\AdminTests\\20190416_123408\\1555401848290.png, C:\\Users\\HP\\git\\chiraghAdminPanel\\Reports\\AdminTests\\20190416_123408\\1555401995834.png, C:\\Users\\HP\\git\\chiraghAdminPanel\\Reports\\AdminTests\\20190416_123408\\1555401996273.png, C:\\Users\\HP\\git\\chiraghAdminPanel\\Reports\\AdminTests\\20190416_123408\\1555402160649.png, C:\\Users\\HP\\git\\chiraghAdminPanel\\Reports\\AdminTests\\20190416_123408\\1555402161091.png"/>
         <property name="hostName" value="HP - DESKTOP-2D7LI1O"/>
         <property name="os" value="Windows 10 64bit"/>
         <property name="katalonVersion" value="5.10.1.1"/>
         <property name="browser" value="Chrome 73.0.3683.103"/>
         <property name="hostAddress" value="192.168.100.4"/>
         <property name="sessionId" value="a0e3736c9cdbbb7782a829215df30a4d"/>
         <property name="seleniumVersion" value="3.7.1"/>
         <property name="proxyInformation" value="ProxyInformation{proxyOption=NO_PROXY, proxyServerType=HTTP, password=, proxyServerAddress=, proxyServerPort=0}"/>
         <property name="platform" value="Windows 10"/>
      </properties>
      <testcase name="Test Cases/property(owner)" classname="Test Cases/property(owner)" status="PASSED">
         <system-out><![CDATA[2019-04-16 12:34:12 - [TEST_CASE][PASSED] - Test Cases/property(owner): Test Cases/property(owner)

2019-04-16 12:34:13 - [TEST_STEP][PASSED] - faker = new com.github.javafaker.Faker(): null

2019-04-16 12:34:13 - [TEST_STEP][PASSED] - ownerfirst = name().firstName(): null

2019-04-16 12:34:13 - [TEST_STEP][PASSED] - ownermiddle = name().firstName(): null

2019-04-16 12:34:13 - [TEST_STEP][PASSED] - ownerlast = name().firstName(): null

2019-04-16 12:34:13 - [TEST_STEP][PASSED] - ownerphcode = address().countryCode(): null

2019-04-16 12:34:13 - [TEST_STEP][PASSED] - ownermobcode = address().countryCode(): null

2019-04-16 12:34:13 - [TEST_STEP][PASSED] - owneraddress = address().streetAddress(): null

2019-04-16 12:34:13 - [TEST_STEP][PASSED] - poafirst = name().firstName(): null

2019-04-16 12:34:13 - [TEST_STEP][PASSED] - poamiddle = name().firstName(): null

2019-04-16 12:34:13 - [TEST_STEP][PASSED] - poalast = name().firstName(): null

2019-04-16 12:34:13 - [TEST_STEP][PASSED] - poaphncode = address().countryCode(): null

2019-04-16 12:34:13 - [TEST_STEP][PASSED] - poamobcode = address().countryCode(): null

2019-04-16 12:34:13 - [TEST_STEP][PASSED] - poaaddress = address().streetAddress(): null

2019-04-16 12:34:13 - [TEST_STEP][PASSED] - projectname = address().streetName(): null

2019-04-16 12:34:13 - [TEST_STEP][PASSED] - propertyaddress = address().streetAddress(): null

2019-04-16 12:34:13 - [TEST_STEP][PASSED] - openBrowser(""): Browser is opened with url: ''

2019-04-16 12:34:14 - [MESSAGE][INFO] - Starting 'Chrome' driver

2019-04-16 12:34:14 - [MESSAGE][INFO] - Action delay is set to 0 seconds

2019-04-16 12:34:18 - [MESSAGE][PASSED] - Browser is opened with url: ''

2019-04-16 12:34:18 - [TEST_STEP][PASSED] - navigateToUrl(Url): Navigate to 'http://dev.chiragh.com/' successfully

2019-04-16 12:34:18 - [MESSAGE][WARNING] - Test object with id 'Object Repository/property by name/Page_Chiragh/h2_Project 51468 Penthouse wit' does not exist

2019-04-16 12:34:38 - [MESSAGE][PASSED] - Navigate to 'http://dev.chiragh.com/' successfully

2019-04-16 12:34:38 - [TEST_STEP][PASSED] - maximizeWindow(): Current window maximized

2019-04-16 12:34:39 - [MESSAGE][PASSED] - Current window maximized

2019-04-16 12:34:39 - [TEST_STEP][PASSED] - click(findTestObject("Object Repository/Property(owner)/individual owner/a_Sell")): Object: 'Object Repository/Property(owner)/individual owner/a_Sell' is clicked on

2019-04-16 12:34:39 - [MESSAGE][PASSED] - Object: 'Object Repository/Property(owner)/individual owner/a_Sell' is clicked on

2019-04-16 12:34:39 - [TEST_STEP][PASSED] - setText(findTestObject("Object Repository/Property(owner)/individual owner/input_Sign In_userName"), userName): Text 'newuser01' is set on object 'Object Repository/Property(owner)/individual owner/input_Sign In_userName'

2019-04-16 12:34:44 - [MESSAGE][PASSED] - Text 'newuser01' is set on object 'Object Repository/Property(owner)/individual owner/input_Sign In_userName'

2019-04-16 12:34:44 - [TEST_STEP][PASSED] - setText(findTestObject("Object Repository/Property(owner)/individual owner/input_Sign In_userPassword"), passWord): Text '1234567890' is set on object 'Object Repository/Property(owner)/individual owner/input_Sign In_userPassword'

2019-04-16 12:34:45 - [MESSAGE][PASSED] - Text '1234567890' is set on object 'Object Repository/Property(owner)/individual owner/input_Sign In_userPassword'

2019-04-16 12:34:45 - [TEST_STEP][PASSED] - click(findTestObject("Object Repository/Property(owner)/individual owner/button_Sign In")): Object: 'Object Repository/Property(owner)/individual owner/button_Sign In' is clicked on

2019-04-16 12:34:45 - [MESSAGE][PASSED] - Object: 'Object Repository/Property(owner)/individual owner/button_Sign In' is clicked on

2019-04-16 12:34:45 - [TEST_STEP][PASSED] - setText(findTestObject("Property(owner)/individual owner/owner/Page_Chiragh/input_First Name_userFirstName"), ownerfirst): Text 'Edyth' is set on object 'Object Repository/Property(owner)/individual owner/owner/Page_Chiragh/input_First Name_userFirstName'

2019-04-16 12:34:49 - [MESSAGE][PASSED] - Text 'Edyth' is set on object 'Object Repository/Property(owner)/individual owner/owner/Page_Chiragh/input_First Name_userFirstName'

2019-04-16 12:34:49 - [TEST_STEP][PASSED] - setText(findTestObject("Property(owner)/individual owner/owner/Page_Chiragh/input_Middle Name_userMiddleNa"), ownermiddle): Text 'Agnes' is set on object 'Object Repository/Property(owner)/individual owner/owner/Page_Chiragh/input_Middle Name_userMiddleNa'

2019-04-16 12:34:49 - [MESSAGE][PASSED] - Text 'Agnes' is set on object 'Object Repository/Property(owner)/individual owner/owner/Page_Chiragh/input_Middle Name_userMiddleNa'

2019-04-16 12:34:49 - [TEST_STEP][PASSED] - setText(findTestObject("Property(owner)/individual owner/owner/Page_Chiragh/input_Last Name_userLastName"), ownerlast): Text 'Lionel' is set on object 'Object Repository/Property(owner)/individual owner/owner/Page_Chiragh/input_Last Name_userLastName'

2019-04-16 12:34:50 - [MESSAGE][PASSED] - Text 'Lionel' is set on object 'Object Repository/Property(owner)/individual owner/owner/Page_Chiragh/input_Last Name_userLastName'

2019-04-16 12:34:50 - [TEST_STEP][PASSED] - click(findTestObject("Property(owner)/individual owner/owner/Page_Chiragh/span_Emirati")): Object: 'Object Repository/Property(owner)/individual owner/owner/Page_Chiragh/span_Emirati' is clicked on

2019-04-16 12:34:50 - [MESSAGE][PASSED] - Object: 'Object Repository/Property(owner)/individual owner/owner/Page_Chiragh/span_Emirati' is clicked on

2019-04-16 12:34:50 - [TEST_STEP][PASSED] - setText(findTestObject("Property(owner)/individual owner/owner/Page_Chiragh/input_Soon_select2-search__fie"), "Emirati"): Text 'Emirati' is set on object 'Object Repository/Property(owner)/individual owner/owner/Page_Chiragh/input_Soon_select2-search__fie'

2019-04-16 12:34:50 - [MESSAGE][PASSED] - Text 'Emirati' is set on object 'Object Repository/Property(owner)/individual owner/owner/Page_Chiragh/input_Soon_select2-search__fie'

2019-04-16 12:34:50 - [TEST_STEP][PASSED] - sendKeys(findTestObject("Property(owner)/individual owner/owner/Page_Chiragh/input_Soon_select2-search__fie"), Keys.chord(ENTER)): Keys 'ENTER + ' sent to object: 'Object Repository/Property(owner)/individual owner/owner/Page_Chiragh/input_Soon_select2-search__fie'

2019-04-16 12:34:50 - [MESSAGE][PASSED] - Keys 'ENTER + ' sent to object: 'Object Repository/Property(owner)/individual owner/owner/Page_Chiragh/input_Soon_select2-search__fie'

2019-04-16 12:34:50 - [TEST_STEP][PASSED] - ownerpassport = RandomStringUtils.randomNumeric(7): null

2019-04-16 12:34:50 - [TEST_STEP][PASSED] - setText(findTestObject("Property(owner)/individual owner/owner/Page_Chiragh/input_Passport Number_passport"), ownerpassport): Text '6089314' is set on object 'Object Repository/Property(owner)/individual owner/owner/Page_Chiragh/input_Passport Number_passport'

2019-04-16 12:34:51 - [MESSAGE][PASSED] - Text '6089314' is set on object 'Object Repository/Property(owner)/individual owner/owner/Page_Chiragh/input_Passport Number_passport'

2019-04-16 12:34:51 - [TEST_STEP][PASSED] - click(findTestObject("Property(owner)/individual owner/owner/Page_Chiragh/mat-form-field_Passport Expiry")): Object: 'Object Repository/Property(owner)/individual owner/owner/Page_Chiragh/mat-form-field_Passport Expiry' is clicked on

2019-04-16 12:34:51 - [MESSAGE][PASSED] - Object: 'Object Repository/Property(owner)/individual owner/owner/Page_Chiragh/mat-form-field_Passport Expiry' is clicked on

2019-04-16 12:34:51 - [TEST_STEP][PASSED] - click(findTestObject("Property(owner)/individual owner/owner/Page_Chiragh/button_Passport Expiry Date_ma")): Object: 'Object Repository/Property(owner)/individual owner/owner/Page_Chiragh/button_Passport Expiry Date_ma' is clicked on

2019-04-16 12:34:51 - [MESSAGE][PASSED] - Object: 'Object Repository/Property(owner)/individual owner/owner/Page_Chiragh/button_Passport Expiry Date_ma' is clicked on

2019-04-16 12:34:51 - [TEST_STEP][PASSED] - click(findTestObject("Property(owner)/individual owner/owner/Page_Chiragh/div_30")): Object: 'Object Repository/Property(owner)/individual owner/owner/Page_Chiragh/div_30' is clicked on

2019-04-16 12:34:51 - [MESSAGE][PASSED] - Object: 'Object Repository/Property(owner)/individual owner/owner/Page_Chiragh/div_30' is clicked on

2019-04-16 12:34:51 - [TEST_STEP][PASSED] - owneridcard = RandomStringUtils.randomNumeric(7): null

2019-04-16 12:34:51 - [TEST_STEP][PASSED] - setText(findTestObject("Property(owner)/individual owner/owner/Page_Chiragh/input_ID Card Number_idCardNo"), owneridcard): Text '1278678' is set on object 'Object Repository/Property(owner)/individual owner/owner/Page_Chiragh/input_ID Card Number_idCardNo'

2019-04-16 12:34:52 - [MESSAGE][PASSED] - Text '1278678' is set on object 'Object Repository/Property(owner)/individual owner/owner/Page_Chiragh/input_ID Card Number_idCardNo'

2019-04-16 12:34:52 - [TEST_STEP][PASSED] - click(findTestObject("Property(owner)/individual owner/owner/Page_Chiragh/div_ID Card Expiry Date_mat-fo")): Object: 'Object Repository/Property(owner)/individual owner/owner/Page_Chiragh/div_ID Card Expiry Date_mat-fo' is clicked on

2019-04-16 12:34:52 - [MESSAGE][PASSED] - Object: 'Object Repository/Property(owner)/individual owner/owner/Page_Chiragh/div_ID Card Expiry Date_mat-fo' is clicked on

2019-04-16 12:34:52 - [TEST_STEP][PASSED] - click(findTestObject("Property(owner)/individual owner/owner/Page_Chiragh/button_ID Card Expiry Date_mat")): Object: 'Object Repository/Property(owner)/individual owner/owner/Page_Chiragh/button_ID Card Expiry Date_mat' is clicked on

2019-04-16 12:34:52 - [MESSAGE][PASSED] - Object: 'Object Repository/Property(owner)/individual owner/owner/Page_Chiragh/button_ID Card Expiry Date_mat' is clicked on

2019-04-16 12:34:52 - [TEST_STEP][PASSED] - click(findTestObject("Property(owner)/individual owner/owner/Page_Chiragh/td_29")): Object: 'Object Repository/Property(owner)/individual owner/owner/Page_Chiragh/td_29' is clicked on

2019-04-16 12:34:52 - [MESSAGE][PASSED] - Object: 'Object Repository/Property(owner)/individual owner/owner/Page_Chiragh/td_29' is clicked on

2019-04-16 12:34:52 - [TEST_STEP][PASSED] - click(findTestObject("Object Repository/Property(owner)/individual owner/span_(228) Togo")): Object: 'Object Repository/Property(owner)/individual owner/span_(228) Togo' is clicked on

2019-04-16 12:34:52 - [MESSAGE][PASSED] - Object: 'Object Repository/Property(owner)/individual owner/span_(228) Togo' is clicked on

2019-04-16 12:34:52 - [TEST_STEP][PASSED] - setText(findTestObject("Object Repository/Property(owner)/individual owner/input_JAN 2021_select2-search_"), ownerphcode): Text 'MP' is set on object 'Object Repository/Property(owner)/individual owner/input_JAN 2021_select2-search_'

2019-04-16 12:34:53 - [MESSAGE][PASSED] - Text 'MP' is set on object 'Object Repository/Property(owner)/individual owner/input_JAN 2021_select2-search_'

2019-04-16 12:34:53 - [TEST_STEP][PASSED] - sendKeys(findTestObject("Object Repository/Property(owner)/individual owner/input_JAN 2021_select2-search_"), Keys.chord(ENTER)): Keys 'ENTER + ' sent to object: 'Object Repository/Property(owner)/individual owner/input_JAN 2021_select2-search_'

2019-04-16 12:34:53 - [MESSAGE][PASSED] - Keys 'ENTER + ' sent to object: 'Object Repository/Property(owner)/individual owner/input_JAN 2021_select2-search_'

2019-04-16 12:34:53 - [TEST_STEP][PASSED] - ownerphno = RandomStringUtils.randomNumeric(8): null

2019-04-16 12:34:53 - [TEST_STEP][PASSED] - setText(findTestObject("Object Repository/Property(owner)/individual owner/input_Phone Number_telephone"), ownerphno): Text '04631349' is set on object 'Object Repository/Property(owner)/individual owner/input_Phone Number_telephone'

2019-04-16 12:34:53 - [MESSAGE][PASSED] - Text '04631349' is set on object 'Object Repository/Property(owner)/individual owner/input_Phone Number_telephone'

2019-04-16 12:34:53 - [TEST_STEP][PASSED] - click(findTestObject("Object Repository/Property(owner)/individual owner/span_(971) United Arab Emirate")): Object: 'Object Repository/Property(owner)/individual owner/span_(971) United Arab Emirate' is clicked on

2019-04-16 12:34:53 - [MESSAGE][PASSED] - Object: 'Object Repository/Property(owner)/individual owner/span_(971) United Arab Emirate' is clicked on

2019-04-16 12:34:53 - [TEST_STEP][PASSED] - setText(findTestObject("Object Repository/Property(owner)/individual owner/input_JAN 2021_select2-search_"), ownermobcode): Text 'GB' is set on object 'Object Repository/Property(owner)/individual owner/input_JAN 2021_select2-search_'

2019-04-16 12:34:53 - [MESSAGE][PASSED] - Text 'GB' is set on object 'Object Repository/Property(owner)/individual owner/input_JAN 2021_select2-search_'

2019-04-16 12:34:53 - [TEST_STEP][PASSED] - sendKeys(findTestObject("Object Repository/Property(owner)/individual owner/input_JAN 2021_select2-search_"), Keys.chord(ENTER)): Keys 'ENTER + ' sent to object: 'Object Repository/Property(owner)/individual owner/input_JAN 2021_select2-search_'

2019-04-16 12:34:53 - [MESSAGE][PASSED] - Keys 'ENTER + ' sent to object: 'Object Repository/Property(owner)/individual owner/input_JAN 2021_select2-search_'

2019-04-16 12:34:53 - [TEST_STEP][PASSED] - ownermobno = RandomStringUtils.randomNumeric(8): null

2019-04-16 12:34:53 - [TEST_STEP][PASSED] - setText(findTestObject("Object Repository/Property(owner)/individual owner/input_Mobile Number_mobile"), ownermobno): Text '04656019' is set on object 'Object Repository/Property(owner)/individual owner/input_Mobile Number_mobile'

2019-04-16 12:34:54 - [MESSAGE][PASSED] - Text '04656019' is set on object 'Object Repository/Property(owner)/individual owner/input_Mobile Number_mobile'

2019-04-16 12:34:54 - [TEST_STEP][PASSED] - owneremail = RandomStringUtils.randomAlphanumeric(3): null

2019-04-16 12:34:54 - [TEST_STEP][PASSED] - setText(findTestObject("Object Repository/Property(owner)/individual owner/input_Email_email"), owneremail + "@gmail.com"): Text 'rb1@gmail.com' is set on object 'Object Repository/Property(owner)/individual owner/input_Email_email'

2019-04-16 12:34:54 - [MESSAGE][PASSED] - Text 'rb1@gmail.com' is set on object 'Object Repository/Property(owner)/individual owner/input_Email_email'

2019-04-16 12:34:54 - [TEST_STEP][PASSED] - setText(findTestObject("Object Repository/Property(owner)/individual owner/input_Address_userAddress"), owneraddress): Text '1650 Caden Mountain' is set on object 'Object Repository/Property(owner)/individual owner/input_Address_userAddress'

2019-04-16 12:34:55 - [MESSAGE][PASSED] - Text '1650 Caden Mountain' is set on object 'Object Repository/Property(owner)/individual owner/input_Address_userAddress'

2019-04-16 12:34:55 - [TEST_STEP][PASSED] - click(findTestObject("Object Repository/Property(owner)/individual owner/span_United Arab Emirates")): Object: 'Object Repository/Property(owner)/individual owner/span_United Arab Emirates' is clicked on

2019-04-16 12:34:55 - [MESSAGE][PASSED] - Object: 'Object Repository/Property(owner)/individual owner/span_United Arab Emirates' is clicked on

2019-04-16 12:34:55 - [TEST_STEP][PASSED] - setText(findTestObject("Object Repository/Property(owner)/individual owner/input_JAN 2021_select2-search_"), "Arab E"): Text 'Arab E' is set on object 'Object Repository/Property(owner)/individual owner/input_JAN 2021_select2-search_'

2019-04-16 12:34:55 - [MESSAGE][PASSED] - Text 'Arab E' is set on object 'Object Repository/Property(owner)/individual owner/input_JAN 2021_select2-search_'

2019-04-16 12:34:55 - [TEST_STEP][PASSED] - sendKeys(findTestObject("Object Repository/Property(owner)/individual owner/input_JAN 2021_select2-search_"), Keys.chord(ENTER)): Keys 'ENTER + ' sent to object: 'Object Repository/Property(owner)/individual owner/input_JAN 2021_select2-search_'

2019-04-16 12:34:55 - [MESSAGE][PASSED] - Keys 'ENTER + ' sent to object: 'Object Repository/Property(owner)/individual owner/input_JAN 2021_select2-search_'

2019-04-16 12:34:55 - [TEST_STEP][PASSED] - click(findTestObject("Object Repository/Property(owner)/individual owner/span_Sharjah")): Object: 'Object Repository/Property(owner)/individual owner/span_Sharjah' is clicked on

2019-04-16 12:34:55 - [MESSAGE][PASSED] - Object: 'Object Repository/Property(owner)/individual owner/span_Sharjah' is clicked on

2019-04-16 12:34:55 - [TEST_STEP][PASSED] - setText(findTestObject("Object Repository/Property(owner)/individual owner/input_JAN 2021_select2-search_"), "SH"): Text 'SH' is set on object 'Object Repository/Property(owner)/individual owner/input_JAN 2021_select2-search_'

2019-04-16 12:34:56 - [MESSAGE][PASSED] - Text 'SH' is set on object 'Object Repository/Property(owner)/individual owner/input_JAN 2021_select2-search_'

2019-04-16 12:34:56 - [TEST_STEP][PASSED] - sendKeys(findTestObject("Object Repository/Property(owner)/individual owner/input_JAN 2021_select2-search_"), Keys.chord(ENTER)): Keys 'ENTER + ' sent to object: 'Object Repository/Property(owner)/individual owner/input_JAN 2021_select2-search_'

2019-04-16 12:34:56 - [MESSAGE][PASSED] - Keys 'ENTER + ' sent to object: 'Object Repository/Property(owner)/individual owner/input_JAN 2021_select2-search_'

2019-04-16 12:34:56 - [TEST_STEP][PASSED] - ownerpobox = RandomStringUtils.randomNumeric(8): null

2019-04-16 12:34:56 - [TEST_STEP][PASSED] - setText(findTestObject("Object Repository/Property(owner)/individual owner/input_P.O.Box_pobox"), ownerpobox): Text '97873324' is set on object 'Object Repository/Property(owner)/individual owner/input_P.O.Box_pobox'

2019-04-16 12:34:56 - [MESSAGE][PASSED] - Text '97873324' is set on object 'Object Repository/Property(owner)/individual owner/input_P.O.Box_pobox'

2019-04-16 12:34:56 - [TEST_STEP][PASSED] - scrollToElement(findTestObject("Object Repository/Property(owner)/individual owner/div_jpg png pdf accepted with"), 3): Scroll to object 'Object Repository/Property(owner)/individual owner/div_jpg png pdf accepted with' successfully

2019-04-16 12:34:56 - [MESSAGE][PASSED] - Scroll to object 'Object Repository/Property(owner)/individual owner/div_jpg png pdf accepted with' successfully

2019-04-16 12:34:56 - [TEST_STEP][PASSED] - verifyElementPresent(findTestObject("Object Repository/Property(owner)/individual owner/div_jpg png pdf accepted with"), 5): Object 'Object Repository/Property(owner)/individual owner/div_jpg png pdf accepted with' is present

2019-04-16 12:34:56 - [MESSAGE][PASSED] - Object 'Object Repository/Property(owner)/individual owner/div_jpg png pdf accepted with' is present

2019-04-16 12:34:56 - [TEST_STEP][PASSED] - uploadFile(findTestObject("Object Repository/Property(owner)/individual owner/div_Upload_upload-doc-div"), "C:\Users\HP\Katalon Studio\register\Include\images\Scanned Passport Copy.png"): File 'C:\Users\HP\Katalon Studio\register\Include\images\Scanned Passport Copy.png' sent to object: 'Object Repository/Property(owner)/individual owner/div_Upload_upload-doc-div'

2019-04-16 12:34:56 - [MESSAGE][PASSED] - File 'C:\Users\HP\Katalon Studio\register\Include\images\Scanned Passport Copy.png' sent to object: 'Object Repository/Property(owner)/individual owner/div_Upload_upload-doc-div'

2019-04-16 12:34:56 - [TEST_STEP][PASSED] - delay(5): Delayed 5 second(s)

2019-04-16 12:35:01 - [MESSAGE][PASSED] - Delayed 5 second(s)

2019-04-16 12:35:01 - [TEST_STEP][PASSED] - click(findTestObject("Object Repository/Property(owner)/individual owner/button_Next")): Object: 'Object Repository/Property(owner)/individual owner/button_Next' is clicked on

2019-04-16 12:35:01 - [MESSAGE][PASSED] - Object: 'Object Repository/Property(owner)/individual owner/button_Next' is clicked on

2019-04-16 12:35:01 - [TEST_STEP][PASSED] - verifyElementPresent(findTestObject("Object Repository/Property(owner)/individual owner/snack-bar-container_Data  Save"), 5): Object 'Object Repository/Property(owner)/individual owner/snack-bar-container_Data  Save' is present

2019-04-16 12:35:04 - [MESSAGE][PASSED] - Object 'Object Repository/Property(owner)/individual owner/snack-bar-container_Data  Save' is present

2019-04-16 12:35:04 - [TEST_STEP][PASSED] - verifyElementPresent(findTestObject("Object Repository/Property(owner)/individual owner/span_Data  Saved Successfully"), 5): Object 'Object Repository/Property(owner)/individual owner/span_Data  Saved Successfully' is present

2019-04-16 12:35:04 - [MESSAGE][PASSED] - Object 'Object Repository/Property(owner)/individual owner/span_Data  Saved Successfully' is present

2019-04-16 12:35:04 - [TEST_STEP][PASSED] - verifyElementPresent(findTestObject("Object Repository/Property(owner)/poa/Page_Chiragh/form_POA Details POA StatusSel"), 5): Object 'Object Repository/Property(owner)/poa/Page_Chiragh/form_POA Details POA StatusSel' is present

2019-04-16 12:35:04 - [MESSAGE][PASSED] - Object 'Object Repository/Property(owner)/poa/Page_Chiragh/form_POA Details POA StatusSel' is present

2019-04-16 12:35:04 - [TEST_STEP][PASSED] - click(findTestObject("Object Repository/Property(owner)/poa/Page_Chiragh/button_Close")): Object: 'Object Repository/Property(owner)/poa/Page_Chiragh/button_Close' is clicked on

2019-04-16 12:35:04 - [MESSAGE][PASSED] - Object: 'Object Repository/Property(owner)/poa/Page_Chiragh/button_Close' is clicked on

2019-04-16 12:35:04 - [TEST_STEP][PASSED] - delay(3): Delayed 3 second(s)

2019-04-16 12:35:07 - [MESSAGE][PASSED] - Delayed 3 second(s)

2019-04-16 12:35:07 - [TEST_STEP][PASSED] - click(findTestObject("Object Repository/Property(owner)/poa/Page_Chiragh/mat-select_Select One")): Object: 'Object Repository/Property(owner)/poa/Page_Chiragh/mat-select_Select One' is clicked on

2019-04-16 12:35:07 - [MESSAGE][PASSED] - Object: 'Object Repository/Property(owner)/poa/Page_Chiragh/mat-select_Select One' is clicked on

2019-04-16 12:35:07 - [TEST_STEP][PASSED] - verifyElementPresent(findTestObject("Object Repository/Property(owner)/poa/Page_Chiragh/span_Yes"), 5): Object 'Object Repository/Property(owner)/poa/Page_Chiragh/span_Yes' is present

2019-04-16 12:35:07 - [MESSAGE][PASSED] - Object 'Object Repository/Property(owner)/poa/Page_Chiragh/span_Yes' is present

2019-04-16 12:35:07 - [TEST_STEP][PASSED] - click(findTestObject("Object Repository/Property(owner)/poa/Page_Chiragh/span_Yes")): Object: 'Object Repository/Property(owner)/poa/Page_Chiragh/span_Yes' is clicked on

2019-04-16 12:35:07 - [MESSAGE][PASSED] - Object: 'Object Repository/Property(owner)/poa/Page_Chiragh/span_Yes' is clicked on

2019-04-16 12:35:07 - [TEST_STEP][PASSED] - setText(findTestObject("Object Repository/Property(owner)/poa/Page_Chiragh/input_First Name_userFirstName"), poafirst): Text 'Perry' is set on object 'Object Repository/Property(owner)/poa/Page_Chiragh/input_First Name_userFirstName'

2019-04-16 12:35:08 - [MESSAGE][PASSED] - Text 'Perry' is set on object 'Object Repository/Property(owner)/poa/Page_Chiragh/input_First Name_userFirstName'

2019-04-16 12:35:08 - [TEST_STEP][PASSED] - setText(findTestObject("Object Repository/Property(owner)/poa/Page_Chiragh/input_Middle Name_userMiddleNa"), poamiddle): Text 'Virgie' is set on object 'Object Repository/Property(owner)/poa/Page_Chiragh/input_Middle Name_userMiddleNa'

2019-04-16 12:35:08 - [MESSAGE][PASSED] - Text 'Virgie' is set on object 'Object Repository/Property(owner)/poa/Page_Chiragh/input_Middle Name_userMiddleNa'

2019-04-16 12:35:08 - [TEST_STEP][PASSED] - setText(findTestObject("Object Repository/Property(owner)/poa/Page_Chiragh/input_Last Name_userLastName"), poalast): Text 'Ezekiel' is set on object 'Object Repository/Property(owner)/poa/Page_Chiragh/input_Last Name_userLastName'

2019-04-16 12:35:08 - [MESSAGE][PASSED] - Text 'Ezekiel' is set on object 'Object Repository/Property(owner)/poa/Page_Chiragh/input_Last Name_userLastName'

2019-04-16 12:35:08 - [TEST_STEP][PASSED] - delay(3): Delayed 3 second(s)

2019-04-16 12:35:11 - [MESSAGE][PASSED] - Delayed 3 second(s)

2019-04-16 12:35:11 - [TEST_STEP][PASSED] - click(findTestObject("Object Repository/Property(owner)/poa/nationality/Page_Chiragh/span_Select")): Object: 'Object Repository/Property(owner)/poa/nationality/Page_Chiragh/span_Select' is clicked on

2019-04-16 12:35:12 - [MESSAGE][PASSED] - Object: 'Object Repository/Property(owner)/poa/nationality/Page_Chiragh/span_Select' is clicked on

2019-04-16 12:35:12 - [TEST_STEP][PASSED] - setText(findTestObject("Object Repository/Property(owner)/poa/nationality/Page_Chiragh/input__select2-search__field"), "Pakistani"): Text 'Pakistani' is set on object 'Object Repository/Property(owner)/poa/nationality/Page_Chiragh/input__select2-search__field'

2019-04-16 12:35:12 - [MESSAGE][PASSED] - Text 'Pakistani' is set on object 'Object Repository/Property(owner)/poa/nationality/Page_Chiragh/input__select2-search__field'

2019-04-16 12:35:12 - [TEST_STEP][PASSED] - delay(3): Delayed 3 second(s)

2019-04-16 12:35:15 - [MESSAGE][PASSED] - Delayed 3 second(s)

2019-04-16 12:35:15 - [TEST_STEP][PASSED] - sendKeys(findTestObject("Object Repository/Property(owner)/poa/nationality/Page_Chiragh/input__select2-search__field"), Keys.chord(ENTER)): Keys 'ENTER + ' sent to object: 'Object Repository/Property(owner)/poa/nationality/Page_Chiragh/input__select2-search__field'

2019-04-16 12:35:15 - [MESSAGE][PASSED] - Keys 'ENTER + ' sent to object: 'Object Repository/Property(owner)/poa/nationality/Page_Chiragh/input__select2-search__field'

2019-04-16 12:35:15 - [TEST_STEP][PASSED] - poapassport = RandomStringUtils.randomNumeric(7): null

2019-04-16 12:35:15 - [TEST_STEP][PASSED] - setText(findTestObject("Object Repository/Property(owner)/poa/Page_Chiragh/input_Passport Number_passport"), poapassport): Text '8327210' is set on object 'Object Repository/Property(owner)/poa/Page_Chiragh/input_Passport Number_passport'

2019-04-16 12:35:15 - [MESSAGE][PASSED] - Text '8327210' is set on object 'Object Repository/Property(owner)/poa/Page_Chiragh/input_Passport Number_passport'

2019-04-16 12:35:15 - [TEST_STEP][PASSED] - click(findTestObject("Object Repository/Property(owner)/poa/Page_Chiragh/div_Passport Expiry Date_mat-f")): Object: 'Object Repository/Property(owner)/poa/Page_Chiragh/div_Passport Expiry Date_mat-f' is clicked on

2019-04-16 12:35:15 - [MESSAGE][PASSED] - Object: 'Object Repository/Property(owner)/poa/Page_Chiragh/div_Passport Expiry Date_mat-f' is clicked on

2019-04-16 12:35:15 - [TEST_STEP][PASSED] - click(findTestObject("Object Repository/Property(owner)/poa/Page_Chiragh/button_Passport Expiry Date_ma")): Object: 'Object Repository/Property(owner)/poa/Page_Chiragh/button_Passport Expiry Date_ma' is clicked on

2019-04-16 12:35:16 - [MESSAGE][PASSED] - Object: 'Object Repository/Property(owner)/poa/Page_Chiragh/button_Passport Expiry Date_ma' is clicked on

2019-04-16 12:35:16 - [TEST_STEP][PASSED] - click(findTestObject("Object Repository/Property(owner)/poa/Page_Chiragh/Page_Chiragh/button_FEB 2019")): Object: 'Object Repository/Property(owner)/poa/Page_Chiragh/Page_Chiragh/button_FEB 2019' is clicked on

2019-04-16 12:35:16 - [MESSAGE][PASSED] - Object: 'Object Repository/Property(owner)/poa/Page_Chiragh/Page_Chiragh/button_FEB 2019' is clicked on

2019-04-16 12:35:16 - [TEST_STEP][PASSED] - click(findTestObject("Object Repository/Property(owner)/poa/Page_Chiragh/div_2021")): Object: 'Object Repository/Property(owner)/poa/Page_Chiragh/div_2021' is clicked on

2019-04-16 12:35:16 - [MESSAGE][PASSED] - Object: 'Object Repository/Property(owner)/poa/Page_Chiragh/div_2021' is clicked on

2019-04-16 12:35:16 - [TEST_STEP][PASSED] - click(findTestObject("Object Repository/Property(owner)/poa/Page_Chiragh/div_DEC")): Object: 'Object Repository/Property(owner)/poa/Page_Chiragh/div_DEC' is clicked on

2019-04-16 12:35:16 - [MESSAGE][PASSED] - Object: 'Object Repository/Property(owner)/poa/Page_Chiragh/div_DEC' is clicked on

2019-04-16 12:35:16 - [TEST_STEP][PASSED] - click(findTestObject("Object Repository/Property(owner)/poa/Page_Chiragh/div_27"), STOP_ON_FAILURE): Object: 'Object Repository/Property(owner)/poa/Page_Chiragh/div_27' is clicked on

2019-04-16 12:35:16 - [MESSAGE][PASSED] - Object: 'Object Repository/Property(owner)/poa/Page_Chiragh/div_27' is clicked on

2019-04-16 12:35:16 - [TEST_STEP][PASSED] - poaidcard = RandomStringUtils.randomNumeric(7): null

2019-04-16 12:35:16 - [TEST_STEP][PASSED] - setText(findTestObject("Object Repository/Property(owner)/poa/Page_Chiragh/input_ID Card Number_idCardNo"), poaidcard): Text '7889919' is set on object 'Object Repository/Property(owner)/poa/Page_Chiragh/input_ID Card Number_idCardNo'

2019-04-16 12:35:17 - [MESSAGE][PASSED] - Text '7889919' is set on object 'Object Repository/Property(owner)/poa/Page_Chiragh/input_ID Card Number_idCardNo'

2019-04-16 12:35:17 - [TEST_STEP][PASSED] - delay(3): Delayed 3 second(s)

2019-04-16 12:35:20 - [MESSAGE][PASSED] - Delayed 3 second(s)

2019-04-16 12:35:20 - [TEST_STEP][PASSED] - click(findTestObject("Object Repository/Property(owner)/poa/Page_Chiragh/mat-form-field_ID Card Expiry")): Object: 'Object Repository/Property(owner)/poa/Page_Chiragh/mat-form-field_ID Card Expiry' is clicked on

2019-04-16 12:35:20 - [MESSAGE][PASSED] - Object: 'Object Repository/Property(owner)/poa/Page_Chiragh/mat-form-field_ID Card Expiry' is clicked on

2019-04-16 12:35:20 - [TEST_STEP][PASSED] - click(findTestObject("Object Repository/Property(owner)/poa/Page_Chiragh/button_ID Card Expiry Date_mat")): Object: 'Object Repository/Property(owner)/poa/Page_Chiragh/button_ID Card Expiry Date_mat' is clicked on

2019-04-16 12:35:20 - [MESSAGE][PASSED] - Object: 'Object Repository/Property(owner)/poa/Page_Chiragh/button_ID Card Expiry Date_mat' is clicked on

2019-04-16 12:35:20 - [TEST_STEP][PASSED] - click(findTestObject("Object Repository/Property(owner)/poa/id card expiry/Page_Chiragh/button_JAN 2019")): Object: 'Object Repository/Property(owner)/poa/id card expiry/Page_Chiragh/button_JAN 2019' is clicked on

2019-04-16 12:35:20 - [MESSAGE][PASSED] - Object: 'Object Repository/Property(owner)/poa/id card expiry/Page_Chiragh/button_JAN 2019' is clicked on

2019-04-16 12:35:20 - [TEST_STEP][PASSED] - verifyElementPresent(findTestObject("Object Repository/Property(owner)/poa/id card expiry/Page_Chiragh/div_20162017201820192020202120"), 5): Object 'Object Repository/Property(owner)/poa/id card expiry/Page_Chiragh/div_20162017201820192020202120' is present

2019-04-16 12:35:20 - [MESSAGE][PASSED] - Object 'Object Repository/Property(owner)/poa/id card expiry/Page_Chiragh/div_20162017201820192020202120' is present

2019-04-16 12:35:20 - [TEST_STEP][PASSED] - click(findTestObject("Object Repository/Property(owner)/poa/id card expiry/Page_Chiragh/div_2021")): Object: 'Object Repository/Property(owner)/poa/id card expiry/Page_Chiragh/div_2021' is clicked on

2019-04-16 12:35:21 - [MESSAGE][PASSED] - Object: 'Object Repository/Property(owner)/poa/id card expiry/Page_Chiragh/div_2021' is clicked on

2019-04-16 12:35:21 - [TEST_STEP][PASSED] - click(findTestObject("Object Repository/Property(owner)/poa/id card expiry/Page_Chiragh/div_SEP")): Object: 'Object Repository/Property(owner)/poa/id card expiry/Page_Chiragh/div_SEP' is clicked on

2019-04-16 12:35:21 - [MESSAGE][PASSED] - Object: 'Object Repository/Property(owner)/poa/id card expiry/Page_Chiragh/div_SEP' is clicked on

2019-04-16 12:35:21 - [TEST_STEP][PASSED] - click(findTestObject("Object Repository/Property(owner)/poa/id card expiry/Page_Chiragh/div_16"), STOP_ON_FAILURE): Object: 'Object Repository/Property(owner)/poa/id card expiry/Page_Chiragh/div_16' is clicked on

2019-04-16 12:35:21 - [MESSAGE][PASSED] - Object: 'Object Repository/Property(owner)/poa/id card expiry/Page_Chiragh/div_16' is clicked on

2019-04-16 12:35:21 - [TEST_STEP][PASSED] - delay(5): Delayed 5 second(s)

2019-04-16 12:35:26 - [MESSAGE][PASSED] - Delayed 5 second(s)

2019-04-16 12:35:26 - [TEST_STEP][PASSED] - click(findTestObject("Object Repository/Property(owner)/poa/Page_Chiragh/Page_Chiragh/span_Select")): Object: 'Object Repository/Property(owner)/poa/Page_Chiragh/Page_Chiragh/span_Select' is clicked on

2019-04-16 12:35:26 - [MESSAGE][PASSED] - Object: 'Object Repository/Property(owner)/poa/Page_Chiragh/Page_Chiragh/span_Select' is clicked on

2019-04-16 12:35:26 - [TEST_STEP][PASSED] - setText(findTestObject("Object Repository/Property(owner)/poa/Page_Chiragh/Page_Chiragh/input__select2-search__field"), "971"): Text '971' is set on object 'Object Repository/Property(owner)/poa/Page_Chiragh/Page_Chiragh/input__select2-search__field'

2019-04-16 12:35:27 - [MESSAGE][PASSED] - Text '971' is set on object 'Object Repository/Property(owner)/poa/Page_Chiragh/Page_Chiragh/input__select2-search__field'

2019-04-16 12:35:27 - [TEST_STEP][PASSED] - sendKeys(findTestObject("Object Repository/Property(owner)/poa/Page_Chiragh/Page_Chiragh/input__select2-search__field"), Keys.chord(ENTER)): Keys 'ENTER + ' sent to object: 'Object Repository/Property(owner)/poa/Page_Chiragh/Page_Chiragh/input__select2-search__field'

2019-04-16 12:35:27 - [MESSAGE][PASSED] - Keys 'ENTER + ' sent to object: 'Object Repository/Property(owner)/poa/Page_Chiragh/Page_Chiragh/input__select2-search__field'

2019-04-16 12:35:27 - [TEST_STEP][PASSED] - poaphnno = RandomStringUtils.randomNumeric(7): null

2019-04-16 12:35:27 - [TEST_STEP][PASSED] - setText(findTestObject("Object Repository/Property(owner)/poa/Page_Chiragh/input_Phone Number_telephone"), poaphnno): Text '1448009' is set on object 'Object Repository/Property(owner)/poa/Page_Chiragh/input_Phone Number_telephone'

2019-04-16 12:35:27 - [MESSAGE][PASSED] - Text '1448009' is set on object 'Object Repository/Property(owner)/poa/Page_Chiragh/input_Phone Number_telephone'

2019-04-16 12:35:27 - [TEST_STEP][PASSED] - click(findTestObject("Object Repository/Property(owner)/poa/Mobile Number/Page_Chiragh/span_Select")): Object: 'Object Repository/Property(owner)/poa/Mobile Number/Page_Chiragh/span_Select' is clicked on

2019-04-16 12:35:27 - [MESSAGE][PASSED] - Object: 'Object Repository/Property(owner)/poa/Mobile Number/Page_Chiragh/span_Select' is clicked on

2019-04-16 12:35:27 - [TEST_STEP][PASSED] - setText(findTestObject("Object Repository/Property(owner)/poa/Mobile Number/Page_Chiragh/input__select2-search__field"), "971"): Text '971' is set on object 'Object Repository/Property(owner)/poa/Mobile Number/Page_Chiragh/input__select2-search__field'

2019-04-16 12:35:28 - [MESSAGE][PASSED] - Text '971' is set on object 'Object Repository/Property(owner)/poa/Mobile Number/Page_Chiragh/input__select2-search__field'

2019-04-16 12:35:28 - [TEST_STEP][PASSED] - sendKeys(findTestObject("Object Repository/Property(owner)/poa/Mobile Number/Page_Chiragh/input__select2-search__field"), Keys.chord(ENTER)): Keys 'ENTER + ' sent to object: 'Object Repository/Property(owner)/poa/Mobile Number/Page_Chiragh/input__select2-search__field'

2019-04-16 12:35:28 - [MESSAGE][PASSED] - Keys 'ENTER + ' sent to object: 'Object Repository/Property(owner)/poa/Mobile Number/Page_Chiragh/input__select2-search__field'

2019-04-16 12:35:28 - [TEST_STEP][PASSED] - poamobno = RandomStringUtils.randomNumeric(7): null

2019-04-16 12:35:28 - [TEST_STEP][PASSED] - setText(findTestObject("Object Repository/Property(owner)/poa/Page_Chiragh/input_Mobile Number_mobile"), poamobno): Text '9327518' is set on object 'Object Repository/Property(owner)/poa/Page_Chiragh/input_Mobile Number_mobile'

2019-04-16 12:35:28 - [MESSAGE][PASSED] - Text '9327518' is set on object 'Object Repository/Property(owner)/poa/Page_Chiragh/input_Mobile Number_mobile'

2019-04-16 12:35:28 - [TEST_STEP][PASSED] - poaemail = RandomStringUtils.randomAlphanumeric(3): null

2019-04-16 12:35:28 - [TEST_STEP][PASSED] - setText(findTestObject("Object Repository/Property(owner)/poa/Page_Chiragh/input_Email_email"), poaemail + "@GMAIL.COM"): Text 'PVh@GMAIL.COM' is set on object 'Object Repository/Property(owner)/poa/Page_Chiragh/input_Email_email'

2019-04-16 12:35:28 - [MESSAGE][PASSED] - Text 'PVh@GMAIL.COM' is set on object 'Object Repository/Property(owner)/poa/Page_Chiragh/input_Email_email'

2019-04-16 12:35:28 - [TEST_STEP][PASSED] - setText(findTestObject("Object Repository/Property(owner)/poa/Page_Chiragh/input_Address_userAddress"), poaaddress): Text '993 Mertz Common' is set on object 'Object Repository/Property(owner)/poa/Page_Chiragh/input_Address_userAddress'

2019-04-16 12:35:29 - [MESSAGE][PASSED] - Text '993 Mertz Common' is set on object 'Object Repository/Property(owner)/poa/Page_Chiragh/input_Address_userAddress'

2019-04-16 12:35:29 - [TEST_STEP][PASSED] - click(findTestObject("Object Repository/Property(owner)/poa/country/Page_Chiragh/span_Select")): Object: 'Object Repository/Property(owner)/poa/country/Page_Chiragh/span_Select' is clicked on

2019-04-16 12:35:29 - [MESSAGE][PASSED] - Object: 'Object Repository/Property(owner)/poa/country/Page_Chiragh/span_Select' is clicked on

2019-04-16 12:35:29 - [TEST_STEP][PASSED] - setText(findTestObject("Object Repository/Property(owner)/poa/country/Page_Chiragh/input__select2-search__field"), "ARAB E"): Text 'ARAB E' is set on object 'Object Repository/Property(owner)/poa/country/Page_Chiragh/input__select2-search__field'

2019-04-16 12:35:29 - [MESSAGE][PASSED] - Text 'ARAB E' is set on object 'Object Repository/Property(owner)/poa/country/Page_Chiragh/input__select2-search__field'

2019-04-16 12:35:29 - [TEST_STEP][PASSED] - sendKeys(findTestObject("Object Repository/Property(owner)/poa/country/Page_Chiragh/input__select2-search__field"), Keys.chord(ENTER)): Keys 'ENTER + ' sent to object: 'Object Repository/Property(owner)/poa/country/Page_Chiragh/input__select2-search__field'

2019-04-16 12:35:29 - [MESSAGE][PASSED] - Keys 'ENTER + ' sent to object: 'Object Repository/Property(owner)/poa/country/Page_Chiragh/input__select2-search__field'

2019-04-16 12:35:29 - [TEST_STEP][PASSED] - click(findTestObject("Object Repository/Property(owner)/poa/city/Page_Chiragh/span_Select")): Object: 'Object Repository/Property(owner)/poa/city/Page_Chiragh/span_Select' is clicked on

2019-04-16 12:35:30 - [MESSAGE][PASSED] - Object: 'Object Repository/Property(owner)/poa/city/Page_Chiragh/span_Select' is clicked on

2019-04-16 12:35:30 - [TEST_STEP][PASSED] - setText(findTestObject("Object Repository/Property(owner)/poa/city/Page_Chiragh/input__select2-search__field"), "SHA"): Text 'SHA' is set on object 'Object Repository/Property(owner)/poa/city/Page_Chiragh/input__select2-search__field'

2019-04-16 12:35:30 - [MESSAGE][PASSED] - Text 'SHA' is set on object 'Object Repository/Property(owner)/poa/city/Page_Chiragh/input__select2-search__field'

2019-04-16 12:35:30 - [TEST_STEP][PASSED] - sendKeys(findTestObject("Object Repository/Property(owner)/poa/city/Page_Chiragh/input__select2-search__field"), Keys.chord(ENTER)): Keys 'ENTER + ' sent to object: 'Object Repository/Property(owner)/poa/city/Page_Chiragh/input__select2-search__field'

2019-04-16 12:35:30 - [MESSAGE][PASSED] - Keys 'ENTER + ' sent to object: 'Object Repository/Property(owner)/poa/city/Page_Chiragh/input__select2-search__field'

2019-04-16 12:35:30 - [TEST_STEP][PASSED] - poapobox = RandomStringUtils.randomNumeric(7): null

2019-04-16 12:35:30 - [TEST_STEP][PASSED] - setText(findTestObject("Object Repository/Property(owner)/poa/Page_Chiragh/input_P.O.Box_pobox"), poapobox): Text '8475474' is set on object 'Object Repository/Property(owner)/poa/Page_Chiragh/input_P.O.Box_pobox'

2019-04-16 12:35:30 - [MESSAGE][PASSED] - Text '8475474' is set on object 'Object Repository/Property(owner)/poa/Page_Chiragh/input_P.O.Box_pobox'

2019-04-16 12:35:30 - [TEST_STEP][PASSED] - poano = RandomStringUtils.randomNumeric(7): null

2019-04-16 12:35:30 - [TEST_STEP][PASSED] - setText(findTestObject("Object Repository/Property(owner)/poa/Page_Chiragh/input_POA Number_poaNumber"), poano): Text '0500826' is set on object 'Object Repository/Property(owner)/poa/Page_Chiragh/input_POA Number_poaNumber'

2019-04-16 12:35:30 - [MESSAGE][PASSED] - Text '0500826' is set on object 'Object Repository/Property(owner)/poa/Page_Chiragh/input_POA Number_poaNumber'

2019-04-16 12:35:30 - [TEST_STEP][PASSED] - click(findTestObject("Object Repository/Property(owner)/poa/poa expiry date/Page_Chiragh/div_POA Expiry Date_mat-form-f")): Object: 'Object Repository/Property(owner)/poa/poa expiry date/Page_Chiragh/div_POA Expiry Date_mat-form-f' is clicked on

2019-04-16 12:35:31 - [MESSAGE][PASSED] - Object: 'Object Repository/Property(owner)/poa/poa expiry date/Page_Chiragh/div_POA Expiry Date_mat-form-f' is clicked on

2019-04-16 12:35:31 - [TEST_STEP][PASSED] - click(findTestObject("Object Repository/Property(owner)/poa/poa expiry date/Page_Chiragh/button_POA Expiry Date_mat-ico")): Object: 'Object Repository/Property(owner)/poa/poa expiry date/Page_Chiragh/button_POA Expiry Date_mat-ico' is clicked on

2019-04-16 12:35:31 - [MESSAGE][PASSED] - Object: 'Object Repository/Property(owner)/poa/poa expiry date/Page_Chiragh/button_POA Expiry Date_mat-ico' is clicked on

2019-04-16 12:35:31 - [TEST_STEP][PASSED] - click(findTestObject("Object Repository/Property(owner)/poa/poa expiry date/Page_Chiragh/button_JAN 2019")): Object: 'Object Repository/Property(owner)/poa/poa expiry date/Page_Chiragh/button_JAN 2019' is clicked on

2019-04-16 12:35:31 - [MESSAGE][PASSED] - Object: 'Object Repository/Property(owner)/poa/poa expiry date/Page_Chiragh/button_JAN 2019' is clicked on

2019-04-16 12:35:31 - [TEST_STEP][PASSED] - click(findTestObject("Object Repository/Property(owner)/poa/poa expiry date/Page_Chiragh/div_2021")): Object: 'Object Repository/Property(owner)/poa/poa expiry date/Page_Chiragh/div_2021' is clicked on

2019-04-16 12:35:31 - [MESSAGE][PASSED] - Object: 'Object Repository/Property(owner)/poa/poa expiry date/Page_Chiragh/div_2021' is clicked on

2019-04-16 12:35:31 - [TEST_STEP][PASSED] - click(findTestObject("Object Repository/Property(owner)/poa/poa expiry date/Page_Chiragh/div_AUG")): Object: 'Object Repository/Property(owner)/poa/poa expiry date/Page_Chiragh/div_AUG' is clicked on

2019-04-16 12:35:32 - [MESSAGE][PASSED] - Object: 'Object Repository/Property(owner)/poa/poa expiry date/Page_Chiragh/div_AUG' is clicked on

2019-04-16 12:35:32 - [TEST_STEP][PASSED] - click(findTestObject("Object Repository/Property(owner)/poa/poa expiry date/Page_Chiragh/div_11")): Object: 'Object Repository/Property(owner)/poa/poa expiry date/Page_Chiragh/div_11' is clicked on

2019-04-16 12:35:32 - [MESSAGE][PASSED] - Object: 'Object Repository/Property(owner)/poa/poa expiry date/Page_Chiragh/div_11' is clicked on

2019-04-16 12:35:32 - [TEST_STEP][PASSED] - click(findTestObject("Object Repository/Property(owner)/poa/Page_Chiragh/mat-select_Select One_1")): Object: 'Object Repository/Property(owner)/poa/Page_Chiragh/mat-select_Select One_1' is clicked on

2019-04-16 12:35:32 - [MESSAGE][PASSED] - Object: 'Object Repository/Property(owner)/poa/Page_Chiragh/mat-select_Select One_1' is clicked on

2019-04-16 12:35:32 - [TEST_STEP][PASSED] - click(findTestObject("Object Repository/Property(owner)/poa/Page_Chiragh/mat-option_Individual Property")): Object: 'Object Repository/Property(owner)/poa/Page_Chiragh/mat-option_Individual Property' is clicked on

2019-04-16 12:35:32 - [MESSAGE][PASSED] - Object: 'Object Repository/Property(owner)/poa/Page_Chiragh/mat-option_Individual Property' is clicked on

2019-04-16 12:35:32 - [TEST_STEP][PASSED] - scrollToElement(findTestObject("Object Repository/Property(owner)/poa/Scanned Passport Copy/Page_Chiragh/div_jpg png pdf accepted with"), 5): Scroll to object 'Object Repository/Property(owner)/poa/Scanned Passport Copy/Page_Chiragh/div_jpg png pdf accepted with' successfully

2019-04-16 12:35:32 - [MESSAGE][PASSED] - Scroll to object 'Object Repository/Property(owner)/poa/Scanned Passport Copy/Page_Chiragh/div_jpg png pdf accepted with' successfully

2019-04-16 12:35:32 - [TEST_STEP][PASSED] - verifyElementPresent(findTestObject("Object Repository/Property(owner)/poa/Scanned Passport Copy/Page_Chiragh/div_jpg png pdf accepted with"), 5): Object 'Object Repository/Property(owner)/poa/Scanned Passport Copy/Page_Chiragh/div_jpg png pdf accepted with' is present

2019-04-16 12:35:32 - [MESSAGE][PASSED] - Object 'Object Repository/Property(owner)/poa/Scanned Passport Copy/Page_Chiragh/div_jpg png pdf accepted with' is present

2019-04-16 12:35:32 - [TEST_STEP][PASSED] - delay(6): Delayed 6 second(s)

2019-04-16 12:35:38 - [MESSAGE][PASSED] - Delayed 6 second(s)

2019-04-16 12:35:38 - [TEST_STEP][PASSED] - uploadFile(findTestObject("Object Repository/Property(owner)/poa/Scanned Passport Copy/Page_Chiragh/div_Scanned Passport Copy_doc-"), "C:\Users\HP\Katalon Studio\register\Include\images\Scanned Passport Copy.png"): File 'C:\Users\HP\Katalon Studio\register\Include\images\Scanned Passport Copy.png' sent to object: 'Object Repository/Property(owner)/poa/Scanned Passport Copy/Page_Chiragh/div_Scanned Passport Copy_doc-'

2019-04-16 12:35:38 - [MESSAGE][PASSED] - File 'C:\Users\HP\Katalon Studio\register\Include\images\Scanned Passport Copy.png' sent to object: 'Object Repository/Property(owner)/poa/Scanned Passport Copy/Page_Chiragh/div_Scanned Passport Copy_doc-'

2019-04-16 12:35:38 - [TEST_STEP][PASSED] - scrollToElement(findTestObject("Object Repository/Property(owner)/poa/Scanned Notarized POA/Page_Chiragh/div_Upload_upload-doc-div"), 5): Scroll to object 'Object Repository/Property(owner)/poa/Scanned Notarized POA/Page_Chiragh/div_Upload_upload-doc-div' successfully

2019-04-16 12:35:38 - [MESSAGE][PASSED] - Scroll to object 'Object Repository/Property(owner)/poa/Scanned Notarized POA/Page_Chiragh/div_Upload_upload-doc-div' successfully

2019-04-16 12:35:38 - [TEST_STEP][PASSED] - verifyElementPresent(findTestObject("Object Repository/Property(owner)/poa/Scanned Notarized POA/Page_Chiragh/div_Upload_upload-doc-div"), 5): Object 'Object Repository/Property(owner)/poa/Scanned Notarized POA/Page_Chiragh/div_Upload_upload-doc-div' is present

2019-04-16 12:35:38 - [MESSAGE][PASSED] - Object 'Object Repository/Property(owner)/poa/Scanned Notarized POA/Page_Chiragh/div_Upload_upload-doc-div' is present

2019-04-16 12:35:38 - [TEST_STEP][PASSED] - delay(7): Delayed 7 second(s)

2019-04-16 12:35:45 - [MESSAGE][PASSED] - Delayed 7 second(s)

2019-04-16 12:35:45 - [TEST_STEP][PASSED] - uploadFile(findTestObject("Object Repository/Property(owner)/poa/Scanned Notarized POA/Page_Chiragh/div_(International POA should"), "C:\Users\HP\Katalon Studio\register\Include\images\Scanned Passport Copy.png"): File 'C:\Users\HP\Katalon Studio\register\Include\images\Scanned Passport Copy.png' sent to object: 'Object Repository/Property(owner)/poa/Scanned Notarized POA/Page_Chiragh/div_(International POA should'

2019-04-16 12:35:45 - [MESSAGE][PASSED] - File 'C:\Users\HP\Katalon Studio\register\Include\images\Scanned Passport Copy.png' sent to object: 'Object Repository/Property(owner)/poa/Scanned Notarized POA/Page_Chiragh/div_(International POA should'

2019-04-16 12:35:45 - [TEST_STEP][PASSED] - click(findTestObject("Object Repository/Property(owner)/poa/Page_Chiragh/span_General POA not accepted_")): Object: 'Object Repository/Property(owner)/poa/Page_Chiragh/span_General POA not accepted_' is clicked on

2019-04-16 12:35:46 - [MESSAGE][PASSED] - Object: 'Object Repository/Property(owner)/poa/Page_Chiragh/span_General POA not accepted_' is clicked on

2019-04-16 12:35:46 - [TEST_STEP][PASSED] - delay(3): Delayed 3 second(s)

2019-04-16 12:35:49 - [MESSAGE][PASSED] - Delayed 3 second(s)

2019-04-16 12:35:49 - [TEST_STEP][PASSED] - click(findTestObject("Object Repository/Property(owner)/poa/Page_Chiragh/button_Next")): Object: 'Object Repository/Property(owner)/poa/Page_Chiragh/button_Next' is clicked on

2019-04-16 12:35:49 - [MESSAGE][PASSED] - Object: 'Object Repository/Property(owner)/poa/Page_Chiragh/button_Next' is clicked on

2019-04-16 12:35:49 - [TEST_STEP][PASSED] - verifyElementPresent(findTestObject("Object Repository/Property(owner)/poa/Page_Chiragh/snack-bar-container_Data  Save"), 5): Object 'Object Repository/Property(owner)/poa/Page_Chiragh/snack-bar-container_Data  Save' is present

2019-04-16 12:35:51 - [MESSAGE][PASSED] - Object 'Object Repository/Property(owner)/poa/Page_Chiragh/snack-bar-container_Data  Save' is present

2019-04-16 12:35:51 - [TEST_STEP][PASSED] - verifyElementPresent(findTestObject("Object Repository/Property(owner)/poa/Page_Chiragh/span_Data  Saved Successfully"), 5): Object 'Object Repository/Property(owner)/poa/Page_Chiragh/span_Data  Saved Successfully' is present

2019-04-16 12:35:51 - [MESSAGE][PASSED] - Object 'Object Repository/Property(owner)/poa/Page_Chiragh/span_Data  Saved Successfully' is present

2019-04-16 12:35:51 - [TEST_STEP][PASSED] - verifyElementPresent(findTestObject("Object Repository/Property(owner)/poa/Page_Chiragh/div_Property DetailsArea Detai"), 5): Object 'Object Repository/Property(owner)/poa/Page_Chiragh/div_Property DetailsArea Detai' is present

2019-04-16 12:35:51 - [MESSAGE][PASSED] - Object 'Object Repository/Property(owner)/poa/Page_Chiragh/div_Property DetailsArea Detai' is present

2019-04-16 12:35:51 - [TEST_STEP][PASSED] - delay(3): Delayed 3 second(s)

2019-04-16 12:35:54 - [MESSAGE][PASSED] - Delayed 3 second(s)

2019-04-16 12:35:54 - [TEST_STEP][PASSED] - click(findTestObject("Object Repository/Property(owner)/property/Property Status/Page_Chiragh/mat-select_Select One")): Object: 'Object Repository/Property(owner)/property/Property Status/Page_Chiragh/mat-select_Select One' is clicked on

2019-04-16 12:35:54 - [MESSAGE][PASSED] - Object: 'Object Repository/Property(owner)/property/Property Status/Page_Chiragh/mat-select_Select One' is clicked on

2019-04-16 12:35:54 - [TEST_STEP][PASSED] - click(findTestObject("Object Repository/Property(owner)/property/Property Status/Page_Chiragh/span_Other")): Object: 'Object Repository/Property(owner)/property/Property Status/Page_Chiragh/span_Other' is clicked on

2019-04-16 12:35:54 - [MESSAGE][PASSED] - Object: 'Object Repository/Property(owner)/property/Property Status/Page_Chiragh/span_Other' is clicked on

2019-04-16 12:35:54 - [TEST_STEP][PASSED] - setText(findTestObject("Object Repository/Property(owner)/property/Property Status/Page_Chiragh/input_Other_propertyStatusOthe"), "in progress"): Text 'in progress' is set on object 'Object Repository/Property(owner)/property/Property Status/Page_Chiragh/input_Other_propertyStatusOthe'

2019-04-16 12:35:55 - [MESSAGE][PASSED] - Text 'in progress' is set on object 'Object Repository/Property(owner)/property/Property Status/Page_Chiragh/input_Other_propertyStatusOthe'

2019-04-16 12:35:55 - [TEST_STEP][PASSED] - delay(3): Delayed 3 second(s)

2019-04-16 12:35:58 - [MESSAGE][PASSED] - Delayed 3 second(s)

2019-04-16 12:35:58 - [TEST_STEP][PASSED] - titledeed = RandomStringUtils.randomAlphanumeric(7): null

2019-04-16 12:35:58 - [TEST_STEP][PASSED] - setText(findTestObject("Object Repository/Property(owner)/property/Page_Chiragh/input_Title Deed Number_titlDe"), titledeed): Text 'efciKLP' is set on object 'Object Repository/Property(owner)/property/Page_Chiragh/input_Title Deed Number_titlDe'

2019-04-16 12:35:58 - [MESSAGE][PASSED] - Text 'efciKLP' is set on object 'Object Repository/Property(owner)/property/Page_Chiragh/input_Title Deed Number_titlDe'

2019-04-16 12:35:58 - [TEST_STEP][PASSED] - oqoodino = RandomStringUtils.randomAlphanumeric(7): null

2019-04-16 12:35:58 - [TEST_STEP][PASSED] - setText(findTestObject("Object Repository/Property(owner)/property/Page_Chiragh/input_Oqoodi Number_oqoodiNo"), oqoodino): Text 'IL3qvuH' is set on object 'Object Repository/Property(owner)/property/Page_Chiragh/input_Oqoodi Number_oqoodiNo'

2019-04-16 12:35:58 - [MESSAGE][PASSED] - Text 'IL3qvuH' is set on object 'Object Repository/Property(owner)/property/Page_Chiragh/input_Oqoodi Number_oqoodiNo'

2019-04-16 12:35:58 - [TEST_STEP][PASSED] - makanino = RandomStringUtils.randomAlphanumeric(7): null

2019-04-16 12:35:58 - [TEST_STEP][PASSED] - setText(findTestObject("Object Repository/Property(owner)/property/Page_Chiragh/input_Makani Number_makaniNo"), makanino): Text 'KWdHNNR' is set on object 'Object Repository/Property(owner)/property/Page_Chiragh/input_Makani Number_makaniNo'

2019-04-16 12:35:59 - [MESSAGE][PASSED] - Text 'KWdHNNR' is set on object 'Object Repository/Property(owner)/property/Page_Chiragh/input_Makani Number_makaniNo'

2019-04-16 12:35:59 - [TEST_STEP][PASSED] - verifyElementPresent(findTestObject("Object Repository/Property(owner)/property/Type of Area/Page_Chiragh/mat-select_Select One"), 7): Object 'Object Repository/Property(owner)/property/Type of Area/Page_Chiragh/mat-select_Select One' is present

2019-04-16 12:35:59 - [MESSAGE][PASSED] - Object 'Object Repository/Property(owner)/property/Type of Area/Page_Chiragh/mat-select_Select One' is present

2019-04-16 12:35:59 - [TEST_STEP][PASSED] - click(findTestObject("Object Repository/Property(owner)/property/Type of Area/Page_Chiragh/mat-select_Select One")): Object: 'Object Repository/Property(owner)/property/Type of Area/Page_Chiragh/mat-select_Select One' is clicked on

2019-04-16 12:35:59 - [MESSAGE][PASSED] - Object: 'Object Repository/Property(owner)/property/Type of Area/Page_Chiragh/mat-select_Select One' is clicked on

2019-04-16 12:35:59 - [TEST_STEP][PASSED] - click(findTestObject("Object Repository/Property(owner)/property/Type of Area/Page_Chiragh/span_Lease Hold")): Object: 'Object Repository/Property(owner)/property/Type of Area/Page_Chiragh/span_Lease Hold' is clicked on

2019-04-16 12:35:59 - [MESSAGE][PASSED] - Object: 'Object Repository/Property(owner)/property/Type of Area/Page_Chiragh/span_Lease Hold' is clicked on

2019-04-16 12:35:59 - [TEST_STEP][PASSED] - delay(3): Delayed 3 second(s)

2019-04-16 12:36:02 - [MESSAGE][PASSED] - Delayed 3 second(s)

2019-04-16 12:36:02 - [TEST_STEP][PASSED] - click(findTestObject("Object Repository/Property(owner)/property/Type of Property/Page_Chiragh/mat-select_Select One")): Object: 'Object Repository/Property(owner)/property/Type of Property/Page_Chiragh/mat-select_Select One' is clicked on

2019-04-16 12:36:02 - [MESSAGE][PASSED] - Object: 'Object Repository/Property(owner)/property/Type of Property/Page_Chiragh/mat-select_Select One' is clicked on

2019-04-16 12:36:02 - [TEST_STEP][PASSED] - delay(3): Delayed 3 second(s)

2019-04-16 12:36:05 - [MESSAGE][PASSED] - Delayed 3 second(s)

2019-04-16 12:36:05 - [TEST_STEP][PASSED] - click(findTestObject("Object Repository/Property(owner)/property/Type of Property/Page_Chiragh/Page_Chiragh/span_Other")): Object: 'Object Repository/Property(owner)/property/Type of Property/Page_Chiragh/Page_Chiragh/span_Other' is clicked on

2019-04-16 12:36:05 - [MESSAGE][PASSED] - Object: 'Object Repository/Property(owner)/property/Type of Property/Page_Chiragh/Page_Chiragh/span_Other' is clicked on

2019-04-16 12:36:05 - [TEST_STEP][PASSED] - setText(findTestObject("Object Repository/Property(owner)/property/Type of Property/Page_Chiragh/input_Other_typePropertyOther"), "villa"): Text 'villa' is set on object 'Object Repository/Property(owner)/property/Type of Property/Page_Chiragh/input_Other_typePropertyOther'

2019-04-16 12:36:06 - [MESSAGE][PASSED] - Text 'villa' is set on object 'Object Repository/Property(owner)/property/Type of Property/Page_Chiragh/input_Other_typePropertyOther'

2019-04-16 12:36:06 - [TEST_STEP][PASSED] - delay(3): Delayed 3 second(s)

2019-04-16 12:36:09 - [MESSAGE][PASSED] - Delayed 3 second(s)

2019-04-16 12:36:09 - [TEST_STEP][PASSED] - setText(findTestObject("Object Repository/Property(owner)/property/Page_Chiragh/input_Project Name_projectName"), projectname): Text 'Darius Gateway' is set on object 'Object Repository/Property(owner)/property/Page_Chiragh/input_Project Name_projectName'

2019-04-16 12:36:09 - [MESSAGE][PASSED] - Text 'Darius Gateway' is set on object 'Object Repository/Property(owner)/property/Page_Chiragh/input_Project Name_projectName'

2019-04-16 12:36:09 - [TEST_STEP][PASSED] - plotno = RandomStringUtils.randomAlphanumeric(7): null

2019-04-16 12:36:09 - [TEST_STEP][PASSED] - setText(findTestObject("Object Repository/Property(owner)/property/Page_Chiragh/input_Plot Number_plotNo"), plotno): Text '8P5wM3k' is set on object 'Object Repository/Property(owner)/property/Page_Chiragh/input_Plot Number_plotNo'

2019-04-16 12:36:10 - [MESSAGE][PASSED] - Text '8P5wM3k' is set on object 'Object Repository/Property(owner)/property/Page_Chiragh/input_Plot Number_plotNo'

2019-04-16 12:36:10 - [TEST_STEP][PASSED] - setText(findTestObject("Object Repository/Property(owner)/property/Page_Chiragh/input_Building Name_bulidingNa"), projectname): Text 'Darius Gateway' is set on object 'Object Repository/Property(owner)/property/Page_Chiragh/input_Building Name_bulidingNa'

2019-04-16 12:36:10 - [MESSAGE][PASSED] - Text 'Darius Gateway' is set on object 'Object Repository/Property(owner)/property/Page_Chiragh/input_Building Name_bulidingNa'

2019-04-16 12:36:10 - [TEST_STEP][PASSED] - buildingnumber = RandomStringUtils.randomAlphanumeric(3): null

2019-04-16 12:36:10 - [TEST_STEP][PASSED] - setText(findTestObject("Object Repository/Property(owner)/property/Page_Chiragh/input_Building Number_buliding"), buildingnumber): Text 'fq3' is set on object 'Object Repository/Property(owner)/property/Page_Chiragh/input_Building Number_buliding'

2019-04-16 12:36:10 - [MESSAGE][PASSED] - Text 'fq3' is set on object 'Object Repository/Property(owner)/property/Page_Chiragh/input_Building Number_buliding'

2019-04-16 12:36:10 - [TEST_STEP][PASSED] - officeno = RandomStringUtils.randomAlphanumeric(3): null

2019-04-16 12:36:10 - [TEST_STEP][PASSED] - setText(findTestObject("Object Repository/Property(owner)/property/Page_Chiragh/input_FlatOffice No._officeNo"), officeno): Text 'OCK' is set on object 'Object Repository/Property(owner)/property/Page_Chiragh/input_FlatOffice No._officeNo'

2019-04-16 12:36:11 - [MESSAGE][PASSED] - Text 'OCK' is set on object 'Object Repository/Property(owner)/property/Page_Chiragh/input_FlatOffice No._officeNo'

2019-04-16 12:36:11 - [TEST_STEP][PASSED] - netarea = RandomStringUtils.randomNumeric(3): null

2019-04-16 12:36:11 - [TEST_STEP][PASSED] - setText(findTestObject("Object Repository/Property(owner)/property/area/input_Net Area_netArea"), netarea): Text '330' is set on object 'Object Repository/Property(owner)/property/area/input_Net Area_netArea'

2019-04-16 12:36:11 - [MESSAGE][PASSED] - Text '330' is set on object 'Object Repository/Property(owner)/property/area/input_Net Area_netArea'

2019-04-16 12:36:11 - [TEST_STEP][PASSED] - click(findTestObject("Object Repository/Property(owner)/property/area/Page_Chiragh/mat-select_Select One")): Object: 'Object Repository/Property(owner)/property/area/Page_Chiragh/mat-select_Select One' is clicked on

2019-04-16 12:36:11 - [MESSAGE][PASSED] - Object: 'Object Repository/Property(owner)/property/area/Page_Chiragh/mat-select_Select One' is clicked on

2019-04-16 12:36:11 - [TEST_STEP][PASSED] - click(findTestObject("Object Repository/Property(owner)/property/area/Page_Chiragh/span_sqft")): Object: 'Object Repository/Property(owner)/property/area/Page_Chiragh/span_sqft' is clicked on

2019-04-16 12:36:11 - [MESSAGE][PASSED] - Object: 'Object Repository/Property(owner)/property/area/Page_Chiragh/span_sqft' is clicked on

2019-04-16 12:36:11 - [TEST_STEP][PASSED] - delay(3): Delayed 3 second(s)

2019-04-16 12:36:14 - [MESSAGE][PASSED] - Delayed 3 second(s)

2019-04-16 12:36:14 - [TEST_STEP][PASSED] - grossarea = RandomStringUtils.randomNumeric(4): null

2019-04-16 12:36:14 - [TEST_STEP][PASSED] - setText(findTestObject("Object Repository/Property(owner)/property/area/input_Gross Area_grossArea"), grossarea): Text '8067' is set on object 'Object Repository/Property(owner)/property/area/input_Gross Area_grossArea'

2019-04-16 12:36:15 - [MESSAGE][PASSED] - Text '8067' is set on object 'Object Repository/Property(owner)/property/area/input_Gross Area_grossArea'

2019-04-16 12:36:15 - [TEST_STEP][PASSED] - setText(findTestObject("Object Repository/Property(owner)/property/Page_Chiragh/input_Address_address"), propertyaddress): Text '5248 Raynor Curve' is set on object 'Object Repository/Property(owner)/property/Page_Chiragh/input_Address_address'

2019-04-16 12:36:15 - [MESSAGE][PASSED] - Text '5248 Raynor Curve' is set on object 'Object Repository/Property(owner)/property/Page_Chiragh/input_Address_address'

2019-04-16 12:36:15 - [TEST_STEP][PASSED] - click(findTestObject("Object Repository/Property(owner)/property/country/Page_Chiragh/span_Select")): Object: 'Object Repository/Property(owner)/property/country/Page_Chiragh/span_Select' is clicked on

2019-04-16 12:36:15 - [MESSAGE][PASSED] - Object: 'Object Repository/Property(owner)/property/country/Page_Chiragh/span_Select' is clicked on

2019-04-16 12:36:15 - [TEST_STEP][PASSED] - setText(findTestObject("Object Repository/Property(owner)/property/country/Page_Chiragh/input__select2-search__field"), "ARAB E"): Text 'ARAB E' is set on object 'Object Repository/Property(owner)/property/country/Page_Chiragh/input__select2-search__field'

2019-04-16 12:36:16 - [MESSAGE][PASSED] - Text 'ARAB E' is set on object 'Object Repository/Property(owner)/property/country/Page_Chiragh/input__select2-search__field'

2019-04-16 12:36:16 - [TEST_STEP][PASSED] - sendKeys(findTestObject("Property(owner)/property/country/Page_Chiragh/input__select2-search__field"), Keys.chord(ENTER)): Keys 'ENTER + ' sent to object: 'Object Repository/Property(owner)/property/country/Page_Chiragh/input__select2-search__field'

2019-04-16 12:36:16 - [MESSAGE][PASSED] - Keys 'ENTER + ' sent to object: 'Object Repository/Property(owner)/property/country/Page_Chiragh/input__select2-search__field'

2019-04-16 12:36:16 - [TEST_STEP][PASSED] - click(findTestObject("Property(owner)/property/city/Page_Chiragh/span_Select")): Object: 'Object Repository/Property(owner)/property/city/Page_Chiragh/span_Select' is clicked on

2019-04-16 12:36:16 - [MESSAGE][PASSED] - Object: 'Object Repository/Property(owner)/property/city/Page_Chiragh/span_Select' is clicked on

2019-04-16 12:36:16 - [TEST_STEP][PASSED] - setText(findTestObject("Property(owner)/property/city/Page_Chiragh/input__select2-search__field"), "Sharjah"): Text 'Sharjah' is set on object 'Object Repository/Property(owner)/property/city/Page_Chiragh/input__select2-search__field'

2019-04-16 12:36:16 - [MESSAGE][PASSED] - Text 'Sharjah' is set on object 'Object Repository/Property(owner)/property/city/Page_Chiragh/input__select2-search__field'

2019-04-16 12:36:16 - [TEST_STEP][PASSED] - sendKeys(findTestObject("Property(owner)/property/city/Page_Chiragh/input__select2-search__field"), Keys.chord(ENTER)): Keys 'ENTER + ' sent to object: 'Object Repository/Property(owner)/property/city/Page_Chiragh/input__select2-search__field'

2019-04-16 12:36:16 - [MESSAGE][PASSED] - Keys 'ENTER + ' sent to object: 'Object Repository/Property(owner)/property/city/Page_Chiragh/input__select2-search__field'

2019-04-16 12:36:16 - [TEST_STEP][PASSED] - setText(findTestObject("Object Repository/Property(owner)/property/map/Page_Chiragh/input_View_searchAddress"), "Hatta"): Text 'Hatta' is set on object 'Object Repository/Property(owner)/property/map/Page_Chiragh/input_View_searchAddress'

2019-04-16 12:36:17 - [MESSAGE][PASSED] - Text 'Hatta' is set on object 'Object Repository/Property(owner)/property/map/Page_Chiragh/input_View_searchAddress'

2019-04-16 12:36:17 - [TEST_STEP][PASSED] - click(findTestObject("Property(owner)/property/map/Page_Chiragh/div_HattaDubai - United Arab E")): Object: 'Object Repository/Property(owner)/property/map/Page_Chiragh/div_HattaDubai - United Arab E' is clicked on

2019-04-16 12:36:17 - [MESSAGE][PASSED] - Object: 'Object Repository/Property(owner)/property/map/Page_Chiragh/div_HattaDubai - United Arab E' is clicked on

2019-04-16 12:36:17 - [TEST_STEP][PASSED] - verifyElementPresent(findTestObject("Object Repository/Property(owner)/property/map/Page_Chiragh/div_Map DataMap data 2019 Goog"), 5): Object 'Object Repository/Property(owner)/property/map/Page_Chiragh/div_Map DataMap data 2019 Goog' is present

2019-04-16 12:36:17 - [MESSAGE][PASSED] - Object 'Object Repository/Property(owner)/property/map/Page_Chiragh/div_Map DataMap data 2019 Goog' is present

2019-04-16 12:36:17 - [TEST_STEP][PASSED] - delay(4): Delayed 4 second(s)

2019-04-16 12:36:21 - [MESSAGE][PASSED] - Delayed 4 second(s)

2019-04-16 12:36:21 - [TEST_STEP][PASSED] - waitForElementVisible(findTestObject("Object Repository/Property(owner)/property/map/Page_Chiragh/button_"), 4): Object 'Object Repository/Property(owner)/property/map/Page_Chiragh/button_' is visible

2019-04-16 12:36:21 - [MESSAGE][PASSED] - Object 'Object Repository/Property(owner)/property/map/Page_Chiragh/button_' is visible

2019-04-16 12:36:22 - [TEST_STEP][PASSED] - click(findTestObject("Object Repository/Property(owner)/property/map/Page_Chiragh/button_")): Object: 'Object Repository/Property(owner)/property/map/Page_Chiragh/button_' is clicked on

2019-04-16 12:36:22 - [MESSAGE][PASSED] - Object: 'Object Repository/Property(owner)/property/map/Page_Chiragh/button_' is clicked on

2019-04-16 12:36:22 - [TEST_STEP][PASSED] - delay(5): Delayed 5 second(s)

2019-04-16 12:36:27 - [MESSAGE][PASSED] - Delayed 5 second(s)

2019-04-16 12:36:27 - [TEST_STEP][PASSED] - developersname = company().name(): null

2019-04-16 12:36:27 - [TEST_STEP][PASSED] - setText(findTestObject("Property(owner)/property/Page_Chiragh/input_Developer Name_developer"), developersname): Text 'Kunde, Kunde and Kunde' is set on object 'Object Repository/Property(owner)/property/Page_Chiragh/input_Developer Name_developer'

2019-04-16 12:36:27 - [MESSAGE][PASSED] - Text 'Kunde, Kunde and Kunde' is set on object 'Object Repository/Property(owner)/property/Page_Chiragh/input_Developer Name_developer'

2019-04-16 12:36:27 - [TEST_STEP][PASSED] - associationnumber = RandomStringUtils.randomNumeric(7): null

2019-04-16 12:36:27 - [TEST_STEP][PASSED] - setText(findTestObject("Property(owner)/property/Page_Chiragh/input_Owner Association Number"), associationnumber): Text '4547685' is set on object 'Object Repository/Property(owner)/property/Page_Chiragh/input_Owner Association Number'

2019-04-16 12:36:28 - [MESSAGE][PASSED] - Text '4547685' is set on object 'Object Repository/Property(owner)/property/Page_Chiragh/input_Owner Association Number'

2019-04-16 12:36:28 - [TEST_STEP][PASSED] - communitynumber = RandomStringUtils.randomNumeric(7): null

2019-04-16 12:36:28 - [TEST_STEP][PASSED] - setText(findTestObject("Property(owner)/property/Page_Chiragh/input_Community Number_communi"), communitynumber): Text '5369840' is set on object 'Object Repository/Property(owner)/property/Page_Chiragh/input_Community Number_communi'

2019-04-16 12:36:28 - [MESSAGE][PASSED] - Text '5369840' is set on object 'Object Repository/Property(owner)/property/Page_Chiragh/input_Community Number_communi'

2019-04-16 12:36:28 - [TEST_STEP][PASSED] - click(findTestObject("Object Repository/Property(owner)/property/Present Use/Page_Chiragh/mat-select_Select One")): Object: 'Object Repository/Property(owner)/property/Present Use/Page_Chiragh/mat-select_Select One' is clicked on

2019-04-16 12:36:28 - [MESSAGE][PASSED] - Object: 'Object Repository/Property(owner)/property/Present Use/Page_Chiragh/mat-select_Select One' is clicked on

2019-04-16 12:36:28 - [TEST_STEP][PASSED] - click(findTestObject("Object Repository/Property(owner)/property/Present Use/Page_Chiragh/span_Commercial")): Object: 'Object Repository/Property(owner)/property/Present Use/Page_Chiragh/span_Commercial' is clicked on

2019-04-16 12:36:28 - [MESSAGE][PASSED] - Object: 'Object Repository/Property(owner)/property/Present Use/Page_Chiragh/span_Commercial' is clicked on

2019-04-16 12:36:28 - [TEST_STEP][PASSED] - approxage = RandomStringUtils.randomNumeric(1): null

2019-04-16 12:36:28 - [TEST_STEP][PASSED] - setText(findTestObject("Property(owner)/property/Page_Chiragh/input_Property Approx. Age_pro"), approxage + " Years"): Text '9 Years' is set on object 'Object Repository/Property(owner)/property/Page_Chiragh/input_Property Approx. Age_pro'

2019-04-16 12:36:29 - [MESSAGE][PASSED] - Text '9 Years' is set on object 'Object Repository/Property(owner)/property/Page_Chiragh/input_Property Approx. Age_pro'

2019-04-16 12:36:29 - [TEST_STEP][PASSED] - noOfBedrooms = RandomStringUtils.randomNumeric(1): null

2019-04-16 12:36:29 - [TEST_STEP][PASSED] - setText(findTestObject("Property(owner)/property/Page_Chiragh/input_Bedrooms_noOfBedrooms"), noOfBedrooms): Text '3' is set on object 'Object Repository/Property(owner)/property/Page_Chiragh/input_Bedrooms_noOfBedrooms'

2019-04-16 12:36:29 - [MESSAGE][PASSED] - Text '3' is set on object 'Object Repository/Property(owner)/property/Page_Chiragh/input_Bedrooms_noOfBedrooms'

2019-04-16 12:36:29 - [TEST_STEP][PASSED] - setText(findTestObject("Property(owner)/property/Page_Chiragh/input_Bathrooms_noOfBaths"), noOfBedrooms): Text '3' is set on object 'Object Repository/Property(owner)/property/Page_Chiragh/input_Bathrooms_noOfBaths'

2019-04-16 12:36:29 - [MESSAGE][PASSED] - Text '3' is set on object 'Object Repository/Property(owner)/property/Page_Chiragh/input_Bathrooms_noOfBaths'

2019-04-16 12:36:29 - [TEST_STEP][PASSED] - setText(findTestObject("Property(owner)/property/Page_Chiragh/input_Car Parks_carParks"), "2"): Text '2' is set on object 'Object Repository/Property(owner)/property/Page_Chiragh/input_Car Parks_carParks'

2019-04-16 12:36:30 - [MESSAGE][PASSED] - Text '2' is set on object 'Object Repository/Property(owner)/property/Page_Chiragh/input_Car Parks_carParks'

2019-04-16 12:36:30 - [TEST_STEP][PASSED] - setText(findTestObject("Property(owner)/property/Page_Chiragh/input_Kitchens_kitchens"), "2"): Text '2' is set on object 'Object Repository/Property(owner)/property/Page_Chiragh/input_Kitchens_kitchens'

2019-04-16 12:36:30 - [MESSAGE][PASSED] - Text '2' is set on object 'Object Repository/Property(owner)/property/Page_Chiragh/input_Kitchens_kitchens'

2019-04-16 12:36:30 - [TEST_STEP][PASSED] - setText(findTestObject("Property(owner)/property/Page_Chiragh/input_Floor No._floorNo"), "1"): Text '1' is set on object 'Object Repository/Property(owner)/property/Page_Chiragh/input_Floor No._floorNo'

2019-04-16 12:36:30 - [MESSAGE][PASSED] - Text '1' is set on object 'Object Repository/Property(owner)/property/Page_Chiragh/input_Floor No._floorNo'

2019-04-16 12:36:30 - [TEST_STEP][PASSED] - setText(findTestObject("Property(owner)/property/Page_Chiragh/input_Unit No._noUnits"), "1"): Text '1' is set on object 'Object Repository/Property(owner)/property/Page_Chiragh/input_Unit No._noUnits'

2019-04-16 12:36:30 - [MESSAGE][PASSED] - Text '1' is set on object 'Object Repository/Property(owner)/property/Page_Chiragh/input_Unit No._noUnits'

2019-04-16 12:36:30 - [TEST_STEP][PASSED] - setText(findTestObject("Property(owner)/property/Page_Chiragh/input_No. of Floors_noOfFloors"), "3"): Text '3' is set on object 'Object Repository/Property(owner)/property/Page_Chiragh/input_No. of Floors_noOfFloors'

2019-04-16 12:36:30 - [MESSAGE][PASSED] - Text '3' is set on object 'Object Repository/Property(owner)/property/Page_Chiragh/input_No. of Floors_noOfFloors'

2019-04-16 12:36:30 - [TEST_STEP][PASSED] - setText(findTestObject("Property(owner)/property/Page_Chiragh/input_No. of Shops_noShops"), "1"): Text '1' is set on object 'Object Repository/Property(owner)/property/Page_Chiragh/input_No. of Shops_noShops'

2019-04-16 12:36:31 - [MESSAGE][PASSED] - Text '1' is set on object 'Object Repository/Property(owner)/property/Page_Chiragh/input_No. of Shops_noShops'

2019-04-16 12:36:31 - [TEST_STEP][PASSED] - click(findTestObject("Object Repository/Property(owner)/property/Features/Page_Chiragh/span_Community View_check mr-2")): Object: 'Object Repository/Property(owner)/property/Features/Page_Chiragh/span_Community View_check mr-2' is clicked on

2019-04-16 12:36:31 - [MESSAGE][PASSED] - Object: 'Object Repository/Property(owner)/property/Features/Page_Chiragh/span_Community View_check mr-2' is clicked on

2019-04-16 12:36:31 - [TEST_STEP][PASSED] - click(findTestObject("Object Repository/Property(owner)/property/Features/Page_Chiragh/span_Covered Parking_check mr-")): Object: 'Object Repository/Property(owner)/property/Features/Page_Chiragh/span_Covered Parking_check mr-' is clicked on

2019-04-16 12:36:31 - [MESSAGE][PASSED] - Object: 'Object Repository/Property(owner)/property/Features/Page_Chiragh/span_Covered Parking_check mr-' is clicked on

2019-04-16 12:36:31 - [TEST_STEP][PASSED] - click(findTestObject("Object Repository/Property(owner)/property/Features/Page_Chiragh/span_Fully Fitted Kitchen_chec")): Object: 'Object Repository/Property(owner)/property/Features/Page_Chiragh/span_Fully Fitted Kitchen_chec' is clicked on

2019-04-16 12:36:31 - [MESSAGE][PASSED] - Object: 'Object Repository/Property(owner)/property/Features/Page_Chiragh/span_Fully Fitted Kitchen_chec' is clicked on

2019-04-16 12:36:31 - [TEST_STEP][PASSED] - click(findTestObject("Object Repository/Property(owner)/property/Features/Page_Chiragh/span_Fully Furnished_check mr-")): Object: 'Object Repository/Property(owner)/property/Features/Page_Chiragh/span_Fully Furnished_check mr-' is clicked on

2019-04-16 12:36:31 - [MESSAGE][PASSED] - Object: 'Object Repository/Property(owner)/property/Features/Page_Chiragh/span_Fully Furnished_check mr-' is clicked on

2019-04-16 12:36:31 - [TEST_STEP][PASSED] - click(findTestObject("Object Repository/Property(owner)/property/Features/Page_Chiragh/span_Intercom_check mr-2")): Object: 'Object Repository/Property(owner)/property/Features/Page_Chiragh/span_Intercom_check mr-2' is clicked on

2019-04-16 12:36:31 - [MESSAGE][PASSED] - Object: 'Object Repository/Property(owner)/property/Features/Page_Chiragh/span_Intercom_check mr-2' is clicked on

2019-04-16 12:36:31 - [TEST_STEP][PASSED] - click(findTestObject("Object Repository/Property(owner)/property/Facilities/Page_Chiragh/span_Basket Ball Court_check m")): Object: 'Object Repository/Property(owner)/property/Facilities/Page_Chiragh/span_Basket Ball Court_check m' is clicked on

2019-04-16 12:36:31 - [MESSAGE][PASSED] - Object: 'Object Repository/Property(owner)/property/Facilities/Page_Chiragh/span_Basket Ball Court_check m' is clicked on

2019-04-16 12:36:31 - [TEST_STEP][PASSED] - click(findTestObject("Object Repository/Property(owner)/property/Facilities/Page_Chiragh/span_Children Play Area_check")): Object: 'Object Repository/Property(owner)/property/Facilities/Page_Chiragh/span_Children Play Area_check' is clicked on

2019-04-16 12:36:31 - [MESSAGE][PASSED] - Object: 'Object Repository/Property(owner)/property/Facilities/Page_Chiragh/span_Children Play Area_check' is clicked on

2019-04-16 12:36:31 - [TEST_STEP][PASSED] - click(findTestObject("Object Repository/Property(owner)/property/Facilities/Page_Chiragh/span_Business Center_check mr-")): Object: 'Object Repository/Property(owner)/property/Facilities/Page_Chiragh/span_Business Center_check mr-' is clicked on

2019-04-16 12:36:32 - [MESSAGE][PASSED] - Object: 'Object Repository/Property(owner)/property/Facilities/Page_Chiragh/span_Business Center_check mr-' is clicked on

2019-04-16 12:36:32 - [TEST_STEP][PASSED] - click(findTestObject("Object Repository/Property(owner)/property/Facilities/Page_Chiragh/span_Facilities_check mr-2")): Object: 'Object Repository/Property(owner)/property/Facilities/Page_Chiragh/span_Facilities_check mr-2' is clicked on

2019-04-16 12:36:32 - [MESSAGE][PASSED] - Object: 'Object Repository/Property(owner)/property/Facilities/Page_Chiragh/span_Facilities_check mr-2' is clicked on

2019-04-16 12:36:32 - [TEST_STEP][PASSED] - click(findTestObject("Object Repository/Property(owner)/property/Neighbourhood Information/Page_Chiragh/span_Beaches_check mr-2")): Object: 'Object Repository/Property(owner)/property/Neighbourhood Information/Page_Chiragh/span_Beaches_check mr-2' is clicked on

2019-04-16 12:36:32 - [MESSAGE][PASSED] - Object: 'Object Repository/Property(owner)/property/Neighbourhood Information/Page_Chiragh/span_Beaches_check mr-2' is clicked on

2019-04-16 12:36:32 - [TEST_STEP][PASSED] - click(findTestObject("Object Repository/Property(owner)/property/Neighbourhood Information/Page_Chiragh/span_Medical Centers_check mr-")): Object: 'Object Repository/Property(owner)/property/Neighbourhood Information/Page_Chiragh/span_Medical Centers_check mr-' is clicked on

2019-04-16 12:36:32 - [MESSAGE][PASSED] - Object: 'Object Repository/Property(owner)/property/Neighbourhood Information/Page_Chiragh/span_Medical Centers_check mr-' is clicked on

2019-04-16 12:36:32 - [TEST_STEP][PASSED] - click(findTestObject("Object Repository/Property(owner)/property/Neighbourhood Information/Page_Chiragh/span_Mosques_check mr-2")): Object: 'Object Repository/Property(owner)/property/Neighbourhood Information/Page_Chiragh/span_Mosques_check mr-2' is clicked on

2019-04-16 12:36:32 - [MESSAGE][PASSED] - Object: 'Object Repository/Property(owner)/property/Neighbourhood Information/Page_Chiragh/span_Mosques_check mr-2' is clicked on

2019-04-16 12:36:32 - [TEST_STEP][PASSED] - click(findTestObject("Object Repository/Property(owner)/property/Neighbourhood Information/Page_Chiragh/span_Park_check mr-2")): Object: 'Object Repository/Property(owner)/property/Neighbourhood Information/Page_Chiragh/span_Park_check mr-2' is clicked on

2019-04-16 12:36:32 - [MESSAGE][PASSED] - Object: 'Object Repository/Property(owner)/property/Neighbourhood Information/Page_Chiragh/span_Park_check mr-2' is clicked on

2019-04-16 12:36:32 - [TEST_STEP][PASSED] - click(findTestObject("Object Repository/Property(owner)/property/Neighbourhood Information/Page_Chiragh/span_Schools_check mr-2")): Object: 'Object Repository/Property(owner)/property/Neighbourhood Information/Page_Chiragh/span_Schools_check mr-2' is clicked on

2019-04-16 12:36:32 - [MESSAGE][PASSED] - Object: 'Object Repository/Property(owner)/property/Neighbourhood Information/Page_Chiragh/span_Schools_check mr-2' is clicked on

2019-04-16 12:36:32 - [TEST_STEP][PASSED] - click(findTestObject("Object Repository/Property(owner)/property/Neighbourhood Information/Page_Chiragh/span_Super Markets_check mr-2")): Object: 'Object Repository/Property(owner)/property/Neighbourhood Information/Page_Chiragh/span_Super Markets_check mr-2' is clicked on

2019-04-16 12:36:33 - [MESSAGE][PASSED] - Object: 'Object Repository/Property(owner)/property/Neighbourhood Information/Page_Chiragh/span_Super Markets_check mr-2' is clicked on

2019-04-16 12:36:33 - [TEST_STEP][PASSED] - setText(findTestObject("Object Repository/Property(owner)/property/Page_Chiragh/textarea_Description_propertyD"), "property for sale"): Text 'property for sale' is set on object 'Object Repository/Property(owner)/property/Page_Chiragh/textarea_Description_propertyD'

2019-04-16 12:36:33 - [MESSAGE][PASSED] - Text 'property for sale' is set on object 'Object Repository/Property(owner)/property/Page_Chiragh/textarea_Description_propertyD'

2019-04-16 12:36:33 - [TEST_STEP][PASSED] - scrollToElement(findTestObject("Object Repository/Property(owner)/property/Scanned Title Deed/Page_Chiragh/div_jpg png pdf accepted with"), 5): Scroll to object 'Object Repository/Property(owner)/property/Scanned Title Deed/Page_Chiragh/div_jpg png pdf accepted with' successfully

2019-04-16 12:36:33 - [MESSAGE][PASSED] - Scroll to object 'Object Repository/Property(owner)/property/Scanned Title Deed/Page_Chiragh/div_jpg png pdf accepted with' successfully

2019-04-16 12:36:33 - [TEST_STEP][PASSED] - delay(7): Delayed 7 second(s)

2019-04-16 12:36:40 - [MESSAGE][PASSED] - Delayed 7 second(s)

2019-04-16 12:36:40 - [TEST_STEP][PASSED] - uploadFile(findTestObject("Object Repository/Property(owner)/property/Scanned Title Deed/Page_Chiragh/div_Scanned Title Deed_doc-upl"), "C:\Users\HP\Katalon Studio\register\Include\images\Scanned Passport Copy.png"): File 'C:\Users\HP\Katalon Studio\register\Include\images\Scanned Passport Copy.png' sent to object: 'Object Repository/Property(owner)/property/Scanned Title Deed/Page_Chiragh/div_Scanned Title Deed_doc-upl'

2019-04-16 12:36:40 - [MESSAGE][PASSED] - File 'C:\Users\HP\Katalon Studio\register\Include\images\Scanned Passport Copy.png' sent to object: 'Object Repository/Property(owner)/property/Scanned Title Deed/Page_Chiragh/div_Scanned Title Deed_doc-upl'

2019-04-16 12:36:40 - [TEST_STEP][PASSED] - scrollToElement(findTestObject("Object Repository/Property(owner)/property/SPA/Page_Chiragh/div_Upload_upload-doc-div"), 5): Scroll to object 'Object Repository/Property(owner)/property/SPA/Page_Chiragh/div_Upload_upload-doc-div' successfully

2019-04-16 12:36:40 - [MESSAGE][PASSED] - Scroll to object 'Object Repository/Property(owner)/property/SPA/Page_Chiragh/div_Upload_upload-doc-div' successfully

2019-04-16 12:36:40 - [TEST_STEP][PASSED] - delay(7): Delayed 7 second(s)

2019-04-16 12:36:47 - [MESSAGE][PASSED] - Delayed 7 second(s)

2019-04-16 12:36:47 - [TEST_STEP][PASSED] - uploadFile(findTestObject("Object Repository/Property(owner)/property/SPA/Page_Chiragh/Page_Chiragh/div_(Sale purchase agreement)_"), "C:\Users\HP\Katalon Studio\register\Include\images\Scanned Passport Copy.png"): File 'C:\Users\HP\Katalon Studio\register\Include\images\Scanned Passport Copy.png' sent to object: 'Object Repository/Property(owner)/property/SPA/Page_Chiragh/Page_Chiragh/div_(Sale purchase agreement)_'

2019-04-16 12:36:47 - [MESSAGE][PASSED] - File 'C:\Users\HP\Katalon Studio\register\Include\images\Scanned Passport Copy.png' sent to object: 'Object Repository/Property(owner)/property/SPA/Page_Chiragh/Page_Chiragh/div_(Sale purchase agreement)_'

2019-04-16 12:36:47 - [TEST_STEP][PASSED] - delay(7): Delayed 7 second(s)

2019-04-16 12:36:54 - [MESSAGE][PASSED] - Delayed 7 second(s)

2019-04-16 12:36:54 - [TEST_STEP][PASSED] - click(findTestObject("Object Repository/Property(owner)/property/Page_Chiragh/button_Next")): Object: 'Object Repository/Property(owner)/property/Page_Chiragh/button_Next' is clicked on

2019-04-16 12:36:55 - [MESSAGE][PASSED] - Object: 'Object Repository/Property(owner)/property/Page_Chiragh/button_Next' is clicked on

2019-04-16 12:36:55 - [TEST_STEP][PASSED] - delay(3): Delayed 3 second(s)

2019-04-16 12:36:58 - [MESSAGE][PASSED] - Delayed 3 second(s)

2019-04-16 12:36:58 - [TEST_STEP][PASSED] - click(findTestObject("Property(owner)/mortgage/Mortgage Status/Page_Chiragh/mat-select_Select One")): Object: 'Object Repository/Property(owner)/mortgage/Mortgage Status/Page_Chiragh/mat-select_Select One' is clicked on

2019-04-16 12:36:59 - [MESSAGE][PASSED] - Object: 'Object Repository/Property(owner)/mortgage/Mortgage Status/Page_Chiragh/mat-select_Select One' is clicked on

2019-04-16 12:36:59 - [TEST_STEP][PASSED] - click(findTestObject("Property(owner)/mortgage/Mortgage Status/Page_Chiragh/span_Yes")): Object: 'Object Repository/Property(owner)/mortgage/Mortgage Status/Page_Chiragh/span_Yes' is clicked on

2019-04-16 12:36:59 - [MESSAGE][PASSED] - Object: 'Object Repository/Property(owner)/mortgage/Mortgage Status/Page_Chiragh/span_Yes' is clicked on

2019-04-16 12:36:59 - [TEST_STEP][PASSED] - Mortgagenumber = RandomStringUtils.randomNumeric(7): null

2019-04-16 12:36:59 - [TEST_STEP][PASSED] - setText(findTestObject("Property(owner)/mortgage/Page_Chiragh/input_Mortgage Number_morgageR"), Mortgagenumber): Text '1747209' is set on object 'Object Repository/Property(owner)/mortgage/Page_Chiragh/input_Mortgage Number_morgageR'

2019-04-16 12:36:59 - [MESSAGE][PASSED] - Text '1747209' is set on object 'Object Repository/Property(owner)/mortgage/Page_Chiragh/input_Mortgage Number_morgageR'

2019-04-16 12:36:59 - [TEST_STEP][PASSED] - MortgageInitialAmount = RandomStringUtils.randomNumeric(7): null

2019-04-16 12:37:00 - [TEST_STEP][PASSED] - setText(findTestObject("Property(owner)/mortgage/Page_Chiragh/input_Mortgage Initial Amount_"), MortgageInitialAmount): Text '4704123' is set on object 'Object Repository/Property(owner)/mortgage/Page_Chiragh/input_Mortgage Initial Amount_'

2019-04-16 12:37:00 - [MESSAGE][PASSED] - Text '4704123' is set on object 'Object Repository/Property(owner)/mortgage/Page_Chiragh/input_Mortgage Initial Amount_'

2019-04-16 12:37:00 - [TEST_STEP][PASSED] - delay(3): Delayed 3 second(s)

2019-04-16 12:37:03 - [MESSAGE][PASSED] - Delayed 3 second(s)

2019-04-16 12:37:03 - [TEST_STEP][PASSED] - click(findTestObject("Object Repository/Property(owner)/mortgage/Mortgage Start Date/Page_Chiragh/mat-form-field_Mortgage Start")): Object: 'Object Repository/Property(owner)/mortgage/Mortgage Start Date/Page_Chiragh/mat-form-field_Mortgage Start' is clicked on

2019-04-16 12:37:03 - [MESSAGE][PASSED] - Object: 'Object Repository/Property(owner)/mortgage/Mortgage Start Date/Page_Chiragh/mat-form-field_Mortgage Start' is clicked on

2019-04-16 12:37:03 - [TEST_STEP][PASSED] - click(findTestObject("Object Repository/Property(owner)/mortgage/Mortgage Start Date/Page_Chiragh/button_Mortgage Start Date_mat")): Object: 'Object Repository/Property(owner)/mortgage/Mortgage Start Date/Page_Chiragh/button_Mortgage Start Date_mat' is clicked on

2019-04-16 12:37:03 - [MESSAGE][PASSED] - Object: 'Object Repository/Property(owner)/mortgage/Mortgage Start Date/Page_Chiragh/button_Mortgage Start Date_mat' is clicked on

2019-04-16 12:37:03 - [TEST_STEP][PASSED] - click(findTestObject("Object Repository/Property(owner)/mortgage/Mortgage Start Date/Page_Chiragh/button_JAN 2019")): Object: 'Object Repository/Property(owner)/mortgage/Mortgage Start Date/Page_Chiragh/button_JAN 2019' is clicked on

2019-04-16 12:37:03 - [MESSAGE][PASSED] - Object: 'Object Repository/Property(owner)/mortgage/Mortgage Start Date/Page_Chiragh/button_JAN 2019' is clicked on

2019-04-16 12:37:03 - [TEST_STEP][PASSED] - click(findTestObject("Object Repository/Property(owner)/mortgage/Mortgage Start Date/Page_Chiragh/div_2022")): Object: 'Object Repository/Property(owner)/mortgage/Mortgage Start Date/Page_Chiragh/div_2022' is clicked on

2019-04-16 12:37:03 - [MESSAGE][PASSED] - Object: 'Object Repository/Property(owner)/mortgage/Mortgage Start Date/Page_Chiragh/div_2022' is clicked on

2019-04-16 12:37:03 - [TEST_STEP][PASSED] - click(findTestObject("Object Repository/Property(owner)/mortgage/Mortgage Start Date/Page_Chiragh/div_NOV")): Object: 'Object Repository/Property(owner)/mortgage/Mortgage Start Date/Page_Chiragh/div_NOV' is clicked on

2019-04-16 12:37:04 - [MESSAGE][PASSED] - Object: 'Object Repository/Property(owner)/mortgage/Mortgage Start Date/Page_Chiragh/div_NOV' is clicked on

2019-04-16 12:37:04 - [TEST_STEP][PASSED] - click(findTestObject("Object Repository/Property(owner)/mortgage/Mortgage Start Date/Page_Chiragh/div_17"), STOP_ON_FAILURE): Object: 'Object Repository/Property(owner)/mortgage/Mortgage Start Date/Page_Chiragh/div_17' is clicked on

2019-04-16 12:37:04 - [MESSAGE][PASSED] - Object: 'Object Repository/Property(owner)/mortgage/Mortgage Start Date/Page_Chiragh/div_17' is clicked on

2019-04-16 12:37:04 - [TEST_STEP][PASSED] - click(findTestObject("Property(owner)/mortgage/Mortgage Period/Page_Chiragh/mat-select_Year")): Object: 'Object Repository/Property(owner)/mortgage/Mortgage Period/Page_Chiragh/mat-select_Year' is clicked on

2019-04-16 12:37:04 - [MESSAGE][PASSED] - Object: 'Object Repository/Property(owner)/mortgage/Mortgage Period/Page_Chiragh/mat-select_Year' is clicked on

2019-04-16 12:37:04 - [TEST_STEP][PASSED] - click(findTestObject("Property(owner)/mortgage/Mortgage Period/Page_Chiragh/span_3")): Object: 'Object Repository/Property(owner)/mortgage/Mortgage Period/Page_Chiragh/span_3' is clicked on

2019-04-16 12:37:04 - [MESSAGE][PASSED] - Object: 'Object Repository/Property(owner)/mortgage/Mortgage Period/Page_Chiragh/span_3' is clicked on

2019-04-16 12:37:04 - [TEST_STEP][PASSED] - OutstandingAmount = RandomStringUtils.randomNumeric(7): null

2019-04-16 12:37:04 - [TEST_STEP][PASSED] - setText(findTestObject("Property(owner)/mortgage/Page_Chiragh/input_Outstanding Amount_outst"), OutstandingAmount): Text '9094124' is set on object 'Object Repository/Property(owner)/mortgage/Page_Chiragh/input_Outstanding Amount_outst'

2019-04-16 12:37:04 - [MESSAGE][PASSED] - Text '9094124' is set on object 'Object Repository/Property(owner)/mortgage/Page_Chiragh/input_Outstanding Amount_outst'

2019-04-16 12:37:04 - [TEST_STEP][PASSED] - MonthlyMortgagepayment = RandomStringUtils.randomNumeric(7): null

2019-04-16 12:37:04 - [TEST_STEP][PASSED] - setText(findTestObject("Property(owner)/mortgage/Page_Chiragh/input_Monthly Mortgage payment"), MonthlyMortgagepayment): Text '6762030' is set on object 'Object Repository/Property(owner)/mortgage/Page_Chiragh/input_Monthly Mortgage payment'

2019-04-16 12:37:05 - [MESSAGE][PASSED] - Text '6762030' is set on object 'Object Repository/Property(owner)/mortgage/Page_Chiragh/input_Monthly Mortgage payment'

2019-04-16 12:37:05 - [TEST_STEP][PASSED] - click(findTestObject("Property(owner)/mortgage/Financing/Page_Chiragh/span_Select Bank")): Object: 'Object Repository/Property(owner)/mortgage/Financing/Page_Chiragh/span_Select Bank' is clicked on

2019-04-16 12:37:05 - [MESSAGE][PASSED] - Object: 'Object Repository/Property(owner)/mortgage/Financing/Page_Chiragh/span_Select Bank' is clicked on

2019-04-16 12:37:05 - [TEST_STEP][PASSED] - setText(findTestObject("Property(owner)/mortgage/Financing/Page_Chiragh/input__select2-search__field"), "Other"): Text 'Other' is set on object 'Object Repository/Property(owner)/mortgage/Financing/Page_Chiragh/input__select2-search__field'

2019-04-16 12:37:05 - [MESSAGE][PASSED] - Text 'Other' is set on object 'Object Repository/Property(owner)/mortgage/Financing/Page_Chiragh/input__select2-search__field'

2019-04-16 12:37:05 - [TEST_STEP][PASSED] - sendKeys(findTestObject("Property(owner)/mortgage/Financing/Page_Chiragh/input__select2-search__field"), Keys.chord(ENTER)): Keys 'ENTER + ' sent to object: 'Object Repository/Property(owner)/mortgage/Financing/Page_Chiragh/input__select2-search__field'

2019-04-16 12:37:05 - [MESSAGE][PASSED] - Keys 'ENTER + ' sent to object: 'Object Repository/Property(owner)/mortgage/Financing/Page_Chiragh/input__select2-search__field'

2019-04-16 12:37:05 - [TEST_STEP][PASSED] - setText(findTestObject("Property(owner)/mortgage/Financing/Page_Chiragh/input_Other_otherBank"), "UAE Bank"): Text 'UAE Bank' is set on object 'Object Repository/Property(owner)/mortgage/Financing/Page_Chiragh/input_Other_otherBank'

2019-04-16 12:37:05 - [MESSAGE][PASSED] - Text 'UAE Bank' is set on object 'Object Repository/Property(owner)/mortgage/Financing/Page_Chiragh/input_Other_otherBank'

2019-04-16 12:37:05 - [TEST_STEP][PASSED] - scrollToElement(findTestObject("Object Repository/Property(owner)/mortgage/Scanned NOC Form/Page_Chiragh/div_jpg png pdf accepted with"), 5): Scroll to object 'Object Repository/Property(owner)/mortgage/Scanned NOC Form/Page_Chiragh/div_jpg png pdf accepted with' successfully

2019-04-16 12:37:05 - [MESSAGE][PASSED] - Scroll to object 'Object Repository/Property(owner)/mortgage/Scanned NOC Form/Page_Chiragh/div_jpg png pdf accepted with' successfully

2019-04-16 12:37:05 - [TEST_STEP][PASSED] - delay(7): Delayed 7 second(s)

2019-04-16 12:37:12 - [MESSAGE][PASSED] - Delayed 7 second(s)

2019-04-16 12:37:12 - [TEST_STEP][PASSED] - uploadFile(findTestObject("Object Repository/Property(owner)/mortgage/Scanned NOC Form/Page_Chiragh/div_(Mortgage Company)_doc-upl"), "C:\Users\HP\Katalon Studio\register\Include\images\Scanned Passport Copy.png"): File 'C:\Users\HP\Katalon Studio\register\Include\images\Scanned Passport Copy.png' sent to object: 'Object Repository/Property(owner)/mortgage/Scanned NOC Form/Page_Chiragh/div_(Mortgage Company)_doc-upl'

2019-04-16 12:37:13 - [MESSAGE][PASSED] - File 'C:\Users\HP\Katalon Studio\register\Include\images\Scanned Passport Copy.png' sent to object: 'Object Repository/Property(owner)/mortgage/Scanned NOC Form/Page_Chiragh/div_(Mortgage Company)_doc-upl'

2019-04-16 12:37:13 - [TEST_STEP][PASSED] - scrollToElement(findTestObject("Object Repository/Property(owner)/mortgage/other/Page_Chiragh/div_Upload_upload-doc-div"), 5): Scroll to object 'Object Repository/Property(owner)/mortgage/other/Page_Chiragh/div_Upload_upload-doc-div' successfully

2019-04-16 12:37:13 - [MESSAGE][PASSED] - Scroll to object 'Object Repository/Property(owner)/mortgage/other/Page_Chiragh/div_Upload_upload-doc-div' successfully

2019-04-16 12:37:13 - [TEST_STEP][PASSED] - delay(7): Delayed 7 second(s)

2019-04-16 12:37:20 - [MESSAGE][PASSED] - Delayed 7 second(s)

2019-04-16 12:37:20 - [TEST_STEP][PASSED] - uploadFile(findTestObject("Object Repository/Property(owner)/mortgage/other/Page_Chiragh/div_Other_doc-upload"), "C:\Users\HP\Katalon Studio\register\Include\images\Scanned Passport Copy.png"): File 'C:\Users\HP\Katalon Studio\register\Include\images\Scanned Passport Copy.png' sent to object: 'Object Repository/Property(owner)/mortgage/other/Page_Chiragh/div_Other_doc-upload'

2019-04-16 12:37:20 - [MESSAGE][PASSED] - File 'C:\Users\HP\Katalon Studio\register\Include\images\Scanned Passport Copy.png' sent to object: 'Object Repository/Property(owner)/mortgage/other/Page_Chiragh/div_Other_doc-upload'

2019-04-16 12:37:20 - [TEST_STEP][PASSED] - delay(5): Delayed 5 second(s)

2019-04-16 12:37:25 - [MESSAGE][PASSED] - Delayed 5 second(s)

2019-04-16 12:37:25 - [TEST_STEP][PASSED] - click(findTestObject("Property(owner)/mortgage/Page_Chiragh/button_Next")): Object: 'Object Repository/Property(owner)/mortgage/Page_Chiragh/button_Next' is clicked on

2019-04-16 12:37:25 - [MESSAGE][PASSED] - Object: 'Object Repository/Property(owner)/mortgage/Page_Chiragh/button_Next' is clicked on

2019-04-16 12:37:25 - [TEST_STEP][PASSED] - delay(3): Delayed 3 second(s)

2019-04-16 12:37:28 - [MESSAGE][PASSED] - Delayed 3 second(s)

2019-04-16 12:37:28 - [TEST_STEP][PASSED] - click(findTestObject("Property(owner)/rent/Property Rented/Page_Chiragh/mat-select_Select One")): Object: 'Object Repository/Property(owner)/rent/Property Rented/Page_Chiragh/mat-select_Select One' is clicked on

2019-04-16 12:37:28 - [MESSAGE][PASSED] - Object: 'Object Repository/Property(owner)/rent/Property Rented/Page_Chiragh/mat-select_Select One' is clicked on

2019-04-16 12:37:28 - [TEST_STEP][PASSED] - click(findTestObject("Property(owner)/rent/Property Rented/Page_Chiragh/span_Yes")): Object: 'Object Repository/Property(owner)/rent/Property Rented/Page_Chiragh/span_Yes' is clicked on

2019-04-16 12:37:28 - [MESSAGE][PASSED] - Object: 'Object Repository/Property(owner)/rent/Property Rented/Page_Chiragh/span_Yes' is clicked on

2019-04-16 12:37:28 - [TEST_STEP][PASSED] - EjariNumber = RandomStringUtils.randomNumeric(7): null

2019-04-16 12:37:28 - [TEST_STEP][PASSED] - setText(findTestObject("Property(owner)/rent/Page_Chiragh/input_Ejari Number_rentalEjari"), EjariNumber): Text '5280149' is set on object 'Object Repository/Property(owner)/rent/Page_Chiragh/input_Ejari Number_rentalEjari'

2019-04-16 12:37:29 - [MESSAGE][PASSED] - Text '5280149' is set on object 'Object Repository/Property(owner)/rent/Page_Chiragh/input_Ejari Number_rentalEjari'

2019-04-16 12:37:29 - [TEST_STEP][PASSED] - tenantName = name().firstName(): null

2019-04-16 12:37:29 - [TEST_STEP][PASSED] - setText(findTestObject("Property(owner)/rent/Page_Chiragh/input_Tenant Name_tenantName"), tenantName): Text 'Ernie' is set on object 'Object Repository/Property(owner)/rent/Page_Chiragh/input_Tenant Name_tenantName'

2019-04-16 12:37:29 - [MESSAGE][PASSED] - Text 'Ernie' is set on object 'Object Repository/Property(owner)/rent/Page_Chiragh/input_Tenant Name_tenantName'

2019-04-16 12:37:29 - [TEST_STEP][PASSED] - AnnualRentAmount = RandomStringUtils.randomNumeric(7): null

2019-04-16 12:37:29 - [TEST_STEP][PASSED] - setText(findTestObject("Property(owner)/rent/Page_Chiragh/input_Annual Rent Amount_renta"), AnnualRentAmount): Text '9548053' is set on object 'Object Repository/Property(owner)/rent/Page_Chiragh/input_Annual Rent Amount_renta'

2019-04-16 12:37:29 - [MESSAGE][PASSED] - Text '9548053' is set on object 'Object Repository/Property(owner)/rent/Page_Chiragh/input_Annual Rent Amount_renta'

2019-04-16 12:37:29 - [TEST_STEP][PASSED] - delay(7): Delayed 7 second(s)

2019-04-16 12:37:36 - [MESSAGE][PASSED] - Delayed 7 second(s)

2019-04-16 12:37:36 - [TEST_STEP][PASSED] - click(findTestObject("Property(owner)/rent/Payment Structure/Page_Chiragh/mat-select_Select One")): Object: 'Object Repository/Property(owner)/rent/Payment Structure/Page_Chiragh/mat-select_Select One' is clicked on

2019-04-16 12:37:36 - [MESSAGE][PASSED] - Object: 'Object Repository/Property(owner)/rent/Payment Structure/Page_Chiragh/mat-select_Select One' is clicked on

2019-04-16 12:37:36 - [TEST_STEP][PASSED] - click(findTestObject("Property(owner)/rent/Payment Structure/Page_Chiragh/span_2")): Object: 'Object Repository/Property(owner)/rent/Payment Structure/Page_Chiragh/span_2' is clicked on

2019-04-16 12:37:36 - [MESSAGE][PASSED] - Object: 'Object Repository/Property(owner)/rent/Payment Structure/Page_Chiragh/span_2' is clicked on

2019-04-16 12:37:36 - [TEST_STEP][PASSED] - click(findTestObject("Property(owner)/rent/Lease Start Date/Page_Chiragh/div_Lease Start Date_mat-form-")): Object: 'Object Repository/Property(owner)/rent/Lease Start Date/Page_Chiragh/div_Lease Start Date_mat-form-' is clicked on

2019-04-16 12:37:37 - [MESSAGE][PASSED] - Object: 'Object Repository/Property(owner)/rent/Lease Start Date/Page_Chiragh/div_Lease Start Date_mat-form-' is clicked on

2019-04-16 12:37:37 - [TEST_STEP][PASSED] - click(findTestObject("Property(owner)/rent/Lease Start Date/Page_Chiragh/button_Lease Start Date_mat-ic")): Object: 'Object Repository/Property(owner)/rent/Lease Start Date/Page_Chiragh/button_Lease Start Date_mat-ic' is clicked on

2019-04-16 12:37:37 - [MESSAGE][PASSED] - Object: 'Object Repository/Property(owner)/rent/Lease Start Date/Page_Chiragh/button_Lease Start Date_mat-ic' is clicked on

2019-04-16 12:37:37 - [TEST_STEP][PASSED] - click(findTestObject("Property(owner)/rent/Lease Start Date/Page_Chiragh/button_JAN 2019")): Object: 'Object Repository/Property(owner)/rent/Lease Start Date/Page_Chiragh/button_JAN 2019' is clicked on

2019-04-16 12:37:37 - [MESSAGE][PASSED] - Object: 'Object Repository/Property(owner)/rent/Lease Start Date/Page_Chiragh/button_JAN 2019' is clicked on

2019-04-16 12:37:37 - [TEST_STEP][PASSED] - click(findTestObject("Property(owner)/rent/Lease Start Date/Page_Chiragh/div_2022")): Object: 'Object Repository/Property(owner)/rent/Lease Start Date/Page_Chiragh/div_2022' is clicked on

2019-04-16 12:37:37 - [MESSAGE][PASSED] - Object: 'Object Repository/Property(owner)/rent/Lease Start Date/Page_Chiragh/div_2022' is clicked on

2019-04-16 12:37:37 - [TEST_STEP][PASSED] - click(findTestObject("Property(owner)/rent/Lease Start Date/Page_Chiragh/div_NOV")): Object: 'Object Repository/Property(owner)/rent/Lease Start Date/Page_Chiragh/div_NOV' is clicked on

2019-04-16 12:37:38 - [MESSAGE][PASSED] - Object: 'Object Repository/Property(owner)/rent/Lease Start Date/Page_Chiragh/div_NOV' is clicked on

2019-04-16 12:37:38 - [TEST_STEP][PASSED] - click(findTestObject("Property(owner)/rent/Lease Start Date/Page_Chiragh/td_25"), STOP_ON_FAILURE): Object: 'Object Repository/Property(owner)/rent/Lease Start Date/Page_Chiragh/td_25' is clicked on

2019-04-16 12:37:38 - [MESSAGE][PASSED] - Object: 'Object Repository/Property(owner)/rent/Lease Start Date/Page_Chiragh/td_25' is clicked on

2019-04-16 12:37:38 - [TEST_STEP][PASSED] - click(findTestObject("Object Repository/Property(owner)/rent/Lease End Date/Page_Chiragh/div_Lease End Date_mat-form-fi")): Object: 'Object Repository/Property(owner)/rent/Lease End Date/Page_Chiragh/div_Lease End Date_mat-form-fi' is clicked on

2019-04-16 12:37:38 - [MESSAGE][PASSED] - Object: 'Object Repository/Property(owner)/rent/Lease End Date/Page_Chiragh/div_Lease End Date_mat-form-fi' is clicked on

2019-04-16 12:37:38 - [TEST_STEP][PASSED] - click(findTestObject("Object Repository/Property(owner)/rent/Lease End Date/Page_Chiragh/button_Lease End Date_mat-icon")): Object: 'Object Repository/Property(owner)/rent/Lease End Date/Page_Chiragh/button_Lease End Date_mat-icon' is clicked on

2019-04-16 12:37:38 - [MESSAGE][PASSED] - Object: 'Object Repository/Property(owner)/rent/Lease End Date/Page_Chiragh/button_Lease End Date_mat-icon' is clicked on

2019-04-16 12:37:38 - [TEST_STEP][PASSED] - click(findTestObject("Object Repository/Property(owner)/rent/Lease End Date/Page_Chiragh/button_JAN 2019")): Object: 'Object Repository/Property(owner)/rent/Lease End Date/Page_Chiragh/button_JAN 2019' is clicked on

2019-04-16 12:37:38 - [MESSAGE][PASSED] - Object: 'Object Repository/Property(owner)/rent/Lease End Date/Page_Chiragh/button_JAN 2019' is clicked on

2019-04-16 12:37:38 - [TEST_STEP][PASSED] - click(findTestObject("Object Repository/Property(owner)/rent/Lease End Date/Page_Chiragh/div_2026")): Object: 'Object Repository/Property(owner)/rent/Lease End Date/Page_Chiragh/div_2026' is clicked on

2019-04-16 12:37:38 - [MESSAGE][PASSED] - Object: 'Object Repository/Property(owner)/rent/Lease End Date/Page_Chiragh/div_2026' is clicked on

2019-04-16 12:37:38 - [TEST_STEP][PASSED] - click(findTestObject("Object Repository/Property(owner)/rent/Lease End Date/Page_Chiragh/div_NOV")): Object: 'Object Repository/Property(owner)/rent/Lease End Date/Page_Chiragh/div_NOV' is clicked on

2019-04-16 12:37:39 - [MESSAGE][PASSED] - Object: 'Object Repository/Property(owner)/rent/Lease End Date/Page_Chiragh/div_NOV' is clicked on

2019-04-16 12:37:39 - [TEST_STEP][PASSED] - click(findTestObject("Object Repository/Property(owner)/rent/Lease End Date/Page_Chiragh/div_10"), STOP_ON_FAILURE): Object: 'Object Repository/Property(owner)/rent/Lease End Date/Page_Chiragh/div_10' is clicked on

2019-04-16 12:37:39 - [MESSAGE][PASSED] - Object: 'Object Repository/Property(owner)/rent/Lease End Date/Page_Chiragh/div_10' is clicked on

2019-04-16 12:37:39 - [TEST_STEP][PASSED] - delay(7): Delayed 7 second(s)

2019-04-16 12:37:46 - [MESSAGE][PASSED] - Delayed 7 second(s)

2019-04-16 12:37:46 - [TEST_STEP][PASSED] - scrollToElement(findTestObject("Object Repository/Property(owner)/rent/Scanned Tenancy Contract/Page_Chiragh/div_jpg png pdf accepted with"), 5): Scroll to object 'Object Repository/Property(owner)/rent/Scanned Tenancy Contract/Page_Chiragh/div_jpg png pdf accepted with' successfully

2019-04-16 12:37:46 - [MESSAGE][PASSED] - Scroll to object 'Object Repository/Property(owner)/rent/Scanned Tenancy Contract/Page_Chiragh/div_jpg png pdf accepted with' successfully

2019-04-16 12:37:46 - [TEST_STEP][PASSED] - delay(7): Delayed 7 second(s)

2019-04-16 12:37:53 - [MESSAGE][PASSED] - Delayed 7 second(s)

2019-04-16 12:37:53 - [TEST_STEP][PASSED] - uploadFile(findTestObject("Object Repository/Property(owner)/rent/Scanned Tenancy Contract/Page_Chiragh/div_Scanned Tenancy Contract_d"), "C:\Users\HP\Katalon Studio\register\Include\images\Scanned Passport Copy.png"): File 'C:\Users\HP\Katalon Studio\register\Include\images\Scanned Passport Copy.png' sent to object: 'Object Repository/Property(owner)/rent/Scanned Tenancy Contract/Page_Chiragh/div_Scanned Tenancy Contract_d'

2019-04-16 12:37:53 - [MESSAGE][PASSED] - File 'C:\Users\HP\Katalon Studio\register\Include\images\Scanned Passport Copy.png' sent to object: 'Object Repository/Property(owner)/rent/Scanned Tenancy Contract/Page_Chiragh/div_Scanned Tenancy Contract_d'

2019-04-16 12:37:53 - [TEST_STEP][PASSED] - scrollToElement(findTestObject("Object Repository/Property(owner)/rent/other/Page_Chiragh/div_Upload_upload-doc-div"), 5): Scroll to object 'Object Repository/Property(owner)/rent/other/Page_Chiragh/div_Upload_upload-doc-div' successfully

2019-04-16 12:37:53 - [MESSAGE][PASSED] - Scroll to object 'Object Repository/Property(owner)/rent/other/Page_Chiragh/div_Upload_upload-doc-div' successfully

2019-04-16 12:37:53 - [TEST_STEP][PASSED] - delay(7): Delayed 7 second(s)

2019-04-16 12:38:00 - [MESSAGE][PASSED] - Delayed 7 second(s)

2019-04-16 12:38:00 - [TEST_STEP][PASSED] - uploadFile(findTestObject("Object Repository/Property(owner)/rent/other/Page_Chiragh/Page_Chiragh/div_Other_doc-upload"), "C:\Users\HP\Katalon Studio\register\Include\images\Scanned Passport Copy.png"): File 'C:\Users\HP\Katalon Studio\register\Include\images\Scanned Passport Copy.png' sent to object: 'Object Repository/Property(owner)/rent/other/Page_Chiragh/Page_Chiragh/div_Other_doc-upload'

2019-04-16 12:38:00 - [MESSAGE][PASSED] - File 'C:\Users\HP\Katalon Studio\register\Include\images\Scanned Passport Copy.png' sent to object: 'Object Repository/Property(owner)/rent/other/Page_Chiragh/Page_Chiragh/div_Other_doc-upload'

2019-04-16 12:38:00 - [TEST_STEP][PASSED] - click(findTestObject("Property(owner)/mortgage/Page_Chiragh/button_Next")): Object: 'Object Repository/Property(owner)/mortgage/Page_Chiragh/button_Next' is clicked on

2019-04-16 12:38:00 - [MESSAGE][PASSED] - Object: 'Object Repository/Property(owner)/mortgage/Page_Chiragh/button_Next' is clicked on

2019-04-16 12:38:00 - [TEST_STEP][PASSED] - click(findTestObject("Property(owner)/Valuation/Page_Chiragh/span_INDEPENDENT REAL ESTATE V")): Object: 'Object Repository/Property(owner)/Valuation/Page_Chiragh/span_INDEPENDENT REAL ESTATE V' is clicked on

2019-04-16 12:38:04 - [MESSAGE][PASSED] - Object: 'Object Repository/Property(owner)/Valuation/Page_Chiragh/span_INDEPENDENT REAL ESTATE V' is clicked on

2019-04-16 12:38:04 - [TEST_STEP][PASSED] - click(findTestObject("Property(owner)/Valuation/Page_Chiragh/h3_JLL")): Object: 'Object Repository/Property(owner)/Valuation/Page_Chiragh/h3_JLL' is clicked on

2019-04-16 12:38:04 - [MESSAGE][PASSED] - Object: 'Object Repository/Property(owner)/Valuation/Page_Chiragh/h3_JLL' is clicked on

2019-04-16 12:38:04 - [TEST_STEP][PASSED] - delay(3): Delayed 3 second(s)

2019-04-16 12:38:07 - [MESSAGE][PASSED] - Delayed 3 second(s)

2019-04-16 12:38:07 - [TEST_STEP][PASSED] - click(findTestObject("Object Repository/Property(owner)/property saved/Page_Chiragh/mat-select_Select Payment Mode")): Object: 'Object Repository/Property(owner)/property saved/Page_Chiragh/mat-select_Select Payment Mode' is clicked on

2019-04-16 12:38:07 - [MESSAGE][PASSED] - Object: 'Object Repository/Property(owner)/property saved/Page_Chiragh/mat-select_Select Payment Mode' is clicked on

2019-04-16 12:38:07 - [TEST_STEP][PASSED] - delay(3): Delayed 3 second(s)

2019-04-16 12:38:10 - [MESSAGE][PASSED] - Delayed 3 second(s)

2019-04-16 12:38:10 - [TEST_STEP][PASSED] - click(findTestObject("Object Repository/Property(owner)/property saved/Page_Chiragh/span_Wallet")): Object: 'Object Repository/Property(owner)/property saved/Page_Chiragh/span_Wallet' is clicked on

2019-04-16 12:38:11 - [MESSAGE][PASSED] - Object: 'Object Repository/Property(owner)/property saved/Page_Chiragh/span_Wallet' is clicked on

2019-04-16 12:38:11 - [TEST_STEP][PASSED] - delay(3): Delayed 3 second(s)

2019-04-16 12:38:14 - [MESSAGE][PASSED] - Delayed 3 second(s)

2019-04-16 12:38:14 - [TEST_STEP][PASSED] - click(findTestObject("Property(owner)/Valuation/Page_Chiragh/button_SUBMIT FOR VALUATION")): Object: 'Object Repository/Property(owner)/Valuation/Page_Chiragh/button_SUBMIT FOR VALUATION' is clicked on

2019-04-16 12:38:14 - [MESSAGE][PASSED] - Object: 'Object Repository/Property(owner)/Valuation/Page_Chiragh/button_SUBMIT FOR VALUATION' is clicked on

2019-04-16 12:38:14 - [TEST_STEP][PASSED] - delay(5): Delayed 5 second(s)

2019-04-16 12:38:19 - [MESSAGE][PASSED] - Delayed 5 second(s)

2019-04-16 12:38:19 - [TEST_STEP][PASSED] - verifyElementPresent(findTestObject("Object Repository/Property(owner)/property saved/Page_Chiragh/div_Your property details have"), 5): Object 'Object Repository/Property(owner)/property saved/Page_Chiragh/div_Your property details have' is present

2019-04-16 12:38:19 - [MESSAGE][PASSED] - Object 'Object Repository/Property(owner)/property saved/Page_Chiragh/div_Your property details have' is present]]></system-out>
         <system-err><![CDATA[]]></system-err>
      </testcase>
      <testcase name="Test Cases/verification department" classname="Test Cases/verification department" status="PASSED">
         <system-out><![CDATA[2019-04-16 12:38:19 - [TEST_CASE][PASSED] - Test Cases/verification department: Test Cases/verification department

2019-04-16 12:38:19 - [TEST_STEP][PASSED] - openBrowser(""): Browser is opened with url: ''

2019-04-16 12:38:19 - [MESSAGE][WARNING] - A browser is already opened. Closing browser and opening a new one

2019-04-16 12:38:20 - [MESSAGE][INFO] - Starting 'Chrome' driver

2019-04-16 12:38:23 - [MESSAGE][PASSED] - Browser is opened with url: ''

2019-04-16 12:38:23 - [TEST_STEP][PASSED] - navigateToUrl("http://admin-chiragh.surge.sh/"): Navigate to 'http://admin-chiragh.surge.sh/' successfully

2019-04-16 12:38:39 - [MESSAGE][PASSED] - Navigate to 'http://admin-chiragh.surge.sh/' successfully

2019-04-16 12:38:39 - [TEST_STEP][PASSED] - maximizeWindow(): Current window maximized

2019-04-16 12:38:40 - [MESSAGE][PASSED] - Current window maximized

2019-04-16 12:38:40 - [TEST_STEP][PASSED] - click(findTestObject("Object Repository/verification department/Page_Chiragh.com Admin/div_Username")): Object: 'Object Repository/verification department/Page_Chiragh.com Admin/div_Username' is clicked on

2019-04-16 12:38:40 - [MESSAGE][PASSED] - Object: 'Object Repository/verification department/Page_Chiragh.com Admin/div_Username' is clicked on

2019-04-16 12:38:40 - [TEST_STEP][PASSED] - setText(findTestObject("Object Repository/verification department/Page_Chiragh.com Admin/input_Admin Panel_userName"), "arsalankhalid"): Text 'arsalankhalid' is set on object 'Object Repository/verification department/Page_Chiragh.com Admin/input_Admin Panel_userName'

2019-04-16 12:38:40 - [MESSAGE][PASSED] - Text 'arsalankhalid' is set on object 'Object Repository/verification department/Page_Chiragh.com Admin/input_Admin Panel_userName'

2019-04-16 12:38:40 - [TEST_STEP][PASSED] - click(findTestObject("Object Repository/verification department/Page_Chiragh.com Admin/div_Password")): Object: 'Object Repository/verification department/Page_Chiragh.com Admin/div_Password' is clicked on

2019-04-16 12:38:40 - [MESSAGE][PASSED] - Object: 'Object Repository/verification department/Page_Chiragh.com Admin/div_Password' is clicked on

2019-04-16 12:38:40 - [TEST_STEP][PASSED] - setEncryptedText(findTestObject("Object Repository/verification department/Page_Chiragh.com Admin/input_Username_password"), "RigbBhfdqODKcAsiUrg+1Q=="): Text ****** has been set on object 'Object Repository/verification department/Page_Chiragh.com Admin/input_Username_password'

2019-04-16 12:38:41 - [MESSAGE][PASSED] - Text ****** has been set on object 'Object Repository/verification department/Page_Chiragh.com Admin/input_Username_password'

2019-04-16 12:38:41 - [TEST_STEP][PASSED] - click(findTestObject("Object Repository/verification department/Page_Chiragh.com Admin/button_Login")): Object: 'Object Repository/verification department/Page_Chiragh.com Admin/button_Login' is clicked on

2019-04-16 12:38:41 - [MESSAGE][PASSED] - Object: 'Object Repository/verification department/Page_Chiragh.com Admin/button_Login' is clicked on

2019-04-16 12:38:41 - [TEST_STEP][PASSED] - click(findTestObject("Object Repository/verification department/Page_Chiragh.com Admin/a_New Leads")): Object: 'Object Repository/verification department/Page_Chiragh.com Admin/a_New Leads' is clicked on

2019-04-16 12:38:46 - [MESSAGE][PASSED] - Object: 'Object Repository/verification department/Page_Chiragh.com Admin/a_New Leads' is clicked on

2019-04-16 12:38:46 - [TEST_STEP][PASSED] - click(findTestObject("Object Repository/verification department/Page_Chiragh.com Admin/Page_Chiragh.com Admin/a_an hour ago_fas fa-user-circ")): Object: 'Object Repository/verification department/Page_Chiragh.com Admin/Page_Chiragh.com Admin/a_an hour ago_fas fa-user-circ' is clicked on

2019-04-16 12:38:50 - [MESSAGE][PASSED] - Object: 'Object Repository/verification department/Page_Chiragh.com Admin/Page_Chiragh.com Admin/a_an hour ago_fas fa-user-circ' is clicked on

2019-04-16 12:38:50 - [TEST_STEP][PASSED] - click(findTestObject("Object Repository/verification department/Page_Chiragh.com Admin/a_Mumtaz Hassan (30)")): Object: 'Object Repository/verification department/Page_Chiragh.com Admin/a_Mumtaz Hassan (30)' is clicked on

2019-04-16 12:38:50 - [MESSAGE][PASSED] - Object: 'Object Repository/verification department/Page_Chiragh.com Admin/a_Mumtaz Hassan (30)' is clicked on

2019-04-16 12:38:50 - [TEST_STEP][PASSED] - click(findTestObject("Object Repository/verification department/Page_Chiragh.com Admin/button_Yes")): Object: 'Object Repository/verification department/Page_Chiragh.com Admin/button_Yes' is clicked on

2019-04-16 12:38:50 - [MESSAGE][PASSED] - Object: 'Object Repository/verification department/Page_Chiragh.com Admin/button_Yes' is clicked on

2019-04-16 12:38:50 - [TEST_STEP][PASSED] - click(findTestObject("Object Repository/verification department/Page_Chiragh.com Admin/button_AK")): Object: 'Object Repository/verification department/Page_Chiragh.com Admin/button_AK' is clicked on

2019-04-16 12:38:50 - [MESSAGE][PASSED] - Object: 'Object Repository/verification department/Page_Chiragh.com Admin/button_AK' is clicked on

2019-04-16 12:38:50 - [TEST_STEP][PASSED] - click(findTestObject("Object Repository/verification department/Page_Chiragh.com Admin/button_exit_to_appLogout")): Object: 'Object Repository/verification department/Page_Chiragh.com Admin/button_exit_to_appLogout' is clicked on

2019-04-16 12:38:56 - [MESSAGE][PASSED] - Object: 'Object Repository/verification department/Page_Chiragh.com Admin/button_exit_to_appLogout' is clicked on

2019-04-16 12:38:56 - [TEST_STEP][PASSED] - waitForPageLoad(8): Wait for page load successfully

2019-04-16 12:38:56 - [MESSAGE][PASSED] - Wait for page load successfully

2019-04-16 12:38:56 - [TEST_STEP][PASSED] - click(findTestObject("Object Repository/verification department/Page_Chiragh.com Admin/div_Username")): Object: 'Object Repository/verification department/Page_Chiragh.com Admin/div_Username' is clicked on

2019-04-16 12:38:56 - [MESSAGE][PASSED] - Object: 'Object Repository/verification department/Page_Chiragh.com Admin/div_Username' is clicked on

2019-04-16 12:38:56 - [TEST_STEP][PASSED] - setText(findTestObject("Object Repository/verification department/Page_Chiragh.com Admin/input_Admin Panel_userName"), "mumtazhassan"): Text 'mumtazhassan' is set on object 'Object Repository/verification department/Page_Chiragh.com Admin/input_Admin Panel_userName'

2019-04-16 12:38:56 - [MESSAGE][PASSED] - Text 'mumtazhassan' is set on object 'Object Repository/verification department/Page_Chiragh.com Admin/input_Admin Panel_userName'

2019-04-16 12:38:56 - [TEST_STEP][PASSED] - click(findTestObject("Object Repository/verification department/Page_Chiragh.com Admin/div_Password")): Object: 'Object Repository/verification department/Page_Chiragh.com Admin/div_Password' is clicked on

2019-04-16 12:38:57 - [MESSAGE][PASSED] - Object: 'Object Repository/verification department/Page_Chiragh.com Admin/div_Password' is clicked on

2019-04-16 12:38:57 - [TEST_STEP][PASSED] - setEncryptedText(findTestObject("Object Repository/verification department/Page_Chiragh.com Admin/input_Username_password"), "RigbBhfdqODKcAsiUrg+1Q=="): Text ****** has been set on object 'Object Repository/verification department/Page_Chiragh.com Admin/input_Username_password'

2019-04-16 12:38:57 - [MESSAGE][PASSED] - Text ****** has been set on object 'Object Repository/verification department/Page_Chiragh.com Admin/input_Username_password'

2019-04-16 12:38:57 - [TEST_STEP][PASSED] - click(findTestObject("Object Repository/verification department/Page_Chiragh.com Admin/button_Login")): Object: 'Object Repository/verification department/Page_Chiragh.com Admin/button_Login' is clicked on

2019-04-16 12:38:57 - [MESSAGE][PASSED] - Object: 'Object Repository/verification department/Page_Chiragh.com Admin/button_Login' is clicked on

2019-04-16 12:38:57 - [TEST_STEP][PASSED] - click(findTestObject("Object Repository/verification department/Page_Chiragh.com Admin/a_My Leads")): Object: 'Object Repository/verification department/Page_Chiragh.com Admin/a_My Leads' is clicked on

2019-04-16 12:38:59 - [MESSAGE][PASSED] - Object: 'Object Repository/verification department/Page_Chiragh.com Admin/a_My Leads' is clicked on

2019-04-16 12:38:59 - [TEST_STEP][PASSED] - click(findTestObject("Object Repository/verification department/Page_Chiragh.com Admin/th_Status")): Object: 'Object Repository/verification department/Page_Chiragh.com Admin/th_Status' is clicked on

2019-04-16 12:39:15 - [MESSAGE][PASSED] - Object: 'Object Repository/verification department/Page_Chiragh.com Admin/th_Status' is clicked on

2019-04-16 12:39:15 - [TEST_STEP][PASSED] - click(findTestObject("Object Repository/verification department/Page_Chiragh.com Admin/a_Start Now")): Object: 'Object Repository/verification department/Page_Chiragh.com Admin/a_Start Now' is clicked on

2019-04-16 12:39:15 - [MESSAGE][PASSED] - Object: 'Object Repository/verification department/Page_Chiragh.com Admin/a_Start Now' is clicked on

2019-04-16 12:39:15 - [TEST_STEP][PASSED] - click(findTestObject("Object Repository/verification department/Page_Chiragh.com Admin/button_Yes")): Object: 'Object Repository/verification department/Page_Chiragh.com Admin/button_Yes' is clicked on

2019-04-16 12:39:15 - [MESSAGE][PASSED] - Object: 'Object Repository/verification department/Page_Chiragh.com Admin/button_Yes' is clicked on

2019-04-16 12:39:15 - [TEST_STEP][PASSED] - delay(8): Delayed 8 second(s)

2019-04-16 12:39:23 - [MESSAGE][PASSED] - Delayed 8 second(s)

2019-04-16 12:39:23 - [TEST_STEP][PASSED] - click(findTestObject("Object Repository/verification department/Page_Chiragh.com Admin/a_Wyman Dale 3 Floors Building")): Object: 'Object Repository/verification department/Page_Chiragh.com Admin/a_Wyman Dale 3 Floors Building' is clicked on

2019-04-16 12:39:24 - [MESSAGE][PASSED] - Object: 'Object Repository/verification department/Page_Chiragh.com Admin/a_Wyman Dale 3 Floors Building' is clicked on

2019-04-16 12:39:24 - [TEST_STEP][PASSED] - click(findTestObject("Object Repository/verification department/Page_Chiragh.com Admin/button_Verify")): Object: 'Object Repository/verification department/Page_Chiragh.com Admin/button_Verify' is clicked on

2019-04-16 12:39:26 - [MESSAGE][PASSED] - Object: 'Object Repository/verification department/Page_Chiragh.com Admin/button_Verify' is clicked on

2019-04-16 12:39:26 - [TEST_STEP][PASSED] - click(findTestObject("Object Repository/verification department/Page_Chiragh.com Admin/div_POAs")): Object: 'Object Repository/verification department/Page_Chiragh.com Admin/div_POAs' is clicked on

2019-04-16 12:39:27 - [MESSAGE][PASSED] - Object: 'Object Repository/verification department/Page_Chiragh.com Admin/div_POAs' is clicked on

2019-04-16 12:39:27 - [TEST_STEP][PASSED] - click(findTestObject("Object Repository/verification department/Page_Chiragh.com Admin/div_POAs_1")): Object: 'Object Repository/verification department/Page_Chiragh.com Admin/div_POAs_1' is clicked on

2019-04-16 12:39:27 - [MESSAGE][PASSED] - Object: 'Object Repository/verification department/Page_Chiragh.com Admin/div_POAs_1' is clicked on

2019-04-16 12:39:27 - [TEST_STEP][PASSED] - click(findTestObject("Object Repository/verification department/Page_Chiragh.com Admin/button_Verify")): Object: 'Object Repository/verification department/Page_Chiragh.com Admin/button_Verify' is clicked on

2019-04-16 12:39:27 - [MESSAGE][PASSED] - Object: 'Object Repository/verification department/Page_Chiragh.com Admin/button_Verify' is clicked on

2019-04-16 12:39:27 - [TEST_STEP][PASSED] - click(findTestObject("Object Repository/verification department/Page_Chiragh.com Admin/div_Property Details")): Object: 'Object Repository/verification department/Page_Chiragh.com Admin/div_Property Details' is clicked on

2019-04-16 12:39:28 - [MESSAGE][PASSED] - Object: 'Object Repository/verification department/Page_Chiragh.com Admin/div_Property Details' is clicked on

2019-04-16 12:39:28 - [TEST_STEP][PASSED] - click(findTestObject("Object Repository/verification department/Page_Chiragh.com Admin/button_Verify")): Object: 'Object Repository/verification department/Page_Chiragh.com Admin/button_Verify' is clicked on

2019-04-16 12:39:29 - [MESSAGE][PASSED] - Object: 'Object Repository/verification department/Page_Chiragh.com Admin/button_Verify' is clicked on

2019-04-16 12:39:29 - [TEST_STEP][PASSED] - click(findTestObject("Object Repository/verification department/Page_Chiragh.com Admin/div_Mortgage")): Object: 'Object Repository/verification department/Page_Chiragh.com Admin/div_Mortgage' is clicked on

2019-04-16 12:39:29 - [MESSAGE][PASSED] - Object: 'Object Repository/verification department/Page_Chiragh.com Admin/div_Mortgage' is clicked on

2019-04-16 12:39:29 - [TEST_STEP][PASSED] - click(findTestObject("Object Repository/verification department/Page_Chiragh.com Admin/div_Mortgage_1")): Object: 'Object Repository/verification department/Page_Chiragh.com Admin/div_Mortgage_1' is clicked on

2019-04-16 12:39:30 - [MESSAGE][PASSED] - Object: 'Object Repository/verification department/Page_Chiragh.com Admin/div_Mortgage_1' is clicked on

2019-04-16 12:39:30 - [TEST_STEP][PASSED] - click(findTestObject("Object Repository/verification department/Page_Chiragh.com Admin/button_Verify")): Object: 'Object Repository/verification department/Page_Chiragh.com Admin/button_Verify' is clicked on

2019-04-16 12:39:30 - [MESSAGE][PASSED] - Object: 'Object Repository/verification department/Page_Chiragh.com Admin/button_Verify' is clicked on

2019-04-16 12:39:30 - [TEST_STEP][PASSED] - click(findTestObject("Object Repository/verification department/Page_Chiragh.com Admin/div_Rental")): Object: 'Object Repository/verification department/Page_Chiragh.com Admin/div_Rental' is clicked on

2019-04-16 12:39:31 - [MESSAGE][PASSED] - Object: 'Object Repository/verification department/Page_Chiragh.com Admin/div_Rental' is clicked on

2019-04-16 12:39:31 - [TEST_STEP][PASSED] - click(findTestObject("Object Repository/verification department/Page_Chiragh.com Admin/button_Verify")): Object: 'Object Repository/verification department/Page_Chiragh.com Admin/button_Verify' is clicked on

2019-04-16 12:39:31 - [MESSAGE][PASSED] - Object: 'Object Repository/verification department/Page_Chiragh.com Admin/button_Verify' is clicked on

2019-04-16 12:39:31 - [TEST_STEP][PASSED] - click(findTestObject("Object Repository/verification department/Page_Chiragh.com Admin/div_Check List")): Object: 'Object Repository/verification department/Page_Chiragh.com Admin/div_Check List' is clicked on

2019-04-16 12:39:32 - [MESSAGE][PASSED] - Object: 'Object Repository/verification department/Page_Chiragh.com Admin/div_Check List' is clicked on

2019-04-16 12:39:32 - [TEST_STEP][PASSED] - click(findTestObject("Object Repository/verification department/Page_Chiragh.com Admin/div_Property details are verif")): Object: 'Object Repository/verification department/Page_Chiragh.com Admin/div_Property details are verif' is clicked on

2019-04-16 12:39:34 - [MESSAGE][PASSED] - Object: 'Object Repository/verification department/Page_Chiragh.com Admin/div_Property details are verif' is clicked on

2019-04-16 12:39:34 - [TEST_STEP][PASSED] - click(findTestObject("Object Repository/verification department/Page_Chiragh.com Admin/button_Confirm")): Object: 'Object Repository/verification department/Page_Chiragh.com Admin/button_Confirm' is clicked on

2019-04-16 12:39:35 - [MESSAGE][PASSED] - Object: 'Object Repository/verification department/Page_Chiragh.com Admin/button_Confirm' is clicked on

2019-04-16 12:39:35 - [TEST_STEP][PASSED] - delay(5): Delayed 5 second(s)

2019-04-16 12:39:40 - [MESSAGE][PASSED] - Delayed 5 second(s)

2019-04-16 12:39:40 - [TEST_STEP][PASSED] - click(findTestObject("Object Repository/verification department/Page_Chiragh.com Admin/button_MH")): Object: 'Object Repository/verification department/Page_Chiragh.com Admin/button_MH' is clicked on

2019-04-16 12:39:40 - [MESSAGE][PASSED] - Object: 'Object Repository/verification department/Page_Chiragh.com Admin/button_MH' is clicked on

2019-04-16 12:39:40 - [TEST_STEP][PASSED] - delay(7): Delayed 7 second(s)

2019-04-16 12:39:47 - [MESSAGE][PASSED] - Delayed 7 second(s)

2019-04-16 12:39:47 - [TEST_STEP][PASSED] - click(findTestObject("Object Repository/verification department/Page_Chiragh.com Admin/button_exit_to_appLogout")): Object: 'Object Repository/verification department/Page_Chiragh.com Admin/button_exit_to_appLogout' is clicked on

2019-04-16 12:39:53 - [MESSAGE][PASSED] - Object: 'Object Repository/verification department/Page_Chiragh.com Admin/button_exit_to_appLogout' is clicked on

2019-04-16 12:39:53 - [TEST_STEP][PASSED] - waitForPageLoad(8): Wait for page load successfully

2019-04-16 12:39:53 - [MESSAGE][PASSED] - Wait for page load successfully

2019-04-16 12:39:53 - [TEST_STEP][PASSED] - click(findTestObject("Object Repository/verification department/Page_Chiragh.com Admin/div_Username")): Object: 'Object Repository/verification department/Page_Chiragh.com Admin/div_Username' is clicked on

2019-04-16 12:39:53 - [MESSAGE][PASSED] - Object: 'Object Repository/verification department/Page_Chiragh.com Admin/div_Username' is clicked on

2019-04-16 12:39:53 - [TEST_STEP][PASSED] - setText(findTestObject("Object Repository/verification department/Page_Chiragh.com Admin/input_Admin Panel_userName"), "arsalankhalid"): Text 'arsalankhalid' is set on object 'Object Repository/verification department/Page_Chiragh.com Admin/input_Admin Panel_userName'

2019-04-16 12:39:53 - [MESSAGE][PASSED] - Text 'arsalankhalid' is set on object 'Object Repository/verification department/Page_Chiragh.com Admin/input_Admin Panel_userName'

2019-04-16 12:39:53 - [TEST_STEP][PASSED] - click(findTestObject("Object Repository/verification department/Page_Chiragh.com Admin/div_Password")): Object: 'Object Repository/verification department/Page_Chiragh.com Admin/div_Password' is clicked on

2019-04-16 12:39:53 - [MESSAGE][PASSED] - Object: 'Object Repository/verification department/Page_Chiragh.com Admin/div_Password' is clicked on

2019-04-16 12:39:53 - [TEST_STEP][PASSED] - setEncryptedText(findTestObject("Object Repository/verification department/Page_Chiragh.com Admin/input_Username_password"), "RigbBhfdqODKcAsiUrg+1Q=="): Text ****** has been set on object 'Object Repository/verification department/Page_Chiragh.com Admin/input_Username_password'

2019-04-16 12:39:54 - [MESSAGE][PASSED] - Text ****** has been set on object 'Object Repository/verification department/Page_Chiragh.com Admin/input_Username_password'

2019-04-16 12:39:54 - [TEST_STEP][PASSED] - click(findTestObject("Object Repository/verification department/Page_Chiragh.com Admin/button_Login")): Object: 'Object Repository/verification department/Page_Chiragh.com Admin/button_Login' is clicked on

2019-04-16 12:39:54 - [MESSAGE][PASSED] - Object: 'Object Repository/verification department/Page_Chiragh.com Admin/button_Login' is clicked on

2019-04-16 12:39:54 - [TEST_STEP][PASSED] - click(findTestObject("Object Repository/verification department/Page_Chiragh.com Admin/a_In Process")): Object: 'Object Repository/verification department/Page_Chiragh.com Admin/a_In Process' is clicked on

2019-04-16 12:39:56 - [MESSAGE][PASSED] - Object: 'Object Repository/verification department/Page_Chiragh.com Admin/a_In Process' is clicked on

2019-04-16 12:39:56 - [TEST_STEP][PASSED] - click(findTestObject("Object Repository/verification department/Page_Chiragh.com Admin/a_Wyman Dale 3 Floors Building")): Object: 'Object Repository/verification department/Page_Chiragh.com Admin/a_Wyman Dale 3 Floors Building' is clicked on

2019-04-16 12:40:03 - [MESSAGE][PASSED] - Object: 'Object Repository/verification department/Page_Chiragh.com Admin/a_Wyman Dale 3 Floors Building' is clicked on

2019-04-16 12:40:03 - [TEST_STEP][PASSED] - delay(3): Delayed 3 second(s)

2019-04-16 12:40:06 - [MESSAGE][PASSED] - Delayed 3 second(s)

2019-04-16 12:40:06 - [TEST_STEP][PASSED] - click(findTestObject("Object Repository/verification department/Page_Chiragh.com Admin/div_Check List")): Object: 'Object Repository/verification department/Page_Chiragh.com Admin/div_Check List' is clicked on

2019-04-16 12:40:07 - [MESSAGE][PASSED] - Object: 'Object Repository/verification department/Page_Chiragh.com Admin/div_Check List' is clicked on

2019-04-16 12:40:07 - [TEST_STEP][PASSED] - click(findTestObject("Object Repository/verification department/Page_Chiragh.com Admin/button_Approve")): Object: 'Object Repository/verification department/Page_Chiragh.com Admin/button_Approve' is clicked on

2019-04-16 12:40:07 - [MESSAGE][PASSED] - Object: 'Object Repository/verification department/Page_Chiragh.com Admin/button_Approve' is clicked on

2019-04-16 12:40:07 - [TEST_STEP][PASSED] - click(findTestObject("Object Repository/verification department/Page_Chiragh.com Admin/snack-bar-container_Are you su_2")): Object: 'Object Repository/verification department/Page_Chiragh.com Admin/snack-bar-container_Are you su_2' is clicked on

2019-04-16 12:40:07 - [MESSAGE][PASSED] - Object: 'Object Repository/verification department/Page_Chiragh.com Admin/snack-bar-container_Are you su_2' is clicked on

2019-04-16 12:40:07 - [TEST_STEP][PASSED] - click(findTestObject("Object Repository/verification department/Page_Chiragh.com Admin/span_Are you sure you want to _2")): Object: 'Object Repository/verification department/Page_Chiragh.com Admin/span_Are you sure you want to _2' is clicked on

2019-04-16 12:40:07 - [MESSAGE][PASSED] - Object: 'Object Repository/verification department/Page_Chiragh.com Admin/span_Are you sure you want to _2' is clicked on

2019-04-16 12:40:07 - [TEST_STEP][PASSED] - click(findTestObject("Object Repository/verification department/Page_Chiragh.com Admin/button_Yes")): Object: 'Object Repository/verification department/Page_Chiragh.com Admin/button_Yes' is clicked on

2019-04-16 12:40:08 - [MESSAGE][PASSED] - Object: 'Object Repository/verification department/Page_Chiragh.com Admin/button_Yes' is clicked on

2019-04-16 12:40:08 - [TEST_STEP][PASSED] - delay(5): Delayed 5 second(s)

2019-04-16 12:40:13 - [MESSAGE][PASSED] - Delayed 5 second(s)

2019-04-16 12:40:13 - [TEST_STEP][PASSED] - closeBrowser(): Browser is closed

2019-04-16 12:40:13 - [MESSAGE][PASSED] - Browser is closed]]></system-out>
         <system-err><![CDATA[]]></system-err>
      </testcase>
      <testcase name="Test Cases/valuation department" classname="Test Cases/valuation department" status="PASSED">
         <system-out><![CDATA[2019-04-16 12:40:13 - [TEST_CASE][PASSED] - Test Cases/valuation department: Test Cases/valuation department

2019-04-16 12:40:14 - [TEST_STEP][PASSED] - openBrowser(""): Browser is opened with url: ''

2019-04-16 12:40:14 - [MESSAGE][INFO] - Starting 'Chrome' driver

2019-04-16 12:40:16 - [MESSAGE][PASSED] - Browser is opened with url: ''

2019-04-16 12:40:16 - [TEST_STEP][PASSED] - navigateToUrl("http://admin-chiragh.surge.sh/"): Navigate to 'http://admin-chiragh.surge.sh/' successfully

2019-04-16 12:40:28 - [MESSAGE][PASSED] - Navigate to 'http://admin-chiragh.surge.sh/' successfully

2019-04-16 12:40:28 - [TEST_STEP][PASSED] - maximizeWindow(): Current window maximized

2019-04-16 12:40:29 - [MESSAGE][PASSED] - Current window maximized

2019-04-16 12:40:29 - [TEST_STEP][PASSED] - waitForPageLoad(8): Wait for page load successfully

2019-04-16 12:40:29 - [MESSAGE][PASSED] - Wait for page load successfully

2019-04-16 12:40:29 - [TEST_STEP][PASSED] - click(findTestObject("Object Repository/valuation department/Page_Chiragh.com Admin/div_Username")): Object: 'Object Repository/valuation department/Page_Chiragh.com Admin/div_Username' is clicked on

2019-04-16 12:40:29 - [MESSAGE][PASSED] - Object: 'Object Repository/valuation department/Page_Chiragh.com Admin/div_Username' is clicked on

2019-04-16 12:40:29 - [TEST_STEP][PASSED] - setText(findTestObject("Object Repository/valuation department/Page_Chiragh.com Admin/input_Admin Panel_userName"), "haleemhanif"): Text 'haleemhanif' is set on object 'Object Repository/valuation department/Page_Chiragh.com Admin/input_Admin Panel_userName'

2019-04-16 12:40:29 - [MESSAGE][PASSED] - Text 'haleemhanif' is set on object 'Object Repository/valuation department/Page_Chiragh.com Admin/input_Admin Panel_userName'

2019-04-16 12:40:29 - [TEST_STEP][PASSED] - click(findTestObject("Object Repository/valuation department/Page_Chiragh.com Admin/div_Password")): Object: 'Object Repository/valuation department/Page_Chiragh.com Admin/div_Password' is clicked on

2019-04-16 12:40:29 - [MESSAGE][PASSED] - Object: 'Object Repository/valuation department/Page_Chiragh.com Admin/div_Password' is clicked on

2019-04-16 12:40:29 - [TEST_STEP][PASSED] - setEncryptedText(findTestObject("Object Repository/valuation department/Page_Chiragh.com Admin/input_Username_password"), "RigbBhfdqODKcAsiUrg+1Q=="): Text ****** has been set on object 'Object Repository/valuation department/Page_Chiragh.com Admin/input_Username_password'

2019-04-16 12:40:29 - [MESSAGE][PASSED] - Text ****** has been set on object 'Object Repository/valuation department/Page_Chiragh.com Admin/input_Username_password'

2019-04-16 12:40:29 - [TEST_STEP][PASSED] - click(findTestObject("Object Repository/valuation department/Page_Chiragh.com Admin/button_Login")): Object: 'Object Repository/valuation department/Page_Chiragh.com Admin/button_Login' is clicked on

2019-04-16 12:40:30 - [MESSAGE][PASSED] - Object: 'Object Repository/valuation department/Page_Chiragh.com Admin/button_Login' is clicked on

2019-04-16 12:40:30 - [TEST_STEP][PASSED] - click(findTestObject("Object Repository/valuation department/Page_Chiragh.com Admin/a_New Leads")): Object: 'Object Repository/valuation department/Page_Chiragh.com Admin/a_New Leads' is clicked on

2019-04-16 12:40:37 - [MESSAGE][PASSED] - Object: 'Object Repository/valuation department/Page_Chiragh.com Admin/a_New Leads' is clicked on

2019-04-16 12:40:37 - [TEST_STEP][PASSED] - delay(2): Delayed 2 second(s)

2019-04-16 12:40:39 - [MESSAGE][PASSED] - Delayed 2 second(s)

2019-04-16 12:40:39 - [TEST_STEP][PASSED] - click(findTestObject("Object Repository/valuation department/Page_Chiragh.com Admin/a_a day ago_fas fa-user-circle")): Object: 'Object Repository/valuation department/Page_Chiragh.com Admin/a_a day ago_fas fa-user-circle' is clicked on

2019-04-16 12:40:40 - [MESSAGE][PASSED] - Object: 'Object Repository/valuation department/Page_Chiragh.com Admin/a_a day ago_fas fa-user-circle' is clicked on

2019-04-16 12:40:40 - [TEST_STEP][PASSED] - click(findTestObject("Object Repository/valuation department/Page_Chiragh.com Admin/a_Chrystal Dsouza")): Object: 'Object Repository/valuation department/Page_Chiragh.com Admin/a_Chrystal Dsouza' is clicked on

2019-04-16 12:40:40 - [MESSAGE][PASSED] - Object: 'Object Repository/valuation department/Page_Chiragh.com Admin/a_Chrystal Dsouza' is clicked on

2019-04-16 12:40:40 - [TEST_STEP][PASSED] - click(findTestObject("Object Repository/valuation department/Page_Chiragh.com Admin/button_HH")): Object: 'Object Repository/valuation department/Page_Chiragh.com Admin/button_HH' is clicked on

2019-04-16 12:40:40 - [MESSAGE][PASSED] - Object: 'Object Repository/valuation department/Page_Chiragh.com Admin/button_HH' is clicked on

2019-04-16 12:40:40 - [TEST_STEP][PASSED] - delay(5): Delayed 5 second(s)

2019-04-16 12:40:45 - [MESSAGE][PASSED] - Delayed 5 second(s)

2019-04-16 12:40:45 - [TEST_STEP][PASSED] - click(findTestObject("Object Repository/valuation department/Page_Chiragh.com Admin/button_exit_to_appLogout")): Object: 'Object Repository/valuation department/Page_Chiragh.com Admin/button_exit_to_appLogout' is clicked on

2019-04-16 12:40:52 - [MESSAGE][PASSED] - Object: 'Object Repository/valuation department/Page_Chiragh.com Admin/button_exit_to_appLogout' is clicked on

2019-04-16 12:40:52 - [TEST_STEP][PASSED] - waitForPageLoad(8): Wait for page load successfully

2019-04-16 12:40:52 - [MESSAGE][PASSED] - Wait for page load successfully

2019-04-16 12:40:52 - [TEST_STEP][PASSED] - click(findTestObject("Object Repository/valuation department/Page_Chiragh.com Admin/div_Username")): Object: 'Object Repository/valuation department/Page_Chiragh.com Admin/div_Username' is clicked on

2019-04-16 12:40:52 - [MESSAGE][PASSED] - Object: 'Object Repository/valuation department/Page_Chiragh.com Admin/div_Username' is clicked on

2019-04-16 12:40:52 - [TEST_STEP][PASSED] - setText(findTestObject("Object Repository/valuation department/Page_Chiragh.com Admin/input_Admin Panel_userName"), "chrystaldsouza"): Text 'chrystaldsouza' is set on object 'Object Repository/valuation department/Page_Chiragh.com Admin/input_Admin Panel_userName'

2019-04-16 12:40:53 - [MESSAGE][PASSED] - Text 'chrystaldsouza' is set on object 'Object Repository/valuation department/Page_Chiragh.com Admin/input_Admin Panel_userName'

2019-04-16 12:40:53 - [TEST_STEP][PASSED] - click(findTestObject("Object Repository/valuation department/Page_Chiragh.com Admin/div_Password")): Object: 'Object Repository/valuation department/Page_Chiragh.com Admin/div_Password' is clicked on

2019-04-16 12:40:53 - [MESSAGE][PASSED] - Object: 'Object Repository/valuation department/Page_Chiragh.com Admin/div_Password' is clicked on

2019-04-16 12:40:53 - [TEST_STEP][PASSED] - setEncryptedText(findTestObject("Object Repository/valuation department/Page_Chiragh.com Admin/input_Username_password"), "RigbBhfdqODKcAsiUrg+1Q=="): Text ****** has been set on object 'Object Repository/valuation department/Page_Chiragh.com Admin/input_Username_password'

2019-04-16 12:40:53 - [MESSAGE][PASSED] - Text ****** has been set on object 'Object Repository/valuation department/Page_Chiragh.com Admin/input_Username_password'

2019-04-16 12:40:53 - [TEST_STEP][PASSED] - click(findTestObject("Object Repository/valuation department/Page_Chiragh.com Admin/button_Login")): Object: 'Object Repository/valuation department/Page_Chiragh.com Admin/button_Login' is clicked on

2019-04-16 12:40:53 - [MESSAGE][PASSED] - Object: 'Object Repository/valuation department/Page_Chiragh.com Admin/button_Login' is clicked on

2019-04-16 12:40:53 - [TEST_STEP][PASSED] - click(findTestObject("Object Repository/valuation department/Page_Chiragh.com Admin/a_My Leads")): Object: 'Object Repository/valuation department/Page_Chiragh.com Admin/a_My Leads' is clicked on

2019-04-16 12:40:57 - [MESSAGE][PASSED] - Object: 'Object Repository/valuation department/Page_Chiragh.com Admin/a_My Leads' is clicked on

2019-04-16 12:40:57 - [TEST_STEP][PASSED] - click(findTestObject("Object Repository/valuation department/Page_Chiragh.com Admin/i_Schedule Appointment_fas fa-")): Object: 'Object Repository/valuation department/Page_Chiragh.com Admin/i_Schedule Appointment_fas fa-' is clicked on

2019-04-16 12:41:07 - [MESSAGE][PASSED] - Object: 'Object Repository/valuation department/Page_Chiragh.com Admin/i_Schedule Appointment_fas fa-' is clicked on

2019-04-16 12:41:07 - [TEST_STEP][PASSED] - delay(3): Delayed 3 second(s)

2019-04-16 12:41:10 - [MESSAGE][PASSED] - Delayed 3 second(s)

2019-04-16 12:41:10 - [TEST_STEP][PASSED] - setText(findTestObject("Object Repository/valuation department/Page_Chiragh.com Admin/input_Schedule an Onsite Visit"), "Onsite Visit"): Text 'Onsite Visit' is set on object 'Object Repository/valuation department/Page_Chiragh.com Admin/input_Schedule an Onsite Visit'

2019-04-16 12:41:11 - [MESSAGE][PASSED] - Text 'Onsite Visit' is set on object 'Object Repository/valuation department/Page_Chiragh.com Admin/input_Schedule an Onsite Visit'

2019-04-16 12:41:11 - [TEST_STEP][PASSED] - click(findTestObject("Object Repository/valuation department/Page_Chiragh.com Admin/span_Schedule an Onsite Visit_")): Object: 'Object Repository/valuation department/Page_Chiragh.com Admin/span_Schedule an Onsite Visit_' is clicked on

2019-04-16 12:41:12 - [MESSAGE][PASSED] - Object: 'Object Repository/valuation department/Page_Chiragh.com Admin/span_Schedule an Onsite Visit_' is clicked on

2019-04-16 12:41:12 - [TEST_STEP][PASSED] - click(findTestObject("Object Repository/valuation department/Page_Chiragh.com Admin/div_Help_cdk-overlay-backdrop")): Object: 'Object Repository/valuation department/Page_Chiragh.com Admin/div_Help_cdk-overlay-backdrop' is clicked on

2019-04-16 12:41:12 - [MESSAGE][PASSED] - Object: 'Object Repository/valuation department/Page_Chiragh.com Admin/div_Help_cdk-overlay-backdrop' is clicked on

2019-04-16 12:41:12 - [TEST_STEP][PASSED] - click(findTestObject("Object Repository/valuation department/Page_Chiragh.com Admin/span_20")): Object: 'Object Repository/valuation department/Page_Chiragh.com Admin/span_20' is clicked on

2019-04-16 12:41:12 - [MESSAGE][PASSED] - Object: 'Object Repository/valuation department/Page_Chiragh.com Admin/span_20' is clicked on

2019-04-16 12:41:12 - [TEST_STEP][PASSED] - setText(findTestObject("Object Repository/valuation department/Page_Chiragh.com Admin/input_Sat_owl-dt-timer-input"), "11"): Text '11' is set on object 'Object Repository/valuation department/Page_Chiragh.com Admin/input_Sat_owl-dt-timer-input'

2019-04-16 12:41:12 - [MESSAGE][PASSED] - Text '11' is set on object 'Object Repository/valuation department/Page_Chiragh.com Admin/input_Sat_owl-dt-timer-input'

2019-04-16 12:41:12 - [TEST_STEP][PASSED] - setText(findTestObject("Object Repository/valuation department/Page_Chiragh.com Admin/input_Hour_owl-dt-timer-input"), "00"): Text '00' is set on object 'Object Repository/valuation department/Page_Chiragh.com Admin/input_Hour_owl-dt-timer-input'

2019-04-16 12:41:13 - [MESSAGE][PASSED] - Text '00' is set on object 'Object Repository/valuation department/Page_Chiragh.com Admin/input_Hour_owl-dt-timer-input'

2019-04-16 12:41:13 - [TEST_STEP][PASSED] - delay(4): Delayed 4 second(s)

2019-04-16 12:41:17 - [MESSAGE][PASSED] - Delayed 4 second(s)

2019-04-16 12:41:17 - [TEST_STEP][PASSED] - click(findTestObject("Object Repository/valuation department/Page_Chiragh.com Admin/span_Set")): Object: 'Object Repository/valuation department/Page_Chiragh.com Admin/span_Set' is clicked on

2019-04-16 12:41:17 - [MESSAGE][PASSED] - Object: 'Object Repository/valuation department/Page_Chiragh.com Admin/span_Set' is clicked on

2019-04-16 12:41:17 - [TEST_STEP][PASSED] - setText(findTestObject("Object Repository/valuation department/Page_Chiragh.com Admin/textarea_Schedule an Onsite Vi"), "Onsite Visit "): Text 'Onsite Visit ' is set on object 'Object Repository/valuation department/Page_Chiragh.com Admin/textarea_Schedule an Onsite Vi'

2019-04-16 12:41:18 - [MESSAGE][PASSED] - Text 'Onsite Visit ' is set on object 'Object Repository/valuation department/Page_Chiragh.com Admin/textarea_Schedule an Onsite Vi'

2019-04-16 12:41:18 - [TEST_STEP][PASSED] - click(findTestObject("Object Repository/valuation department/Page_Chiragh.com Admin/button_SAVE")): Object: 'Object Repository/valuation department/Page_Chiragh.com Admin/button_SAVE' is clicked on

2019-04-16 12:41:18 - [MESSAGE][PASSED] - Object: 'Object Repository/valuation department/Page_Chiragh.com Admin/button_SAVE' is clicked on

2019-04-16 12:41:18 - [TEST_STEP][PASSED] - delay(4): Delayed 4 second(s)

2019-04-16 12:41:22 - [MESSAGE][PASSED] - Delayed 4 second(s)

2019-04-16 12:41:22 - [TEST_STEP][PASSED] - click(findTestObject("Object Repository/valuation department/Page_Chiragh.com Admin/Page_Chiragh.com Admin/img1")): Object: 'Object Repository/valuation department/Page_Chiragh.com Admin/Page_Chiragh.com Admin/img1' is clicked on

2019-04-16 12:41:22 - [MESSAGE][PASSED] - Object: 'Object Repository/valuation department/Page_Chiragh.com Admin/Page_Chiragh.com Admin/img1' is clicked on

2019-04-16 12:41:22 - [TEST_STEP][PASSED] - delay(3): Delayed 3 second(s)

2019-04-16 12:41:25 - [MESSAGE][PASSED] - Delayed 3 second(s)

2019-04-16 12:41:25 - [TEST_STEP][PASSED] - click(findTestObject("Object Repository/valuation department/Page_Chiragh.com Admin/button_CD")): Object: 'Object Repository/valuation department/Page_Chiragh.com Admin/button_CD' is clicked on

2019-04-16 12:41:25 - [MESSAGE][PASSED] - Object: 'Object Repository/valuation department/Page_Chiragh.com Admin/button_CD' is clicked on

2019-04-16 12:41:25 - [TEST_STEP][PASSED] - delay(8): Delayed 8 second(s)

2019-04-16 12:41:33 - [MESSAGE][PASSED] - Delayed 8 second(s)

2019-04-16 12:41:33 - [TEST_STEP][PASSED] - click(findTestObject("Object Repository/valuation department/Page_Chiragh.com Admin/button_exit_to_appLogout")): Object: 'Object Repository/valuation department/Page_Chiragh.com Admin/button_exit_to_appLogout' is clicked on

2019-04-16 12:41:41 - [MESSAGE][PASSED] - Object: 'Object Repository/valuation department/Page_Chiragh.com Admin/button_exit_to_appLogout' is clicked on

2019-04-16 12:41:41 - [TEST_STEP][PASSED] - waitForPageLoad(8): Wait for page load successfully

2019-04-16 12:41:41 - [MESSAGE][PASSED] - Wait for page load successfully

2019-04-16 12:41:41 - [TEST_STEP][PASSED] - click(findTestObject("Object Repository/valuation department/Page_Chiragh.com Admin/div_Username")): Object: 'Object Repository/valuation department/Page_Chiragh.com Admin/div_Username' is clicked on

2019-04-16 12:41:41 - [MESSAGE][PASSED] - Object: 'Object Repository/valuation department/Page_Chiragh.com Admin/div_Username' is clicked on

2019-04-16 12:41:41 - [TEST_STEP][PASSED] - setText(findTestObject("Object Repository/valuation department/Page_Chiragh.com Admin/input_Admin Panel_userName"), "fatimazaidi"): Text 'fatimazaidi' is set on object 'Object Repository/valuation department/Page_Chiragh.com Admin/input_Admin Panel_userName'

2019-04-16 12:41:41 - [MESSAGE][PASSED] - Text 'fatimazaidi' is set on object 'Object Repository/valuation department/Page_Chiragh.com Admin/input_Admin Panel_userName'

2019-04-16 12:41:41 - [TEST_STEP][PASSED] - click(findTestObject("Object Repository/valuation department/Page_Chiragh.com Admin/div_Password")): Object: 'Object Repository/valuation department/Page_Chiragh.com Admin/div_Password' is clicked on

2019-04-16 12:41:41 - [MESSAGE][PASSED] - Object: 'Object Repository/valuation department/Page_Chiragh.com Admin/div_Password' is clicked on

2019-04-16 12:41:41 - [TEST_STEP][PASSED] - setEncryptedText(findTestObject("Object Repository/valuation department/Page_Chiragh.com Admin/input_Username_password"), "RigbBhfdqODKcAsiUrg+1Q=="): Text ****** has been set on object 'Object Repository/valuation department/Page_Chiragh.com Admin/input_Username_password'

2019-04-16 12:41:41 - [MESSAGE][PASSED] - Text ****** has been set on object 'Object Repository/valuation department/Page_Chiragh.com Admin/input_Username_password'

2019-04-16 12:41:41 - [TEST_STEP][PASSED] - click(findTestObject("Object Repository/valuation department/Page_Chiragh.com Admin/button_Login")): Object: 'Object Repository/valuation department/Page_Chiragh.com Admin/button_Login' is clicked on

2019-04-16 12:41:42 - [MESSAGE][PASSED] - Object: 'Object Repository/valuation department/Page_Chiragh.com Admin/button_Login' is clicked on

2019-04-16 12:41:42 - [TEST_STEP][PASSED] - click(findTestObject("Object Repository/valuation department/Page_Chiragh.com Admin/a_December 30th 2019 1024 AM_f")): Object: 'Object Repository/valuation department/Page_Chiragh.com Admin/a_December 30th 2019 1024 AM_f' is clicked on

2019-04-16 12:41:49 - [MESSAGE][PASSED] - Object: 'Object Repository/valuation department/Page_Chiragh.com Admin/a_December 30th 2019 1024 AM_f' is clicked on

2019-04-16 12:41:49 - [TEST_STEP][PASSED] - click(findTestObject("Object Repository/valuation department/Page_Chiragh.com Admin/a_Adnan Shafiq")): Object: 'Object Repository/valuation department/Page_Chiragh.com Admin/a_Adnan Shafiq' is clicked on

2019-04-16 12:41:49 - [MESSAGE][PASSED] - Object: 'Object Repository/valuation department/Page_Chiragh.com Admin/a_Adnan Shafiq' is clicked on

2019-04-16 12:41:49 - [TEST_STEP][PASSED] - click(findTestObject("Object Repository/valuation department/Page_Chiragh.com Admin/a_In Process")): Object: 'Object Repository/valuation department/Page_Chiragh.com Admin/a_In Process' is clicked on

2019-04-16 12:41:49 - [MESSAGE][PASSED] - Object: 'Object Repository/valuation department/Page_Chiragh.com Admin/a_In Process' is clicked on

2019-04-16 12:41:49 - [TEST_STEP][PASSED] - click(findTestObject("Object Repository/valuation department/Page_Chiragh.com Admin/button_FZ")): Object: 'Object Repository/valuation department/Page_Chiragh.com Admin/button_FZ' is clicked on

2019-04-16 12:41:49 - [MESSAGE][PASSED] - Object: 'Object Repository/valuation department/Page_Chiragh.com Admin/button_FZ' is clicked on

2019-04-16 12:41:49 - [TEST_STEP][PASSED] - delay(7): Delayed 7 second(s)

2019-04-16 12:41:56 - [MESSAGE][PASSED] - Delayed 7 second(s)

2019-04-16 12:41:56 - [TEST_STEP][PASSED] - click(findTestObject("Object Repository/valuation department/Page_Chiragh.com Admin/button_exit_to_appLogout")): Object: 'Object Repository/valuation department/Page_Chiragh.com Admin/button_exit_to_appLogout' is clicked on

2019-04-16 12:42:04 - [MESSAGE][PASSED] - Object: 'Object Repository/valuation department/Page_Chiragh.com Admin/button_exit_to_appLogout' is clicked on

2019-04-16 12:42:04 - [TEST_STEP][PASSED] - waitForPageLoad(8): Wait for page load successfully

2019-04-16 12:42:04 - [MESSAGE][PASSED] - Wait for page load successfully

2019-04-16 12:42:04 - [TEST_STEP][PASSED] - click(findTestObject("Object Repository/valuation department/Page_Chiragh.com Admin/div_Username")): Object: 'Object Repository/valuation department/Page_Chiragh.com Admin/div_Username' is clicked on

2019-04-16 12:42:04 - [MESSAGE][PASSED] - Object: 'Object Repository/valuation department/Page_Chiragh.com Admin/div_Username' is clicked on

2019-04-16 12:42:04 - [TEST_STEP][PASSED] - setText(findTestObject("Object Repository/valuation department/Page_Chiragh.com Admin/input_Admin Panel_userName"), "adnanshafiq"): Text 'adnanshafiq' is set on object 'Object Repository/valuation department/Page_Chiragh.com Admin/input_Admin Panel_userName'

2019-04-16 12:42:04 - [MESSAGE][PASSED] - Text 'adnanshafiq' is set on object 'Object Repository/valuation department/Page_Chiragh.com Admin/input_Admin Panel_userName'

2019-04-16 12:42:04 - [TEST_STEP][PASSED] - click(findTestObject("Object Repository/valuation department/Page_Chiragh.com Admin/div_Password")): Object: 'Object Repository/valuation department/Page_Chiragh.com Admin/div_Password' is clicked on

2019-04-16 12:42:04 - [MESSAGE][PASSED] - Object: 'Object Repository/valuation department/Page_Chiragh.com Admin/div_Password' is clicked on

2019-04-16 12:42:04 - [TEST_STEP][PASSED] - setEncryptedText(findTestObject("Object Repository/valuation department/Page_Chiragh.com Admin/input_Username_password"), "RigbBhfdqODKcAsiUrg+1Q=="): Text ****** has been set on object 'Object Repository/valuation department/Page_Chiragh.com Admin/input_Username_password'

2019-04-16 12:42:05 - [MESSAGE][PASSED] - Text ****** has been set on object 'Object Repository/valuation department/Page_Chiragh.com Admin/input_Username_password'

2019-04-16 12:42:05 - [TEST_STEP][PASSED] - click(findTestObject("Object Repository/valuation department/Page_Chiragh.com Admin/button_Login")): Object: 'Object Repository/valuation department/Page_Chiragh.com Admin/button_Login' is clicked on

2019-04-16 12:42:05 - [MESSAGE][PASSED] - Object: 'Object Repository/valuation department/Page_Chiragh.com Admin/button_Login' is clicked on

2019-04-16 12:42:05 - [TEST_STEP][PASSED] - click(findTestObject("Object Repository/valuation department/Page_Chiragh.com Admin/a_December 30th 2019 1000 AM_f_1")): Object: 'Object Repository/valuation department/Page_Chiragh.com Admin/a_December 30th 2019 1000 AM_f_1' is clicked on

2019-04-16 12:42:19 - [MESSAGE][PASSED] - Object: 'Object Repository/valuation department/Page_Chiragh.com Admin/a_December 30th 2019 1000 AM_f_1' is clicked on

2019-04-16 12:42:19 - [TEST_STEP][PASSED] - click(findTestObject("Object Repository/valuation department/Page_Chiragh.com Admin/a_Confirm")): Object: 'Object Repository/valuation department/Page_Chiragh.com Admin/a_Confirm' is clicked on

2019-04-16 12:42:19 - [MESSAGE][PASSED] - Object: 'Object Repository/valuation department/Page_Chiragh.com Admin/a_Confirm' is clicked on

2019-04-16 12:42:19 - [TEST_STEP][PASSED] - click(findTestObject("Object Repository/valuation department/Page_Chiragh.com Admin/a_Birdie Fords Hotel_fas fa-ba")): Object: 'Object Repository/valuation department/Page_Chiragh.com Admin/a_Birdie Fords Hotel_fas fa-ba' is clicked on

2019-04-16 12:42:20 - [MESSAGE][PASSED] - Object: 'Object Repository/valuation department/Page_Chiragh.com Admin/a_Birdie Fords Hotel_fas fa-ba' is clicked on

2019-04-16 12:42:20 - [TEST_STEP][PASSED] - delay(3): Delayed 3 second(s)

2019-04-16 12:42:23 - [MESSAGE][PASSED] - Delayed 3 second(s)

2019-04-16 12:42:23 - [TEST_STEP][PASSED] - click(findTestObject("Object Repository/valuation department/Page_Chiragh.com Admin/div_Valuation")): Object: 'Object Repository/valuation department/Page_Chiragh.com Admin/div_Valuation' is clicked on

2019-04-16 12:42:23 - [MESSAGE][PASSED] - Object: 'Object Repository/valuation department/Page_Chiragh.com Admin/div_Valuation' is clicked on

2019-04-16 12:42:23 - [TEST_STEP][PASSED] - uploadFile(findTestObject("Object Repository/valuation department/Page_Chiragh.com Admin/input_Valuation_file"), "C:\Users\HP\Katalon Studio\Chiragh(Admin)\Include\pdf\valuation.pdf"): File 'C:\Users\HP\Katalon Studio\Chiragh(Admin)\Include\pdf\valuation.pdf' sent to object: 'Object Repository/valuation department/Page_Chiragh.com Admin/input_Valuation_file'

2019-04-16 12:42:24 - [MESSAGE][PASSED] - File 'C:\Users\HP\Katalon Studio\Chiragh(Admin)\Include\pdf\valuation.pdf' sent to object: 'Object Repository/valuation department/Page_Chiragh.com Admin/input_Valuation_file'

2019-04-16 12:42:24 - [TEST_STEP][PASSED] - delay(10): Delayed 10 second(s)

2019-04-16 12:42:34 - [MESSAGE][PASSED] - Delayed 10 second(s)

2019-04-16 12:42:34 - [TEST_STEP][PASSED] - click(findTestObject("Object Repository/valuation department/Page_Chiragh.com Admin/img")): Object: 'Object Repository/valuation department/Page_Chiragh.com Admin/img' is clicked on

2019-04-16 12:42:34 - [MESSAGE][PASSED] - Object: 'Object Repository/valuation department/Page_Chiragh.com Admin/img' is clicked on

2019-04-16 12:42:34 - [TEST_STEP][PASSED] - delay(5): Delayed 5 second(s)

2019-04-16 12:42:39 - [MESSAGE][PASSED] - Delayed 5 second(s)

2019-04-16 12:42:39 - [TEST_STEP][PASSED] - click(findTestObject("Object Repository/valuation department/Page_Chiragh.com Admin/a_Birdie Fords Hotel")): Object: 'Object Repository/valuation department/Page_Chiragh.com Admin/a_Birdie Fords Hotel' is clicked on

2019-04-16 12:42:39 - [MESSAGE][PASSED] - Object: 'Object Repository/valuation department/Page_Chiragh.com Admin/a_Birdie Fords Hotel' is clicked on

2019-04-16 12:42:39 - [TEST_STEP][PASSED] - delay(4): Delayed 4 second(s)

2019-04-16 12:42:43 - [MESSAGE][PASSED] - Delayed 4 second(s)

2019-04-16 12:42:43 - [TEST_STEP][PASSED] - click(findTestObject("Object Repository/valuation department/Page_Chiragh.com Admin/div_Check List")): Object: 'Object Repository/valuation department/Page_Chiragh.com Admin/div_Check List' is clicked on

2019-04-16 12:42:44 - [MESSAGE][PASSED] - Object: 'Object Repository/valuation department/Page_Chiragh.com Admin/div_Check List' is clicked on

2019-04-16 12:42:44 - [TEST_STEP][PASSED] - delay(4): Delayed 4 second(s)

2019-04-16 12:42:48 - [MESSAGE][PASSED] - Delayed 4 second(s)

2019-04-16 12:42:48 - [TEST_STEP][PASSED] - click(findTestObject("Object Repository/valuation department/Page_Chiragh.com Admin/button_Confirm")): Object: 'Object Repository/valuation department/Page_Chiragh.com Admin/button_Confirm' is clicked on

2019-04-16 12:42:48 - [MESSAGE][PASSED] - Object: 'Object Repository/valuation department/Page_Chiragh.com Admin/button_Confirm' is clicked on

2019-04-16 12:42:48 - [TEST_STEP][PASSED] - delay(3): Delayed 3 second(s)

2019-04-16 12:42:51 - [MESSAGE][PASSED] - Delayed 3 second(s)

2019-04-16 12:42:51 - [TEST_STEP][PASSED] - click(findTestObject("Object Repository/valuation department/Page_Chiragh.com Admin/button_AS")): Object: 'Object Repository/valuation department/Page_Chiragh.com Admin/button_AS' is clicked on

2019-04-16 12:42:52 - [MESSAGE][PASSED] - Object: 'Object Repository/valuation department/Page_Chiragh.com Admin/button_AS' is clicked on

2019-04-16 12:42:52 - [TEST_STEP][PASSED] - delay(8): Delayed 8 second(s)

2019-04-16 12:43:00 - [MESSAGE][PASSED] - Delayed 8 second(s)

2019-04-16 12:43:00 - [TEST_STEP][PASSED] - click(findTestObject("Object Repository/valuation department/Page_Chiragh.com Admin/button_exit_to_appLogout")): Object: 'Object Repository/valuation department/Page_Chiragh.com Admin/button_exit_to_appLogout' is clicked on

2019-04-16 12:43:07 - [MESSAGE][PASSED] - Object: 'Object Repository/valuation department/Page_Chiragh.com Admin/button_exit_to_appLogout' is clicked on

2019-04-16 12:43:07 - [TEST_STEP][PASSED] - waitForPageLoad(8): Wait for page load successfully

2019-04-16 12:43:07 - [MESSAGE][PASSED] - Wait for page load successfully

2019-04-16 12:43:07 - [TEST_STEP][PASSED] - click(findTestObject("Object Repository/valuation department/Page_Chiragh.com Admin/div_Username")): Object: 'Object Repository/valuation department/Page_Chiragh.com Admin/div_Username' is clicked on

2019-04-16 12:43:07 - [MESSAGE][PASSED] - Object: 'Object Repository/valuation department/Page_Chiragh.com Admin/div_Username' is clicked on

2019-04-16 12:43:07 - [TEST_STEP][PASSED] - setText(findTestObject("Object Repository/valuation department/Page_Chiragh.com Admin/input_Admin Panel_userName"), "fatimazaidi"): Text 'fatimazaidi' is set on object 'Object Repository/valuation department/Page_Chiragh.com Admin/input_Admin Panel_userName'

2019-04-16 12:43:08 - [MESSAGE][PASSED] - Text 'fatimazaidi' is set on object 'Object Repository/valuation department/Page_Chiragh.com Admin/input_Admin Panel_userName'

2019-04-16 12:43:08 - [TEST_STEP][PASSED] - click(findTestObject("Object Repository/valuation department/Page_Chiragh.com Admin/div_Password")): Object: 'Object Repository/valuation department/Page_Chiragh.com Admin/div_Password' is clicked on

2019-04-16 12:43:08 - [MESSAGE][PASSED] - Object: 'Object Repository/valuation department/Page_Chiragh.com Admin/div_Password' is clicked on

2019-04-16 12:43:08 - [TEST_STEP][PASSED] - setEncryptedText(findTestObject("Object Repository/valuation department/Page_Chiragh.com Admin/input_Username_password"), "RigbBhfdqODKcAsiUrg+1Q=="): Text ****** has been set on object 'Object Repository/valuation department/Page_Chiragh.com Admin/input_Username_password'

2019-04-16 12:43:08 - [MESSAGE][PASSED] - Text ****** has been set on object 'Object Repository/valuation department/Page_Chiragh.com Admin/input_Username_password'

2019-04-16 12:43:08 - [TEST_STEP][PASSED] - click(findTestObject("Object Repository/valuation department/Page_Chiragh.com Admin/button_Login")): Object: 'Object Repository/valuation department/Page_Chiragh.com Admin/button_Login' is clicked on

2019-04-16 12:43:08 - [MESSAGE][PASSED] - Object: 'Object Repository/valuation department/Page_Chiragh.com Admin/button_Login' is clicked on

2019-04-16 12:43:08 - [TEST_STEP][PASSED] - click(findTestObject("Object Repository/valuation department/Page_Chiragh.com Admin/a_In Process")): Object: 'Object Repository/valuation department/Page_Chiragh.com Admin/a_In Process' is clicked on

2019-04-16 12:43:12 - [MESSAGE][PASSED] - Object: 'Object Repository/valuation department/Page_Chiragh.com Admin/a_In Process' is clicked on

2019-04-16 12:43:12 - [TEST_STEP][PASSED] - click(findTestObject("Object Repository/valuation department/Page_Chiragh.com Admin/a_Birdie Fords Hotel")): Object: 'Object Repository/valuation department/Page_Chiragh.com Admin/a_Birdie Fords Hotel' is clicked on

2019-04-16 12:43:20 - [MESSAGE][PASSED] - Object: 'Object Repository/valuation department/Page_Chiragh.com Admin/a_Birdie Fords Hotel' is clicked on

2019-04-16 12:43:20 - [TEST_STEP][PASSED] - delay(4): Delayed 4 second(s)

2019-04-16 12:43:24 - [MESSAGE][PASSED] - Delayed 4 second(s)

2019-04-16 12:43:24 - [TEST_STEP][PASSED] - click(findTestObject("Object Repository/valuation department/Page_Chiragh.com Admin/div_Check List")): Object: 'Object Repository/valuation department/Page_Chiragh.com Admin/div_Check List' is clicked on

2019-04-16 12:43:25 - [MESSAGE][PASSED] - Object: 'Object Repository/valuation department/Page_Chiragh.com Admin/div_Check List' is clicked on

2019-04-16 12:43:25 - [TEST_STEP][PASSED] - click(findTestObject("Object Repository/valuation department/Page_Chiragh.com Admin/button_Approve")): Object: 'Object Repository/valuation department/Page_Chiragh.com Admin/button_Approve' is clicked on

2019-04-16 12:43:25 - [MESSAGE][PASSED] - Object: 'Object Repository/valuation department/Page_Chiragh.com Admin/button_Approve' is clicked on

2019-04-16 12:43:25 - [TEST_STEP][PASSED] - click(findTestObject("Object Repository/valuation department/Page_Chiragh.com Admin/button_Yes")): Object: 'Object Repository/valuation department/Page_Chiragh.com Admin/button_Yes' is clicked on

2019-04-16 12:43:25 - [MESSAGE][PASSED] - Object: 'Object Repository/valuation department/Page_Chiragh.com Admin/button_Yes' is clicked on

2019-04-16 12:43:25 - [TEST_STEP][PASSED] - delay(3): Delayed 3 second(s)

2019-04-16 12:43:28 - [MESSAGE][PASSED] - Delayed 3 second(s)

2019-04-16 12:43:28 - [TEST_STEP][PASSED] - click(findTestObject("Object Repository/valuation department/Page_Chiragh.com Admin/button_FZ")): Object: 'Object Repository/valuation department/Page_Chiragh.com Admin/button_FZ' is clicked on

2019-04-16 12:43:28 - [MESSAGE][PASSED] - Object: 'Object Repository/valuation department/Page_Chiragh.com Admin/button_FZ' is clicked on

2019-04-16 12:43:28 - [TEST_STEP][PASSED] - delay(8): Delayed 8 second(s)

2019-04-16 12:43:36 - [MESSAGE][PASSED] - Delayed 8 second(s)

2019-04-16 12:43:36 - [TEST_STEP][PASSED] - click(findTestObject("Object Repository/valuation department/Page_Chiragh.com Admin/button_exit_to_appLogout")): Object: 'Object Repository/valuation department/Page_Chiragh.com Admin/button_exit_to_appLogout' is clicked on

2019-04-16 12:43:44 - [MESSAGE][PASSED] - Object: 'Object Repository/valuation department/Page_Chiragh.com Admin/button_exit_to_appLogout' is clicked on

2019-04-16 12:43:44 - [TEST_STEP][PASSED] - waitForPageLoad(8): Wait for page load successfully

2019-04-16 12:43:44 - [MESSAGE][PASSED] - Wait for page load successfully

2019-04-16 12:43:44 - [TEST_STEP][PASSED] - click(findTestObject("Object Repository/valuation department/Page_Chiragh.com Admin/div_Username")): Object: 'Object Repository/valuation department/Page_Chiragh.com Admin/div_Username' is clicked on

2019-04-16 12:43:44 - [MESSAGE][PASSED] - Object: 'Object Repository/valuation department/Page_Chiragh.com Admin/div_Username' is clicked on

2019-04-16 12:43:44 - [TEST_STEP][PASSED] - setText(findTestObject("Object Repository/valuation department/Page_Chiragh.com Admin/input_Admin Panel_userName"), "chrystaldsouza"): Text 'chrystaldsouza' is set on object 'Object Repository/valuation department/Page_Chiragh.com Admin/input_Admin Panel_userName'

2019-04-16 12:43:45 - [MESSAGE][PASSED] - Text 'chrystaldsouza' is set on object 'Object Repository/valuation department/Page_Chiragh.com Admin/input_Admin Panel_userName'

2019-04-16 12:43:45 - [TEST_STEP][PASSED] - click(findTestObject("Object Repository/valuation department/Page_Chiragh.com Admin/div_Password")): Object: 'Object Repository/valuation department/Page_Chiragh.com Admin/div_Password' is clicked on

2019-04-16 12:43:45 - [MESSAGE][PASSED] - Object: 'Object Repository/valuation department/Page_Chiragh.com Admin/div_Password' is clicked on

2019-04-16 12:43:45 - [TEST_STEP][PASSED] - setEncryptedText(findTestObject("Object Repository/valuation department/Page_Chiragh.com Admin/input_Username_password"), "RigbBhfdqODKcAsiUrg+1Q=="): Text ****** has been set on object 'Object Repository/valuation department/Page_Chiragh.com Admin/input_Username_password'

2019-04-16 12:43:45 - [MESSAGE][PASSED] - Text ****** has been set on object 'Object Repository/valuation department/Page_Chiragh.com Admin/input_Username_password'

2019-04-16 12:43:45 - [TEST_STEP][PASSED] - click(findTestObject("Object Repository/valuation department/Page_Chiragh.com Admin/button_Login")): Object: 'Object Repository/valuation department/Page_Chiragh.com Admin/button_Login' is clicked on

2019-04-16 12:43:45 - [MESSAGE][PASSED] - Object: 'Object Repository/valuation department/Page_Chiragh.com Admin/button_Login' is clicked on

2019-04-16 12:43:45 - [TEST_STEP][PASSED] - click(findTestObject("Object Repository/valuation department/Page_Chiragh.com Admin/a_My Leads")): Object: 'Object Repository/valuation department/Page_Chiragh.com Admin/a_My Leads' is clicked on

2019-04-16 12:43:49 - [MESSAGE][PASSED] - Object: 'Object Repository/valuation department/Page_Chiragh.com Admin/a_My Leads' is clicked on

2019-04-16 12:43:49 - [TEST_STEP][PASSED] - click(findTestObject("Object Repository/valuation department/Page_Chiragh.com Admin/a_Birdie Fords Hotel_fas fa-ba_1")): Object: 'Object Repository/valuation department/Page_Chiragh.com Admin/a_Birdie Fords Hotel_fas fa-ba_1' is clicked on

2019-04-16 12:44:04 - [MESSAGE][PASSED] - Object: 'Object Repository/valuation department/Page_Chiragh.com Admin/a_Birdie Fords Hotel_fas fa-ba_1' is clicked on

2019-04-16 12:44:04 - [TEST_STEP][PASSED] - delay(5): Delayed 5 second(s)

2019-04-16 12:44:09 - [MESSAGE][PASSED] - Delayed 5 second(s)

2019-04-16 12:44:09 - [TEST_STEP][PASSED] - click(findTestObject("Object Repository/valuation department/Page_Chiragh.com Admin/div_Valuation_1")): Object: 'Object Repository/valuation department/Page_Chiragh.com Admin/div_Valuation_1' is clicked on

2019-04-16 12:44:10 - [MESSAGE][PASSED] - Object: 'Object Repository/valuation department/Page_Chiragh.com Admin/div_Valuation_1' is clicked on

2019-04-16 12:44:10 - [TEST_STEP][PASSED] - click(findTestObject("Object Repository/valuation department/Page_Chiragh.com Admin/div_Valuation_1")): Object: 'Object Repository/valuation department/Page_Chiragh.com Admin/div_Valuation_1' is clicked on

2019-04-16 12:44:10 - [MESSAGE][PASSED] - Object: 'Object Repository/valuation department/Page_Chiragh.com Admin/div_Valuation_1' is clicked on

2019-04-16 12:44:10 - [TEST_STEP][PASSED] - uploadFile(findTestObject("Object Repository/valuation department/Page_Chiragh.com Admin/div_Chiragh Valuation Report"), "C:\Users\HP\Katalon Studio\Chiragh(Admin)\Include\pdf\ChiraghValuation.pdf"): File 'C:\Users\HP\Katalon Studio\Chiragh(Admin)\Include\pdf\ChiraghValuation.pdf' sent to object: 'Object Repository/valuation department/Page_Chiragh.com Admin/div_Chiragh Valuation Report'

2019-04-16 12:44:10 - [MESSAGE][PASSED] - File 'C:\Users\HP\Katalon Studio\Chiragh(Admin)\Include\pdf\ChiraghValuation.pdf' sent to object: 'Object Repository/valuation department/Page_Chiragh.com Admin/div_Chiragh Valuation Report'

2019-04-16 12:44:10 - [TEST_STEP][PASSED] - delay(5): Delayed 5 second(s)

2019-04-16 12:44:15 - [MESSAGE][PASSED] - Delayed 5 second(s)

2019-04-16 12:44:15 - [TEST_STEP][PASSED] - uploadFile(findTestObject("Object Repository/valuation department/Page_Chiragh.com Admin/div_Market Analysis Report"), "C:\Users\HP\Katalon Studio\Chiragh(Admin)\Include\pdf\MarketAnalysis.pdf"): File 'C:\Users\HP\Katalon Studio\Chiragh(Admin)\Include\pdf\MarketAnalysis.pdf' sent to object: 'Object Repository/valuation department/Page_Chiragh.com Admin/div_Market Analysis Report'

2019-04-16 12:44:15 - [MESSAGE][PASSED] - File 'C:\Users\HP\Katalon Studio\Chiragh(Admin)\Include\pdf\MarketAnalysis.pdf' sent to object: 'Object Repository/valuation department/Page_Chiragh.com Admin/div_Market Analysis Report'

2019-04-16 12:44:15 - [TEST_STEP][PASSED] - delay(5): Delayed 5 second(s)

2019-04-16 12:44:20 - [MESSAGE][PASSED] - Delayed 5 second(s)

2019-04-16 12:44:20 - [TEST_STEP][PASSED] - click(findTestObject("Object Repository/valuation department/Gallery/Page_Chiragh.com Admin/div_Gallery_mat-tab-header-pag")): Object: 'Object Repository/valuation department/Gallery/Page_Chiragh.com Admin/div_Gallery_mat-tab-header-pag' is clicked on

2019-04-16 12:44:21 - [MESSAGE][PASSED] - Object: 'Object Repository/valuation department/Gallery/Page_Chiragh.com Admin/div_Gallery_mat-tab-header-pag' is clicked on

2019-04-16 12:44:21 - [TEST_STEP][PASSED] - delay(3): Delayed 3 second(s)

2019-04-16 12:44:24 - [MESSAGE][PASSED] - Delayed 3 second(s)

2019-04-16 12:44:24 - [TEST_STEP][PASSED] - click(findTestObject("Object Repository/valuation department/Page_Chiragh.com Admin/div_Gallery")): Object: 'Object Repository/valuation department/Page_Chiragh.com Admin/div_Gallery' is clicked on

2019-04-16 12:44:24 - [MESSAGE][PASSED] - Object: 'Object Repository/valuation department/Page_Chiragh.com Admin/div_Gallery' is clicked on

2019-04-16 12:44:24 - [TEST_STEP][PASSED] - click(findTestObject("Object Repository/valuation department/Page_Chiragh.com Admin/div_Gallery")): Object: 'Object Repository/valuation department/Page_Chiragh.com Admin/div_Gallery' is clicked on

2019-04-16 12:44:24 - [MESSAGE][PASSED] - Object: 'Object Repository/valuation department/Page_Chiragh.com Admin/div_Gallery' is clicked on

2019-04-16 12:44:24 - [TEST_STEP][PASSED] - delay(8): Delayed 8 second(s)

2019-04-16 12:44:32 - [MESSAGE][PASSED] - Delayed 8 second(s)

2019-04-16 12:44:32 - [TEST_STEP][PASSED] - uploadFile(findTestObject("Object Repository/valuation department/Page_Chiragh.com Admin/input_This collection is empty"), "C:\Users\HP\Katalon Studio\Chiragh(Admin)\Include\propertyImages\15.jpg"): File 'C:\Users\HP\Katalon Studio\Chiragh(Admin)\Include\propertyImages\15.jpg' sent to object: 'Object Repository/valuation department/Page_Chiragh.com Admin/input_This collection is empty'

2019-04-16 12:44:32 - [MESSAGE][PASSED] - File 'C:\Users\HP\Katalon Studio\Chiragh(Admin)\Include\propertyImages\15.jpg' sent to object: 'Object Repository/valuation department/Page_Chiragh.com Admin/input_This collection is empty'

2019-04-16 12:44:32 - [TEST_STEP][PASSED] - delay(3): Delayed 3 second(s)

2019-04-16 12:44:35 - [MESSAGE][PASSED] - Delayed 3 second(s)

2019-04-16 12:44:35 - [TEST_STEP][PASSED] - uploadFile(findTestObject("Object Repository/valuation department/Page_Chiragh.com Admin/button_Mark Main_upload-img-li"), "C:\Users\HP\Katalon Studio\Chiragh(Admin)\Include\propertyImages\akoya-oxygen-1076-2052.jpg"): File 'C:\Users\HP\Katalon Studio\Chiragh(Admin)\Include\propertyImages\akoya-oxygen-1076-2052.jpg' sent to object: 'Object Repository/valuation department/Page_Chiragh.com Admin/button_Mark Main_upload-img-li'

2019-04-16 12:44:41 - [MESSAGE][PASSED] - File 'C:\Users\HP\Katalon Studio\Chiragh(Admin)\Include\propertyImages\akoya-oxygen-1076-2052.jpg' sent to object: 'Object Repository/valuation department/Page_Chiragh.com Admin/button_Mark Main_upload-img-li'

2019-04-16 12:44:41 - [TEST_STEP][PASSED] - delay(3): Delayed 3 second(s)

2019-04-16 12:44:44 - [MESSAGE][PASSED] - Delayed 3 second(s)

2019-04-16 12:44:44 - [TEST_STEP][PASSED] - uploadFile(findTestObject("Object Repository/valuation department/Page_Chiragh.com Admin/input_This collection is empty"), "C:\Users\HP\Katalon Studio\Chiragh(Admin)\Include\propertyImages\arabian-ranches.png"): File 'C:\Users\HP\Katalon Studio\Chiragh(Admin)\Include\propertyImages\arabian-ranches.png' sent to object: 'Object Repository/valuation department/Page_Chiragh.com Admin/input_This collection is empty'

2019-04-16 12:44:44 - [MESSAGE][PASSED] - File 'C:\Users\HP\Katalon Studio\Chiragh(Admin)\Include\propertyImages\arabian-ranches.png' sent to object: 'Object Repository/valuation department/Page_Chiragh.com Admin/input_This collection is empty'

2019-04-16 12:44:44 - [TEST_STEP][PASSED] - delay(3): Delayed 3 second(s)

2019-04-16 12:44:47 - [MESSAGE][PASSED] - Delayed 3 second(s)

2019-04-16 12:44:47 - [TEST_STEP][PASSED] - uploadFile(findTestObject("Object Repository/valuation department/Page_Chiragh.com Admin/input_This collection is empty"), "C:\Users\HP\Katalon Studio\Chiragh(Admin)\Include\propertyImages\119161567.jpg"): File 'C:\Users\HP\Katalon Studio\Chiragh(Admin)\Include\propertyImages\119161567.jpg' sent to object: 'Object Repository/valuation department/Page_Chiragh.com Admin/input_This collection is empty'

2019-04-16 12:44:47 - [MESSAGE][PASSED] - File 'C:\Users\HP\Katalon Studio\Chiragh(Admin)\Include\propertyImages\119161567.jpg' sent to object: 'Object Repository/valuation department/Page_Chiragh.com Admin/input_This collection is empty'

2019-04-16 12:44:47 - [TEST_STEP][PASSED] - delay(3): Delayed 3 second(s)

2019-04-16 12:44:50 - [MESSAGE][PASSED] - Delayed 3 second(s)

2019-04-16 12:44:50 - [TEST_STEP][PASSED] - uploadFile(findTestObject("Object Repository/valuation department/Page_Chiragh.com Admin/input_This collection is empty"), "C:\Users\HP\Katalon Studio\Chiragh(Admin)\Include\propertyImages\41533282.jpeg"): File 'C:\Users\HP\Katalon Studio\Chiragh(Admin)\Include\propertyImages\41533282.jpeg' sent to object: 'Object Repository/valuation department/Page_Chiragh.com Admin/input_This collection is empty'

2019-04-16 12:44:50 - [MESSAGE][PASSED] - File 'C:\Users\HP\Katalon Studio\Chiragh(Admin)\Include\propertyImages\41533282.jpeg' sent to object: 'Object Repository/valuation department/Page_Chiragh.com Admin/input_This collection is empty'

2019-04-16 12:44:50 - [TEST_STEP][PASSED] - delay(3): Delayed 3 second(s)

2019-04-16 12:44:53 - [MESSAGE][PASSED] - Delayed 3 second(s)

2019-04-16 12:44:53 - [TEST_STEP][PASSED] - uploadFile(findTestObject("Object Repository/valuation department/Page_Chiragh.com Admin/input_This collection is empty"), "C:\Users\HP\Katalon Studio\Chiragh(Admin)\Include\propertyImages\arabian-ranches.png"): File 'C:\Users\HP\Katalon Studio\Chiragh(Admin)\Include\propertyImages\arabian-ranches.png' sent to object: 'Object Repository/valuation department/Page_Chiragh.com Admin/input_This collection is empty'

2019-04-16 12:44:53 - [MESSAGE][PASSED] - File 'C:\Users\HP\Katalon Studio\Chiragh(Admin)\Include\propertyImages\arabian-ranches.png' sent to object: 'Object Repository/valuation department/Page_Chiragh.com Admin/input_This collection is empty'

2019-04-16 12:44:53 - [TEST_STEP][PASSED] - delay(3): Delayed 3 second(s)

2019-04-16 12:44:56 - [MESSAGE][PASSED] - Delayed 3 second(s)

2019-04-16 12:44:56 - [TEST_STEP][PASSED] - click(findTestObject("Object Repository/valuation department/Page_Chiragh.com Admin/img")): Object: 'Object Repository/valuation department/Page_Chiragh.com Admin/img' is clicked on

2019-04-16 12:44:57 - [MESSAGE][PASSED] - Object: 'Object Repository/valuation department/Page_Chiragh.com Admin/img' is clicked on

2019-04-16 12:44:57 - [TEST_STEP][PASSED] - delay(3): Delayed 3 second(s)

2019-04-16 12:45:00 - [MESSAGE][PASSED] - Delayed 3 second(s)

2019-04-16 12:45:00 - [TEST_STEP][PASSED] - click(findTestObject("Object Repository/valuation department/Page_Chiragh.com Admin/a_Birdie Fords Hotel")): Object: 'Object Repository/valuation department/Page_Chiragh.com Admin/a_Birdie Fords Hotel' is clicked on

2019-04-16 12:45:00 - [MESSAGE][PASSED] - Object: 'Object Repository/valuation department/Page_Chiragh.com Admin/a_Birdie Fords Hotel' is clicked on

2019-04-16 12:45:00 - [TEST_STEP][PASSED] - delay(4): Delayed 4 second(s)

2019-04-16 12:45:04 - [MESSAGE][PASSED] - Delayed 4 second(s)

2019-04-16 12:45:04 - [TEST_STEP][PASSED] - click(findTestObject("Object Repository/valuation department/Page_Chiragh.com Admin/div_Check List_3")): Object: 'Object Repository/valuation department/Page_Chiragh.com Admin/div_Check List_3' is clicked on

2019-04-16 12:45:05 - [MESSAGE][PASSED] - Object: 'Object Repository/valuation department/Page_Chiragh.com Admin/div_Check List_3' is clicked on

2019-04-16 12:45:05 - [TEST_STEP][PASSED] - delay(4): Delayed 4 second(s)

2019-04-16 12:45:09 - [MESSAGE][PASSED] - Delayed 4 second(s)

2019-04-16 12:45:09 - [TEST_STEP][PASSED] - click(findTestObject("Object Repository/valuation department/Checklist/Page_Chiragh.com Admin/div_Confirm on site meeting ca")): Object: 'Object Repository/valuation department/Checklist/Page_Chiragh.com Admin/div_Confirm on site meeting ca' is clicked on

2019-04-16 12:45:09 - [MESSAGE][PASSED] - Object: 'Object Repository/valuation department/Checklist/Page_Chiragh.com Admin/div_Confirm on site meeting ca' is clicked on

2019-04-16 12:45:09 - [TEST_STEP][PASSED] - click(findTestObject("Object Repository/valuation department/Checklist/Page_Chiragh.com Admin/div_NOC (optional)_mat-checkbo")): Object: 'Object Repository/valuation department/Checklist/Page_Chiragh.com Admin/div_NOC (optional)_mat-checkbo' is clicked on

2019-04-16 12:45:09 - [MESSAGE][PASSED] - Object: 'Object Repository/valuation department/Checklist/Page_Chiragh.com Admin/div_NOC (optional)_mat-checkbo' is clicked on

2019-04-16 12:45:09 - [TEST_STEP][PASSED] - click(findTestObject("Object Repository/valuation department/Checklist/Page_Chiragh.com Admin/div_Keys collected_mat-checkbo")): Object: 'Object Repository/valuation department/Checklist/Page_Chiragh.com Admin/div_Keys collected_mat-checkbo' is clicked on

2019-04-16 12:45:10 - [MESSAGE][PASSED] - Object: 'Object Repository/valuation department/Checklist/Page_Chiragh.com Admin/div_Keys collected_mat-checkbo' is clicked on

2019-04-16 12:45:10 - [TEST_STEP][PASSED] - click(findTestObject("Object Repository/valuation department/Checklist/Page_Chiragh.com Admin/div_Call photographer to confi")): Object: 'Object Repository/valuation department/Checklist/Page_Chiragh.com Admin/div_Call photographer to confi' is clicked on

2019-04-16 12:45:10 - [MESSAGE][PASSED] - Object: 'Object Repository/valuation department/Checklist/Page_Chiragh.com Admin/div_Call photographer to confi' is clicked on

2019-04-16 12:45:10 - [TEST_STEP][PASSED] - click(findTestObject("Object Repository/valuation department/Checklist/Page_Chiragh.com Admin/div_Booked the camera through")): Object: 'Object Repository/valuation department/Checklist/Page_Chiragh.com Admin/div_Booked the camera through' is clicked on

2019-04-16 12:45:10 - [MESSAGE][PASSED] - Object: 'Object Repository/valuation department/Checklist/Page_Chiragh.com Admin/div_Booked the camera through' is clicked on

2019-04-16 12:45:10 - [TEST_STEP][PASSED] - scrollToElement(findTestObject("Object Repository/valuation department/Checklist/Page_Chiragh.com Admin/div_Valuation report is upload"), 3): Scroll to object 'Object Repository/valuation department/Checklist/Page_Chiragh.com Admin/div_Valuation report is upload' successfully

2019-04-16 12:45:10 - [MESSAGE][PASSED] - Scroll to object 'Object Repository/valuation department/Checklist/Page_Chiragh.com Admin/div_Valuation report is upload' successfully

2019-04-16 12:45:10 - [TEST_STEP][PASSED] - click(findTestObject("Object Repository/valuation department/Checklist/Page_Chiragh.com Admin/div_Valuation report is upload")): Object: 'Object Repository/valuation department/Checklist/Page_Chiragh.com Admin/div_Valuation report is upload' is clicked on

2019-04-16 12:45:10 - [MESSAGE][PASSED] - Object: 'Object Repository/valuation department/Checklist/Page_Chiragh.com Admin/div_Valuation report is upload' is clicked on

2019-04-16 12:45:10 - [TEST_STEP][PASSED] - click(findTestObject("Object Repository/valuation department/Checklist/Page_Chiragh.com Admin/div_Market analysis report upl")): Object: 'Object Repository/valuation department/Checklist/Page_Chiragh.com Admin/div_Market analysis report upl' is clicked on

2019-04-16 12:45:11 - [MESSAGE][PASSED] - Object: 'Object Repository/valuation department/Checklist/Page_Chiragh.com Admin/div_Market analysis report upl' is clicked on

2019-04-16 12:45:11 - [TEST_STEP][PASSED] - delay(4): Delayed 4 second(s)

2019-04-16 12:45:15 - [MESSAGE][PASSED] - Delayed 4 second(s)

2019-04-16 12:45:15 - [TEST_STEP][PASSED] - click(findTestObject("Object Repository/valuation department/Page_Chiragh.com Admin/button_Confirm")): Object: 'Object Repository/valuation department/Page_Chiragh.com Admin/button_Confirm' is clicked on

2019-04-16 12:45:15 - [MESSAGE][PASSED] - Object: 'Object Repository/valuation department/Page_Chiragh.com Admin/button_Confirm' is clicked on

2019-04-16 12:45:15 - [TEST_STEP][PASSED] - delay(3): Delayed 3 second(s)

2019-04-16 12:45:18 - [MESSAGE][PASSED] - Delayed 3 second(s)

2019-04-16 12:45:18 - [TEST_STEP][PASSED] - click(findTestObject("Object Repository/valuation department/Page_Chiragh.com Admin/button_CD")): Object: 'Object Repository/valuation department/Page_Chiragh.com Admin/button_CD' is clicked on

2019-04-16 12:45:18 - [MESSAGE][PASSED] - Object: 'Object Repository/valuation department/Page_Chiragh.com Admin/button_CD' is clicked on

2019-04-16 12:45:18 - [TEST_STEP][PASSED] - delay(8): Delayed 8 second(s)

2019-04-16 12:45:26 - [MESSAGE][PASSED] - Delayed 8 second(s)

2019-04-16 12:45:26 - [TEST_STEP][PASSED] - click(findTestObject("Object Repository/valuation department/Page_Chiragh.com Admin/button_exit_to_appLogout")): Object: 'Object Repository/valuation department/Page_Chiragh.com Admin/button_exit_to_appLogout' is clicked on

2019-04-16 12:45:33 - [MESSAGE][PASSED] - Object: 'Object Repository/valuation department/Page_Chiragh.com Admin/button_exit_to_appLogout' is clicked on

2019-04-16 12:45:33 - [TEST_STEP][PASSED] - waitForPageLoad(8): Wait for page load successfully

2019-04-16 12:45:33 - [MESSAGE][PASSED] - Wait for page load successfully

2019-04-16 12:45:33 - [TEST_STEP][PASSED] - click(findTestObject("Object Repository/valuation department/Page_Chiragh.com Admin/div_Username")): Object: 'Object Repository/valuation department/Page_Chiragh.com Admin/div_Username' is clicked on

2019-04-16 12:45:33 - [MESSAGE][PASSED] - Object: 'Object Repository/valuation department/Page_Chiragh.com Admin/div_Username' is clicked on

2019-04-16 12:45:33 - [TEST_STEP][PASSED] - setText(findTestObject("Object Repository/valuation department/Page_Chiragh.com Admin/input_Admin Panel_userName"), "haleemhanif"): Text 'haleemhanif' is set on object 'Object Repository/valuation department/Page_Chiragh.com Admin/input_Admin Panel_userName'

2019-04-16 12:45:34 - [MESSAGE][PASSED] - Text 'haleemhanif' is set on object 'Object Repository/valuation department/Page_Chiragh.com Admin/input_Admin Panel_userName'

2019-04-16 12:45:34 - [TEST_STEP][PASSED] - click(findTestObject("Object Repository/valuation department/Page_Chiragh.com Admin/div_Password")): Object: 'Object Repository/valuation department/Page_Chiragh.com Admin/div_Password' is clicked on

2019-04-16 12:45:34 - [MESSAGE][PASSED] - Object: 'Object Repository/valuation department/Page_Chiragh.com Admin/div_Password' is clicked on

2019-04-16 12:45:34 - [TEST_STEP][PASSED] - setEncryptedText(findTestObject("Object Repository/valuation department/Page_Chiragh.com Admin/input_Username_password"), "RigbBhfdqODKcAsiUrg+1Q=="): Text ****** has been set on object 'Object Repository/valuation department/Page_Chiragh.com Admin/input_Username_password'

2019-04-16 12:45:34 - [MESSAGE][PASSED] - Text ****** has been set on object 'Object Repository/valuation department/Page_Chiragh.com Admin/input_Username_password'

2019-04-16 12:45:34 - [TEST_STEP][PASSED] - click(findTestObject("Object Repository/valuation department/Page_Chiragh.com Admin/button_Login")): Object: 'Object Repository/valuation department/Page_Chiragh.com Admin/button_Login' is clicked on

2019-04-16 12:45:34 - [MESSAGE][PASSED] - Object: 'Object Repository/valuation department/Page_Chiragh.com Admin/button_Login' is clicked on

2019-04-16 12:45:34 - [TEST_STEP][PASSED] - click(findTestObject("Object Repository/valuation department/Page_Chiragh.com Admin/a_New Leads")): Object: 'Object Repository/valuation department/Page_Chiragh.com Admin/a_New Leads' is clicked on

2019-04-16 12:45:38 - [MESSAGE][PASSED] - Object: 'Object Repository/valuation department/Page_Chiragh.com Admin/a_New Leads' is clicked on

2019-04-16 12:45:38 - [TEST_STEP][PASSED] - click(findTestObject("Object Repository/valuation department/Page_Chiragh.com Admin/a_In Process_2")): Object: 'Object Repository/valuation department/Page_Chiragh.com Admin/a_In Process_2' is clicked on

2019-04-16 12:45:38 - [MESSAGE][PASSED] - Object: 'Object Repository/valuation department/Page_Chiragh.com Admin/a_In Process_2' is clicked on

2019-04-16 12:45:38 - [TEST_STEP][PASSED] - click(findTestObject("Object Repository/valuation department/Page_Chiragh.com Admin/a_Birdie Fords Hotel")): Object: 'Object Repository/valuation department/Page_Chiragh.com Admin/a_Birdie Fords Hotel' is clicked on

2019-04-16 12:45:53 - [MESSAGE][PASSED] - Object: 'Object Repository/valuation department/Page_Chiragh.com Admin/a_Birdie Fords Hotel' is clicked on

2019-04-16 12:45:53 - [TEST_STEP][PASSED] - delay(5): Delayed 5 second(s)

2019-04-16 12:45:58 - [MESSAGE][PASSED] - Delayed 5 second(s)

2019-04-16 12:45:58 - [TEST_STEP][PASSED] - click(findTestObject("Object Repository/valuation department/Page_Chiragh.com Admin/div_Check List_7")): Object: 'Object Repository/valuation department/Page_Chiragh.com Admin/div_Check List_7' is clicked on

2019-04-16 12:45:58 - [MESSAGE][PASSED] - Object: 'Object Repository/valuation department/Page_Chiragh.com Admin/div_Check List_7' is clicked on

2019-04-16 12:45:58 - [TEST_STEP][PASSED] - delay(5): Delayed 5 second(s)

2019-04-16 12:46:03 - [MESSAGE][PASSED] - Delayed 5 second(s)

2019-04-16 12:46:03 - [TEST_STEP][PASSED] - click(findTestObject("Object Repository/valuation department/Page_Chiragh.com Admin/button_Approve")): Object: 'Object Repository/valuation department/Page_Chiragh.com Admin/button_Approve' is clicked on

2019-04-16 12:46:03 - [MESSAGE][PASSED] - Object: 'Object Repository/valuation department/Page_Chiragh.com Admin/button_Approve' is clicked on

2019-04-16 12:46:03 - [TEST_STEP][PASSED] - doubleClick(findTestObject("Object Repository/valuation department/Page_Chiragh.com Admin/button_Yes")): Object: 'Object Repository/valuation department/Page_Chiragh.com Admin/button_Yes' is double clicked on

2019-04-16 12:46:04 - [MESSAGE][PASSED] - Object: 'Object Repository/valuation department/Page_Chiragh.com Admin/button_Yes' is double clicked on

2019-04-16 12:46:04 - [TEST_STEP][PASSED] - delay(9): Delayed 9 second(s)

2019-04-16 12:46:13 - [MESSAGE][PASSED] - Delayed 9 second(s)

2019-04-16 12:46:13 - [TEST_STEP][PASSED] - click(findTestObject("Object Repository/valuation department/Page_Chiragh.com Admin/button_HH")): Object: 'Object Repository/valuation department/Page_Chiragh.com Admin/button_HH' is clicked on

2019-04-16 12:46:13 - [MESSAGE][PASSED] - Object: 'Object Repository/valuation department/Page_Chiragh.com Admin/button_HH' is clicked on

2019-04-16 12:46:13 - [TEST_STEP][PASSED] - delay(5): Delayed 5 second(s)

2019-04-16 12:46:18 - [MESSAGE][PASSED] - Delayed 5 second(s)

2019-04-16 12:46:18 - [TEST_STEP][PASSED] - click(findTestObject("Object Repository/valuation department/Page_Chiragh.com Admin/button_exit_to_appLogout")): Object: 'Object Repository/valuation department/Page_Chiragh.com Admin/button_exit_to_appLogout' is clicked on

2019-04-16 12:46:25 - [MESSAGE][PASSED] - Object: 'Object Repository/valuation department/Page_Chiragh.com Admin/button_exit_to_appLogout' is clicked on

2019-04-16 12:46:25 - [TEST_STEP][PASSED] - closeBrowser(): Browser is closed

2019-04-16 12:46:26 - [MESSAGE][PASSED] - Browser is closed]]></system-out>
         <system-err><![CDATA[]]></system-err>
      </testcase>
      <testcase name="Test Cases/brokerage department" classname="Test Cases/brokerage department" status="FAILED">
         <failure type="FAILED" message="Test Cases/brokerage department FAILED.
Reason:
com.kms.katalon.core.exception.StepFailedException: Unable to click on object 'Object Repository/brokerage department/Page_Chiragh.com Admin/a_June Light Hotel_fas fa-bars_2' (Root cause: org.openqa.selenium.WebDriverException: chrome not reachable
  (Session info: chrome=73.0.3683.103)
  (Driver info: chromedriver=2.43.600210 (68dcf5eebde37173d4027fa8635e332711d2874a),platform=Windows NT 10.0.17134 x86_64) (WARNING: The server did not provide any stacktrace information)
Command duration or timeout: 0 milliseconds
Build info: version: '3.7.1', revision: '8a0099a', time: '2017-11-06T21:07:36.161Z'
System info: host: 'DESKTOP-2D7LI1O', ip: '192.168.100.4', os.name: 'Windows 10', os.arch: 'amd64', os.version: '10.0', java.version: '1.8.0_181'
Driver info: com.kms.katalon.selenium.driver.CChromeDriver
Capabilities {acceptInsecureCerts: false, acceptSslCerts: false, applicationCacheEnabled: false, browserConnectionEnabled: false, browserName: chrome, chrome: {chromedriverVersion: 2.43.600210 (68dcf5eebde371..., userDataDir: C:\Users\HP\AppData\Local\T...}, cssSelectorsEnabled: true, databaseEnabled: false, goog:chromeOptions: {debuggerAddress: localhost:59799}, handlesAlerts: true, hasTouchScreen: false, javascriptEnabled: true, locationContextEnabled: true, mobileEmulationEnabled: false, nativeEvents: true, networkConnectionEnabled: false, pageLoadStrategy: normal, platform: XP, platformName: XP, rotatable: false, setWindowRect: true, takesHeapSnapshot: true, takesScreenshot: true, unexpectedAlertBehaviour: , unhandledPromptBehavior: , version: 73.0.3683.103, webStorageEnabled: true}
Session ID: 4dfb5875481b038854f6ee61f7275336
*** Element info: {Using=xpath, value=/html/body/app-root/app-layout/div/app-md/app-seller/app-leads/section/div/div/div/div/table/tbody/tr[1]/td[2]/div/div/a})
	at com.kms.katalon.core.keyword.internal.KeywordMain.stepFailed(KeywordMain.groovy:36)
	at com.kms.katalon.core.webui.keyword.internal.WebUIKeywordMain.stepFailed(WebUIKeywordMain.groovy:65)
	at com.kms.katalon.core.webui.keyword.internal.WebUIKeywordMain.runKeyword(WebUIKeywordMain.groovy:27)
	at com.kms.katalon.core.webui.keyword.builtin.ClickKeyword.click(ClickKeyword.groovy:86)
	at com.kms.katalon.core.webui.keyword.builtin.ClickKeyword.execute(ClickKeyword.groovy:67)
	at com.kms.katalon.core.keyword.internal.KeywordExecutor.executeKeywordForPlatform(KeywordExecutor.groovy:53)
	at com.kms.katalon.core.webui.keyword.WebUiBuiltInKeywords.click(WebUiBuiltInKeywords.groovy:616)
	at com.kms.katalon.core.webui.keyword.WebUiBuiltInKeywords$click$2.call(Unknown Source)
	at brokerage department.run(brokerage department:181)
	at com.kms.katalon.core.main.ScriptEngine.run(ScriptEngine.java:194)
	at com.kms.katalon.core.main.ScriptEngine.runScriptAsRawText(ScriptEngine.java:119)
	at com.kms.katalon.core.main.TestCaseExecutor.runScript(TestCaseExecutor.java:328)
	at com.kms.katalon.core.main.TestCaseExecutor.doExecute(TestCaseExecutor.java:319)
	at com.kms.katalon.core.main.TestCaseExecutor.processExecutionPhase(TestCaseExecutor.java:298)
	at com.kms.katalon.core.main.TestCaseExecutor.accessMainPhase(TestCaseExecutor.java:290)
	at com.kms.katalon.core.main.TestCaseExecutor.execute(TestCaseExecutor.java:224)
	at com.kms.katalon.core.main.TestSuiteExecutor.accessTestCaseMainPhase(TestSuiteExecutor.java:129)
	at com.kms.katalon.core.main.TestSuiteExecutor.accessTestSuiteMainPhase(TestSuiteExecutor.java:112)
	at com.kms.katalon.core.main.TestSuiteExecutor.execute(TestSuiteExecutor.java:81)
	at com.kms.katalon.core.main.TestCaseMain.startTestSuite(TestCaseMain.java:149)
	at com.kms.katalon.core.main.TestCaseMain$startTestSuite$0.call(Unknown Source)
	at TempTestSuite1555400048988.run(TempTestSuite1555400048988.groovy:36)
"/>
         <system-out><![CDATA[2019-04-16 12:46:26 - [TEST_CASE][FAILED] - Test Cases/brokerage department: Test Cases/brokerage department FAILED.
Reason:
com.kms.katalon.core.exception.StepFailedException: Unable to click on object 'Object Repository/brokerage department/Page_Chiragh.com Admin/a_June Light Hotel_fas fa-bars_2' (Root cause: org.openqa.selenium.WebDriverException: chrome not reachable
  (Session info: chrome=73.0.3683.103)
  (Driver info: chromedriver=2.43.600210 (68dcf5eebde37173d4027fa8635e332711d2874a),platform=Windows NT 10.0.17134 x86_64) (WARNING: The server did not provide any stacktrace information)
Command duration or timeout: 0 milliseconds
Build info: version: '3.7.1', revision: '8a0099a', time: '2017-11-06T21:07:36.161Z'
System info: host: 'DESKTOP-2D7LI1O', ip: '192.168.100.4', os.name: 'Windows 10', os.arch: 'amd64', os.version: '10.0', java.version: '1.8.0_181'
Driver info: com.kms.katalon.selenium.driver.CChromeDriver
Capabilities {acceptInsecureCerts: false, acceptSslCerts: false, applicationCacheEnabled: false, browserConnectionEnabled: false, browserName: chrome, chrome: {chromedriverVersion: 2.43.600210 (68dcf5eebde371..., userDataDir: C:\Users\HP\AppData\Local\T...}, cssSelectorsEnabled: true, databaseEnabled: false, goog:chromeOptions: {debuggerAddress: localhost:59799}, handlesAlerts: true, hasTouchScreen: false, javascriptEnabled: true, locationContextEnabled: true, mobileEmulationEnabled: false, nativeEvents: true, networkConnectionEnabled: false, pageLoadStrategy: normal, platform: XP, platformName: XP, rotatable: false, setWindowRect: true, takesHeapSnapshot: true, takesScreenshot: true, unexpectedAlertBehaviour: , unhandledPromptBehavior: , version: 73.0.3683.103, webStorageEnabled: true}
Session ID: 4dfb5875481b038854f6ee61f7275336
*** Element info: {Using=xpath, value=/html/body/app-root/app-layout/div/app-md/app-seller/app-leads/section/div/div/div/div/table/tbody/tr[1]/td[2]/div/div/a})
	at com.kms.katalon.core.keyword.internal.KeywordMain.stepFailed(KeywordMain.groovy:36)
	at com.kms.katalon.core.webui.keyword.internal.WebUIKeywordMain.stepFailed(WebUIKeywordMain.groovy:65)
	at com.kms.katalon.core.webui.keyword.internal.WebUIKeywordMain.runKeyword(WebUIKeywordMain.groovy:27)
	at com.kms.katalon.core.webui.keyword.builtin.ClickKeyword.click(ClickKeyword.groovy:86)
	at com.kms.katalon.core.webui.keyword.builtin.ClickKeyword.execute(ClickKeyword.groovy:67)
	at com.kms.katalon.core.keyword.internal.KeywordExecutor.executeKeywordForPlatform(KeywordExecutor.groovy:53)
	at com.kms.katalon.core.webui.keyword.WebUiBuiltInKeywords.click(WebUiBuiltInKeywords.groovy:616)
	at com.kms.katalon.core.webui.keyword.WebUiBuiltInKeywords$click$2.call(Unknown Source)
	at brokerage department.run(brokerage department:181)
	at com.kms.katalon.core.main.ScriptEngine.run(ScriptEngine.java:194)
	at com.kms.katalon.core.main.ScriptEngine.runScriptAsRawText(ScriptEngine.java:119)
	at com.kms.katalon.core.main.TestCaseExecutor.runScript(TestCaseExecutor.java:328)
	at com.kms.katalon.core.main.TestCaseExecutor.doExecute(TestCaseExecutor.java:319)
	at com.kms.katalon.core.main.TestCaseExecutor.processExecutionPhase(TestCaseExecutor.java:298)
	at com.kms.katalon.core.main.TestCaseExecutor.accessMainPhase(TestCaseExecutor.java:290)
	at com.kms.katalon.core.main.TestCaseExecutor.execute(TestCaseExecutor.java:224)
	at com.kms.katalon.core.main.TestSuiteExecutor.accessTestCaseMainPhase(TestSuiteExecutor.java:129)
	at com.kms.katalon.core.main.TestSuiteExecutor.accessTestSuiteMainPhase(TestSuiteExecutor.java:112)
	at com.kms.katalon.core.main.TestSuiteExecutor.execute(TestSuiteExecutor.java:81)
	at com.kms.katalon.core.main.TestCaseMain.startTestSuite(TestCaseMain.java:149)
	at com.kms.katalon.core.main.TestCaseMain$startTestSuite$0.call(Unknown Source)
	at TempTestSuite1555400048988.run(TempTestSuite1555400048988.groovy:36)


2019-04-16 12:46:26 - [TEST_STEP][PASSED] - openBrowser(""): Browser is opened with url: ''

2019-04-16 12:46:26 - [MESSAGE][INFO] - Starting 'Chrome' driver

2019-04-16 12:46:28 - [MESSAGE][PASSED] - Browser is opened with url: ''

2019-04-16 12:46:28 - [TEST_STEP][PASSED] - navigateToUrl("http://admin-chiragh.surge.sh/"): Navigate to 'http://admin-chiragh.surge.sh/' successfully

2019-04-16 12:46:49 - [MESSAGE][PASSED] - Navigate to 'http://admin-chiragh.surge.sh/' successfully

2019-04-16 12:46:49 - [TEST_STEP][PASSED] - maximizeWindow(): Current window maximized

2019-04-16 12:46:50 - [MESSAGE][PASSED] - Current window maximized

2019-04-16 12:46:50 - [TEST_STEP][PASSED] - currentWindow = getWindowIndex(): Current window's index is: 0

2019-04-16 12:46:50 - [MESSAGE][PASSED] - Current window's index is: 0

2019-04-16 12:46:50 - [TEST_STEP][PASSED] - click(findTestObject("Object Repository/brokerage department/Page_Chiragh.com Admin/div_Username")): Object: 'Object Repository/brokerage department/Page_Chiragh.com Admin/div_Username' is clicked on

2019-04-16 12:46:50 - [MESSAGE][PASSED] - Object: 'Object Repository/brokerage department/Page_Chiragh.com Admin/div_Username' is clicked on

2019-04-16 12:46:50 - [TEST_STEP][PASSED] - setText(findTestObject("Object Repository/brokerage department/Page_Chiragh.com Admin/input_Admin Panel_userName"), "farhanm"): Text 'farhanm' is set on object 'Object Repository/brokerage department/Page_Chiragh.com Admin/input_Admin Panel_userName'

2019-04-16 12:46:50 - [MESSAGE][PASSED] - Text 'farhanm' is set on object 'Object Repository/brokerage department/Page_Chiragh.com Admin/input_Admin Panel_userName'

2019-04-16 12:46:50 - [TEST_STEP][PASSED] - click(findTestObject("Object Repository/brokerage department/Page_Chiragh.com Admin/div_Password")): Object: 'Object Repository/brokerage department/Page_Chiragh.com Admin/div_Password' is clicked on

2019-04-16 12:46:50 - [MESSAGE][PASSED] - Object: 'Object Repository/brokerage department/Page_Chiragh.com Admin/div_Password' is clicked on

2019-04-16 12:46:50 - [TEST_STEP][PASSED] - setEncryptedText(findTestObject("Object Repository/brokerage department/Page_Chiragh.com Admin/input_Username_password"), "RigbBhfdqODKcAsiUrg+1Q=="): Text ****** has been set on object 'Object Repository/brokerage department/Page_Chiragh.com Admin/input_Username_password'

2019-04-16 12:46:50 - [MESSAGE][PASSED] - Text ****** has been set on object 'Object Repository/brokerage department/Page_Chiragh.com Admin/input_Username_password'

2019-04-16 12:46:50 - [TEST_STEP][PASSED] - click(findTestObject("Object Repository/brokerage department/Page_Chiragh.com Admin/button_Login")): Object: 'Object Repository/brokerage department/Page_Chiragh.com Admin/button_Login' is clicked on

2019-04-16 12:46:51 - [MESSAGE][PASSED] - Object: 'Object Repository/brokerage department/Page_Chiragh.com Admin/button_Login' is clicked on

2019-04-16 12:46:51 - [TEST_STEP][PASSED] - click(findTestObject("Object Repository/brokerage department/Page_Chiragh.com Admin/a_New Leads")): Object: 'Object Repository/brokerage department/Page_Chiragh.com Admin/a_New Leads' is clicked on

2019-04-16 12:46:57 - [MESSAGE][PASSED] - Object: 'Object Repository/brokerage department/Page_Chiragh.com Admin/a_New Leads' is clicked on

2019-04-16 12:46:57 - [TEST_STEP][PASSED] - click(findTestObject("Object Repository/brokerage department/Page_Chiragh.com Admin/a_an hour ago_fas fa-user-circ")): Object: 'Object Repository/brokerage department/Page_Chiragh.com Admin/a_an hour ago_fas fa-user-circ' is clicked on

2019-04-16 12:47:12 - [MESSAGE][PASSED] - Object: 'Object Repository/brokerage department/Page_Chiragh.com Admin/a_an hour ago_fas fa-user-circ' is clicked on

2019-04-16 12:47:12 - [TEST_STEP][PASSED] - click(findTestObject("Object Repository/brokerage department/Page_Chiragh.com Admin/a_Abdullah M")): Object: 'Object Repository/brokerage department/Page_Chiragh.com Admin/a_Abdullah M' is clicked on

2019-04-16 12:47:12 - [MESSAGE][PASSED] - Object: 'Object Repository/brokerage department/Page_Chiragh.com Admin/a_Abdullah M' is clicked on

2019-04-16 12:47:12 - [TEST_STEP][PASSED] - delay(5): Delayed 5 second(s)

2019-04-16 12:47:17 - [MESSAGE][PASSED] - Delayed 5 second(s)

2019-04-16 12:47:17 - [TEST_STEP][PASSED] - click(findTestObject("Object Repository/brokerage department/Page_Chiragh.com Admin/button_FM")): Object: 'Object Repository/brokerage department/Page_Chiragh.com Admin/button_FM' is clicked on

2019-04-16 12:47:17 - [MESSAGE][PASSED] - Object: 'Object Repository/brokerage department/Page_Chiragh.com Admin/button_FM' is clicked on

2019-04-16 12:47:17 - [TEST_STEP][PASSED] - click(findTestObject("Object Repository/brokerage department/Page_Chiragh.com Admin/button_exit_to_appLogout")): Object: 'Object Repository/brokerage department/Page_Chiragh.com Admin/button_exit_to_appLogout' is clicked on

2019-04-16 12:47:24 - [MESSAGE][PASSED] - Object: 'Object Repository/brokerage department/Page_Chiragh.com Admin/button_exit_to_appLogout' is clicked on

2019-04-16 12:47:24 - [TEST_STEP][PASSED] - waitForPageLoad(5): Wait for page load successfully

2019-04-16 12:47:24 - [MESSAGE][PASSED] - Wait for page load successfully

2019-04-16 12:47:24 - [TEST_STEP][PASSED] - click(findTestObject("Object Repository/brokerage department/Page_Chiragh.com Admin/div_Username")): Object: 'Object Repository/brokerage department/Page_Chiragh.com Admin/div_Username' is clicked on

2019-04-16 12:47:24 - [MESSAGE][PASSED] - Object: 'Object Repository/brokerage department/Page_Chiragh.com Admin/div_Username' is clicked on

2019-04-16 12:47:24 - [TEST_STEP][PASSED] - setText(findTestObject("Object Repository/brokerage department/Page_Chiragh.com Admin/input_Admin Panel_userName"), "abdullah"): Text 'abdullah' is set on object 'Object Repository/brokerage department/Page_Chiragh.com Admin/input_Admin Panel_userName'

2019-04-16 12:47:25 - [MESSAGE][PASSED] - Text 'abdullah' is set on object 'Object Repository/brokerage department/Page_Chiragh.com Admin/input_Admin Panel_userName'

2019-04-16 12:47:25 - [TEST_STEP][PASSED] - click(findTestObject("Object Repository/brokerage department/Page_Chiragh.com Admin/div_Password")): Object: 'Object Repository/brokerage department/Page_Chiragh.com Admin/div_Password' is clicked on

2019-04-16 12:47:25 - [MESSAGE][PASSED] - Object: 'Object Repository/brokerage department/Page_Chiragh.com Admin/div_Password' is clicked on

2019-04-16 12:47:25 - [TEST_STEP][PASSED] - setEncryptedText(findTestObject("Object Repository/brokerage department/Page_Chiragh.com Admin/input_Username_password"), "RigbBhfdqODKcAsiUrg+1Q=="): Text ****** has been set on object 'Object Repository/brokerage department/Page_Chiragh.com Admin/input_Username_password'

2019-04-16 12:47:25 - [MESSAGE][PASSED] - Text ****** has been set on object 'Object Repository/brokerage department/Page_Chiragh.com Admin/input_Username_password'

2019-04-16 12:47:25 - [TEST_STEP][PASSED] - click(findTestObject("Object Repository/brokerage department/Page_Chiragh.com Admin/button_Login")): Object: 'Object Repository/brokerage department/Page_Chiragh.com Admin/button_Login' is clicked on

2019-04-16 12:47:25 - [MESSAGE][PASSED] - Object: 'Object Repository/brokerage department/Page_Chiragh.com Admin/button_Login' is clicked on

2019-04-16 12:47:25 - [TEST_STEP][PASSED] - click(findTestObject("Object Repository/brokerage department/Page_Chiragh.com Admin/a_My Leads")): Object: 'Object Repository/brokerage department/Page_Chiragh.com Admin/a_My Leads' is clicked on

2019-04-16 12:47:29 - [MESSAGE][PASSED] - Object: 'Object Repository/brokerage department/Page_Chiragh.com Admin/a_My Leads' is clicked on

2019-04-16 12:47:29 - [TEST_STEP][PASSED] - click(findTestObject("Object Repository/brokerage department/Page_Chiragh.com Admin/a_Reichel Trail 3 Floors Build")): Object: 'Object Repository/brokerage department/Page_Chiragh.com Admin/a_Reichel Trail 3 Floors Build' is clicked on

2019-04-16 12:47:53 - [MESSAGE][PASSED] - Object: 'Object Repository/brokerage department/Page_Chiragh.com Admin/a_Reichel Trail 3 Floors Build' is clicked on

2019-04-16 12:47:53 - [TEST_STEP][PASSED] - delay(3): Delayed 3 second(s)

2019-04-16 12:47:56 - [MESSAGE][PASSED] - Delayed 3 second(s)

2019-04-16 12:47:56 - [TEST_STEP][PASSED] - click(findTestObject("Object Repository/brokerage department/Page_Chiragh.com Admin/div_Valuation")): Object: 'Object Repository/brokerage department/Page_Chiragh.com Admin/div_Valuation' is clicked on

2019-04-16 12:47:56 - [MESSAGE][PASSED] - Object: 'Object Repository/brokerage department/Page_Chiragh.com Admin/div_Valuation' is clicked on

2019-04-16 12:47:56 - [TEST_STEP][PASSED] - click(findTestObject("Object Repository/brokerage department/Page_Chiragh.com Admin/div_Valuation")): Object: 'Object Repository/brokerage department/Page_Chiragh.com Admin/div_Valuation' is clicked on

2019-04-16 12:47:56 - [MESSAGE][PASSED] - Object: 'Object Repository/brokerage department/Page_Chiragh.com Admin/div_Valuation' is clicked on

2019-04-16 12:47:56 - [TEST_STEP][PASSED] - click(findTestObject("Object Repository/brokerage department/Page_Chiragh.com Admin/div_Gallery_mat-tab-header-pag")): Object: 'Object Repository/brokerage department/Page_Chiragh.com Admin/div_Gallery_mat-tab-header-pag' is clicked on

2019-04-16 12:47:57 - [MESSAGE][PASSED] - Object: 'Object Repository/brokerage department/Page_Chiragh.com Admin/div_Gallery_mat-tab-header-pag' is clicked on

2019-04-16 12:47:57 - [TEST_STEP][PASSED] - delay(2): Delayed 2 second(s)

2019-04-16 12:47:59 - [MESSAGE][PASSED] - Delayed 2 second(s)

2019-04-16 12:47:59 - [TEST_STEP][PASSED] - click(findTestObject("Object Repository/brokerage department/Page_Chiragh.com Admin/div_Brokerage Proposal")): Object: 'Object Repository/brokerage department/Page_Chiragh.com Admin/div_Brokerage Proposal' is clicked on

2019-04-16 12:48:00 - [MESSAGE][PASSED] - Object: 'Object Repository/brokerage department/Page_Chiragh.com Admin/div_Brokerage Proposal' is clicked on

2019-04-16 12:48:00 - [TEST_STEP][PASSED] - click(findTestObject("Object Repository/brokerage department/Page_Chiragh.com Admin/div_Brokerage Proposal")): Object: 'Object Repository/brokerage department/Page_Chiragh.com Admin/div_Brokerage Proposal' is clicked on

2019-04-16 12:48:00 - [MESSAGE][PASSED] - Object: 'Object Repository/brokerage department/Page_Chiragh.com Admin/div_Brokerage Proposal' is clicked on

2019-04-16 12:48:00 - [TEST_STEP][PASSED] - delay(5): Delayed 5 second(s)

2019-04-16 12:48:05 - [MESSAGE][PASSED] - Delayed 5 second(s)

2019-04-16 12:48:05 - [TEST_STEP][PASSED] - uploadFile(findTestObject("Object Repository/brokerage department/Page_Chiragh.com Admin/img_Form A_ng-star-inserted"), "C:\Users\HP\Katalon Studio\Chiragh(Admin)\Include\pdf\MarketAnalysis.pdf"): File 'C:\Users\HP\Katalon Studio\Chiragh(Admin)\Include\pdf\MarketAnalysis.pdf' sent to object: 'Object Repository/brokerage department/Page_Chiragh.com Admin/img_Form A_ng-star-inserted'

2019-04-16 12:48:05 - [MESSAGE][PASSED] - File 'C:\Users\HP\Katalon Studio\Chiragh(Admin)\Include\pdf\MarketAnalysis.pdf' sent to object: 'Object Repository/brokerage department/Page_Chiragh.com Admin/img_Form A_ng-star-inserted'

2019-04-16 12:48:05 - [TEST_STEP][PASSED] - uploadFile(findTestObject("Object Repository/brokerage department/Page_Chiragh.com Admin/img_Brokerage Report_ng-star-i"), "C:\Users\HP\Katalon Studio\Chiragh(Admin)\Include\pdf\MarketAnalysis.pdf"): File 'C:\Users\HP\Katalon Studio\Chiragh(Admin)\Include\pdf\MarketAnalysis.pdf' sent to object: 'Object Repository/brokerage department/Page_Chiragh.com Admin/img_Brokerage Report_ng-star-i'

2019-04-16 12:48:05 - [MESSAGE][PASSED] - File 'C:\Users\HP\Katalon Studio\Chiragh(Admin)\Include\pdf\MarketAnalysis.pdf' sent to object: 'Object Repository/brokerage department/Page_Chiragh.com Admin/img_Brokerage Report_ng-star-i'

2019-04-16 12:48:05 - [TEST_STEP][PASSED] - delay(5): Delayed 5 second(s)

2019-04-16 12:48:10 - [MESSAGE][PASSED] - Delayed 5 second(s)

2019-04-16 12:48:10 - [TEST_STEP][PASSED] - setText(findTestObject("Object Repository/brokerage department/Page_Chiragh.com Admin/input_Open Price Range (AED)_o"), "3000000"): Text '3000000' is set on object 'Object Repository/brokerage department/Page_Chiragh.com Admin/input_Open Price Range (AED)_o'

2019-04-16 12:48:13 - [MESSAGE][PASSED] - Text '3000000' is set on object 'Object Repository/brokerage department/Page_Chiragh.com Admin/input_Open Price Range (AED)_o'

2019-04-16 12:48:13 - [TEST_STEP][PASSED] - setText(findTestObject("Object Repository/brokerage department/Page_Chiragh.com Admin/input_Open Price Range (AED)_o_7"), "6000000"): Text '6000000' is set on object 'Object Repository/brokerage department/Page_Chiragh.com Admin/input_Open Price Range (AED)_o_7'

2019-04-16 12:48:14 - [MESSAGE][PASSED] - Text '6000000' is set on object 'Object Repository/brokerage department/Page_Chiragh.com Admin/input_Open Price Range (AED)_o_7'

2019-04-16 12:48:14 - [TEST_STEP][PASSED] - setText(findTestObject("Object Repository/brokerage department/Page_Chiragh.com Admin/input_Reserve Price Range (AED"), "7000000"): Text '7000000' is set on object 'Object Repository/brokerage department/Page_Chiragh.com Admin/input_Reserve Price Range (AED'

2019-04-16 12:48:16 - [MESSAGE][PASSED] - Text '7000000' is set on object 'Object Repository/brokerage department/Page_Chiragh.com Admin/input_Reserve Price Range (AED'

2019-04-16 12:48:16 - [TEST_STEP][PASSED] - setText(findTestObject("Object Repository/brokerage department/Page_Chiragh.com Admin/input_Reserve Price Range (AED_7"), "9000000"): Text '9000000' is set on object 'Object Repository/brokerage department/Page_Chiragh.com Admin/input_Reserve Price Range (AED_7'

2019-04-16 12:48:18 - [MESSAGE][PASSED] - Text '9000000' is set on object 'Object Repository/brokerage department/Page_Chiragh.com Admin/input_Reserve Price Range (AED_7'

2019-04-16 12:48:18 - [TEST_STEP][PASSED] - click(findTestObject("Object Repository/brokerage department/Page_Chiragh.com Admin/button_Submit for Approval")): Object: 'Object Repository/brokerage department/Page_Chiragh.com Admin/button_Submit for Approval' is clicked on

2019-04-16 12:48:18 - [MESSAGE][PASSED] - Object: 'Object Repository/brokerage department/Page_Chiragh.com Admin/button_Submit for Approval' is clicked on

2019-04-16 12:48:18 - [TEST_STEP][PASSED] - click(findTestObject("Object Repository/brokerage department/Page_Chiragh.com Admin/img")): Object: 'Object Repository/brokerage department/Page_Chiragh.com Admin/img' is clicked on

2019-04-16 12:48:18 - [MESSAGE][PASSED] - Object: 'Object Repository/brokerage department/Page_Chiragh.com Admin/img' is clicked on

2019-04-16 12:48:18 - [TEST_STEP][PASSED] - delay(5): Delayed 5 second(s)

2019-04-16 12:48:23 - [MESSAGE][PASSED] - Delayed 5 second(s)

2019-04-16 12:48:23 - [TEST_STEP][PASSED] - click(findTestObject("Object Repository/brokerage department/Page_Chiragh.com Admin/button_AM")): Object: 'Object Repository/brokerage department/Page_Chiragh.com Admin/button_AM' is clicked on

2019-04-16 12:48:24 - [MESSAGE][PASSED] - Object: 'Object Repository/brokerage department/Page_Chiragh.com Admin/button_AM' is clicked on

2019-04-16 12:48:24 - [TEST_STEP][PASSED] - delay(5): Delayed 5 second(s)

2019-04-16 12:48:29 - [MESSAGE][PASSED] - Delayed 5 second(s)

2019-04-16 12:48:29 - [TEST_STEP][PASSED] - click(findTestObject("Object Repository/brokerage department/Page_Chiragh.com Admin/button_exit_to_appLogout")): Object: 'Object Repository/brokerage department/Page_Chiragh.com Admin/button_exit_to_appLogout' is clicked on

2019-04-16 12:48:36 - [MESSAGE][PASSED] - Object: 'Object Repository/brokerage department/Page_Chiragh.com Admin/button_exit_to_appLogout' is clicked on

2019-04-16 12:48:36 - [TEST_STEP][PASSED] - waitForPageLoad(5): Wait for page load successfully

2019-04-16 12:48:36 - [MESSAGE][PASSED] - Wait for page load successfully

2019-04-16 12:48:36 - [TEST_STEP][PASSED] - click(findTestObject("Object Repository/brokerage department/Page_Chiragh.com Admin/div_Username")): Object: 'Object Repository/brokerage department/Page_Chiragh.com Admin/div_Username' is clicked on

2019-04-16 12:48:36 - [MESSAGE][PASSED] - Object: 'Object Repository/brokerage department/Page_Chiragh.com Admin/div_Username' is clicked on

2019-04-16 12:48:36 - [TEST_STEP][PASSED] - setText(findTestObject("Object Repository/brokerage department/Page_Chiragh.com Admin/input_Admin Panel_userName"), "farhanm"): Text 'farhanm' is set on object 'Object Repository/brokerage department/Page_Chiragh.com Admin/input_Admin Panel_userName'

2019-04-16 12:48:36 - [MESSAGE][PASSED] - Text 'farhanm' is set on object 'Object Repository/brokerage department/Page_Chiragh.com Admin/input_Admin Panel_userName'

2019-04-16 12:48:36 - [TEST_STEP][PASSED] - click(findTestObject("Object Repository/brokerage department/Page_Chiragh.com Admin/div_Password")): Object: 'Object Repository/brokerage department/Page_Chiragh.com Admin/div_Password' is clicked on

2019-04-16 12:48:36 - [MESSAGE][PASSED] - Object: 'Object Repository/brokerage department/Page_Chiragh.com Admin/div_Password' is clicked on

2019-04-16 12:48:36 - [TEST_STEP][PASSED] - setEncryptedText(findTestObject("Object Repository/brokerage department/Page_Chiragh.com Admin/input_Username_password"), "RigbBhfdqODKcAsiUrg+1Q=="): Text ****** has been set on object 'Object Repository/brokerage department/Page_Chiragh.com Admin/input_Username_password'

2019-04-16 12:48:37 - [MESSAGE][PASSED] - Text ****** has been set on object 'Object Repository/brokerage department/Page_Chiragh.com Admin/input_Username_password'

2019-04-16 12:48:37 - [TEST_STEP][PASSED] - click(findTestObject("Object Repository/brokerage department/Page_Chiragh.com Admin/button_Login")): Object: 'Object Repository/brokerage department/Page_Chiragh.com Admin/button_Login' is clicked on

2019-04-16 12:48:37 - [MESSAGE][PASSED] - Object: 'Object Repository/brokerage department/Page_Chiragh.com Admin/button_Login' is clicked on

2019-04-16 12:48:37 - [TEST_STEP][PASSED] - click(findTestObject("Object Repository/brokerage department/Page_Chiragh.com Admin/a_In Process")): Object: 'Object Repository/brokerage department/Page_Chiragh.com Admin/a_In Process' is clicked on

2019-04-16 12:48:41 - [MESSAGE][PASSED] - Object: 'Object Repository/brokerage department/Page_Chiragh.com Admin/a_In Process' is clicked on

2019-04-16 12:48:41 - [TEST_STEP][PASSED] - click(findTestObject("Object Repository/brokerage department/Page_Chiragh.com Admin/a_June Light Hotel_fas fa-bars_1")): Object: 'Object Repository/brokerage department/Page_Chiragh.com Admin/a_June Light Hotel_fas fa-bars_1' is clicked on

2019-04-16 12:48:47 - [MESSAGE][PASSED] - Object: 'Object Repository/brokerage department/Page_Chiragh.com Admin/a_June Light Hotel_fas fa-bars_1' is clicked on

2019-04-16 12:48:47 - [TEST_STEP][PASSED] - delay(3): Delayed 3 second(s)

2019-04-16 12:48:50 - [MESSAGE][PASSED] - Delayed 3 second(s)

2019-04-16 12:48:50 - [TEST_STEP][PASSED] - click(findTestObject("Object Repository/brokerage department/Page_Chiragh.com Admin/div_Activity Log")): Object: 'Object Repository/brokerage department/Page_Chiragh.com Admin/div_Activity Log' is clicked on

2019-04-16 12:48:50 - [MESSAGE][PASSED] - Object: 'Object Repository/brokerage department/Page_Chiragh.com Admin/div_Activity Log' is clicked on

2019-04-16 12:48:50 - [TEST_STEP][PASSED] - click(findTestObject("Object Repository/brokerage department/Page_Chiragh.com Admin/div_Activity Log")): Object: 'Object Repository/brokerage department/Page_Chiragh.com Admin/div_Activity Log' is clicked on

2019-04-16 12:48:51 - [MESSAGE][PASSED] - Object: 'Object Repository/brokerage department/Page_Chiragh.com Admin/div_Activity Log' is clicked on

2019-04-16 12:48:51 - [TEST_STEP][PASSED] - click(findTestObject("Object Repository/brokerage department/Page_Chiragh.com Admin/div_Gallery_mat-tab-header-pag")): Object: 'Object Repository/brokerage department/Page_Chiragh.com Admin/div_Gallery_mat-tab-header-pag' is clicked on

2019-04-16 12:48:51 - [MESSAGE][PASSED] - Object: 'Object Repository/brokerage department/Page_Chiragh.com Admin/div_Gallery_mat-tab-header-pag' is clicked on

2019-04-16 12:48:51 - [TEST_STEP][PASSED] - delay(3): Delayed 3 second(s)

2019-04-16 12:48:54 - [MESSAGE][PASSED] - Delayed 3 second(s)

2019-04-16 12:48:54 - [TEST_STEP][PASSED] - click(findTestObject("Object Repository/brokerage department/Page_Chiragh.com Admin/div_Brokerage Proposal_1")): Object: 'Object Repository/brokerage department/Page_Chiragh.com Admin/div_Brokerage Proposal_1' is clicked on

2019-04-16 12:48:55 - [MESSAGE][PASSED] - Object: 'Object Repository/brokerage department/Page_Chiragh.com Admin/div_Brokerage Proposal_1' is clicked on

2019-04-16 12:48:55 - [TEST_STEP][PASSED] - click(findTestObject("Object Repository/brokerage department/Page_Chiragh.com Admin/div_Brokerage Proposal_1")): Object: 'Object Repository/brokerage department/Page_Chiragh.com Admin/div_Brokerage Proposal_1' is clicked on

2019-04-16 12:48:56 - [MESSAGE][PASSED] - Object: 'Object Repository/brokerage department/Page_Chiragh.com Admin/div_Brokerage Proposal_1' is clicked on

2019-04-16 12:48:56 - [TEST_STEP][PASSED] - delay(8): Delayed 8 second(s)

2019-04-16 12:49:04 - [MESSAGE][PASSED] - Delayed 8 second(s)

2019-04-16 12:49:04 - [TEST_STEP][PASSED] - click(findTestObject("Object Repository/brokerage department/Page_Chiragh.com Admin/button_Approve")): Object: 'Object Repository/brokerage department/Page_Chiragh.com Admin/button_Approve' is clicked on

2019-04-16 12:49:20 - [MESSAGE][PASSED] - Object: 'Object Repository/brokerage department/Page_Chiragh.com Admin/button_Approve' is clicked on

2019-04-16 12:49:20 - [TEST_STEP][PASSED] - click(findTestObject("Object Repository/brokerage department/Page_Chiragh.com Admin/img")): Object: 'Object Repository/brokerage department/Page_Chiragh.com Admin/img' is clicked on

2019-04-16 12:49:20 - [MESSAGE][PASSED] - Object: 'Object Repository/brokerage department/Page_Chiragh.com Admin/img' is clicked on

2019-04-16 12:49:20 - [TEST_STEP][PASSED] - delay(5): Delayed 5 second(s)

2019-04-16 12:49:25 - [MESSAGE][PASSED] - Delayed 5 second(s)

2019-04-16 12:49:25 - [TEST_STEP][PASSED] - click(findTestObject("Object Repository/brokerage department/Page_Chiragh.com Admin/button_FM")): Object: 'Object Repository/brokerage department/Page_Chiragh.com Admin/button_FM' is clicked on

2019-04-16 12:49:25 - [MESSAGE][PASSED] - Object: 'Object Repository/brokerage department/Page_Chiragh.com Admin/button_FM' is clicked on

2019-04-16 12:49:25 - [TEST_STEP][PASSED] - delay(5): Delayed 5 second(s)

2019-04-16 12:49:30 - [MESSAGE][PASSED] - Delayed 5 second(s)

2019-04-16 12:49:30 - [TEST_STEP][PASSED] - click(findTestObject("Object Repository/brokerage department/Page_Chiragh.com Admin/button_exit_to_appLogout")): Object: 'Object Repository/brokerage department/Page_Chiragh.com Admin/button_exit_to_appLogout' is clicked on

2019-04-16 12:49:38 - [MESSAGE][PASSED] - Object: 'Object Repository/brokerage department/Page_Chiragh.com Admin/button_exit_to_appLogout' is clicked on

2019-04-16 12:49:38 - [TEST_STEP][PASSED] - waitForPageLoad(5): Wait for page load successfully

2019-04-16 12:49:38 - [MESSAGE][PASSED] - Wait for page load successfully

2019-04-16 12:49:38 - [TEST_STEP][PASSED] - click(findTestObject("Object Repository/brokerage department/Page_Chiragh.com Admin/div_Username")): Object: 'Object Repository/brokerage department/Page_Chiragh.com Admin/div_Username' is clicked on

2019-04-16 12:49:38 - [MESSAGE][PASSED] - Object: 'Object Repository/brokerage department/Page_Chiragh.com Admin/div_Username' is clicked on

2019-04-16 12:49:38 - [TEST_STEP][PASSED] - setText(findTestObject("Object Repository/brokerage department/Page_Chiragh.com Admin/input_Admin Panel_userName"), "nayab"): Text 'nayab' is set on object 'Object Repository/brokerage department/Page_Chiragh.com Admin/input_Admin Panel_userName'

2019-04-16 12:49:38 - [MESSAGE][PASSED] - Text 'nayab' is set on object 'Object Repository/brokerage department/Page_Chiragh.com Admin/input_Admin Panel_userName'

2019-04-16 12:49:38 - [TEST_STEP][PASSED] - click(findTestObject("Object Repository/brokerage department/Page_Chiragh.com Admin/div_Password")): Object: 'Object Repository/brokerage department/Page_Chiragh.com Admin/div_Password' is clicked on

2019-04-16 12:49:38 - [MESSAGE][PASSED] - Object: 'Object Repository/brokerage department/Page_Chiragh.com Admin/div_Password' is clicked on

2019-04-16 12:49:38 - [TEST_STEP][PASSED] - setEncryptedText(findTestObject("Object Repository/brokerage department/Page_Chiragh.com Admin/input_Username_password"), "RigbBhfdqODKcAsiUrg+1Q=="): Text ****** has been set on object 'Object Repository/brokerage department/Page_Chiragh.com Admin/input_Username_password'

2019-04-16 12:49:39 - [MESSAGE][PASSED] - Text ****** has been set on object 'Object Repository/brokerage department/Page_Chiragh.com Admin/input_Username_password'

2019-04-16 12:49:39 - [TEST_STEP][PASSED] - click(findTestObject("Object Repository/brokerage department/Page_Chiragh.com Admin/button_Login")): Object: 'Object Repository/brokerage department/Page_Chiragh.com Admin/button_Login' is clicked on

2019-04-16 12:49:39 - [MESSAGE][PASSED] - Object: 'Object Repository/brokerage department/Page_Chiragh.com Admin/button_Login' is clicked on

2019-04-16 12:49:39 - [TEST_STEP][PASSED] - click(findTestObject("Object Repository/brokerage department/Page_Chiragh.com Admin/a_In Process_1")): Object: 'Object Repository/brokerage department/Page_Chiragh.com Admin/a_In Process_1' is clicked on

2019-04-16 12:49:42 - [MESSAGE][PASSED] - Object: 'Object Repository/brokerage department/Page_Chiragh.com Admin/a_In Process_1' is clicked on

2019-04-16 12:49:42 - [TEST_STEP][PASSED] - delay(250): Delayed 250 second(s)

2019-04-16 12:53:52 - [MESSAGE][PASSED] - Delayed 250 second(s)

2019-04-16 12:53:52 - [TEST_STEP][FAILED] - click(findTestObject("Object Repository/brokerage department/Page_Chiragh.com Admin/a_June Light Hotel_fas fa-bars_2")): click(findTestObject("Object Repository/brokerage department/Page_Chiragh.com Admin/a_June Light Hotel_fas fa-bars_2")) FAILED.
Reason:
com.kms.katalon.core.exception.StepFailedException: Unable to click on object 'Object Repository/brokerage department/Page_Chiragh.com Admin/a_June Light Hotel_fas fa-bars_2' (Root cause: org.openqa.selenium.WebDriverException: chrome not reachable
  (Session info: chrome=73.0.3683.103)
  (Driver info: chromedriver=2.43.600210 (68dcf5eebde37173d4027fa8635e332711d2874a),platform=Windows NT 10.0.17134 x86_64) (WARNING: The server did not provide any stacktrace information)
Command duration or timeout: 0 milliseconds
Build info: version: '3.7.1', revision: '8a0099a', time: '2017-11-06T21:07:36.161Z'
System info: host: 'DESKTOP-2D7LI1O', ip: '192.168.100.4', os.name: 'Windows 10', os.arch: 'amd64', os.version: '10.0', java.version: '1.8.0_181'
Driver info: com.kms.katalon.selenium.driver.CChromeDriver
Capabilities {acceptInsecureCerts: false, acceptSslCerts: false, applicationCacheEnabled: false, browserConnectionEnabled: false, browserName: chrome, chrome: {chromedriverVersion: 2.43.600210 (68dcf5eebde371..., userDataDir: C:\Users\HP\AppData\Local\T...}, cssSelectorsEnabled: true, databaseEnabled: false, goog:chromeOptions: {debuggerAddress: localhost:59799}, handlesAlerts: true, hasTouchScreen: false, javascriptEnabled: true, locationContextEnabled: true, mobileEmulationEnabled: false, nativeEvents: true, networkConnectionEnabled: false, pageLoadStrategy: normal, platform: XP, platformName: XP, rotatable: false, setWindowRect: true, takesHeapSnapshot: true, takesScreenshot: true, unexpectedAlertBehaviour: , unhandledPromptBehavior: , version: 73.0.3683.103, webStorageEnabled: true}
Session ID: 4dfb5875481b038854f6ee61f7275336
*** Element info: {Using=xpath, value=/html/body/app-root/app-layout/div/app-md/app-seller/app-leads/section/div/div/div/div/table/tbody/tr[1]/td[2]/div/div/a})
	at com.kms.katalon.core.keyword.internal.KeywordMain.stepFailed(KeywordMain.groovy:36)
	at com.kms.katalon.core.webui.keyword.internal.WebUIKeywordMain.stepFailed(WebUIKeywordMain.groovy:65)
	at com.kms.katalon.core.webui.keyword.internal.WebUIKeywordMain.runKeyword(WebUIKeywordMain.groovy:27)
	at com.kms.katalon.core.webui.keyword.builtin.ClickKeyword.click(ClickKeyword.groovy:86)
	at com.kms.katalon.core.webui.keyword.builtin.ClickKeyword.execute(ClickKeyword.groovy:67)
	at com.kms.katalon.core.keyword.internal.KeywordExecutor.executeKeywordForPlatform(KeywordExecutor.groovy:53)
	at com.kms.katalon.core.webui.keyword.WebUiBuiltInKeywords.click(WebUiBuiltInKeywords.groovy:616)
	at com.kms.katalon.core.webui.keyword.WebUiBuiltInKeywords$click$2.call(Unknown Source)
	at brokerage department.run(brokerage department:181)
	at com.kms.katalon.core.main.ScriptEngine.run(ScriptEngine.java:194)
	at com.kms.katalon.core.main.ScriptEngine.runScriptAsRawText(ScriptEngine.java:119)
	at com.kms.katalon.core.main.TestCaseExecutor.runScript(TestCaseExecutor.java:328)
	at com.kms.katalon.core.main.TestCaseExecutor.doExecute(TestCaseExecutor.java:319)
	at com.kms.katalon.core.main.TestCaseExecutor.processExecutionPhase(TestCaseExecutor.java:298)
	at com.kms.katalon.core.main.TestCaseExecutor.accessMainPhase(TestCaseExecutor.java:290)
	at com.kms.katalon.core.main.TestCaseExecutor.execute(TestCaseExecutor.java:224)
	at com.kms.katalon.core.main.TestSuiteExecutor.accessTestCaseMainPhase(TestSuiteExecutor.java:129)
	at com.kms.katalon.core.main.TestSuiteExecutor.accessTestSuiteMainPhase(TestSuiteExecutor.java:112)
	at com.kms.katalon.core.main.TestSuiteExecutor.execute(TestSuiteExecutor.java:81)
	at com.kms.katalon.core.main.TestCaseMain.startTestSuite(TestCaseMain.java:149)
	at com.kms.katalon.core.main.TestCaseMain$startTestSuite$0.call(Unknown Source)
	at TempTestSuite1555400048988.run(TempTestSuite1555400048988.groovy:36)


2019-04-16 12:54:05 - [MESSAGE][WARNING] - Cannot take screenshot

2019-04-16 12:54:05 - [MESSAGE][FAILED] - Unable to click on object 'Object Repository/brokerage department/Page_Chiragh.com Admin/a_June Light Hotel_fas fa-bars_2' (Root cause: org.openqa.selenium.WebDriverException: chrome not reachable
  (Session info: chrome=73.0.3683.103)
  (Driver info: chromedriver=2.43.600210 (68dcf5eebde37173d4027fa8635e332711d2874a),platform=Windows NT 10.0.17134 x86_64) (WARNING: The server did not provide any stacktrace information)
Command duration or timeout: 0 milliseconds
Build info: version: '3.7.1', revision: '8a0099a', time: '2017-11-06T21:07:36.161Z'
System info: host: 'DESKTOP-2D7LI1O', ip: '192.168.100.4', os.name: 'Windows 10', os.arch: 'amd64', os.version: '10.0', java.version: '1.8.0_181'
Driver info: com.kms.katalon.selenium.driver.CChromeDriver
Capabilities {acceptInsecureCerts: false, acceptSslCerts: false, applicationCacheEnabled: false, browserConnectionEnabled: false, browserName: chrome, chrome: {chromedriverVersion: 2.43.600210 (68dcf5eebde371..., userDataDir: C:\Users\HP\AppData\Local\T...}, cssSelectorsEnabled: true, databaseEnabled: false, goog:chromeOptions: {debuggerAddress: localhost:59799}, handlesAlerts: true, hasTouchScreen: false, javascriptEnabled: true, locationContextEnabled: true, mobileEmulationEnabled: false, nativeEvents: true, networkConnectionEnabled: false, pageLoadStrategy: normal, platform: XP, platformName: XP, rotatable: false, setWindowRect: true, takesHeapSnapshot: true, takesScreenshot: true, unexpectedAlertBehaviour: , unhandledPromptBehavior: , version: 73.0.3683.103, webStorageEnabled: true}
Session ID: 4dfb5875481b038854f6ee61f7275336
*** Element info: {Using=xpath, value=/html/body/app-root/app-layout/div/app-md/app-seller/app-leads/section/div/div/div/div/table/tbody/tr[1]/td[2]/div/div/a})

2019-04-16 12:54:05 - [MESSAGE][FAILED] - click(findTestObject("Object Repository/brokerage department/Page_Chiragh.com Admin/a_June Light Hotel_fas fa-bars_2")) FAILED.
Reason:
com.kms.katalon.core.exception.StepFailedException: Unable to click on object 'Object Repository/brokerage department/Page_Chiragh.com Admin/a_June Light Hotel_fas fa-bars_2' (Root cause: org.openqa.selenium.WebDriverException: chrome not reachable
  (Session info: chrome=73.0.3683.103)
  (Driver info: chromedriver=2.43.600210 (68dcf5eebde37173d4027fa8635e332711d2874a),platform=Windows NT 10.0.17134 x86_64) (WARNING: The server did not provide any stacktrace information)
Command duration or timeout: 0 milliseconds
Build info: version: '3.7.1', revision: '8a0099a', time: '2017-11-06T21:07:36.161Z'
System info: host: 'DESKTOP-2D7LI1O', ip: '192.168.100.4', os.name: 'Windows 10', os.arch: 'amd64', os.version: '10.0', java.version: '1.8.0_181'
Driver info: com.kms.katalon.selenium.driver.CChromeDriver
Capabilities {acceptInsecureCerts: false, acceptSslCerts: false, applicationCacheEnabled: false, browserConnectionEnabled: false, browserName: chrome, chrome: {chromedriverVersion: 2.43.600210 (68dcf5eebde371..., userDataDir: C:\Users\HP\AppData\Local\T...}, cssSelectorsEnabled: true, databaseEnabled: false, goog:chromeOptions: {debuggerAddress: localhost:59799}, handlesAlerts: true, hasTouchScreen: false, javascriptEnabled: true, locationContextEnabled: true, mobileEmulationEnabled: false, nativeEvents: true, networkConnectionEnabled: false, pageLoadStrategy: normal, platform: XP, platformName: XP, rotatable: false, setWindowRect: true, takesHeapSnapshot: true, takesScreenshot: true, unexpectedAlertBehaviour: , unhandledPromptBehavior: , version: 73.0.3683.103, webStorageEnabled: true}
Session ID: 4dfb5875481b038854f6ee61f7275336
*** Element info: {Using=xpath, value=/html/body/app-root/app-layout/div/app-md/app-seller/app-leads/section/div/div/div/div/table/tbody/tr[1]/td[2]/div/div/a})
	at com.kms.katalon.core.keyword.internal.KeywordMain.stepFailed(KeywordMain.groovy:36)
	at com.kms.katalon.core.webui.keyword.internal.WebUIKeywordMain.stepFailed(WebUIKeywordMain.groovy:65)
	at com.kms.katalon.core.webui.keyword.internal.WebUIKeywordMain.runKeyword(WebUIKeywordMain.groovy:27)
	at com.kms.katalon.core.webui.keyword.builtin.ClickKeyword.click(ClickKeyword.groovy:86)
	at com.kms.katalon.core.webui.keyword.builtin.ClickKeyword.execute(ClickKeyword.groovy:67)
	at com.kms.katalon.core.keyword.internal.KeywordExecutor.executeKeywordForPlatform(KeywordExecutor.groovy:53)
	at com.kms.katalon.core.webui.keyword.WebUiBuiltInKeywords.click(WebUiBuiltInKeywords.groovy:616)
	at com.kms.katalon.core.webui.keyword.WebUiBuiltInKeywords$click$2.call(Unknown Source)
	at brokerage department.run(brokerage department:181)
	at com.kms.katalon.core.main.ScriptEngine.run(ScriptEngine.java:194)
	at com.kms.katalon.core.main.ScriptEngine.runScriptAsRawText(ScriptEngine.java:119)
	at com.kms.katalon.core.main.TestCaseExecutor.runScript(TestCaseExecutor.java:328)
	at com.kms.katalon.core.main.TestCaseExecutor.doExecute(TestCaseExecutor.java:319)
	at com.kms.katalon.core.main.TestCaseExecutor.processExecutionPhase(TestCaseExecutor.java:298)
	at com.kms.katalon.core.main.TestCaseExecutor.accessMainPhase(TestCaseExecutor.java:290)
	at com.kms.katalon.core.main.TestCaseExecutor.execute(TestCaseExecutor.java:224)
	at com.kms.katalon.core.main.TestSuiteExecutor.accessTestCaseMainPhase(TestSuiteExecutor.java:129)
	at com.kms.katalon.core.main.TestSuiteExecutor.accessTestSuiteMainPhase(TestSuiteExecutor.java:112)
	at com.kms.katalon.core.main.TestSuiteExecutor.execute(TestSuiteExecutor.java:81)
	at com.kms.katalon.core.main.TestCaseMain.startTestSuite(TestCaseMain.java:149)
	at com.kms.katalon.core.main.TestCaseMain$startTestSuite$0.call(Unknown Source)
	at TempTestSuite1555400048988.run(TempTestSuite1555400048988.groovy:36)]]></system-out>
         <system-err><![CDATA[2019-04-16 12:46:26 - [TEST_CASE][FAILED] - Test Cases/brokerage department: Test Cases/brokerage department FAILED.
Reason:
com.kms.katalon.core.exception.StepFailedException: Unable to click on object 'Object Repository/brokerage department/Page_Chiragh.com Admin/a_June Light Hotel_fas fa-bars_2' (Root cause: org.openqa.selenium.WebDriverException: chrome not reachable
  (Session info: chrome=73.0.3683.103)
  (Driver info: chromedriver=2.43.600210 (68dcf5eebde37173d4027fa8635e332711d2874a),platform=Windows NT 10.0.17134 x86_64) (WARNING: The server did not provide any stacktrace information)
Command duration or timeout: 0 milliseconds
Build info: version: '3.7.1', revision: '8a0099a', time: '2017-11-06T21:07:36.161Z'
System info: host: 'DESKTOP-2D7LI1O', ip: '192.168.100.4', os.name: 'Windows 10', os.arch: 'amd64', os.version: '10.0', java.version: '1.8.0_181'
Driver info: com.kms.katalon.selenium.driver.CChromeDriver
Capabilities {acceptInsecureCerts: false, acceptSslCerts: false, applicationCacheEnabled: false, browserConnectionEnabled: false, browserName: chrome, chrome: {chromedriverVersion: 2.43.600210 (68dcf5eebde371..., userDataDir: C:\Users\HP\AppData\Local\T...}, cssSelectorsEnabled: true, databaseEnabled: false, goog:chromeOptions: {debuggerAddress: localhost:59799}, handlesAlerts: true, hasTouchScreen: false, javascriptEnabled: true, locationContextEnabled: true, mobileEmulationEnabled: false, nativeEvents: true, networkConnectionEnabled: false, pageLoadStrategy: normal, platform: XP, platformName: XP, rotatable: false, setWindowRect: true, takesHeapSnapshot: true, takesScreenshot: true, unexpectedAlertBehaviour: , unhandledPromptBehavior: , version: 73.0.3683.103, webStorageEnabled: true}
Session ID: 4dfb5875481b038854f6ee61f7275336
*** Element info: {Using=xpath, value=/html/body/app-root/app-layout/div/app-md/app-seller/app-leads/section/div/div/div/div/table/tbody/tr[1]/td[2]/div/div/a})
	at com.kms.katalon.core.keyword.internal.KeywordMain.stepFailed(KeywordMain.groovy:36)
	at com.kms.katalon.core.webui.keyword.internal.WebUIKeywordMain.stepFailed(WebUIKeywordMain.groovy:65)
	at com.kms.katalon.core.webui.keyword.internal.WebUIKeywordMain.runKeyword(WebUIKeywordMain.groovy:27)
	at com.kms.katalon.core.webui.keyword.builtin.ClickKeyword.click(ClickKeyword.groovy:86)
	at com.kms.katalon.core.webui.keyword.builtin.ClickKeyword.execute(ClickKeyword.groovy:67)
	at com.kms.katalon.core.keyword.internal.KeywordExecutor.executeKeywordForPlatform(KeywordExecutor.groovy:53)
	at com.kms.katalon.core.webui.keyword.WebUiBuiltInKeywords.click(WebUiBuiltInKeywords.groovy:616)
	at com.kms.katalon.core.webui.keyword.WebUiBuiltInKeywords$click$2.call(Unknown Source)
	at brokerage department.run(brokerage department:181)
	at com.kms.katalon.core.main.ScriptEngine.run(ScriptEngine.java:194)
	at com.kms.katalon.core.main.ScriptEngine.runScriptAsRawText(ScriptEngine.java:119)
	at com.kms.katalon.core.main.TestCaseExecutor.runScript(TestCaseExecutor.java:328)
	at com.kms.katalon.core.main.TestCaseExecutor.doExecute(TestCaseExecutor.java:319)
	at com.kms.katalon.core.main.TestCaseExecutor.processExecutionPhase(TestCaseExecutor.java:298)
	at com.kms.katalon.core.main.TestCaseExecutor.accessMainPhase(TestCaseExecutor.java:290)
	at com.kms.katalon.core.main.TestCaseExecutor.execute(TestCaseExecutor.java:224)
	at com.kms.katalon.core.main.TestSuiteExecutor.accessTestCaseMainPhase(TestSuiteExecutor.java:129)
	at com.kms.katalon.core.main.TestSuiteExecutor.accessTestSuiteMainPhase(TestSuiteExecutor.java:112)
	at com.kms.katalon.core.main.TestSuiteExecutor.execute(TestSuiteExecutor.java:81)
	at com.kms.katalon.core.main.TestCaseMain.startTestSuite(TestCaseMain.java:149)
	at com.kms.katalon.core.main.TestCaseMain$startTestSuite$0.call(Unknown Source)
	at TempTestSuite1555400048988.run(TempTestSuite1555400048988.groovy:36)]]></system-err>
      </testcase>
      <testcase name="Test Cases/listing department" classname="Test Cases/listing department" status="FAILED">
         <failure type="FAILED" message="Test Cases/listing department FAILED.
Reason:
com.kms.katalon.core.exception.StepFailedException: Unable to click on object 'Object Repository/listing/Page_Chiragh.com Admin/button_S' (Root cause: org.openqa.selenium.WebDriverException: chrome not reachable
  (Session info: chrome=73.0.3683.103)
  (Driver info: chromedriver=2.43.600210 (68dcf5eebde37173d4027fa8635e332711d2874a),platform=Windows NT 10.0.17134 x86_64) (WARNING: The server did not provide any stacktrace information)
Command duration or timeout: 0 milliseconds
Build info: version: '3.7.1', revision: '8a0099a', time: '2017-11-06T21:07:36.161Z'
System info: host: 'DESKTOP-2D7LI1O', ip: '192.168.100.4', os.name: 'Windows 10', os.arch: 'amd64', os.version: '10.0', java.version: '1.8.0_181'
Driver info: com.kms.katalon.selenium.driver.CChromeDriver
Capabilities {acceptInsecureCerts: false, acceptSslCerts: false, applicationCacheEnabled: false, browserConnectionEnabled: false, browserName: chrome, chrome: {chromedriverVersion: 2.43.600210 (68dcf5eebde371..., userDataDir: C:\Users\HP\AppData\Local\T...}, cssSelectorsEnabled: true, databaseEnabled: false, goog:chromeOptions: {debuggerAddress: localhost:60277}, handlesAlerts: true, hasTouchScreen: false, javascriptEnabled: true, locationContextEnabled: true, mobileEmulationEnabled: false, nativeEvents: true, networkConnectionEnabled: false, pageLoadStrategy: normal, platform: XP, platformName: XP, rotatable: false, setWindowRect: true, takesHeapSnapshot: true, takesScreenshot: true, unexpectedAlertBehaviour: , unhandledPromptBehavior: , version: 73.0.3683.103, webStorageEnabled: true}
Session ID: 89d89e9e0a067b3b20d597374581c4ac
*** Element info: {Using=xpath, value=/html/body/app-root/app-layout/app-topnav/mat-toolbar/button[3]})
	at com.kms.katalon.core.keyword.internal.KeywordMain.stepFailed(KeywordMain.groovy:36)
	at com.kms.katalon.core.webui.keyword.internal.WebUIKeywordMain.stepFailed(WebUIKeywordMain.groovy:65)
	at com.kms.katalon.core.webui.keyword.internal.WebUIKeywordMain.runKeyword(WebUIKeywordMain.groovy:27)
	at com.kms.katalon.core.webui.keyword.builtin.ClickKeyword.click(ClickKeyword.groovy:86)
	at com.kms.katalon.core.webui.keyword.builtin.ClickKeyword.execute(ClickKeyword.groovy:67)
	at com.kms.katalon.core.keyword.internal.KeywordExecutor.executeKeywordForPlatform(KeywordExecutor.groovy:53)
	at com.kms.katalon.core.webui.keyword.WebUiBuiltInKeywords.click(WebUiBuiltInKeywords.groovy:616)
	at com.kms.katalon.core.webui.keyword.WebUiBuiltInKeywords$click$2.call(Unknown Source)
	at listing department.run(listing department:42)
	at com.kms.katalon.core.main.ScriptEngine.run(ScriptEngine.java:194)
	at com.kms.katalon.core.main.ScriptEngine.runScriptAsRawText(ScriptEngine.java:119)
	at com.kms.katalon.core.main.TestCaseExecutor.runScript(TestCaseExecutor.java:328)
	at com.kms.katalon.core.main.TestCaseExecutor.doExecute(TestCaseExecutor.java:319)
	at com.kms.katalon.core.main.TestCaseExecutor.processExecutionPhase(TestCaseExecutor.java:298)
	at com.kms.katalon.core.main.TestCaseExecutor.accessMainPhase(TestCaseExecutor.java:290)
	at com.kms.katalon.core.main.TestCaseExecutor.execute(TestCaseExecutor.java:224)
	at com.kms.katalon.core.main.TestSuiteExecutor.accessTestCaseMainPhase(TestSuiteExecutor.java:129)
	at com.kms.katalon.core.main.TestSuiteExecutor.accessTestSuiteMainPhase(TestSuiteExecutor.java:112)
	at com.kms.katalon.core.main.TestSuiteExecutor.execute(TestSuiteExecutor.java:81)
	at com.kms.katalon.core.main.TestCaseMain.startTestSuite(TestCaseMain.java:149)
	at com.kms.katalon.core.main.TestCaseMain$startTestSuite$0.call(Unknown Source)
	at TempTestSuite1555400048988.run(TempTestSuite1555400048988.groovy:36)
"/>
         <system-out><![CDATA[2019-04-16 12:54:05 - [TEST_CASE][FAILED] - Test Cases/listing department: Test Cases/listing department FAILED.
Reason:
com.kms.katalon.core.exception.StepFailedException: Unable to click on object 'Object Repository/listing/Page_Chiragh.com Admin/button_S' (Root cause: org.openqa.selenium.WebDriverException: chrome not reachable
  (Session info: chrome=73.0.3683.103)
  (Driver info: chromedriver=2.43.600210 (68dcf5eebde37173d4027fa8635e332711d2874a),platform=Windows NT 10.0.17134 x86_64) (WARNING: The server did not provide any stacktrace information)
Command duration or timeout: 0 milliseconds
Build info: version: '3.7.1', revision: '8a0099a', time: '2017-11-06T21:07:36.161Z'
System info: host: 'DESKTOP-2D7LI1O', ip: '192.168.100.4', os.name: 'Windows 10', os.arch: 'amd64', os.version: '10.0', java.version: '1.8.0_181'
Driver info: com.kms.katalon.selenium.driver.CChromeDriver
Capabilities {acceptInsecureCerts: false, acceptSslCerts: false, applicationCacheEnabled: false, browserConnectionEnabled: false, browserName: chrome, chrome: {chromedriverVersion: 2.43.600210 (68dcf5eebde371..., userDataDir: C:\Users\HP\AppData\Local\T...}, cssSelectorsEnabled: true, databaseEnabled: false, goog:chromeOptions: {debuggerAddress: localhost:60277}, handlesAlerts: true, hasTouchScreen: false, javascriptEnabled: true, locationContextEnabled: true, mobileEmulationEnabled: false, nativeEvents: true, networkConnectionEnabled: false, pageLoadStrategy: normal, platform: XP, platformName: XP, rotatable: false, setWindowRect: true, takesHeapSnapshot: true, takesScreenshot: true, unexpectedAlertBehaviour: , unhandledPromptBehavior: , version: 73.0.3683.103, webStorageEnabled: true}
Session ID: 89d89e9e0a067b3b20d597374581c4ac
*** Element info: {Using=xpath, value=/html/body/app-root/app-layout/app-topnav/mat-toolbar/button[3]})
	at com.kms.katalon.core.keyword.internal.KeywordMain.stepFailed(KeywordMain.groovy:36)
	at com.kms.katalon.core.webui.keyword.internal.WebUIKeywordMain.stepFailed(WebUIKeywordMain.groovy:65)
	at com.kms.katalon.core.webui.keyword.internal.WebUIKeywordMain.runKeyword(WebUIKeywordMain.groovy:27)
	at com.kms.katalon.core.webui.keyword.builtin.ClickKeyword.click(ClickKeyword.groovy:86)
	at com.kms.katalon.core.webui.keyword.builtin.ClickKeyword.execute(ClickKeyword.groovy:67)
	at com.kms.katalon.core.keyword.internal.KeywordExecutor.executeKeywordForPlatform(KeywordExecutor.groovy:53)
	at com.kms.katalon.core.webui.keyword.WebUiBuiltInKeywords.click(WebUiBuiltInKeywords.groovy:616)
	at com.kms.katalon.core.webui.keyword.WebUiBuiltInKeywords$click$2.call(Unknown Source)
	at listing department.run(listing department:42)
	at com.kms.katalon.core.main.ScriptEngine.run(ScriptEngine.java:194)
	at com.kms.katalon.core.main.ScriptEngine.runScriptAsRawText(ScriptEngine.java:119)
	at com.kms.katalon.core.main.TestCaseExecutor.runScript(TestCaseExecutor.java:328)
	at com.kms.katalon.core.main.TestCaseExecutor.doExecute(TestCaseExecutor.java:319)
	at com.kms.katalon.core.main.TestCaseExecutor.processExecutionPhase(TestCaseExecutor.java:298)
	at com.kms.katalon.core.main.TestCaseExecutor.accessMainPhase(TestCaseExecutor.java:290)
	at com.kms.katalon.core.main.TestCaseExecutor.execute(TestCaseExecutor.java:224)
	at com.kms.katalon.core.main.TestSuiteExecutor.accessTestCaseMainPhase(TestSuiteExecutor.java:129)
	at com.kms.katalon.core.main.TestSuiteExecutor.accessTestSuiteMainPhase(TestSuiteExecutor.java:112)
	at com.kms.katalon.core.main.TestSuiteExecutor.execute(TestSuiteExecutor.java:81)
	at com.kms.katalon.core.main.TestCaseMain.startTestSuite(TestCaseMain.java:149)
	at com.kms.katalon.core.main.TestCaseMain$startTestSuite$0.call(Unknown Source)
	at TempTestSuite1555400048988.run(TempTestSuite1555400048988.groovy:36)


2019-04-16 12:54:05 - [TEST_STEP][PASSED] - openBrowser(""): Browser is opened with url: ''

2019-04-16 12:54:05 - [MESSAGE][WARNING] - A browser is already opened. Closing browser and opening a new one

2019-04-16 12:54:06 - [MESSAGE][INFO] - Starting 'Chrome' driver

2019-04-16 12:54:08 - [MESSAGE][PASSED] - Browser is opened with url: ''

2019-04-16 12:54:08 - [TEST_STEP][PASSED] - navigateToUrl("http://admin-chiragh.surge.sh/"): Navigate to 'http://admin-chiragh.surge.sh/' successfully

2019-04-16 12:54:29 - [MESSAGE][PASSED] - Navigate to 'http://admin-chiragh.surge.sh/' successfully

2019-04-16 12:54:29 - [TEST_STEP][PASSED] - maximizeWindow(): Current window maximized

2019-04-16 12:54:30 - [MESSAGE][PASSED] - Current window maximized

2019-04-16 12:54:30 - [TEST_STEP][PASSED] - waitForPageLoad(5): Wait for page load successfully

2019-04-16 12:54:30 - [MESSAGE][PASSED] - Wait for page load successfully

2019-04-16 12:54:30 - [TEST_STEP][PASSED] - setText(findTestObject("Object Repository/listing/Page_Chiragh.com Admin/input_Admin Panel_userName"), "sami"): Text 'sami' is set on object 'Object Repository/listing/Page_Chiragh.com Admin/input_Admin Panel_userName'

2019-04-16 12:54:30 - [MESSAGE][PASSED] - Text 'sami' is set on object 'Object Repository/listing/Page_Chiragh.com Admin/input_Admin Panel_userName'

2019-04-16 12:54:30 - [TEST_STEP][PASSED] - click(findTestObject("Object Repository/listing/Page_Chiragh.com Admin/div_Password")): Object: 'Object Repository/listing/Page_Chiragh.com Admin/div_Password' is clicked on

2019-04-16 12:54:30 - [MESSAGE][PASSED] - Object: 'Object Repository/listing/Page_Chiragh.com Admin/div_Password' is clicked on

2019-04-16 12:54:30 - [TEST_STEP][PASSED] - setEncryptedText(findTestObject("Object Repository/listing/Page_Chiragh.com Admin/input_Username_password"), "RigbBhfdqODKcAsiUrg+1Q=="): Text ****** has been set on object 'Object Repository/listing/Page_Chiragh.com Admin/input_Username_password'

2019-04-16 12:54:30 - [MESSAGE][PASSED] - Text ****** has been set on object 'Object Repository/listing/Page_Chiragh.com Admin/input_Username_password'

2019-04-16 12:54:30 - [TEST_STEP][PASSED] - click(findTestObject("Object Repository/listing/Page_Chiragh.com Admin/button_Login")): Object: 'Object Repository/listing/Page_Chiragh.com Admin/button_Login' is clicked on

2019-04-16 12:54:30 - [MESSAGE][PASSED] - Object: 'Object Repository/listing/Page_Chiragh.com Admin/button_Login' is clicked on

2019-04-16 12:54:30 - [TEST_STEP][PASSED] - click(findTestObject("Object Repository/listing/Page_Chiragh.com Admin/a_New Leads")): Object: 'Object Repository/listing/Page_Chiragh.com Admin/a_New Leads' is clicked on

2019-04-16 12:54:37 - [MESSAGE][PASSED] - Object: 'Object Repository/listing/Page_Chiragh.com Admin/a_New Leads' is clicked on

2019-04-16 12:54:37 - [TEST_STEP][PASSED] - click(findTestObject("Object Repository/listing/Page_Chiragh.com Admin/a_ 7 Days_fas fa-user-circle d")): Object: 'Object Repository/listing/Page_Chiragh.com Admin/a_ 7 Days_fas fa-user-circle d' is clicked on

2019-04-16 12:54:41 - [MESSAGE][PASSED] - Object: 'Object Repository/listing/Page_Chiragh.com Admin/a_ 7 Days_fas fa-user-circle d' is clicked on

2019-04-16 12:54:41 - [TEST_STEP][PASSED] - click(findTestObject("Object Repository/listing/Page_Chiragh.com Admin/a_Hamza Attiq")): Object: 'Object Repository/listing/Page_Chiragh.com Admin/a_Hamza Attiq' is clicked on

2019-04-16 12:54:41 - [MESSAGE][PASSED] - Object: 'Object Repository/listing/Page_Chiragh.com Admin/a_Hamza Attiq' is clicked on

2019-04-16 12:54:41 - [TEST_STEP][PASSED] - click(findTestObject("Object Repository/listing/Page_Chiragh.com Admin/a_In Process")): Object: 'Object Repository/listing/Page_Chiragh.com Admin/a_In Process' is clicked on

2019-04-16 12:54:41 - [MESSAGE][PASSED] - Object: 'Object Repository/listing/Page_Chiragh.com Admin/a_In Process' is clicked on

2019-04-16 12:54:41 - [TEST_STEP][PASSED] - delay(5): Delayed 5 second(s)

2019-04-16 12:54:46 - [MESSAGE][PASSED] - Delayed 5 second(s)

2019-04-16 12:54:46 - [TEST_STEP][FAILED] - click(findTestObject("Object Repository/listing/Page_Chiragh.com Admin/button_S")): click(findTestObject("Object Repository/listing/Page_Chiragh.com Admin/button_S")) FAILED.
Reason:
com.kms.katalon.core.exception.StepFailedException: Unable to click on object 'Object Repository/listing/Page_Chiragh.com Admin/button_S' (Root cause: org.openqa.selenium.WebDriverException: chrome not reachable
  (Session info: chrome=73.0.3683.103)
  (Driver info: chromedriver=2.43.600210 (68dcf5eebde37173d4027fa8635e332711d2874a),platform=Windows NT 10.0.17134 x86_64) (WARNING: The server did not provide any stacktrace information)
Command duration or timeout: 0 milliseconds
Build info: version: '3.7.1', revision: '8a0099a', time: '2017-11-06T21:07:36.161Z'
System info: host: 'DESKTOP-2D7LI1O', ip: '192.168.100.4', os.name: 'Windows 10', os.arch: 'amd64', os.version: '10.0', java.version: '1.8.0_181'
Driver info: com.kms.katalon.selenium.driver.CChromeDriver
Capabilities {acceptInsecureCerts: false, acceptSslCerts: false, applicationCacheEnabled: false, browserConnectionEnabled: false, browserName: chrome, chrome: {chromedriverVersion: 2.43.600210 (68dcf5eebde371..., userDataDir: C:\Users\HP\AppData\Local\T...}, cssSelectorsEnabled: true, databaseEnabled: false, goog:chromeOptions: {debuggerAddress: localhost:60277}, handlesAlerts: true, hasTouchScreen: false, javascriptEnabled: true, locationContextEnabled: true, mobileEmulationEnabled: false, nativeEvents: true, networkConnectionEnabled: false, pageLoadStrategy: normal, platform: XP, platformName: XP, rotatable: false, setWindowRect: true, takesHeapSnapshot: true, takesScreenshot: true, unexpectedAlertBehaviour: , unhandledPromptBehavior: , version: 73.0.3683.103, webStorageEnabled: true}
Session ID: 89d89e9e0a067b3b20d597374581c4ac
*** Element info: {Using=xpath, value=/html/body/app-root/app-layout/app-topnav/mat-toolbar/button[3]})
	at com.kms.katalon.core.keyword.internal.KeywordMain.stepFailed(KeywordMain.groovy:36)
	at com.kms.katalon.core.webui.keyword.internal.WebUIKeywordMain.stepFailed(WebUIKeywordMain.groovy:65)
	at com.kms.katalon.core.webui.keyword.internal.WebUIKeywordMain.runKeyword(WebUIKeywordMain.groovy:27)
	at com.kms.katalon.core.webui.keyword.builtin.ClickKeyword.click(ClickKeyword.groovy:86)
	at com.kms.katalon.core.webui.keyword.builtin.ClickKeyword.execute(ClickKeyword.groovy:67)
	at com.kms.katalon.core.keyword.internal.KeywordExecutor.executeKeywordForPlatform(KeywordExecutor.groovy:53)
	at com.kms.katalon.core.webui.keyword.WebUiBuiltInKeywords.click(WebUiBuiltInKeywords.groovy:616)
	at com.kms.katalon.core.webui.keyword.WebUiBuiltInKeywords$click$2.call(Unknown Source)
	at listing department.run(listing department:42)
	at com.kms.katalon.core.main.ScriptEngine.run(ScriptEngine.java:194)
	at com.kms.katalon.core.main.ScriptEngine.runScriptAsRawText(ScriptEngine.java:119)
	at com.kms.katalon.core.main.TestCaseExecutor.runScript(TestCaseExecutor.java:328)
	at com.kms.katalon.core.main.TestCaseExecutor.doExecute(TestCaseExecutor.java:319)
	at com.kms.katalon.core.main.TestCaseExecutor.processExecutionPhase(TestCaseExecutor.java:298)
	at com.kms.katalon.core.main.TestCaseExecutor.accessMainPhase(TestCaseExecutor.java:290)
	at com.kms.katalon.core.main.TestCaseExecutor.execute(TestCaseExecutor.java:224)
	at com.kms.katalon.core.main.TestSuiteExecutor.accessTestCaseMainPhase(TestSuiteExecutor.java:129)
	at com.kms.katalon.core.main.TestSuiteExecutor.accessTestSuiteMainPhase(TestSuiteExecutor.java:112)
	at com.kms.katalon.core.main.TestSuiteExecutor.execute(TestSuiteExecutor.java:81)
	at com.kms.katalon.core.main.TestCaseMain.startTestSuite(TestCaseMain.java:149)
	at com.kms.katalon.core.main.TestCaseMain$startTestSuite$0.call(Unknown Source)
	at TempTestSuite1555400048988.run(TempTestSuite1555400048988.groovy:36)


2019-04-16 12:54:58 - [MESSAGE][WARNING] - Cannot take screenshot

2019-04-16 12:54:58 - [MESSAGE][FAILED] - Unable to click on object 'Object Repository/listing/Page_Chiragh.com Admin/button_S' (Root cause: org.openqa.selenium.WebDriverException: chrome not reachable
  (Session info: chrome=73.0.3683.103)
  (Driver info: chromedriver=2.43.600210 (68dcf5eebde37173d4027fa8635e332711d2874a),platform=Windows NT 10.0.17134 x86_64) (WARNING: The server did not provide any stacktrace information)
Command duration or timeout: 0 milliseconds
Build info: version: '3.7.1', revision: '8a0099a', time: '2017-11-06T21:07:36.161Z'
System info: host: 'DESKTOP-2D7LI1O', ip: '192.168.100.4', os.name: 'Windows 10', os.arch: 'amd64', os.version: '10.0', java.version: '1.8.0_181'
Driver info: com.kms.katalon.selenium.driver.CChromeDriver
Capabilities {acceptInsecureCerts: false, acceptSslCerts: false, applicationCacheEnabled: false, browserConnectionEnabled: false, browserName: chrome, chrome: {chromedriverVersion: 2.43.600210 (68dcf5eebde371..., userDataDir: C:\Users\HP\AppData\Local\T...}, cssSelectorsEnabled: true, databaseEnabled: false, goog:chromeOptions: {debuggerAddress: localhost:60277}, handlesAlerts: true, hasTouchScreen: false, javascriptEnabled: true, locationContextEnabled: true, mobileEmulationEnabled: false, nativeEvents: true, networkConnectionEnabled: false, pageLoadStrategy: normal, platform: XP, platformName: XP, rotatable: false, setWindowRect: true, takesHeapSnapshot: true, takesScreenshot: true, unexpectedAlertBehaviour: , unhandledPromptBehavior: , version: 73.0.3683.103, webStorageEnabled: true}
Session ID: 89d89e9e0a067b3b20d597374581c4ac
*** Element info: {Using=xpath, value=/html/body/app-root/app-layout/app-topnav/mat-toolbar/button[3]})

2019-04-16 12:54:58 - [MESSAGE][FAILED] - click(findTestObject("Object Repository/listing/Page_Chiragh.com Admin/button_S")) FAILED.
Reason:
com.kms.katalon.core.exception.StepFailedException: Unable to click on object 'Object Repository/listing/Page_Chiragh.com Admin/button_S' (Root cause: org.openqa.selenium.WebDriverException: chrome not reachable
  (Session info: chrome=73.0.3683.103)
  (Driver info: chromedriver=2.43.600210 (68dcf5eebde37173d4027fa8635e332711d2874a),platform=Windows NT 10.0.17134 x86_64) (WARNING: The server did not provide any stacktrace information)
Command duration or timeout: 0 milliseconds
Build info: version: '3.7.1', revision: '8a0099a', time: '2017-11-06T21:07:36.161Z'
System info: host: 'DESKTOP-2D7LI1O', ip: '192.168.100.4', os.name: 'Windows 10', os.arch: 'amd64', os.version: '10.0', java.version: '1.8.0_181'
Driver info: com.kms.katalon.selenium.driver.CChromeDriver
Capabilities {acceptInsecureCerts: false, acceptSslCerts: false, applicationCacheEnabled: false, browserConnectionEnabled: false, browserName: chrome, chrome: {chromedriverVersion: 2.43.600210 (68dcf5eebde371..., userDataDir: C:\Users\HP\AppData\Local\T...}, cssSelectorsEnabled: true, databaseEnabled: false, goog:chromeOptions: {debuggerAddress: localhost:60277}, handlesAlerts: true, hasTouchScreen: false, javascriptEnabled: true, locationContextEnabled: true, mobileEmulationEnabled: false, nativeEvents: true, networkConnectionEnabled: false, pageLoadStrategy: normal, platform: XP, platformName: XP, rotatable: false, setWindowRect: true, takesHeapSnapshot: true, takesScreenshot: true, unexpectedAlertBehaviour: , unhandledPromptBehavior: , version: 73.0.3683.103, webStorageEnabled: true}
Session ID: 89d89e9e0a067b3b20d597374581c4ac
*** Element info: {Using=xpath, value=/html/body/app-root/app-layout/app-topnav/mat-toolbar/button[3]})
	at com.kms.katalon.core.keyword.internal.KeywordMain.stepFailed(KeywordMain.groovy:36)
	at com.kms.katalon.core.webui.keyword.internal.WebUIKeywordMain.stepFailed(WebUIKeywordMain.groovy:65)
	at com.kms.katalon.core.webui.keyword.internal.WebUIKeywordMain.runKeyword(WebUIKeywordMain.groovy:27)
	at com.kms.katalon.core.webui.keyword.builtin.ClickKeyword.click(ClickKeyword.groovy:86)
	at com.kms.katalon.core.webui.keyword.builtin.ClickKeyword.execute(ClickKeyword.groovy:67)
	at com.kms.katalon.core.keyword.internal.KeywordExecutor.executeKeywordForPlatform(KeywordExecutor.groovy:53)
	at com.kms.katalon.core.webui.keyword.WebUiBuiltInKeywords.click(WebUiBuiltInKeywords.groovy:616)
	at com.kms.katalon.core.webui.keyword.WebUiBuiltInKeywords$click$2.call(Unknown Source)
	at listing department.run(listing department:42)
	at com.kms.katalon.core.main.ScriptEngine.run(ScriptEngine.java:194)
	at com.kms.katalon.core.main.ScriptEngine.runScriptAsRawText(ScriptEngine.java:119)
	at com.kms.katalon.core.main.TestCaseExecutor.runScript(TestCaseExecutor.java:328)
	at com.kms.katalon.core.main.TestCaseExecutor.doExecute(TestCaseExecutor.java:319)
	at com.kms.katalon.core.main.TestCaseExecutor.processExecutionPhase(TestCaseExecutor.java:298)
	at com.kms.katalon.core.main.TestCaseExecutor.accessMainPhase(TestCaseExecutor.java:290)
	at com.kms.katalon.core.main.TestCaseExecutor.execute(TestCaseExecutor.java:224)
	at com.kms.katalon.core.main.TestSuiteExecutor.accessTestCaseMainPhase(TestSuiteExecutor.java:129)
	at com.kms.katalon.core.main.TestSuiteExecutor.accessTestSuiteMainPhase(TestSuiteExecutor.java:112)
	at com.kms.katalon.core.main.TestSuiteExecutor.execute(TestSuiteExecutor.java:81)
	at com.kms.katalon.core.main.TestCaseMain.startTestSuite(TestCaseMain.java:149)
	at com.kms.katalon.core.main.TestCaseMain$startTestSuite$0.call(Unknown Source)
	at TempTestSuite1555400048988.run(TempTestSuite1555400048988.groovy:36)]]></system-out>
         <system-err><![CDATA[2019-04-16 12:54:05 - [TEST_CASE][FAILED] - Test Cases/listing department: Test Cases/listing department FAILED.
Reason:
com.kms.katalon.core.exception.StepFailedException: Unable to click on object 'Object Repository/listing/Page_Chiragh.com Admin/button_S' (Root cause: org.openqa.selenium.WebDriverException: chrome not reachable
  (Session info: chrome=73.0.3683.103)
  (Driver info: chromedriver=2.43.600210 (68dcf5eebde37173d4027fa8635e332711d2874a),platform=Windows NT 10.0.17134 x86_64) (WARNING: The server did not provide any stacktrace information)
Command duration or timeout: 0 milliseconds
Build info: version: '3.7.1', revision: '8a0099a', time: '2017-11-06T21:07:36.161Z'
System info: host: 'DESKTOP-2D7LI1O', ip: '192.168.100.4', os.name: 'Windows 10', os.arch: 'amd64', os.version: '10.0', java.version: '1.8.0_181'
Driver info: com.kms.katalon.selenium.driver.CChromeDriver
Capabilities {acceptInsecureCerts: false, acceptSslCerts: false, applicationCacheEnabled: false, browserConnectionEnabled: false, browserName: chrome, chrome: {chromedriverVersion: 2.43.600210 (68dcf5eebde371..., userDataDir: C:\Users\HP\AppData\Local\T...}, cssSelectorsEnabled: true, databaseEnabled: false, goog:chromeOptions: {debuggerAddress: localhost:60277}, handlesAlerts: true, hasTouchScreen: false, javascriptEnabled: true, locationContextEnabled: true, mobileEmulationEnabled: false, nativeEvents: true, networkConnectionEnabled: false, pageLoadStrategy: normal, platform: XP, platformName: XP, rotatable: false, setWindowRect: true, takesHeapSnapshot: true, takesScreenshot: true, unexpectedAlertBehaviour: , unhandledPromptBehavior: , version: 73.0.3683.103, webStorageEnabled: true}
Session ID: 89d89e9e0a067b3b20d597374581c4ac
*** Element info: {Using=xpath, value=/html/body/app-root/app-layout/app-topnav/mat-toolbar/button[3]})
	at com.kms.katalon.core.keyword.internal.KeywordMain.stepFailed(KeywordMain.groovy:36)
	at com.kms.katalon.core.webui.keyword.internal.WebUIKeywordMain.stepFailed(WebUIKeywordMain.groovy:65)
	at com.kms.katalon.core.webui.keyword.internal.WebUIKeywordMain.runKeyword(WebUIKeywordMain.groovy:27)
	at com.kms.katalon.core.webui.keyword.builtin.ClickKeyword.click(ClickKeyword.groovy:86)
	at com.kms.katalon.core.webui.keyword.builtin.ClickKeyword.execute(ClickKeyword.groovy:67)
	at com.kms.katalon.core.keyword.internal.KeywordExecutor.executeKeywordForPlatform(KeywordExecutor.groovy:53)
	at com.kms.katalon.core.webui.keyword.WebUiBuiltInKeywords.click(WebUiBuiltInKeywords.groovy:616)
	at com.kms.katalon.core.webui.keyword.WebUiBuiltInKeywords$click$2.call(Unknown Source)
	at listing department.run(listing department:42)
	at com.kms.katalon.core.main.ScriptEngine.run(ScriptEngine.java:194)
	at com.kms.katalon.core.main.ScriptEngine.runScriptAsRawText(ScriptEngine.java:119)
	at com.kms.katalon.core.main.TestCaseExecutor.runScript(TestCaseExecutor.java:328)
	at com.kms.katalon.core.main.TestCaseExecutor.doExecute(TestCaseExecutor.java:319)
	at com.kms.katalon.core.main.TestCaseExecutor.processExecutionPhase(TestCaseExecutor.java:298)
	at com.kms.katalon.core.main.TestCaseExecutor.accessMainPhase(TestCaseExecutor.java:290)
	at com.kms.katalon.core.main.TestCaseExecutor.execute(TestCaseExecutor.java:224)
	at com.kms.katalon.core.main.TestSuiteExecutor.accessTestCaseMainPhase(TestSuiteExecutor.java:129)
	at com.kms.katalon.core.main.TestSuiteExecutor.accessTestSuiteMainPhase(TestSuiteExecutor.java:112)
	at com.kms.katalon.core.main.TestSuiteExecutor.execute(TestSuiteExecutor.java:81)
	at com.kms.katalon.core.main.TestCaseMain.startTestSuite(TestCaseMain.java:149)
	at com.kms.katalon.core.main.TestCaseMain$startTestSuite$0.call(Unknown Source)
	at TempTestSuite1555400048988.run(TempTestSuite1555400048988.groovy:36)]]></system-err>
      </testcase>
      <testcase name="Test Cases/verification hod/buyer/approved" classname="Test Cases/verification hod/buyer/approved" status="PASSED">
         <system-out><![CDATA[2019-04-16 12:54:58 - [TEST_CASE][PASSED] - Test Cases/verification hod/buyer/approved: Test Cases/verification hod/buyer/approved

2019-04-16 12:54:59 - [TEST_STEP][PASSED] - openBrowser(""): Browser is opened with url: ''

2019-04-16 12:54:59 - [MESSAGE][WARNING] - A browser is already opened. Closing browser and opening a new one

2019-04-16 12:54:59 - [MESSAGE][INFO] - Starting 'Chrome' driver

2019-04-16 12:55:02 - [MESSAGE][PASSED] - Browser is opened with url: ''

2019-04-16 12:55:02 - [TEST_STEP][PASSED] - navigateToUrl("http://admin-chiragh.surge.sh/"): Navigate to 'http://admin-chiragh.surge.sh/' successfully

2019-04-16 12:55:13 - [MESSAGE][PASSED] - Navigate to 'http://admin-chiragh.surge.sh/' successfully

2019-04-16 12:55:13 - [TEST_STEP][PASSED] - maximizeWindow(): Current window maximized

2019-04-16 12:55:14 - [MESSAGE][PASSED] - Current window maximized

2019-04-16 12:55:14 - [TEST_STEP][PASSED] - waitForPageLoad(8): Wait for page load successfully

2019-04-16 12:55:14 - [MESSAGE][PASSED] - Wait for page load successfully

2019-04-16 12:55:14 - [TEST_STEP][PASSED] - click(findTestObject("Object Repository/verification hod/approved leads tab/Page_Chiragh.com Admin/div_Username")): Object: 'Object Repository/verification hod/approved leads tab/Page_Chiragh.com Admin/div_Username' is clicked on

2019-04-16 12:55:14 - [MESSAGE][PASSED] - Object: 'Object Repository/verification hod/approved leads tab/Page_Chiragh.com Admin/div_Username' is clicked on

2019-04-16 12:55:14 - [TEST_STEP][PASSED] - setText(findTestObject("Object Repository/verification hod/approved leads tab/Page_Chiragh.com Admin/input_Admin Panel_userName"), "arsalankhalid"): Text 'arsalankhalid' is set on object 'Object Repository/verification hod/approved leads tab/Page_Chiragh.com Admin/input_Admin Panel_userName'

2019-04-16 12:55:14 - [MESSAGE][PASSED] - Text 'arsalankhalid' is set on object 'Object Repository/verification hod/approved leads tab/Page_Chiragh.com Admin/input_Admin Panel_userName'

2019-04-16 12:55:14 - [TEST_STEP][PASSED] - setEncryptedText(findTestObject("Object Repository/verification hod/approved leads tab/Page_Chiragh.com Admin/input_Username_password"), "RigbBhfdqODKcAsiUrg+1Q=="): Text ****** has been set on object 'Object Repository/verification hod/approved leads tab/Page_Chiragh.com Admin/input_Username_password'

2019-04-16 12:55:15 - [MESSAGE][PASSED] - Text ****** has been set on object 'Object Repository/verification hod/approved leads tab/Page_Chiragh.com Admin/input_Username_password'

2019-04-16 12:55:15 - [TEST_STEP][PASSED] - click(findTestObject("Object Repository/verification hod/approved leads tab/Page_Chiragh.com Admin/button_Login")): Object: 'Object Repository/verification hod/approved leads tab/Page_Chiragh.com Admin/button_Login' is clicked on

2019-04-16 12:55:15 - [MESSAGE][PASSED] - Object: 'Object Repository/verification hod/approved leads tab/Page_Chiragh.com Admin/button_Login' is clicked on

2019-04-16 12:55:15 - [TEST_STEP][PASSED] - click(findTestObject("Object Repository/verification hod/buyer/Page_Chiragh.com Admin/a_Buyer")): Object: 'Object Repository/verification hod/buyer/Page_Chiragh.com Admin/a_Buyer' is clicked on

2019-04-16 12:55:20 - [MESSAGE][PASSED] - Object: 'Object Repository/verification hod/buyer/Page_Chiragh.com Admin/a_Buyer' is clicked on

2019-04-16 12:55:20 - [TEST_STEP][PASSED] - delay(5): Delayed 5 second(s)

2019-04-16 12:55:25 - [MESSAGE][PASSED] - Delayed 5 second(s)

2019-04-16 12:55:25 - [TEST_STEP][PASSED] - click(findTestObject("Object Repository/verification hod/approved leads tab/Page_Chiragh.com Admin/a_Approved Leads")): Object: 'Object Repository/verification hod/approved leads tab/Page_Chiragh.com Admin/a_Approved Leads' is clicked on

2019-04-16 12:55:25 - [MESSAGE][PASSED] - Object: 'Object Repository/verification hod/approved leads tab/Page_Chiragh.com Admin/a_Approved Leads' is clicked on

2019-04-16 12:55:25 - [TEST_STEP][PASSED] - delay(15): Delayed 15 second(s)

2019-04-16 12:55:40 - [MESSAGE][PASSED] - Delayed 15 second(s)

2019-04-16 12:55:40 - [TEST_STEP][PASSED] - if (verifyElementPresent(findTestObject("Object Repository/verification hod/approved leads tab/Page_Chiragh.com Admin/th_Assignee"), 4) && verifyElementPresent(findTestObject("Object Repository/verification hod/approved leads tab/Page_Chiragh.com Admin/span_Approved"), 4)): Browser is closed

2019-04-16 12:55:40 - [MESSAGE][PASSED] - Object 'Object Repository/verification hod/approved leads tab/Page_Chiragh.com Admin/th_Assignee' is present

2019-04-16 12:55:40 - [MESSAGE][PASSED] - Object 'Object Repository/verification hod/approved leads tab/Page_Chiragh.com Admin/span_Approved' is present

2019-04-16 12:55:40 - [TEST_STEP][PASSED] - closeBrowser(): Browser is closed

2019-04-16 12:55:41 - [MESSAGE][PASSED] - Browser is closed]]></system-out>
         <system-err><![CDATA[]]></system-err>
      </testcase>
      <testcase name="Test Cases/verification hod/buyer/archived" classname="Test Cases/verification hod/buyer/archived" status="PASSED">
         <system-out><![CDATA[2019-04-16 12:55:41 - [TEST_CASE][PASSED] - Test Cases/verification hod/buyer/archived: Test Cases/verification hod/buyer/archived

2019-04-16 12:55:41 - [TEST_STEP][PASSED] - openBrowser(""): Browser is opened with url: ''

2019-04-16 12:55:41 - [MESSAGE][INFO] - Starting 'Chrome' driver

2019-04-16 12:55:44 - [MESSAGE][PASSED] - Browser is opened with url: ''

2019-04-16 12:55:44 - [TEST_STEP][PASSED] - navigateToUrl("http://admin-chiragh.surge.sh/"): Navigate to 'http://admin-chiragh.surge.sh/' successfully

2019-04-16 12:56:01 - [MESSAGE][PASSED] - Navigate to 'http://admin-chiragh.surge.sh/' successfully

2019-04-16 12:56:01 - [TEST_STEP][PASSED] - maximizeWindow(): Current window maximized

2019-04-16 12:56:02 - [MESSAGE][PASSED] - Current window maximized

2019-04-16 12:56:02 - [TEST_STEP][PASSED] - waitForPageLoad(8): Wait for page load successfully

2019-04-16 12:56:02 - [MESSAGE][PASSED] - Wait for page load successfully

2019-04-16 12:56:02 - [TEST_STEP][PASSED] - click(findTestObject("Object Repository/verification hod/archived leads tab/Page_Chiragh.com Admin/div_Username")): Object: 'Object Repository/verification hod/archived leads tab/Page_Chiragh.com Admin/div_Username' is clicked on

2019-04-16 12:56:03 - [MESSAGE][PASSED] - Object: 'Object Repository/verification hod/archived leads tab/Page_Chiragh.com Admin/div_Username' is clicked on

2019-04-16 12:56:03 - [TEST_STEP][PASSED] - setText(findTestObject("Object Repository/verification hod/archived leads tab/Page_Chiragh.com Admin/input_Admin Panel_userName"), "arsalankhalid"): Text 'arsalankhalid' is set on object 'Object Repository/verification hod/archived leads tab/Page_Chiragh.com Admin/input_Admin Panel_userName'

2019-04-16 12:56:03 - [MESSAGE][PASSED] - Text 'arsalankhalid' is set on object 'Object Repository/verification hod/archived leads tab/Page_Chiragh.com Admin/input_Admin Panel_userName'

2019-04-16 12:56:03 - [TEST_STEP][PASSED] - click(findTestObject("Object Repository/verification hod/archived leads tab/Page_Chiragh.com Admin/div_Password")): Object: 'Object Repository/verification hod/archived leads tab/Page_Chiragh.com Admin/div_Password' is clicked on

2019-04-16 12:56:03 - [MESSAGE][PASSED] - Object: 'Object Repository/verification hod/archived leads tab/Page_Chiragh.com Admin/div_Password' is clicked on

2019-04-16 12:56:03 - [TEST_STEP][PASSED] - setEncryptedText(findTestObject("Object Repository/verification hod/archived leads tab/Page_Chiragh.com Admin/input_Username_password"), "RigbBhfdqODKcAsiUrg+1Q=="): Text ****** has been set on object 'Object Repository/verification hod/archived leads tab/Page_Chiragh.com Admin/input_Username_password'

2019-04-16 12:56:03 - [MESSAGE][PASSED] - Text ****** has been set on object 'Object Repository/verification hod/archived leads tab/Page_Chiragh.com Admin/input_Username_password'

2019-04-16 12:56:03 - [TEST_STEP][PASSED] - doubleClick(findTestObject("Object Repository/verification hod/archived leads tab/Page_Chiragh.com Admin/span_Login")): Object: 'Object Repository/verification hod/archived leads tab/Page_Chiragh.com Admin/span_Login' is double clicked on

2019-04-16 12:56:03 - [MESSAGE][PASSED] - Object: 'Object Repository/verification hod/archived leads tab/Page_Chiragh.com Admin/span_Login' is double clicked on

2019-04-16 12:56:03 - [TEST_STEP][PASSED] - click(findTestObject("Object Repository/verification hod/buyer/Page_Chiragh.com Admin/a_Buyer")): Object: 'Object Repository/verification hod/buyer/Page_Chiragh.com Admin/a_Buyer' is clicked on

2019-04-16 12:56:09 - [MESSAGE][PASSED] - Object: 'Object Repository/verification hod/buyer/Page_Chiragh.com Admin/a_Buyer' is clicked on

2019-04-16 12:56:09 - [TEST_STEP][PASSED] - click(findTestObject("Object Repository/verification hod/archived leads tab/Page_Chiragh.com Admin/a_Archived Leads")): Object: 'Object Repository/verification hod/archived leads tab/Page_Chiragh.com Admin/a_Archived Leads' is clicked on

2019-04-16 12:56:10 - [MESSAGE][PASSED] - Object: 'Object Repository/verification hod/archived leads tab/Page_Chiragh.com Admin/a_Archived Leads' is clicked on

2019-04-16 12:56:10 - [TEST_STEP][PASSED] - delay(10): Delayed 10 second(s)

2019-04-16 12:56:20 - [MESSAGE][PASSED] - Delayed 10 second(s)

2019-04-16 12:56:20 - [TEST_STEP][PASSED] - if (verifyElementPresent(findTestObject("Object Repository/verification hod/archived leads tab/Page_Chiragh.com Admin/th_Assignee"), 4) && verifyElementPresent(findTestObject("Object Repository/verification hod/archived leads tab/Page_Chiragh.com Admin/span_archived"), 4)): Browser is closed

2019-04-16 12:56:20 - [MESSAGE][PASSED] - Object 'Object Repository/verification hod/archived leads tab/Page_Chiragh.com Admin/th_Assignee' is present

2019-04-16 12:56:20 - [MESSAGE][PASSED] - Object 'Object Repository/verification hod/archived leads tab/Page_Chiragh.com Admin/span_archived' is present

2019-04-16 12:56:20 - [TEST_STEP][PASSED] - closeBrowser(): Browser is closed

2019-04-16 12:56:20 - [MESSAGE][PASSED] - Browser is closed]]></system-out>
         <system-err><![CDATA[]]></system-err>
      </testcase>
      <testcase name="Test Cases/verification hod/buyer/In process" classname="Test Cases/verification hod/buyer/In process" status="PASSED">
         <system-out><![CDATA[2019-04-16 12:56:20 - [TEST_CASE][PASSED] - Test Cases/verification hod/buyer/In process: Test Cases/verification hod/buyer/In process

2019-04-16 12:56:21 - [TEST_STEP][PASSED] - openBrowser(""): Browser is opened with url: ''

2019-04-16 12:56:21 - [MESSAGE][INFO] - Starting 'Chrome' driver

2019-04-16 12:56:23 - [MESSAGE][PASSED] - Browser is opened with url: ''

2019-04-16 12:56:23 - [TEST_STEP][PASSED] - navigateToUrl("http://admin-chiragh.surge.sh/"): Navigate to 'http://admin-chiragh.surge.sh/' successfully

2019-04-16 12:56:42 - [MESSAGE][PASSED] - Navigate to 'http://admin-chiragh.surge.sh/' successfully

2019-04-16 12:56:42 - [TEST_STEP][PASSED] - maximizeWindow(): Current window maximized

2019-04-16 12:56:43 - [MESSAGE][PASSED] - Current window maximized

2019-04-16 12:56:43 - [TEST_STEP][PASSED] - waitForPageLoad(8): Wait for page load successfully

2019-04-16 12:56:43 - [MESSAGE][PASSED] - Wait for page load successfully

2019-04-16 12:56:43 - [TEST_STEP][PASSED] - setText(findTestObject("Object Repository/verification hod/in process tab/Page_Chiragh.com Admin/input_Admin Panel_userName"), "arsalankhalid"): Text 'arsalankhalid' is set on object 'Object Repository/verification hod/in process tab/Page_Chiragh.com Admin/input_Admin Panel_userName'

2019-04-16 12:56:43 - [MESSAGE][PASSED] - Text 'arsalankhalid' is set on object 'Object Repository/verification hod/in process tab/Page_Chiragh.com Admin/input_Admin Panel_userName'

2019-04-16 12:56:43 - [TEST_STEP][PASSED] - click(findTestObject("Object Repository/verification hod/in process tab/Page_Chiragh.com Admin/div_Password")): Object: 'Object Repository/verification hod/in process tab/Page_Chiragh.com Admin/div_Password' is clicked on

2019-04-16 12:56:43 - [MESSAGE][PASSED] - Object: 'Object Repository/verification hod/in process tab/Page_Chiragh.com Admin/div_Password' is clicked on

2019-04-16 12:56:43 - [TEST_STEP][PASSED] - setEncryptedText(findTestObject("Object Repository/verification hod/in process tab/Page_Chiragh.com Admin/input_Username_password"), "RigbBhfdqODKcAsiUrg+1Q=="): Text ****** has been set on object 'Object Repository/verification hod/in process tab/Page_Chiragh.com Admin/input_Username_password'

2019-04-16 12:56:43 - [MESSAGE][PASSED] - Text ****** has been set on object 'Object Repository/verification hod/in process tab/Page_Chiragh.com Admin/input_Username_password'

2019-04-16 12:56:43 - [TEST_STEP][PASSED] - click(findTestObject("Object Repository/verification hod/in process tab/Page_Chiragh.com Admin/button_Login")): Object: 'Object Repository/verification hod/in process tab/Page_Chiragh.com Admin/button_Login' is clicked on

2019-04-16 12:56:43 - [MESSAGE][PASSED] - Object: 'Object Repository/verification hod/in process tab/Page_Chiragh.com Admin/button_Login' is clicked on

2019-04-16 12:56:43 - [TEST_STEP][PASSED] - click(findTestObject("Object Repository/verification hod/buyer/Page_Chiragh.com Admin/a_Buyer")): Object: 'Object Repository/verification hod/buyer/Page_Chiragh.com Admin/a_Buyer' is clicked on

2019-04-16 12:56:51 - [MESSAGE][PASSED] - Object: 'Object Repository/verification hod/buyer/Page_Chiragh.com Admin/a_Buyer' is clicked on

2019-04-16 12:56:51 - [TEST_STEP][PASSED] - delay(5): Delayed 5 second(s)

2019-04-16 12:56:56 - [MESSAGE][PASSED] - Delayed 5 second(s)

2019-04-16 12:56:56 - [TEST_STEP][PASSED] - click(findTestObject("Object Repository/verification hod/in process tab/Page_Chiragh.com Admin/a_In Process")): Object: 'Object Repository/verification hod/in process tab/Page_Chiragh.com Admin/a_In Process' is clicked on

2019-04-16 12:56:56 - [MESSAGE][PASSED] - Object: 'Object Repository/verification hod/in process tab/Page_Chiragh.com Admin/a_In Process' is clicked on

2019-04-16 12:56:56 - [TEST_STEP][PASSED] - delay(10): Delayed 10 second(s)

2019-04-16 12:57:06 - [MESSAGE][PASSED] - Delayed 10 second(s)

2019-04-16 12:57:06 - [TEST_STEP][PASSED] - if (verifyElementPresent(findTestObject("Object Repository/verification hod/in process tab/Page_Chiragh.com Admin/th_Assignee"), 4) && verifyElementPresent(findTestObject("Object Repository/verification hod/in process tab/Page_Chiragh.com Admin/span_in process"), 4)): Browser is closed

2019-04-16 12:57:08 - [MESSAGE][PASSED] - Object 'Object Repository/verification hod/in process tab/Page_Chiragh.com Admin/th_Assignee' is present

2019-04-16 12:57:08 - [MESSAGE][PASSED] - Object 'Object Repository/verification hod/in process tab/Page_Chiragh.com Admin/span_in process' is present

2019-04-16 12:57:08 - [TEST_STEP][PASSED] - closeBrowser(): Browser is closed

2019-04-16 12:57:09 - [MESSAGE][PASSED] - Browser is closed]]></system-out>
         <system-err><![CDATA[]]></system-err>
      </testcase>
      <testcase name="Test Cases/verification hod/buyer/new leads tab" classname="Test Cases/verification hod/buyer/new leads tab" status="FAILED">
         <failure type="FAILED" message="Test Cases/verification hod/buyer/new leads tab FAILED.
Reason:
com.kms.katalon.core.exception.StepFailedException: Unable to verify object 'Object Repository/verification hod/new leads tab/Page_Chiragh.com Admin/th_Assign To' is present (Root cause: com.kms.katalon.core.exception.StepFailedException: com.kms.katalon.core.webui.exception.WebElementNotFoundException: Web element with id: 'Object Repository/verification hod/new leads tab/Page_Chiragh.com Admin/th_Assign To' located by 'By.xpath: (.//*[normalize-space(text()) and normalize-space(.)='Received At'])[1]/following::th[1]' not found)
	at com.kms.katalon.core.keyword.internal.KeywordMain.stepFailed(KeywordMain.groovy:36)
	at com.kms.katalon.core.webui.keyword.internal.WebUIKeywordMain.stepFailed(WebUIKeywordMain.groovy:65)
	at com.kms.katalon.core.webui.keyword.internal.WebUIKeywordMain.runKeyword(WebUIKeywordMain.groovy:27)
	at com.kms.katalon.core.webui.keyword.builtin.VerifyElementPresentKeyword.verifyElementPresent(VerifyElementPresentKeyword.groovy:92)
	at com.kms.katalon.core.webui.keyword.builtin.VerifyElementPresentKeyword.execute(VerifyElementPresentKeyword.groovy:68)
	at com.kms.katalon.core.keyword.internal.KeywordExecutor.executeKeywordForPlatform(KeywordExecutor.groovy:53)
	at com.kms.katalon.core.webui.keyword.WebUiBuiltInKeywords.verifyElementPresent(WebUiBuiltInKeywords.groovy:1434)
	at com.kms.katalon.core.webui.keyword.WebUiBuiltInKeywords$verifyElementPresent$6.call(Unknown Source)
	at new leads tab.run(new leads tab:44)
	at com.kms.katalon.core.main.ScriptEngine.run(ScriptEngine.java:194)
	at com.kms.katalon.core.main.ScriptEngine.runScriptAsRawText(ScriptEngine.java:119)
	at com.kms.katalon.core.main.TestCaseExecutor.runScript(TestCaseExecutor.java:328)
	at com.kms.katalon.core.main.TestCaseExecutor.doExecute(TestCaseExecutor.java:319)
	at com.kms.katalon.core.main.TestCaseExecutor.processExecutionPhase(TestCaseExecutor.java:298)
	at com.kms.katalon.core.main.TestCaseExecutor.accessMainPhase(TestCaseExecutor.java:290)
	at com.kms.katalon.core.main.TestCaseExecutor.execute(TestCaseExecutor.java:224)
	at com.kms.katalon.core.main.TestSuiteExecutor.accessTestCaseMainPhase(TestSuiteExecutor.java:129)
	at com.kms.katalon.core.main.TestSuiteExecutor.accessTestSuiteMainPhase(TestSuiteExecutor.java:112)
	at com.kms.katalon.core.main.TestSuiteExecutor.execute(TestSuiteExecutor.java:81)
	at com.kms.katalon.core.main.TestCaseMain.startTestSuite(TestCaseMain.java:149)
	at com.kms.katalon.core.main.TestCaseMain$startTestSuite$0.call(Unknown Source)
	at TempTestSuite1555400048988.run(TempTestSuite1555400048988.groovy:36)
"/>
         <system-out><![CDATA[2019-04-16 12:57:09 - [TEST_CASE][FAILED] - Test Cases/verification hod/buyer/new leads tab: Test Cases/verification hod/buyer/new leads tab FAILED.
Reason:
com.kms.katalon.core.exception.StepFailedException: Unable to verify object 'Object Repository/verification hod/new leads tab/Page_Chiragh.com Admin/th_Assign To' is present (Root cause: com.kms.katalon.core.exception.StepFailedException: com.kms.katalon.core.webui.exception.WebElementNotFoundException: Web element with id: 'Object Repository/verification hod/new leads tab/Page_Chiragh.com Admin/th_Assign To' located by 'By.xpath: (.//*[normalize-space(text()) and normalize-space(.)='Received At'])[1]/following::th[1]' not found)
	at com.kms.katalon.core.keyword.internal.KeywordMain.stepFailed(KeywordMain.groovy:36)
	at com.kms.katalon.core.webui.keyword.internal.WebUIKeywordMain.stepFailed(WebUIKeywordMain.groovy:65)
	at com.kms.katalon.core.webui.keyword.internal.WebUIKeywordMain.runKeyword(WebUIKeywordMain.groovy:27)
	at com.kms.katalon.core.webui.keyword.builtin.VerifyElementPresentKeyword.verifyElementPresent(VerifyElementPresentKeyword.groovy:92)
	at com.kms.katalon.core.webui.keyword.builtin.VerifyElementPresentKeyword.execute(VerifyElementPresentKeyword.groovy:68)
	at com.kms.katalon.core.keyword.internal.KeywordExecutor.executeKeywordForPlatform(KeywordExecutor.groovy:53)
	at com.kms.katalon.core.webui.keyword.WebUiBuiltInKeywords.verifyElementPresent(WebUiBuiltInKeywords.groovy:1434)
	at com.kms.katalon.core.webui.keyword.WebUiBuiltInKeywords$verifyElementPresent$6.call(Unknown Source)
	at new leads tab.run(new leads tab:44)
	at com.kms.katalon.core.main.ScriptEngine.run(ScriptEngine.java:194)
	at com.kms.katalon.core.main.ScriptEngine.runScriptAsRawText(ScriptEngine.java:119)
	at com.kms.katalon.core.main.TestCaseExecutor.runScript(TestCaseExecutor.java:328)
	at com.kms.katalon.core.main.TestCaseExecutor.doExecute(TestCaseExecutor.java:319)
	at com.kms.katalon.core.main.TestCaseExecutor.processExecutionPhase(TestCaseExecutor.java:298)
	at com.kms.katalon.core.main.TestCaseExecutor.accessMainPhase(TestCaseExecutor.java:290)
	at com.kms.katalon.core.main.TestCaseExecutor.execute(TestCaseExecutor.java:224)
	at com.kms.katalon.core.main.TestSuiteExecutor.accessTestCaseMainPhase(TestSuiteExecutor.java:129)
	at com.kms.katalon.core.main.TestSuiteExecutor.accessTestSuiteMainPhase(TestSuiteExecutor.java:112)
	at com.kms.katalon.core.main.TestSuiteExecutor.execute(TestSuiteExecutor.java:81)
	at com.kms.katalon.core.main.TestCaseMain.startTestSuite(TestCaseMain.java:149)
	at com.kms.katalon.core.main.TestCaseMain$startTestSuite$0.call(Unknown Source)
	at TempTestSuite1555400048988.run(TempTestSuite1555400048988.groovy:36)


2019-04-16 12:57:09 - [TEST_STEP][PASSED] - openBrowser(""): Browser is opened with url: ''

2019-04-16 12:57:09 - [MESSAGE][INFO] - Starting 'Chrome' driver

2019-04-16 12:57:12 - [MESSAGE][PASSED] - Browser is opened with url: ''

2019-04-16 12:57:12 - [TEST_STEP][PASSED] - navigateToUrl(url): Navigate to 'http://admin-chiragh.surge.sh' successfully

2019-04-16 12:57:25 - [MESSAGE][PASSED] - Navigate to 'http://admin-chiragh.surge.sh' successfully

2019-04-16 12:57:25 - [TEST_STEP][PASSED] - maximizeWindow(): Current window maximized

2019-04-16 12:57:26 - [MESSAGE][PASSED] - Current window maximized

2019-04-16 12:57:26 - [TEST_STEP][PASSED] - waitForPageLoad(8): Wait for page load successfully

2019-04-16 12:57:26 - [MESSAGE][PASSED] - Wait for page load successfully

2019-04-16 12:57:26 - [TEST_STEP][PASSED] - setText(findTestObject("Object Repository/verification hod/new leads tab/Page_Chiragh.com Admin/input_Admin Panel_userName"), "arsalankhalid"): Text 'arsalankhalid' is set on object 'Object Repository/verification hod/new leads tab/Page_Chiragh.com Admin/input_Admin Panel_userName'

2019-04-16 12:57:26 - [MESSAGE][PASSED] - Text 'arsalankhalid' is set on object 'Object Repository/verification hod/new leads tab/Page_Chiragh.com Admin/input_Admin Panel_userName'

2019-04-16 12:57:26 - [TEST_STEP][PASSED] - click(findTestObject("Object Repository/verification hod/new leads tab/Page_Chiragh.com Admin/div_Password")): Object: 'Object Repository/verification hod/new leads tab/Page_Chiragh.com Admin/div_Password' is clicked on

2019-04-16 12:57:26 - [MESSAGE][PASSED] - Object: 'Object Repository/verification hod/new leads tab/Page_Chiragh.com Admin/div_Password' is clicked on

2019-04-16 12:57:26 - [TEST_STEP][PASSED] - setEncryptedText(findTestObject("Object Repository/verification hod/new leads tab/Page_Chiragh.com Admin/input_Username_password"), "RigbBhfdqODKcAsiUrg+1Q=="): Text ****** has been set on object 'Object Repository/verification hod/new leads tab/Page_Chiragh.com Admin/input_Username_password'

2019-04-16 12:57:27 - [MESSAGE][PASSED] - Text ****** has been set on object 'Object Repository/verification hod/new leads tab/Page_Chiragh.com Admin/input_Username_password'

2019-04-16 12:57:27 - [TEST_STEP][PASSED] - click(findTestObject("Object Repository/verification hod/new leads tab/Page_Chiragh.com Admin/button_Login")): Object: 'Object Repository/verification hod/new leads tab/Page_Chiragh.com Admin/button_Login' is clicked on

2019-04-16 12:57:27 - [MESSAGE][PASSED] - Object: 'Object Repository/verification hod/new leads tab/Page_Chiragh.com Admin/button_Login' is clicked on

2019-04-16 12:57:27 - [TEST_STEP][PASSED] - waitForPageLoad(8): Wait for page load successfully

2019-04-16 12:57:27 - [MESSAGE][PASSED] - Wait for page load successfully

2019-04-16 12:57:27 - [TEST_STEP][PASSED] - click(findTestObject("Object Repository/verification hod/buyer/Page_Chiragh.com Admin/a_Buyer")): Object: 'Object Repository/verification hod/buyer/Page_Chiragh.com Admin/a_Buyer' is clicked on

2019-04-16 12:57:33 - [MESSAGE][PASSED] - Object: 'Object Repository/verification hod/buyer/Page_Chiragh.com Admin/a_Buyer' is clicked on

2019-04-16 12:57:33 - [TEST_STEP][PASSED] - delay(5): Delayed 5 second(s)

2019-04-16 12:57:38 - [MESSAGE][PASSED] - Delayed 5 second(s)

2019-04-16 12:57:38 - [TEST_STEP][PASSED] - click(findTestObject("Object Repository/verification hod/new leads tab/Page_Chiragh.com Admin/a_New Leads")): Object: 'Object Repository/verification hod/new leads tab/Page_Chiragh.com Admin/a_New Leads' is clicked on

2019-04-16 12:57:38 - [MESSAGE][PASSED] - Object: 'Object Repository/verification hod/new leads tab/Page_Chiragh.com Admin/a_New Leads' is clicked on

2019-04-16 12:57:38 - [TEST_STEP][PASSED] - delay(7): Delayed 7 second(s)

2019-04-16 12:57:45 - [MESSAGE][PASSED] - Delayed 7 second(s)

2019-04-16 12:57:45 - [TEST_STEP][FAILED] - if (verifyElementPresent(findTestObject("Object Repository/verification hod/new leads tab/Page_Chiragh.com Admin/th_Assign To"), 4) || verifyElementPresent("Object Repository/verification hod/new leads tab/Page_Chiragh.com Admin/h3_This collection is empty..", 4)): if (verifyElementPresent(findTestObject("Object Repository/verification hod/new leads tab/Page_Chiragh.com Admin/th_Assign To"), 4) || verifyElementPresent("Object Repository/verification hod/new leads tab/Page_Chiragh.com Admin/h3_This collection is empty..", 4)) FAILED.
Reason:
com.kms.katalon.core.exception.StepFailedException: Unable to verify object 'Object Repository/verification hod/new leads tab/Page_Chiragh.com Admin/th_Assign To' is present (Root cause: com.kms.katalon.core.exception.StepFailedException: com.kms.katalon.core.webui.exception.WebElementNotFoundException: Web element with id: 'Object Repository/verification hod/new leads tab/Page_Chiragh.com Admin/th_Assign To' located by 'By.xpath: (.//*[normalize-space(text()) and normalize-space(.)='Received At'])[1]/following::th[1]' not found)
	at com.kms.katalon.core.keyword.internal.KeywordMain.stepFailed(KeywordMain.groovy:36)
	at com.kms.katalon.core.webui.keyword.internal.WebUIKeywordMain.stepFailed(WebUIKeywordMain.groovy:65)
	at com.kms.katalon.core.webui.keyword.internal.WebUIKeywordMain.runKeyword(WebUIKeywordMain.groovy:27)
	at com.kms.katalon.core.webui.keyword.builtin.VerifyElementPresentKeyword.verifyElementPresent(VerifyElementPresentKeyword.groovy:92)
	at com.kms.katalon.core.webui.keyword.builtin.VerifyElementPresentKeyword.execute(VerifyElementPresentKeyword.groovy:68)
	at com.kms.katalon.core.keyword.internal.KeywordExecutor.executeKeywordForPlatform(KeywordExecutor.groovy:53)
	at com.kms.katalon.core.webui.keyword.WebUiBuiltInKeywords.verifyElementPresent(WebUiBuiltInKeywords.groovy:1434)
	at com.kms.katalon.core.webui.keyword.WebUiBuiltInKeywords$verifyElementPresent$6.call(Unknown Source)
	at new leads tab.run(new leads tab:44)
	at com.kms.katalon.core.main.ScriptEngine.run(ScriptEngine.java:194)
	at com.kms.katalon.core.main.ScriptEngine.runScriptAsRawText(ScriptEngine.java:119)
	at com.kms.katalon.core.main.TestCaseExecutor.runScript(TestCaseExecutor.java:328)
	at com.kms.katalon.core.main.TestCaseExecutor.doExecute(TestCaseExecutor.java:319)
	at com.kms.katalon.core.main.TestCaseExecutor.processExecutionPhase(TestCaseExecutor.java:298)
	at com.kms.katalon.core.main.TestCaseExecutor.accessMainPhase(TestCaseExecutor.java:290)
	at com.kms.katalon.core.main.TestCaseExecutor.execute(TestCaseExecutor.java:224)
	at com.kms.katalon.core.main.TestSuiteExecutor.accessTestCaseMainPhase(TestSuiteExecutor.java:129)
	at com.kms.katalon.core.main.TestSuiteExecutor.accessTestSuiteMainPhase(TestSuiteExecutor.java:112)
	at com.kms.katalon.core.main.TestSuiteExecutor.execute(TestSuiteExecutor.java:81)
	at com.kms.katalon.core.main.TestCaseMain.startTestSuite(TestCaseMain.java:149)
	at com.kms.katalon.core.main.TestCaseMain$startTestSuite$0.call(Unknown Source)
	at TempTestSuite1555400048988.run(TempTestSuite1555400048988.groovy:36)


2019-04-16 12:57:50 - [MESSAGE][INFO] - Unable to find the element located by 'By.xpath: (.//*[normalize-space(text()) and normalize-space(.)='Received At'])[1]/following::th[1]'. Please recheck the objects properties to make sure the desired element is located. 

2019-04-16 12:57:50 - [MESSAGE][FAILED] - com.kms.katalon.core.webui.exception.WebElementNotFoundException: Web element with id: 'Object Repository/verification hod/new leads tab/Page_Chiragh.com Admin/th_Assign To' located by 'By.xpath: (.//*[normalize-space(text()) and normalize-space(.)='Received At'])[1]/following::th[1]' not found
[[ATTACHMENT|C:\\Users\\HP\\git\\chiraghAdminPanel\\Reports\\AdminTests\\20190416_123408\\1555401470162.png]]

2019-04-16 12:57:50 - [MESSAGE][FAILED] - Unable to verify object 'Object Repository/verification hod/new leads tab/Page_Chiragh.com Admin/th_Assign To' is present (Root cause: com.kms.katalon.core.exception.StepFailedException: com.kms.katalon.core.webui.exception.WebElementNotFoundException: Web element with id: 'Object Repository/verification hod/new leads tab/Page_Chiragh.com Admin/th_Assign To' located by 'By.xpath: (.//*[normalize-space(text()) and normalize-space(.)='Received At'])[1]/following::th[1]' not found)
[[ATTACHMENT|C:\\Users\\HP\\git\\chiraghAdminPanel\\Reports\\AdminTests\\20190416_123408\\1555401470575.png]]

2019-04-16 12:57:50 - [MESSAGE][FAILED] - if (verifyElementPresent(findTestObject("Object Repository/verification hod/new leads tab/Page_Chiragh.com Admin/th_Assign To"), 4) || verifyElementPresent("Object Repository/verification hod/new leads tab/Page_Chiragh.com Admin/h3_This collection is empty..", 4)) FAILED.
Reason:
com.kms.katalon.core.exception.StepFailedException: Unable to verify object 'Object Repository/verification hod/new leads tab/Page_Chiragh.com Admin/th_Assign To' is present (Root cause: com.kms.katalon.core.exception.StepFailedException: com.kms.katalon.core.webui.exception.WebElementNotFoundException: Web element with id: 'Object Repository/verification hod/new leads tab/Page_Chiragh.com Admin/th_Assign To' located by 'By.xpath: (.//*[normalize-space(text()) and normalize-space(.)='Received At'])[1]/following::th[1]' not found)
	at com.kms.katalon.core.keyword.internal.KeywordMain.stepFailed(KeywordMain.groovy:36)
	at com.kms.katalon.core.webui.keyword.internal.WebUIKeywordMain.stepFailed(WebUIKeywordMain.groovy:65)
	at com.kms.katalon.core.webui.keyword.internal.WebUIKeywordMain.runKeyword(WebUIKeywordMain.groovy:27)
	at com.kms.katalon.core.webui.keyword.builtin.VerifyElementPresentKeyword.verifyElementPresent(VerifyElementPresentKeyword.groovy:92)
	at com.kms.katalon.core.webui.keyword.builtin.VerifyElementPresentKeyword.execute(VerifyElementPresentKeyword.groovy:68)
	at com.kms.katalon.core.keyword.internal.KeywordExecutor.executeKeywordForPlatform(KeywordExecutor.groovy:53)
	at com.kms.katalon.core.webui.keyword.WebUiBuiltInKeywords.verifyElementPresent(WebUiBuiltInKeywords.groovy:1434)
	at com.kms.katalon.core.webui.keyword.WebUiBuiltInKeywords$verifyElementPresent$6.call(Unknown Source)
	at new leads tab.run(new leads tab:44)
	at com.kms.katalon.core.main.ScriptEngine.run(ScriptEngine.java:194)
	at com.kms.katalon.core.main.ScriptEngine.runScriptAsRawText(ScriptEngine.java:119)
	at com.kms.katalon.core.main.TestCaseExecutor.runScript(TestCaseExecutor.java:328)
	at com.kms.katalon.core.main.TestCaseExecutor.doExecute(TestCaseExecutor.java:319)
	at com.kms.katalon.core.main.TestCaseExecutor.processExecutionPhase(TestCaseExecutor.java:298)
	at com.kms.katalon.core.main.TestCaseExecutor.accessMainPhase(TestCaseExecutor.java:290)
	at com.kms.katalon.core.main.TestCaseExecutor.execute(TestCaseExecutor.java:224)
	at com.kms.katalon.core.main.TestSuiteExecutor.accessTestCaseMainPhase(TestSuiteExecutor.java:129)
	at com.kms.katalon.core.main.TestSuiteExecutor.accessTestSuiteMainPhase(TestSuiteExecutor.java:112)
	at com.kms.katalon.core.main.TestSuiteExecutor.execute(TestSuiteExecutor.java:81)
	at com.kms.katalon.core.main.TestCaseMain.startTestSuite(TestCaseMain.java:149)
	at com.kms.katalon.core.main.TestCaseMain$startTestSuite$0.call(Unknown Source)
	at TempTestSuite1555400048988.run(TempTestSuite1555400048988.groovy:36)]]></system-out>
         <system-err><![CDATA[2019-04-16 12:57:09 - [TEST_CASE][FAILED] - Test Cases/verification hod/buyer/new leads tab: Test Cases/verification hod/buyer/new leads tab FAILED.
Reason:
com.kms.katalon.core.exception.StepFailedException: Unable to verify object 'Object Repository/verification hod/new leads tab/Page_Chiragh.com Admin/th_Assign To' is present (Root cause: com.kms.katalon.core.exception.StepFailedException: com.kms.katalon.core.webui.exception.WebElementNotFoundException: Web element with id: 'Object Repository/verification hod/new leads tab/Page_Chiragh.com Admin/th_Assign To' located by 'By.xpath: (.//*[normalize-space(text()) and normalize-space(.)='Received At'])[1]/following::th[1]' not found)
	at com.kms.katalon.core.keyword.internal.KeywordMain.stepFailed(KeywordMain.groovy:36)
	at com.kms.katalon.core.webui.keyword.internal.WebUIKeywordMain.stepFailed(WebUIKeywordMain.groovy:65)
	at com.kms.katalon.core.webui.keyword.internal.WebUIKeywordMain.runKeyword(WebUIKeywordMain.groovy:27)
	at com.kms.katalon.core.webui.keyword.builtin.VerifyElementPresentKeyword.verifyElementPresent(VerifyElementPresentKeyword.groovy:92)
	at com.kms.katalon.core.webui.keyword.builtin.VerifyElementPresentKeyword.execute(VerifyElementPresentKeyword.groovy:68)
	at com.kms.katalon.core.keyword.internal.KeywordExecutor.executeKeywordForPlatform(KeywordExecutor.groovy:53)
	at com.kms.katalon.core.webui.keyword.WebUiBuiltInKeywords.verifyElementPresent(WebUiBuiltInKeywords.groovy:1434)
	at com.kms.katalon.core.webui.keyword.WebUiBuiltInKeywords$verifyElementPresent$6.call(Unknown Source)
	at new leads tab.run(new leads tab:44)
	at com.kms.katalon.core.main.ScriptEngine.run(ScriptEngine.java:194)
	at com.kms.katalon.core.main.ScriptEngine.runScriptAsRawText(ScriptEngine.java:119)
	at com.kms.katalon.core.main.TestCaseExecutor.runScript(TestCaseExecutor.java:328)
	at com.kms.katalon.core.main.TestCaseExecutor.doExecute(TestCaseExecutor.java:319)
	at com.kms.katalon.core.main.TestCaseExecutor.processExecutionPhase(TestCaseExecutor.java:298)
	at com.kms.katalon.core.main.TestCaseExecutor.accessMainPhase(TestCaseExecutor.java:290)
	at com.kms.katalon.core.main.TestCaseExecutor.execute(TestCaseExecutor.java:224)
	at com.kms.katalon.core.main.TestSuiteExecutor.accessTestCaseMainPhase(TestSuiteExecutor.java:129)
	at com.kms.katalon.core.main.TestSuiteExecutor.accessTestSuiteMainPhase(TestSuiteExecutor.java:112)
	at com.kms.katalon.core.main.TestSuiteExecutor.execute(TestSuiteExecutor.java:81)
	at com.kms.katalon.core.main.TestCaseMain.startTestSuite(TestCaseMain.java:149)
	at com.kms.katalon.core.main.TestCaseMain$startTestSuite$0.call(Unknown Source)
	at TempTestSuite1555400048988.run(TempTestSuite1555400048988.groovy:36)]]></system-err>
      </testcase>
      <testcase name="Test Cases/verification hod/buyer/owner documents" classname="Test Cases/verification hod/buyer/owner documents" status="FAILED">
         <failure type="FAILED" message="Test Cases/verification hod/buyer/owner documents FAILED.
Reason:
com.kms.katalon.core.exception.StepFailedException: Unable to click on object 'Object Repository/verification hod/owner document/Page_Chiragh.com Admin/a_Owner 1 Bradley Jena_attachm' (Root cause: com.kms.katalon.core.webui.exception.WebElementNotFoundException: Web element with id: 'Object Repository/verification hod/owner document/Page_Chiragh.com Admin/a_Owner 1 Bradley Jena_attachm' located by 'By.xpath: //mat-tab-body[@id='mat-tab-content-0-0']/div/app-owners/div/div/div/div/div/a' not found)
	at com.kms.katalon.core.keyword.internal.KeywordMain.stepFailed(KeywordMain.groovy:36)
	at com.kms.katalon.core.webui.keyword.internal.WebUIKeywordMain.stepFailed(WebUIKeywordMain.groovy:65)
	at com.kms.katalon.core.webui.keyword.internal.WebUIKeywordMain.runKeyword(WebUIKeywordMain.groovy:27)
	at com.kms.katalon.core.webui.keyword.builtin.ClickKeyword.click(ClickKeyword.groovy:86)
	at com.kms.katalon.core.webui.keyword.builtin.ClickKeyword.execute(ClickKeyword.groovy:67)
	at com.kms.katalon.core.keyword.internal.KeywordExecutor.executeKeywordForPlatform(KeywordExecutor.groovy:53)
	at com.kms.katalon.core.webui.keyword.WebUiBuiltInKeywords.click(WebUiBuiltInKeywords.groovy:616)
	at com.kms.katalon.core.webui.keyword.WebUiBuiltInKeywords$click$2.call(Unknown Source)
	at owner documents.run(owner documents:52)
	at com.kms.katalon.core.main.ScriptEngine.run(ScriptEngine.java:194)
	at com.kms.katalon.core.main.ScriptEngine.runScriptAsRawText(ScriptEngine.java:119)
	at com.kms.katalon.core.main.TestCaseExecutor.runScript(TestCaseExecutor.java:328)
	at com.kms.katalon.core.main.TestCaseExecutor.doExecute(TestCaseExecutor.java:319)
	at com.kms.katalon.core.main.TestCaseExecutor.processExecutionPhase(TestCaseExecutor.java:298)
	at com.kms.katalon.core.main.TestCaseExecutor.accessMainPhase(TestCaseExecutor.java:290)
	at com.kms.katalon.core.main.TestCaseExecutor.execute(TestCaseExecutor.java:224)
	at com.kms.katalon.core.main.TestSuiteExecutor.accessTestCaseMainPhase(TestSuiteExecutor.java:129)
	at com.kms.katalon.core.main.TestSuiteExecutor.accessTestSuiteMainPhase(TestSuiteExecutor.java:112)
	at com.kms.katalon.core.main.TestSuiteExecutor.execute(TestSuiteExecutor.java:81)
	at com.kms.katalon.core.main.TestCaseMain.startTestSuite(TestCaseMain.java:149)
	at com.kms.katalon.core.main.TestCaseMain$startTestSuite$0.call(Unknown Source)
	at TempTestSuite1555400048988.run(TempTestSuite1555400048988.groovy:36)
"/>
         <system-out><![CDATA[2019-04-16 12:57:50 - [TEST_CASE][FAILED] - Test Cases/verification hod/buyer/owner documents: Test Cases/verification hod/buyer/owner documents FAILED.
Reason:
com.kms.katalon.core.exception.StepFailedException: Unable to click on object 'Object Repository/verification hod/owner document/Page_Chiragh.com Admin/a_Owner 1 Bradley Jena_attachm' (Root cause: com.kms.katalon.core.webui.exception.WebElementNotFoundException: Web element with id: 'Object Repository/verification hod/owner document/Page_Chiragh.com Admin/a_Owner 1 Bradley Jena_attachm' located by 'By.xpath: //mat-tab-body[@id='mat-tab-content-0-0']/div/app-owners/div/div/div/div/div/a' not found)
	at com.kms.katalon.core.keyword.internal.KeywordMain.stepFailed(KeywordMain.groovy:36)
	at com.kms.katalon.core.webui.keyword.internal.WebUIKeywordMain.stepFailed(WebUIKeywordMain.groovy:65)
	at com.kms.katalon.core.webui.keyword.internal.WebUIKeywordMain.runKeyword(WebUIKeywordMain.groovy:27)
	at com.kms.katalon.core.webui.keyword.builtin.ClickKeyword.click(ClickKeyword.groovy:86)
	at com.kms.katalon.core.webui.keyword.builtin.ClickKeyword.execute(ClickKeyword.groovy:67)
	at com.kms.katalon.core.keyword.internal.KeywordExecutor.executeKeywordForPlatform(KeywordExecutor.groovy:53)
	at com.kms.katalon.core.webui.keyword.WebUiBuiltInKeywords.click(WebUiBuiltInKeywords.groovy:616)
	at com.kms.katalon.core.webui.keyword.WebUiBuiltInKeywords$click$2.call(Unknown Source)
	at owner documents.run(owner documents:52)
	at com.kms.katalon.core.main.ScriptEngine.run(ScriptEngine.java:194)
	at com.kms.katalon.core.main.ScriptEngine.runScriptAsRawText(ScriptEngine.java:119)
	at com.kms.katalon.core.main.TestCaseExecutor.runScript(TestCaseExecutor.java:328)
	at com.kms.katalon.core.main.TestCaseExecutor.doExecute(TestCaseExecutor.java:319)
	at com.kms.katalon.core.main.TestCaseExecutor.processExecutionPhase(TestCaseExecutor.java:298)
	at com.kms.katalon.core.main.TestCaseExecutor.accessMainPhase(TestCaseExecutor.java:290)
	at com.kms.katalon.core.main.TestCaseExecutor.execute(TestCaseExecutor.java:224)
	at com.kms.katalon.core.main.TestSuiteExecutor.accessTestCaseMainPhase(TestSuiteExecutor.java:129)
	at com.kms.katalon.core.main.TestSuiteExecutor.accessTestSuiteMainPhase(TestSuiteExecutor.java:112)
	at com.kms.katalon.core.main.TestSuiteExecutor.execute(TestSuiteExecutor.java:81)
	at com.kms.katalon.core.main.TestCaseMain.startTestSuite(TestCaseMain.java:149)
	at com.kms.katalon.core.main.TestCaseMain$startTestSuite$0.call(Unknown Source)
	at TempTestSuite1555400048988.run(TempTestSuite1555400048988.groovy:36)


2019-04-16 12:57:51 - [TEST_STEP][PASSED] - openBrowser(""): Browser is opened with url: ''

2019-04-16 12:57:51 - [MESSAGE][WARNING] - A browser is already opened. Closing browser and opening a new one

2019-04-16 12:57:52 - [MESSAGE][INFO] - Starting 'Chrome' driver

2019-04-16 12:57:54 - [MESSAGE][PASSED] - Browser is opened with url: ''

2019-04-16 12:57:54 - [TEST_STEP][PASSED] - navigateToUrl(url): Navigate to 'http://admin-chiragh.surge.sh' successfully

2019-04-16 12:58:10 - [MESSAGE][PASSED] - Navigate to 'http://admin-chiragh.surge.sh' successfully

2019-04-16 12:58:10 - [TEST_STEP][PASSED] - maximizeWindow(): Current window maximized

2019-04-16 12:58:11 - [MESSAGE][PASSED] - Current window maximized

2019-04-16 12:58:11 - [TEST_STEP][PASSED] - waitForPageLoad(8): Wait for page load successfully

2019-04-16 12:58:11 - [MESSAGE][PASSED] - Wait for page load successfully

2019-04-16 12:58:11 - [TEST_STEP][PASSED] - click(findTestObject("Object Repository/verification hod/property details present/Page_Chiragh.com Admin/form_Admin PanelUsernamePasswo")): Object: 'Object Repository/verification hod/property details present/Page_Chiragh.com Admin/form_Admin PanelUsernamePasswo' is clicked on

2019-04-16 12:58:11 - [MESSAGE][PASSED] - Object: 'Object Repository/verification hod/property details present/Page_Chiragh.com Admin/form_Admin PanelUsernamePasswo' is clicked on

2019-04-16 12:58:11 - [TEST_STEP][PASSED] - click(findTestObject("Object Repository/verification hod/property details present/Page_Chiragh.com Admin/div_Username")): Object: 'Object Repository/verification hod/property details present/Page_Chiragh.com Admin/div_Username' is clicked on

2019-04-16 12:58:11 - [MESSAGE][PASSED] - Object: 'Object Repository/verification hod/property details present/Page_Chiragh.com Admin/div_Username' is clicked on

2019-04-16 12:58:11 - [TEST_STEP][PASSED] - setText(findTestObject("Object Repository/verification hod/property details present/Page_Chiragh.com Admin/input_Admin Panel_userName"), "arsalankhalid"): Text 'arsalankhalid' is set on object 'Object Repository/verification hod/property details present/Page_Chiragh.com Admin/input_Admin Panel_userName'

2019-04-16 12:58:11 - [MESSAGE][PASSED] - Text 'arsalankhalid' is set on object 'Object Repository/verification hod/property details present/Page_Chiragh.com Admin/input_Admin Panel_userName'

2019-04-16 12:58:11 - [TEST_STEP][PASSED] - setEncryptedText(findTestObject("Object Repository/verification hod/property details present/Page_Chiragh.com Admin/input_Username_password"), "RigbBhfdqODKcAsiUrg+1Q=="): Text ****** has been set on object 'Object Repository/verification hod/property details present/Page_Chiragh.com Admin/input_Username_password'

2019-04-16 12:58:12 - [MESSAGE][PASSED] - Text ****** has been set on object 'Object Repository/verification hod/property details present/Page_Chiragh.com Admin/input_Username_password'

2019-04-16 12:58:12 - [TEST_STEP][PASSED] - click(findTestObject("Object Repository/verification hod/property details present/Page_Chiragh.com Admin/button_Login")): Object: 'Object Repository/verification hod/property details present/Page_Chiragh.com Admin/button_Login' is clicked on

2019-04-16 12:58:12 - [MESSAGE][PASSED] - Object: 'Object Repository/verification hod/property details present/Page_Chiragh.com Admin/button_Login' is clicked on

2019-04-16 12:58:12 - [TEST_STEP][PASSED] - click(findTestObject("Object Repository/verification hod/property details present/Page_Chiragh.com Admin/a_In Process")): Object: 'Object Repository/verification hod/property details present/Page_Chiragh.com Admin/a_In Process' is clicked on

2019-04-16 12:58:19 - [MESSAGE][PASSED] - Object: 'Object Repository/verification hod/property details present/Page_Chiragh.com Admin/a_In Process' is clicked on

2019-04-16 12:58:19 - [TEST_STEP][PASSED] - click(findTestObject("Object Repository/verification hod/buyer/Page_Chiragh.com Admin/a_Buyer")): Object: 'Object Repository/verification hod/buyer/Page_Chiragh.com Admin/a_Buyer' is clicked on

2019-04-16 12:58:19 - [MESSAGE][PASSED] - Object: 'Object Repository/verification hod/buyer/Page_Chiragh.com Admin/a_Buyer' is clicked on

2019-04-16 12:58:19 - [TEST_STEP][PASSED] - delay(5): Delayed 5 second(s)

2019-04-16 12:58:24 - [MESSAGE][PASSED] - Delayed 5 second(s)

2019-04-16 12:58:24 - [TEST_STEP][PASSED] - click(findTestObject("Object Repository/verification hod/in process tab/Page_Chiragh.com Admin/a_In Process")): Object: 'Object Repository/verification hod/in process tab/Page_Chiragh.com Admin/a_In Process' is clicked on

2019-04-16 12:58:24 - [MESSAGE][PASSED] - Object: 'Object Repository/verification hod/in process tab/Page_Chiragh.com Admin/a_In Process' is clicked on

2019-04-16 12:58:24 - [TEST_STEP][PASSED] - delay(8): Delayed 8 second(s)

2019-04-16 12:58:32 - [MESSAGE][PASSED] - Delayed 8 second(s)

2019-04-16 12:58:32 - [TEST_STEP][PASSED] - click(findTestObject("Object Repository/verification hod/buyer/Page_Chiragh.com Admin/a_Project 51463 Most Desired 0")): Object: 'Object Repository/verification hod/buyer/Page_Chiragh.com Admin/a_Project 51463 Most Desired 0' is clicked on

2019-04-16 12:58:32 - [MESSAGE][PASSED] - Object: 'Object Repository/verification hod/buyer/Page_Chiragh.com Admin/a_Project 51463 Most Desired 0' is clicked on

2019-04-16 12:58:32 - [TEST_STEP][PASSED] - delay(8): Delayed 8 second(s)

2019-04-16 12:58:40 - [MESSAGE][PASSED] - Delayed 8 second(s)

2019-04-16 12:58:40 - [TEST_STEP][FAILED] - click(findTestObject("Object Repository/verification hod/owner document/Page_Chiragh.com Admin/a_Owner 1 Bradley Jena_attachm")): click(findTestObject("Object Repository/verification hod/owner document/Page_Chiragh.com Admin/a_Owner 1 Bradley Jena_attachm")) FAILED.
Reason:
com.kms.katalon.core.exception.StepFailedException: Unable to click on object 'Object Repository/verification hod/owner document/Page_Chiragh.com Admin/a_Owner 1 Bradley Jena_attachm' (Root cause: com.kms.katalon.core.webui.exception.WebElementNotFoundException: Web element with id: 'Object Repository/verification hod/owner document/Page_Chiragh.com Admin/a_Owner 1 Bradley Jena_attachm' located by 'By.xpath: //mat-tab-body[@id='mat-tab-content-0-0']/div/app-owners/div/div/div/div/div/a' not found)
	at com.kms.katalon.core.keyword.internal.KeywordMain.stepFailed(KeywordMain.groovy:36)
	at com.kms.katalon.core.webui.keyword.internal.WebUIKeywordMain.stepFailed(WebUIKeywordMain.groovy:65)
	at com.kms.katalon.core.webui.keyword.internal.WebUIKeywordMain.runKeyword(WebUIKeywordMain.groovy:27)
	at com.kms.katalon.core.webui.keyword.builtin.ClickKeyword.click(ClickKeyword.groovy:86)
	at com.kms.katalon.core.webui.keyword.builtin.ClickKeyword.execute(ClickKeyword.groovy:67)
	at com.kms.katalon.core.keyword.internal.KeywordExecutor.executeKeywordForPlatform(KeywordExecutor.groovy:53)
	at com.kms.katalon.core.webui.keyword.WebUiBuiltInKeywords.click(WebUiBuiltInKeywords.groovy:616)
	at com.kms.katalon.core.webui.keyword.WebUiBuiltInKeywords$click$2.call(Unknown Source)
	at owner documents.run(owner documents:52)
	at com.kms.katalon.core.main.ScriptEngine.run(ScriptEngine.java:194)
	at com.kms.katalon.core.main.ScriptEngine.runScriptAsRawText(ScriptEngine.java:119)
	at com.kms.katalon.core.main.TestCaseExecutor.runScript(TestCaseExecutor.java:328)
	at com.kms.katalon.core.main.TestCaseExecutor.doExecute(TestCaseExecutor.java:319)
	at com.kms.katalon.core.main.TestCaseExecutor.processExecutionPhase(TestCaseExecutor.java:298)
	at com.kms.katalon.core.main.TestCaseExecutor.accessMainPhase(TestCaseExecutor.java:290)
	at com.kms.katalon.core.main.TestCaseExecutor.execute(TestCaseExecutor.java:224)
	at com.kms.katalon.core.main.TestSuiteExecutor.accessTestCaseMainPhase(TestSuiteExecutor.java:129)
	at com.kms.katalon.core.main.TestSuiteExecutor.accessTestSuiteMainPhase(TestSuiteExecutor.java:112)
	at com.kms.katalon.core.main.TestSuiteExecutor.execute(TestSuiteExecutor.java:81)
	at com.kms.katalon.core.main.TestCaseMain.startTestSuite(TestCaseMain.java:149)
	at com.kms.katalon.core.main.TestCaseMain$startTestSuite$0.call(Unknown Source)
	at TempTestSuite1555400048988.run(TempTestSuite1555400048988.groovy:36)


2019-04-16 12:59:13 - [MESSAGE][INFO] - Unable to find the element located by 'By.xpath: //mat-tab-body[@id='mat-tab-content-0-0']/div/app-owners/div/div/div/div/div/a'. Please recheck the objects properties to make sure the desired element is located. 

2019-04-16 12:59:13 - [MESSAGE][FAILED] - Unable to click on object 'Object Repository/verification hod/owner document/Page_Chiragh.com Admin/a_Owner 1 Bradley Jena_attachm' (Root cause: com.kms.katalon.core.webui.exception.WebElementNotFoundException: Web element with id: 'Object Repository/verification hod/owner document/Page_Chiragh.com Admin/a_Owner 1 Bradley Jena_attachm' located by 'By.xpath: //mat-tab-body[@id='mat-tab-content-0-0']/div/app-owners/div/div/div/div/div/a' not found)
[[ATTACHMENT|C:\\Users\\HP\\git\\chiraghAdminPanel\\Reports\\AdminTests\\20190416_123408\\1555401553173.png]]

2019-04-16 12:59:13 - [MESSAGE][FAILED] - click(findTestObject("Object Repository/verification hod/owner document/Page_Chiragh.com Admin/a_Owner 1 Bradley Jena_attachm")) FAILED.
Reason:
com.kms.katalon.core.exception.StepFailedException: Unable to click on object 'Object Repository/verification hod/owner document/Page_Chiragh.com Admin/a_Owner 1 Bradley Jena_attachm' (Root cause: com.kms.katalon.core.webui.exception.WebElementNotFoundException: Web element with id: 'Object Repository/verification hod/owner document/Page_Chiragh.com Admin/a_Owner 1 Bradley Jena_attachm' located by 'By.xpath: //mat-tab-body[@id='mat-tab-content-0-0']/div/app-owners/div/div/div/div/div/a' not found)
	at com.kms.katalon.core.keyword.internal.KeywordMain.stepFailed(KeywordMain.groovy:36)
	at com.kms.katalon.core.webui.keyword.internal.WebUIKeywordMain.stepFailed(WebUIKeywordMain.groovy:65)
	at com.kms.katalon.core.webui.keyword.internal.WebUIKeywordMain.runKeyword(WebUIKeywordMain.groovy:27)
	at com.kms.katalon.core.webui.keyword.builtin.ClickKeyword.click(ClickKeyword.groovy:86)
	at com.kms.katalon.core.webui.keyword.builtin.ClickKeyword.execute(ClickKeyword.groovy:67)
	at com.kms.katalon.core.keyword.internal.KeywordExecutor.executeKeywordForPlatform(KeywordExecutor.groovy:53)
	at com.kms.katalon.core.webui.keyword.WebUiBuiltInKeywords.click(WebUiBuiltInKeywords.groovy:616)
	at com.kms.katalon.core.webui.keyword.WebUiBuiltInKeywords$click$2.call(Unknown Source)
	at owner documents.run(owner documents:52)
	at com.kms.katalon.core.main.ScriptEngine.run(ScriptEngine.java:194)
	at com.kms.katalon.core.main.ScriptEngine.runScriptAsRawText(ScriptEngine.java:119)
	at com.kms.katalon.core.main.TestCaseExecutor.runScript(TestCaseExecutor.java:328)
	at com.kms.katalon.core.main.TestCaseExecutor.doExecute(TestCaseExecutor.java:319)
	at com.kms.katalon.core.main.TestCaseExecutor.processExecutionPhase(TestCaseExecutor.java:298)
	at com.kms.katalon.core.main.TestCaseExecutor.accessMainPhase(TestCaseExecutor.java:290)
	at com.kms.katalon.core.main.TestCaseExecutor.execute(TestCaseExecutor.java:224)
	at com.kms.katalon.core.main.TestSuiteExecutor.accessTestCaseMainPhase(TestSuiteExecutor.java:129)
	at com.kms.katalon.core.main.TestSuiteExecutor.accessTestSuiteMainPhase(TestSuiteExecutor.java:112)
	at com.kms.katalon.core.main.TestSuiteExecutor.execute(TestSuiteExecutor.java:81)
	at com.kms.katalon.core.main.TestCaseMain.startTestSuite(TestCaseMain.java:149)
	at com.kms.katalon.core.main.TestCaseMain$startTestSuite$0.call(Unknown Source)
	at TempTestSuite1555400048988.run(TempTestSuite1555400048988.groovy:36)]]></system-out>
         <system-err><![CDATA[2019-04-16 12:57:50 - [TEST_CASE][FAILED] - Test Cases/verification hod/buyer/owner documents: Test Cases/verification hod/buyer/owner documents FAILED.
Reason:
com.kms.katalon.core.exception.StepFailedException: Unable to click on object 'Object Repository/verification hod/owner document/Page_Chiragh.com Admin/a_Owner 1 Bradley Jena_attachm' (Root cause: com.kms.katalon.core.webui.exception.WebElementNotFoundException: Web element with id: 'Object Repository/verification hod/owner document/Page_Chiragh.com Admin/a_Owner 1 Bradley Jena_attachm' located by 'By.xpath: //mat-tab-body[@id='mat-tab-content-0-0']/div/app-owners/div/div/div/div/div/a' not found)
	at com.kms.katalon.core.keyword.internal.KeywordMain.stepFailed(KeywordMain.groovy:36)
	at com.kms.katalon.core.webui.keyword.internal.WebUIKeywordMain.stepFailed(WebUIKeywordMain.groovy:65)
	at com.kms.katalon.core.webui.keyword.internal.WebUIKeywordMain.runKeyword(WebUIKeywordMain.groovy:27)
	at com.kms.katalon.core.webui.keyword.builtin.ClickKeyword.click(ClickKeyword.groovy:86)
	at com.kms.katalon.core.webui.keyword.builtin.ClickKeyword.execute(ClickKeyword.groovy:67)
	at com.kms.katalon.core.keyword.internal.KeywordExecutor.executeKeywordForPlatform(KeywordExecutor.groovy:53)
	at com.kms.katalon.core.webui.keyword.WebUiBuiltInKeywords.click(WebUiBuiltInKeywords.groovy:616)
	at com.kms.katalon.core.webui.keyword.WebUiBuiltInKeywords$click$2.call(Unknown Source)
	at owner documents.run(owner documents:52)
	at com.kms.katalon.core.main.ScriptEngine.run(ScriptEngine.java:194)
	at com.kms.katalon.core.main.ScriptEngine.runScriptAsRawText(ScriptEngine.java:119)
	at com.kms.katalon.core.main.TestCaseExecutor.runScript(TestCaseExecutor.java:328)
	at com.kms.katalon.core.main.TestCaseExecutor.doExecute(TestCaseExecutor.java:319)
	at com.kms.katalon.core.main.TestCaseExecutor.processExecutionPhase(TestCaseExecutor.java:298)
	at com.kms.katalon.core.main.TestCaseExecutor.accessMainPhase(TestCaseExecutor.java:290)
	at com.kms.katalon.core.main.TestCaseExecutor.execute(TestCaseExecutor.java:224)
	at com.kms.katalon.core.main.TestSuiteExecutor.accessTestCaseMainPhase(TestSuiteExecutor.java:129)
	at com.kms.katalon.core.main.TestSuiteExecutor.accessTestSuiteMainPhase(TestSuiteExecutor.java:112)
	at com.kms.katalon.core.main.TestSuiteExecutor.execute(TestSuiteExecutor.java:81)
	at com.kms.katalon.core.main.TestCaseMain.startTestSuite(TestCaseMain.java:149)
	at com.kms.katalon.core.main.TestCaseMain$startTestSuite$0.call(Unknown Source)
	at TempTestSuite1555400048988.run(TempTestSuite1555400048988.groovy:36)]]></system-err>
      </testcase>
      <testcase name="Test Cases/verification hod/buyer/poa documents" classname="Test Cases/verification hod/buyer/poa documents" status="FAILED">
         <failure type="FAILED" message="Test Cases/verification hod/buyer/poa documents FAILED.
Reason:
com.kms.katalon.core.exception.StepFailedException: Unable to verify object 'Object Repository/verification hod/property details present/Page_Chiragh.com Admin/span_POA Status' is present (Root cause: com.kms.katalon.core.exception.StepFailedException: com.kms.katalon.core.webui.exception.WebElementNotFoundException: Web element with id: 'Object Repository/verification hod/property details present/Page_Chiragh.com Admin/span_POA Status' located by 'By.xpath: //*[@id=&quot;mat-tab-content-0-1&quot;]/div/app-poas/div/div[2]/div/div[1]/span[2]' not found)
	at com.kms.katalon.core.keyword.internal.KeywordMain.stepFailed(KeywordMain.groovy:36)
	at com.kms.katalon.core.webui.keyword.internal.WebUIKeywordMain.stepFailed(WebUIKeywordMain.groovy:65)
	at com.kms.katalon.core.webui.keyword.internal.WebUIKeywordMain.runKeyword(WebUIKeywordMain.groovy:27)
	at com.kms.katalon.core.webui.keyword.builtin.VerifyElementPresentKeyword.verifyElementPresent(VerifyElementPresentKeyword.groovy:92)
	at com.kms.katalon.core.webui.keyword.builtin.VerifyElementPresentKeyword.execute(VerifyElementPresentKeyword.groovy:68)
	at com.kms.katalon.core.keyword.internal.KeywordExecutor.executeKeywordForPlatform(KeywordExecutor.groovy:53)
	at com.kms.katalon.core.webui.keyword.WebUiBuiltInKeywords.verifyElementPresent(WebUiBuiltInKeywords.groovy:1434)
	at com.kms.katalon.core.webui.keyword.WebUiBuiltInKeywords$verifyElementPresent$6.call(Unknown Source)
	at poa documents.run(poa documents:50)
	at com.kms.katalon.core.main.ScriptEngine.run(ScriptEngine.java:194)
	at com.kms.katalon.core.main.ScriptEngine.runScriptAsRawText(ScriptEngine.java:119)
	at com.kms.katalon.core.main.TestCaseExecutor.runScript(TestCaseExecutor.java:328)
	at com.kms.katalon.core.main.TestCaseExecutor.doExecute(TestCaseExecutor.java:319)
	at com.kms.katalon.core.main.TestCaseExecutor.processExecutionPhase(TestCaseExecutor.java:298)
	at com.kms.katalon.core.main.TestCaseExecutor.accessMainPhase(TestCaseExecutor.java:290)
	at com.kms.katalon.core.main.TestCaseExecutor.execute(TestCaseExecutor.java:224)
	at com.kms.katalon.core.main.TestSuiteExecutor.accessTestCaseMainPhase(TestSuiteExecutor.java:129)
	at com.kms.katalon.core.main.TestSuiteExecutor.accessTestSuiteMainPhase(TestSuiteExecutor.java:112)
	at com.kms.katalon.core.main.TestSuiteExecutor.execute(TestSuiteExecutor.java:81)
	at com.kms.katalon.core.main.TestCaseMain.startTestSuite(TestCaseMain.java:149)
	at com.kms.katalon.core.main.TestCaseMain$startTestSuite$0.call(Unknown Source)
	at TempTestSuite1555400048988.run(TempTestSuite1555400048988.groovy:36)
"/>
         <system-out><![CDATA[2019-04-16 12:59:13 - [TEST_CASE][FAILED] - Test Cases/verification hod/buyer/poa documents: Test Cases/verification hod/buyer/poa documents FAILED.
Reason:
com.kms.katalon.core.exception.StepFailedException: Unable to verify object 'Object Repository/verification hod/property details present/Page_Chiragh.com Admin/span_POA Status' is present (Root cause: com.kms.katalon.core.exception.StepFailedException: com.kms.katalon.core.webui.exception.WebElementNotFoundException: Web element with id: 'Object Repository/verification hod/property details present/Page_Chiragh.com Admin/span_POA Status' located by 'By.xpath: //*[@id="mat-tab-content-0-1"]/div/app-poas/div/div[2]/div/div[1]/span[2]' not found)
	at com.kms.katalon.core.keyword.internal.KeywordMain.stepFailed(KeywordMain.groovy:36)
	at com.kms.katalon.core.webui.keyword.internal.WebUIKeywordMain.stepFailed(WebUIKeywordMain.groovy:65)
	at com.kms.katalon.core.webui.keyword.internal.WebUIKeywordMain.runKeyword(WebUIKeywordMain.groovy:27)
	at com.kms.katalon.core.webui.keyword.builtin.VerifyElementPresentKeyword.verifyElementPresent(VerifyElementPresentKeyword.groovy:92)
	at com.kms.katalon.core.webui.keyword.builtin.VerifyElementPresentKeyword.execute(VerifyElementPresentKeyword.groovy:68)
	at com.kms.katalon.core.keyword.internal.KeywordExecutor.executeKeywordForPlatform(KeywordExecutor.groovy:53)
	at com.kms.katalon.core.webui.keyword.WebUiBuiltInKeywords.verifyElementPresent(WebUiBuiltInKeywords.groovy:1434)
	at com.kms.katalon.core.webui.keyword.WebUiBuiltInKeywords$verifyElementPresent$6.call(Unknown Source)
	at poa documents.run(poa documents:50)
	at com.kms.katalon.core.main.ScriptEngine.run(ScriptEngine.java:194)
	at com.kms.katalon.core.main.ScriptEngine.runScriptAsRawText(ScriptEngine.java:119)
	at com.kms.katalon.core.main.TestCaseExecutor.runScript(TestCaseExecutor.java:328)
	at com.kms.katalon.core.main.TestCaseExecutor.doExecute(TestCaseExecutor.java:319)
	at com.kms.katalon.core.main.TestCaseExecutor.processExecutionPhase(TestCaseExecutor.java:298)
	at com.kms.katalon.core.main.TestCaseExecutor.accessMainPhase(TestCaseExecutor.java:290)
	at com.kms.katalon.core.main.TestCaseExecutor.execute(TestCaseExecutor.java:224)
	at com.kms.katalon.core.main.TestSuiteExecutor.accessTestCaseMainPhase(TestSuiteExecutor.java:129)
	at com.kms.katalon.core.main.TestSuiteExecutor.accessTestSuiteMainPhase(TestSuiteExecutor.java:112)
	at com.kms.katalon.core.main.TestSuiteExecutor.execute(TestSuiteExecutor.java:81)
	at com.kms.katalon.core.main.TestCaseMain.startTestSuite(TestCaseMain.java:149)
	at com.kms.katalon.core.main.TestCaseMain$startTestSuite$0.call(Unknown Source)
	at TempTestSuite1555400048988.run(TempTestSuite1555400048988.groovy:36)


2019-04-16 12:59:13 - [TEST_STEP][PASSED] - openBrowser(""): Browser is opened with url: ''

2019-04-16 12:59:13 - [MESSAGE][WARNING] - A browser is already opened. Closing browser and opening a new one

2019-04-16 12:59:14 - [MESSAGE][INFO] - Starting 'Chrome' driver

2019-04-16 12:59:17 - [MESSAGE][PASSED] - Browser is opened with url: ''

2019-04-16 12:59:17 - [TEST_STEP][PASSED] - navigateToUrl(url): Navigate to 'http://admin-chiragh.surge.sh' successfully

2019-04-16 12:59:29 - [MESSAGE][PASSED] - Navigate to 'http://admin-chiragh.surge.sh' successfully

2019-04-16 12:59:29 - [TEST_STEP][PASSED] - maximizeWindow(): Current window maximized

2019-04-16 12:59:30 - [MESSAGE][PASSED] - Current window maximized

2019-04-16 12:59:30 - [TEST_STEP][PASSED] - waitForPageLoad(8): Wait for page load successfully

2019-04-16 12:59:30 - [MESSAGE][PASSED] - Wait for page load successfully

2019-04-16 12:59:30 - [TEST_STEP][PASSED] - click(findTestObject("Object Repository/verification hod/property details present/Page_Chiragh.com Admin/form_Admin PanelUsernamePasswo")): Object: 'Object Repository/verification hod/property details present/Page_Chiragh.com Admin/form_Admin PanelUsernamePasswo' is clicked on

2019-04-16 12:59:30 - [MESSAGE][PASSED] - Object: 'Object Repository/verification hod/property details present/Page_Chiragh.com Admin/form_Admin PanelUsernamePasswo' is clicked on

2019-04-16 12:59:30 - [TEST_STEP][PASSED] - click(findTestObject("Object Repository/verification hod/property details present/Page_Chiragh.com Admin/div_Username")): Object: 'Object Repository/verification hod/property details present/Page_Chiragh.com Admin/div_Username' is clicked on

2019-04-16 12:59:31 - [MESSAGE][PASSED] - Object: 'Object Repository/verification hod/property details present/Page_Chiragh.com Admin/div_Username' is clicked on

2019-04-16 12:59:31 - [TEST_STEP][PASSED] - setText(findTestObject("Object Repository/verification hod/property details present/Page_Chiragh.com Admin/input_Admin Panel_userName"), "arsalankhalid"): Text 'arsalankhalid' is set on object 'Object Repository/verification hod/property details present/Page_Chiragh.com Admin/input_Admin Panel_userName'

2019-04-16 12:59:31 - [MESSAGE][PASSED] - Text 'arsalankhalid' is set on object 'Object Repository/verification hod/property details present/Page_Chiragh.com Admin/input_Admin Panel_userName'

2019-04-16 12:59:31 - [TEST_STEP][PASSED] - setEncryptedText(findTestObject("Object Repository/verification hod/property details present/Page_Chiragh.com Admin/input_Username_password"), "RigbBhfdqODKcAsiUrg+1Q=="): Text ****** has been set on object 'Object Repository/verification hod/property details present/Page_Chiragh.com Admin/input_Username_password'

2019-04-16 12:59:31 - [MESSAGE][PASSED] - Text ****** has been set on object 'Object Repository/verification hod/property details present/Page_Chiragh.com Admin/input_Username_password'

2019-04-16 12:59:31 - [TEST_STEP][PASSED] - click(findTestObject("Object Repository/verification hod/property details present/Page_Chiragh.com Admin/button_Login")): Object: 'Object Repository/verification hod/property details present/Page_Chiragh.com Admin/button_Login' is clicked on

2019-04-16 12:59:31 - [MESSAGE][PASSED] - Object: 'Object Repository/verification hod/property details present/Page_Chiragh.com Admin/button_Login' is clicked on

2019-04-16 12:59:31 - [TEST_STEP][PASSED] - click(findTestObject("Object Repository/verification hod/buyer/Page_Chiragh.com Admin/a_Buyer")): Object: 'Object Repository/verification hod/buyer/Page_Chiragh.com Admin/a_Buyer' is clicked on

2019-04-16 12:59:37 - [MESSAGE][PASSED] - Object: 'Object Repository/verification hod/buyer/Page_Chiragh.com Admin/a_Buyer' is clicked on

2019-04-16 12:59:37 - [TEST_STEP][PASSED] - delay(5): Delayed 5 second(s)

2019-04-16 12:59:42 - [MESSAGE][PASSED] - Delayed 5 second(s)

2019-04-16 12:59:42 - [TEST_STEP][PASSED] - click(findTestObject("Object Repository/verification hod/in process tab/Page_Chiragh.com Admin/a_In Process")): Object: 'Object Repository/verification hod/in process tab/Page_Chiragh.com Admin/a_In Process' is clicked on

2019-04-16 12:59:42 - [MESSAGE][PASSED] - Object: 'Object Repository/verification hod/in process tab/Page_Chiragh.com Admin/a_In Process' is clicked on

2019-04-16 12:59:42 - [TEST_STEP][PASSED] - delay(8): Delayed 8 second(s)

2019-04-16 12:59:50 - [MESSAGE][PASSED] - Delayed 8 second(s)

2019-04-16 12:59:50 - [TEST_STEP][PASSED] - click(findTestObject("Object Repository/verification hod/buyer/Page_Chiragh.com Admin/a_Project 51463 Most Desired 0")): Object: 'Object Repository/verification hod/buyer/Page_Chiragh.com Admin/a_Project 51463 Most Desired 0' is clicked on

2019-04-16 12:59:51 - [MESSAGE][PASSED] - Object: 'Object Repository/verification hod/buyer/Page_Chiragh.com Admin/a_Project 51463 Most Desired 0' is clicked on

2019-04-16 12:59:51 - [TEST_STEP][PASSED] - delay(5): Delayed 5 second(s)

2019-04-16 12:59:56 - [MESSAGE][PASSED] - Delayed 5 second(s)

2019-04-16 12:59:56 - [TEST_STEP][PASSED] - doubleClick(findTestObject("Object Repository/verification hod/buyer/Page_Chiragh.com Admin/div_POAs")): Object: 'Object Repository/verification hod/buyer/Page_Chiragh.com Admin/div_POAs' is double clicked on

2019-04-16 12:59:56 - [MESSAGE][PASSED] - Object: 'Object Repository/verification hod/buyer/Page_Chiragh.com Admin/div_POAs' is double clicked on

2019-04-16 12:59:56 - [TEST_STEP][FAILED] - if (verifyElementPresent(findTestObject("Object Repository/verification hod/property details present/Page_Chiragh.com Admin/span_POA Status"), 4)): if (verifyElementPresent(findTestObject("Object Repository/verification hod/property details present/Page_Chiragh.com Admin/span_POA Status"), 4)) FAILED.
Reason:
com.kms.katalon.core.exception.StepFailedException: Unable to verify object 'Object Repository/verification hod/property details present/Page_Chiragh.com Admin/span_POA Status' is present (Root cause: com.kms.katalon.core.exception.StepFailedException: com.kms.katalon.core.webui.exception.WebElementNotFoundException: Web element with id: 'Object Repository/verification hod/property details present/Page_Chiragh.com Admin/span_POA Status' located by 'By.xpath: //*[@id="mat-tab-content-0-1"]/div/app-poas/div/div[2]/div/div[1]/span[2]' not found)
	at com.kms.katalon.core.keyword.internal.KeywordMain.stepFailed(KeywordMain.groovy:36)
	at com.kms.katalon.core.webui.keyword.internal.WebUIKeywordMain.stepFailed(WebUIKeywordMain.groovy:65)
	at com.kms.katalon.core.webui.keyword.internal.WebUIKeywordMain.runKeyword(WebUIKeywordMain.groovy:27)
	at com.kms.katalon.core.webui.keyword.builtin.VerifyElementPresentKeyword.verifyElementPresent(VerifyElementPresentKeyword.groovy:92)
	at com.kms.katalon.core.webui.keyword.builtin.VerifyElementPresentKeyword.execute(VerifyElementPresentKeyword.groovy:68)
	at com.kms.katalon.core.keyword.internal.KeywordExecutor.executeKeywordForPlatform(KeywordExecutor.groovy:53)
	at com.kms.katalon.core.webui.keyword.WebUiBuiltInKeywords.verifyElementPresent(WebUiBuiltInKeywords.groovy:1434)
	at com.kms.katalon.core.webui.keyword.WebUiBuiltInKeywords$verifyElementPresent$6.call(Unknown Source)
	at poa documents.run(poa documents:50)
	at com.kms.katalon.core.main.ScriptEngine.run(ScriptEngine.java:194)
	at com.kms.katalon.core.main.ScriptEngine.runScriptAsRawText(ScriptEngine.java:119)
	at com.kms.katalon.core.main.TestCaseExecutor.runScript(TestCaseExecutor.java:328)
	at com.kms.katalon.core.main.TestCaseExecutor.doExecute(TestCaseExecutor.java:319)
	at com.kms.katalon.core.main.TestCaseExecutor.processExecutionPhase(TestCaseExecutor.java:298)
	at com.kms.katalon.core.main.TestCaseExecutor.accessMainPhase(TestCaseExecutor.java:290)
	at com.kms.katalon.core.main.TestCaseExecutor.execute(TestCaseExecutor.java:224)
	at com.kms.katalon.core.main.TestSuiteExecutor.accessTestCaseMainPhase(TestSuiteExecutor.java:129)
	at com.kms.katalon.core.main.TestSuiteExecutor.accessTestSuiteMainPhase(TestSuiteExecutor.java:112)
	at com.kms.katalon.core.main.TestSuiteExecutor.execute(TestSuiteExecutor.java:81)
	at com.kms.katalon.core.main.TestCaseMain.startTestSuite(TestCaseMain.java:149)
	at com.kms.katalon.core.main.TestCaseMain$startTestSuite$0.call(Unknown Source)
	at TempTestSuite1555400048988.run(TempTestSuite1555400048988.groovy:36)


2019-04-16 13:00:00 - [MESSAGE][INFO] - Unable to find the element located by 'By.xpath: //*[@id="mat-tab-content-0-1"]/div/app-poas/div/div[2]/div/div[1]/span[2]'. Please recheck the objects properties to make sure the desired element is located. 

2019-04-16 13:00:00 - [MESSAGE][FAILED] - com.kms.katalon.core.webui.exception.WebElementNotFoundException: Web element with id: 'Object Repository/verification hod/property details present/Page_Chiragh.com Admin/span_POA Status' located by 'By.xpath: //*[@id="mat-tab-content-0-1"]/div/app-poas/div/div[2]/div/div[1]/span[2]' not found
[[ATTACHMENT|C:\\Users\\HP\\git\\chiraghAdminPanel\\Reports\\AdminTests\\20190416_123408\\1555401600580.png]]

2019-04-16 13:00:01 - [MESSAGE][FAILED] - Unable to verify object 'Object Repository/verification hod/property details present/Page_Chiragh.com Admin/span_POA Status' is present (Root cause: com.kms.katalon.core.exception.StepFailedException: com.kms.katalon.core.webui.exception.WebElementNotFoundException: Web element with id: 'Object Repository/verification hod/property details present/Page_Chiragh.com Admin/span_POA Status' located by 'By.xpath: //*[@id="mat-tab-content-0-1"]/div/app-poas/div/div[2]/div/div[1]/span[2]' not found)
[[ATTACHMENT|C:\\Users\\HP\\git\\chiraghAdminPanel\\Reports\\AdminTests\\20190416_123408\\1555401600938.png]]

2019-04-16 13:00:01 - [MESSAGE][FAILED] - if (verifyElementPresent(findTestObject("Object Repository/verification hod/property details present/Page_Chiragh.com Admin/span_POA Status"), 4)) FAILED.
Reason:
com.kms.katalon.core.exception.StepFailedException: Unable to verify object 'Object Repository/verification hod/property details present/Page_Chiragh.com Admin/span_POA Status' is present (Root cause: com.kms.katalon.core.exception.StepFailedException: com.kms.katalon.core.webui.exception.WebElementNotFoundException: Web element with id: 'Object Repository/verification hod/property details present/Page_Chiragh.com Admin/span_POA Status' located by 'By.xpath: //*[@id="mat-tab-content-0-1"]/div/app-poas/div/div[2]/div/div[1]/span[2]' not found)
	at com.kms.katalon.core.keyword.internal.KeywordMain.stepFailed(KeywordMain.groovy:36)
	at com.kms.katalon.core.webui.keyword.internal.WebUIKeywordMain.stepFailed(WebUIKeywordMain.groovy:65)
	at com.kms.katalon.core.webui.keyword.internal.WebUIKeywordMain.runKeyword(WebUIKeywordMain.groovy:27)
	at com.kms.katalon.core.webui.keyword.builtin.VerifyElementPresentKeyword.verifyElementPresent(VerifyElementPresentKeyword.groovy:92)
	at com.kms.katalon.core.webui.keyword.builtin.VerifyElementPresentKeyword.execute(VerifyElementPresentKeyword.groovy:68)
	at com.kms.katalon.core.keyword.internal.KeywordExecutor.executeKeywordForPlatform(KeywordExecutor.groovy:53)
	at com.kms.katalon.core.webui.keyword.WebUiBuiltInKeywords.verifyElementPresent(WebUiBuiltInKeywords.groovy:1434)
	at com.kms.katalon.core.webui.keyword.WebUiBuiltInKeywords$verifyElementPresent$6.call(Unknown Source)
	at poa documents.run(poa documents:50)
	at com.kms.katalon.core.main.ScriptEngine.run(ScriptEngine.java:194)
	at com.kms.katalon.core.main.ScriptEngine.runScriptAsRawText(ScriptEngine.java:119)
	at com.kms.katalon.core.main.TestCaseExecutor.runScript(TestCaseExecutor.java:328)
	at com.kms.katalon.core.main.TestCaseExecutor.doExecute(TestCaseExecutor.java:319)
	at com.kms.katalon.core.main.TestCaseExecutor.processExecutionPhase(TestCaseExecutor.java:298)
	at com.kms.katalon.core.main.TestCaseExecutor.accessMainPhase(TestCaseExecutor.java:290)
	at com.kms.katalon.core.main.TestCaseExecutor.execute(TestCaseExecutor.java:224)
	at com.kms.katalon.core.main.TestSuiteExecutor.accessTestCaseMainPhase(TestSuiteExecutor.java:129)
	at com.kms.katalon.core.main.TestSuiteExecutor.accessTestSuiteMainPhase(TestSuiteExecutor.java:112)
	at com.kms.katalon.core.main.TestSuiteExecutor.execute(TestSuiteExecutor.java:81)
	at com.kms.katalon.core.main.TestCaseMain.startTestSuite(TestCaseMain.java:149)
	at com.kms.katalon.core.main.TestCaseMain$startTestSuite$0.call(Unknown Source)
	at TempTestSuite1555400048988.run(TempTestSuite1555400048988.groovy:36)]]></system-out>
         <system-err><![CDATA[2019-04-16 12:59:13 - [TEST_CASE][FAILED] - Test Cases/verification hod/buyer/poa documents: Test Cases/verification hod/buyer/poa documents FAILED.
Reason:
com.kms.katalon.core.exception.StepFailedException: Unable to verify object 'Object Repository/verification hod/property details present/Page_Chiragh.com Admin/span_POA Status' is present (Root cause: com.kms.katalon.core.exception.StepFailedException: com.kms.katalon.core.webui.exception.WebElementNotFoundException: Web element with id: 'Object Repository/verification hod/property details present/Page_Chiragh.com Admin/span_POA Status' located by 'By.xpath: //*[@id="mat-tab-content-0-1"]/div/app-poas/div/div[2]/div/div[1]/span[2]' not found)
	at com.kms.katalon.core.keyword.internal.KeywordMain.stepFailed(KeywordMain.groovy:36)
	at com.kms.katalon.core.webui.keyword.internal.WebUIKeywordMain.stepFailed(WebUIKeywordMain.groovy:65)
	at com.kms.katalon.core.webui.keyword.internal.WebUIKeywordMain.runKeyword(WebUIKeywordMain.groovy:27)
	at com.kms.katalon.core.webui.keyword.builtin.VerifyElementPresentKeyword.verifyElementPresent(VerifyElementPresentKeyword.groovy:92)
	at com.kms.katalon.core.webui.keyword.builtin.VerifyElementPresentKeyword.execute(VerifyElementPresentKeyword.groovy:68)
	at com.kms.katalon.core.keyword.internal.KeywordExecutor.executeKeywordForPlatform(KeywordExecutor.groovy:53)
	at com.kms.katalon.core.webui.keyword.WebUiBuiltInKeywords.verifyElementPresent(WebUiBuiltInKeywords.groovy:1434)
	at com.kms.katalon.core.webui.keyword.WebUiBuiltInKeywords$verifyElementPresent$6.call(Unknown Source)
	at poa documents.run(poa documents:50)
	at com.kms.katalon.core.main.ScriptEngine.run(ScriptEngine.java:194)
	at com.kms.katalon.core.main.ScriptEngine.runScriptAsRawText(ScriptEngine.java:119)
	at com.kms.katalon.core.main.TestCaseExecutor.runScript(TestCaseExecutor.java:328)
	at com.kms.katalon.core.main.TestCaseExecutor.doExecute(TestCaseExecutor.java:319)
	at com.kms.katalon.core.main.TestCaseExecutor.processExecutionPhase(TestCaseExecutor.java:298)
	at com.kms.katalon.core.main.TestCaseExecutor.accessMainPhase(TestCaseExecutor.java:290)
	at com.kms.katalon.core.main.TestCaseExecutor.execute(TestCaseExecutor.java:224)
	at com.kms.katalon.core.main.TestSuiteExecutor.accessTestCaseMainPhase(TestSuiteExecutor.java:129)
	at com.kms.katalon.core.main.TestSuiteExecutor.accessTestSuiteMainPhase(TestSuiteExecutor.java:112)
	at com.kms.katalon.core.main.TestSuiteExecutor.execute(TestSuiteExecutor.java:81)
	at com.kms.katalon.core.main.TestCaseMain.startTestSuite(TestCaseMain.java:149)
	at com.kms.katalon.core.main.TestCaseMain$startTestSuite$0.call(Unknown Source)
	at TempTestSuite1555400048988.run(TempTestSuite1555400048988.groovy:36)]]></system-err>
      </testcase>
      <testcase name="Test Cases/verification hod/buyer/request for change" classname="Test Cases/verification hod/buyer/request for change" status="PASSED">
         <system-out><![CDATA[2019-04-16 13:00:01 - [TEST_CASE][PASSED] - Test Cases/verification hod/buyer/request for change: Test Cases/verification hod/buyer/request for change

2019-04-16 13:00:01 - [TEST_STEP][PASSED] - openBrowser(""): Browser is opened with url: ''

2019-04-16 13:00:01 - [MESSAGE][WARNING] - A browser is already opened. Closing browser and opening a new one

2019-04-16 13:00:02 - [MESSAGE][INFO] - Starting 'Chrome' driver

2019-04-16 13:00:05 - [MESSAGE][PASSED] - Browser is opened with url: ''

2019-04-16 13:00:05 - [TEST_STEP][PASSED] - navigateToUrl(url): Navigate to 'http://admin-chiragh.surge.sh' successfully

2019-04-16 13:00:28 - [MESSAGE][PASSED] - Navigate to 'http://admin-chiragh.surge.sh' successfully

2019-04-16 13:00:28 - [TEST_STEP][PASSED] - maximizeWindow(): Current window maximized

2019-04-16 13:00:29 - [MESSAGE][PASSED] - Current window maximized

2019-04-16 13:00:29 - [TEST_STEP][PASSED] - waitForPageLoad(8): Wait for page load successfully

2019-04-16 13:00:29 - [MESSAGE][PASSED] - Wait for page load successfully

2019-04-16 13:00:29 - [TEST_STEP][PASSED] - click(findTestObject("Object Repository/verification hod/request for change/Page_Chiragh.com Admin/div_Username")): Object: 'Object Repository/verification hod/request for change/Page_Chiragh.com Admin/div_Username' is clicked on

2019-04-16 13:00:29 - [MESSAGE][PASSED] - Object: 'Object Repository/verification hod/request for change/Page_Chiragh.com Admin/div_Username' is clicked on

2019-04-16 13:00:29 - [TEST_STEP][PASSED] - setText(findTestObject("Object Repository/verification hod/request for change/Page_Chiragh.com Admin/input_Admin Panel_userName"), "arsalankhalid"): Text 'arsalankhalid' is set on object 'Object Repository/verification hod/request for change/Page_Chiragh.com Admin/input_Admin Panel_userName'

2019-04-16 13:00:29 - [MESSAGE][PASSED] - Text 'arsalankhalid' is set on object 'Object Repository/verification hod/request for change/Page_Chiragh.com Admin/input_Admin Panel_userName'

2019-04-16 13:00:29 - [TEST_STEP][PASSED] - click(findTestObject("Object Repository/verification hod/request for change/Page_Chiragh.com Admin/div_Password")): Object: 'Object Repository/verification hod/request for change/Page_Chiragh.com Admin/div_Password' is clicked on

2019-04-16 13:00:30 - [MESSAGE][PASSED] - Object: 'Object Repository/verification hod/request for change/Page_Chiragh.com Admin/div_Password' is clicked on

2019-04-16 13:00:30 - [TEST_STEP][PASSED] - setEncryptedText(findTestObject("Object Repository/verification hod/request for change/Page_Chiragh.com Admin/input_Username_password"), "RigbBhfdqODKcAsiUrg+1Q=="): Text ****** has been set on object 'Object Repository/verification hod/request for change/Page_Chiragh.com Admin/input_Username_password'

2019-04-16 13:00:30 - [MESSAGE][PASSED] - Text ****** has been set on object 'Object Repository/verification hod/request for change/Page_Chiragh.com Admin/input_Username_password'

2019-04-16 13:00:30 - [TEST_STEP][PASSED] - click(findTestObject("Object Repository/verification hod/request for change/Page_Chiragh.com Admin/button_Login")): Object: 'Object Repository/verification hod/request for change/Page_Chiragh.com Admin/button_Login' is clicked on

2019-04-16 13:00:30 - [MESSAGE][PASSED] - Object: 'Object Repository/verification hod/request for change/Page_Chiragh.com Admin/button_Login' is clicked on

2019-04-16 13:00:30 - [TEST_STEP][PASSED] - click(findTestObject("Object Repository/verification hod/buyer/Page_Chiragh.com Admin/a_Buyer")): Object: 'Object Repository/verification hod/buyer/Page_Chiragh.com Admin/a_Buyer' is clicked on

2019-04-16 13:00:36 - [MESSAGE][PASSED] - Object: 'Object Repository/verification hod/buyer/Page_Chiragh.com Admin/a_Buyer' is clicked on

2019-04-16 13:00:36 - [TEST_STEP][PASSED] - delay(5): Delayed 5 second(s)

2019-04-16 13:00:41 - [MESSAGE][PASSED] - Delayed 5 second(s)

2019-04-16 13:00:41 - [TEST_STEP][PASSED] - click(findTestObject("Object Repository/verification hod/request for change/Page_Chiragh.com Admin/a_Request for Change")): Object: 'Object Repository/verification hod/request for change/Page_Chiragh.com Admin/a_Request for Change' is clicked on

2019-04-16 13:00:41 - [MESSAGE][PASSED] - Object: 'Object Repository/verification hod/request for change/Page_Chiragh.com Admin/a_Request for Change' is clicked on

2019-04-16 13:00:41 - [TEST_STEP][PASSED] - delay(8): Delayed 8 second(s)

2019-04-16 13:00:49 - [MESSAGE][PASSED] - Delayed 8 second(s)

2019-04-16 13:00:49 - [TEST_STEP][PASSED] - click(findTestObject("Object Repository/verification hod/buyer/Page_Chiragh.com Admin/a_Project 51463 Most Desired 0")): Object: 'Object Repository/verification hod/buyer/Page_Chiragh.com Admin/a_Project 51463 Most Desired 0' is clicked on

2019-04-16 13:00:50 - [MESSAGE][PASSED] - Object: 'Object Repository/verification hod/buyer/Page_Chiragh.com Admin/a_Project 51463 Most Desired 0' is clicked on

2019-04-16 13:00:50 - [TEST_STEP][PASSED] - verifyElementPresent(findTestObject("Object Repository/verification hod/request for change/Page_Chiragh.com Admin/span_Your are in request for c"), 4): Object 'Object Repository/verification hod/request for change/Page_Chiragh.com Admin/span_Your are in request for c' is present

2019-04-16 13:00:51 - [MESSAGE][PASSED] - Object 'Object Repository/verification hod/request for change/Page_Chiragh.com Admin/span_Your are in request for c' is present

2019-04-16 13:00:51 - [TEST_STEP][PASSED] - verifyElementPresent(findTestObject("Object Repository/verification hod/request for change/Page_Chiragh.com Admin/span_Total Requests"), 4): Object 'Object Repository/verification hod/request for change/Page_Chiragh.com Admin/span_Total Requests' is present

2019-04-16 13:00:51 - [MESSAGE][PASSED] - Object 'Object Repository/verification hod/request for change/Page_Chiragh.com Admin/span_Total Requests' is present

2019-04-16 13:00:51 - [TEST_STEP][PASSED] - click(findTestObject("Object Repository/verification hod/request for change/Page_Chiragh.com Admin/img")): Object: 'Object Repository/verification hod/request for change/Page_Chiragh.com Admin/img' is clicked on

2019-04-16 13:00:51 - [MESSAGE][PASSED] - Object: 'Object Repository/verification hod/request for change/Page_Chiragh.com Admin/img' is clicked on

2019-04-16 13:00:51 - [TEST_STEP][PASSED] - closeBrowser(): Browser is closed

2019-04-16 13:00:52 - [MESSAGE][PASSED] - Browser is closed]]></system-out>
         <system-err><![CDATA[]]></system-err>
      </testcase>
      <testcase name="Test Cases/verification hod/seller/approved leads" classname="Test Cases/verification hod/seller/approved leads" status="PASSED">
         <system-out><![CDATA[2019-04-16 13:00:52 - [TEST_CASE][PASSED] - Test Cases/verification hod/seller/approved leads: Test Cases/verification hod/seller/approved leads

2019-04-16 13:00:53 - [TEST_STEP][PASSED] - openBrowser(""): Browser is opened with url: ''

2019-04-16 13:00:53 - [MESSAGE][INFO] - Starting 'Chrome' driver

2019-04-16 13:00:55 - [MESSAGE][PASSED] - Browser is opened with url: ''

2019-04-16 13:00:55 - [TEST_STEP][PASSED] - navigateToUrl("http://admin-chiragh.surge.sh/"): Navigate to 'http://admin-chiragh.surge.sh/' successfully

2019-04-16 13:01:19 - [MESSAGE][PASSED] - Navigate to 'http://admin-chiragh.surge.sh/' successfully

2019-04-16 13:01:19 - [TEST_STEP][PASSED] - maximizeWindow(): Current window maximized

2019-04-16 13:01:20 - [MESSAGE][PASSED] - Current window maximized

2019-04-16 13:01:20 - [TEST_STEP][PASSED] - waitForPageLoad(8): Wait for page load successfully

2019-04-16 13:01:20 - [MESSAGE][PASSED] - Wait for page load successfully

2019-04-16 13:01:20 - [TEST_STEP][PASSED] - click(findTestObject("Object Repository/verification hod/approved leads tab/Page_Chiragh.com Admin/div_Username")): Object: 'Object Repository/verification hod/approved leads tab/Page_Chiragh.com Admin/div_Username' is clicked on

2019-04-16 13:01:20 - [MESSAGE][PASSED] - Object: 'Object Repository/verification hod/approved leads tab/Page_Chiragh.com Admin/div_Username' is clicked on

2019-04-16 13:01:20 - [TEST_STEP][PASSED] - setText(findTestObject("Object Repository/verification hod/approved leads tab/Page_Chiragh.com Admin/input_Admin Panel_userName"), "arsalankhalid"): Text 'arsalankhalid' is set on object 'Object Repository/verification hod/approved leads tab/Page_Chiragh.com Admin/input_Admin Panel_userName'

2019-04-16 13:01:21 - [MESSAGE][PASSED] - Text 'arsalankhalid' is set on object 'Object Repository/verification hod/approved leads tab/Page_Chiragh.com Admin/input_Admin Panel_userName'

2019-04-16 13:01:21 - [TEST_STEP][PASSED] - setEncryptedText(findTestObject("Object Repository/verification hod/approved leads tab/Page_Chiragh.com Admin/input_Username_password"), "RigbBhfdqODKcAsiUrg+1Q=="): Text ****** has been set on object 'Object Repository/verification hod/approved leads tab/Page_Chiragh.com Admin/input_Username_password'

2019-04-16 13:01:21 - [MESSAGE][PASSED] - Text ****** has been set on object 'Object Repository/verification hod/approved leads tab/Page_Chiragh.com Admin/input_Username_password'

2019-04-16 13:01:21 - [TEST_STEP][PASSED] - click(findTestObject("Object Repository/verification hod/approved leads tab/Page_Chiragh.com Admin/button_Login")): Object: 'Object Repository/verification hod/approved leads tab/Page_Chiragh.com Admin/button_Login' is clicked on

2019-04-16 13:01:21 - [MESSAGE][PASSED] - Object: 'Object Repository/verification hod/approved leads tab/Page_Chiragh.com Admin/button_Login' is clicked on

2019-04-16 13:01:21 - [TEST_STEP][PASSED] - click(findTestObject("Object Repository/verification hod/approved leads tab/Page_Chiragh.com Admin/a_Approved Leads")): Object: 'Object Repository/verification hod/approved leads tab/Page_Chiragh.com Admin/a_Approved Leads' is clicked on

2019-04-16 13:01:28 - [MESSAGE][PASSED] - Object: 'Object Repository/verification hod/approved leads tab/Page_Chiragh.com Admin/a_Approved Leads' is clicked on

2019-04-16 13:01:28 - [TEST_STEP][PASSED] - delay(15): Delayed 15 second(s)

2019-04-16 13:01:43 - [MESSAGE][PASSED] - Delayed 15 second(s)

2019-04-16 13:01:43 - [TEST_STEP][PASSED] - if (verifyElementPresent(findTestObject("Object Repository/verification hod/approved leads tab/Page_Chiragh.com Admin/th_Assignee"), 4) && verifyElementPresent(findTestObject("Object Repository/verification hod/approved leads tab/Page_Chiragh.com Admin/span_Approved"), 4)): Browser is closed

2019-04-16 13:01:43 - [MESSAGE][PASSED] - Object 'Object Repository/verification hod/approved leads tab/Page_Chiragh.com Admin/th_Assignee' is present

2019-04-16 13:01:43 - [MESSAGE][PASSED] - Object 'Object Repository/verification hod/approved leads tab/Page_Chiragh.com Admin/span_Approved' is present

2019-04-16 13:01:43 - [TEST_STEP][PASSED] - closeBrowser(): Browser is closed

2019-04-16 13:01:44 - [MESSAGE][PASSED] - Browser is closed]]></system-out>
         <system-err><![CDATA[]]></system-err>
      </testcase>
      <testcase name="Test Cases/verification hod/seller/archived leads tab" classname="Test Cases/verification hod/seller/archived leads tab" status="PASSED">
         <system-out><![CDATA[2019-04-16 13:01:44 - [TEST_CASE][PASSED] - Test Cases/verification hod/seller/archived leads tab: Test Cases/verification hod/seller/archived leads tab

2019-04-16 13:01:44 - [TEST_STEP][PASSED] - openBrowser(""): Browser is opened with url: ''

2019-04-16 13:01:44 - [MESSAGE][INFO] - Starting 'Chrome' driver

2019-04-16 13:01:47 - [MESSAGE][PASSED] - Browser is opened with url: ''

2019-04-16 13:01:47 - [TEST_STEP][PASSED] - navigateToUrl("http://admin-chiragh.surge.sh/"): Navigate to 'http://admin-chiragh.surge.sh/' successfully

2019-04-16 13:02:11 - [MESSAGE][PASSED] - Navigate to 'http://admin-chiragh.surge.sh/' successfully

2019-04-16 13:02:11 - [TEST_STEP][PASSED] - maximizeWindow(): Current window maximized

2019-04-16 13:02:12 - [MESSAGE][PASSED] - Current window maximized

2019-04-16 13:02:12 - [TEST_STEP][PASSED] - waitForPageLoad(8): Wait for page load successfully

2019-04-16 13:02:12 - [MESSAGE][PASSED] - Wait for page load successfully

2019-04-16 13:02:12 - [TEST_STEP][PASSED] - click(findTestObject("Object Repository/verification hod/archived leads tab/Page_Chiragh.com Admin/div_Username")): Object: 'Object Repository/verification hod/archived leads tab/Page_Chiragh.com Admin/div_Username' is clicked on

2019-04-16 13:02:12 - [MESSAGE][PASSED] - Object: 'Object Repository/verification hod/archived leads tab/Page_Chiragh.com Admin/div_Username' is clicked on

2019-04-16 13:02:12 - [TEST_STEP][PASSED] - setText(findTestObject("Object Repository/verification hod/archived leads tab/Page_Chiragh.com Admin/input_Admin Panel_userName"), "arsalankhalid"): Text 'arsalankhalid' is set on object 'Object Repository/verification hod/archived leads tab/Page_Chiragh.com Admin/input_Admin Panel_userName'

2019-04-16 13:02:12 - [MESSAGE][PASSED] - Text 'arsalankhalid' is set on object 'Object Repository/verification hod/archived leads tab/Page_Chiragh.com Admin/input_Admin Panel_userName'

2019-04-16 13:02:12 - [TEST_STEP][PASSED] - click(findTestObject("Object Repository/verification hod/archived leads tab/Page_Chiragh.com Admin/div_Password")): Object: 'Object Repository/verification hod/archived leads tab/Page_Chiragh.com Admin/div_Password' is clicked on

2019-04-16 13:02:12 - [MESSAGE][PASSED] - Object: 'Object Repository/verification hod/archived leads tab/Page_Chiragh.com Admin/div_Password' is clicked on

2019-04-16 13:02:12 - [TEST_STEP][PASSED] - setEncryptedText(findTestObject("Object Repository/verification hod/archived leads tab/Page_Chiragh.com Admin/input_Username_password"), "RigbBhfdqODKcAsiUrg+1Q=="): Text ****** has been set on object 'Object Repository/verification hod/archived leads tab/Page_Chiragh.com Admin/input_Username_password'

2019-04-16 13:02:13 - [MESSAGE][PASSED] - Text ****** has been set on object 'Object Repository/verification hod/archived leads tab/Page_Chiragh.com Admin/input_Username_password'

2019-04-16 13:02:13 - [TEST_STEP][PASSED] - doubleClick(findTestObject("Object Repository/verification hod/archived leads tab/Page_Chiragh.com Admin/span_Login")): Object: 'Object Repository/verification hod/archived leads tab/Page_Chiragh.com Admin/span_Login' is double clicked on

2019-04-16 13:02:13 - [MESSAGE][PASSED] - Object: 'Object Repository/verification hod/archived leads tab/Page_Chiragh.com Admin/span_Login' is double clicked on

2019-04-16 13:02:13 - [TEST_STEP][PASSED] - click(findTestObject("Object Repository/verification hod/archived leads tab/Page_Chiragh.com Admin/a_Archived Leads")): Object: 'Object Repository/verification hod/archived leads tab/Page_Chiragh.com Admin/a_Archived Leads' is clicked on

2019-04-16 13:02:21 - [MESSAGE][PASSED] - Object: 'Object Repository/verification hod/archived leads tab/Page_Chiragh.com Admin/a_Archived Leads' is clicked on

2019-04-16 13:02:21 - [TEST_STEP][PASSED] - delay(10): Delayed 10 second(s)

2019-04-16 13:02:31 - [MESSAGE][PASSED] - Delayed 10 second(s)

2019-04-16 13:02:31 - [TEST_STEP][PASSED] - if (verifyElementPresent(findTestObject("Object Repository/verification hod/archived leads tab/Page_Chiragh.com Admin/th_Assignee"), 4) && verifyElementPresent(findTestObject("Object Repository/verification hod/archived leads tab/Page_Chiragh.com Admin/span_archived"), 4)): Browser is closed

2019-04-16 13:02:34 - [MESSAGE][PASSED] - Object 'Object Repository/verification hod/archived leads tab/Page_Chiragh.com Admin/th_Assignee' is present

2019-04-16 13:02:34 - [MESSAGE][PASSED] - Object 'Object Repository/verification hod/archived leads tab/Page_Chiragh.com Admin/span_archived' is present

2019-04-16 13:02:34 - [TEST_STEP][PASSED] - closeBrowser(): Browser is closed

2019-04-16 13:02:35 - [MESSAGE][PASSED] - Browser is closed]]></system-out>
         <system-err><![CDATA[]]></system-err>
      </testcase>
      <testcase name="Test Cases/verification hod/seller/In process tab" classname="Test Cases/verification hod/seller/In process tab" status="PASSED">
         <system-out><![CDATA[2019-04-16 13:02:35 - [TEST_CASE][PASSED] - Test Cases/verification hod/seller/In process tab: Test Cases/verification hod/seller/In process tab

2019-04-16 13:02:35 - [TEST_STEP][PASSED] - openBrowser(""): Browser is opened with url: ''

2019-04-16 13:02:35 - [MESSAGE][INFO] - Starting 'Chrome' driver

2019-04-16 13:02:38 - [MESSAGE][PASSED] - Browser is opened with url: ''

2019-04-16 13:02:38 - [TEST_STEP][PASSED] - navigateToUrl("http://admin-chiragh.surge.sh/"): Navigate to 'http://admin-chiragh.surge.sh/' successfully

2019-04-16 13:02:49 - [MESSAGE][PASSED] - Navigate to 'http://admin-chiragh.surge.sh/' successfully

2019-04-16 13:02:49 - [TEST_STEP][PASSED] - maximizeWindow(): Current window maximized

2019-04-16 13:02:50 - [MESSAGE][PASSED] - Current window maximized

2019-04-16 13:02:50 - [TEST_STEP][PASSED] - waitForPageLoad(8): Wait for page load successfully

2019-04-16 13:02:50 - [MESSAGE][PASSED] - Wait for page load successfully

2019-04-16 13:02:50 - [TEST_STEP][PASSED] - setText(findTestObject("Object Repository/verification hod/in process tab/Page_Chiragh.com Admin/input_Admin Panel_userName"), "arsalankhalid"): Text 'arsalankhalid' is set on object 'Object Repository/verification hod/in process tab/Page_Chiragh.com Admin/input_Admin Panel_userName'

2019-04-16 13:02:50 - [MESSAGE][PASSED] - Text 'arsalankhalid' is set on object 'Object Repository/verification hod/in process tab/Page_Chiragh.com Admin/input_Admin Panel_userName'

2019-04-16 13:02:50 - [TEST_STEP][PASSED] - click(findTestObject("Object Repository/verification hod/in process tab/Page_Chiragh.com Admin/div_Password")): Object: 'Object Repository/verification hod/in process tab/Page_Chiragh.com Admin/div_Password' is clicked on

2019-04-16 13:02:50 - [MESSAGE][PASSED] - Object: 'Object Repository/verification hod/in process tab/Page_Chiragh.com Admin/div_Password' is clicked on

2019-04-16 13:02:50 - [TEST_STEP][PASSED] - setEncryptedText(findTestObject("Object Repository/verification hod/in process tab/Page_Chiragh.com Admin/input_Username_password"), "RigbBhfdqODKcAsiUrg+1Q=="): Text ****** has been set on object 'Object Repository/verification hod/in process tab/Page_Chiragh.com Admin/input_Username_password'

2019-04-16 13:02:50 - [MESSAGE][PASSED] - Text ****** has been set on object 'Object Repository/verification hod/in process tab/Page_Chiragh.com Admin/input_Username_password'

2019-04-16 13:02:50 - [TEST_STEP][PASSED] - click(findTestObject("Object Repository/verification hod/in process tab/Page_Chiragh.com Admin/button_Login")): Object: 'Object Repository/verification hod/in process tab/Page_Chiragh.com Admin/button_Login' is clicked on

2019-04-16 13:02:51 - [MESSAGE][PASSED] - Object: 'Object Repository/verification hod/in process tab/Page_Chiragh.com Admin/button_Login' is clicked on

2019-04-16 13:02:51 - [TEST_STEP][PASSED] - click(findTestObject("Object Repository/verification hod/in process tab/Page_Chiragh.com Admin/a_In Process")): Object: 'Object Repository/verification hod/in process tab/Page_Chiragh.com Admin/a_In Process' is clicked on

2019-04-16 13:02:57 - [MESSAGE][PASSED] - Object: 'Object Repository/verification hod/in process tab/Page_Chiragh.com Admin/a_In Process' is clicked on

2019-04-16 13:02:57 - [TEST_STEP][PASSED] - delay(10): Delayed 10 second(s)

2019-04-16 13:03:07 - [MESSAGE][PASSED] - Delayed 10 second(s)

2019-04-16 13:03:07 - [TEST_STEP][PASSED] - if (verifyElementPresent(findTestObject("Object Repository/verification hod/in process tab/Page_Chiragh.com Admin/th_Assignee"), 4) && verifyElementPresent(findTestObject("Object Repository/verification hod/in process tab/Page_Chiragh.com Admin/span_in process"), 4)): Browser is closed

2019-04-16 13:03:07 - [MESSAGE][PASSED] - Object 'Object Repository/verification hod/in process tab/Page_Chiragh.com Admin/th_Assignee' is present

2019-04-16 13:03:07 - [MESSAGE][PASSED] - Object 'Object Repository/verification hod/in process tab/Page_Chiragh.com Admin/span_in process' is present

2019-04-16 13:03:07 - [TEST_STEP][PASSED] - closeBrowser(): Browser is closed

2019-04-16 13:03:08 - [MESSAGE][PASSED] - Browser is closed]]></system-out>
         <system-err><![CDATA[]]></system-err>
      </testcase>
      <testcase name="Test Cases/verification hod/seller/mortgage document" classname="Test Cases/verification hod/seller/mortgage document" status="FAILED">
         <failure type="FAILED" message="Test Cases/verification hod/seller/mortgage document FAILED.
Reason:
com.kms.katalon.core.exception.StepFailedException: Unable to verify object 'Object Repository/verification hod/mortgage documents/Page_Chiragh.com Admin/div_Mortgage StatusYes' is present (Root cause: com.kms.katalon.core.exception.StepFailedException: com.kms.katalon.core.webui.exception.WebElementNotFoundException: Web element with id: 'Object Repository/verification hod/mortgage documents/Page_Chiragh.com Admin/div_Mortgage StatusYes' located by 'By.xpath: //mat-tab-body[@id='mat-tab-content-0-3']/div/app-mortgage/div/div[2]/div/div' not found)
	at com.kms.katalon.core.keyword.internal.KeywordMain.stepFailed(KeywordMain.groovy:36)
	at com.kms.katalon.core.webui.keyword.internal.WebUIKeywordMain.stepFailed(WebUIKeywordMain.groovy:65)
	at com.kms.katalon.core.webui.keyword.internal.WebUIKeywordMain.runKeyword(WebUIKeywordMain.groovy:27)
	at com.kms.katalon.core.webui.keyword.builtin.VerifyElementPresentKeyword.verifyElementPresent(VerifyElementPresentKeyword.groovy:92)
	at com.kms.katalon.core.webui.keyword.builtin.VerifyElementPresentKeyword.execute(VerifyElementPresentKeyword.groovy:68)
	at com.kms.katalon.core.keyword.internal.KeywordExecutor.executeKeywordForPlatform(KeywordExecutor.groovy:53)
	at com.kms.katalon.core.webui.keyword.WebUiBuiltInKeywords.verifyElementPresent(WebUiBuiltInKeywords.groovy:1434)
	at com.kms.katalon.core.webui.keyword.WebUiBuiltInKeywords$verifyElementPresent$6.call(Unknown Source)
	at mortgage document.run(mortgage document:44)
	at com.kms.katalon.core.main.ScriptEngine.run(ScriptEngine.java:194)
	at com.kms.katalon.core.main.ScriptEngine.runScriptAsRawText(ScriptEngine.java:119)
	at com.kms.katalon.core.main.TestCaseExecutor.runScript(TestCaseExecutor.java:328)
	at com.kms.katalon.core.main.TestCaseExecutor.doExecute(TestCaseExecutor.java:319)
	at com.kms.katalon.core.main.TestCaseExecutor.processExecutionPhase(TestCaseExecutor.java:298)
	at com.kms.katalon.core.main.TestCaseExecutor.accessMainPhase(TestCaseExecutor.java:290)
	at com.kms.katalon.core.main.TestCaseExecutor.execute(TestCaseExecutor.java:224)
	at com.kms.katalon.core.main.TestSuiteExecutor.accessTestCaseMainPhase(TestSuiteExecutor.java:129)
	at com.kms.katalon.core.main.TestSuiteExecutor.accessTestSuiteMainPhase(TestSuiteExecutor.java:112)
	at com.kms.katalon.core.main.TestSuiteExecutor.execute(TestSuiteExecutor.java:81)
	at com.kms.katalon.core.main.TestCaseMain.startTestSuite(TestCaseMain.java:149)
	at com.kms.katalon.core.main.TestCaseMain$startTestSuite$0.call(Unknown Source)
	at TempTestSuite1555400048988.run(TempTestSuite1555400048988.groovy:36)
"/>
         <system-out><![CDATA[2019-04-16 13:03:08 - [TEST_CASE][FAILED] - Test Cases/verification hod/seller/mortgage document: Test Cases/verification hod/seller/mortgage document FAILED.
Reason:
com.kms.katalon.core.exception.StepFailedException: Unable to verify object 'Object Repository/verification hod/mortgage documents/Page_Chiragh.com Admin/div_Mortgage StatusYes' is present (Root cause: com.kms.katalon.core.exception.StepFailedException: com.kms.katalon.core.webui.exception.WebElementNotFoundException: Web element with id: 'Object Repository/verification hod/mortgage documents/Page_Chiragh.com Admin/div_Mortgage StatusYes' located by 'By.xpath: //mat-tab-body[@id='mat-tab-content-0-3']/div/app-mortgage/div/div[2]/div/div' not found)
	at com.kms.katalon.core.keyword.internal.KeywordMain.stepFailed(KeywordMain.groovy:36)
	at com.kms.katalon.core.webui.keyword.internal.WebUIKeywordMain.stepFailed(WebUIKeywordMain.groovy:65)
	at com.kms.katalon.core.webui.keyword.internal.WebUIKeywordMain.runKeyword(WebUIKeywordMain.groovy:27)
	at com.kms.katalon.core.webui.keyword.builtin.VerifyElementPresentKeyword.verifyElementPresent(VerifyElementPresentKeyword.groovy:92)
	at com.kms.katalon.core.webui.keyword.builtin.VerifyElementPresentKeyword.execute(VerifyElementPresentKeyword.groovy:68)
	at com.kms.katalon.core.keyword.internal.KeywordExecutor.executeKeywordForPlatform(KeywordExecutor.groovy:53)
	at com.kms.katalon.core.webui.keyword.WebUiBuiltInKeywords.verifyElementPresent(WebUiBuiltInKeywords.groovy:1434)
	at com.kms.katalon.core.webui.keyword.WebUiBuiltInKeywords$verifyElementPresent$6.call(Unknown Source)
	at mortgage document.run(mortgage document:44)
	at com.kms.katalon.core.main.ScriptEngine.run(ScriptEngine.java:194)
	at com.kms.katalon.core.main.ScriptEngine.runScriptAsRawText(ScriptEngine.java:119)
	at com.kms.katalon.core.main.TestCaseExecutor.runScript(TestCaseExecutor.java:328)
	at com.kms.katalon.core.main.TestCaseExecutor.doExecute(TestCaseExecutor.java:319)
	at com.kms.katalon.core.main.TestCaseExecutor.processExecutionPhase(TestCaseExecutor.java:298)
	at com.kms.katalon.core.main.TestCaseExecutor.accessMainPhase(TestCaseExecutor.java:290)
	at com.kms.katalon.core.main.TestCaseExecutor.execute(TestCaseExecutor.java:224)
	at com.kms.katalon.core.main.TestSuiteExecutor.accessTestCaseMainPhase(TestSuiteExecutor.java:129)
	at com.kms.katalon.core.main.TestSuiteExecutor.accessTestSuiteMainPhase(TestSuiteExecutor.java:112)
	at com.kms.katalon.core.main.TestSuiteExecutor.execute(TestSuiteExecutor.java:81)
	at com.kms.katalon.core.main.TestCaseMain.startTestSuite(TestCaseMain.java:149)
	at com.kms.katalon.core.main.TestCaseMain$startTestSuite$0.call(Unknown Source)
	at TempTestSuite1555400048988.run(TempTestSuite1555400048988.groovy:36)


2019-04-16 13:03:09 - [TEST_STEP][PASSED] - openBrowser(""): Browser is opened with url: ''

2019-04-16 13:03:09 - [MESSAGE][INFO] - Starting 'Chrome' driver

2019-04-16 13:03:11 - [MESSAGE][PASSED] - Browser is opened with url: ''

2019-04-16 13:03:11 - [TEST_STEP][PASSED] - navigateToUrl(url): Navigate to 'http://admin-chiragh.surge.sh' successfully

2019-04-16 13:03:34 - [MESSAGE][PASSED] - Navigate to 'http://admin-chiragh.surge.sh' successfully

2019-04-16 13:03:34 - [TEST_STEP][PASSED] - maximizeWindow(): Current window maximized

2019-04-16 13:03:36 - [MESSAGE][PASSED] - Current window maximized

2019-04-16 13:03:36 - [TEST_STEP][PASSED] - waitForPageLoad(8): Wait for page load successfully

2019-04-16 13:03:36 - [MESSAGE][PASSED] - Wait for page load successfully

2019-04-16 13:03:36 - [TEST_STEP][PASSED] - click(findTestObject("Object Repository/verification hod/property details present/Page_Chiragh.com Admin/form_Admin PanelUsernamePasswo")): Object: 'Object Repository/verification hod/property details present/Page_Chiragh.com Admin/form_Admin PanelUsernamePasswo' is clicked on

2019-04-16 13:03:36 - [MESSAGE][PASSED] - Object: 'Object Repository/verification hod/property details present/Page_Chiragh.com Admin/form_Admin PanelUsernamePasswo' is clicked on

2019-04-16 13:03:36 - [TEST_STEP][PASSED] - click(findTestObject("Object Repository/verification hod/property details present/Page_Chiragh.com Admin/div_Username")): Object: 'Object Repository/verification hod/property details present/Page_Chiragh.com Admin/div_Username' is clicked on

2019-04-16 13:03:36 - [MESSAGE][PASSED] - Object: 'Object Repository/verification hod/property details present/Page_Chiragh.com Admin/div_Username' is clicked on

2019-04-16 13:03:36 - [TEST_STEP][PASSED] - setText(findTestObject("Object Repository/verification hod/property details present/Page_Chiragh.com Admin/input_Admin Panel_userName"), "arsalankhalid"): Text 'arsalankhalid' is set on object 'Object Repository/verification hod/property details present/Page_Chiragh.com Admin/input_Admin Panel_userName'

2019-04-16 13:03:36 - [MESSAGE][PASSED] - Text 'arsalankhalid' is set on object 'Object Repository/verification hod/property details present/Page_Chiragh.com Admin/input_Admin Panel_userName'

2019-04-16 13:03:36 - [TEST_STEP][PASSED] - setEncryptedText(findTestObject("Object Repository/verification hod/property details present/Page_Chiragh.com Admin/input_Username_password"), "RigbBhfdqODKcAsiUrg+1Q=="): Text ****** has been set on object 'Object Repository/verification hod/property details present/Page_Chiragh.com Admin/input_Username_password'

2019-04-16 13:03:36 - [MESSAGE][PASSED] - Text ****** has been set on object 'Object Repository/verification hod/property details present/Page_Chiragh.com Admin/input_Username_password'

2019-04-16 13:03:36 - [TEST_STEP][PASSED] - click(findTestObject("Object Repository/verification hod/property details present/Page_Chiragh.com Admin/button_Login")): Object: 'Object Repository/verification hod/property details present/Page_Chiragh.com Admin/button_Login' is clicked on

2019-04-16 13:03:36 - [MESSAGE][PASSED] - Object: 'Object Repository/verification hod/property details present/Page_Chiragh.com Admin/button_Login' is clicked on

2019-04-16 13:03:36 - [TEST_STEP][PASSED] - click(findTestObject("Object Repository/verification hod/property details present/Page_Chiragh.com Admin/a_In Process")): Object: 'Object Repository/verification hod/property details present/Page_Chiragh.com Admin/a_In Process' is clicked on

2019-04-16 13:03:44 - [MESSAGE][PASSED] - Object: 'Object Repository/verification hod/property details present/Page_Chiragh.com Admin/a_In Process' is clicked on

2019-04-16 13:03:44 - [TEST_STEP][PASSED] - click(findTestObject("Object Repository/verification hod/property details present/Page_Chiragh.com Admin/a_Murazik Manors 6 Beds Villa")): Object: 'Object Repository/verification hod/property details present/Page_Chiragh.com Admin/a_Murazik Manors 6 Beds Villa' is clicked on

2019-04-16 13:03:57 - [MESSAGE][PASSED] - Object: 'Object Repository/verification hod/property details present/Page_Chiragh.com Admin/a_Murazik Manors 6 Beds Villa' is clicked on

2019-04-16 13:03:57 - [TEST_STEP][PASSED] - delay(5): Delayed 5 second(s)

2019-04-16 13:04:02 - [MESSAGE][PASSED] - Delayed 5 second(s)

2019-04-16 13:04:02 - [TEST_STEP][PASSED] - doubleClick(findTestObject("Object Repository/verification hod/mortgage documents/Page_Chiragh.com Admin/div_Mortgage")): Object: 'Object Repository/verification hod/mortgage documents/Page_Chiragh.com Admin/div_Mortgage' is double clicked on

2019-04-16 13:04:03 - [MESSAGE][PASSED] - Object: 'Object Repository/verification hod/mortgage documents/Page_Chiragh.com Admin/div_Mortgage' is double clicked on

2019-04-16 13:04:03 - [TEST_STEP][FAILED] - if (verifyElementPresent(findTestObject("Object Repository/verification hod/mortgage documents/Page_Chiragh.com Admin/div_Mortgage StatusYes"), 4)): if (verifyElementPresent(findTestObject("Object Repository/verification hod/mortgage documents/Page_Chiragh.com Admin/div_Mortgage StatusYes"), 4)) FAILED.
Reason:
com.kms.katalon.core.exception.StepFailedException: Unable to verify object 'Object Repository/verification hod/mortgage documents/Page_Chiragh.com Admin/div_Mortgage StatusYes' is present (Root cause: com.kms.katalon.core.exception.StepFailedException: com.kms.katalon.core.webui.exception.WebElementNotFoundException: Web element with id: 'Object Repository/verification hod/mortgage documents/Page_Chiragh.com Admin/div_Mortgage StatusYes' located by 'By.xpath: //mat-tab-body[@id='mat-tab-content-0-3']/div/app-mortgage/div/div[2]/div/div' not found)
	at com.kms.katalon.core.keyword.internal.KeywordMain.stepFailed(KeywordMain.groovy:36)
	at com.kms.katalon.core.webui.keyword.internal.WebUIKeywordMain.stepFailed(WebUIKeywordMain.groovy:65)
	at com.kms.katalon.core.webui.keyword.internal.WebUIKeywordMain.runKeyword(WebUIKeywordMain.groovy:27)
	at com.kms.katalon.core.webui.keyword.builtin.VerifyElementPresentKeyword.verifyElementPresent(VerifyElementPresentKeyword.groovy:92)
	at com.kms.katalon.core.webui.keyword.builtin.VerifyElementPresentKeyword.execute(VerifyElementPresentKeyword.groovy:68)
	at com.kms.katalon.core.keyword.internal.KeywordExecutor.executeKeywordForPlatform(KeywordExecutor.groovy:53)
	at com.kms.katalon.core.webui.keyword.WebUiBuiltInKeywords.verifyElementPresent(WebUiBuiltInKeywords.groovy:1434)
	at com.kms.katalon.core.webui.keyword.WebUiBuiltInKeywords$verifyElementPresent$6.call(Unknown Source)
	at mortgage document.run(mortgage document:44)
	at com.kms.katalon.core.main.ScriptEngine.run(ScriptEngine.java:194)
	at com.kms.katalon.core.main.ScriptEngine.runScriptAsRawText(ScriptEngine.java:119)
	at com.kms.katalon.core.main.TestCaseExecutor.runScript(TestCaseExecutor.java:328)
	at com.kms.katalon.core.main.TestCaseExecutor.doExecute(TestCaseExecutor.java:319)
	at com.kms.katalon.core.main.TestCaseExecutor.processExecutionPhase(TestCaseExecutor.java:298)
	at com.kms.katalon.core.main.TestCaseExecutor.accessMainPhase(TestCaseExecutor.java:290)
	at com.kms.katalon.core.main.TestCaseExecutor.execute(TestCaseExecutor.java:224)
	at com.kms.katalon.core.main.TestSuiteExecutor.accessTestCaseMainPhase(TestSuiteExecutor.java:129)
	at com.kms.katalon.core.main.TestSuiteExecutor.accessTestSuiteMainPhase(TestSuiteExecutor.java:112)
	at com.kms.katalon.core.main.TestSuiteExecutor.execute(TestSuiteExecutor.java:81)
	at com.kms.katalon.core.main.TestCaseMain.startTestSuite(TestCaseMain.java:149)
	at com.kms.katalon.core.main.TestCaseMain$startTestSuite$0.call(Unknown Source)
	at TempTestSuite1555400048988.run(TempTestSuite1555400048988.groovy:36)


2019-04-16 13:04:07 - [MESSAGE][INFO] - Unable to find the element located by 'By.xpath: //mat-tab-body[@id='mat-tab-content-0-3']/div/app-mortgage/div/div[2]/div/div'. Please recheck the objects properties to make sure the desired element is located. 

2019-04-16 13:04:08 - [MESSAGE][FAILED] - com.kms.katalon.core.webui.exception.WebElementNotFoundException: Web element with id: 'Object Repository/verification hod/mortgage documents/Page_Chiragh.com Admin/div_Mortgage StatusYes' located by 'By.xpath: //mat-tab-body[@id='mat-tab-content-0-3']/div/app-mortgage/div/div[2]/div/div' not found
[[ATTACHMENT|C:\\Users\\HP\\git\\chiraghAdminPanel\\Reports\\AdminTests\\20190416_123408\\1555401847829.png]]

2019-04-16 13:04:08 - [MESSAGE][FAILED] - Unable to verify object 'Object Repository/verification hod/mortgage documents/Page_Chiragh.com Admin/div_Mortgage StatusYes' is present (Root cause: com.kms.katalon.core.exception.StepFailedException: com.kms.katalon.core.webui.exception.WebElementNotFoundException: Web element with id: 'Object Repository/verification hod/mortgage documents/Page_Chiragh.com Admin/div_Mortgage StatusYes' located by 'By.xpath: //mat-tab-body[@id='mat-tab-content-0-3']/div/app-mortgage/div/div[2]/div/div' not found)
[[ATTACHMENT|C:\\Users\\HP\\git\\chiraghAdminPanel\\Reports\\AdminTests\\20190416_123408\\1555401848290.png]]

2019-04-16 13:04:08 - [MESSAGE][FAILED] - if (verifyElementPresent(findTestObject("Object Repository/verification hod/mortgage documents/Page_Chiragh.com Admin/div_Mortgage StatusYes"), 4)) FAILED.
Reason:
com.kms.katalon.core.exception.StepFailedException: Unable to verify object 'Object Repository/verification hod/mortgage documents/Page_Chiragh.com Admin/div_Mortgage StatusYes' is present (Root cause: com.kms.katalon.core.exception.StepFailedException: com.kms.katalon.core.webui.exception.WebElementNotFoundException: Web element with id: 'Object Repository/verification hod/mortgage documents/Page_Chiragh.com Admin/div_Mortgage StatusYes' located by 'By.xpath: //mat-tab-body[@id='mat-tab-content-0-3']/div/app-mortgage/div/div[2]/div/div' not found)
	at com.kms.katalon.core.keyword.internal.KeywordMain.stepFailed(KeywordMain.groovy:36)
	at com.kms.katalon.core.webui.keyword.internal.WebUIKeywordMain.stepFailed(WebUIKeywordMain.groovy:65)
	at com.kms.katalon.core.webui.keyword.internal.WebUIKeywordMain.runKeyword(WebUIKeywordMain.groovy:27)
	at com.kms.katalon.core.webui.keyword.builtin.VerifyElementPresentKeyword.verifyElementPresent(VerifyElementPresentKeyword.groovy:92)
	at com.kms.katalon.core.webui.keyword.builtin.VerifyElementPresentKeyword.execute(VerifyElementPresentKeyword.groovy:68)
	at com.kms.katalon.core.keyword.internal.KeywordExecutor.executeKeywordForPlatform(KeywordExecutor.groovy:53)
	at com.kms.katalon.core.webui.keyword.WebUiBuiltInKeywords.verifyElementPresent(WebUiBuiltInKeywords.groovy:1434)
	at com.kms.katalon.core.webui.keyword.WebUiBuiltInKeywords$verifyElementPresent$6.call(Unknown Source)
	at mortgage document.run(mortgage document:44)
	at com.kms.katalon.core.main.ScriptEngine.run(ScriptEngine.java:194)
	at com.kms.katalon.core.main.ScriptEngine.runScriptAsRawText(ScriptEngine.java:119)
	at com.kms.katalon.core.main.TestCaseExecutor.runScript(TestCaseExecutor.java:328)
	at com.kms.katalon.core.main.TestCaseExecutor.doExecute(TestCaseExecutor.java:319)
	at com.kms.katalon.core.main.TestCaseExecutor.processExecutionPhase(TestCaseExecutor.java:298)
	at com.kms.katalon.core.main.TestCaseExecutor.accessMainPhase(TestCaseExecutor.java:290)
	at com.kms.katalon.core.main.TestCaseExecutor.execute(TestCaseExecutor.java:224)
	at com.kms.katalon.core.main.TestSuiteExecutor.accessTestCaseMainPhase(TestSuiteExecutor.java:129)
	at com.kms.katalon.core.main.TestSuiteExecutor.accessTestSuiteMainPhase(TestSuiteExecutor.java:112)
	at com.kms.katalon.core.main.TestSuiteExecutor.execute(TestSuiteExecutor.java:81)
	at com.kms.katalon.core.main.TestCaseMain.startTestSuite(TestCaseMain.java:149)
	at com.kms.katalon.core.main.TestCaseMain$startTestSuite$0.call(Unknown Source)
	at TempTestSuite1555400048988.run(TempTestSuite1555400048988.groovy:36)]]></system-out>
         <system-err><![CDATA[2019-04-16 13:03:08 - [TEST_CASE][FAILED] - Test Cases/verification hod/seller/mortgage document: Test Cases/verification hod/seller/mortgage document FAILED.
Reason:
com.kms.katalon.core.exception.StepFailedException: Unable to verify object 'Object Repository/verification hod/mortgage documents/Page_Chiragh.com Admin/div_Mortgage StatusYes' is present (Root cause: com.kms.katalon.core.exception.StepFailedException: com.kms.katalon.core.webui.exception.WebElementNotFoundException: Web element with id: 'Object Repository/verification hod/mortgage documents/Page_Chiragh.com Admin/div_Mortgage StatusYes' located by 'By.xpath: //mat-tab-body[@id='mat-tab-content-0-3']/div/app-mortgage/div/div[2]/div/div' not found)
	at com.kms.katalon.core.keyword.internal.KeywordMain.stepFailed(KeywordMain.groovy:36)
	at com.kms.katalon.core.webui.keyword.internal.WebUIKeywordMain.stepFailed(WebUIKeywordMain.groovy:65)
	at com.kms.katalon.core.webui.keyword.internal.WebUIKeywordMain.runKeyword(WebUIKeywordMain.groovy:27)
	at com.kms.katalon.core.webui.keyword.builtin.VerifyElementPresentKeyword.verifyElementPresent(VerifyElementPresentKeyword.groovy:92)
	at com.kms.katalon.core.webui.keyword.builtin.VerifyElementPresentKeyword.execute(VerifyElementPresentKeyword.groovy:68)
	at com.kms.katalon.core.keyword.internal.KeywordExecutor.executeKeywordForPlatform(KeywordExecutor.groovy:53)
	at com.kms.katalon.core.webui.keyword.WebUiBuiltInKeywords.verifyElementPresent(WebUiBuiltInKeywords.groovy:1434)
	at com.kms.katalon.core.webui.keyword.WebUiBuiltInKeywords$verifyElementPresent$6.call(Unknown Source)
	at mortgage document.run(mortgage document:44)
	at com.kms.katalon.core.main.ScriptEngine.run(ScriptEngine.java:194)
	at com.kms.katalon.core.main.ScriptEngine.runScriptAsRawText(ScriptEngine.java:119)
	at com.kms.katalon.core.main.TestCaseExecutor.runScript(TestCaseExecutor.java:328)
	at com.kms.katalon.core.main.TestCaseExecutor.doExecute(TestCaseExecutor.java:319)
	at com.kms.katalon.core.main.TestCaseExecutor.processExecutionPhase(TestCaseExecutor.java:298)
	at com.kms.katalon.core.main.TestCaseExecutor.accessMainPhase(TestCaseExecutor.java:290)
	at com.kms.katalon.core.main.TestCaseExecutor.execute(TestCaseExecutor.java:224)
	at com.kms.katalon.core.main.TestSuiteExecutor.accessTestCaseMainPhase(TestSuiteExecutor.java:129)
	at com.kms.katalon.core.main.TestSuiteExecutor.accessTestSuiteMainPhase(TestSuiteExecutor.java:112)
	at com.kms.katalon.core.main.TestSuiteExecutor.execute(TestSuiteExecutor.java:81)
	at com.kms.katalon.core.main.TestCaseMain.startTestSuite(TestCaseMain.java:149)
	at com.kms.katalon.core.main.TestCaseMain$startTestSuite$0.call(Unknown Source)
	at TempTestSuite1555400048988.run(TempTestSuite1555400048988.groovy:36)]]></system-err>
      </testcase>
      <testcase name="Test Cases/verification hod/seller/new leads tab" classname="Test Cases/verification hod/seller/new leads tab" status="PASSED">
         <system-out><![CDATA[2019-04-16 13:04:08 - [TEST_CASE][PASSED] - Test Cases/verification hod/seller/new leads tab: Test Cases/verification hod/seller/new leads tab

2019-04-16 13:04:08 - [TEST_STEP][PASSED] - openBrowser(""): Browser is opened with url: ''

2019-04-16 13:04:08 - [MESSAGE][WARNING] - A browser is already opened. Closing browser and opening a new one

2019-04-16 13:04:09 - [MESSAGE][INFO] - Starting 'Chrome' driver

2019-04-16 13:04:12 - [MESSAGE][PASSED] - Browser is opened with url: ''

2019-04-16 13:04:12 - [TEST_STEP][PASSED] - navigateToUrl(url): Navigate to 'http://admin-chiragh.surge.sh' successfully

2019-04-16 13:04:35 - [MESSAGE][PASSED] - Navigate to 'http://admin-chiragh.surge.sh' successfully

2019-04-16 13:04:35 - [TEST_STEP][PASSED] - maximizeWindow(): Current window maximized

2019-04-16 13:04:36 - [MESSAGE][PASSED] - Current window maximized

2019-04-16 13:04:36 - [TEST_STEP][PASSED] - waitForPageLoad(8): Wait for page load successfully

2019-04-16 13:04:36 - [MESSAGE][PASSED] - Wait for page load successfully

2019-04-16 13:04:36 - [TEST_STEP][PASSED] - setText(findTestObject("Object Repository/verification hod/new leads tab/Page_Chiragh.com Admin/input_Admin Panel_userName"), "arsalankhalid"): Text 'arsalankhalid' is set on object 'Object Repository/verification hod/new leads tab/Page_Chiragh.com Admin/input_Admin Panel_userName'

2019-04-16 13:04:36 - [MESSAGE][PASSED] - Text 'arsalankhalid' is set on object 'Object Repository/verification hod/new leads tab/Page_Chiragh.com Admin/input_Admin Panel_userName'

2019-04-16 13:04:36 - [TEST_STEP][PASSED] - click(findTestObject("Object Repository/verification hod/new leads tab/Page_Chiragh.com Admin/div_Password")): Object: 'Object Repository/verification hod/new leads tab/Page_Chiragh.com Admin/div_Password' is clicked on

2019-04-16 13:04:37 - [MESSAGE][PASSED] - Object: 'Object Repository/verification hod/new leads tab/Page_Chiragh.com Admin/div_Password' is clicked on

2019-04-16 13:04:37 - [TEST_STEP][PASSED] - setEncryptedText(findTestObject("Object Repository/verification hod/new leads tab/Page_Chiragh.com Admin/input_Username_password"), "RigbBhfdqODKcAsiUrg+1Q=="): Text ****** has been set on object 'Object Repository/verification hod/new leads tab/Page_Chiragh.com Admin/input_Username_password'

2019-04-16 13:04:37 - [MESSAGE][PASSED] - Text ****** has been set on object 'Object Repository/verification hod/new leads tab/Page_Chiragh.com Admin/input_Username_password'

2019-04-16 13:04:37 - [TEST_STEP][PASSED] - click(findTestObject("Object Repository/verification hod/new leads tab/Page_Chiragh.com Admin/button_Login")): Object: 'Object Repository/verification hod/new leads tab/Page_Chiragh.com Admin/button_Login' is clicked on

2019-04-16 13:04:37 - [MESSAGE][PASSED] - Object: 'Object Repository/verification hod/new leads tab/Page_Chiragh.com Admin/button_Login' is clicked on

2019-04-16 13:04:37 - [TEST_STEP][PASSED] - waitForPageLoad(8): Wait for page load successfully

2019-04-16 13:04:37 - [MESSAGE][PASSED] - Wait for page load successfully

2019-04-16 13:04:37 - [TEST_STEP][PASSED] - click(findTestObject("Object Repository/verification hod/new leads tab/Page_Chiragh.com Admin/a_New Leads")): Object: 'Object Repository/verification hod/new leads tab/Page_Chiragh.com Admin/a_New Leads' is clicked on

2019-04-16 13:04:43 - [MESSAGE][PASSED] - Object: 'Object Repository/verification hod/new leads tab/Page_Chiragh.com Admin/a_New Leads' is clicked on

2019-04-16 13:04:43 - [TEST_STEP][PASSED] - if (verifyElementPresent(findTestObject("Object Repository/verification hod/new leads tab/Page_Chiragh.com Admin/th_Assign To"), 4) || verifyElementPresent("Object Repository/verification hod/new leads tab/Page_Chiragh.com Admin/h3_This collection is empty..", 4)): Browser is closed

2019-04-16 13:04:47 - [MESSAGE][PASSED] - Object 'Object Repository/verification hod/new leads tab/Page_Chiragh.com Admin/th_Assign To' is present

2019-04-16 13:04:47 - [TEST_STEP][PASSED] - closeBrowser(): Browser is closed

2019-04-16 13:04:48 - [MESSAGE][PASSED] - Browser is closed]]></system-out>
         <system-err><![CDATA[]]></system-err>
      </testcase>
      <testcase name="Test Cases/verification hod/seller/owner documents" classname="Test Cases/verification hod/seller/owner documents" status="PASSED">
         <system-out><![CDATA[2019-04-16 13:04:48 - [TEST_CASE][PASSED] - Test Cases/verification hod/seller/owner documents: Test Cases/verification hod/seller/owner documents

2019-04-16 13:04:48 - [TEST_STEP][PASSED] - openBrowser(""): Browser is opened with url: ''

2019-04-16 13:04:48 - [MESSAGE][INFO] - Starting 'Chrome' driver

2019-04-16 13:04:51 - [MESSAGE][PASSED] - Browser is opened with url: ''

2019-04-16 13:04:51 - [TEST_STEP][PASSED] - navigateToUrl(url): Navigate to 'http://admin-chiragh.surge.sh' successfully

2019-04-16 13:05:06 - [MESSAGE][PASSED] - Navigate to 'http://admin-chiragh.surge.sh' successfully

2019-04-16 13:05:06 - [TEST_STEP][PASSED] - maximizeWindow(): Current window maximized

2019-04-16 13:05:07 - [MESSAGE][PASSED] - Current window maximized

2019-04-16 13:05:07 - [TEST_STEP][PASSED] - waitForPageLoad(8): Wait for page load successfully

2019-04-16 13:05:07 - [MESSAGE][PASSED] - Wait for page load successfully

2019-04-16 13:05:07 - [TEST_STEP][PASSED] - click(findTestObject("Object Repository/verification hod/property details present/Page_Chiragh.com Admin/form_Admin PanelUsernamePasswo")): Object: 'Object Repository/verification hod/property details present/Page_Chiragh.com Admin/form_Admin PanelUsernamePasswo' is clicked on

2019-04-16 13:05:07 - [MESSAGE][PASSED] - Object: 'Object Repository/verification hod/property details present/Page_Chiragh.com Admin/form_Admin PanelUsernamePasswo' is clicked on

2019-04-16 13:05:07 - [TEST_STEP][PASSED] - click(findTestObject("Object Repository/verification hod/property details present/Page_Chiragh.com Admin/div_Username")): Object: 'Object Repository/verification hod/property details present/Page_Chiragh.com Admin/div_Username' is clicked on

2019-04-16 13:05:08 - [MESSAGE][PASSED] - Object: 'Object Repository/verification hod/property details present/Page_Chiragh.com Admin/div_Username' is clicked on

2019-04-16 13:05:08 - [TEST_STEP][PASSED] - setText(findTestObject("Object Repository/verification hod/property details present/Page_Chiragh.com Admin/input_Admin Panel_userName"), "arsalankhalid"): Text 'arsalankhalid' is set on object 'Object Repository/verification hod/property details present/Page_Chiragh.com Admin/input_Admin Panel_userName'

2019-04-16 13:05:08 - [MESSAGE][PASSED] - Text 'arsalankhalid' is set on object 'Object Repository/verification hod/property details present/Page_Chiragh.com Admin/input_Admin Panel_userName'

2019-04-16 13:05:08 - [TEST_STEP][PASSED] - setEncryptedText(findTestObject("Object Repository/verification hod/property details present/Page_Chiragh.com Admin/input_Username_password"), "RigbBhfdqODKcAsiUrg+1Q=="): Text ****** has been set on object 'Object Repository/verification hod/property details present/Page_Chiragh.com Admin/input_Username_password'

2019-04-16 13:05:08 - [MESSAGE][PASSED] - Text ****** has been set on object 'Object Repository/verification hod/property details present/Page_Chiragh.com Admin/input_Username_password'

2019-04-16 13:05:08 - [TEST_STEP][PASSED] - click(findTestObject("Object Repository/verification hod/property details present/Page_Chiragh.com Admin/button_Login")): Object: 'Object Repository/verification hod/property details present/Page_Chiragh.com Admin/button_Login' is clicked on

2019-04-16 13:05:08 - [MESSAGE][PASSED] - Object: 'Object Repository/verification hod/property details present/Page_Chiragh.com Admin/button_Login' is clicked on

2019-04-16 13:05:08 - [TEST_STEP][PASSED] - click(findTestObject("Object Repository/verification hod/property details present/Page_Chiragh.com Admin/a_In Process")): Object: 'Object Repository/verification hod/property details present/Page_Chiragh.com Admin/a_In Process' is clicked on

2019-04-16 13:05:14 - [MESSAGE][PASSED] - Object: 'Object Repository/verification hod/property details present/Page_Chiragh.com Admin/a_In Process' is clicked on

2019-04-16 13:05:14 - [TEST_STEP][PASSED] - click(findTestObject("Object Repository/verification hod/property details present/Page_Chiragh.com Admin/a_Murazik Manors 6 Beds Villa")): Object: 'Object Repository/verification hod/property details present/Page_Chiragh.com Admin/a_Murazik Manors 6 Beds Villa' is clicked on

2019-04-16 13:05:38 - [MESSAGE][PASSED] - Object: 'Object Repository/verification hod/property details present/Page_Chiragh.com Admin/a_Murazik Manors 6 Beds Villa' is clicked on

2019-04-16 13:05:38 - [TEST_STEP][PASSED] - click(findTestObject("Object Repository/verification hod/property details present/Page_Chiragh.com Admin/span_Edwin")): Object: 'Object Repository/verification hod/property details present/Page_Chiragh.com Admin/span_Edwin' is clicked on

2019-04-16 13:05:41 - [MESSAGE][PASSED] - Object: 'Object Repository/verification hod/property details present/Page_Chiragh.com Admin/span_Edwin' is clicked on

2019-04-16 13:05:41 - [TEST_STEP][PASSED] - click(findTestObject("Object Repository/verification hod/property details present/Page_Chiragh.com Admin/span_Last Name")): Object: 'Object Repository/verification hod/property details present/Page_Chiragh.com Admin/span_Last Name' is clicked on

2019-04-16 13:05:41 - [MESSAGE][PASSED] - Object: 'Object Repository/verification hod/property details present/Page_Chiragh.com Admin/span_Last Name' is clicked on

2019-04-16 13:05:41 - [TEST_STEP][PASSED] - click(findTestObject("Object Repository/verification hod/property details present/Page_Chiragh.com Admin/div_Owners")): Object: 'Object Repository/verification hod/property details present/Page_Chiragh.com Admin/div_Owners' is clicked on

2019-04-16 13:05:41 - [MESSAGE][PASSED] - Object: 'Object Repository/verification hod/property details present/Page_Chiragh.com Admin/div_Owners' is clicked on

2019-04-16 13:05:41 - [TEST_STEP][PASSED] - click(findTestObject("Object Repository/verification hod/owner document/Page_Chiragh.com Admin/a_Owner 1 Bradley Jena_attachm")): Object: 'Object Repository/verification hod/owner document/Page_Chiragh.com Admin/a_Owner 1 Bradley Jena_attachm' is clicked on

2019-04-16 13:05:42 - [MESSAGE][PASSED] - Object: 'Object Repository/verification hod/owner document/Page_Chiragh.com Admin/a_Owner 1 Bradley Jena_attachm' is clicked on

2019-04-16 13:05:42 - [TEST_STEP][PASSED] - verifyElementPresent(findTestObject("Object Repository/verification hod/owner document/Page_Chiragh.com Admin/div_Scanned Passport CopyScann"), 4): Object 'Object Repository/verification hod/owner document/Page_Chiragh.com Admin/div_Scanned Passport CopyScann' is present

2019-04-16 13:05:42 - [MESSAGE][PASSED] - Object 'Object Repository/verification hod/owner document/Page_Chiragh.com Admin/div_Scanned Passport CopyScann' is present

2019-04-16 13:05:42 - [TEST_STEP][PASSED] - verifyElementPresent(findTestObject("Object Repository/verification hod/owner document/Page_Chiragh.com Admin/div_Scanned Passport Copy"), 4): Object 'Object Repository/verification hod/owner document/Page_Chiragh.com Admin/div_Scanned Passport Copy' is present

2019-04-16 13:05:42 - [MESSAGE][PASSED] - Object 'Object Repository/verification hod/owner document/Page_Chiragh.com Admin/div_Scanned Passport Copy' is present

2019-04-16 13:05:42 - [TEST_STEP][PASSED] - verifyElementPresent(findTestObject("Object Repository/verification hod/owner document/Page_Chiragh.com Admin/img"), 4): Object 'Object Repository/verification hod/owner document/Page_Chiragh.com Admin/img' is present

2019-04-16 13:05:42 - [MESSAGE][PASSED] - Object 'Object Repository/verification hod/owner document/Page_Chiragh.com Admin/img' is present

2019-04-16 13:05:42 - [TEST_STEP][PASSED] - closeBrowser(): Browser is closed

2019-04-16 13:05:43 - [MESSAGE][PASSED] - Browser is closed]]></system-out>
         <system-err><![CDATA[]]></system-err>
      </testcase>
      <testcase name="Test Cases/verification hod/seller/poa documents" classname="Test Cases/verification hod/seller/poa documents" status="FAILED">
         <failure type="FAILED" message="Test Cases/verification hod/seller/poa documents FAILED.
Reason:
com.kms.katalon.core.exception.StepFailedException: Unable to verify object 'Object Repository/verification hod/property details present/Page_Chiragh.com Admin/span_POA Status' is present (Root cause: com.kms.katalon.core.exception.StepFailedException: com.kms.katalon.core.webui.exception.WebElementNotFoundException: Web element with id: 'Object Repository/verification hod/property details present/Page_Chiragh.com Admin/span_POA Status' located by 'By.xpath: //*[@id=&quot;mat-tab-content-0-1&quot;]/div/app-poas/div/div[2]/div/div[1]/span[2]' not found)
	at com.kms.katalon.core.keyword.internal.KeywordMain.stepFailed(KeywordMain.groovy:36)
	at com.kms.katalon.core.webui.keyword.internal.WebUIKeywordMain.stepFailed(WebUIKeywordMain.groovy:65)
	at com.kms.katalon.core.webui.keyword.internal.WebUIKeywordMain.runKeyword(WebUIKeywordMain.groovy:27)
	at com.kms.katalon.core.webui.keyword.builtin.VerifyElementPresentKeyword.verifyElementPresent(VerifyElementPresentKeyword.groovy:92)
	at com.kms.katalon.core.webui.keyword.builtin.VerifyElementPresentKeyword.execute(VerifyElementPresentKeyword.groovy:68)
	at com.kms.katalon.core.keyword.internal.KeywordExecutor.executeKeywordForPlatform(KeywordExecutor.groovy:53)
	at com.kms.katalon.core.webui.keyword.WebUiBuiltInKeywords.verifyElementPresent(WebUiBuiltInKeywords.groovy:1434)
	at com.kms.katalon.core.webui.keyword.WebUiBuiltInKeywords$verifyElementPresent$6.call(Unknown Source)
	at poa documents.run(poa documents:44)
	at com.kms.katalon.core.main.ScriptEngine.run(ScriptEngine.java:194)
	at com.kms.katalon.core.main.ScriptEngine.runScriptAsRawText(ScriptEngine.java:119)
	at com.kms.katalon.core.main.TestCaseExecutor.runScript(TestCaseExecutor.java:328)
	at com.kms.katalon.core.main.TestCaseExecutor.doExecute(TestCaseExecutor.java:319)
	at com.kms.katalon.core.main.TestCaseExecutor.processExecutionPhase(TestCaseExecutor.java:298)
	at com.kms.katalon.core.main.TestCaseExecutor.accessMainPhase(TestCaseExecutor.java:290)
	at com.kms.katalon.core.main.TestCaseExecutor.execute(TestCaseExecutor.java:224)
	at com.kms.katalon.core.main.TestSuiteExecutor.accessTestCaseMainPhase(TestSuiteExecutor.java:129)
	at com.kms.katalon.core.main.TestSuiteExecutor.accessTestSuiteMainPhase(TestSuiteExecutor.java:112)
	at com.kms.katalon.core.main.TestSuiteExecutor.execute(TestSuiteExecutor.java:81)
	at com.kms.katalon.core.main.TestCaseMain.startTestSuite(TestCaseMain.java:149)
	at com.kms.katalon.core.main.TestCaseMain$startTestSuite$0.call(Unknown Source)
	at TempTestSuite1555400048988.run(TempTestSuite1555400048988.groovy:36)
"/>
         <system-out><![CDATA[2019-04-16 13:05:43 - [TEST_CASE][FAILED] - Test Cases/verification hod/seller/poa documents: Test Cases/verification hod/seller/poa documents FAILED.
Reason:
com.kms.katalon.core.exception.StepFailedException: Unable to verify object 'Object Repository/verification hod/property details present/Page_Chiragh.com Admin/span_POA Status' is present (Root cause: com.kms.katalon.core.exception.StepFailedException: com.kms.katalon.core.webui.exception.WebElementNotFoundException: Web element with id: 'Object Repository/verification hod/property details present/Page_Chiragh.com Admin/span_POA Status' located by 'By.xpath: //*[@id="mat-tab-content-0-1"]/div/app-poas/div/div[2]/div/div[1]/span[2]' not found)
	at com.kms.katalon.core.keyword.internal.KeywordMain.stepFailed(KeywordMain.groovy:36)
	at com.kms.katalon.core.webui.keyword.internal.WebUIKeywordMain.stepFailed(WebUIKeywordMain.groovy:65)
	at com.kms.katalon.core.webui.keyword.internal.WebUIKeywordMain.runKeyword(WebUIKeywordMain.groovy:27)
	at com.kms.katalon.core.webui.keyword.builtin.VerifyElementPresentKeyword.verifyElementPresent(VerifyElementPresentKeyword.groovy:92)
	at com.kms.katalon.core.webui.keyword.builtin.VerifyElementPresentKeyword.execute(VerifyElementPresentKeyword.groovy:68)
	at com.kms.katalon.core.keyword.internal.KeywordExecutor.executeKeywordForPlatform(KeywordExecutor.groovy:53)
	at com.kms.katalon.core.webui.keyword.WebUiBuiltInKeywords.verifyElementPresent(WebUiBuiltInKeywords.groovy:1434)
	at com.kms.katalon.core.webui.keyword.WebUiBuiltInKeywords$verifyElementPresent$6.call(Unknown Source)
	at poa documents.run(poa documents:44)
	at com.kms.katalon.core.main.ScriptEngine.run(ScriptEngine.java:194)
	at com.kms.katalon.core.main.ScriptEngine.runScriptAsRawText(ScriptEngine.java:119)
	at com.kms.katalon.core.main.TestCaseExecutor.runScript(TestCaseExecutor.java:328)
	at com.kms.katalon.core.main.TestCaseExecutor.doExecute(TestCaseExecutor.java:319)
	at com.kms.katalon.core.main.TestCaseExecutor.processExecutionPhase(TestCaseExecutor.java:298)
	at com.kms.katalon.core.main.TestCaseExecutor.accessMainPhase(TestCaseExecutor.java:290)
	at com.kms.katalon.core.main.TestCaseExecutor.execute(TestCaseExecutor.java:224)
	at com.kms.katalon.core.main.TestSuiteExecutor.accessTestCaseMainPhase(TestSuiteExecutor.java:129)
	at com.kms.katalon.core.main.TestSuiteExecutor.accessTestSuiteMainPhase(TestSuiteExecutor.java:112)
	at com.kms.katalon.core.main.TestSuiteExecutor.execute(TestSuiteExecutor.java:81)
	at com.kms.katalon.core.main.TestCaseMain.startTestSuite(TestCaseMain.java:149)
	at com.kms.katalon.core.main.TestCaseMain$startTestSuite$0.call(Unknown Source)
	at TempTestSuite1555400048988.run(TempTestSuite1555400048988.groovy:36)


2019-04-16 13:05:43 - [TEST_STEP][PASSED] - openBrowser(""): Browser is opened with url: ''

2019-04-16 13:05:43 - [MESSAGE][INFO] - Starting 'Chrome' driver

2019-04-16 13:05:46 - [MESSAGE][PASSED] - Browser is opened with url: ''

2019-04-16 13:05:46 - [TEST_STEP][PASSED] - navigateToUrl(url): Navigate to 'http://admin-chiragh.surge.sh' successfully

2019-04-16 13:06:10 - [MESSAGE][PASSED] - Navigate to 'http://admin-chiragh.surge.sh' successfully

2019-04-16 13:06:10 - [TEST_STEP][PASSED] - maximizeWindow(): Current window maximized

2019-04-16 13:06:11 - [MESSAGE][PASSED] - Current window maximized

2019-04-16 13:06:11 - [TEST_STEP][PASSED] - waitForPageLoad(8): Wait for page load successfully

2019-04-16 13:06:11 - [MESSAGE][PASSED] - Wait for page load successfully

2019-04-16 13:06:11 - [TEST_STEP][PASSED] - click(findTestObject("Object Repository/verification hod/property details present/Page_Chiragh.com Admin/form_Admin PanelUsernamePasswo")): Object: 'Object Repository/verification hod/property details present/Page_Chiragh.com Admin/form_Admin PanelUsernamePasswo' is clicked on

2019-04-16 13:06:11 - [MESSAGE][PASSED] - Object: 'Object Repository/verification hod/property details present/Page_Chiragh.com Admin/form_Admin PanelUsernamePasswo' is clicked on

2019-04-16 13:06:11 - [TEST_STEP][PASSED] - click(findTestObject("Object Repository/verification hod/property details present/Page_Chiragh.com Admin/div_Username")): Object: 'Object Repository/verification hod/property details present/Page_Chiragh.com Admin/div_Username' is clicked on

2019-04-16 13:06:11 - [MESSAGE][PASSED] - Object: 'Object Repository/verification hod/property details present/Page_Chiragh.com Admin/div_Username' is clicked on

2019-04-16 13:06:11 - [TEST_STEP][PASSED] - setText(findTestObject("Object Repository/verification hod/property details present/Page_Chiragh.com Admin/input_Admin Panel_userName"), "arsalankhalid"): Text 'arsalankhalid' is set on object 'Object Repository/verification hod/property details present/Page_Chiragh.com Admin/input_Admin Panel_userName'

2019-04-16 13:06:11 - [MESSAGE][PASSED] - Text 'arsalankhalid' is set on object 'Object Repository/verification hod/property details present/Page_Chiragh.com Admin/input_Admin Panel_userName'

2019-04-16 13:06:11 - [TEST_STEP][PASSED] - setEncryptedText(findTestObject("Object Repository/verification hod/property details present/Page_Chiragh.com Admin/input_Username_password"), "RigbBhfdqODKcAsiUrg+1Q=="): Text ****** has been set on object 'Object Repository/verification hod/property details present/Page_Chiragh.com Admin/input_Username_password'

2019-04-16 13:06:12 - [MESSAGE][PASSED] - Text ****** has been set on object 'Object Repository/verification hod/property details present/Page_Chiragh.com Admin/input_Username_password'

2019-04-16 13:06:12 - [TEST_STEP][PASSED] - click(findTestObject("Object Repository/verification hod/property details present/Page_Chiragh.com Admin/button_Login")): Object: 'Object Repository/verification hod/property details present/Page_Chiragh.com Admin/button_Login' is clicked on

2019-04-16 13:06:12 - [MESSAGE][PASSED] - Object: 'Object Repository/verification hod/property details present/Page_Chiragh.com Admin/button_Login' is clicked on

2019-04-16 13:06:12 - [TEST_STEP][PASSED] - click(findTestObject("Object Repository/verification hod/property details present/Page_Chiragh.com Admin/a_In Process")): Object: 'Object Repository/verification hod/property details present/Page_Chiragh.com Admin/a_In Process' is clicked on

2019-04-16 13:06:17 - [MESSAGE][PASSED] - Object: 'Object Repository/verification hod/property details present/Page_Chiragh.com Admin/a_In Process' is clicked on

2019-04-16 13:06:17 - [TEST_STEP][PASSED] - click(findTestObject("Object Repository/verification hod/property details present/Page_Chiragh.com Admin/a_Murazik Manors 6 Beds Villa")): Object: 'Object Repository/verification hod/property details present/Page_Chiragh.com Admin/a_Murazik Manors 6 Beds Villa' is clicked on

2019-04-16 13:06:24 - [MESSAGE][PASSED] - Object: 'Object Repository/verification hod/property details present/Page_Chiragh.com Admin/a_Murazik Manors 6 Beds Villa' is clicked on

2019-04-16 13:06:24 - [TEST_STEP][PASSED] - delay(5): Delayed 5 second(s)

2019-04-16 13:06:29 - [MESSAGE][PASSED] - Delayed 5 second(s)

2019-04-16 13:06:29 - [TEST_STEP][PASSED] - doubleClick(findTestObject("Object Repository/verification hod/poa documents/Page_Chiragh.com Admin/div_POAs")): Object: 'Object Repository/verification hod/poa documents/Page_Chiragh.com Admin/div_POAs' is double clicked on

2019-04-16 13:06:30 - [MESSAGE][PASSED] - Object: 'Object Repository/verification hod/poa documents/Page_Chiragh.com Admin/div_POAs' is double clicked on

2019-04-16 13:06:30 - [TEST_STEP][FAILED] - if (verifyElementPresent(findTestObject("Object Repository/verification hod/property details present/Page_Chiragh.com Admin/span_POA Status"), 4) == true): if (verifyElementPresent(findTestObject("Object Repository/verification hod/property details present/Page_Chiragh.com Admin/span_POA Status"), 4) == true) FAILED.
Reason:
com.kms.katalon.core.exception.StepFailedException: Unable to verify object 'Object Repository/verification hod/property details present/Page_Chiragh.com Admin/span_POA Status' is present (Root cause: com.kms.katalon.core.exception.StepFailedException: com.kms.katalon.core.webui.exception.WebElementNotFoundException: Web element with id: 'Object Repository/verification hod/property details present/Page_Chiragh.com Admin/span_POA Status' located by 'By.xpath: //*[@id="mat-tab-content-0-1"]/div/app-poas/div/div[2]/div/div[1]/span[2]' not found)
	at com.kms.katalon.core.keyword.internal.KeywordMain.stepFailed(KeywordMain.groovy:36)
	at com.kms.katalon.core.webui.keyword.internal.WebUIKeywordMain.stepFailed(WebUIKeywordMain.groovy:65)
	at com.kms.katalon.core.webui.keyword.internal.WebUIKeywordMain.runKeyword(WebUIKeywordMain.groovy:27)
	at com.kms.katalon.core.webui.keyword.builtin.VerifyElementPresentKeyword.verifyElementPresent(VerifyElementPresentKeyword.groovy:92)
	at com.kms.katalon.core.webui.keyword.builtin.VerifyElementPresentKeyword.execute(VerifyElementPresentKeyword.groovy:68)
	at com.kms.katalon.core.keyword.internal.KeywordExecutor.executeKeywordForPlatform(KeywordExecutor.groovy:53)
	at com.kms.katalon.core.webui.keyword.WebUiBuiltInKeywords.verifyElementPresent(WebUiBuiltInKeywords.groovy:1434)
	at com.kms.katalon.core.webui.keyword.WebUiBuiltInKeywords$verifyElementPresent$6.call(Unknown Source)
	at poa documents.run(poa documents:44)
	at com.kms.katalon.core.main.ScriptEngine.run(ScriptEngine.java:194)
	at com.kms.katalon.core.main.ScriptEngine.runScriptAsRawText(ScriptEngine.java:119)
	at com.kms.katalon.core.main.TestCaseExecutor.runScript(TestCaseExecutor.java:328)
	at com.kms.katalon.core.main.TestCaseExecutor.doExecute(TestCaseExecutor.java:319)
	at com.kms.katalon.core.main.TestCaseExecutor.processExecutionPhase(TestCaseExecutor.java:298)
	at com.kms.katalon.core.main.TestCaseExecutor.accessMainPhase(TestCaseExecutor.java:290)
	at com.kms.katalon.core.main.TestCaseExecutor.execute(TestCaseExecutor.java:224)
	at com.kms.katalon.core.main.TestSuiteExecutor.accessTestCaseMainPhase(TestSuiteExecutor.java:129)
	at com.kms.katalon.core.main.TestSuiteExecutor.accessTestSuiteMainPhase(TestSuiteExecutor.java:112)
	at com.kms.katalon.core.main.TestSuiteExecutor.execute(TestSuiteExecutor.java:81)
	at com.kms.katalon.core.main.TestCaseMain.startTestSuite(TestCaseMain.java:149)
	at com.kms.katalon.core.main.TestCaseMain$startTestSuite$0.call(Unknown Source)
	at TempTestSuite1555400048988.run(TempTestSuite1555400048988.groovy:36)


2019-04-16 13:06:35 - [MESSAGE][INFO] - Unable to find the element located by 'By.xpath: //*[@id="mat-tab-content-0-1"]/div/app-poas/div/div[2]/div/div[1]/span[2]'. Please recheck the objects properties to make sure the desired element is located. 

2019-04-16 13:06:36 - [MESSAGE][FAILED] - com.kms.katalon.core.webui.exception.WebElementNotFoundException: Web element with id: 'Object Repository/verification hod/property details present/Page_Chiragh.com Admin/span_POA Status' located by 'By.xpath: //*[@id="mat-tab-content-0-1"]/div/app-poas/div/div[2]/div/div[1]/span[2]' not found
[[ATTACHMENT|C:\\Users\\HP\\git\\chiraghAdminPanel\\Reports\\AdminTests\\20190416_123408\\1555401995834.png]]

2019-04-16 13:06:36 - [MESSAGE][FAILED] - Unable to verify object 'Object Repository/verification hod/property details present/Page_Chiragh.com Admin/span_POA Status' is present (Root cause: com.kms.katalon.core.exception.StepFailedException: com.kms.katalon.core.webui.exception.WebElementNotFoundException: Web element with id: 'Object Repository/verification hod/property details present/Page_Chiragh.com Admin/span_POA Status' located by 'By.xpath: //*[@id="mat-tab-content-0-1"]/div/app-poas/div/div[2]/div/div[1]/span[2]' not found)
[[ATTACHMENT|C:\\Users\\HP\\git\\chiraghAdminPanel\\Reports\\AdminTests\\20190416_123408\\1555401996273.png]]

2019-04-16 13:06:36 - [MESSAGE][FAILED] - if (verifyElementPresent(findTestObject("Object Repository/verification hod/property details present/Page_Chiragh.com Admin/span_POA Status"), 4) == true) FAILED.
Reason:
com.kms.katalon.core.exception.StepFailedException: Unable to verify object 'Object Repository/verification hod/property details present/Page_Chiragh.com Admin/span_POA Status' is present (Root cause: com.kms.katalon.core.exception.StepFailedException: com.kms.katalon.core.webui.exception.WebElementNotFoundException: Web element with id: 'Object Repository/verification hod/property details present/Page_Chiragh.com Admin/span_POA Status' located by 'By.xpath: //*[@id="mat-tab-content-0-1"]/div/app-poas/div/div[2]/div/div[1]/span[2]' not found)
	at com.kms.katalon.core.keyword.internal.KeywordMain.stepFailed(KeywordMain.groovy:36)
	at com.kms.katalon.core.webui.keyword.internal.WebUIKeywordMain.stepFailed(WebUIKeywordMain.groovy:65)
	at com.kms.katalon.core.webui.keyword.internal.WebUIKeywordMain.runKeyword(WebUIKeywordMain.groovy:27)
	at com.kms.katalon.core.webui.keyword.builtin.VerifyElementPresentKeyword.verifyElementPresent(VerifyElementPresentKeyword.groovy:92)
	at com.kms.katalon.core.webui.keyword.builtin.VerifyElementPresentKeyword.execute(VerifyElementPresentKeyword.groovy:68)
	at com.kms.katalon.core.keyword.internal.KeywordExecutor.executeKeywordForPlatform(KeywordExecutor.groovy:53)
	at com.kms.katalon.core.webui.keyword.WebUiBuiltInKeywords.verifyElementPresent(WebUiBuiltInKeywords.groovy:1434)
	at com.kms.katalon.core.webui.keyword.WebUiBuiltInKeywords$verifyElementPresent$6.call(Unknown Source)
	at poa documents.run(poa documents:44)
	at com.kms.katalon.core.main.ScriptEngine.run(ScriptEngine.java:194)
	at com.kms.katalon.core.main.ScriptEngine.runScriptAsRawText(ScriptEngine.java:119)
	at com.kms.katalon.core.main.TestCaseExecutor.runScript(TestCaseExecutor.java:328)
	at com.kms.katalon.core.main.TestCaseExecutor.doExecute(TestCaseExecutor.java:319)
	at com.kms.katalon.core.main.TestCaseExecutor.processExecutionPhase(TestCaseExecutor.java:298)
	at com.kms.katalon.core.main.TestCaseExecutor.accessMainPhase(TestCaseExecutor.java:290)
	at com.kms.katalon.core.main.TestCaseExecutor.execute(TestCaseExecutor.java:224)
	at com.kms.katalon.core.main.TestSuiteExecutor.accessTestCaseMainPhase(TestSuiteExecutor.java:129)
	at com.kms.katalon.core.main.TestSuiteExecutor.accessTestSuiteMainPhase(TestSuiteExecutor.java:112)
	at com.kms.katalon.core.main.TestSuiteExecutor.execute(TestSuiteExecutor.java:81)
	at com.kms.katalon.core.main.TestCaseMain.startTestSuite(TestCaseMain.java:149)
	at com.kms.katalon.core.main.TestCaseMain$startTestSuite$0.call(Unknown Source)
	at TempTestSuite1555400048988.run(TempTestSuite1555400048988.groovy:36)]]></system-out>
         <system-err><![CDATA[2019-04-16 13:05:43 - [TEST_CASE][FAILED] - Test Cases/verification hod/seller/poa documents: Test Cases/verification hod/seller/poa documents FAILED.
Reason:
com.kms.katalon.core.exception.StepFailedException: Unable to verify object 'Object Repository/verification hod/property details present/Page_Chiragh.com Admin/span_POA Status' is present (Root cause: com.kms.katalon.core.exception.StepFailedException: com.kms.katalon.core.webui.exception.WebElementNotFoundException: Web element with id: 'Object Repository/verification hod/property details present/Page_Chiragh.com Admin/span_POA Status' located by 'By.xpath: //*[@id="mat-tab-content-0-1"]/div/app-poas/div/div[2]/div/div[1]/span[2]' not found)
	at com.kms.katalon.core.keyword.internal.KeywordMain.stepFailed(KeywordMain.groovy:36)
	at com.kms.katalon.core.webui.keyword.internal.WebUIKeywordMain.stepFailed(WebUIKeywordMain.groovy:65)
	at com.kms.katalon.core.webui.keyword.internal.WebUIKeywordMain.runKeyword(WebUIKeywordMain.groovy:27)
	at com.kms.katalon.core.webui.keyword.builtin.VerifyElementPresentKeyword.verifyElementPresent(VerifyElementPresentKeyword.groovy:92)
	at com.kms.katalon.core.webui.keyword.builtin.VerifyElementPresentKeyword.execute(VerifyElementPresentKeyword.groovy:68)
	at com.kms.katalon.core.keyword.internal.KeywordExecutor.executeKeywordForPlatform(KeywordExecutor.groovy:53)
	at com.kms.katalon.core.webui.keyword.WebUiBuiltInKeywords.verifyElementPresent(WebUiBuiltInKeywords.groovy:1434)
	at com.kms.katalon.core.webui.keyword.WebUiBuiltInKeywords$verifyElementPresent$6.call(Unknown Source)
	at poa documents.run(poa documents:44)
	at com.kms.katalon.core.main.ScriptEngine.run(ScriptEngine.java:194)
	at com.kms.katalon.core.main.ScriptEngine.runScriptAsRawText(ScriptEngine.java:119)
	at com.kms.katalon.core.main.TestCaseExecutor.runScript(TestCaseExecutor.java:328)
	at com.kms.katalon.core.main.TestCaseExecutor.doExecute(TestCaseExecutor.java:319)
	at com.kms.katalon.core.main.TestCaseExecutor.processExecutionPhase(TestCaseExecutor.java:298)
	at com.kms.katalon.core.main.TestCaseExecutor.accessMainPhase(TestCaseExecutor.java:290)
	at com.kms.katalon.core.main.TestCaseExecutor.execute(TestCaseExecutor.java:224)
	at com.kms.katalon.core.main.TestSuiteExecutor.accessTestCaseMainPhase(TestSuiteExecutor.java:129)
	at com.kms.katalon.core.main.TestSuiteExecutor.accessTestSuiteMainPhase(TestSuiteExecutor.java:112)
	at com.kms.katalon.core.main.TestSuiteExecutor.execute(TestSuiteExecutor.java:81)
	at com.kms.katalon.core.main.TestCaseMain.startTestSuite(TestCaseMain.java:149)
	at com.kms.katalon.core.main.TestCaseMain$startTestSuite$0.call(Unknown Source)
	at TempTestSuite1555400048988.run(TempTestSuite1555400048988.groovy:36)]]></system-err>
      </testcase>
      <testcase name="Test Cases/verification hod/seller/property detail present" classname="Test Cases/verification hod/seller/property detail present" status="PASSED">
         <system-out><![CDATA[2019-04-16 13:06:36 - [TEST_CASE][PASSED] - Test Cases/verification hod/seller/property detail present: Test Cases/verification hod/seller/property detail present

2019-04-16 13:06:37 - [TEST_STEP][PASSED] - openBrowser(""): Browser is opened with url: ''

2019-04-16 13:06:37 - [MESSAGE][WARNING] - A browser is already opened. Closing browser and opening a new one

2019-04-16 13:06:37 - [MESSAGE][INFO] - Starting 'Chrome' driver

2019-04-16 13:06:40 - [MESSAGE][PASSED] - Browser is opened with url: ''

2019-04-16 13:06:40 - [TEST_STEP][PASSED] - navigateToUrl(url): Navigate to 'http://admin-chiragh.surge.sh' successfully

2019-04-16 13:07:04 - [MESSAGE][PASSED] - Navigate to 'http://admin-chiragh.surge.sh' successfully

2019-04-16 13:07:04 - [TEST_STEP][PASSED] - maximizeWindow(): Current window maximized

2019-04-16 13:07:06 - [MESSAGE][PASSED] - Current window maximized

2019-04-16 13:07:06 - [TEST_STEP][PASSED] - waitForPageLoad(8): Wait for page load successfully

2019-04-16 13:07:06 - [MESSAGE][PASSED] - Wait for page load successfully

2019-04-16 13:07:06 - [TEST_STEP][PASSED] - click(findTestObject("Object Repository/verification hod/property details present/Page_Chiragh.com Admin/form_Admin PanelUsernamePasswo")): Object: 'Object Repository/verification hod/property details present/Page_Chiragh.com Admin/form_Admin PanelUsernamePasswo' is clicked on

2019-04-16 13:07:06 - [MESSAGE][PASSED] - Object: 'Object Repository/verification hod/property details present/Page_Chiragh.com Admin/form_Admin PanelUsernamePasswo' is clicked on

2019-04-16 13:07:06 - [TEST_STEP][PASSED] - click(findTestObject("Object Repository/verification hod/property details present/Page_Chiragh.com Admin/div_Username")): Object: 'Object Repository/verification hod/property details present/Page_Chiragh.com Admin/div_Username' is clicked on

2019-04-16 13:07:06 - [MESSAGE][PASSED] - Object: 'Object Repository/verification hod/property details present/Page_Chiragh.com Admin/div_Username' is clicked on

2019-04-16 13:07:06 - [TEST_STEP][PASSED] - setText(findTestObject("Object Repository/verification hod/property details present/Page_Chiragh.com Admin/input_Admin Panel_userName"), "arsalankhalid"): Text 'arsalankhalid' is set on object 'Object Repository/verification hod/property details present/Page_Chiragh.com Admin/input_Admin Panel_userName'

2019-04-16 13:07:06 - [MESSAGE][PASSED] - Text 'arsalankhalid' is set on object 'Object Repository/verification hod/property details present/Page_Chiragh.com Admin/input_Admin Panel_userName'

2019-04-16 13:07:06 - [TEST_STEP][PASSED] - setEncryptedText(findTestObject("Object Repository/verification hod/property details present/Page_Chiragh.com Admin/input_Username_password"), "RigbBhfdqODKcAsiUrg+1Q=="): Text ****** has been set on object 'Object Repository/verification hod/property details present/Page_Chiragh.com Admin/input_Username_password'

2019-04-16 13:07:06 - [MESSAGE][PASSED] - Text ****** has been set on object 'Object Repository/verification hod/property details present/Page_Chiragh.com Admin/input_Username_password'

2019-04-16 13:07:06 - [TEST_STEP][PASSED] - click(findTestObject("Object Repository/verification hod/property details present/Page_Chiragh.com Admin/button_Login")): Object: 'Object Repository/verification hod/property details present/Page_Chiragh.com Admin/button_Login' is clicked on

2019-04-16 13:07:06 - [MESSAGE][PASSED] - Object: 'Object Repository/verification hod/property details present/Page_Chiragh.com Admin/button_Login' is clicked on

2019-04-16 13:07:06 - [TEST_STEP][PASSED] - click(findTestObject("Object Repository/verification hod/property details present/Page_Chiragh.com Admin/a_In Process")): Object: 'Object Repository/verification hod/property details present/Page_Chiragh.com Admin/a_In Process' is clicked on

2019-04-16 13:07:13 - [MESSAGE][PASSED] - Object: 'Object Repository/verification hod/property details present/Page_Chiragh.com Admin/a_In Process' is clicked on

2019-04-16 13:07:13 - [TEST_STEP][PASSED] - click(findTestObject("Object Repository/verification hod/property details present/Page_Chiragh.com Admin/a_Murazik Manors 6 Beds Villa")): Object: 'Object Repository/verification hod/property details present/Page_Chiragh.com Admin/a_Murazik Manors 6 Beds Villa' is clicked on

2019-04-16 13:07:19 - [MESSAGE][PASSED] - Object: 'Object Repository/verification hod/property details present/Page_Chiragh.com Admin/a_Murazik Manors 6 Beds Villa' is clicked on

2019-04-16 13:07:19 - [TEST_STEP][PASSED] - click(findTestObject("Object Repository/verification hod/property details present/Page_Chiragh.com Admin/span_Edwin")): Object: 'Object Repository/verification hod/property details present/Page_Chiragh.com Admin/span_Edwin' is clicked on

2019-04-16 13:07:20 - [MESSAGE][PASSED] - Object: 'Object Repository/verification hod/property details present/Page_Chiragh.com Admin/span_Edwin' is clicked on

2019-04-16 13:07:20 - [TEST_STEP][PASSED] - click(findTestObject("Object Repository/verification hod/property details present/Page_Chiragh.com Admin/span_Last Name")): Object: 'Object Repository/verification hod/property details present/Page_Chiragh.com Admin/span_Last Name' is clicked on

2019-04-16 13:07:20 - [MESSAGE][PASSED] - Object: 'Object Repository/verification hod/property details present/Page_Chiragh.com Admin/span_Last Name' is clicked on

2019-04-16 13:07:20 - [TEST_STEP][PASSED] - click(findTestObject("Object Repository/verification hod/property details present/Page_Chiragh.com Admin/div_Owners")): Object: 'Object Repository/verification hod/property details present/Page_Chiragh.com Admin/div_Owners' is clicked on

2019-04-16 13:07:21 - [MESSAGE][PASSED] - Object: 'Object Repository/verification hod/property details present/Page_Chiragh.com Admin/div_Owners' is clicked on

2019-04-16 13:07:21 - [TEST_STEP][PASSED] - click(findTestObject("Object Repository/verification hod/property details present/Page_Chiragh.com Admin/div_POAs")): Object: 'Object Repository/verification hod/property details present/Page_Chiragh.com Admin/div_POAs' is clicked on

2019-04-16 13:07:22 - [MESSAGE][PASSED] - Object: 'Object Repository/verification hod/property details present/Page_Chiragh.com Admin/div_POAs' is clicked on

2019-04-16 13:07:22 - [TEST_STEP][PASSED] - click(findTestObject("Object Repository/verification hod/property details present/Page_Chiragh.com Admin/div_Property Details")): Object: 'Object Repository/verification hod/property details present/Page_Chiragh.com Admin/div_Property Details' is clicked on

2019-04-16 13:07:24 - [MESSAGE][PASSED] - Object: 'Object Repository/verification hod/property details present/Page_Chiragh.com Admin/div_Property Details' is clicked on

2019-04-16 13:07:24 - [TEST_STEP][PASSED] - click(findTestObject("Object Repository/verification hod/property details present/Page_Chiragh.com Admin/span_Project Name")): Object: 'Object Repository/verification hod/property details present/Page_Chiragh.com Admin/span_Project Name' is clicked on

2019-04-16 13:07:25 - [MESSAGE][PASSED] - Object: 'Object Repository/verification hod/property details present/Page_Chiragh.com Admin/span_Project Name' is clicked on

2019-04-16 13:07:25 - [TEST_STEP][PASSED] - click(findTestObject("Object Repository/verification hod/property details present/Page_Chiragh.com Admin/span_Murazik Manors")): Object: 'Object Repository/verification hod/property details present/Page_Chiragh.com Admin/span_Murazik Manors' is clicked on

2019-04-16 13:07:25 - [MESSAGE][PASSED] - Object: 'Object Repository/verification hod/property details present/Page_Chiragh.com Admin/span_Murazik Manors' is clicked on

2019-04-16 13:07:25 - [TEST_STEP][PASSED] - click(findTestObject("Object Repository/verification hod/property details present/Page_Chiragh.com Admin/div_Mortgage")): Object: 'Object Repository/verification hod/property details present/Page_Chiragh.com Admin/div_Mortgage' is clicked on

2019-04-16 13:07:26 - [MESSAGE][PASSED] - Object: 'Object Repository/verification hod/property details present/Page_Chiragh.com Admin/div_Mortgage' is clicked on

2019-04-16 13:07:26 - [TEST_STEP][PASSED] - click(findTestObject("Object Repository/verification hod/property details present/Page_Chiragh.com Admin/div_Rental")): Object: 'Object Repository/verification hod/property details present/Page_Chiragh.com Admin/div_Rental' is clicked on

2019-04-16 13:07:28 - [MESSAGE][PASSED] - Object: 'Object Repository/verification hod/property details present/Page_Chiragh.com Admin/div_Rental' is clicked on

2019-04-16 13:07:28 - [TEST_STEP][PASSED] - closeBrowser(): Browser is closed

2019-04-16 13:07:28 - [MESSAGE][PASSED] - Browser is closed]]></system-out>
         <system-err><![CDATA[]]></system-err>
      </testcase>
      <testcase name="Test Cases/verification hod/seller/property documents" classname="Test Cases/verification hod/seller/property documents" status="PASSED">
         <system-out><![CDATA[2019-04-16 13:07:28 - [TEST_CASE][PASSED] - Test Cases/verification hod/seller/property documents: Test Cases/verification hod/seller/property documents

2019-04-16 13:07:29 - [TEST_STEP][PASSED] - openBrowser(""): Browser is opened with url: ''

2019-04-16 13:07:29 - [MESSAGE][INFO] - Starting 'Chrome' driver

2019-04-16 13:07:31 - [MESSAGE][PASSED] - Browser is opened with url: ''

2019-04-16 13:07:31 - [TEST_STEP][PASSED] - navigateToUrl(url): Navigate to 'http://admin-chiragh.surge.sh' successfully

2019-04-16 13:07:55 - [MESSAGE][PASSED] - Navigate to 'http://admin-chiragh.surge.sh' successfully

2019-04-16 13:07:55 - [TEST_STEP][PASSED] - maximizeWindow(): Current window maximized

2019-04-16 13:07:57 - [MESSAGE][PASSED] - Current window maximized

2019-04-16 13:07:57 - [TEST_STEP][PASSED] - waitForPageLoad(8): Wait for page load successfully

2019-04-16 13:07:57 - [MESSAGE][PASSED] - Wait for page load successfully

2019-04-16 13:07:57 - [TEST_STEP][PASSED] - click(findTestObject("Object Repository/verification hod/property details present/Page_Chiragh.com Admin/form_Admin PanelUsernamePasswo")): Object: 'Object Repository/verification hod/property details present/Page_Chiragh.com Admin/form_Admin PanelUsernamePasswo' is clicked on

2019-04-16 13:07:57 - [MESSAGE][PASSED] - Object: 'Object Repository/verification hod/property details present/Page_Chiragh.com Admin/form_Admin PanelUsernamePasswo' is clicked on

2019-04-16 13:07:57 - [TEST_STEP][PASSED] - click(findTestObject("Object Repository/verification hod/property details present/Page_Chiragh.com Admin/div_Username")): Object: 'Object Repository/verification hod/property details present/Page_Chiragh.com Admin/div_Username' is clicked on

2019-04-16 13:07:57 - [MESSAGE][PASSED] - Object: 'Object Repository/verification hod/property details present/Page_Chiragh.com Admin/div_Username' is clicked on

2019-04-16 13:07:57 - [TEST_STEP][PASSED] - setText(findTestObject("Object Repository/verification hod/property details present/Page_Chiragh.com Admin/input_Admin Panel_userName"), "arsalankhalid"): Text 'arsalankhalid' is set on object 'Object Repository/verification hod/property details present/Page_Chiragh.com Admin/input_Admin Panel_userName'

2019-04-16 13:07:57 - [MESSAGE][PASSED] - Text 'arsalankhalid' is set on object 'Object Repository/verification hod/property details present/Page_Chiragh.com Admin/input_Admin Panel_userName'

2019-04-16 13:07:57 - [TEST_STEP][PASSED] - setEncryptedText(findTestObject("Object Repository/verification hod/property details present/Page_Chiragh.com Admin/input_Username_password"), "RigbBhfdqODKcAsiUrg+1Q=="): Text ****** has been set on object 'Object Repository/verification hod/property details present/Page_Chiragh.com Admin/input_Username_password'

2019-04-16 13:07:57 - [MESSAGE][PASSED] - Text ****** has been set on object 'Object Repository/verification hod/property details present/Page_Chiragh.com Admin/input_Username_password'

2019-04-16 13:07:57 - [TEST_STEP][PASSED] - click(findTestObject("Object Repository/verification hod/property details present/Page_Chiragh.com Admin/button_Login")): Object: 'Object Repository/verification hod/property details present/Page_Chiragh.com Admin/button_Login' is clicked on

2019-04-16 13:07:57 - [MESSAGE][PASSED] - Object: 'Object Repository/verification hod/property details present/Page_Chiragh.com Admin/button_Login' is clicked on

2019-04-16 13:07:57 - [TEST_STEP][PASSED] - click(findTestObject("Object Repository/verification hod/property details present/Page_Chiragh.com Admin/a_In Process")): Object: 'Object Repository/verification hod/property details present/Page_Chiragh.com Admin/a_In Process' is clicked on

2019-04-16 13:08:04 - [MESSAGE][PASSED] - Object: 'Object Repository/verification hod/property details present/Page_Chiragh.com Admin/a_In Process' is clicked on

2019-04-16 13:08:04 - [TEST_STEP][PASSED] - click(findTestObject("Object Repository/verification hod/property details present/Page_Chiragh.com Admin/a_Murazik Manors 6 Beds Villa")): Object: 'Object Repository/verification hod/property details present/Page_Chiragh.com Admin/a_Murazik Manors 6 Beds Villa' is clicked on

2019-04-16 13:08:24 - [MESSAGE][PASSED] - Object: 'Object Repository/verification hod/property details present/Page_Chiragh.com Admin/a_Murazik Manors 6 Beds Villa' is clicked on

2019-04-16 13:08:24 - [TEST_STEP][PASSED] - delay(5): Delayed 5 second(s)

2019-04-16 13:08:29 - [MESSAGE][PASSED] - Delayed 5 second(s)

2019-04-16 13:08:29 - [TEST_STEP][PASSED] - click(findTestObject("Object Repository/verification hod/property documents/Page_Chiragh.com Admin/div_Property Details")): Object: 'Object Repository/verification hod/property documents/Page_Chiragh.com Admin/div_Property Details' is clicked on

2019-04-16 13:08:30 - [MESSAGE][PASSED] - Object: 'Object Repository/verification hod/property documents/Page_Chiragh.com Admin/div_Property Details' is clicked on

2019-04-16 13:08:30 - [TEST_STEP][PASSED] - click(findTestObject("Object Repository/verification hod/property documents/Page_Chiragh.com Admin/a_Property Details_attachment-")): Object: 'Object Repository/verification hod/property documents/Page_Chiragh.com Admin/a_Property Details_attachment-' is clicked on

2019-04-16 13:08:31 - [MESSAGE][PASSED] - Object: 'Object Repository/verification hod/property documents/Page_Chiragh.com Admin/a_Property Details_attachment-' is clicked on

2019-04-16 13:08:31 - [TEST_STEP][PASSED] - verifyElementPresent(findTestObject("Object Repository/verification hod/property documents/Page_Chiragh.com Admin/div_Scanned Title Deed"), 4): Object 'Object Repository/verification hod/property documents/Page_Chiragh.com Admin/div_Scanned Title Deed' is present

2019-04-16 13:08:31 - [MESSAGE][PASSED] - Object 'Object Repository/verification hod/property documents/Page_Chiragh.com Admin/div_Scanned Title Deed' is present

2019-04-16 13:08:31 - [TEST_STEP][PASSED] - verifyElementPresent(findTestObject("Object Repository/verification hod/property documents/Page_Chiragh.com Admin/div_(Not Uploaded)_document-bo"), 4): Object 'Object Repository/verification hod/property documents/Page_Chiragh.com Admin/div_(Not Uploaded)_document-bo' is present

2019-04-16 13:08:31 - [MESSAGE][PASSED] - Object 'Object Repository/verification hod/property documents/Page_Chiragh.com Admin/div_(Not Uploaded)_document-bo' is present

2019-04-16 13:08:31 - [TEST_STEP][PASSED] - verifyElementPresent(findTestObject("Object Repository/verification hod/property documents/Page_Chiragh.com Admin/div_SPA Document"), 4): Object 'Object Repository/verification hod/property documents/Page_Chiragh.com Admin/div_SPA Document' is present

2019-04-16 13:08:31 - [MESSAGE][PASSED] - Object 'Object Repository/verification hod/property documents/Page_Chiragh.com Admin/div_SPA Document' is present

2019-04-16 13:08:31 - [TEST_STEP][PASSED] - closeBrowser(): Browser is closed

2019-04-16 13:08:32 - [MESSAGE][PASSED] - Browser is closed]]></system-out>
         <system-err><![CDATA[]]></system-err>
      </testcase>
      <testcase name="Test Cases/verification hod/seller/rental documents" classname="Test Cases/verification hod/seller/rental documents" status="FAILED">
         <failure type="FAILED" message="Test Cases/verification hod/seller/rental documents FAILED.
Reason:
com.kms.katalon.core.exception.StepFailedException: Unable to verify object 'Object Repository/verification hod/rental documents/Page_Chiragh.com Admin/span_Yes' is present (Root cause: com.kms.katalon.core.exception.StepFailedException: com.kms.katalon.core.webui.exception.WebElementNotFoundException: Web element with id: 'Object Repository/verification hod/rental documents/Page_Chiragh.com Admin/span_Yes' located by 'By.xpath: //mat-tab-body[@id='mat-tab-content-0-4']/div/app-rental/div/div[2]/div/div/span[2]' not found)
	at com.kms.katalon.core.keyword.internal.KeywordMain.stepFailed(KeywordMain.groovy:36)
	at com.kms.katalon.core.webui.keyword.internal.WebUIKeywordMain.stepFailed(WebUIKeywordMain.groovy:65)
	at com.kms.katalon.core.webui.keyword.internal.WebUIKeywordMain.runKeyword(WebUIKeywordMain.groovy:27)
	at com.kms.katalon.core.webui.keyword.builtin.VerifyElementPresentKeyword.verifyElementPresent(VerifyElementPresentKeyword.groovy:92)
	at com.kms.katalon.core.webui.keyword.builtin.VerifyElementPresentKeyword.execute(VerifyElementPresentKeyword.groovy:68)
	at com.kms.katalon.core.keyword.internal.KeywordExecutor.executeKeywordForPlatform(KeywordExecutor.groovy:53)
	at com.kms.katalon.core.webui.keyword.WebUiBuiltInKeywords.verifyElementPresent(WebUiBuiltInKeywords.groovy:1434)
	at com.kms.katalon.core.webui.keyword.WebUiBuiltInKeywords$verifyElementPresent$6.call(Unknown Source)
	at rental documents.run(rental documents:44)
	at com.kms.katalon.core.main.ScriptEngine.run(ScriptEngine.java:194)
	at com.kms.katalon.core.main.ScriptEngine.runScriptAsRawText(ScriptEngine.java:119)
	at com.kms.katalon.core.main.TestCaseExecutor.runScript(TestCaseExecutor.java:328)
	at com.kms.katalon.core.main.TestCaseExecutor.doExecute(TestCaseExecutor.java:319)
	at com.kms.katalon.core.main.TestCaseExecutor.processExecutionPhase(TestCaseExecutor.java:298)
	at com.kms.katalon.core.main.TestCaseExecutor.accessMainPhase(TestCaseExecutor.java:290)
	at com.kms.katalon.core.main.TestCaseExecutor.execute(TestCaseExecutor.java:224)
	at com.kms.katalon.core.main.TestSuiteExecutor.accessTestCaseMainPhase(TestSuiteExecutor.java:129)
	at com.kms.katalon.core.main.TestSuiteExecutor.accessTestSuiteMainPhase(TestSuiteExecutor.java:112)
	at com.kms.katalon.core.main.TestSuiteExecutor.execute(TestSuiteExecutor.java:81)
	at com.kms.katalon.core.main.TestCaseMain.startTestSuite(TestCaseMain.java:149)
	at com.kms.katalon.core.main.TestCaseMain$startTestSuite$0.call(Unknown Source)
	at TempTestSuite1555400048988.run(TempTestSuite1555400048988.groovy:36)
"/>
         <system-out><![CDATA[2019-04-16 13:08:32 - [TEST_CASE][FAILED] - Test Cases/verification hod/seller/rental documents: Test Cases/verification hod/seller/rental documents FAILED.
Reason:
com.kms.katalon.core.exception.StepFailedException: Unable to verify object 'Object Repository/verification hod/rental documents/Page_Chiragh.com Admin/span_Yes' is present (Root cause: com.kms.katalon.core.exception.StepFailedException: com.kms.katalon.core.webui.exception.WebElementNotFoundException: Web element with id: 'Object Repository/verification hod/rental documents/Page_Chiragh.com Admin/span_Yes' located by 'By.xpath: //mat-tab-body[@id='mat-tab-content-0-4']/div/app-rental/div/div[2]/div/div/span[2]' not found)
	at com.kms.katalon.core.keyword.internal.KeywordMain.stepFailed(KeywordMain.groovy:36)
	at com.kms.katalon.core.webui.keyword.internal.WebUIKeywordMain.stepFailed(WebUIKeywordMain.groovy:65)
	at com.kms.katalon.core.webui.keyword.internal.WebUIKeywordMain.runKeyword(WebUIKeywordMain.groovy:27)
	at com.kms.katalon.core.webui.keyword.builtin.VerifyElementPresentKeyword.verifyElementPresent(VerifyElementPresentKeyword.groovy:92)
	at com.kms.katalon.core.webui.keyword.builtin.VerifyElementPresentKeyword.execute(VerifyElementPresentKeyword.groovy:68)
	at com.kms.katalon.core.keyword.internal.KeywordExecutor.executeKeywordForPlatform(KeywordExecutor.groovy:53)
	at com.kms.katalon.core.webui.keyword.WebUiBuiltInKeywords.verifyElementPresent(WebUiBuiltInKeywords.groovy:1434)
	at com.kms.katalon.core.webui.keyword.WebUiBuiltInKeywords$verifyElementPresent$6.call(Unknown Source)
	at rental documents.run(rental documents:44)
	at com.kms.katalon.core.main.ScriptEngine.run(ScriptEngine.java:194)
	at com.kms.katalon.core.main.ScriptEngine.runScriptAsRawText(ScriptEngine.java:119)
	at com.kms.katalon.core.main.TestCaseExecutor.runScript(TestCaseExecutor.java:328)
	at com.kms.katalon.core.main.TestCaseExecutor.doExecute(TestCaseExecutor.java:319)
	at com.kms.katalon.core.main.TestCaseExecutor.processExecutionPhase(TestCaseExecutor.java:298)
	at com.kms.katalon.core.main.TestCaseExecutor.accessMainPhase(TestCaseExecutor.java:290)
	at com.kms.katalon.core.main.TestCaseExecutor.execute(TestCaseExecutor.java:224)
	at com.kms.katalon.core.main.TestSuiteExecutor.accessTestCaseMainPhase(TestSuiteExecutor.java:129)
	at com.kms.katalon.core.main.TestSuiteExecutor.accessTestSuiteMainPhase(TestSuiteExecutor.java:112)
	at com.kms.katalon.core.main.TestSuiteExecutor.execute(TestSuiteExecutor.java:81)
	at com.kms.katalon.core.main.TestCaseMain.startTestSuite(TestCaseMain.java:149)
	at com.kms.katalon.core.main.TestCaseMain$startTestSuite$0.call(Unknown Source)
	at TempTestSuite1555400048988.run(TempTestSuite1555400048988.groovy:36)


2019-04-16 13:08:32 - [TEST_STEP][PASSED] - openBrowser(""): Browser is opened with url: ''

2019-04-16 13:08:32 - [MESSAGE][INFO] - Starting 'Chrome' driver

2019-04-16 13:08:35 - [MESSAGE][PASSED] - Browser is opened with url: ''

2019-04-16 13:08:35 - [TEST_STEP][PASSED] - navigateToUrl(url): Navigate to 'http://admin-chiragh.surge.sh' successfully

2019-04-16 13:08:54 - [MESSAGE][PASSED] - Navigate to 'http://admin-chiragh.surge.sh' successfully

2019-04-16 13:08:54 - [TEST_STEP][PASSED] - maximizeWindow(): Current window maximized

2019-04-16 13:08:55 - [MESSAGE][PASSED] - Current window maximized

2019-04-16 13:08:55 - [TEST_STEP][PASSED] - waitForPageLoad(8): Wait for page load successfully

2019-04-16 13:08:55 - [MESSAGE][PASSED] - Wait for page load successfully

2019-04-16 13:08:55 - [TEST_STEP][PASSED] - click(findTestObject("Object Repository/verification hod/property details present/Page_Chiragh.com Admin/form_Admin PanelUsernamePasswo")): Object: 'Object Repository/verification hod/property details present/Page_Chiragh.com Admin/form_Admin PanelUsernamePasswo' is clicked on

2019-04-16 13:08:55 - [MESSAGE][PASSED] - Object: 'Object Repository/verification hod/property details present/Page_Chiragh.com Admin/form_Admin PanelUsernamePasswo' is clicked on

2019-04-16 13:08:55 - [TEST_STEP][PASSED] - click(findTestObject("Object Repository/verification hod/property details present/Page_Chiragh.com Admin/div_Username")): Object: 'Object Repository/verification hod/property details present/Page_Chiragh.com Admin/div_Username' is clicked on

2019-04-16 13:08:55 - [MESSAGE][PASSED] - Object: 'Object Repository/verification hod/property details present/Page_Chiragh.com Admin/div_Username' is clicked on

2019-04-16 13:08:55 - [TEST_STEP][PASSED] - setText(findTestObject("Object Repository/verification hod/property details present/Page_Chiragh.com Admin/input_Admin Panel_userName"), "arsalankhalid"): Text 'arsalankhalid' is set on object 'Object Repository/verification hod/property details present/Page_Chiragh.com Admin/input_Admin Panel_userName'

2019-04-16 13:08:56 - [MESSAGE][PASSED] - Text 'arsalankhalid' is set on object 'Object Repository/verification hod/property details present/Page_Chiragh.com Admin/input_Admin Panel_userName'

2019-04-16 13:08:56 - [TEST_STEP][PASSED] - setEncryptedText(findTestObject("Object Repository/verification hod/property details present/Page_Chiragh.com Admin/input_Username_password"), "RigbBhfdqODKcAsiUrg+1Q=="): Text ****** has been set on object 'Object Repository/verification hod/property details present/Page_Chiragh.com Admin/input_Username_password'

2019-04-16 13:08:56 - [MESSAGE][PASSED] - Text ****** has been set on object 'Object Repository/verification hod/property details present/Page_Chiragh.com Admin/input_Username_password'

2019-04-16 13:08:56 - [TEST_STEP][PASSED] - click(findTestObject("Object Repository/verification hod/property details present/Page_Chiragh.com Admin/button_Login")): Object: 'Object Repository/verification hod/property details present/Page_Chiragh.com Admin/button_Login' is clicked on

2019-04-16 13:08:56 - [MESSAGE][PASSED] - Object: 'Object Repository/verification hod/property details present/Page_Chiragh.com Admin/button_Login' is clicked on

2019-04-16 13:08:56 - [TEST_STEP][PASSED] - click(findTestObject("Object Repository/verification hod/property details present/Page_Chiragh.com Admin/a_In Process")): Object: 'Object Repository/verification hod/property details present/Page_Chiragh.com Admin/a_In Process' is clicked on

2019-04-16 13:09:02 - [MESSAGE][PASSED] - Object: 'Object Repository/verification hod/property details present/Page_Chiragh.com Admin/a_In Process' is clicked on

2019-04-16 13:09:02 - [TEST_STEP][PASSED] - click(findTestObject("Object Repository/verification hod/property details present/Page_Chiragh.com Admin/a_Murazik Manors 6 Beds Villa")): Object: 'Object Repository/verification hod/property details present/Page_Chiragh.com Admin/a_Murazik Manors 6 Beds Villa' is clicked on

2019-04-16 13:09:10 - [MESSAGE][PASSED] - Object: 'Object Repository/verification hod/property details present/Page_Chiragh.com Admin/a_Murazik Manors 6 Beds Villa' is clicked on

2019-04-16 13:09:10 - [TEST_STEP][PASSED] - delay(5): Delayed 5 second(s)

2019-04-16 13:09:15 - [MESSAGE][PASSED] - Delayed 5 second(s)

2019-04-16 13:09:15 - [TEST_STEP][PASSED] - doubleClick(findTestObject("Object Repository/verification hod/rental documents/Page_Chiragh.com Admin/div_Rental")): Object: 'Object Repository/verification hod/rental documents/Page_Chiragh.com Admin/div_Rental' is double clicked on

2019-04-16 13:09:16 - [MESSAGE][PASSED] - Object: 'Object Repository/verification hod/rental documents/Page_Chiragh.com Admin/div_Rental' is double clicked on

2019-04-16 13:09:16 - [TEST_STEP][FAILED] - if (verifyElementPresent(findTestObject("Object Repository/verification hod/rental documents/Page_Chiragh.com Admin/span_Yes"), 4)): if (verifyElementPresent(findTestObject("Object Repository/verification hod/rental documents/Page_Chiragh.com Admin/span_Yes"), 4)) FAILED.
Reason:
com.kms.katalon.core.exception.StepFailedException: Unable to verify object 'Object Repository/verification hod/rental documents/Page_Chiragh.com Admin/span_Yes' is present (Root cause: com.kms.katalon.core.exception.StepFailedException: com.kms.katalon.core.webui.exception.WebElementNotFoundException: Web element with id: 'Object Repository/verification hod/rental documents/Page_Chiragh.com Admin/span_Yes' located by 'By.xpath: //mat-tab-body[@id='mat-tab-content-0-4']/div/app-rental/div/div[2]/div/div/span[2]' not found)
	at com.kms.katalon.core.keyword.internal.KeywordMain.stepFailed(KeywordMain.groovy:36)
	at com.kms.katalon.core.webui.keyword.internal.WebUIKeywordMain.stepFailed(WebUIKeywordMain.groovy:65)
	at com.kms.katalon.core.webui.keyword.internal.WebUIKeywordMain.runKeyword(WebUIKeywordMain.groovy:27)
	at com.kms.katalon.core.webui.keyword.builtin.VerifyElementPresentKeyword.verifyElementPresent(VerifyElementPresentKeyword.groovy:92)
	at com.kms.katalon.core.webui.keyword.builtin.VerifyElementPresentKeyword.execute(VerifyElementPresentKeyword.groovy:68)
	at com.kms.katalon.core.keyword.internal.KeywordExecutor.executeKeywordForPlatform(KeywordExecutor.groovy:53)
	at com.kms.katalon.core.webui.keyword.WebUiBuiltInKeywords.verifyElementPresent(WebUiBuiltInKeywords.groovy:1434)
	at com.kms.katalon.core.webui.keyword.WebUiBuiltInKeywords$verifyElementPresent$6.call(Unknown Source)
	at rental documents.run(rental documents:44)
	at com.kms.katalon.core.main.ScriptEngine.run(ScriptEngine.java:194)
	at com.kms.katalon.core.main.ScriptEngine.runScriptAsRawText(ScriptEngine.java:119)
	at com.kms.katalon.core.main.TestCaseExecutor.runScript(TestCaseExecutor.java:328)
	at com.kms.katalon.core.main.TestCaseExecutor.doExecute(TestCaseExecutor.java:319)
	at com.kms.katalon.core.main.TestCaseExecutor.processExecutionPhase(TestCaseExecutor.java:298)
	at com.kms.katalon.core.main.TestCaseExecutor.accessMainPhase(TestCaseExecutor.java:290)
	at com.kms.katalon.core.main.TestCaseExecutor.execute(TestCaseExecutor.java:224)
	at com.kms.katalon.core.main.TestSuiteExecutor.accessTestCaseMainPhase(TestSuiteExecutor.java:129)
	at com.kms.katalon.core.main.TestSuiteExecutor.accessTestSuiteMainPhase(TestSuiteExecutor.java:112)
	at com.kms.katalon.core.main.TestSuiteExecutor.execute(TestSuiteExecutor.java:81)
	at com.kms.katalon.core.main.TestCaseMain.startTestSuite(TestCaseMain.java:149)
	at com.kms.katalon.core.main.TestCaseMain$startTestSuite$0.call(Unknown Source)
	at TempTestSuite1555400048988.run(TempTestSuite1555400048988.groovy:36)


2019-04-16 13:09:20 - [MESSAGE][INFO] - Unable to find the element located by 'By.xpath: //mat-tab-body[@id='mat-tab-content-0-4']/div/app-rental/div/div[2]/div/div/span[2]'. Please recheck the objects properties to make sure the desired element is located. 

2019-04-16 13:09:21 - [MESSAGE][FAILED] - com.kms.katalon.core.webui.exception.WebElementNotFoundException: Web element with id: 'Object Repository/verification hod/rental documents/Page_Chiragh.com Admin/span_Yes' located by 'By.xpath: //mat-tab-body[@id='mat-tab-content-0-4']/div/app-rental/div/div[2]/div/div/span[2]' not found
[[ATTACHMENT|C:\\Users\\HP\\git\\chiraghAdminPanel\\Reports\\AdminTests\\20190416_123408\\1555402160649.png]]

2019-04-16 13:09:21 - [MESSAGE][FAILED] - Unable to verify object 'Object Repository/verification hod/rental documents/Page_Chiragh.com Admin/span_Yes' is present (Root cause: com.kms.katalon.core.exception.StepFailedException: com.kms.katalon.core.webui.exception.WebElementNotFoundException: Web element with id: 'Object Repository/verification hod/rental documents/Page_Chiragh.com Admin/span_Yes' located by 'By.xpath: //mat-tab-body[@id='mat-tab-content-0-4']/div/app-rental/div/div[2]/div/div/span[2]' not found)
[[ATTACHMENT|C:\\Users\\HP\\git\\chiraghAdminPanel\\Reports\\AdminTests\\20190416_123408\\1555402161091.png]]

2019-04-16 13:09:21 - [MESSAGE][FAILED] - if (verifyElementPresent(findTestObject("Object Repository/verification hod/rental documents/Page_Chiragh.com Admin/span_Yes"), 4)) FAILED.
Reason:
com.kms.katalon.core.exception.StepFailedException: Unable to verify object 'Object Repository/verification hod/rental documents/Page_Chiragh.com Admin/span_Yes' is present (Root cause: com.kms.katalon.core.exception.StepFailedException: com.kms.katalon.core.webui.exception.WebElementNotFoundException: Web element with id: 'Object Repository/verification hod/rental documents/Page_Chiragh.com Admin/span_Yes' located by 'By.xpath: //mat-tab-body[@id='mat-tab-content-0-4']/div/app-rental/div/div[2]/div/div/span[2]' not found)
	at com.kms.katalon.core.keyword.internal.KeywordMain.stepFailed(KeywordMain.groovy:36)
	at com.kms.katalon.core.webui.keyword.internal.WebUIKeywordMain.stepFailed(WebUIKeywordMain.groovy:65)
	at com.kms.katalon.core.webui.keyword.internal.WebUIKeywordMain.runKeyword(WebUIKeywordMain.groovy:27)
	at com.kms.katalon.core.webui.keyword.builtin.VerifyElementPresentKeyword.verifyElementPresent(VerifyElementPresentKeyword.groovy:92)
	at com.kms.katalon.core.webui.keyword.builtin.VerifyElementPresentKeyword.execute(VerifyElementPresentKeyword.groovy:68)
	at com.kms.katalon.core.keyword.internal.KeywordExecutor.executeKeywordForPlatform(KeywordExecutor.groovy:53)
	at com.kms.katalon.core.webui.keyword.WebUiBuiltInKeywords.verifyElementPresent(WebUiBuiltInKeywords.groovy:1434)
	at com.kms.katalon.core.webui.keyword.WebUiBuiltInKeywords$verifyElementPresent$6.call(Unknown Source)
	at rental documents.run(rental documents:44)
	at com.kms.katalon.core.main.ScriptEngine.run(ScriptEngine.java:194)
	at com.kms.katalon.core.main.ScriptEngine.runScriptAsRawText(ScriptEngine.java:119)
	at com.kms.katalon.core.main.TestCaseExecutor.runScript(TestCaseExecutor.java:328)
	at com.kms.katalon.core.main.TestCaseExecutor.doExecute(TestCaseExecutor.java:319)
	at com.kms.katalon.core.main.TestCaseExecutor.processExecutionPhase(TestCaseExecutor.java:298)
	at com.kms.katalon.core.main.TestCaseExecutor.accessMainPhase(TestCaseExecutor.java:290)
	at com.kms.katalon.core.main.TestCaseExecutor.execute(TestCaseExecutor.java:224)
	at com.kms.katalon.core.main.TestSuiteExecutor.accessTestCaseMainPhase(TestSuiteExecutor.java:129)
	at com.kms.katalon.core.main.TestSuiteExecutor.accessTestSuiteMainPhase(TestSuiteExecutor.java:112)
	at com.kms.katalon.core.main.TestSuiteExecutor.execute(TestSuiteExecutor.java:81)
	at com.kms.katalon.core.main.TestCaseMain.startTestSuite(TestCaseMain.java:149)
	at com.kms.katalon.core.main.TestCaseMain$startTestSuite$0.call(Unknown Source)
	at TempTestSuite1555400048988.run(TempTestSuite1555400048988.groovy:36)]]></system-out>
         <system-err><![CDATA[2019-04-16 13:08:32 - [TEST_CASE][FAILED] - Test Cases/verification hod/seller/rental documents: Test Cases/verification hod/seller/rental documents FAILED.
Reason:
com.kms.katalon.core.exception.StepFailedException: Unable to verify object 'Object Repository/verification hod/rental documents/Page_Chiragh.com Admin/span_Yes' is present (Root cause: com.kms.katalon.core.exception.StepFailedException: com.kms.katalon.core.webui.exception.WebElementNotFoundException: Web element with id: 'Object Repository/verification hod/rental documents/Page_Chiragh.com Admin/span_Yes' located by 'By.xpath: //mat-tab-body[@id='mat-tab-content-0-4']/div/app-rental/div/div[2]/div/div/span[2]' not found)
	at com.kms.katalon.core.keyword.internal.KeywordMain.stepFailed(KeywordMain.groovy:36)
	at com.kms.katalon.core.webui.keyword.internal.WebUIKeywordMain.stepFailed(WebUIKeywordMain.groovy:65)
	at com.kms.katalon.core.webui.keyword.internal.WebUIKeywordMain.runKeyword(WebUIKeywordMain.groovy:27)
	at com.kms.katalon.core.webui.keyword.builtin.VerifyElementPresentKeyword.verifyElementPresent(VerifyElementPresentKeyword.groovy:92)
	at com.kms.katalon.core.webui.keyword.builtin.VerifyElementPresentKeyword.execute(VerifyElementPresentKeyword.groovy:68)
	at com.kms.katalon.core.keyword.internal.KeywordExecutor.executeKeywordForPlatform(KeywordExecutor.groovy:53)
	at com.kms.katalon.core.webui.keyword.WebUiBuiltInKeywords.verifyElementPresent(WebUiBuiltInKeywords.groovy:1434)
	at com.kms.katalon.core.webui.keyword.WebUiBuiltInKeywords$verifyElementPresent$6.call(Unknown Source)
	at rental documents.run(rental documents:44)
	at com.kms.katalon.core.main.ScriptEngine.run(ScriptEngine.java:194)
	at com.kms.katalon.core.main.ScriptEngine.runScriptAsRawText(ScriptEngine.java:119)
	at com.kms.katalon.core.main.TestCaseExecutor.runScript(TestCaseExecutor.java:328)
	at com.kms.katalon.core.main.TestCaseExecutor.doExecute(TestCaseExecutor.java:319)
	at com.kms.katalon.core.main.TestCaseExecutor.processExecutionPhase(TestCaseExecutor.java:298)
	at com.kms.katalon.core.main.TestCaseExecutor.accessMainPhase(TestCaseExecutor.java:290)
	at com.kms.katalon.core.main.TestCaseExecutor.execute(TestCaseExecutor.java:224)
	at com.kms.katalon.core.main.TestSuiteExecutor.accessTestCaseMainPhase(TestSuiteExecutor.java:129)
	at com.kms.katalon.core.main.TestSuiteExecutor.accessTestSuiteMainPhase(TestSuiteExecutor.java:112)
	at com.kms.katalon.core.main.TestSuiteExecutor.execute(TestSuiteExecutor.java:81)
	at com.kms.katalon.core.main.TestCaseMain.startTestSuite(TestCaseMain.java:149)
	at com.kms.katalon.core.main.TestCaseMain$startTestSuite$0.call(Unknown Source)
	at TempTestSuite1555400048988.run(TempTestSuite1555400048988.groovy:36)]]></system-err>
      </testcase>
      <testcase name="Test Cases/verification hod/seller/request for change tab" classname="Test Cases/verification hod/seller/request for change tab" status="PASSED">
         <system-out><![CDATA[2019-04-16 13:09:21 - [TEST_CASE][PASSED] - Test Cases/verification hod/seller/request for change tab: Test Cases/verification hod/seller/request for change tab

2019-04-16 13:09:21 - [TEST_STEP][PASSED] - openBrowser(""): Browser is opened with url: ''

2019-04-16 13:09:21 - [MESSAGE][WARNING] - A browser is already opened. Closing browser and opening a new one

2019-04-16 13:09:22 - [MESSAGE][INFO] - Starting 'Chrome' driver

2019-04-16 13:09:25 - [MESSAGE][PASSED] - Browser is opened with url: ''

2019-04-16 13:09:25 - [TEST_STEP][PASSED] - navigateToUrl(url): Navigate to 'http://admin-chiragh.surge.sh' successfully

2019-04-16 13:09:44 - [MESSAGE][PASSED] - Navigate to 'http://admin-chiragh.surge.sh' successfully

2019-04-16 13:09:44 - [TEST_STEP][PASSED] - maximizeWindow(): Current window maximized

2019-04-16 13:09:46 - [MESSAGE][PASSED] - Current window maximized

2019-04-16 13:09:46 - [TEST_STEP][PASSED] - waitForPageLoad(8): Wait for page load successfully

2019-04-16 13:09:46 - [MESSAGE][PASSED] - Wait for page load successfully

2019-04-16 13:09:46 - [TEST_STEP][PASSED] - click(findTestObject("Object Repository/verification hod/request for change/Page_Chiragh.com Admin/div_Username")): Object: 'Object Repository/verification hod/request for change/Page_Chiragh.com Admin/div_Username' is clicked on

2019-04-16 13:09:46 - [MESSAGE][PASSED] - Object: 'Object Repository/verification hod/request for change/Page_Chiragh.com Admin/div_Username' is clicked on

2019-04-16 13:09:46 - [TEST_STEP][PASSED] - setText(findTestObject("Object Repository/verification hod/request for change/Page_Chiragh.com Admin/input_Admin Panel_userName"), "arsalankhalid"): Text 'arsalankhalid' is set on object 'Object Repository/verification hod/request for change/Page_Chiragh.com Admin/input_Admin Panel_userName'

2019-04-16 13:09:46 - [MESSAGE][PASSED] - Text 'arsalankhalid' is set on object 'Object Repository/verification hod/request for change/Page_Chiragh.com Admin/input_Admin Panel_userName'

2019-04-16 13:09:46 - [TEST_STEP][PASSED] - click(findTestObject("Object Repository/verification hod/request for change/Page_Chiragh.com Admin/div_Password")): Object: 'Object Repository/verification hod/request for change/Page_Chiragh.com Admin/div_Password' is clicked on

2019-04-16 13:09:46 - [MESSAGE][PASSED] - Object: 'Object Repository/verification hod/request for change/Page_Chiragh.com Admin/div_Password' is clicked on

2019-04-16 13:09:46 - [TEST_STEP][PASSED] - setEncryptedText(findTestObject("Object Repository/verification hod/request for change/Page_Chiragh.com Admin/input_Username_password"), "RigbBhfdqODKcAsiUrg+1Q=="): Text ****** has been set on object 'Object Repository/verification hod/request for change/Page_Chiragh.com Admin/input_Username_password'

2019-04-16 13:09:46 - [MESSAGE][PASSED] - Text ****** has been set on object 'Object Repository/verification hod/request for change/Page_Chiragh.com Admin/input_Username_password'

2019-04-16 13:09:46 - [TEST_STEP][PASSED] - click(findTestObject("Object Repository/verification hod/request for change/Page_Chiragh.com Admin/button_Login")): Object: 'Object Repository/verification hod/request for change/Page_Chiragh.com Admin/button_Login' is clicked on

2019-04-16 13:09:47 - [MESSAGE][PASSED] - Object: 'Object Repository/verification hod/request for change/Page_Chiragh.com Admin/button_Login' is clicked on

2019-04-16 13:09:47 - [TEST_STEP][PASSED] - click(findTestObject("Object Repository/verification hod/request for change/Page_Chiragh.com Admin/a_Request for Change")): Object: 'Object Repository/verification hod/request for change/Page_Chiragh.com Admin/a_Request for Change' is clicked on

2019-04-16 13:09:53 - [MESSAGE][PASSED] - Object: 'Object Repository/verification hod/request for change/Page_Chiragh.com Admin/a_Request for Change' is clicked on

2019-04-16 13:09:53 - [TEST_STEP][PASSED] - delay(8): Delayed 8 second(s)

2019-04-16 13:10:01 - [MESSAGE][PASSED] - Delayed 8 second(s)

2019-04-16 13:10:01 - [TEST_STEP][PASSED] - click(findTestObject("Object Repository/verification hod/request for change/Page_Chiragh.com Admin/a_FIVE STAR HOTEL 30 Bed Hotel")): Object: 'Object Repository/verification hod/request for change/Page_Chiragh.com Admin/a_FIVE STAR HOTEL 30 Bed Hotel' is clicked on

2019-04-16 13:10:02 - [MESSAGE][PASSED] - Object: 'Object Repository/verification hod/request for change/Page_Chiragh.com Admin/a_FIVE STAR HOTEL 30 Bed Hotel' is clicked on

2019-04-16 13:10:02 - [TEST_STEP][PASSED] - verifyElementPresent(findTestObject("Object Repository/verification hod/request for change/Page_Chiragh.com Admin/span_Your are in request for c"), 4): Object 'Object Repository/verification hod/request for change/Page_Chiragh.com Admin/span_Your are in request for c' is present

2019-04-16 13:10:04 - [MESSAGE][PASSED] - Object 'Object Repository/verification hod/request for change/Page_Chiragh.com Admin/span_Your are in request for c' is present

2019-04-16 13:10:04 - [TEST_STEP][PASSED] - verifyElementPresent(findTestObject("Object Repository/verification hod/request for change/Page_Chiragh.com Admin/span_Total Requests"), 4): Object 'Object Repository/verification hod/request for change/Page_Chiragh.com Admin/span_Total Requests' is present

2019-04-16 13:10:04 - [MESSAGE][PASSED] - Object 'Object Repository/verification hod/request for change/Page_Chiragh.com Admin/span_Total Requests' is present

2019-04-16 13:10:04 - [TEST_STEP][PASSED] - click(findTestObject("Object Repository/verification hod/request for change/Page_Chiragh.com Admin/img")): Object: 'Object Repository/verification hod/request for change/Page_Chiragh.com Admin/img' is clicked on

2019-04-16 13:10:04 - [MESSAGE][PASSED] - Object: 'Object Repository/verification hod/request for change/Page_Chiragh.com Admin/img' is clicked on

2019-04-16 13:10:04 - [TEST_STEP][PASSED] - closeBrowser(): Browser is closed

2019-04-16 13:10:04 - [MESSAGE][PASSED] - Browser is closed]]></system-out>
         <system-err><![CDATA[]]></system-err>
      </testcase>
      <system-out><![CDATA[2019-04-16 12:34:11 - [TEST_SUITE][FAILED] - AdminTests: Test Cases/brokerage department FAILED.
Reason:
com.kms.katalon.core.exception.StepFailedException: Unable to click on object 'Object Repository/brokerage department/Page_Chiragh.com Admin/a_June Light Hotel_fas fa-bars_2' (Root cause: org.openqa.selenium.WebDriverException: chrome not reachable
  (Session info: chrome=73.0.3683.103)
  (Driver info: chromedriver=2.43.600210 (68dcf5eebde37173d4027fa8635e332711d2874a),platform=Windows NT 10.0.17134 x86_64) (WARNING: The server did not provide any stacktrace information)
Command duration or timeout: 0 milliseconds
Build info: version: '3.7.1', revision: '8a0099a', time: '2017-11-06T21:07:36.161Z'
System info: host: 'DESKTOP-2D7LI1O', ip: '192.168.100.4', os.name: 'Windows 10', os.arch: 'amd64', os.version: '10.0', java.version: '1.8.0_181'
Driver info: com.kms.katalon.selenium.driver.CChromeDriver
Capabilities {acceptInsecureCerts: false, acceptSslCerts: false, applicationCacheEnabled: false, browserConnectionEnabled: false, browserName: chrome, chrome: {chromedriverVersion: 2.43.600210 (68dcf5eebde371..., userDataDir: C:\Users\HP\AppData\Local\T...}, cssSelectorsEnabled: true, databaseEnabled: false, goog:chromeOptions: {debuggerAddress: localhost:59799}, handlesAlerts: true, hasTouchScreen: false, javascriptEnabled: true, locationContextEnabled: true, mobileEmulationEnabled: false, nativeEvents: true, networkConnectionEnabled: false, pageLoadStrategy: normal, platform: XP, platformName: XP, rotatable: false, setWindowRect: true, takesHeapSnapshot: true, takesScreenshot: true, unexpectedAlertBehaviour: , unhandledPromptBehavior: , version: 73.0.3683.103, webStorageEnabled: true}
Session ID: 4dfb5875481b038854f6ee61f7275336
*** Element info: {Using=xpath, value=/html/body/app-root/app-layout/div/app-md/app-seller/app-leads/section/div/div/div/div/table/tbody/tr[1]/td[2]/div/div/a})
	at com.kms.katalon.core.keyword.internal.KeywordMain.stepFailed(KeywordMain.groovy:36)
	at com.kms.katalon.core.webui.keyword.internal.WebUIKeywordMain.stepFailed(WebUIKeywordMain.groovy:65)
	at com.kms.katalon.core.webui.keyword.internal.WebUIKeywordMain.runKeyword(WebUIKeywordMain.groovy:27)
	at com.kms.katalon.core.webui.keyword.builtin.ClickKeyword.click(ClickKeyword.groovy:86)
	at com.kms.katalon.core.webui.keyword.builtin.ClickKeyword.execute(ClickKeyword.groovy:67)
	at com.kms.katalon.core.keyword.internal.KeywordExecutor.executeKeywordForPlatform(KeywordExecutor.groovy:53)
	at com.kms.katalon.core.webui.keyword.WebUiBuiltInKeywords.click(WebUiBuiltInKeywords.groovy:616)
	at com.kms.katalon.core.webui.keyword.WebUiBuiltInKeywords$click$2.call(Unknown Source)
	at brokerage department.run(brokerage department:181)
	at com.kms.katalon.core.main.ScriptEngine.run(ScriptEngine.java:194)
	at com.kms.katalon.core.main.ScriptEngine.runScriptAsRawText(ScriptEngine.java:119)
	at com.kms.katalon.core.main.TestCaseExecutor.runScript(TestCaseExecutor.java:328)
	at com.kms.katalon.core.main.TestCaseExecutor.doExecute(TestCaseExecutor.java:319)
	at com.kms.katalon.core.main.TestCaseExecutor.processExecutionPhase(TestCaseExecutor.java:298)
	at com.kms.katalon.core.main.TestCaseExecutor.accessMainPhase(TestCaseExecutor.java:290)
	at com.kms.katalon.core.main.TestCaseExecutor.execute(TestCaseExecutor.java:224)
	at com.kms.katalon.core.main.TestSuiteExecutor.accessTestCaseMainPhase(TestSuiteExecutor.java:129)
	at com.kms.katalon.core.main.TestSuiteExecutor.accessTestSuiteMainPhase(TestSuiteExecutor.java:112)
	at com.kms.katalon.core.main.TestSuiteExecutor.execute(TestSuiteExecutor.java:81)
	at com.kms.katalon.core.main.TestCaseMain.startTestSuite(TestCaseMain.java:149)
	at com.kms.katalon.core.main.TestCaseMain$startTestSuite$0.call(Unknown Source)
	at TempTestSuite1555400048988.run(TempTestSuite1555400048988.groovy:36)]]></system-out>
      <system-err><![CDATA[2019-04-16 12:34:11 - [TEST_SUITE][FAILED] - AdminTests: Test Cases/brokerage department FAILED.
Reason:
com.kms.katalon.core.exception.StepFailedException: Unable to click on object 'Object Repository/brokerage department/Page_Chiragh.com Admin/a_June Light Hotel_fas fa-bars_2' (Root cause: org.openqa.selenium.WebDriverException: chrome not reachable
  (Session info: chrome=73.0.3683.103)
  (Driver info: chromedriver=2.43.600210 (68dcf5eebde37173d4027fa8635e332711d2874a),platform=Windows NT 10.0.17134 x86_64) (WARNING: The server did not provide any stacktrace information)
Command duration or timeout: 0 milliseconds
Build info: version: '3.7.1', revision: '8a0099a', time: '2017-11-06T21:07:36.161Z'
System info: host: 'DESKTOP-2D7LI1O', ip: '192.168.100.4', os.name: 'Windows 10', os.arch: 'amd64', os.version: '10.0', java.version: '1.8.0_181'
Driver info: com.kms.katalon.selenium.driver.CChromeDriver
Capabilities {acceptInsecureCerts: false, acceptSslCerts: false, applicationCacheEnabled: false, browserConnectionEnabled: false, browserName: chrome, chrome: {chromedriverVersion: 2.43.600210 (68dcf5eebde371..., userDataDir: C:\Users\HP\AppData\Local\T...}, cssSelectorsEnabled: true, databaseEnabled: false, goog:chromeOptions: {debuggerAddress: localhost:59799}, handlesAlerts: true, hasTouchScreen: false, javascriptEnabled: true, locationContextEnabled: true, mobileEmulationEnabled: false, nativeEvents: true, networkConnectionEnabled: false, pageLoadStrategy: normal, platform: XP, platformName: XP, rotatable: false, setWindowRect: true, takesHeapSnapshot: true, takesScreenshot: true, unexpectedAlertBehaviour: , unhandledPromptBehavior: , version: 73.0.3683.103, webStorageEnabled: true}
Session ID: 4dfb5875481b038854f6ee61f7275336
*** Element info: {Using=xpath, value=/html/body/app-root/app-layout/div/app-md/app-seller/app-leads/section/div/div/div/div/table/tbody/tr[1]/td[2]/div/div/a})
	at com.kms.katalon.core.keyword.internal.KeywordMain.stepFailed(KeywordMain.groovy:36)
	at com.kms.katalon.core.webui.keyword.internal.WebUIKeywordMain.stepFailed(WebUIKeywordMain.groovy:65)
	at com.kms.katalon.core.webui.keyword.internal.WebUIKeywordMain.runKeyword(WebUIKeywordMain.groovy:27)
	at com.kms.katalon.core.webui.keyword.builtin.ClickKeyword.click(ClickKeyword.groovy:86)
	at com.kms.katalon.core.webui.keyword.builtin.ClickKeyword.execute(ClickKeyword.groovy:67)
	at com.kms.katalon.core.keyword.internal.KeywordExecutor.executeKeywordForPlatform(KeywordExecutor.groovy:53)
	at com.kms.katalon.core.webui.keyword.WebUiBuiltInKeywords.click(WebUiBuiltInKeywords.groovy:616)
	at com.kms.katalon.core.webui.keyword.WebUiBuiltInKeywords$click$2.call(Unknown Source)
	at brokerage department.run(brokerage department:181)
	at com.kms.katalon.core.main.ScriptEngine.run(ScriptEngine.java:194)
	at com.kms.katalon.core.main.ScriptEngine.runScriptAsRawText(ScriptEngine.java:119)
	at com.kms.katalon.core.main.TestCaseExecutor.runScript(TestCaseExecutor.java:328)
	at com.kms.katalon.core.main.TestCaseExecutor.doExecute(TestCaseExecutor.java:319)
	at com.kms.katalon.core.main.TestCaseExecutor.processExecutionPhase(TestCaseExecutor.java:298)
	at com.kms.katalon.core.main.TestCaseExecutor.accessMainPhase(TestCaseExecutor.java:290)
	at com.kms.katalon.core.main.TestCaseExecutor.execute(TestCaseExecutor.java:224)
	at com.kms.katalon.core.main.TestSuiteExecutor.accessTestCaseMainPhase(TestSuiteExecutor.java:129)
	at com.kms.katalon.core.main.TestSuiteExecutor.accessTestSuiteMainPhase(TestSuiteExecutor.java:112)
	at com.kms.katalon.core.main.TestSuiteExecutor.execute(TestSuiteExecutor.java:81)
	at com.kms.katalon.core.main.TestCaseMain.startTestSuite(TestCaseMain.java:149)
	at com.kms.katalon.core.main.TestCaseMain$startTestSuite$0.call(Unknown Source)
	at TempTestSuite1555400048988.run(TempTestSuite1555400048988.groovy:36)]]></system-err>
   </testsuite>
</testsuites>
