<?xml version="1.0" encoding="UTF-8"?>
<testsuites name="ChiraghWeb_FrontEnd_SmokeTests" time="2293.954" tests="22" failures="2" errors="2">
   <testsuite name="ChiraghWeb_FrontEnd_SmokeTests" tests="22" failures="2" errors="2" time="2293.954" timestamp="2020-04-07 00:42:52" hostname="hp - Adnan" id="Test Suites/ChiraghWeb_FrontEnd_SmokeTests">
      <properties>
         <property name="deviceName" value=""/>
         <property name="devicePlatform" value=""/>
         <property name="logFolder" value="C:\\Users\\hp\\git\\chiraghAdminPanel\\Reports\\20200407_004243\\ChiraghWeb_FrontEnd_SmokeTests\\20200407_004243"/>
         <property name="logFiles" value="C:\\Users\\hp\\git\\chiraghAdminPanel\\Reports\\20200407_004243\\ChiraghWeb_FrontEnd_SmokeTests\\20200407_004243\\execution0.log"/>
         <property name="attachments" value="C:\\Users\\hp\\git\\chiraghAdminPanel\\Reports\\20200407_004243\\ChiraghWeb_FrontEnd_SmokeTests\\20200407_004243/videos\\test_1.mov, C:\\Users\\hp\\git\\chiraghAdminPanel\\Reports\\20200407_004243\\ChiraghWeb_FrontEnd_SmokeTests\\20200407_004243/videos\\test_2.mov, C:\\Users\\hp\\git\\chiraghAdminPanel\\Reports\\20200407_004243\\ChiraghWeb_FrontEnd_SmokeTests\\20200407_004243/videos\\test_3.mov, C:\\Users\\hp\\git\\chiraghAdminPanel\\Reports\\20200407_004243\\ChiraghWeb_FrontEnd_SmokeTests\\20200407_004243/videos\\test_4.mov, C:\\Users\\hp\\git\\chiraghAdminPanel\\Reports\\20200407_004243\\ChiraghWeb_FrontEnd_SmokeTests\\20200407_004243/videos\\test_5.mov, C:\\Users\\hp\\git\\chiraghAdminPanel\\Reports\\20200407_004243\\ChiraghWeb_FrontEnd_SmokeTests\\20200407_004243/videos\\test_6.mov, C:\\Users\\hp\\git\\chiraghAdminPanel\\Reports\\20200407_004243\\ChiraghWeb_FrontEnd_SmokeTests\\20200407_004243/videos\\test_7.mov, C:\\Users\\hp\\git\\chiraghAdminPanel\\Reports\\20200407_004243\\ChiraghWeb_FrontEnd_SmokeTests\\20200407_004243/videos\\test_8.mov, C:\\Users\\hp\\git\\chiraghAdminPanel\\Reports\\20200407_004243\\ChiraghWeb_FrontEnd_SmokeTests\\20200407_004243/videos\\test_9.mov, C:\\Users\\hp\\git\\chiraghAdminPanel\\Reports\\20200407_004243\\ChiraghWeb_FrontEnd_SmokeTests\\20200407_004243/videos\\test_10.mov, C:\\Users\\hp\\git\\chiraghAdminPanel\\Reports\\20200407_004243\\ChiraghWeb_FrontEnd_SmokeTests\\20200407_004243/videos\\test_11.mov, C:\\Users\\hp\\git\\chiraghAdminPanel\\Reports\\20200407_004243\\ChiraghWeb_FrontEnd_SmokeTests\\20200407_004243/videos\\test_12.mov, C:\\Users\\hp\\git\\chiraghAdminPanel\\Reports\\20200407_004243\\ChiraghWeb_FrontEnd_SmokeTests\\20200407_004243/videos\\test_13.mov, C:\\Users\\hp\\git\\chiraghAdminPanel\\Reports\\20200407_004243\\ChiraghWeb_FrontEnd_SmokeTests\\20200407_004243\\1586203834119.png, C:\\Users\\hp\\git\\chiraghAdminPanel\\Reports\\20200407_004243\\ChiraghWeb_FrontEnd_SmokeTests\\20200407_004243\\1586203834425.png, C:\\Users\\hp\\git\\chiraghAdminPanel\\Reports\\20200407_004243\\ChiraghWeb_FrontEnd_SmokeTests\\20200407_004243/videos\\test_14.mov, C:\\Users\\hp\\git\\chiraghAdminPanel\\Reports\\20200407_004243\\ChiraghWeb_FrontEnd_SmokeTests\\20200407_004243/videos\\test_15.mov, C:\\Users\\hp\\git\\chiraghAdminPanel\\Reports\\20200407_004243\\ChiraghWeb_FrontEnd_SmokeTests\\20200407_004243\\1586204040941.png, C:\\Users\\hp\\git\\chiraghAdminPanel\\Reports\\20200407_004243\\ChiraghWeb_FrontEnd_SmokeTests\\20200407_004243/videos\\test_16.mov, C:\\Users\\hp\\git\\chiraghAdminPanel\\Reports\\20200407_004243\\ChiraghWeb_FrontEnd_SmokeTests\\20200407_004243/videos\\test_17.mov, C:\\Users\\hp\\git\\chiraghAdminPanel\\Reports\\20200407_004243\\ChiraghWeb_FrontEnd_SmokeTests\\20200407_004243/videos\\test_18.mov, C:\\Users\\hp\\git\\chiraghAdminPanel\\Reports\\20200407_004243\\ChiraghWeb_FrontEnd_SmokeTests\\20200407_004243/videos\\test_19.mov, C:\\Users\\hp\\git\\chiraghAdminPanel\\Reports\\20200407_004243\\ChiraghWeb_FrontEnd_SmokeTests\\20200407_004243/videos\\test_20.mov, C:\\Users\\hp\\git\\chiraghAdminPanel\\Reports\\20200407_004243\\ChiraghWeb_FrontEnd_SmokeTests\\20200407_004243/videos\\test_21.mov"/>
         <property name="hostName" value="hp - Adnan"/>
         <property name="os" value="Windows 10 64bit"/>
         <property name="katalonVersion" value="7.2.6.1"/>
         <property name="browser" value="Chrome 80.0.3987.149"/>
         <property name="hostAddress" value="192.168.0.58"/>
         <property name="sessionId" value="ae3be745d2eaf404ceb303786d4fb47a"/>
         <property name="seleniumVersion" value="3.141.59"/>
         <property name="proxyInformation" value="ProxyInformation{proxyOption=USE_SYSTEM, proxyServerType=HTTP, password=, proxyServerAddress=, proxyServerPort=0, executionList=}"/>
         <property name="platform" value="Windows 10"/>
      </properties>
      <testcase name="Test Cases/Front End/TC_LoginWithValidCredentials_001" time="90.686" classname="Test Cases/Front End/TC_LoginWithValidCredentials_001" status="PASSED">
         <system-out><![CDATA[2020-04-07 00:42:53 - [TEST_CASE][PASSED] - Test Cases/Front End/TC_LoginWithValidCredentials_001: Test Cases/Front End/TC_LoginWithValidCredentials_001

2020-04-07 00:42:54 - [TEST_STEP][PASSED] - openBrowser(""): Browser is opened with url: ''

2020-04-07 00:42:54 - [MESSAGE][INFO] - Starting 'Chrome' driver

2020-04-07 00:42:54 - [MESSAGE][INFO] - Action delay is set to 0 seconds

2020-04-07 00:43:01 - [MESSAGE][PASSED] - Browser is opened with url: ''

2020-04-07 00:43:01 - [TEST_STEP][PASSED] - navigateToUrl(Url): Navigate to 'http://test.chiragh.com' successfully

2020-04-07 00:43:44 - [MESSAGE][PASSED] - Navigate to 'http://test.chiragh.com' successfully

2020-04-07 00:43:44 - [TEST_STEP][PASSED] - waitForPageLoad(15): Wait for page load successfully

2020-04-07 00:43:44 - [MESSAGE][PASSED] - Wait for page load successfully

2020-04-07 00:43:44 - [TEST_STEP][PASSED] - maximizeWindow(): Current window maximized

2020-04-07 00:43:48 - [MESSAGE][PASSED] - Current window maximized

2020-04-07 00:43:48 - [TEST_STEP][PASSED] - delay(3): Delayed 3 second(s)

2020-04-07 00:43:51 - [MESSAGE][PASSED] - Delayed 3 second(s)

2020-04-07 00:43:51 - [TEST_STEP][PASSED] - click(findTestObject("Object Repository/Front End Objects/LoginWithValidCredentials/Page_Chiragh - Home/a_ENG_dropdownMenuLink")): Object: 'Object Repository/Front End Objects/LoginWithValidCredentials/Page_Chiragh - Home/a_ENG_dropdownMenuLink' is clicked on

2020-04-07 00:43:52 - [MESSAGE][PASSED] - Object: 'Object Repository/Front End Objects/LoginWithValidCredentials/Page_Chiragh - Home/a_ENG_dropdownMenuLink' is clicked on

2020-04-07 00:43:52 - [TEST_STEP][PASSED] - click(findTestObject("Object Repository/Front End Objects/LoginWithValidCredentials/Page_Chiragh - Home/a_Login")): Object: 'Object Repository/Front End Objects/LoginWithValidCredentials/Page_Chiragh - Home/a_Login' is clicked on

2020-04-07 00:43:54 - [MESSAGE][PASSED] - Object: 'Object Repository/Front End Objects/LoginWithValidCredentials/Page_Chiragh - Home/a_Login' is clicked on

2020-04-07 00:43:54 - [TEST_STEP][PASSED] - setText(findTestObject("Object Repository/Front End Objects/LoginWithValidCredentials/Page_Chiragh - Login/input_Username_un"), userName): Text 'AUTOCHIRAGH' is set on object 'Object Repository/Front End Objects/LoginWithValidCredentials/Page_Chiragh - Login/input_Username_un'

2020-04-07 00:43:55 - [MESSAGE][PASSED] - Text 'AUTOCHIRAGH' is set on object 'Object Repository/Front End Objects/LoginWithValidCredentials/Page_Chiragh - Login/input_Username_un'

2020-04-07 00:43:55 - [TEST_STEP][PASSED] - setEncryptedText(findTestObject("Object Repository/Front End Objects/LoginWithValidCredentials/Page_Chiragh - Login/input_Password_userPassword"), "RigbBhfdqOBDK95asqKeHw=="): Text ****** has been set on object 'Object Repository/Front End Objects/LoginWithValidCredentials/Page_Chiragh - Login/input_Password_userPassword'

2020-04-07 00:43:55 - [MESSAGE][PASSED] - Text ****** has been set on object 'Object Repository/Front End Objects/LoginWithValidCredentials/Page_Chiragh - Login/input_Password_userPassword'

2020-04-07 00:43:55 - [TEST_STEP][PASSED] - click(findTestObject("Object Repository/Front End Objects/LoginWithValidCredentials/Page_Chiragh - Login/button_Log In")): Object: 'Object Repository/Front End Objects/LoginWithValidCredentials/Page_Chiragh - Login/button_Log In' is clicked on

2020-04-07 00:43:56 - [MESSAGE][PASSED] - Object: 'Object Repository/Front End Objects/LoginWithValidCredentials/Page_Chiragh - Login/button_Log In' is clicked on

2020-04-07 00:43:56 - [TEST_STEP][PASSED] - waitForPageLoad(15): Wait for page load successfully

2020-04-07 00:43:56 - [MESSAGE][PASSED] - Wait for page load successfully

2020-04-07 00:43:56 - [TEST_STEP][PASSED] - click(findTestObject("Object Repository/Front End Objects/LoginWithValidCredentials/Page_Chiragh - Home/a_a month ago_dropdownMenuLink")): Object: 'Object Repository/Front End Objects/LoginWithValidCredentials/Page_Chiragh - Home/a_a month ago_dropdownMenuLink' is clicked on

2020-04-07 00:44:04 - [MESSAGE][PASSED] - Object: 'Object Repository/Front End Objects/LoginWithValidCredentials/Page_Chiragh - Home/a_a month ago_dropdownMenuLink' is clicked on

2020-04-07 00:44:04 - [TEST_STEP][PASSED] - delay(5): Delayed 5 second(s)

2020-04-07 00:44:09 - [MESSAGE][PASSED] - Delayed 5 second(s)

2020-04-07 00:44:09 - [TEST_STEP][PASSED] - click(findTestObject("Object Repository/Front End Objects/LoginWithValidCredentials/Page_Chiragh - Home/a_HI AutoChiragh")): Object: 'Object Repository/Front End Objects/LoginWithValidCredentials/Page_Chiragh - Home/a_HI AutoChiragh' is clicked on

2020-04-07 00:44:10 - [MESSAGE][PASSED] - Object: 'Object Repository/Front End Objects/LoginWithValidCredentials/Page_Chiragh - Home/a_HI AutoChiragh' is clicked on

2020-04-07 00:44:10 - [TEST_STEP][PASSED] - delay(10): Delayed 10 second(s)

2020-04-07 00:44:20 - [MESSAGE][PASSED] - Delayed 10 second(s)

2020-04-07 00:44:20 - [TEST_STEP][PASSED] - verifyTextPresent(userName, true): Text 'AUTOCHIRAGH' is present on page  using regular expression

2020-04-07 00:44:21 - [MESSAGE][PASSED] - Text 'AUTOCHIRAGH' is present on page  using regular expression

2020-04-07 00:44:21 - [TEST_STEP][PASSED] - closeBrowser(): Browser is closed

2020-04-07 00:44:22 - [MESSAGE][PASSED] - Browser is closed

2020-04-07 00:44:24 - [TEST_STEP][PASSED] - Video: Video recording for test case 'Test Cases/Front End/TC_LoginWithValidCredentials_001' .

2020-04-07 00:44:24 - [MESSAGE][INFO] - Video recording for test case 'Test Cases/Front End/TC_LoginWithValidCredentials_001' .
[[ATTACHMENT|C:\\Users\\hp\\git\\chiraghAdminPanel\\Reports\\20200407_004243\\ChiraghWeb_FrontEnd_SmokeTests\\20200407_004243/videos\\test_1.mov]]]]></system-out>
         <system-err><![CDATA[]]></system-err>
      </testcase>
      <testcase name="Test Cases/Front End/TC_SmokeTests_006" time="274.503" classname="Test Cases/Front End/TC_SmokeTests_006" status="PASSED">
         <system-out><![CDATA[2020-04-07 00:44:24 - [TEST_CASE][PASSED] - Test Cases/Front End/TC_SmokeTests_006: Test Cases/Front End/TC_SmokeTests_006

2020-04-07 00:44:24 - [TEST_STEP][PASSED] - openBrowser(""): Browser is opened with url: ''

2020-04-07 00:44:24 - [MESSAGE][INFO] - Starting 'Chrome' driver

2020-04-07 00:44:30 - [MESSAGE][PASSED] - Browser is opened with url: ''

2020-04-07 00:44:30 - [TEST_STEP][PASSED] - navigateToUrl(Url): Navigate to 'http://test.chiragh.com' successfully

2020-04-07 00:45:40 - [MESSAGE][PASSED] - Navigate to 'http://test.chiragh.com' successfully

2020-04-07 00:45:40 - [TEST_STEP][PASSED] - waitForPageLoad(15): Wait for page load successfully

2020-04-07 00:45:40 - [MESSAGE][PASSED] - Wait for page load successfully

2020-04-07 00:45:40 - [TEST_STEP][PASSED] - maximizeWindow(): Current window maximized

2020-04-07 00:45:44 - [MESSAGE][PASSED] - Current window maximized

2020-04-07 00:45:44 - [TEST_STEP][PASSED] - delay(3): Delayed 3 second(s)

2020-04-07 00:45:47 - [MESSAGE][PASSED] - Delayed 3 second(s)

2020-04-07 00:45:47 - [TEST_STEP][PASSED] - verifyElementText(findTestObject("SmokeTests/Page_Chiragh - Home/h1_Dubais Leading Online Real Estate Auction"), "Dubai's Leading Online Real Estate Auction"): Actual text and expected text of test object 'Object Repository/SmokeTests/Page_Chiragh - Home/h1_Dubais Leading Online Real Estate Auction' are matched.

2020-04-07 00:45:48 - [MESSAGE][PASSED] - Actual text and expected text of test object 'Object Repository/SmokeTests/Page_Chiragh - Home/h1_Dubais Leading Online Real Estate Auction' are matched.

2020-04-07 00:45:48 - [TEST_STEP][PASSED] - verifyElementText(findTestObject("Page_Chiragh - Home/h2_Current Auctions"), "Current Auctions"): Actual text and expected text of test object 'Object Repository/Page_Chiragh - Home/h2_Current Auctions' are matched.

2020-04-07 00:45:48 - [MESSAGE][PASSED] - Actual text and expected text of test object 'Object Repository/Page_Chiragh - Home/h2_Current Auctions' are matched.

2020-04-07 00:45:48 - [TEST_STEP][PASSED] - verifyAllLinksOnCurrentPageAccessible(false, []): All links on the page 'http://test.chiragh.com/' are accessible

2020-04-07 00:45:51 - [MESSAGE][PASSED] - Found 81 unique links on the page http://test.chiragh.com/

2020-04-07 00:45:53 - [MESSAGE][INFO] - HAR: C:\Users\hp\git\chiraghAdminPanel\Reports\20200407_004243\ChiraghWeb_FrontEnd_SmokeTests\20200407_004243\requests\main\0.har

2020-04-07 00:45:53 - [MESSAGE][PASSED] - Send request successfully

2020-04-07 00:45:53 - [MESSAGE][INFO] - HAR: C:\Users\hp\git\chiraghAdminPanel\Reports\20200407_004243\ChiraghWeb_FrontEnd_SmokeTests\20200407_004243\requests\main\1.har

2020-04-07 00:45:53 - [MESSAGE][PASSED] - Send request successfully

2020-04-07 00:45:54 - [MESSAGE][INFO] - HAR: C:\Users\hp\git\chiraghAdminPanel\Reports\20200407_004243\ChiraghWeb_FrontEnd_SmokeTests\20200407_004243\requests\main\2.har

2020-04-07 00:45:54 - [MESSAGE][PASSED] - Send request successfully

2020-04-07 00:45:55 - [MESSAGE][INFO] - HAR: C:\Users\hp\git\chiraghAdminPanel\Reports\20200407_004243\ChiraghWeb_FrontEnd_SmokeTests\20200407_004243\requests\main\3.har

2020-04-07 00:45:55 - [MESSAGE][PASSED] - Send request successfully

2020-04-07 00:45:56 - [MESSAGE][INFO] - HAR: C:\Users\hp\git\chiraghAdminPanel\Reports\20200407_004243\ChiraghWeb_FrontEnd_SmokeTests\20200407_004243\requests\main\4.har

2020-04-07 00:45:56 - [MESSAGE][PASSED] - Send request successfully

2020-04-07 00:45:57 - [MESSAGE][INFO] - HAR: C:\Users\hp\git\chiraghAdminPanel\Reports\20200407_004243\ChiraghWeb_FrontEnd_SmokeTests\20200407_004243\requests\main\5.har

2020-04-07 00:45:57 - [MESSAGE][PASSED] - Send request successfully

2020-04-07 00:45:58 - [MESSAGE][INFO] - HAR: C:\Users\hp\git\chiraghAdminPanel\Reports\20200407_004243\ChiraghWeb_FrontEnd_SmokeTests\20200407_004243\requests\main\6.har

2020-04-07 00:45:58 - [MESSAGE][PASSED] - Send request successfully

2020-04-07 00:45:58 - [MESSAGE][INFO] - HAR: C:\Users\hp\git\chiraghAdminPanel\Reports\20200407_004243\ChiraghWeb_FrontEnd_SmokeTests\20200407_004243\requests\main\7.har

2020-04-07 00:45:58 - [MESSAGE][PASSED] - Send request successfully

2020-04-07 00:45:59 - [MESSAGE][INFO] - HAR: C:\Users\hp\git\chiraghAdminPanel\Reports\20200407_004243\ChiraghWeb_FrontEnd_SmokeTests\20200407_004243\requests\main\8.har

2020-04-07 00:45:59 - [MESSAGE][PASSED] - Send request successfully

2020-04-07 00:45:59 - [MESSAGE][INFO] - HAR: C:\Users\hp\git\chiraghAdminPanel\Reports\20200407_004243\ChiraghWeb_FrontEnd_SmokeTests\20200407_004243\requests\main\9.har

2020-04-07 00:45:59 - [MESSAGE][PASSED] - Send request successfully

2020-04-07 00:46:00 - [MESSAGE][INFO] - HAR: C:\Users\hp\git\chiraghAdminPanel\Reports\20200407_004243\ChiraghWeb_FrontEnd_SmokeTests\20200407_004243\requests\main\10.har

2020-04-07 00:46:00 - [MESSAGE][PASSED] - Send request successfully

2020-04-07 00:46:01 - [MESSAGE][INFO] - HAR: C:\Users\hp\git\chiraghAdminPanel\Reports\20200407_004243\ChiraghWeb_FrontEnd_SmokeTests\20200407_004243\requests\main\11.har

2020-04-07 00:46:01 - [MESSAGE][PASSED] - Send request successfully

2020-04-07 00:46:02 - [MESSAGE][INFO] - HAR: C:\Users\hp\git\chiraghAdminPanel\Reports\20200407_004243\ChiraghWeb_FrontEnd_SmokeTests\20200407_004243\requests\main\12.har

2020-04-07 00:46:02 - [MESSAGE][PASSED] - Send request successfully

2020-04-07 00:46:03 - [MESSAGE][INFO] - HAR: C:\Users\hp\git\chiraghAdminPanel\Reports\20200407_004243\ChiraghWeb_FrontEnd_SmokeTests\20200407_004243\requests\main\13.har

2020-04-07 00:46:03 - [MESSAGE][PASSED] - Send request successfully

2020-04-07 00:46:04 - [MESSAGE][INFO] - HAR: C:\Users\hp\git\chiraghAdminPanel\Reports\20200407_004243\ChiraghWeb_FrontEnd_SmokeTests\20200407_004243\requests\main\14.har

2020-04-07 00:46:04 - [MESSAGE][PASSED] - Send request successfully

2020-04-07 00:46:04 - [MESSAGE][INFO] - HAR: C:\Users\hp\git\chiraghAdminPanel\Reports\20200407_004243\ChiraghWeb_FrontEnd_SmokeTests\20200407_004243\requests\main\15.har

2020-04-07 00:46:04 - [MESSAGE][PASSED] - Send request successfully

2020-04-07 00:46:05 - [MESSAGE][INFO] - HAR: C:\Users\hp\git\chiraghAdminPanel\Reports\20200407_004243\ChiraghWeb_FrontEnd_SmokeTests\20200407_004243\requests\main\16.har

2020-04-07 00:46:05 - [MESSAGE][PASSED] - Send request successfully

2020-04-07 00:46:05 - [MESSAGE][INFO] - HAR: C:\Users\hp\git\chiraghAdminPanel\Reports\20200407_004243\ChiraghWeb_FrontEnd_SmokeTests\20200407_004243\requests\main\17.har

2020-04-07 00:46:05 - [MESSAGE][PASSED] - Send request successfully

2020-04-07 00:46:06 - [MESSAGE][INFO] - HAR: C:\Users\hp\git\chiraghAdminPanel\Reports\20200407_004243\ChiraghWeb_FrontEnd_SmokeTests\20200407_004243\requests\main\18.har

2020-04-07 00:46:06 - [MESSAGE][PASSED] - Send request successfully

2020-04-07 00:46:07 - [MESSAGE][INFO] - HAR: C:\Users\hp\git\chiraghAdminPanel\Reports\20200407_004243\ChiraghWeb_FrontEnd_SmokeTests\20200407_004243\requests\main\19.har

2020-04-07 00:46:07 - [MESSAGE][PASSED] - Send request successfully

2020-04-07 00:46:07 - [MESSAGE][INFO] - HAR: C:\Users\hp\git\chiraghAdminPanel\Reports\20200407_004243\ChiraghWeb_FrontEnd_SmokeTests\20200407_004243\requests\main\20.har

2020-04-07 00:46:07 - [MESSAGE][PASSED] - Send request successfully

2020-04-07 00:46:08 - [MESSAGE][INFO] - HAR: C:\Users\hp\git\chiraghAdminPanel\Reports\20200407_004243\ChiraghWeb_FrontEnd_SmokeTests\20200407_004243\requests\main\21.har

2020-04-07 00:46:08 - [MESSAGE][PASSED] - Send request successfully

2020-04-07 00:46:08 - [MESSAGE][INFO] - HAR: C:\Users\hp\git\chiraghAdminPanel\Reports\20200407_004243\ChiraghWeb_FrontEnd_SmokeTests\20200407_004243\requests\main\22.har

2020-04-07 00:46:08 - [MESSAGE][PASSED] - Send request successfully

2020-04-07 00:46:09 - [MESSAGE][INFO] - HAR: C:\Users\hp\git\chiraghAdminPanel\Reports\20200407_004243\ChiraghWeb_FrontEnd_SmokeTests\20200407_004243\requests\main\23.har

2020-04-07 00:46:09 - [MESSAGE][PASSED] - Send request successfully

2020-04-07 00:46:10 - [MESSAGE][INFO] - HAR: C:\Users\hp\git\chiraghAdminPanel\Reports\20200407_004243\ChiraghWeb_FrontEnd_SmokeTests\20200407_004243\requests\main\24.har

2020-04-07 00:46:10 - [MESSAGE][PASSED] - Send request successfully

2020-04-07 00:46:10 - [MESSAGE][INFO] - HAR: C:\Users\hp\git\chiraghAdminPanel\Reports\20200407_004243\ChiraghWeb_FrontEnd_SmokeTests\20200407_004243\requests\main\25.har

2020-04-07 00:46:10 - [MESSAGE][PASSED] - Send request successfully

2020-04-07 00:46:11 - [MESSAGE][INFO] - HAR: C:\Users\hp\git\chiraghAdminPanel\Reports\20200407_004243\ChiraghWeb_FrontEnd_SmokeTests\20200407_004243\requests\main\26.har

2020-04-07 00:46:11 - [MESSAGE][PASSED] - Send request successfully

2020-04-07 00:46:12 - [MESSAGE][INFO] - HAR: C:\Users\hp\git\chiraghAdminPanel\Reports\20200407_004243\ChiraghWeb_FrontEnd_SmokeTests\20200407_004243\requests\main\27.har

2020-04-07 00:46:12 - [MESSAGE][PASSED] - Send request successfully

2020-04-07 00:46:12 - [MESSAGE][INFO] - HAR: C:\Users\hp\git\chiraghAdminPanel\Reports\20200407_004243\ChiraghWeb_FrontEnd_SmokeTests\20200407_004243\requests\main\28.har

2020-04-07 00:46:12 - [MESSAGE][PASSED] - Send request successfully

2020-04-07 00:46:13 - [MESSAGE][INFO] - HAR: C:\Users\hp\git\chiraghAdminPanel\Reports\20200407_004243\ChiraghWeb_FrontEnd_SmokeTests\20200407_004243\requests\main\29.har

2020-04-07 00:46:13 - [MESSAGE][PASSED] - Send request successfully

2020-04-07 00:46:13 - [MESSAGE][INFO] - HAR: C:\Users\hp\git\chiraghAdminPanel\Reports\20200407_004243\ChiraghWeb_FrontEnd_SmokeTests\20200407_004243\requests\main\30.har

2020-04-07 00:46:13 - [MESSAGE][PASSED] - Send request successfully

2020-04-07 00:46:14 - [MESSAGE][INFO] - HAR: C:\Users\hp\git\chiraghAdminPanel\Reports\20200407_004243\ChiraghWeb_FrontEnd_SmokeTests\20200407_004243\requests\main\31.har

2020-04-07 00:46:14 - [MESSAGE][PASSED] - Send request successfully

2020-04-07 00:46:15 - [MESSAGE][INFO] - HAR: C:\Users\hp\git\chiraghAdminPanel\Reports\20200407_004243\ChiraghWeb_FrontEnd_SmokeTests\20200407_004243\requests\main\32.har

2020-04-07 00:46:15 - [MESSAGE][PASSED] - Send request successfully

2020-04-07 00:46:15 - [MESSAGE][INFO] - HAR: C:\Users\hp\git\chiraghAdminPanel\Reports\20200407_004243\ChiraghWeb_FrontEnd_SmokeTests\20200407_004243\requests\main\33.har

2020-04-07 00:46:15 - [MESSAGE][PASSED] - Send request successfully

2020-04-07 00:46:16 - [MESSAGE][INFO] - HAR: C:\Users\hp\git\chiraghAdminPanel\Reports\20200407_004243\ChiraghWeb_FrontEnd_SmokeTests\20200407_004243\requests\main\34.har

2020-04-07 00:46:16 - [MESSAGE][PASSED] - Send request successfully

2020-04-07 00:46:16 - [MESSAGE][INFO] - HAR: C:\Users\hp\git\chiraghAdminPanel\Reports\20200407_004243\ChiraghWeb_FrontEnd_SmokeTests\20200407_004243\requests\main\35.har

2020-04-07 00:46:16 - [MESSAGE][PASSED] - Send request successfully

2020-04-07 00:46:17 - [MESSAGE][INFO] - HAR: C:\Users\hp\git\chiraghAdminPanel\Reports\20200407_004243\ChiraghWeb_FrontEnd_SmokeTests\20200407_004243\requests\main\36.har

2020-04-07 00:46:17 - [MESSAGE][PASSED] - Send request successfully

2020-04-07 00:46:18 - [MESSAGE][INFO] - HAR: C:\Users\hp\git\chiraghAdminPanel\Reports\20200407_004243\ChiraghWeb_FrontEnd_SmokeTests\20200407_004243\requests\main\37.har

2020-04-07 00:46:18 - [MESSAGE][PASSED] - Send request successfully

2020-04-07 00:46:18 - [MESSAGE][INFO] - HAR: C:\Users\hp\git\chiraghAdminPanel\Reports\20200407_004243\ChiraghWeb_FrontEnd_SmokeTests\20200407_004243\requests\main\38.har

2020-04-07 00:46:18 - [MESSAGE][PASSED] - Send request successfully

2020-04-07 00:46:19 - [MESSAGE][INFO] - HAR: C:\Users\hp\git\chiraghAdminPanel\Reports\20200407_004243\ChiraghWeb_FrontEnd_SmokeTests\20200407_004243\requests\main\39.har

2020-04-07 00:46:19 - [MESSAGE][PASSED] - Send request successfully

2020-04-07 00:46:20 - [MESSAGE][INFO] - HAR: C:\Users\hp\git\chiraghAdminPanel\Reports\20200407_004243\ChiraghWeb_FrontEnd_SmokeTests\20200407_004243\requests\main\40.har

2020-04-07 00:46:20 - [MESSAGE][PASSED] - Send request successfully

2020-04-07 00:46:20 - [MESSAGE][INFO] - HAR: C:\Users\hp\git\chiraghAdminPanel\Reports\20200407_004243\ChiraghWeb_FrontEnd_SmokeTests\20200407_004243\requests\main\41.har

2020-04-07 00:46:20 - [MESSAGE][PASSED] - Send request successfully

2020-04-07 00:46:21 - [MESSAGE][INFO] - HAR: C:\Users\hp\git\chiraghAdminPanel\Reports\20200407_004243\ChiraghWeb_FrontEnd_SmokeTests\20200407_004243\requests\main\42.har

2020-04-07 00:46:21 - [MESSAGE][PASSED] - Send request successfully

2020-04-07 00:46:21 - [MESSAGE][INFO] - HAR: C:\Users\hp\git\chiraghAdminPanel\Reports\20200407_004243\ChiraghWeb_FrontEnd_SmokeTests\20200407_004243\requests\main\43.har

2020-04-07 00:46:21 - [MESSAGE][PASSED] - Send request successfully

2020-04-07 00:46:22 - [MESSAGE][INFO] - HAR: C:\Users\hp\git\chiraghAdminPanel\Reports\20200407_004243\ChiraghWeb_FrontEnd_SmokeTests\20200407_004243\requests\main\44.har

2020-04-07 00:46:22 - [MESSAGE][PASSED] - Send request successfully

2020-04-07 00:46:23 - [MESSAGE][INFO] - HAR: C:\Users\hp\git\chiraghAdminPanel\Reports\20200407_004243\ChiraghWeb_FrontEnd_SmokeTests\20200407_004243\requests\main\45.har

2020-04-07 00:46:23 - [MESSAGE][PASSED] - Send request successfully

2020-04-07 00:46:23 - [MESSAGE][INFO] - HAR: C:\Users\hp\git\chiraghAdminPanel\Reports\20200407_004243\ChiraghWeb_FrontEnd_SmokeTests\20200407_004243\requests\main\46.har

2020-04-07 00:46:23 - [MESSAGE][PASSED] - Send request successfully

2020-04-07 00:46:24 - [MESSAGE][INFO] - HAR: C:\Users\hp\git\chiraghAdminPanel\Reports\20200407_004243\ChiraghWeb_FrontEnd_SmokeTests\20200407_004243\requests\main\47.har

2020-04-07 00:46:24 - [MESSAGE][PASSED] - Send request successfully

2020-04-07 00:46:25 - [MESSAGE][INFO] - HAR: C:\Users\hp\git\chiraghAdminPanel\Reports\20200407_004243\ChiraghWeb_FrontEnd_SmokeTests\20200407_004243\requests\main\48.har

2020-04-07 00:46:25 - [MESSAGE][PASSED] - Send request successfully

2020-04-07 00:46:25 - [MESSAGE][INFO] - HAR: C:\Users\hp\git\chiraghAdminPanel\Reports\20200407_004243\ChiraghWeb_FrontEnd_SmokeTests\20200407_004243\requests\main\49.har

2020-04-07 00:46:25 - [MESSAGE][PASSED] - Send request successfully

2020-04-07 00:46:53 - [MESSAGE][INFO] - HAR: C:\Users\hp\git\chiraghAdminPanel\Reports\20200407_004243\ChiraghWeb_FrontEnd_SmokeTests\20200407_004243\requests\main\50.har

2020-04-07 00:46:54 - [MESSAGE][PASSED] - Send request successfully

2020-04-07 00:46:54 - [MESSAGE][INFO] - HAR: C:\Users\hp\git\chiraghAdminPanel\Reports\20200407_004243\ChiraghWeb_FrontEnd_SmokeTests\20200407_004243\requests\main\51.har

2020-04-07 00:46:54 - [MESSAGE][PASSED] - Send request successfully

2020-04-07 00:46:55 - [MESSAGE][INFO] - HAR: C:\Users\hp\git\chiraghAdminPanel\Reports\20200407_004243\ChiraghWeb_FrontEnd_SmokeTests\20200407_004243\requests\main\52.har

2020-04-07 00:46:55 - [MESSAGE][PASSED] - Send request successfully

2020-04-07 00:46:55 - [MESSAGE][INFO] - HAR: C:\Users\hp\git\chiraghAdminPanel\Reports\20200407_004243\ChiraghWeb_FrontEnd_SmokeTests\20200407_004243\requests\main\53.har

2020-04-07 00:46:55 - [MESSAGE][PASSED] - Send request successfully

2020-04-07 00:46:56 - [MESSAGE][INFO] - HAR: C:\Users\hp\git\chiraghAdminPanel\Reports\20200407_004243\ChiraghWeb_FrontEnd_SmokeTests\20200407_004243\requests\main\54.har

2020-04-07 00:46:56 - [MESSAGE][PASSED] - Send request successfully

2020-04-07 00:46:56 - [MESSAGE][INFO] - HAR: C:\Users\hp\git\chiraghAdminPanel\Reports\20200407_004243\ChiraghWeb_FrontEnd_SmokeTests\20200407_004243\requests\main\55.har

2020-04-07 00:46:56 - [MESSAGE][PASSED] - Send request successfully

2020-04-07 00:46:57 - [MESSAGE][INFO] - HAR: C:\Users\hp\git\chiraghAdminPanel\Reports\20200407_004243\ChiraghWeb_FrontEnd_SmokeTests\20200407_004243\requests\main\56.har

2020-04-07 00:46:57 - [MESSAGE][PASSED] - Send request successfully

2020-04-07 00:46:58 - [MESSAGE][INFO] - HAR: C:\Users\hp\git\chiraghAdminPanel\Reports\20200407_004243\ChiraghWeb_FrontEnd_SmokeTests\20200407_004243\requests\main\57.har

2020-04-07 00:46:58 - [MESSAGE][PASSED] - Send request successfully

2020-04-07 00:46:58 - [MESSAGE][INFO] - HAR: C:\Users\hp\git\chiraghAdminPanel\Reports\20200407_004243\ChiraghWeb_FrontEnd_SmokeTests\20200407_004243\requests\main\58.har

2020-04-07 00:46:58 - [MESSAGE][PASSED] - Send request successfully

2020-04-07 00:46:59 - [MESSAGE][INFO] - HAR: C:\Users\hp\git\chiraghAdminPanel\Reports\20200407_004243\ChiraghWeb_FrontEnd_SmokeTests\20200407_004243\requests\main\59.har

2020-04-07 00:46:59 - [MESSAGE][PASSED] - Send request successfully

2020-04-07 00:46:59 - [MESSAGE][INFO] - HAR: C:\Users\hp\git\chiraghAdminPanel\Reports\20200407_004243\ChiraghWeb_FrontEnd_SmokeTests\20200407_004243\requests\main\60.har

2020-04-07 00:46:59 - [MESSAGE][PASSED] - Send request successfully

2020-04-07 00:47:00 - [MESSAGE][INFO] - HAR: C:\Users\hp\git\chiraghAdminPanel\Reports\20200407_004243\ChiraghWeb_FrontEnd_SmokeTests\20200407_004243\requests\main\61.har

2020-04-07 00:47:00 - [MESSAGE][PASSED] - Send request successfully

2020-04-07 00:47:00 - [MESSAGE][INFO] - HAR: C:\Users\hp\git\chiraghAdminPanel\Reports\20200407_004243\ChiraghWeb_FrontEnd_SmokeTests\20200407_004243\requests\main\62.har

2020-04-07 00:47:00 - [MESSAGE][PASSED] - Send request successfully

2020-04-07 00:47:01 - [MESSAGE][INFO] - HAR: C:\Users\hp\git\chiraghAdminPanel\Reports\20200407_004243\ChiraghWeb_FrontEnd_SmokeTests\20200407_004243\requests\main\63.har

2020-04-07 00:47:01 - [MESSAGE][PASSED] - Send request successfully

2020-04-07 00:47:02 - [MESSAGE][INFO] - HAR: C:\Users\hp\git\chiraghAdminPanel\Reports\20200407_004243\ChiraghWeb_FrontEnd_SmokeTests\20200407_004243\requests\main\64.har

2020-04-07 00:47:02 - [MESSAGE][PASSED] - Send request successfully

2020-04-07 00:47:02 - [MESSAGE][INFO] - HAR: C:\Users\hp\git\chiraghAdminPanel\Reports\20200407_004243\ChiraghWeb_FrontEnd_SmokeTests\20200407_004243\requests\main\65.har

2020-04-07 00:47:02 - [MESSAGE][PASSED] - Send request successfully

2020-04-07 00:47:03 - [MESSAGE][INFO] - HAR: C:\Users\hp\git\chiraghAdminPanel\Reports\20200407_004243\ChiraghWeb_FrontEnd_SmokeTests\20200407_004243\requests\main\66.har

2020-04-07 00:47:03 - [MESSAGE][PASSED] - Send request successfully

2020-04-07 00:47:04 - [MESSAGE][INFO] - HAR: C:\Users\hp\git\chiraghAdminPanel\Reports\20200407_004243\ChiraghWeb_FrontEnd_SmokeTests\20200407_004243\requests\main\67.har

2020-04-07 00:47:04 - [MESSAGE][PASSED] - Send request successfully

2020-04-07 00:47:04 - [MESSAGE][INFO] - HAR: C:\Users\hp\git\chiraghAdminPanel\Reports\20200407_004243\ChiraghWeb_FrontEnd_SmokeTests\20200407_004243\requests\main\68.har

2020-04-07 00:47:04 - [MESSAGE][PASSED] - Send request successfully

2020-04-07 00:47:05 - [MESSAGE][INFO] - HAR: C:\Users\hp\git\chiraghAdminPanel\Reports\20200407_004243\ChiraghWeb_FrontEnd_SmokeTests\20200407_004243\requests\main\69.har

2020-04-07 00:47:05 - [MESSAGE][PASSED] - Send request successfully

2020-04-07 00:47:05 - [MESSAGE][INFO] - HAR: C:\Users\hp\git\chiraghAdminPanel\Reports\20200407_004243\ChiraghWeb_FrontEnd_SmokeTests\20200407_004243\requests\main\70.har

2020-04-07 00:47:05 - [MESSAGE][PASSED] - Send request successfully

2020-04-07 00:47:06 - [MESSAGE][INFO] - HAR: C:\Users\hp\git\chiraghAdminPanel\Reports\20200407_004243\ChiraghWeb_FrontEnd_SmokeTests\20200407_004243\requests\main\71.har

2020-04-07 00:47:06 - [MESSAGE][PASSED] - Send request successfully

2020-04-07 00:47:07 - [MESSAGE][INFO] - HAR: C:\Users\hp\git\chiraghAdminPanel\Reports\20200407_004243\ChiraghWeb_FrontEnd_SmokeTests\20200407_004243\requests\main\72.har

2020-04-07 00:47:07 - [MESSAGE][PASSED] - Send request successfully

2020-04-07 00:47:09 - [MESSAGE][INFO] - HAR: C:\Users\hp\git\chiraghAdminPanel\Reports\20200407_004243\ChiraghWeb_FrontEnd_SmokeTests\20200407_004243\requests\main\73.har

2020-04-07 00:47:09 - [MESSAGE][PASSED] - Send request successfully

2020-04-07 00:47:09 - [MESSAGE][INFO] - HAR: C:\Users\hp\git\chiraghAdminPanel\Reports\20200407_004243\ChiraghWeb_FrontEnd_SmokeTests\20200407_004243\requests\main\74.har

2020-04-07 00:47:09 - [MESSAGE][PASSED] - Send request successfully

2020-04-07 00:47:10 - [MESSAGE][INFO] - HAR: C:\Users\hp\git\chiraghAdminPanel\Reports\20200407_004243\ChiraghWeb_FrontEnd_SmokeTests\20200407_004243\requests\main\75.har

2020-04-07 00:47:10 - [MESSAGE][PASSED] - Send request successfully

2020-04-07 00:47:11 - [MESSAGE][INFO] - HAR: C:\Users\hp\git\chiraghAdminPanel\Reports\20200407_004243\ChiraghWeb_FrontEnd_SmokeTests\20200407_004243\requests\main\76.har

2020-04-07 00:47:11 - [MESSAGE][PASSED] - Send request successfully

2020-04-07 00:47:11 - [MESSAGE][INFO] - HAR: C:\Users\hp\git\chiraghAdminPanel\Reports\20200407_004243\ChiraghWeb_FrontEnd_SmokeTests\20200407_004243\requests\main\77.har

2020-04-07 00:47:11 - [MESSAGE][PASSED] - Send request successfully

2020-04-07 00:47:12 - [MESSAGE][INFO] - HAR: C:\Users\hp\git\chiraghAdminPanel\Reports\20200407_004243\ChiraghWeb_FrontEnd_SmokeTests\20200407_004243\requests\main\78.har

2020-04-07 00:47:12 - [MESSAGE][PASSED] - Send request successfully

2020-04-07 00:47:15 - [MESSAGE][INFO] - HAR: C:\Users\hp\git\chiraghAdminPanel\Reports\20200407_004243\ChiraghWeb_FrontEnd_SmokeTests\20200407_004243\requests\main\79.har

2020-04-07 00:47:15 - [MESSAGE][PASSED] - Send request successfully

2020-04-07 00:47:39 - [MESSAGE][INFO] - HAR: C:\Users\hp\git\chiraghAdminPanel\Reports\20200407_004243\ChiraghWeb_FrontEnd_SmokeTests\20200407_004243\requests\main\80.har

2020-04-07 00:47:39 - [MESSAGE][PASSED] - Send request successfully

2020-04-07 00:47:39 - [MESSAGE][PASSED] - All links are accessible

2020-04-07 00:47:39 - [MESSAGE][PASSED] - All links on the page 'http://test.chiragh.com/' are accessible

2020-04-07 00:47:39 - [TEST_STEP][PASSED] - delay(1): Delayed 1 second(s)

2020-04-07 00:47:40 - [MESSAGE][PASSED] - Delayed 1 second(s)

2020-04-07 00:47:40 - [TEST_STEP][PASSED] - navigateToUrl("http://test.chiragh.com/auctions"): Navigate to 'http://test.chiragh.com/auctions' successfully

2020-04-07 00:47:43 - [MESSAGE][PASSED] - Navigate to 'http://test.chiragh.com/auctions' successfully

2020-04-07 00:47:43 - [TEST_STEP][PASSED] - verifyAllLinksOnCurrentPageAccessible(false, []): All links on the page 'http://test.chiragh.com/auctions' are accessible

2020-04-07 00:47:47 - [MESSAGE][PASSED] - Found 56 unique links on the page http://test.chiragh.com/auctions

2020-04-07 00:47:47 - [MESSAGE][INFO] - HAR: C:\Users\hp\git\chiraghAdminPanel\Reports\20200407_004243\ChiraghWeb_FrontEnd_SmokeTests\20200407_004243\requests\main\81.har

2020-04-07 00:47:47 - [MESSAGE][PASSED] - Send request successfully

2020-04-07 00:47:48 - [MESSAGE][INFO] - HAR: C:\Users\hp\git\chiraghAdminPanel\Reports\20200407_004243\ChiraghWeb_FrontEnd_SmokeTests\20200407_004243\requests\main\82.har

2020-04-07 00:47:48 - [MESSAGE][PASSED] - Send request successfully

2020-04-07 00:47:49 - [MESSAGE][INFO] - HAR: C:\Users\hp\git\chiraghAdminPanel\Reports\20200407_004243\ChiraghWeb_FrontEnd_SmokeTests\20200407_004243\requests\main\83.har

2020-04-07 00:47:49 - [MESSAGE][PASSED] - Send request successfully

2020-04-07 00:47:50 - [MESSAGE][INFO] - HAR: C:\Users\hp\git\chiraghAdminPanel\Reports\20200407_004243\ChiraghWeb_FrontEnd_SmokeTests\20200407_004243\requests\main\84.har

2020-04-07 00:47:50 - [MESSAGE][PASSED] - Send request successfully

2020-04-07 00:47:51 - [MESSAGE][INFO] - HAR: C:\Users\hp\git\chiraghAdminPanel\Reports\20200407_004243\ChiraghWeb_FrontEnd_SmokeTests\20200407_004243\requests\main\85.har

2020-04-07 00:47:51 - [MESSAGE][PASSED] - Send request successfully

2020-04-07 00:47:52 - [MESSAGE][INFO] - HAR: C:\Users\hp\git\chiraghAdminPanel\Reports\20200407_004243\ChiraghWeb_FrontEnd_SmokeTests\20200407_004243\requests\main\86.har

2020-04-07 00:47:52 - [MESSAGE][PASSED] - Send request successfully

2020-04-07 00:47:53 - [MESSAGE][INFO] - HAR: C:\Users\hp\git\chiraghAdminPanel\Reports\20200407_004243\ChiraghWeb_FrontEnd_SmokeTests\20200407_004243\requests\main\87.har

2020-04-07 00:47:53 - [MESSAGE][PASSED] - Send request successfully

2020-04-07 00:47:53 - [MESSAGE][INFO] - HAR: C:\Users\hp\git\chiraghAdminPanel\Reports\20200407_004243\ChiraghWeb_FrontEnd_SmokeTests\20200407_004243\requests\main\88.har

2020-04-07 00:47:53 - [MESSAGE][PASSED] - Send request successfully

2020-04-07 00:47:54 - [MESSAGE][INFO] - HAR: C:\Users\hp\git\chiraghAdminPanel\Reports\20200407_004243\ChiraghWeb_FrontEnd_SmokeTests\20200407_004243\requests\main\89.har

2020-04-07 00:47:54 - [MESSAGE][PASSED] - Send request successfully

2020-04-07 00:47:55 - [MESSAGE][INFO] - HAR: C:\Users\hp\git\chiraghAdminPanel\Reports\20200407_004243\ChiraghWeb_FrontEnd_SmokeTests\20200407_004243\requests\main\90.har

2020-04-07 00:47:55 - [MESSAGE][PASSED] - Send request successfully

2020-04-07 00:47:55 - [MESSAGE][INFO] - HAR: C:\Users\hp\git\chiraghAdminPanel\Reports\20200407_004243\ChiraghWeb_FrontEnd_SmokeTests\20200407_004243\requests\main\91.har

2020-04-07 00:47:55 - [MESSAGE][PASSED] - Send request successfully

2020-04-07 00:47:59 - [MESSAGE][INFO] - HAR: C:\Users\hp\git\chiraghAdminPanel\Reports\20200407_004243\ChiraghWeb_FrontEnd_SmokeTests\20200407_004243\requests\main\92.har

2020-04-07 00:47:59 - [MESSAGE][PASSED] - Send request successfully

2020-04-07 00:47:59 - [MESSAGE][INFO] - HAR: C:\Users\hp\git\chiraghAdminPanel\Reports\20200407_004243\ChiraghWeb_FrontEnd_SmokeTests\20200407_004243\requests\main\93.har

2020-04-07 00:47:59 - [MESSAGE][PASSED] - Send request successfully

2020-04-07 00:48:00 - [MESSAGE][INFO] - HAR: C:\Users\hp\git\chiraghAdminPanel\Reports\20200407_004243\ChiraghWeb_FrontEnd_SmokeTests\20200407_004243\requests\main\94.har

2020-04-07 00:48:00 - [MESSAGE][PASSED] - Send request successfully

2020-04-07 00:48:01 - [MESSAGE][INFO] - HAR: C:\Users\hp\git\chiraghAdminPanel\Reports\20200407_004243\ChiraghWeb_FrontEnd_SmokeTests\20200407_004243\requests\main\95.har

2020-04-07 00:48:01 - [MESSAGE][PASSED] - Send request successfully

2020-04-07 00:48:01 - [MESSAGE][INFO] - HAR: C:\Users\hp\git\chiraghAdminPanel\Reports\20200407_004243\ChiraghWeb_FrontEnd_SmokeTests\20200407_004243\requests\main\96.har

2020-04-07 00:48:01 - [MESSAGE][PASSED] - Send request successfully

2020-04-07 00:48:02 - [MESSAGE][INFO] - HAR: C:\Users\hp\git\chiraghAdminPanel\Reports\20200407_004243\ChiraghWeb_FrontEnd_SmokeTests\20200407_004243\requests\main\97.har

2020-04-07 00:48:02 - [MESSAGE][PASSED] - Send request successfully

2020-04-07 00:48:02 - [MESSAGE][INFO] - HAR: C:\Users\hp\git\chiraghAdminPanel\Reports\20200407_004243\ChiraghWeb_FrontEnd_SmokeTests\20200407_004243\requests\main\98.har

2020-04-07 00:48:02 - [MESSAGE][PASSED] - Send request successfully

2020-04-07 00:48:03 - [MESSAGE][INFO] - HAR: C:\Users\hp\git\chiraghAdminPanel\Reports\20200407_004243\ChiraghWeb_FrontEnd_SmokeTests\20200407_004243\requests\main\99.har

2020-04-07 00:48:03 - [MESSAGE][PASSED] - Send request successfully

2020-04-07 00:48:04 - [MESSAGE][INFO] - HAR: C:\Users\hp\git\chiraghAdminPanel\Reports\20200407_004243\ChiraghWeb_FrontEnd_SmokeTests\20200407_004243\requests\main\100.har

2020-04-07 00:48:04 - [MESSAGE][PASSED] - Send request successfully

2020-04-07 00:48:04 - [MESSAGE][INFO] - HAR: C:\Users\hp\git\chiraghAdminPanel\Reports\20200407_004243\ChiraghWeb_FrontEnd_SmokeTests\20200407_004243\requests\main\101.har

2020-04-07 00:48:04 - [MESSAGE][PASSED] - Send request successfully

2020-04-07 00:48:05 - [MESSAGE][INFO] - HAR: C:\Users\hp\git\chiraghAdminPanel\Reports\20200407_004243\ChiraghWeb_FrontEnd_SmokeTests\20200407_004243\requests\main\102.har

2020-04-07 00:48:05 - [MESSAGE][PASSED] - Send request successfully

2020-04-07 00:48:05 - [MESSAGE][INFO] - HAR: C:\Users\hp\git\chiraghAdminPanel\Reports\20200407_004243\ChiraghWeb_FrontEnd_SmokeTests\20200407_004243\requests\main\103.har

2020-04-07 00:48:05 - [MESSAGE][PASSED] - Send request successfully

2020-04-07 00:48:06 - [MESSAGE][INFO] - HAR: C:\Users\hp\git\chiraghAdminPanel\Reports\20200407_004243\ChiraghWeb_FrontEnd_SmokeTests\20200407_004243\requests\main\104.har

2020-04-07 00:48:06 - [MESSAGE][PASSED] - Send request successfully

2020-04-07 00:48:06 - [MESSAGE][INFO] - HAR: C:\Users\hp\git\chiraghAdminPanel\Reports\20200407_004243\ChiraghWeb_FrontEnd_SmokeTests\20200407_004243\requests\main\105.har

2020-04-07 00:48:06 - [MESSAGE][PASSED] - Send request successfully

2020-04-07 00:48:07 - [MESSAGE][INFO] - HAR: C:\Users\hp\git\chiraghAdminPanel\Reports\20200407_004243\ChiraghWeb_FrontEnd_SmokeTests\20200407_004243\requests\main\106.har

2020-04-07 00:48:07 - [MESSAGE][PASSED] - Send request successfully

2020-04-07 00:48:08 - [MESSAGE][INFO] - HAR: C:\Users\hp\git\chiraghAdminPanel\Reports\20200407_004243\ChiraghWeb_FrontEnd_SmokeTests\20200407_004243\requests\main\107.har

2020-04-07 00:48:08 - [MESSAGE][PASSED] - Send request successfully

2020-04-07 00:48:08 - [MESSAGE][INFO] - HAR: C:\Users\hp\git\chiraghAdminPanel\Reports\20200407_004243\ChiraghWeb_FrontEnd_SmokeTests\20200407_004243\requests\main\108.har

2020-04-07 00:48:08 - [MESSAGE][PASSED] - Send request successfully

2020-04-07 00:48:09 - [MESSAGE][INFO] - HAR: C:\Users\hp\git\chiraghAdminPanel\Reports\20200407_004243\ChiraghWeb_FrontEnd_SmokeTests\20200407_004243\requests\main\109.har

2020-04-07 00:48:09 - [MESSAGE][PASSED] - Send request successfully

2020-04-07 00:48:09 - [MESSAGE][INFO] - HAR: C:\Users\hp\git\chiraghAdminPanel\Reports\20200407_004243\ChiraghWeb_FrontEnd_SmokeTests\20200407_004243\requests\main\110.har

2020-04-07 00:48:09 - [MESSAGE][PASSED] - Send request successfully

2020-04-07 00:48:10 - [MESSAGE][INFO] - HAR: C:\Users\hp\git\chiraghAdminPanel\Reports\20200407_004243\ChiraghWeb_FrontEnd_SmokeTests\20200407_004243\requests\main\111.har

2020-04-07 00:48:10 - [MESSAGE][PASSED] - Send request successfully

2020-04-07 00:48:12 - [MESSAGE][INFO] - HAR: C:\Users\hp\git\chiraghAdminPanel\Reports\20200407_004243\ChiraghWeb_FrontEnd_SmokeTests\20200407_004243\requests\main\112.har

2020-04-07 00:48:12 - [MESSAGE][PASSED] - Send request successfully

2020-04-07 00:48:15 - [MESSAGE][INFO] - HAR: C:\Users\hp\git\chiraghAdminPanel\Reports\20200407_004243\ChiraghWeb_FrontEnd_SmokeTests\20200407_004243\requests\main\113.har

2020-04-07 00:48:15 - [MESSAGE][PASSED] - Send request successfully

2020-04-07 00:48:16 - [MESSAGE][INFO] - HAR: C:\Users\hp\git\chiraghAdminPanel\Reports\20200407_004243\ChiraghWeb_FrontEnd_SmokeTests\20200407_004243\requests\main\114.har

2020-04-07 00:48:16 - [MESSAGE][PASSED] - Send request successfully

2020-04-07 00:48:19 - [MESSAGE][INFO] - HAR: C:\Users\hp\git\chiraghAdminPanel\Reports\20200407_004243\ChiraghWeb_FrontEnd_SmokeTests\20200407_004243\requests\main\115.har

2020-04-07 00:48:19 - [MESSAGE][PASSED] - Send request successfully

2020-04-07 00:48:20 - [MESSAGE][INFO] - HAR: C:\Users\hp\git\chiraghAdminPanel\Reports\20200407_004243\ChiraghWeb_FrontEnd_SmokeTests\20200407_004243\requests\main\116.har

2020-04-07 00:48:20 - [MESSAGE][PASSED] - Send request successfully

2020-04-07 00:48:21 - [MESSAGE][INFO] - HAR: C:\Users\hp\git\chiraghAdminPanel\Reports\20200407_004243\ChiraghWeb_FrontEnd_SmokeTests\20200407_004243\requests\main\117.har

2020-04-07 00:48:21 - [MESSAGE][PASSED] - Send request successfully

2020-04-07 00:48:21 - [MESSAGE][INFO] - HAR: C:\Users\hp\git\chiraghAdminPanel\Reports\20200407_004243\ChiraghWeb_FrontEnd_SmokeTests\20200407_004243\requests\main\118.har

2020-04-07 00:48:21 - [MESSAGE][PASSED] - Send request successfully

2020-04-07 00:48:24 - [MESSAGE][INFO] - HAR: C:\Users\hp\git\chiraghAdminPanel\Reports\20200407_004243\ChiraghWeb_FrontEnd_SmokeTests\20200407_004243\requests\main\119.har

2020-04-07 00:48:24 - [MESSAGE][PASSED] - Send request successfully

2020-04-07 00:48:25 - [MESSAGE][INFO] - HAR: C:\Users\hp\git\chiraghAdminPanel\Reports\20200407_004243\ChiraghWeb_FrontEnd_SmokeTests\20200407_004243\requests\main\120.har

2020-04-07 00:48:25 - [MESSAGE][PASSED] - Send request successfully

2020-04-07 00:48:25 - [MESSAGE][INFO] - HAR: C:\Users\hp\git\chiraghAdminPanel\Reports\20200407_004243\ChiraghWeb_FrontEnd_SmokeTests\20200407_004243\requests\main\121.har

2020-04-07 00:48:25 - [MESSAGE][PASSED] - Send request successfully

2020-04-07 00:48:26 - [MESSAGE][INFO] - HAR: C:\Users\hp\git\chiraghAdminPanel\Reports\20200407_004243\ChiraghWeb_FrontEnd_SmokeTests\20200407_004243\requests\main\122.har

2020-04-07 00:48:26 - [MESSAGE][PASSED] - Send request successfully

2020-04-07 00:48:27 - [MESSAGE][INFO] - HAR: C:\Users\hp\git\chiraghAdminPanel\Reports\20200407_004243\ChiraghWeb_FrontEnd_SmokeTests\20200407_004243\requests\main\123.har

2020-04-07 00:48:27 - [MESSAGE][PASSED] - Send request successfully

2020-04-07 00:48:27 - [MESSAGE][INFO] - HAR: C:\Users\hp\git\chiraghAdminPanel\Reports\20200407_004243\ChiraghWeb_FrontEnd_SmokeTests\20200407_004243\requests\main\124.har

2020-04-07 00:48:27 - [MESSAGE][PASSED] - Send request successfully

2020-04-07 00:48:29 - [MESSAGE][INFO] - HAR: C:\Users\hp\git\chiraghAdminPanel\Reports\20200407_004243\ChiraghWeb_FrontEnd_SmokeTests\20200407_004243\requests\main\125.har

2020-04-07 00:48:29 - [MESSAGE][PASSED] - Send request successfully

2020-04-07 00:48:29 - [MESSAGE][INFO] - HAR: C:\Users\hp\git\chiraghAdminPanel\Reports\20200407_004243\ChiraghWeb_FrontEnd_SmokeTests\20200407_004243\requests\main\126.har

2020-04-07 00:48:29 - [MESSAGE][PASSED] - Send request successfully

2020-04-07 00:48:30 - [MESSAGE][INFO] - HAR: C:\Users\hp\git\chiraghAdminPanel\Reports\20200407_004243\ChiraghWeb_FrontEnd_SmokeTests\20200407_004243\requests\main\127.har

2020-04-07 00:48:30 - [MESSAGE][PASSED] - Send request successfully

2020-04-07 00:48:31 - [MESSAGE][INFO] - HAR: C:\Users\hp\git\chiraghAdminPanel\Reports\20200407_004243\ChiraghWeb_FrontEnd_SmokeTests\20200407_004243\requests\main\128.har

2020-04-07 00:48:31 - [MESSAGE][PASSED] - Send request successfully

2020-04-07 00:48:31 - [MESSAGE][INFO] - HAR: C:\Users\hp\git\chiraghAdminPanel\Reports\20200407_004243\ChiraghWeb_FrontEnd_SmokeTests\20200407_004243\requests\main\129.har

2020-04-07 00:48:31 - [MESSAGE][PASSED] - Send request successfully

2020-04-07 00:48:32 - [MESSAGE][INFO] - HAR: C:\Users\hp\git\chiraghAdminPanel\Reports\20200407_004243\ChiraghWeb_FrontEnd_SmokeTests\20200407_004243\requests\main\130.har

2020-04-07 00:48:32 - [MESSAGE][PASSED] - Send request successfully

2020-04-07 00:48:33 - [MESSAGE][INFO] - HAR: C:\Users\hp\git\chiraghAdminPanel\Reports\20200407_004243\ChiraghWeb_FrontEnd_SmokeTests\20200407_004243\requests\main\131.har

2020-04-07 00:48:33 - [MESSAGE][PASSED] - Send request successfully

2020-04-07 00:48:36 - [MESSAGE][INFO] - HAR: C:\Users\hp\git\chiraghAdminPanel\Reports\20200407_004243\ChiraghWeb_FrontEnd_SmokeTests\20200407_004243\requests\main\132.har

2020-04-07 00:48:36 - [MESSAGE][PASSED] - Send request successfully

2020-04-07 00:48:36 - [MESSAGE][INFO] - HAR: C:\Users\hp\git\chiraghAdminPanel\Reports\20200407_004243\ChiraghWeb_FrontEnd_SmokeTests\20200407_004243\requests\main\133.har

2020-04-07 00:48:36 - [MESSAGE][PASSED] - Send request successfully

2020-04-07 00:48:37 - [MESSAGE][INFO] - HAR: C:\Users\hp\git\chiraghAdminPanel\Reports\20200407_004243\ChiraghWeb_FrontEnd_SmokeTests\20200407_004243\requests\main\134.har

2020-04-07 00:48:37 - [MESSAGE][PASSED] - Send request successfully

2020-04-07 00:48:42 - [MESSAGE][INFO] - HAR: C:\Users\hp\git\chiraghAdminPanel\Reports\20200407_004243\ChiraghWeb_FrontEnd_SmokeTests\20200407_004243\requests\main\135.har

2020-04-07 00:48:42 - [MESSAGE][PASSED] - Send request successfully

2020-04-07 00:48:55 - [MESSAGE][INFO] - HAR: C:\Users\hp\git\chiraghAdminPanel\Reports\20200407_004243\ChiraghWeb_FrontEnd_SmokeTests\20200407_004243\requests\main\136.har

2020-04-07 00:48:55 - [MESSAGE][PASSED] - Send request successfully

2020-04-07 00:48:55 - [MESSAGE][PASSED] - All links are accessible

2020-04-07 00:48:55 - [MESSAGE][PASSED] - All links on the page 'http://test.chiragh.com/auctions' are accessible

2020-04-07 00:48:55 - [TEST_STEP][PASSED] - closeBrowser(): Browser is closed

2020-04-07 00:48:56 - [MESSAGE][PASSED] - Browser is closed

2020-04-07 00:48:58 - [TEST_STEP][PASSED] - Video: Video recording for test case 'Test Cases/Front End/TC_SmokeTests_006' .

2020-04-07 00:48:58 - [MESSAGE][INFO] - Video recording for test case 'Test Cases/Front End/TC_SmokeTests_006' .
[[ATTACHMENT|C:\\Users\\hp\\git\\chiraghAdminPanel\\Reports\\20200407_004243\\ChiraghWeb_FrontEnd_SmokeTests\\20200407_004243/videos\\test_2.mov]]]]></system-out>
         <system-err><![CDATA[]]></system-err>
      </testcase>
      <testcase name="Test Cases/Smoke Tests/Header/TC_VerifyBuyTab_008" time="160.663" classname="Test Cases/Smoke Tests/Header/TC_VerifyBuyTab_008" status="PASSED">
         <system-out><![CDATA[2020-04-07 00:48:58 - [TEST_CASE][PASSED] - Test Cases/Smoke Tests/Header/TC_VerifyBuyTab_008: Test Cases/Smoke Tests/Header/TC_VerifyBuyTab_008

2020-04-07 00:48:58 - [TEST_STEP][PASSED] - openBrowser(""): Browser is opened with url: ''

2020-04-07 00:48:58 - [MESSAGE][INFO] - Starting 'Chrome' driver

2020-04-07 00:49:04 - [MESSAGE][PASSED] - Browser is opened with url: ''

2020-04-07 00:49:04 - [TEST_STEP][PASSED] - navigateToUrl(Url): Navigate to 'http://test.chiragh.com' successfully

2020-04-07 00:51:24 - [MESSAGE][PASSED] - Navigate to 'http://test.chiragh.com' successfully

2020-04-07 00:51:24 - [TEST_STEP][PASSED] - waitForPageLoad(15): Wait for page load successfully

2020-04-07 00:51:24 - [MESSAGE][PASSED] - Wait for page load successfully

2020-04-07 00:51:24 - [TEST_STEP][PASSED] - maximizeWindow(): Current window maximized

2020-04-07 00:51:29 - [MESSAGE][PASSED] - Current window maximized

2020-04-07 00:51:29 - [TEST_STEP][PASSED] - delay(3): Delayed 3 second(s)

2020-04-07 00:51:32 - [MESSAGE][PASSED] - Delayed 3 second(s)

2020-04-07 00:51:32 - [TEST_STEP][PASSED] - click(findTestObject("Object Repository/Front End Objects/Smoke Tests/Header/Buy Tab/Page_Chiragh - Home/a_BUY")): Object: 'Object Repository/Front End Objects/Smoke Tests/Header/Buy Tab/Page_Chiragh - Home/a_BUY' is clicked on

2020-04-07 00:51:32 - [MESSAGE][PASSED] - Object: 'Object Repository/Front End Objects/Smoke Tests/Header/Buy Tab/Page_Chiragh - Home/a_BUY' is clicked on

2020-04-07 00:51:32 - [TEST_STEP][PASSED] - delay(3): Delayed 3 second(s)

2020-04-07 00:51:35 - [MESSAGE][PASSED] - Delayed 3 second(s)

2020-04-07 00:51:35 - [TEST_STEP][PASSED] - verifyElementPresent(findTestObject("Object Repository/Front End Objects/Smoke Tests/Header/Buy Tab/Page_Chiragh - Buy Property/div_AllPropertiesOnBuyTab"), 6): Object 'Object Repository/Front End Objects/Smoke Tests/Header/Buy Tab/Page_Chiragh - Buy Property/div_AllPropertiesOnBuyTab' is present

2020-04-07 00:51:36 - [MESSAGE][PASSED] - Object 'Object Repository/Front End Objects/Smoke Tests/Header/Buy Tab/Page_Chiragh - Buy Property/div_AllPropertiesOnBuyTab' is present

2020-04-07 00:51:36 - [TEST_STEP][PASSED] - closeBrowser(): Browser is closed

2020-04-07 00:51:37 - [MESSAGE][PASSED] - Browser is closed

2020-04-07 00:51:39 - [TEST_STEP][PASSED] - Video: Video recording for test case 'Test Cases/Smoke Tests/Header/TC_VerifyBuyTab_008' .

2020-04-07 00:51:39 - [MESSAGE][INFO] - Video recording for test case 'Test Cases/Smoke Tests/Header/TC_VerifyBuyTab_008' .
[[ATTACHMENT|C:\\Users\\hp\\git\\chiraghAdminPanel\\Reports\\20200407_004243\\ChiraghWeb_FrontEnd_SmokeTests\\20200407_004243/videos\\test_3.mov]]]]></system-out>
         <system-err><![CDATA[]]></system-err>
      </testcase>
      <testcase name="Test Cases/Smoke Tests/Header/TC_VerifyRentTab_010" time="69.649" classname="Test Cases/Smoke Tests/Header/TC_VerifyRentTab_010" status="PASSED">
         <system-out><![CDATA[2020-04-07 00:51:39 - [TEST_CASE][PASSED] - Test Cases/Smoke Tests/Header/TC_VerifyRentTab_010: Test Cases/Smoke Tests/Header/TC_VerifyRentTab_010

2020-04-07 00:51:39 - [TEST_STEP][PASSED] - openBrowser(""): Browser is opened with url: ''

2020-04-07 00:51:39 - [MESSAGE][INFO] - Starting 'Chrome' driver

2020-04-07 00:51:44 - [MESSAGE][PASSED] - Browser is opened with url: ''

2020-04-07 00:51:44 - [TEST_STEP][PASSED] - navigateToUrl(Url): Navigate to 'http://test.chiragh.com' successfully

2020-04-07 00:52:23 - [MESSAGE][PASSED] - Navigate to 'http://test.chiragh.com' successfully

2020-04-07 00:52:23 - [TEST_STEP][PASSED] - waitForPageLoad(15): Wait for page load successfully

2020-04-07 00:52:23 - [MESSAGE][PASSED] - Wait for page load successfully

2020-04-07 00:52:23 - [TEST_STEP][PASSED] - maximizeWindow(): Current window maximized

2020-04-07 00:52:28 - [MESSAGE][PASSED] - Current window maximized

2020-04-07 00:52:28 - [TEST_STEP][PASSED] - delay(3): Delayed 3 second(s)

2020-04-07 00:52:31 - [MESSAGE][PASSED] - Delayed 3 second(s)

2020-04-07 00:52:31 - [TEST_STEP][PASSED] - click(findTestObject("Object Repository/Front End Objects/Smoke Tests/Header/Rent Tab/Page_Chiragh - Home/a_RENT")): Object: 'Object Repository/Front End Objects/Smoke Tests/Header/Rent Tab/Page_Chiragh - Home/a_RENT' is clicked on

2020-04-07 00:52:31 - [MESSAGE][PASSED] - Object: 'Object Repository/Front End Objects/Smoke Tests/Header/Rent Tab/Page_Chiragh - Home/a_RENT' is clicked on

2020-04-07 00:52:31 - [TEST_STEP][PASSED] - delay(10): Delayed 10 second(s)

2020-04-07 00:52:41 - [MESSAGE][PASSED] - Delayed 10 second(s)

2020-04-07 00:52:41 - [TEST_STEP][PASSED] - switchToWindowUrl("http://test.chiragh.com/rent"): Switched to window with url: 'http://test.chiragh.com/rent'

2020-04-07 00:52:45 - [MESSAGE][PASSED] - Switched to window with url: 'http://test.chiragh.com/rent'

2020-04-07 00:52:45 - [TEST_STEP][PASSED] - verifyElementPresent(findTestObject("Object Repository/Front End Objects/Smoke Tests/Header/Rent Tab/Page_Chiragh - Rent/ComingSoonImage"), 7): Object 'Object Repository/Front End Objects/Smoke Tests/Header/Rent Tab/Page_Chiragh - Rent/ComingSoonImage' is present

2020-04-07 00:52:46 - [MESSAGE][PASSED] - Object 'Object Repository/Front End Objects/Smoke Tests/Header/Rent Tab/Page_Chiragh - Rent/ComingSoonImage' is present

2020-04-07 00:52:46 - [TEST_STEP][PASSED] - closeBrowser(): Browser is closed

2020-04-07 00:52:46 - [MESSAGE][PASSED] - Browser is closed

2020-04-07 00:52:48 - [TEST_STEP][PASSED] - Video: Video recording for test case 'Test Cases/Smoke Tests/Header/TC_VerifyRentTab_010' .

2020-04-07 00:52:48 - [MESSAGE][INFO] - Video recording for test case 'Test Cases/Smoke Tests/Header/TC_VerifyRentTab_010' .
[[ATTACHMENT|C:\\Users\\hp\\git\\chiraghAdminPanel\\Reports\\20200407_004243\\ChiraghWeb_FrontEnd_SmokeTests\\20200407_004243/videos\\test_4.mov]]]]></system-out>
         <system-err><![CDATA[]]></system-err>
      </testcase>
      <testcase name="Test Cases/Smoke Tests/Header/TC_VerifySellTab_009" time="91.257" classname="Test Cases/Smoke Tests/Header/TC_VerifySellTab_009" status="ERROR">
         <error type="ERROR" message="Test Cases/Smoke Tests/Header/TC_VerifySellTab_009 FAILED.
Reason:
groovy.lang.MissingMethodException: No signature of method: static com.kms.katalon.core.webui.keyword.WebUiBuiltInKeywords.verifyElementPresent() is applicable for argument types: (com.kms.katalon.core.testobject.TestObject) values: [TestObject - 'Object Repository/Front End Objects/Smoke Tests/Header/Sell Tab/Page_Chiragh - Login/h1_Log In']
Possible solutions: verifyElementPresent(com.kms.katalon.core.testobject.TestObject, int), verifyElementPresent(com.kms.katalon.core.testobject.TestObject, int, com.kms.katalon.core.model.FailureHandling), verifyElementNotPresent(com.kms.katalon.core.testobject.TestObject, int), verifyAlertPresent(int), verifyElementNotPresent(com.kms.katalon.core.testobject.TestObject, int, com.kms.katalon.core.model.FailureHandling)
	at TC_VerifySellTab_009.run(TC_VerifySellTab_009:32)
	at com.kms.katalon.core.main.ScriptEngine.run(ScriptEngine.java:194)
	at com.kms.katalon.core.main.ScriptEngine.runScriptAsRawText(ScriptEngine.java:119)
	at com.kms.katalon.core.main.TestCaseExecutor.runScript(TestCaseExecutor.java:337)
	at com.kms.katalon.core.main.TestCaseExecutor.doExecute(TestCaseExecutor.java:328)
	at com.kms.katalon.core.main.TestCaseExecutor.processExecutionPhase(TestCaseExecutor.java:307)
	at com.kms.katalon.core.main.TestCaseExecutor.accessMainPhase(TestCaseExecutor.java:299)
	at com.kms.katalon.core.main.TestCaseExecutor.execute(TestCaseExecutor.java:233)
	at com.kms.katalon.core.main.TestSuiteExecutor.accessTestCaseMainPhase(TestSuiteExecutor.java:169)
	at com.kms.katalon.core.main.TestSuiteExecutor.accessTestSuiteMainPhase(TestSuiteExecutor.java:142)
	at com.kms.katalon.core.main.TestSuiteExecutor.execute(TestSuiteExecutor.java:91)
	at com.kms.katalon.core.main.TestCaseMain.startTestSuite(TestCaseMain.java:157)
	at com.kms.katalon.core.main.TestCaseMain$startTestSuite$0.call(Unknown Source)
	at TempTestSuite1586202163582.run(TempTestSuite1586202163582.groovy:36)
"/>
         <system-out><![CDATA[2020-04-07 00:52:48 - [TEST_CASE][ERROR] - Test Cases/Smoke Tests/Header/TC_VerifySellTab_009: Test Cases/Smoke Tests/Header/TC_VerifySellTab_009 FAILED.
Reason:
groovy.lang.MissingMethodException: No signature of method: static com.kms.katalon.core.webui.keyword.WebUiBuiltInKeywords.verifyElementPresent() is applicable for argument types: (com.kms.katalon.core.testobject.TestObject) values: [TestObject - 'Object Repository/Front End Objects/Smoke Tests/Header/Sell Tab/Page_Chiragh - Login/h1_Log In']
Possible solutions: verifyElementPresent(com.kms.katalon.core.testobject.TestObject, int), verifyElementPresent(com.kms.katalon.core.testobject.TestObject, int, com.kms.katalon.core.model.FailureHandling), verifyElementNotPresent(com.kms.katalon.core.testobject.TestObject, int), verifyAlertPresent(int), verifyElementNotPresent(com.kms.katalon.core.testobject.TestObject, int, com.kms.katalon.core.model.FailureHandling)
	at TC_VerifySellTab_009.run(TC_VerifySellTab_009:32)
	at com.kms.katalon.core.main.ScriptEngine.run(ScriptEngine.java:194)
	at com.kms.katalon.core.main.ScriptEngine.runScriptAsRawText(ScriptEngine.java:119)
	at com.kms.katalon.core.main.TestCaseExecutor.runScript(TestCaseExecutor.java:337)
	at com.kms.katalon.core.main.TestCaseExecutor.doExecute(TestCaseExecutor.java:328)
	at com.kms.katalon.core.main.TestCaseExecutor.processExecutionPhase(TestCaseExecutor.java:307)
	at com.kms.katalon.core.main.TestCaseExecutor.accessMainPhase(TestCaseExecutor.java:299)
	at com.kms.katalon.core.main.TestCaseExecutor.execute(TestCaseExecutor.java:233)
	at com.kms.katalon.core.main.TestSuiteExecutor.accessTestCaseMainPhase(TestSuiteExecutor.java:169)
	at com.kms.katalon.core.main.TestSuiteExecutor.accessTestSuiteMainPhase(TestSuiteExecutor.java:142)
	at com.kms.katalon.core.main.TestSuiteExecutor.execute(TestSuiteExecutor.java:91)
	at com.kms.katalon.core.main.TestCaseMain.startTestSuite(TestCaseMain.java:157)
	at com.kms.katalon.core.main.TestCaseMain$startTestSuite$0.call(Unknown Source)
	at TempTestSuite1586202163582.run(TempTestSuite1586202163582.groovy:36)


2020-04-07 00:52:49 - [TEST_STEP][PASSED] - openBrowser(""): Browser is opened with url: ''

2020-04-07 00:52:49 - [MESSAGE][INFO] - Starting 'Chrome' driver

2020-04-07 00:52:54 - [MESSAGE][PASSED] - Browser is opened with url: ''

2020-04-07 00:52:54 - [TEST_STEP][PASSED] - navigateToUrl(Url): Navigate to 'http://test.chiragh.com' successfully

2020-04-07 00:53:50 - [MESSAGE][PASSED] - Navigate to 'http://test.chiragh.com' successfully

2020-04-07 00:53:50 - [TEST_STEP][PASSED] - waitForPageLoad(15): Wait for page load successfully

2020-04-07 00:53:50 - [MESSAGE][PASSED] - Wait for page load successfully

2020-04-07 00:53:50 - [TEST_STEP][PASSED] - maximizeWindow(): Current window maximized

2020-04-07 00:53:54 - [MESSAGE][PASSED] - Current window maximized

2020-04-07 00:53:54 - [TEST_STEP][PASSED] - delay(3): Delayed 3 second(s)

2020-04-07 00:53:57 - [MESSAGE][PASSED] - Delayed 3 second(s)

2020-04-07 00:53:57 - [TEST_STEP][PASSED] - doubleClick(findTestObject("Object Repository/Front End Objects/Smoke Tests/Header/Sell Tab/Page_Chiragh - Home/a_SELL")): Object: 'Object Repository/Front End Objects/Smoke Tests/Header/Sell Tab/Page_Chiragh - Home/a_SELL' is double clicked on

2020-04-07 00:53:57 - [MESSAGE][PASSED] - Object: 'Object Repository/Front End Objects/Smoke Tests/Header/Sell Tab/Page_Chiragh - Home/a_SELL' is double clicked on

2020-04-07 00:53:57 - [TEST_STEP][PASSED] - delay(20): Delayed 20 second(s)

2020-04-07 00:54:17 - [MESSAGE][PASSED] - Delayed 20 second(s)

2020-04-07 00:54:17 - [TEST_STEP][PASSED] - verifyElementPresent(findTestObject("Object Repository/Front End Objects/Smoke Tests/Header/Sell Tab/Page_Chiragh - Login/h1_Log In")): null

2020-04-07 00:54:20 - [TEST_STEP][PASSED] - Video: Video recording for test case 'Test Cases/Smoke Tests/Header/TC_VerifySellTab_009' .

2020-04-07 00:54:20 - [MESSAGE][INFO] - Video recording for test case 'Test Cases/Smoke Tests/Header/TC_VerifySellTab_009' .
[[ATTACHMENT|C:\\Users\\hp\\git\\chiraghAdminPanel\\Reports\\20200407_004243\\ChiraghWeb_FrontEnd_SmokeTests\\20200407_004243/videos\\test_5.mov]]]]></system-out>
         <system-err><![CDATA[2020-04-07 00:52:48 - [TEST_CASE][ERROR] - Test Cases/Smoke Tests/Header/TC_VerifySellTab_009: Test Cases/Smoke Tests/Header/TC_VerifySellTab_009 FAILED.
Reason:
groovy.lang.MissingMethodException: No signature of method: static com.kms.katalon.core.webui.keyword.WebUiBuiltInKeywords.verifyElementPresent() is applicable for argument types: (com.kms.katalon.core.testobject.TestObject) values: [TestObject - 'Object Repository/Front End Objects/Smoke Tests/Header/Sell Tab/Page_Chiragh - Login/h1_Log In']
Possible solutions: verifyElementPresent(com.kms.katalon.core.testobject.TestObject, int), verifyElementPresent(com.kms.katalon.core.testobject.TestObject, int, com.kms.katalon.core.model.FailureHandling), verifyElementNotPresent(com.kms.katalon.core.testobject.TestObject, int), verifyAlertPresent(int), verifyElementNotPresent(com.kms.katalon.core.testobject.TestObject, int, com.kms.katalon.core.model.FailureHandling)
	at TC_VerifySellTab_009.run(TC_VerifySellTab_009:32)
	at com.kms.katalon.core.main.ScriptEngine.run(ScriptEngine.java:194)
	at com.kms.katalon.core.main.ScriptEngine.runScriptAsRawText(ScriptEngine.java:119)
	at com.kms.katalon.core.main.TestCaseExecutor.runScript(TestCaseExecutor.java:337)
	at com.kms.katalon.core.main.TestCaseExecutor.doExecute(TestCaseExecutor.java:328)
	at com.kms.katalon.core.main.TestCaseExecutor.processExecutionPhase(TestCaseExecutor.java:307)
	at com.kms.katalon.core.main.TestCaseExecutor.accessMainPhase(TestCaseExecutor.java:299)
	at com.kms.katalon.core.main.TestCaseExecutor.execute(TestCaseExecutor.java:233)
	at com.kms.katalon.core.main.TestSuiteExecutor.accessTestCaseMainPhase(TestSuiteExecutor.java:169)
	at com.kms.katalon.core.main.TestSuiteExecutor.accessTestSuiteMainPhase(TestSuiteExecutor.java:142)
	at com.kms.katalon.core.main.TestSuiteExecutor.execute(TestSuiteExecutor.java:91)
	at com.kms.katalon.core.main.TestCaseMain.startTestSuite(TestCaseMain.java:157)
	at com.kms.katalon.core.main.TestCaseMain$startTestSuite$0.call(Unknown Source)
	at TempTestSuite1586202163582.run(TempTestSuite1586202163582.groovy:36)]]></system-err>
      </testcase>
      <testcase name="Test Cases/Front End/NotLoginWithInvalidCredentials" time="73.587" classname="Test Cases/Front End/NotLoginWithInvalidCredentials" status="PASSED">
         <system-out><![CDATA[2020-04-07 00:54:20 - [TEST_CASE][PASSED] - Test Cases/Front End/NotLoginWithInvalidCredentials: Test Cases/Front End/NotLoginWithInvalidCredentials

2020-04-07 00:54:20 - [TEST_STEP][PASSED] - openBrowser(""): Browser is opened with url: ''

2020-04-07 00:54:20 - [MESSAGE][WARNING] - A browser is already opened. Closing browser and opening a new one

2020-04-07 00:54:21 - [MESSAGE][INFO] - Starting 'Chrome' driver

2020-04-07 00:54:26 - [MESSAGE][PASSED] - Browser is opened with url: ''

2020-04-07 00:54:26 - [TEST_STEP][PASSED] - navigateToUrl(Url): Navigate to 'http://test.chiragh.com' successfully

2020-04-07 00:55:19 - [MESSAGE][PASSED] - Navigate to 'http://test.chiragh.com' successfully

2020-04-07 00:55:19 - [TEST_STEP][PASSED] - waitForPageLoad(15): Wait for page load successfully

2020-04-07 00:55:19 - [MESSAGE][PASSED] - Wait for page load successfully

2020-04-07 00:55:19 - [TEST_STEP][PASSED] - maximizeWindow(): Current window maximized

2020-04-07 00:55:24 - [MESSAGE][PASSED] - Current window maximized

2020-04-07 00:55:24 - [TEST_STEP][PASSED] - delay(3): Delayed 3 second(s)

2020-04-07 00:55:27 - [MESSAGE][PASSED] - Delayed 3 second(s)

2020-04-07 00:55:27 - [TEST_STEP][PASSED] - click(findTestObject("Object Repository/Front End Objects/NotLoginWithInvalidCredential/Page_Chiragh - Home/a_ENG_dropdownMenuLink")): Object: 'Object Repository/Front End Objects/NotLoginWithInvalidCredential/Page_Chiragh - Home/a_ENG_dropdownMenuLink' is clicked on

2020-04-07 00:55:27 - [MESSAGE][PASSED] - Object: 'Object Repository/Front End Objects/NotLoginWithInvalidCredential/Page_Chiragh - Home/a_ENG_dropdownMenuLink' is clicked on

2020-04-07 00:55:27 - [TEST_STEP][PASSED] - click(findTestObject("Object Repository/Front End Objects/NotLoginWithInvalidCredential/Page_Chiragh - Home/a_Login")): Object: 'Object Repository/Front End Objects/NotLoginWithInvalidCredential/Page_Chiragh - Home/a_Login' is clicked on

2020-04-07 00:55:28 - [MESSAGE][PASSED] - Object: 'Object Repository/Front End Objects/NotLoginWithInvalidCredential/Page_Chiragh - Home/a_Login' is clicked on

2020-04-07 00:55:28 - [TEST_STEP][PASSED] - setText(findTestObject("Object Repository/Front End Objects/NotLoginWithInvalidCredential/Page_Chiragh - Login/input_Username_un"), "AUTOCHIRAGH"): Text 'AUTOCHIRAGH' is set on object 'Object Repository/Front End Objects/NotLoginWithInvalidCredential/Page_Chiragh - Login/input_Username_un'

2020-04-07 00:55:28 - [MESSAGE][PASSED] - Text 'AUTOCHIRAGH' is set on object 'Object Repository/Front End Objects/NotLoginWithInvalidCredential/Page_Chiragh - Login/input_Username_un'

2020-04-07 00:55:28 - [TEST_STEP][PASSED] - setText(findTestObject("Object Repository/Front End Objects/NotLoginWithInvalidCredential/Page_Chiragh - Login/input_Password_userPassword"), "rtyu"): Text 'rtyu' is set on object 'Object Repository/Front End Objects/NotLoginWithInvalidCredential/Page_Chiragh - Login/input_Password_userPassword'

2020-04-07 00:55:29 - [MESSAGE][PASSED] - Text 'rtyu' is set on object 'Object Repository/Front End Objects/NotLoginWithInvalidCredential/Page_Chiragh - Login/input_Password_userPassword'

2020-04-07 00:55:29 - [TEST_STEP][PASSED] - click(findTestObject("Object Repository/Front End Objects/NotLoginWithInvalidCredential/Page_Chiragh - Login/button_Log In")): Object: 'Object Repository/Front End Objects/NotLoginWithInvalidCredential/Page_Chiragh - Login/button_Log In' is clicked on

2020-04-07 00:55:29 - [MESSAGE][PASSED] - Object: 'Object Repository/Front End Objects/NotLoginWithInvalidCredential/Page_Chiragh - Login/button_Log In' is clicked on

2020-04-07 00:55:29 - [TEST_STEP][PASSED] - waitForPageLoad(15): Wait for page load successfully

2020-04-07 00:55:29 - [MESSAGE][PASSED] - Wait for page load successfully

2020-04-07 00:55:29 - [TEST_STEP][PASSED] - errorMessage = getText(findTestObject("Object Repository/Front End Objects/NotLoginWithInvalidCredential/Page_Chiragh - Login/div_Invalid username or password")): Text of object 'Object Repository/Front End Objects/NotLoginWithInvalidCredential/Page_Chiragh - Login/div_Invalid username or password' is: 'Invalid username or password'

2020-04-07 00:55:31 - [MESSAGE][PASSED] - Text of object 'Object Repository/Front End Objects/NotLoginWithInvalidCredential/Page_Chiragh - Login/div_Invalid username or password' is: 'Invalid username or password'

2020-04-07 00:55:31 - [TEST_STEP][PASSED] - verifyEqual(errorMessage, "Invalid username or password"): Actual object 'Invalid username or password' and expected object 'Invalid username or password' are equal

2020-04-07 00:55:31 - [MESSAGE][PASSED] - Actual object 'Invalid username or password' and expected object 'Invalid username or password' are equal

2020-04-07 00:55:31 - [TEST_STEP][PASSED] - closeBrowser(): Browser is closed

2020-04-07 00:55:31 - [MESSAGE][PASSED] - Browser is closed

2020-04-07 00:55:33 - [TEST_STEP][PASSED] - Video: Video recording for test case 'Test Cases/Front End/NotLoginWithInvalidCredentials' .

2020-04-07 00:55:33 - [MESSAGE][INFO] - Video recording for test case 'Test Cases/Front End/NotLoginWithInvalidCredentials' .
[[ATTACHMENT|C:\\Users\\hp\\git\\chiraghAdminPanel\\Reports\\20200407_004243\\ChiraghWeb_FrontEnd_SmokeTests\\20200407_004243/videos\\test_6.mov]]]]></system-out>
         <system-err><![CDATA[]]></system-err>
      </testcase>
      <testcase name="Test Cases/Front End/TC_ChangePassword" time="104.566" classname="Test Cases/Front End/TC_ChangePassword" status="ERROR">
         <error type="ERROR" message="Test Cases/Front End/TC_ChangePassword FAILED.
Reason:
groovy.lang.MissingPropertyException: No such property: changePassword for class: internal.GlobalVariable
	at TC_ChangePassword.run(TC_ChangePassword:69)
	at com.kms.katalon.core.main.ScriptEngine.run(ScriptEngine.java:194)
	at com.kms.katalon.core.main.ScriptEngine.runScriptAsRawText(ScriptEngine.java:119)
	at com.kms.katalon.core.main.TestCaseExecutor.runScript(TestCaseExecutor.java:337)
	at com.kms.katalon.core.main.TestCaseExecutor.doExecute(TestCaseExecutor.java:328)
	at com.kms.katalon.core.main.TestCaseExecutor.processExecutionPhase(TestCaseExecutor.java:307)
	at com.kms.katalon.core.main.TestCaseExecutor.accessMainPhase(TestCaseExecutor.java:299)
	at com.kms.katalon.core.main.TestCaseExecutor.execute(TestCaseExecutor.java:233)
	at com.kms.katalon.core.main.TestSuiteExecutor.accessTestCaseMainPhase(TestSuiteExecutor.java:169)
	at com.kms.katalon.core.main.TestSuiteExecutor.accessTestSuiteMainPhase(TestSuiteExecutor.java:142)
	at com.kms.katalon.core.main.TestSuiteExecutor.execute(TestSuiteExecutor.java:91)
	at com.kms.katalon.core.main.TestCaseMain.startTestSuite(TestCaseMain.java:157)
	at com.kms.katalon.core.main.TestCaseMain$startTestSuite$0.call(Unknown Source)
	at TempTestSuite1586202163582.run(TempTestSuite1586202163582.groovy:36)
"/>
         <system-out><![CDATA[2020-04-07 00:55:33 - [TEST_CASE][ERROR] - Test Cases/Front End/TC_ChangePassword: Test Cases/Front End/TC_ChangePassword FAILED.
Reason:
groovy.lang.MissingPropertyException: No such property: changePassword for class: internal.GlobalVariable
	at TC_ChangePassword.run(TC_ChangePassword:69)
	at com.kms.katalon.core.main.ScriptEngine.run(ScriptEngine.java:194)
	at com.kms.katalon.core.main.ScriptEngine.runScriptAsRawText(ScriptEngine.java:119)
	at com.kms.katalon.core.main.TestCaseExecutor.runScript(TestCaseExecutor.java:337)
	at com.kms.katalon.core.main.TestCaseExecutor.doExecute(TestCaseExecutor.java:328)
	at com.kms.katalon.core.main.TestCaseExecutor.processExecutionPhase(TestCaseExecutor.java:307)
	at com.kms.katalon.core.main.TestCaseExecutor.accessMainPhase(TestCaseExecutor.java:299)
	at com.kms.katalon.core.main.TestCaseExecutor.execute(TestCaseExecutor.java:233)
	at com.kms.katalon.core.main.TestSuiteExecutor.accessTestCaseMainPhase(TestSuiteExecutor.java:169)
	at com.kms.katalon.core.main.TestSuiteExecutor.accessTestSuiteMainPhase(TestSuiteExecutor.java:142)
	at com.kms.katalon.core.main.TestSuiteExecutor.execute(TestSuiteExecutor.java:91)
	at com.kms.katalon.core.main.TestCaseMain.startTestSuite(TestCaseMain.java:157)
	at com.kms.katalon.core.main.TestCaseMain$startTestSuite$0.call(Unknown Source)
	at TempTestSuite1586202163582.run(TempTestSuite1586202163582.groovy:36)


2020-04-07 00:55:34 - [TEST_STEP][PASSED] - openBrowser(""): Browser is opened with url: ''

2020-04-07 00:55:34 - [MESSAGE][INFO] - Starting 'Chrome' driver

2020-04-07 00:55:39 - [MESSAGE][PASSED] - Browser is opened with url: ''

2020-04-07 00:55:39 - [TEST_STEP][PASSED] - navigateToUrl(Url): Navigate to 'http://test.chiragh.com' successfully

2020-04-07 00:56:42 - [MESSAGE][PASSED] - Navigate to 'http://test.chiragh.com' successfully

2020-04-07 00:56:42 - [TEST_STEP][PASSED] - waitForPageLoad(10): Wait for page load successfully

2020-04-07 00:56:42 - [MESSAGE][PASSED] - Wait for page load successfully

2020-04-07 00:56:42 - [TEST_STEP][PASSED] - maximizeWindow(): Current window maximized

2020-04-07 00:56:46 - [MESSAGE][PASSED] - Current window maximized

2020-04-07 00:56:46 - [TEST_STEP][PASSED] - delay(3): Delayed 3 second(s)

2020-04-07 00:56:49 - [MESSAGE][PASSED] - Delayed 3 second(s)

2020-04-07 00:56:49 - [TEST_STEP][PASSED] - click(findTestObject("Object Repository/Front End Objects/ChangePasswordObject/Page_Chiragh - Home/a_ENG_dropdownMenuLink")): Object: 'Object Repository/Front End Objects/ChangePasswordObject/Page_Chiragh - Home/a_ENG_dropdownMenuLink' is clicked on

2020-04-07 00:56:50 - [MESSAGE][PASSED] - Object: 'Object Repository/Front End Objects/ChangePasswordObject/Page_Chiragh - Home/a_ENG_dropdownMenuLink' is clicked on

2020-04-07 00:56:50 - [TEST_STEP][PASSED] - click(findTestObject("Object Repository/Front End Objects/ChangePasswordObject/Page_Chiragh - Home/a_Login")): Object: 'Object Repository/Front End Objects/ChangePasswordObject/Page_Chiragh - Home/a_Login' is clicked on

2020-04-07 00:56:51 - [MESSAGE][PASSED] - Object: 'Object Repository/Front End Objects/ChangePasswordObject/Page_Chiragh - Home/a_Login' is clicked on

2020-04-07 00:56:51 - [TEST_STEP][PASSED] - setText(findTestObject("Object Repository/Front End Objects/ChangePasswordObject/Page_Chiragh - Login/input_Username_un"), userName): Text 'AUTOCHIRAGH' is set on object 'Object Repository/Front End Objects/ChangePasswordObject/Page_Chiragh - Login/input_Username_un'

2020-04-07 00:56:51 - [MESSAGE][PASSED] - Text 'AUTOCHIRAGH' is set on object 'Object Repository/Front End Objects/ChangePasswordObject/Page_Chiragh - Login/input_Username_un'

2020-04-07 00:56:51 - [TEST_STEP][PASSED] - setText(findTestObject("Object Repository/Front End Objects/ChangePasswordObject/Page_Chiragh - Login/input_Password_userPassword"), passWord): Text '1234567890' is set on object 'Object Repository/Front End Objects/ChangePasswordObject/Page_Chiragh - Login/input_Password_userPassword'

2020-04-07 00:56:52 - [MESSAGE][PASSED] - Text '1234567890' is set on object 'Object Repository/Front End Objects/ChangePasswordObject/Page_Chiragh - Login/input_Password_userPassword'

2020-04-07 00:56:52 - [TEST_STEP][PASSED] - delay(2): Delayed 2 second(s)

2020-04-07 00:56:54 - [MESSAGE][PASSED] - Delayed 2 second(s)

2020-04-07 00:56:54 - [TEST_STEP][PASSED] - click(findTestObject("Object Repository/Front End Objects/ChangePasswordObject/Page_Chiragh - Login/button_Log In")): Object: 'Object Repository/Front End Objects/ChangePasswordObject/Page_Chiragh - Login/button_Log In' is clicked on

2020-04-07 00:56:54 - [MESSAGE][PASSED] - Object: 'Object Repository/Front End Objects/ChangePasswordObject/Page_Chiragh - Login/button_Log In' is clicked on

2020-04-07 00:56:54 - [TEST_STEP][PASSED] - waitForPageLoad(10): Wait for page load successfully

2020-04-07 00:56:54 - [MESSAGE][PASSED] - Wait for page load successfully

2020-04-07 00:56:54 - [TEST_STEP][PASSED] - click(findTestObject("Object Repository/Front End Objects/ChangePasswordObject/Page_Chiragh - Home/a_ENG_dropdownMenuLink")): Object: 'Object Repository/Front End Objects/ChangePasswordObject/Page_Chiragh - Home/a_ENG_dropdownMenuLink' is clicked on

2020-04-07 00:57:02 - [MESSAGE][PASSED] - Object: 'Object Repository/Front End Objects/ChangePasswordObject/Page_Chiragh - Home/a_ENG_dropdownMenuLink' is clicked on

2020-04-07 00:57:02 - [TEST_STEP][PASSED] - click(findTestObject("Object Repository/Front End Objects/ChangePasswordObject/Page_Chiragh - Home/a_HI AutoChiragh")): Object: 'Object Repository/Front End Objects/ChangePasswordObject/Page_Chiragh - Home/a_HI AutoChiragh' is clicked on

2020-04-07 00:57:03 - [MESSAGE][PASSED] - Object: 'Object Repository/Front End Objects/ChangePasswordObject/Page_Chiragh - Home/a_HI AutoChiragh' is clicked on

2020-04-07 00:57:03 - [TEST_STEP][PASSED] - delay(2): Delayed 2 second(s)

2020-04-07 00:57:05 - [MESSAGE][PASSED] - Delayed 2 second(s)

2020-04-07 00:57:05 - [TEST_STEP][PASSED] - click(findTestObject("Object Repository/Front End Objects/ChangePasswordObject/Page_Chiragh - Dashborad Home/a_Profile")): Object: 'Object Repository/Front End Objects/ChangePasswordObject/Page_Chiragh - Dashborad Home/a_Profile' is clicked on

2020-04-07 00:57:09 - [MESSAGE][PASSED] - Object: 'Object Repository/Front End Objects/ChangePasswordObject/Page_Chiragh - Dashborad Home/a_Profile' is clicked on

2020-04-07 00:57:09 - [TEST_STEP][PASSED] - delay(2): Delayed 2 second(s)

2020-04-07 00:57:11 - [MESSAGE][PASSED] - Delayed 2 second(s)

2020-04-07 00:57:11 - [TEST_STEP][PASSED] - scrollToElement(findTestObject("Object Repository/Front End Objects/ChangePasswordObject/Page_Chiragh - User Profile/p_Contact Info"), 6): Scroll to object 'Object Repository/Front End Objects/ChangePasswordObject/Page_Chiragh - User Profile/p_Contact Info' successfully

2020-04-07 00:57:11 - [MESSAGE][PASSED] - Scroll to object 'Object Repository/Front End Objects/ChangePasswordObject/Page_Chiragh - User Profile/p_Contact Info' successfully

2020-04-07 00:57:11 - [TEST_STEP][PASSED] - click(findTestObject("Object Repository/Front End Objects/ChangePasswordObject/Page_Chiragh - User Profile/svg_Sharjah UAE_svg-inline--fa fa-eye fa-w-18")): Object: 'Object Repository/Front End Objects/ChangePasswordObject/Page_Chiragh - User Profile/svg_Sharjah UAE_svg-inline--fa fa-eye fa-w-18' is clicked on

2020-04-07 00:57:11 - [MESSAGE][PASSED] - Object: 'Object Repository/Front End Objects/ChangePasswordObject/Page_Chiragh - User Profile/svg_Sharjah UAE_svg-inline--fa fa-eye fa-w-18' is clicked on

2020-04-07 00:57:11 - [TEST_STEP][PASSED] - delay(2): Delayed 2 second(s)

2020-04-07 00:57:13 - [MESSAGE][PASSED] - Delayed 2 second(s)

2020-04-07 00:57:13 - [TEST_STEP][PASSED] - setText(findTestObject("Object Repository/Front End Objects/ChangePasswordObject/Page_Chiragh - User Profile/input_Sharjah UAE_currentPassword"), passWord): Text '1234567890' is set on object 'Object Repository/Front End Objects/ChangePasswordObject/Page_Chiragh - User Profile/input_Sharjah UAE_currentPassword'

2020-04-07 00:57:14 - [MESSAGE][PASSED] - Text '1234567890' is set on object 'Object Repository/Front End Objects/ChangePasswordObject/Page_Chiragh - User Profile/input_Sharjah UAE_currentPassword'

2020-04-07 00:57:14 - [TEST_STEP][PASSED] - delay(2): Delayed 2 second(s)

2020-04-07 00:57:16 - [MESSAGE][PASSED] - Delayed 2 second(s)

2020-04-07 00:57:16 - [TEST_STEP][PASSED] - setText(findTestObject("Object Repository/Front End Objects/ChangePasswordObject/Page_Chiragh - User Profile/input_Sharjah UAE_userPassword"), changePassword): null

2020-04-07 00:57:18 - [TEST_STEP][PASSED] - Video: Video recording for test case 'Test Cases/Front End/TC_ChangePassword' .

2020-04-07 00:57:18 - [MESSAGE][INFO] - Video recording for test case 'Test Cases/Front End/TC_ChangePassword' .
[[ATTACHMENT|C:\\Users\\hp\\git\\chiraghAdminPanel\\Reports\\20200407_004243\\ChiraghWeb_FrontEnd_SmokeTests\\20200407_004243/videos\\test_7.mov]]]]></system-out>
         <system-err><![CDATA[2020-04-07 00:55:33 - [TEST_CASE][ERROR] - Test Cases/Front End/TC_ChangePassword: Test Cases/Front End/TC_ChangePassword FAILED.
Reason:
groovy.lang.MissingPropertyException: No such property: changePassword for class: internal.GlobalVariable
	at TC_ChangePassword.run(TC_ChangePassword:69)
	at com.kms.katalon.core.main.ScriptEngine.run(ScriptEngine.java:194)
	at com.kms.katalon.core.main.ScriptEngine.runScriptAsRawText(ScriptEngine.java:119)
	at com.kms.katalon.core.main.TestCaseExecutor.runScript(TestCaseExecutor.java:337)
	at com.kms.katalon.core.main.TestCaseExecutor.doExecute(TestCaseExecutor.java:328)
	at com.kms.katalon.core.main.TestCaseExecutor.processExecutionPhase(TestCaseExecutor.java:307)
	at com.kms.katalon.core.main.TestCaseExecutor.accessMainPhase(TestCaseExecutor.java:299)
	at com.kms.katalon.core.main.TestCaseExecutor.execute(TestCaseExecutor.java:233)
	at com.kms.katalon.core.main.TestSuiteExecutor.accessTestCaseMainPhase(TestSuiteExecutor.java:169)
	at com.kms.katalon.core.main.TestSuiteExecutor.accessTestSuiteMainPhase(TestSuiteExecutor.java:142)
	at com.kms.katalon.core.main.TestSuiteExecutor.execute(TestSuiteExecutor.java:91)
	at com.kms.katalon.core.main.TestCaseMain.startTestSuite(TestCaseMain.java:157)
	at com.kms.katalon.core.main.TestCaseMain$startTestSuite$0.call(Unknown Source)
	at TempTestSuite1586202163582.run(TempTestSuite1586202163582.groovy:36)]]></system-err>
      </testcase>
      <testcase name="Test Cases/Front End/TC_ChangeProfileImage" time="71.434" classname="Test Cases/Front End/TC_ChangeProfileImage" status="PASSED">
         <system-out><![CDATA[2020-04-07 00:57:18 - [TEST_CASE][PASSED] - Test Cases/Front End/TC_ChangeProfileImage: Test Cases/Front End/TC_ChangeProfileImage

2020-04-07 00:57:18 - [TEST_STEP][PASSED] - openBrowser(""): Browser is opened with url: ''

2020-04-07 00:57:18 - [MESSAGE][WARNING] - A browser is already opened. Closing browser and opening a new one

2020-04-07 00:57:19 - [MESSAGE][INFO] - Starting 'Chrome' driver

2020-04-07 00:57:24 - [MESSAGE][PASSED] - Browser is opened with url: ''

2020-04-07 00:57:24 - [TEST_STEP][PASSED] - navigateToUrl(Url): Navigate to 'http://test.chiragh.com' successfully

2020-04-07 00:58:01 - [MESSAGE][PASSED] - Navigate to 'http://test.chiragh.com' successfully

2020-04-07 00:58:01 - [TEST_STEP][PASSED] - waitForPageLoad(10): Wait for page load successfully

2020-04-07 00:58:01 - [MESSAGE][PASSED] - Wait for page load successfully

2020-04-07 00:58:01 - [TEST_STEP][PASSED] - maximizeWindow(): Current window maximized

2020-04-07 00:58:05 - [MESSAGE][PASSED] - Current window maximized

2020-04-07 00:58:05 - [TEST_STEP][PASSED] - delay(3): Delayed 3 second(s)

2020-04-07 00:58:08 - [MESSAGE][PASSED] - Delayed 3 second(s)

2020-04-07 00:58:08 - [TEST_STEP][PASSED] - click(findTestObject("Object Repository/Front End Objects/ProfileImageChange/Page_Chiragh - Home/a_ENG_dropdownMenuLink")): Object: 'Object Repository/Front End Objects/ProfileImageChange/Page_Chiragh - Home/a_ENG_dropdownMenuLink' is clicked on

2020-04-07 00:58:09 - [MESSAGE][PASSED] - Object: 'Object Repository/Front End Objects/ProfileImageChange/Page_Chiragh - Home/a_ENG_dropdownMenuLink' is clicked on

2020-04-07 00:58:09 - [TEST_STEP][PASSED] - click(findTestObject("Object Repository/Front End Objects/ProfileImageChange/Page_Chiragh - Home/a_Login")): Object: 'Object Repository/Front End Objects/ProfileImageChange/Page_Chiragh - Home/a_Login' is clicked on

2020-04-07 00:58:09 - [MESSAGE][PASSED] - Object: 'Object Repository/Front End Objects/ProfileImageChange/Page_Chiragh - Home/a_Login' is clicked on

2020-04-07 00:58:09 - [TEST_STEP][PASSED] - setText(findTestObject("Object Repository/Front End Objects/ProfileImageChange/Page_Chiragh - Login/input_Username_un"), "chiragh1234"): Text 'chiragh1234' is set on object 'Object Repository/Front End Objects/ProfileImageChange/Page_Chiragh - Login/input_Username_un'

2020-04-07 00:58:10 - [MESSAGE][PASSED] - Text 'chiragh1234' is set on object 'Object Repository/Front End Objects/ProfileImageChange/Page_Chiragh - Login/input_Username_un'

2020-04-07 00:58:10 - [TEST_STEP][PASSED] - delay(2): Delayed 2 second(s)

2020-04-07 00:58:12 - [MESSAGE][PASSED] - Delayed 2 second(s)

2020-04-07 00:58:12 - [TEST_STEP][PASSED] - setEncryptedText(findTestObject("Object Repository/Front End Objects/ProfileImageChange/Page_Chiragh - Login/input_Password_userPassword"), "RigbBhfdqOBDK95asqKeHw=="): Text ****** has been set on object 'Object Repository/Front End Objects/ProfileImageChange/Page_Chiragh - Login/input_Password_userPassword'

2020-04-07 00:58:12 - [MESSAGE][PASSED] - Text ****** has been set on object 'Object Repository/Front End Objects/ProfileImageChange/Page_Chiragh - Login/input_Password_userPassword'

2020-04-07 00:58:12 - [TEST_STEP][PASSED] - click(findTestObject("Object Repository/Front End Objects/ProfileImageChange/Page_Chiragh - Login/button_Log In")): Object: 'Object Repository/Front End Objects/ProfileImageChange/Page_Chiragh - Login/button_Log In' is clicked on

2020-04-07 00:58:13 - [MESSAGE][PASSED] - Object: 'Object Repository/Front End Objects/ProfileImageChange/Page_Chiragh - Login/button_Log In' is clicked on

2020-04-07 00:58:13 - [TEST_STEP][PASSED] - delay(2): Delayed 2 second(s)

2020-04-07 00:58:15 - [MESSAGE][PASSED] - Delayed 2 second(s)

2020-04-07 00:58:15 - [TEST_STEP][PASSED] - click(findTestObject("Object Repository/Front End Objects/ProfileImageChange/Page_Chiragh - Home/a_ENG_dropdownMenuLink")): Object: 'Object Repository/Front End Objects/ProfileImageChange/Page_Chiragh - Home/a_ENG_dropdownMenuLink' is clicked on

2020-04-07 00:58:16 - [MESSAGE][PASSED] - Object: 'Object Repository/Front End Objects/ProfileImageChange/Page_Chiragh - Home/a_ENG_dropdownMenuLink' is clicked on

2020-04-07 00:58:16 - [TEST_STEP][PASSED] - click(findTestObject("Object Repository/Front End Objects/ProfileImageChange/Page_Chiragh - Home/a_HI chiragh1234")): Object: 'Object Repository/Front End Objects/ProfileImageChange/Page_Chiragh - Home/a_HI chiragh1234' is clicked on

2020-04-07 00:58:16 - [MESSAGE][PASSED] - Object: 'Object Repository/Front End Objects/ProfileImageChange/Page_Chiragh - Home/a_HI chiragh1234' is clicked on

2020-04-07 00:58:16 - [TEST_STEP][PASSED] - delay(2): Delayed 2 second(s)

2020-04-07 00:58:18 - [MESSAGE][PASSED] - Delayed 2 second(s)

2020-04-07 00:58:18 - [TEST_STEP][PASSED] - uploadFile(findTestObject("Object Repository/Front End Objects/ProfileImageChange/capture/Page_Chiragh - Dashborad Home/input_You have no new notifications at the moment_file"), "C:\Users\HP\git\chiraghAdminPanel\Include\PropertyImages\1584693242612-Scanned_Passport_Copy.png"): File 'C:\Users\HP\git\chiraghAdminPanel\Include\PropertyImages\1584693242612-Scanned_Passport_Copy.png' sent to object: 'Object Repository/Front End Objects/ProfileImageChange/capture/Page_Chiragh - Dashborad Home/input_You have no new notifications at the moment_file'

2020-04-07 00:58:19 - [MESSAGE][PASSED] - File 'C:\Users\HP\git\chiraghAdminPanel\Include\PropertyImages\1584693242612-Scanned_Passport_Copy.png' sent to object: 'Object Repository/Front End Objects/ProfileImageChange/capture/Page_Chiragh - Dashborad Home/input_You have no new notifications at the moment_file'

2020-04-07 00:58:19 - [TEST_STEP][PASSED] - click(findTestObject("Object Repository/Front End Objects/ProfileImageChange/Page_Chiragh - Dashborad Home/div_Profile image successfully updated")): Object: 'Object Repository/Front End Objects/ProfileImageChange/Page_Chiragh - Dashborad Home/div_Profile image successfully updated' is clicked on

2020-04-07 00:58:23 - [MESSAGE][PASSED] - Object: 'Object Repository/Front End Objects/ProfileImageChange/Page_Chiragh - Dashborad Home/div_Profile image successfully updated' is clicked on

2020-04-07 00:58:23 - [TEST_STEP][PASSED] - click(findTestObject("Object Repository/Front End Objects/ProfileImageChange/Page_Chiragh - Dashborad Home/div_Profile image successfully updated")): Object: 'Object Repository/Front End Objects/ProfileImageChange/Page_Chiragh - Dashborad Home/div_Profile image successfully updated' is clicked on

2020-04-07 00:58:23 - [MESSAGE][PASSED] - Object: 'Object Repository/Front End Objects/ProfileImageChange/Page_Chiragh - Dashborad Home/div_Profile image successfully updated' is clicked on

2020-04-07 00:58:23 - [TEST_STEP][PASSED] - delay(3): Delayed 3 second(s)

2020-04-07 00:58:26 - [MESSAGE][PASSED] - Delayed 3 second(s)

2020-04-07 00:58:26 - [TEST_STEP][PASSED] - closeBrowser(): Browser is closed

2020-04-07 00:58:27 - [MESSAGE][PASSED] - Browser is closed

2020-04-07 00:58:29 - [TEST_STEP][PASSED] - Video: Video recording for test case 'Test Cases/Front End/TC_ChangeProfileImage' .

2020-04-07 00:58:29 - [MESSAGE][INFO] - Video recording for test case 'Test Cases/Front End/TC_ChangeProfileImage' .
[[ATTACHMENT|C:\\Users\\hp\\git\\chiraghAdminPanel\\Reports\\20200407_004243\\ChiraghWeb_FrontEnd_SmokeTests\\20200407_004243/videos\\test_8.mov]]]]></system-out>
         <system-err><![CDATA[]]></system-err>
      </testcase>
      <testcase name="Test Cases/Front End/TC_ContactUs_011" time="77.874" classname="Test Cases/Front End/TC_ContactUs_011" status="PASSED">
         <system-out><![CDATA[2020-04-07 00:58:29 - [TEST_CASE][PASSED] - Test Cases/Front End/TC_ContactUs_011: Test Cases/Front End/TC_ContactUs_011

2020-04-07 00:58:30 - [TEST_STEP][PASSED] - openBrowser(""): Browser is opened with url: ''

2020-04-07 00:58:30 - [MESSAGE][INFO] - Starting 'Chrome' driver

2020-04-07 00:58:35 - [MESSAGE][PASSED] - Browser is opened with url: ''

2020-04-07 00:58:35 - [TEST_STEP][PASSED] - navigateToUrl(Url): Navigate to 'http://test.chiragh.com' successfully

2020-04-07 00:59:23 - [MESSAGE][PASSED] - Navigate to 'http://test.chiragh.com' successfully

2020-04-07 00:59:23 - [TEST_STEP][PASSED] - waitForPageLoad(20): Wait for page load successfully

2020-04-07 00:59:23 - [MESSAGE][PASSED] - Wait for page load successfully

2020-04-07 00:59:23 - [TEST_STEP][PASSED] - maximizeWindow(): Current window maximized

2020-04-07 00:59:27 - [MESSAGE][PASSED] - Current window maximized

2020-04-07 00:59:27 - [TEST_STEP][PASSED] - scrollToElement(findTestObject("Object Repository/Front End Objects/Contact Us/Page_Chiragh - Home/a_-Contact Us"), 8): Scroll to object 'Object Repository/Front End Objects/Contact Us/Page_Chiragh - Home/a_-Contact Us' successfully

2020-04-07 00:59:28 - [MESSAGE][PASSED] - Scroll to object 'Object Repository/Front End Objects/Contact Us/Page_Chiragh - Home/a_-Contact Us' successfully

2020-04-07 00:59:28 - [TEST_STEP][PASSED] - click(findTestObject("Object Repository/Front End Objects/Contact Us/Page_Chiragh - Home/a_-Contact Us")): Object: 'Object Repository/Front End Objects/Contact Us/Page_Chiragh - Home/a_-Contact Us' is clicked on

2020-04-07 00:59:29 - [MESSAGE][PASSED] - Object: 'Object Repository/Front End Objects/Contact Us/Page_Chiragh - Home/a_-Contact Us' is clicked on

2020-04-07 00:59:29 - [TEST_STEP][PASSED] - delay(10): Delayed 10 second(s)

2020-04-07 00:59:39 - [MESSAGE][PASSED] - Delayed 10 second(s)

2020-04-07 00:59:39 - [TEST_STEP][PASSED] - scrollToElement(findTestObject("Object Repository/Front End Objects/Contact Us/Page_Chiragh - Contact Us/input_Personal Details _firstName"), 5): Scroll to object 'Object Repository/Front End Objects/Contact Us/Page_Chiragh - Contact Us/input_Personal Details _firstName' successfully

2020-04-07 00:59:39 - [MESSAGE][PASSED] - Scroll to object 'Object Repository/Front End Objects/Contact Us/Page_Chiragh - Contact Us/input_Personal Details _firstName' successfully

2020-04-07 00:59:39 - [TEST_STEP][PASSED] - setText(findTestObject("Object Repository/Front End Objects/Contact Us/Page_Chiragh - Contact Us/input_Personal Details _firstName"), "fatima"): Text 'fatima' is set on object 'Object Repository/Front End Objects/Contact Us/Page_Chiragh - Contact Us/input_Personal Details _firstName'

2020-04-07 00:59:39 - [MESSAGE][PASSED] - Text 'fatima' is set on object 'Object Repository/Front End Objects/Contact Us/Page_Chiragh - Contact Us/input_Personal Details _firstName'

2020-04-07 00:59:39 - [TEST_STEP][PASSED] - setText(findTestObject("Object Repository/Front End Objects/Contact Us/Page_Chiragh - Contact Us/input_Personal Details _middleName"), "tul"): Text 'tul' is set on object 'Object Repository/Front End Objects/Contact Us/Page_Chiragh - Contact Us/input_Personal Details _middleName'

2020-04-07 00:59:40 - [MESSAGE][PASSED] - Text 'tul' is set on object 'Object Repository/Front End Objects/Contact Us/Page_Chiragh - Contact Us/input_Personal Details _middleName'

2020-04-07 00:59:40 - [TEST_STEP][PASSED] - setText(findTestObject("Object Repository/Front End Objects/Contact Us/Page_Chiragh - Contact Us/input_Personal Details _lastName"), "kubra"): Text 'kubra' is set on object 'Object Repository/Front End Objects/Contact Us/Page_Chiragh - Contact Us/input_Personal Details _lastName'

2020-04-07 00:59:40 - [MESSAGE][PASSED] - Text 'kubra' is set on object 'Object Repository/Front End Objects/Contact Us/Page_Chiragh - Contact Us/input_Personal Details _lastName'

2020-04-07 00:59:40 - [TEST_STEP][PASSED] - setText(findTestObject("Object Repository/Front End Objects/Contact Us/Page_Chiragh - Contact Us/input_Personal Details _email"), "test@gmail.com"): Text 'test@gmail.com' is set on object 'Object Repository/Front End Objects/Contact Us/Page_Chiragh - Contact Us/input_Personal Details _email'

2020-04-07 00:59:41 - [MESSAGE][PASSED] - Text 'test@gmail.com' is set on object 'Object Repository/Front End Objects/Contact Us/Page_Chiragh - Contact Us/input_Personal Details _email'

2020-04-07 00:59:41 - [TEST_STEP][PASSED] - setText(findTestObject("Object Repository/Front End Objects/Contact Us/Page_Chiragh - Contact Us/textarea_Your Message _message"), "test msg"): Text 'test msg' is set on object 'Object Repository/Front End Objects/Contact Us/Page_Chiragh - Contact Us/textarea_Your Message _message'

2020-04-07 00:59:42 - [MESSAGE][PASSED] - Text 'test msg' is set on object 'Object Repository/Front End Objects/Contact Us/Page_Chiragh - Contact Us/textarea_Your Message _message'

2020-04-07 00:59:42 - [TEST_STEP][PASSED] - doubleClick(findTestObject("Object Repository/Front End Objects/Contact Us/Page_Chiragh - Contact Us/button_Send")): Object: 'Object Repository/Front End Objects/Contact Us/Page_Chiragh - Contact Us/button_Send' is double clicked on

2020-04-07 00:59:42 - [MESSAGE][PASSED] - Object: 'Object Repository/Front End Objects/Contact Us/Page_Chiragh - Contact Us/button_Send' is double clicked on

2020-04-07 00:59:42 - [TEST_STEP][PASSED] - verifyElementPresent(findTestObject("Object Repository/Front End Objects/Contact Us/Page_Chiragh - Contact Us/div_Message delivered"), 10): Object 'Object Repository/Front End Objects/Contact Us/Page_Chiragh - Contact Us/div_Message delivered' is present

2020-04-07 00:59:45 - [MESSAGE][PASSED] - Object 'Object Repository/Front End Objects/Contact Us/Page_Chiragh - Contact Us/div_Message delivered' is present

2020-04-07 00:59:45 - [TEST_STEP][PASSED] - closeBrowser(): Browser is closed

2020-04-07 00:59:45 - [MESSAGE][PASSED] - Browser is closed

2020-04-07 00:59:47 - [TEST_STEP][PASSED] - Video: Video recording for test case 'Test Cases/Front End/TC_ContactUs_011' .

2020-04-07 00:59:47 - [MESSAGE][INFO] - Video recording for test case 'Test Cases/Front End/TC_ContactUs_011' .
[[ATTACHMENT|C:\\Users\\hp\\git\\chiraghAdminPanel\\Reports\\20200407_004243\\ChiraghWeb_FrontEnd_SmokeTests\\20200407_004243/videos\\test_9.mov]]]]></system-out>
         <system-err><![CDATA[]]></system-err>
      </testcase>
      <testcase name="Test Cases/Front End/TC_ForgetPassword" time="90.496" classname="Test Cases/Front End/TC_ForgetPassword" status="PASSED">
         <system-out><![CDATA[2020-04-07 00:59:47 - [TEST_CASE][PASSED] - Test Cases/Front End/TC_ForgetPassword: Test Cases/Front End/TC_ForgetPassword

2020-04-07 00:59:47 - [TEST_STEP][PASSED] - openBrowser(""): Browser is opened with url: ''

2020-04-07 00:59:47 - [MESSAGE][INFO] - Starting 'Chrome' driver

2020-04-07 00:59:53 - [MESSAGE][PASSED] - Browser is opened with url: ''

2020-04-07 00:59:53 - [TEST_STEP][PASSED] - navigateToUrl(Url): Navigate to 'http://test.chiragh.com' successfully

2020-04-07 01:00:32 - [MESSAGE][PASSED] - Navigate to 'http://test.chiragh.com' successfully

2020-04-07 01:00:32 - [TEST_STEP][PASSED] - waitForPageLoad(10): Wait for page load successfully

2020-04-07 01:00:32 - [MESSAGE][PASSED] - Wait for page load successfully

2020-04-07 01:00:32 - [TEST_STEP][PASSED] - maximizeWindow(): Current window maximized

2020-04-07 01:00:36 - [MESSAGE][PASSED] - Current window maximized

2020-04-07 01:00:36 - [TEST_STEP][PASSED] - delay(3): Delayed 3 second(s)

2020-04-07 01:00:39 - [MESSAGE][PASSED] - Delayed 3 second(s)

2020-04-07 01:00:39 - [TEST_STEP][PASSED] - click(findTestObject("Object Repository/Front End Objects/ForgetPassword/Page_Chiragh - Home/a_ENG_dropdownMenuLink")): Object: 'Object Repository/Front End Objects/ForgetPassword/Page_Chiragh - Home/a_ENG_dropdownMenuLink' is clicked on

2020-04-07 01:00:40 - [MESSAGE][PASSED] - Object: 'Object Repository/Front End Objects/ForgetPassword/Page_Chiragh - Home/a_ENG_dropdownMenuLink' is clicked on

2020-04-07 01:00:40 - [TEST_STEP][PASSED] - click(findTestObject("Object Repository/Front End Objects/ForgetPassword/Page_Chiragh - Home/a_Login")): Object: 'Object Repository/Front End Objects/ForgetPassword/Page_Chiragh - Home/a_Login' is clicked on

2020-04-07 01:00:41 - [MESSAGE][PASSED] - Object: 'Object Repository/Front End Objects/ForgetPassword/Page_Chiragh - Home/a_Login' is clicked on

2020-04-07 01:00:41 - [TEST_STEP][PASSED] - setText(findTestObject("Object Repository/Front End Objects/ForgetPassword/Page_Chiragh - Login/input_Username_un"), "chiragh1234"): Text 'chiragh1234' is set on object 'Object Repository/Front End Objects/ForgetPassword/Page_Chiragh - Login/input_Username_un'

2020-04-07 01:00:41 - [MESSAGE][PASSED] - Text 'chiragh1234' is set on object 'Object Repository/Front End Objects/ForgetPassword/Page_Chiragh - Login/input_Username_un'

2020-04-07 01:00:41 - [TEST_STEP][PASSED] - setEncryptedText(findTestObject("Object Repository/Front End Objects/ForgetPassword/Page_Chiragh - Login/input_Password_userPassword"), "H/aFGQTy4lw="): Text ****** has been set on object 'Object Repository/Front End Objects/ForgetPassword/Page_Chiragh - Login/input_Password_userPassword'

2020-04-07 01:00:42 - [MESSAGE][PASSED] - Text ****** has been set on object 'Object Repository/Front End Objects/ForgetPassword/Page_Chiragh - Login/input_Password_userPassword'

2020-04-07 01:00:42 - [TEST_STEP][PASSED] - click(findTestObject("Object Repository/Front End Objects/ForgetPassword/Page_Chiragh - Login/a_Forgot Password")): Object: 'Object Repository/Front End Objects/ForgetPassword/Page_Chiragh - Login/a_Forgot Password' is clicked on

2020-04-07 01:00:42 - [MESSAGE][PASSED] - Object: 'Object Repository/Front End Objects/ForgetPassword/Page_Chiragh - Login/a_Forgot Password' is clicked on

2020-04-07 01:00:42 - [TEST_STEP][PASSED] - setText(findTestObject("Object Repository/Front End Objects/ForgetPassword/Page_Chiragh - Forget Password/input_Follow instructions mentioned in the _98cc19"), "chiragh@getnada.com"): Text 'chiragh@getnada.com' is set on object 'Object Repository/Front End Objects/ForgetPassword/Page_Chiragh - Forget Password/input_Follow instructions mentioned in the _98cc19'

2020-04-07 01:00:43 - [MESSAGE][PASSED] - Text 'chiragh@getnada.com' is set on object 'Object Repository/Front End Objects/ForgetPassword/Page_Chiragh - Forget Password/input_Follow instructions mentioned in the _98cc19'

2020-04-07 01:00:43 - [TEST_STEP][PASSED] - click(findTestObject("Object Repository/Front End Objects/ForgetPassword/Page_Chiragh - Forget Password/button_Submit")): Object: 'Object Repository/Front End Objects/ForgetPassword/Page_Chiragh - Forget Password/button_Submit' is clicked on

2020-04-07 01:00:43 - [MESSAGE][PASSED] - Object: 'Object Repository/Front End Objects/ForgetPassword/Page_Chiragh - Forget Password/button_Submit' is clicked on

2020-04-07 01:00:43 - [TEST_STEP][PASSED] - click(findTestObject("Object Repository/Front End Objects/ForgetPassword/Page_Chiragh - Forget Password/div_EMAIL SENT SUCCESSFULLY")): Object: 'Object Repository/Front End Objects/ForgetPassword/Page_Chiragh - Forget Password/div_EMAIL SENT SUCCESSFULLY' is clicked on

2020-04-07 01:00:46 - [MESSAGE][PASSED] - Object: 'Object Repository/Front End Objects/ForgetPassword/Page_Chiragh - Forget Password/div_EMAIL SENT SUCCESSFULLY' is clicked on

2020-04-07 01:00:46 - [TEST_STEP][PASSED] - navigateToUrl("https://getnada.com/"): Navigate to 'https://getnada.com/' successfully

2020-04-07 01:00:52 - [MESSAGE][PASSED] - Navigate to 'https://getnada.com/' successfully

2020-04-07 01:00:52 - [TEST_STEP][PASSED] - delay(3): Delayed 3 second(s)

2020-04-07 01:00:55 - [MESSAGE][PASSED] - Delayed 3 second(s)

2020-04-07 01:00:55 - [TEST_STEP][PASSED] - click(findTestObject("Object Repository/Front End Objects/ForgetPassword/Page_Nada - temp mail - fast and free/nav_Temp InboxeslelukgetnadacomAdd Inbox")): Object: 'Object Repository/Front End Objects/ForgetPassword/Page_Nada - temp mail - fast and free/nav_Temp InboxeslelukgetnadacomAdd Inbox' is clicked on

2020-04-07 01:00:55 - [MESSAGE][PASSED] - Object: 'Object Repository/Front End Objects/ForgetPassword/Page_Nada - temp mail - fast and free/nav_Temp InboxeslelukgetnadacomAdd Inbox' is clicked on

2020-04-07 01:00:55 - [TEST_STEP][PASSED] - click(findTestObject("Object Repository/Front End Objects/ForgetPassword/Page_Nada - temp mail - fast and free/span_Add Inbox")): Object: 'Object Repository/Front End Objects/ForgetPassword/Page_Nada - temp mail - fast and free/span_Add Inbox' is clicked on

2020-04-07 01:00:56 - [MESSAGE][PASSED] - Object: 'Object Repository/Front End Objects/ForgetPassword/Page_Nada - temp mail - fast and free/span_Add Inbox' is clicked on

2020-04-07 01:00:56 - [TEST_STEP][PASSED] - doubleClick(findTestObject("Object Repository/Front End Objects/ForgetPassword/Page_Nada - temp mail - fast and free/input_Add Inbox_user_name")): Object: 'Object Repository/Front End Objects/ForgetPassword/Page_Nada - temp mail - fast and free/input_Add Inbox_user_name' is double clicked on

2020-04-07 01:00:56 - [MESSAGE][PASSED] - Object: 'Object Repository/Front End Objects/ForgetPassword/Page_Nada - temp mail - fast and free/input_Add Inbox_user_name' is double clicked on

2020-04-07 01:00:56 - [TEST_STEP][PASSED] - setText(findTestObject("Object Repository/Front End Objects/ForgetPassword/Page_Nada - temp mail - fast and free/input_Add Inbox_user_name"), "chiragh"): Text 'chiragh' is set on object 'Object Repository/Front End Objects/ForgetPassword/Page_Nada - temp mail - fast and free/input_Add Inbox_user_name'

2020-04-07 01:00:57 - [MESSAGE][PASSED] - Text 'chiragh' is set on object 'Object Repository/Front End Objects/ForgetPassword/Page_Nada - temp mail - fast and free/input_Add Inbox_user_name'

2020-04-07 01:00:57 - [TEST_STEP][PASSED] - click(findTestObject("Object Repository/Front End Objects/ForgetPassword/Page_Nada - temp mail - fast and free/a_Accept")): Object: 'Object Repository/Front End Objects/ForgetPassword/Page_Nada - temp mail - fast and free/a_Accept' is clicked on

2020-04-07 01:00:57 - [MESSAGE][PASSED] - Object: 'Object Repository/Front End Objects/ForgetPassword/Page_Nada - temp mail - fast and free/a_Accept' is clicked on

2020-04-07 01:00:57 - [TEST_STEP][PASSED] - click(findTestObject("Object Repository/Front End Objects/ForgetPassword/Page_Nada - temp mail - fast and free/div_Chiragh Reset Password At Mon Apr 06 07_2f7f77")): Object: 'Object Repository/Front End Objects/ForgetPassword/Page_Nada - temp mail - fast and free/div_Chiragh Reset Password At Mon Apr 06 07_2f7f77' is clicked on

2020-04-07 01:00:58 - [MESSAGE][PASSED] - Object: 'Object Repository/Front End Objects/ForgetPassword/Page_Nada - temp mail - fast and free/div_Chiragh Reset Password At Mon Apr 06 07_2f7f77' is clicked on

2020-04-07 01:00:58 - [TEST_STEP][PASSED] - switchToWindowTitle("Nada - temp mail - fast and free"): Switched to window with title: 'Nada - temp mail - fast and free'

2020-04-07 01:00:58 - [MESSAGE][PASSED] - Switched to window with title: 'Nada - temp mail - fast and free'

2020-04-07 01:00:58 - [TEST_STEP][PASSED] - click(findTestObject("Object Repository/Front End Objects/ForgetPassword/Page_Nada - temp mail - fast and free/a_Reset Password")): Object: 'Object Repository/Front End Objects/ForgetPassword/Page_Nada - temp mail - fast and free/a_Reset Password' is clicked on

2020-04-07 01:01:01 - [MESSAGE][PASSED] - Object: 'Object Repository/Front End Objects/ForgetPassword/Page_Nada - temp mail - fast and free/a_Reset Password' is clicked on

2020-04-07 01:01:01 - [TEST_STEP][PASSED] - delay(1): Delayed 1 second(s)

2020-04-07 01:01:02 - [MESSAGE][PASSED] - Delayed 1 second(s)

2020-04-07 01:01:02 - [TEST_STEP][PASSED] - switchToWindowIndex(1): Switched to window with index: '1'

2020-04-07 01:01:02 - [MESSAGE][PASSED] - Switched to window with index: '1'

2020-04-07 01:01:02 - [TEST_STEP][PASSED] - delay(2): Delayed 2 second(s)

2020-04-07 01:01:04 - [MESSAGE][PASSED] - Delayed 2 second(s)

2020-04-07 01:01:04 - [TEST_STEP][PASSED] - setText(findTestObject("Object Repository/Front End Objects/ForgetPassword/Page_/input_Enter New Password_userPassword"), passWord): Text '1234567890' is set on object 'Object Repository/Front End Objects/ForgetPassword/Page_/input_Enter New Password_userPassword'

2020-04-07 01:01:09 - [MESSAGE][PASSED] - Text '1234567890' is set on object 'Object Repository/Front End Objects/ForgetPassword/Page_/input_Enter New Password_userPassword'

2020-04-07 01:01:09 - [TEST_STEP][PASSED] - setText(findTestObject("Object Repository/Front End Objects/ForgetPassword/Page_/input_Confirm New Password_userconfirmPassword"), passWord): Text '1234567890' is set on object 'Object Repository/Front End Objects/ForgetPassword/Page_/input_Confirm New Password_userconfirmPassword'

2020-04-07 01:01:09 - [MESSAGE][PASSED] - Text '1234567890' is set on object 'Object Repository/Front End Objects/ForgetPassword/Page_/input_Confirm New Password_userconfirmPassword'

2020-04-07 01:01:09 - [TEST_STEP][PASSED] - delay(2): Delayed 2 second(s)

2020-04-07 01:01:11 - [MESSAGE][PASSED] - Delayed 2 second(s)

2020-04-07 01:01:11 - [TEST_STEP][PASSED] - click(findTestObject("Object Repository/Front End Objects/ForgetPassword/Page_/button_Reset Password")): Object: 'Object Repository/Front End Objects/ForgetPassword/Page_/button_Reset Password' is clicked on

2020-04-07 01:01:11 - [MESSAGE][PASSED] - Object: 'Object Repository/Front End Objects/ForgetPassword/Page_/button_Reset Password' is clicked on

2020-04-07 01:01:11 - [TEST_STEP][PASSED] - click(findTestObject("Object Repository/Front End Objects/ForgetPassword/Page_/h4_Password Reset Successfully")): Object: 'Object Repository/Front End Objects/ForgetPassword/Page_/h4_Password Reset Successfully' is clicked on

2020-04-07 01:01:13 - [MESSAGE][PASSED] - Object: 'Object Repository/Front End Objects/ForgetPassword/Page_/h4_Password Reset Successfully' is clicked on

2020-04-07 01:01:13 - [TEST_STEP][PASSED] - delay(2): Delayed 2 second(s)

2020-04-07 01:01:15 - [MESSAGE][PASSED] - Delayed 2 second(s)

2020-04-07 01:01:15 - [TEST_STEP][PASSED] - closeBrowser(): Browser is closed

2020-04-07 01:01:16 - [MESSAGE][PASSED] - Browser is closed

2020-04-07 01:01:18 - [TEST_STEP][PASSED] - Video: Video recording for test case 'Test Cases/Front End/TC_ForgetPassword' .

2020-04-07 01:01:18 - [MESSAGE][INFO] - Video recording for test case 'Test Cases/Front End/TC_ForgetPassword' .
[[ATTACHMENT|C:\\Users\\hp\\git\\chiraghAdminPanel\\Reports\\20200407_004243\\ChiraghWeb_FrontEnd_SmokeTests\\20200407_004243/videos\\test_10.mov]]]]></system-out>
         <system-err><![CDATA[]]></system-err>
      </testcase>
      <testcase name="Test Cases/Front End/TC_Logout" time="95.991" classname="Test Cases/Front End/TC_Logout" status="PASSED">
         <system-out><![CDATA[2020-04-07 01:01:18 - [TEST_CASE][PASSED] - Test Cases/Front End/TC_Logout: Test Cases/Front End/TC_Logout

2020-04-07 01:01:18 - [TEST_STEP][PASSED] - openBrowser(""): Browser is opened with url: ''

2020-04-07 01:01:18 - [MESSAGE][INFO] - Starting 'Chrome' driver

2020-04-07 01:01:23 - [MESSAGE][PASSED] - Browser is opened with url: ''

2020-04-07 01:01:23 - [TEST_STEP][PASSED] - navigateToUrl(Url): Navigate to 'http://test.chiragh.com' successfully

2020-04-07 01:02:29 - [MESSAGE][PASSED] - Navigate to 'http://test.chiragh.com' successfully

2020-04-07 01:02:29 - [TEST_STEP][PASSED] - waitForPageLoad(10): Wait for page load successfully

2020-04-07 01:02:29 - [MESSAGE][PASSED] - Wait for page load successfully

2020-04-07 01:02:29 - [TEST_STEP][PASSED] - maximizeWindow(): Current window maximized

2020-04-07 01:02:33 - [MESSAGE][PASSED] - Current window maximized

2020-04-07 01:02:33 - [TEST_STEP][PASSED] - delay(3): Delayed 3 second(s)

2020-04-07 01:02:36 - [MESSAGE][PASSED] - Delayed 3 second(s)

2020-04-07 01:02:36 - [TEST_STEP][PASSED] - click(findTestObject("Object Repository/Front End Objects/Logout/Page_Chiragh - Home/a_ENG_dropdownMenuLink")): Object: 'Object Repository/Front End Objects/Logout/Page_Chiragh - Home/a_ENG_dropdownMenuLink' is clicked on

2020-04-07 01:02:36 - [MESSAGE][PASSED] - Object: 'Object Repository/Front End Objects/Logout/Page_Chiragh - Home/a_ENG_dropdownMenuLink' is clicked on

2020-04-07 01:02:36 - [TEST_STEP][PASSED] - click(findTestObject("Object Repository/Front End Objects/Logout/Page_Chiragh - Home/a_Login")): Object: 'Object Repository/Front End Objects/Logout/Page_Chiragh - Home/a_Login' is clicked on

2020-04-07 01:02:37 - [MESSAGE][PASSED] - Object: 'Object Repository/Front End Objects/Logout/Page_Chiragh - Home/a_Login' is clicked on

2020-04-07 01:02:37 - [TEST_STEP][PASSED] - delay(2): Delayed 2 second(s)

2020-04-07 01:02:39 - [MESSAGE][PASSED] - Delayed 2 second(s)

2020-04-07 01:02:39 - [TEST_STEP][PASSED] - setText(findTestObject("Object Repository/Front End Objects/Logout/Page_Chiragh - Login/input_Username_un"), userName): Text 'AUTOCHIRAGH' is set on object 'Object Repository/Front End Objects/Logout/Page_Chiragh - Login/input_Username_un'

2020-04-07 01:02:40 - [MESSAGE][PASSED] - Text 'AUTOCHIRAGH' is set on object 'Object Repository/Front End Objects/Logout/Page_Chiragh - Login/input_Username_un'

2020-04-07 01:02:40 - [TEST_STEP][PASSED] - setEncryptedText(findTestObject("Object Repository/Front End Objects/Logout/Page_Chiragh - Login/input_Password_userPassword"), "RigbBhfdqOBDK95asqKeHw=="): Text ****** has been set on object 'Object Repository/Front End Objects/Logout/Page_Chiragh - Login/input_Password_userPassword'

2020-04-07 01:02:40 - [MESSAGE][PASSED] - Text ****** has been set on object 'Object Repository/Front End Objects/Logout/Page_Chiragh - Login/input_Password_userPassword'

2020-04-07 01:02:40 - [TEST_STEP][PASSED] - click(findTestObject("Object Repository/Front End Objects/Logout/Page_Chiragh - Login/button_Log In")): Object: 'Object Repository/Front End Objects/Logout/Page_Chiragh - Login/button_Log In' is clicked on

2020-04-07 01:02:41 - [MESSAGE][PASSED] - Object: 'Object Repository/Front End Objects/Logout/Page_Chiragh - Login/button_Log In' is clicked on

2020-04-07 01:02:41 - [TEST_STEP][PASSED] - delay(2): Delayed 2 second(s)

2020-04-07 01:02:43 - [MESSAGE][PASSED] - Delayed 2 second(s)

2020-04-07 01:02:43 - [TEST_STEP][PASSED] - click(findTestObject("Object Repository/Front End Objects/Logout/Page_Chiragh - Home/a_ENG_dropdownMenuLink")): Object: 'Object Repository/Front End Objects/Logout/Page_Chiragh - Home/a_ENG_dropdownMenuLink' is clicked on

2020-04-07 01:02:48 - [MESSAGE][PASSED] - Object: 'Object Repository/Front End Objects/Logout/Page_Chiragh - Home/a_ENG_dropdownMenuLink' is clicked on

2020-04-07 01:02:48 - [TEST_STEP][PASSED] - click(findTestObject("Object Repository/Front End Objects/Logout/Page_Chiragh - Home/a_Logout")): Object: 'Object Repository/Front End Objects/Logout/Page_Chiragh - Home/a_Logout' is clicked on

2020-04-07 01:02:49 - [MESSAGE][PASSED] - Object: 'Object Repository/Front End Objects/Logout/Page_Chiragh - Home/a_Logout' is clicked on

2020-04-07 01:02:49 - [TEST_STEP][PASSED] - delay(2): Delayed 2 second(s)

2020-04-07 01:02:51 - [MESSAGE][PASSED] - Delayed 2 second(s)

2020-04-07 01:02:51 - [TEST_STEP][PASSED] - click(findTestObject("Object Repository/Front End Objects/Logout/Page_Chiragh - Login/h1_Log In")): Object: 'Object Repository/Front End Objects/Logout/Page_Chiragh - Login/h1_Log In' is clicked on

2020-04-07 01:02:51 - [MESSAGE][PASSED] - Object: 'Object Repository/Front End Objects/Logout/Page_Chiragh - Login/h1_Log In' is clicked on

2020-04-07 01:02:51 - [TEST_STEP][PASSED] - closeBrowser(): Browser is closed

2020-04-07 01:02:52 - [MESSAGE][PASSED] - Browser is closed

2020-04-07 01:02:54 - [TEST_STEP][PASSED] - Video: Video recording for test case 'Test Cases/Front End/TC_Logout' .

2020-04-07 01:02:54 - [MESSAGE][INFO] - Video recording for test case 'Test Cases/Front End/TC_Logout' .
[[ATTACHMENT|C:\\Users\\hp\\git\\chiraghAdminPanel\\Reports\\20200407_004243\\ChiraghWeb_FrontEnd_SmokeTests\\20200407_004243/videos\\test_11.mov]]]]></system-out>
         <system-err><![CDATA[]]></system-err>
      </testcase>
      <testcase name="Test Cases/Front End/TC_PropertySubmissionForm_002" time="190.879" classname="Test Cases/Front End/TC_PropertySubmissionForm_002" status="PASSED">
         <system-out><![CDATA[2020-04-07 01:02:54 - [TEST_CASE][PASSED] - Test Cases/Front End/TC_PropertySubmissionForm_002: Test Cases/Front End/TC_PropertySubmissionForm_002

2020-04-07 01:02:54 - [TEST_STEP][PASSED] - faker = new com.github.javafaker.Faker(): null

2020-04-07 01:02:54 - [TEST_STEP][PASSED] - projectname = address().streetName(): null

2020-04-07 01:02:54 - [TEST_STEP][PASSED] - openBrowser(""): Browser is opened with url: ''

2020-04-07 01:02:54 - [MESSAGE][INFO] - Starting 'Chrome' driver

2020-04-07 01:03:00 - [MESSAGE][PASSED] - Browser is opened with url: ''

2020-04-07 01:03:00 - [TEST_STEP][PASSED] - navigateToUrl(Url): Navigate to 'http://test.chiragh.com' successfully

2020-04-07 01:03:36 - [MESSAGE][PASSED] - Navigate to 'http://test.chiragh.com' successfully

2020-04-07 01:03:36 - [TEST_STEP][PASSED] - waitForPageLoad(15): Wait for page load successfully

2020-04-07 01:03:36 - [MESSAGE][PASSED] - Wait for page load successfully

2020-04-07 01:03:36 - [TEST_STEP][PASSED] - maximizeWindow(): Current window maximized

2020-04-07 01:03:41 - [MESSAGE][PASSED] - Current window maximized

2020-04-07 01:03:41 - [TEST_STEP][PASSED] - delay(3): Delayed 3 second(s)

2020-04-07 01:03:44 - [MESSAGE][PASSED] - Delayed 3 second(s)

2020-04-07 01:03:44 - [TEST_STEP][PASSED] - click(findTestObject("Property submission/owner/Page_Chiragh - Home/a_SELL")): Object: 'Object Repository/Property submission/owner/Page_Chiragh - Home/a_SELL' is clicked on

2020-04-07 01:03:44 - [MESSAGE][PASSED] - Object: 'Object Repository/Property submission/owner/Page_Chiragh - Home/a_SELL' is clicked on

2020-04-07 01:03:44 - [TEST_STEP][PASSED] - setText(findTestObject("Object Repository/Property submission/owner/Page_Chiragh - Login/input_Username_un"), userName): Text 'AUTOCHIRAGH' is set on object 'Object Repository/Property submission/owner/Page_Chiragh - Login/input_Username_un'

2020-04-07 01:03:45 - [MESSAGE][PASSED] - Text 'AUTOCHIRAGH' is set on object 'Object Repository/Property submission/owner/Page_Chiragh - Login/input_Username_un'

2020-04-07 01:03:45 - [TEST_STEP][PASSED] - setText(findTestObject("Object Repository/Property submission/owner/Page_Chiragh - Login/input_Password_userPassword"), passWord): Text '1234567890' is set on object 'Object Repository/Property submission/owner/Page_Chiragh - Login/input_Password_userPassword'

2020-04-07 01:03:46 - [MESSAGE][PASSED] - Text '1234567890' is set on object 'Object Repository/Property submission/owner/Page_Chiragh - Login/input_Password_userPassword'

2020-04-07 01:03:46 - [TEST_STEP][PASSED] - click(findTestObject("Object Repository/Property submission/owner/Page_Chiragh - Login/button_Log In")): Object: 'Object Repository/Property submission/owner/Page_Chiragh - Login/button_Log In' is clicked on

2020-04-07 01:03:46 - [MESSAGE][PASSED] - Object: 'Object Repository/Property submission/owner/Page_Chiragh - Login/button_Log In' is clicked on

2020-04-07 01:03:46 - [TEST_STEP][PASSED] - delay(10): Delayed 10 second(s)

2020-04-07 01:03:56 - [MESSAGE][PASSED] - Delayed 10 second(s)

2020-04-07 01:03:56 - [TEST_STEP][PASSED] - setText(findTestObject("Object Repository/Property submission/owner form/Page_Chiragh - Sell Your Property/Page_Chiragh - Sell Your Property/input_ID Card Number_idCardNo"), "3294723889"): Text '3294723889' is set on object 'Object Repository/Property submission/owner form/Page_Chiragh - Sell Your Property/Page_Chiragh - Sell Your Property/input_ID Card Number_idCardNo'

2020-04-07 01:03:57 - [MESSAGE][PASSED] - Text '3294723889' is set on object 'Object Repository/Property submission/owner form/Page_Chiragh - Sell Your Property/Page_Chiragh - Sell Your Property/input_ID Card Number_idCardNo'

2020-04-07 01:03:57 - [TEST_STEP][PASSED] - click(findTestObject("Object Repository/Property submission/owner form/Page_Chiragh - Sell Your Property/Page_Chiragh - Sell Your Property/ID card expiry")): Object: 'Object Repository/Property submission/owner form/Page_Chiragh - Sell Your Property/Page_Chiragh - Sell Your Property/ID card expiry' is clicked on

2020-04-07 01:03:57 - [MESSAGE][PASSED] - Object: 'Object Repository/Property submission/owner form/Page_Chiragh - Sell Your Property/Page_Chiragh - Sell Your Property/ID card expiry' is clicked on

2020-04-07 01:03:57 - [TEST_STEP][PASSED] - click(findTestObject("Object Repository/Property submission/owner form/Page_Chiragh - Sell Your Property/Page_Chiragh - Sell Your Property/span_Mar 2020")): Object: 'Object Repository/Property submission/owner form/Page_Chiragh - Sell Your Property/Page_Chiragh - Sell Your Property/span_Mar 2020' is clicked on

2020-04-07 01:03:58 - [MESSAGE][PASSED] - Object: 'Object Repository/Property submission/owner form/Page_Chiragh - Sell Your Property/Page_Chiragh - Sell Your Property/span_Mar 2020' is clicked on

2020-04-07 01:03:58 - [TEST_STEP][PASSED] - click(findTestObject("Object Repository/Property submission/owner form/Page_Chiragh - Sell Your Property/Page_Chiragh - Sell Your Property/span_2029")): Object: 'Object Repository/Property submission/owner form/Page_Chiragh - Sell Your Property/Page_Chiragh - Sell Your Property/span_2029' is clicked on

2020-04-07 01:03:58 - [MESSAGE][PASSED] - Object: 'Object Repository/Property submission/owner form/Page_Chiragh - Sell Your Property/Page_Chiragh - Sell Your Property/span_2029' is clicked on

2020-04-07 01:03:58 - [TEST_STEP][PASSED] - click(findTestObject("Object Repository/Property submission/owner form/Page_Chiragh - Sell Your Property/Page_Chiragh - Sell Your Property/month")): Object: 'Object Repository/Property submission/owner form/Page_Chiragh - Sell Your Property/Page_Chiragh - Sell Your Property/month' is clicked on

2020-04-07 01:03:59 - [MESSAGE][PASSED] - Object: 'Object Repository/Property submission/owner form/Page_Chiragh - Sell Your Property/Page_Chiragh - Sell Your Property/month' is clicked on

2020-04-07 01:03:59 - [TEST_STEP][PASSED] - click(findTestObject("Object Repository/Property submission/owner form/Page_Chiragh - Sell Your Property/Page_Chiragh - Sell Your Property/span_21")): Object: 'Object Repository/Property submission/owner form/Page_Chiragh - Sell Your Property/Page_Chiragh - Sell Your Property/span_21' is clicked on

2020-04-07 01:04:00 - [MESSAGE][PASSED] - Object: 'Object Repository/Property submission/owner form/Page_Chiragh - Sell Your Property/Page_Chiragh - Sell Your Property/span_21' is clicked on

2020-04-07 01:04:00 - [TEST_STEP][PASSED] - scrollToElement(findTestObject("Object Repository/Property submission/owner/Page_Chiragh - Sell Your Property/div_Scanned Passport Copy"), 5): Scroll to object 'Object Repository/Property submission/owner/Page_Chiragh - Sell Your Property/div_Scanned Passport Copy' successfully

2020-04-07 01:04:01 - [MESSAGE][PASSED] - Scroll to object 'Object Repository/Property submission/owner/Page_Chiragh - Sell Your Property/div_Scanned Passport Copy' successfully

2020-04-07 01:04:01 - [TEST_STEP][PASSED] - delay(4): Delayed 4 second(s)

2020-04-07 01:04:05 - [MESSAGE][PASSED] - Delayed 4 second(s)

2020-04-07 01:04:05 - [TEST_STEP][PASSED] - uploadFile(findTestObject("Property submission/owner/Scanned Passport Copy"), "C:\Users\HP\git\chiraghAdminPanel\Include\PropertyImages\1584693242612-Scanned_Passport_Copy.png"): File 'C:\Users\HP\git\chiraghAdminPanel\Include\PropertyImages\1584693242612-Scanned_Passport_Copy.png' sent to object: 'Object Repository/Property submission/owner/Scanned Passport Copy'

2020-04-07 01:04:05 - [MESSAGE][PASSED] - File 'C:\Users\HP\git\chiraghAdminPanel\Include\PropertyImages\1584693242612-Scanned_Passport_Copy.png' sent to object: 'Object Repository/Property submission/owner/Scanned Passport Copy'

2020-04-07 01:04:05 - [TEST_STEP][PASSED] - delay(7): Delayed 7 second(s)

2020-04-07 01:04:12 - [MESSAGE][PASSED] - Delayed 7 second(s)

2020-04-07 01:04:12 - [TEST_STEP][PASSED] - delay(4): Delayed 4 second(s)

2020-04-07 01:04:16 - [MESSAGE][PASSED] - Delayed 4 second(s)

2020-04-07 01:04:16 - [TEST_STEP][PASSED] - uploadFile(findTestObject("Object Repository/Property submission/owner form/Page_Chiragh - Sell Your Property/Page_Chiragh - Sell Your Property/div_Scanned ID Copy  (UAE or c"), "C:\Users\HP\git\chiraghAdminPanel\Include\PropertyImages\1584693242612-Scanned_Passport_Copy.png"): File 'C:\Users\HP\git\chiraghAdminPanel\Include\PropertyImages\1584693242612-Scanned_Passport_Copy.png' sent to object: 'Object Repository/Property submission/owner form/Page_Chiragh - Sell Your Property/Page_Chiragh - Sell Your Property/div_Scanned ID Copy  (UAE or c'

2020-04-07 01:04:16 - [MESSAGE][PASSED] - File 'C:\Users\HP\git\chiraghAdminPanel\Include\PropertyImages\1584693242612-Scanned_Passport_Copy.png' sent to object: 'Object Repository/Property submission/owner form/Page_Chiragh - Sell Your Property/Page_Chiragh - Sell Your Property/div_Scanned ID Copy  (UAE or c'

2020-04-07 01:04:16 - [TEST_STEP][PASSED] - delay(7): Delayed 7 second(s)

2020-04-07 01:04:23 - [MESSAGE][PASSED] - Delayed 7 second(s)

2020-04-07 01:04:23 - [TEST_STEP][PASSED] - click(findTestObject("Object Repository/Property submission/owner/Page_Chiragh - Sell Your Property/button_Next")): Object: 'Object Repository/Property submission/owner/Page_Chiragh - Sell Your Property/button_Next' is clicked on

2020-04-07 01:04:24 - [MESSAGE][PASSED] - Object: 'Object Repository/Property submission/owner/Page_Chiragh - Sell Your Property/button_Next' is clicked on

2020-04-07 01:04:24 - [TEST_STEP][PASSED] - verifyElementPresent(findTestObject("Object Repository/Property submission/owner/Page_Chiragh - Sell Your Property/div_Owner details added succes"), 4): Object 'Object Repository/Property submission/owner/Page_Chiragh - Sell Your Property/div_Owner details added succes' is present

2020-04-07 01:04:30 - [MESSAGE][PASSED] - Object 'Object Repository/Property submission/owner/Page_Chiragh - Sell Your Property/div_Owner details added succes' is present

2020-04-07 01:04:30 - [TEST_STEP][PASSED] - click(findTestObject("Object Repository/Property submission/POA/Page_Chiragh - Sell Your Property/div_POA Status_ng-input")): Object: 'Object Repository/Property submission/POA/Page_Chiragh - Sell Your Property/div_POA Status_ng-input' is clicked on

2020-04-07 01:04:30 - [MESSAGE][PASSED] - Object: 'Object Repository/Property submission/POA/Page_Chiragh - Sell Your Property/div_POA Status_ng-input' is clicked on

2020-04-07 01:04:30 - [TEST_STEP][PASSED] - delay(4): Delayed 4 second(s)

2020-04-07 01:04:34 - [MESSAGE][PASSED] - Delayed 4 second(s)

2020-04-07 01:04:34 - [TEST_STEP][PASSED] - setText(findTestObject("Object Repository/Property submission/POA/Page_Chiragh - Sell Your Property/Page_Chiragh - Sell Your Property/input"), "No"): Text 'No' is set on object 'Object Repository/Property submission/POA/Page_Chiragh - Sell Your Property/Page_Chiragh - Sell Your Property/input'

2020-04-07 01:04:35 - [MESSAGE][PASSED] - Text 'No' is set on object 'Object Repository/Property submission/POA/Page_Chiragh - Sell Your Property/Page_Chiragh - Sell Your Property/input'

2020-04-07 01:04:35 - [TEST_STEP][PASSED] - sendKeys(findTestObject("Object Repository/Property submission/POA/Page_Chiragh - Sell Your Property/Page_Chiragh - Sell Your Property/input"), Keys.chord(ENTER)): Keys 'ENTER + ' sent to object: 'Object Repository/Property submission/POA/Page_Chiragh - Sell Your Property/Page_Chiragh - Sell Your Property/input'

2020-04-07 01:04:35 - [MESSAGE][PASSED] - Keys 'ENTER + ' sent to object: 'Object Repository/Property submission/POA/Page_Chiragh - Sell Your Property/Page_Chiragh - Sell Your Property/input'

2020-04-07 01:04:35 - [TEST_STEP][PASSED] - delay(4): Delayed 4 second(s)

2020-04-07 01:04:39 - [MESSAGE][PASSED] - Delayed 4 second(s)

2020-04-07 01:04:39 - [TEST_STEP][PASSED] - click(findTestObject("Object Repository/Property submission/POA/Page_Chiragh - Sell Your Property/button_Next")): Object: 'Object Repository/Property submission/POA/Page_Chiragh - Sell Your Property/button_Next' is clicked on

2020-04-07 01:04:39 - [MESSAGE][PASSED] - Object: 'Object Repository/Property submission/POA/Page_Chiragh - Sell Your Property/button_Next' is clicked on

2020-04-07 01:04:39 - [TEST_STEP][PASSED] - delay(4): Delayed 4 second(s)

2020-04-07 01:04:43 - [MESSAGE][PASSED] - Delayed 4 second(s)

2020-04-07 01:04:43 - [TEST_STEP][PASSED] - click(findTestObject("Object Repository/Property submission/Property form/Page_Chiragh - Sell Your Property/Property status/input")): Object: 'Object Repository/Property submission/Property form/Page_Chiragh - Sell Your Property/Property status/input' is clicked on

2020-04-07 01:04:44 - [MESSAGE][PASSED] - Object: 'Object Repository/Property submission/Property form/Page_Chiragh - Sell Your Property/Property status/input' is clicked on

2020-04-07 01:04:44 - [TEST_STEP][PASSED] - setText(findTestObject("Object Repository/Property submission/Property form/Page_Chiragh - Sell Your Property/Property status/input"), "Completed"): Text 'Completed' is set on object 'Object Repository/Property submission/Property form/Page_Chiragh - Sell Your Property/Property status/input'

2020-04-07 01:04:45 - [MESSAGE][PASSED] - Text 'Completed' is set on object 'Object Repository/Property submission/Property form/Page_Chiragh - Sell Your Property/Property status/input'

2020-04-07 01:04:45 - [TEST_STEP][PASSED] - sendKeys(findTestObject("Object Repository/Property submission/Property form/Page_Chiragh - Sell Your Property/Property status/input"), Keys.chord(ENTER)): Keys 'ENTER + ' sent to object: 'Object Repository/Property submission/Property form/Page_Chiragh - Sell Your Property/Property status/input'

2020-04-07 01:04:45 - [MESSAGE][PASSED] - Keys 'ENTER + ' sent to object: 'Object Repository/Property submission/Property form/Page_Chiragh - Sell Your Property/Property status/input'

2020-04-07 01:04:45 - [TEST_STEP][PASSED] - setText(findTestObject("Object Repository/Property submission/Property form/Page_Chiragh - Sell Your Property/Property status/input_Title Deed Number_titleD"), "348236327"): Text '348236327' is set on object 'Object Repository/Property submission/Property form/Page_Chiragh - Sell Your Property/Property status/input_Title Deed Number_titleD'

2020-04-07 01:04:46 - [MESSAGE][PASSED] - Text '348236327' is set on object 'Object Repository/Property submission/Property form/Page_Chiragh - Sell Your Property/Property status/input_Title Deed Number_titleD'

2020-04-07 01:04:46 - [TEST_STEP][PASSED] - setText(findTestObject("Object Repository/Property submission/Property form/Page_Chiragh - Sell Your Property/Type of area/Page_Chiragh - Sell Your Property/input"), "Free Hold"): Text 'Free Hold' is set on object 'Object Repository/Property submission/Property form/Page_Chiragh - Sell Your Property/Type of area/Page_Chiragh - Sell Your Property/input'

2020-04-07 01:04:46 - [MESSAGE][PASSED] - Text 'Free Hold' is set on object 'Object Repository/Property submission/Property form/Page_Chiragh - Sell Your Property/Type of area/Page_Chiragh - Sell Your Property/input'

2020-04-07 01:04:46 - [TEST_STEP][PASSED] - sendKeys(findTestObject("Object Repository/Property submission/Property form/Page_Chiragh - Sell Your Property/Type of area/Page_Chiragh - Sell Your Property/input"), Keys.chord(ENTER)): Keys 'ENTER + ' sent to object: 'Object Repository/Property submission/Property form/Page_Chiragh - Sell Your Property/Type of area/Page_Chiragh - Sell Your Property/input'

2020-04-07 01:04:47 - [MESSAGE][PASSED] - Keys 'ENTER + ' sent to object: 'Object Repository/Property submission/Property form/Page_Chiragh - Sell Your Property/Type of area/Page_Chiragh - Sell Your Property/input'

2020-04-07 01:04:47 - [TEST_STEP][PASSED] - setText(findTestObject("Object Repository/Property submission/Property form/Page_Chiragh - Sell Your Property/Property Type/Page_Chiragh - Sell Your Property/input"), "Villa"): Text 'Villa' is set on object 'Object Repository/Property submission/Property form/Page_Chiragh - Sell Your Property/Property Type/Page_Chiragh - Sell Your Property/input'

2020-04-07 01:04:47 - [MESSAGE][PASSED] - Text 'Villa' is set on object 'Object Repository/Property submission/Property form/Page_Chiragh - Sell Your Property/Property Type/Page_Chiragh - Sell Your Property/input'

2020-04-07 01:04:47 - [TEST_STEP][PASSED] - sendKeys(findTestObject("Object Repository/Property submission/Property form/Page_Chiragh - Sell Your Property/Property Type/Page_Chiragh - Sell Your Property/input"), Keys.chord(ENTER)): Keys 'ENTER + ' sent to object: 'Object Repository/Property submission/Property form/Page_Chiragh - Sell Your Property/Property Type/Page_Chiragh - Sell Your Property/input'

2020-04-07 01:04:48 - [MESSAGE][PASSED] - Keys 'ENTER + ' sent to object: 'Object Repository/Property submission/Property form/Page_Chiragh - Sell Your Property/Property Type/Page_Chiragh - Sell Your Property/input'

2020-04-07 01:04:48 - [TEST_STEP][PASSED] - setText(findTestObject("Object Repository/Property submission/Property form/Page_Chiragh - Sell Your Property/Project Name/Page_Chiragh - Sell Your Property/input_Project Name_projectName"), projectname): Text 'Fay Plain' is set on object 'Object Repository/Property submission/Property form/Page_Chiragh - Sell Your Property/Project Name/Page_Chiragh - Sell Your Property/input_Project Name_projectName'

2020-04-07 01:04:49 - [MESSAGE][PASSED] - Text 'Fay Plain' is set on object 'Object Repository/Property submission/Property form/Page_Chiragh - Sell Your Property/Project Name/Page_Chiragh - Sell Your Property/input_Project Name_projectName'

2020-04-07 01:04:49 - [TEST_STEP][PASSED] - setText(findTestObject("Object Repository/Property submission/Property form/Page_Chiragh - Sell Your Property/Building name/Page_Chiragh - Sell Your Property/input_Building Name_bulidingNa"), "Ajman Tower"): Text 'Ajman Tower' is set on object 'Object Repository/Property submission/Property form/Page_Chiragh - Sell Your Property/Building name/Page_Chiragh - Sell Your Property/input_Building Name_bulidingNa'

2020-04-07 01:04:49 - [MESSAGE][PASSED] - Text 'Ajman Tower' is set on object 'Object Repository/Property submission/Property form/Page_Chiragh - Sell Your Property/Building name/Page_Chiragh - Sell Your Property/input_Building Name_bulidingNa'

2020-04-07 01:04:49 - [TEST_STEP][PASSED] - setText(findTestObject("Object Repository/Property submission/Property form/Page_Chiragh - Sell Your Property/Area/Page_Chiragh - Sell Your Property/input_Net Area_netArea"), "2100"): Text '2100' is set on object 'Object Repository/Property submission/Property form/Page_Chiragh - Sell Your Property/Area/Page_Chiragh - Sell Your Property/input_Net Area_netArea'

2020-04-07 01:04:50 - [MESSAGE][PASSED] - Text '2100' is set on object 'Object Repository/Property submission/Property form/Page_Chiragh - Sell Your Property/Area/Page_Chiragh - Sell Your Property/input_Net Area_netArea'

2020-04-07 01:04:50 - [TEST_STEP][PASSED] - setText(findTestObject("Object Repository/Property submission/Property form/Page_Chiragh - Sell Your Property/Area/Page_Chiragh - Sell Your Property/input"), "sqm"): Text 'sqm' is set on object 'Object Repository/Property submission/Property form/Page_Chiragh - Sell Your Property/Area/Page_Chiragh - Sell Your Property/input'

2020-04-07 01:04:50 - [MESSAGE][PASSED] - Text 'sqm' is set on object 'Object Repository/Property submission/Property form/Page_Chiragh - Sell Your Property/Area/Page_Chiragh - Sell Your Property/input'

2020-04-07 01:04:50 - [TEST_STEP][PASSED] - sendKeys(findTestObject("Object Repository/Property submission/Property form/Page_Chiragh - Sell Your Property/Area/Page_Chiragh - Sell Your Property/input"), Keys.chord(ENTER)): Keys 'ENTER + ' sent to object: 'Object Repository/Property submission/Property form/Page_Chiragh - Sell Your Property/Area/Page_Chiragh - Sell Your Property/input'

2020-04-07 01:04:51 - [MESSAGE][PASSED] - Keys 'ENTER + ' sent to object: 'Object Repository/Property submission/Property form/Page_Chiragh - Sell Your Property/Area/Page_Chiragh - Sell Your Property/input'

2020-04-07 01:04:51 - [TEST_STEP][PASSED] - setText(findTestObject("Object Repository/Property submission/Property form/Page_Chiragh - Sell Your Property/Area/Page_Chiragh - Sell Your Property/input_Gross Area_grossArea"), "2300"): Text '2300' is set on object 'Object Repository/Property submission/Property form/Page_Chiragh - Sell Your Property/Area/Page_Chiragh - Sell Your Property/input_Gross Area_grossArea'

2020-04-07 01:04:51 - [MESSAGE][PASSED] - Text '2300' is set on object 'Object Repository/Property submission/Property form/Page_Chiragh - Sell Your Property/Area/Page_Chiragh - Sell Your Property/input_Gross Area_grossArea'

2020-04-07 01:04:51 - [TEST_STEP][PASSED] - setText(findTestObject("Object Repository/Property submission/Property form/Page_Chiragh - Sell Your Property/Address/Page_Chiragh - Sell Your Property/input_Address_address"), "United Arab Emirates"): Text 'United Arab Emirates' is set on object 'Object Repository/Property submission/Property form/Page_Chiragh - Sell Your Property/Address/Page_Chiragh - Sell Your Property/input_Address_address'

2020-04-07 01:04:52 - [MESSAGE][PASSED] - Text 'United Arab Emirates' is set on object 'Object Repository/Property submission/Property form/Page_Chiragh - Sell Your Property/Address/Page_Chiragh - Sell Your Property/input_Address_address'

2020-04-07 01:04:52 - [TEST_STEP][PASSED] - setText(findTestObject("Object Repository/Property submission/Property form/Page_Chiragh - Sell Your Property/Country/Page_Chiragh - Sell Your Property/input"), "United Arab Emirates"): Text 'United Arab Emirates' is set on object 'Object Repository/Property submission/Property form/Page_Chiragh - Sell Your Property/Country/Page_Chiragh - Sell Your Property/input'

2020-04-07 01:04:53 - [MESSAGE][PASSED] - Text 'United Arab Emirates' is set on object 'Object Repository/Property submission/Property form/Page_Chiragh - Sell Your Property/Country/Page_Chiragh - Sell Your Property/input'

2020-04-07 01:04:53 - [TEST_STEP][PASSED] - sendKeys(findTestObject("Object Repository/Property submission/Property form/Page_Chiragh - Sell Your Property/Country/Page_Chiragh - Sell Your Property/input"), Keys.chord(ENTER)): Keys 'ENTER + ' sent to object: 'Object Repository/Property submission/Property form/Page_Chiragh - Sell Your Property/Country/Page_Chiragh - Sell Your Property/input'

2020-04-07 01:04:53 - [MESSAGE][PASSED] - Keys 'ENTER + ' sent to object: 'Object Repository/Property submission/Property form/Page_Chiragh - Sell Your Property/Country/Page_Chiragh - Sell Your Property/input'

2020-04-07 01:04:53 - [TEST_STEP][PASSED] - delay(4): Delayed 4 second(s)

2020-04-07 01:04:57 - [MESSAGE][PASSED] - Delayed 4 second(s)

2020-04-07 01:04:57 - [TEST_STEP][PASSED] - setText(findTestObject("Object Repository/Property submission/Property form/Page_Chiragh - Sell Your Property/City/Page_Chiragh - Sell Your Property/input"), "Dubai"): Text 'Dubai' is set on object 'Object Repository/Property submission/Property form/Page_Chiragh - Sell Your Property/City/Page_Chiragh - Sell Your Property/input'

2020-04-07 01:04:58 - [MESSAGE][PASSED] - Text 'Dubai' is set on object 'Object Repository/Property submission/Property form/Page_Chiragh - Sell Your Property/City/Page_Chiragh - Sell Your Property/input'

2020-04-07 01:04:58 - [TEST_STEP][PASSED] - sendKeys(findTestObject("Object Repository/Property submission/Property form/Page_Chiragh - Sell Your Property/City/Page_Chiragh - Sell Your Property/input"), Keys.chord(ENTER)): Keys 'ENTER + ' sent to object: 'Object Repository/Property submission/Property form/Page_Chiragh - Sell Your Property/City/Page_Chiragh - Sell Your Property/input'

2020-04-07 01:04:58 - [MESSAGE][PASSED] - Keys 'ENTER + ' sent to object: 'Object Repository/Property submission/Property form/Page_Chiragh - Sell Your Property/City/Page_Chiragh - Sell Your Property/input'

2020-04-07 01:04:58 - [TEST_STEP][PASSED] - setText(findTestObject("Object Repository/Property submission/Property form/Page_Chiragh - Sell Your Property/Developer Name/Page_Chiragh - Sell Your Property/input_Developer Name_developer"), "DEV"): Text 'DEV' is set on object 'Object Repository/Property submission/Property form/Page_Chiragh - Sell Your Property/Developer Name/Page_Chiragh - Sell Your Property/input_Developer Name_developer'

2020-04-07 01:04:59 - [MESSAGE][PASSED] - Text 'DEV' is set on object 'Object Repository/Property submission/Property form/Page_Chiragh - Sell Your Property/Developer Name/Page_Chiragh - Sell Your Property/input_Developer Name_developer'

2020-04-07 01:04:59 - [TEST_STEP][PASSED] - setText(findTestObject("Object Repository/Property submission/Property form/Page_Chiragh - Sell Your Property/Present Use/Page_Chiragh - Sell Your Property/input"), "Residential"): Text 'Residential' is set on object 'Object Repository/Property submission/Property form/Page_Chiragh - Sell Your Property/Present Use/Page_Chiragh - Sell Your Property/input'

2020-04-07 01:04:59 - [MESSAGE][PASSED] - Text 'Residential' is set on object 'Object Repository/Property submission/Property form/Page_Chiragh - Sell Your Property/Present Use/Page_Chiragh - Sell Your Property/input'

2020-04-07 01:04:59 - [TEST_STEP][PASSED] - sendKeys(findTestObject("Object Repository/Property submission/Property form/Page_Chiragh - Sell Your Property/Present Use/Page_Chiragh - Sell Your Property/input"), Keys.chord(ENTER)): Keys 'ENTER + ' sent to object: 'Object Repository/Property submission/Property form/Page_Chiragh - Sell Your Property/Present Use/Page_Chiragh - Sell Your Property/input'

2020-04-07 01:05:00 - [MESSAGE][PASSED] - Keys 'ENTER + ' sent to object: 'Object Repository/Property submission/Property form/Page_Chiragh - Sell Your Property/Present Use/Page_Chiragh - Sell Your Property/input'

2020-04-07 01:05:00 - [TEST_STEP][PASSED] - setText(findTestObject("Object Repository/Property submission/Property form/Page_Chiragh - Sell Your Property/Approx Age/Page_Chiragh - Sell Your Property/input_Property Approx. Age_pro"), "2 years"): Text '2 years' is set on object 'Object Repository/Property submission/Property form/Page_Chiragh - Sell Your Property/Approx Age/Page_Chiragh - Sell Your Property/input_Property Approx. Age_pro'

2020-04-07 01:05:00 - [MESSAGE][PASSED] - Text '2 years' is set on object 'Object Repository/Property submission/Property form/Page_Chiragh - Sell Your Property/Approx Age/Page_Chiragh - Sell Your Property/input_Property Approx. Age_pro'

2020-04-07 01:05:00 - [TEST_STEP][PASSED] - setText(findTestObject("Object Repository/Property submission/Property form/Page_Chiragh - Sell Your Property/Beds/Page_Chiragh - Sell Your Property/input_Bedrooms_noOfBedrooms"), "6"): Text '6' is set on object 'Object Repository/Property submission/Property form/Page_Chiragh - Sell Your Property/Beds/Page_Chiragh - Sell Your Property/input_Bedrooms_noOfBedrooms'

2020-04-07 01:05:01 - [MESSAGE][PASSED] - Text '6' is set on object 'Object Repository/Property submission/Property form/Page_Chiragh - Sell Your Property/Beds/Page_Chiragh - Sell Your Property/input_Bedrooms_noOfBedrooms'

2020-04-07 01:05:01 - [TEST_STEP][PASSED] - setText(findTestObject("Object Repository/Property submission/Property form/Page_Chiragh - Sell Your Property/Baths/Page_Chiragh - Sell Your Property/input_Bathrooms_noOfBaths"), "4"): Text '4' is set on object 'Object Repository/Property submission/Property form/Page_Chiragh - Sell Your Property/Baths/Page_Chiragh - Sell Your Property/input_Bathrooms_noOfBaths'

2020-04-07 01:05:01 - [MESSAGE][PASSED] - Text '4' is set on object 'Object Repository/Property submission/Property form/Page_Chiragh - Sell Your Property/Baths/Page_Chiragh - Sell Your Property/input_Bathrooms_noOfBaths'

2020-04-07 01:05:01 - [TEST_STEP][PASSED] - delay(2): Delayed 2 second(s)

2020-04-07 01:05:03 - [MESSAGE][PASSED] - Delayed 2 second(s)

2020-04-07 01:05:03 - [TEST_STEP][PASSED] - setText(findTestObject("Object Repository/Property submission/Property form/Page_Chiragh - Sell Your Property/Car Parkings/input_car_parkings"), "2"): Text '2' is set on object 'Object Repository/Property submission/Property form/Page_Chiragh - Sell Your Property/Car Parkings/input_car_parkings'

2020-04-07 01:05:04 - [MESSAGE][PASSED] - Text '2' is set on object 'Object Repository/Property submission/Property form/Page_Chiragh - Sell Your Property/Car Parkings/input_car_parkings'

2020-04-07 01:05:04 - [TEST_STEP][PASSED] - click(findTestObject("Object Repository/Property submission/Property form/Page_Chiragh - Sell Your Property/Features/Page_Chiragh - Sell Your Property/label_Driver Room")): Object: 'Object Repository/Property submission/Property form/Page_Chiragh - Sell Your Property/Features/Page_Chiragh - Sell Your Property/label_Driver Room' is clicked on

2020-04-07 01:05:04 - [MESSAGE][PASSED] - Object: 'Object Repository/Property submission/Property form/Page_Chiragh - Sell Your Property/Features/Page_Chiragh - Sell Your Property/label_Driver Room' is clicked on

2020-04-07 01:05:04 - [TEST_STEP][PASSED] - click(findTestObject("Object Repository/Property submission/Property form/Page_Chiragh - Sell Your Property/Features/Page_Chiragh - Sell Your Property/label_Fully Fitted Kitchen")): Object: 'Object Repository/Property submission/Property form/Page_Chiragh - Sell Your Property/Features/Page_Chiragh - Sell Your Property/label_Fully Fitted Kitchen' is clicked on

2020-04-07 01:05:05 - [MESSAGE][PASSED] - Object: 'Object Repository/Property submission/Property form/Page_Chiragh - Sell Your Property/Features/Page_Chiragh - Sell Your Property/label_Fully Fitted Kitchen' is clicked on

2020-04-07 01:05:05 - [TEST_STEP][PASSED] - click(findTestObject("Object Repository/Property submission/Property form/Page_Chiragh - Sell Your Property/Features/Page_Chiragh - Sell Your Property/label_Fully Furnished")): Object: 'Object Repository/Property submission/Property form/Page_Chiragh - Sell Your Property/Features/Page_Chiragh - Sell Your Property/label_Fully Furnished' is clicked on

2020-04-07 01:05:05 - [MESSAGE][PASSED] - Object: 'Object Repository/Property submission/Property form/Page_Chiragh - Sell Your Property/Features/Page_Chiragh - Sell Your Property/label_Fully Furnished' is clicked on

2020-04-07 01:05:05 - [TEST_STEP][PASSED] - click(findTestObject("Object Repository/Property submission/Property form/Page_Chiragh - Sell Your Property/Facilities/Page_Chiragh - Sell Your Property/label_Beach Access")): Object: 'Object Repository/Property submission/Property form/Page_Chiragh - Sell Your Property/Facilities/Page_Chiragh - Sell Your Property/label_Beach Access' is clicked on

2020-04-07 01:05:05 - [MESSAGE][PASSED] - Object: 'Object Repository/Property submission/Property form/Page_Chiragh - Sell Your Property/Facilities/Page_Chiragh - Sell Your Property/label_Beach Access' is clicked on

2020-04-07 01:05:05 - [TEST_STEP][PASSED] - click(findTestObject("Object Repository/Property submission/Property form/Page_Chiragh - Sell Your Property/Facilities/Page_Chiragh - Sell Your Property/label_Bank ATM Facility")): Object: 'Object Repository/Property submission/Property form/Page_Chiragh - Sell Your Property/Facilities/Page_Chiragh - Sell Your Property/label_Bank ATM Facility' is clicked on

2020-04-07 01:05:06 - [MESSAGE][PASSED] - Object: 'Object Repository/Property submission/Property form/Page_Chiragh - Sell Your Property/Facilities/Page_Chiragh - Sell Your Property/label_Bank ATM Facility' is clicked on

2020-04-07 01:05:06 - [TEST_STEP][PASSED] - click(findTestObject("Object Repository/Property submission/Property form/Page_Chiragh - Sell Your Property/Facilities/Page_Chiragh - Sell Your Property/label_24 Hours Maintenance")): Object: 'Object Repository/Property submission/Property form/Page_Chiragh - Sell Your Property/Facilities/Page_Chiragh - Sell Your Property/label_24 Hours Maintenance' is clicked on

2020-04-07 01:05:07 - [MESSAGE][PASSED] - Object: 'Object Repository/Property submission/Property form/Page_Chiragh - Sell Your Property/Facilities/Page_Chiragh - Sell Your Property/label_24 Hours Maintenance' is clicked on

2020-04-07 01:05:07 - [TEST_STEP][PASSED] - click(findTestObject("Object Repository/Property submission/Property form/Page_Chiragh - Sell Your Property/Neighbourhoods/Page_Chiragh - Sell Your Property/label_Mosques")): Object: 'Object Repository/Property submission/Property form/Page_Chiragh - Sell Your Property/Neighbourhoods/Page_Chiragh - Sell Your Property/label_Mosques' is clicked on

2020-04-07 01:05:07 - [MESSAGE][PASSED] - Object: 'Object Repository/Property submission/Property form/Page_Chiragh - Sell Your Property/Neighbourhoods/Page_Chiragh - Sell Your Property/label_Mosques' is clicked on

2020-04-07 01:05:07 - [TEST_STEP][PASSED] - click(findTestObject("Object Repository/Property submission/Property form/Page_Chiragh - Sell Your Property/Neighbourhoods/Page_Chiragh - Sell Your Property/label_Schools")): Object: 'Object Repository/Property submission/Property form/Page_Chiragh - Sell Your Property/Neighbourhoods/Page_Chiragh - Sell Your Property/label_Schools' is clicked on

2020-04-07 01:05:08 - [MESSAGE][PASSED] - Object: 'Object Repository/Property submission/Property form/Page_Chiragh - Sell Your Property/Neighbourhoods/Page_Chiragh - Sell Your Property/label_Schools' is clicked on

2020-04-07 01:05:08 - [TEST_STEP][PASSED] - click(findTestObject("Object Repository/Property submission/Property form/Page_Chiragh - Sell Your Property/Neighbourhoods/Page_Chiragh - Sell Your Property/label_Shopping Malls")): Object: 'Object Repository/Property submission/Property form/Page_Chiragh - Sell Your Property/Neighbourhoods/Page_Chiragh - Sell Your Property/label_Shopping Malls' is clicked on

2020-04-07 01:05:08 - [MESSAGE][PASSED] - Object: 'Object Repository/Property submission/Property form/Page_Chiragh - Sell Your Property/Neighbourhoods/Page_Chiragh - Sell Your Property/label_Shopping Malls' is clicked on

2020-04-07 01:05:08 - [TEST_STEP][PASSED] - setText(findTestObject("Object Repository/Property submission/Property form/Page_Chiragh - Sell Your Property/Description/Page_Chiragh - Sell Your Property/textarea_Description _property"), "Property for sale"): Text 'Property for sale' is set on object 'Object Repository/Property submission/Property form/Page_Chiragh - Sell Your Property/Description/Page_Chiragh - Sell Your Property/textarea_Description _property'

2020-04-07 01:05:09 - [MESSAGE][PASSED] - Text 'Property for sale' is set on object 'Object Repository/Property submission/Property form/Page_Chiragh - Sell Your Property/Description/Page_Chiragh - Sell Your Property/textarea_Description _property'

2020-04-07 01:05:09 - [TEST_STEP][PASSED] - delay(4): Delayed 4 second(s)

2020-04-07 01:05:13 - [MESSAGE][PASSED] - Delayed 4 second(s)

2020-04-07 01:05:13 - [TEST_STEP][PASSED] - scrollToElement(findTestObject("Object Repository/Property submission/Property form/Page_Chiragh - Sell Your Property/Scanned Title Deed/Scanned Title Deed"), 5): Scroll to object 'Object Repository/Property submission/Property form/Page_Chiragh - Sell Your Property/Scanned Title Deed/Scanned Title Deed' successfully

2020-04-07 01:05:13 - [MESSAGE][PASSED] - Scroll to object 'Object Repository/Property submission/Property form/Page_Chiragh - Sell Your Property/Scanned Title Deed/Scanned Title Deed' successfully

2020-04-07 01:05:13 - [TEST_STEP][PASSED] - uploadFile(findTestObject("Property submission/Property form/Page_Chiragh - Sell Your Property/Scanned Title Deed/Scanned Title Deed"), "C:\Users\HP\git\chiraghAdminPanel\Include\PropertyImages\1584693242612-Scanned_Passport_Copy.png"): File 'C:\Users\HP\git\chiraghAdminPanel\Include\PropertyImages\1584693242612-Scanned_Passport_Copy.png' sent to object: 'Object Repository/Property submission/Property form/Page_Chiragh - Sell Your Property/Scanned Title Deed/Scanned Title Deed'

2020-04-07 01:05:13 - [MESSAGE][PASSED] - File 'C:\Users\HP\git\chiraghAdminPanel\Include\PropertyImages\1584693242612-Scanned_Passport_Copy.png' sent to object: 'Object Repository/Property submission/Property form/Page_Chiragh - Sell Your Property/Scanned Title Deed/Scanned Title Deed'

2020-04-07 01:05:13 - [TEST_STEP][PASSED] - delay(7): Delayed 7 second(s)

2020-04-07 01:05:20 - [MESSAGE][PASSED] - Delayed 7 second(s)

2020-04-07 01:05:20 - [TEST_STEP][PASSED] - uploadFile(findTestObject("Object Repository/Property submission/Property form/Page_Chiragh - Sell Your Property/SPA/SPA"), "C:\Users\HP\git\chiraghAdminPanel\Include\PropertyImages\1584693242612-Scanned_Passport_Copy.png"): File 'C:\Users\HP\git\chiraghAdminPanel\Include\PropertyImages\1584693242612-Scanned_Passport_Copy.png' sent to object: 'Object Repository/Property submission/Property form/Page_Chiragh - Sell Your Property/SPA/SPA'

2020-04-07 01:05:21 - [MESSAGE][PASSED] - File 'C:\Users\HP\git\chiraghAdminPanel\Include\PropertyImages\1584693242612-Scanned_Passport_Copy.png' sent to object: 'Object Repository/Property submission/Property form/Page_Chiragh - Sell Your Property/SPA/SPA'

2020-04-07 01:05:21 - [TEST_STEP][PASSED] - delay(7): Delayed 7 second(s)

2020-04-07 01:05:28 - [MESSAGE][PASSED] - Delayed 7 second(s)

2020-04-07 01:05:28 - [TEST_STEP][PASSED] - click(findTestObject("Object Repository/Property submission/Property form/Page_Chiragh - Sell Your Property/Next/Page_Chiragh - Sell Your Property/button_Next")): Object: 'Object Repository/Property submission/Property form/Page_Chiragh - Sell Your Property/Next/Page_Chiragh - Sell Your Property/button_Next' is clicked on

2020-04-07 01:05:28 - [MESSAGE][PASSED] - Object: 'Object Repository/Property submission/Property form/Page_Chiragh - Sell Your Property/Next/Page_Chiragh - Sell Your Property/button_Next' is clicked on

2020-04-07 01:05:28 - [TEST_STEP][PASSED] - setText(findTestObject("Object Repository/Property submission/Mortgage/Mortgage Status/Page_Chiragh - Sell Your Property/input"), "No"): Text 'No' is set on object 'Object Repository/Property submission/Mortgage/Mortgage Status/Page_Chiragh - Sell Your Property/input'

2020-04-07 01:05:31 - [MESSAGE][PASSED] - Text 'No' is set on object 'Object Repository/Property submission/Mortgage/Mortgage Status/Page_Chiragh - Sell Your Property/input'

2020-04-07 01:05:31 - [TEST_STEP][PASSED] - sendKeys(findTestObject("Object Repository/Property submission/Mortgage/Mortgage Status/Page_Chiragh - Sell Your Property/input"), Keys.chord(ENTER)): Keys 'ENTER + ' sent to object: 'Object Repository/Property submission/Mortgage/Mortgage Status/Page_Chiragh - Sell Your Property/input'

2020-04-07 01:05:31 - [MESSAGE][PASSED] - Keys 'ENTER + ' sent to object: 'Object Repository/Property submission/Mortgage/Mortgage Status/Page_Chiragh - Sell Your Property/input'

2020-04-07 01:05:31 - [TEST_STEP][PASSED] - click(findTestObject("Object Repository/Property submission/Mortgage/Next/Page_Chiragh - Sell Your Property/button_Next")): Object: 'Object Repository/Property submission/Mortgage/Next/Page_Chiragh - Sell Your Property/button_Next' is clicked on

2020-04-07 01:05:32 - [MESSAGE][PASSED] - Object: 'Object Repository/Property submission/Mortgage/Next/Page_Chiragh - Sell Your Property/button_Next' is clicked on

2020-04-07 01:05:32 - [TEST_STEP][PASSED] - delay(10): Delayed 10 second(s)

2020-04-07 01:05:42 - [MESSAGE][PASSED] - Delayed 10 second(s)

2020-04-07 01:05:42 - [TEST_STEP][PASSED] - scrollToElement(findTestObject("Object Repository/Property submission/Rental/Page_Chiragh - Sell Your Property/input"), 5): Scroll to object 'Object Repository/Property submission/Rental/Page_Chiragh - Sell Your Property/input' successfully

2020-04-07 01:05:42 - [MESSAGE][PASSED] - Scroll to object 'Object Repository/Property submission/Rental/Page_Chiragh - Sell Your Property/input' successfully

2020-04-07 01:05:42 - [TEST_STEP][PASSED] - delay(4): Delayed 4 second(s)

2020-04-07 01:05:46 - [MESSAGE][PASSED] - Delayed 4 second(s)

2020-04-07 01:05:46 - [TEST_STEP][PASSED] - setText(findTestObject("Object Repository/Property submission/Rental/Page_Chiragh - Sell Your Property/input"), "No"): Text 'No' is set on object 'Object Repository/Property submission/Rental/Page_Chiragh - Sell Your Property/input'

2020-04-07 01:05:47 - [MESSAGE][PASSED] - Text 'No' is set on object 'Object Repository/Property submission/Rental/Page_Chiragh - Sell Your Property/input'

2020-04-07 01:05:47 - [TEST_STEP][PASSED] - sendKeys(findTestObject("Object Repository/Property submission/Rental/Page_Chiragh - Sell Your Property/input"), Keys.chord(ENTER)): Keys 'ENTER + ' sent to object: 'Object Repository/Property submission/Rental/Page_Chiragh - Sell Your Property/input'

2020-04-07 01:05:47 - [MESSAGE][PASSED] - Keys 'ENTER + ' sent to object: 'Object Repository/Property submission/Rental/Page_Chiragh - Sell Your Property/input'

2020-04-07 01:05:47 - [TEST_STEP][PASSED] - click(findTestObject("Object Repository/Property submission/Rental/Page_Chiragh - Sell Your Property/Next/Page_Chiragh - Sell Your Property/button_Next")): Object: 'Object Repository/Property submission/Rental/Page_Chiragh - Sell Your Property/Next/Page_Chiragh - Sell Your Property/button_Next' is clicked on

2020-04-07 01:05:48 - [MESSAGE][PASSED] - Object: 'Object Repository/Property submission/Rental/Page_Chiragh - Sell Your Property/Next/Page_Chiragh - Sell Your Property/button_Next' is clicked on

2020-04-07 01:05:48 - [TEST_STEP][PASSED] - delay(5): Delayed 5 second(s)

2020-04-07 01:05:53 - [MESSAGE][PASSED] - Delayed 5 second(s)

2020-04-07 01:05:53 - [TEST_STEP][PASSED] - scrollToElement(findTestObject("Property submission/ValuationCompany/button_SUBMIT"), 5): Scroll to object 'Object Repository/Property submission/ValuationCompany/button_SUBMIT' successfully

2020-04-07 01:05:53 - [MESSAGE][PASSED] - Scroll to object 'Object Repository/Property submission/ValuationCompany/button_SUBMIT' successfully

2020-04-07 01:05:53 - [TEST_STEP][PASSED] - click(findTestObject("Property submission/ValuationCompany/button_SUBMIT")): Object: 'Object Repository/Property submission/ValuationCompany/button_SUBMIT' is clicked on

2020-04-07 01:05:54 - [MESSAGE][PASSED] - Object: 'Object Repository/Property submission/ValuationCompany/button_SUBMIT' is clicked on

2020-04-07 01:05:54 - [TEST_STEP][PASSED] - delay(8): Delayed 8 second(s)

2020-04-07 01:06:02 - [MESSAGE][PASSED] - Delayed 8 second(s)

2020-04-07 01:06:02 - [TEST_STEP][PASSED] - verifyElementPresent(findTestObject("Object Repository/Property submission/Done/Page_Chiragh - Sell Your Property/h3_Thank You"), 5): Object 'Object Repository/Property submission/Done/Page_Chiragh - Sell Your Property/h3_Thank You' is present

2020-04-07 01:06:02 - [MESSAGE][PASSED] - Object 'Object Repository/Property submission/Done/Page_Chiragh - Sell Your Property/h3_Thank You' is present

2020-04-07 01:06:02 - [TEST_STEP][PASSED] - closeBrowser(): Browser is closed

2020-04-07 01:06:03 - [MESSAGE][PASSED] - Browser is closed

2020-04-07 01:06:05 - [TEST_STEP][PASSED] - Video: Video recording for test case 'Test Cases/Front End/TC_PropertySubmissionForm_002' .

2020-04-07 01:06:05 - [MESSAGE][INFO] - Video recording for test case 'Test Cases/Front End/TC_PropertySubmissionForm_002' .
[[ATTACHMENT|C:\\Users\\hp\\git\\chiraghAdminPanel\\Reports\\20200407_004243\\ChiraghWeb_FrontEnd_SmokeTests\\20200407_004243/videos\\test_12.mov]]]]></system-out>
         <system-err><![CDATA[]]></system-err>
      </testcase>
      <testcase name="Test Cases/Admin/TC_PropertyVerificationCompleteFlow_011" time="158.693" classname="Test Cases/Admin/TC_PropertyVerificationCompleteFlow_011" status="PASSED">
         <system-out><![CDATA[2020-04-07 01:06:05 - [TEST_CASE][PASSED] - Test Cases/Admin/TC_PropertyVerificationCompleteFlow_011: Test Cases/Admin/TC_PropertyVerificationCompleteFlow_011

2020-04-07 01:06:05 - [TEST_STEP][PASSED] - openBrowser(""): Browser is opened with url: ''

2020-04-07 01:06:05 - [MESSAGE][INFO] - Starting 'Chrome' driver

2020-04-07 01:06:10 - [MESSAGE][PASSED] - Browser is opened with url: ''

2020-04-07 01:06:10 - [TEST_STEP][PASSED] - waitForPageLoad(40): Wait for page load successfully

2020-04-07 01:06:10 - [MESSAGE][PASSED] - Wait for page load successfully

2020-04-07 01:06:10 - [TEST_STEP][PASSED] - navigateToUrl(url): Navigate to 'http://test-admin-chiragh.surge.sh' successfully

2020-04-07 01:06:22 - [MESSAGE][PASSED] - Navigate to 'http://test-admin-chiragh.surge.sh' successfully

2020-04-07 01:06:22 - [TEST_STEP][PASSED] - maximizeWindow(): Current window maximized

2020-04-07 01:06:26 - [MESSAGE][PASSED] - Current window maximized

2020-04-07 01:06:26 - [TEST_STEP][PASSED] - click(findTestObject("Object Repository/verification department/Page_Chiragh.com Admin/div_Username")): Object: 'Object Repository/verification department/Page_Chiragh.com Admin/div_Username' is clicked on

2020-04-07 01:06:26 - [MESSAGE][PASSED] - Object: 'Object Repository/verification department/Page_Chiragh.com Admin/div_Username' is clicked on

2020-04-07 01:06:26 - [TEST_STEP][PASSED] - setText(findTestObject("Object Repository/verification department/Page_Chiragh.com Admin/input_Admin Panel_userName"), "arsalankhalid"): Text 'arsalankhalid' is set on object 'Object Repository/verification department/Page_Chiragh.com Admin/input_Admin Panel_userName'

2020-04-07 01:06:27 - [MESSAGE][PASSED] - Text 'arsalankhalid' is set on object 'Object Repository/verification department/Page_Chiragh.com Admin/input_Admin Panel_userName'

2020-04-07 01:06:27 - [TEST_STEP][PASSED] - click(findTestObject("Object Repository/verification department/Page_Chiragh.com Admin/div_Password")): Object: 'Object Repository/verification department/Page_Chiragh.com Admin/div_Password' is clicked on

2020-04-07 01:06:27 - [MESSAGE][PASSED] - Object: 'Object Repository/verification department/Page_Chiragh.com Admin/div_Password' is clicked on

2020-04-07 01:06:27 - [TEST_STEP][PASSED] - setEncryptedText(findTestObject("Object Repository/verification department/Page_Chiragh.com Admin/input_Username_password"), "c/4m4/rTvNs0iFiKg9IHPQ=="): Text ****** has been set on object 'Object Repository/verification department/Page_Chiragh.com Admin/input_Username_password'

2020-04-07 01:06:28 - [MESSAGE][PASSED] - Text ****** has been set on object 'Object Repository/verification department/Page_Chiragh.com Admin/input_Username_password'

2020-04-07 01:06:28 - [TEST_STEP][PASSED] - click(findTestObject("Object Repository/verification department/Page_Chiragh.com Admin/button_Login")): Object: 'Object Repository/verification department/Page_Chiragh.com Admin/button_Login' is clicked on

2020-04-07 01:06:28 - [MESSAGE][PASSED] - Object: 'Object Repository/verification department/Page_Chiragh.com Admin/button_Login' is clicked on

2020-04-07 01:06:28 - [TEST_STEP][PASSED] - click(findTestObject("Object Repository/verification department/Page_Chiragh.com Admin/a_New Leads")): Object: 'Object Repository/verification department/Page_Chiragh.com Admin/a_New Leads' is clicked on

2020-04-07 01:06:33 - [MESSAGE][PASSED] - Object: 'Object Repository/verification department/Page_Chiragh.com Admin/a_New Leads' is clicked on

2020-04-07 01:06:33 - [TEST_STEP][PASSED] - click(findTestObject("Object Repository/verification department/Page_Chiragh.com Admin/Page_Chiragh.com Admin/a_an hour ago_fas fa-user-circ")): Object: 'Object Repository/verification department/Page_Chiragh.com Admin/Page_Chiragh.com Admin/a_an hour ago_fas fa-user-circ' is clicked on

2020-04-07 01:06:39 - [MESSAGE][PASSED] - Object: 'Object Repository/verification department/Page_Chiragh.com Admin/Page_Chiragh.com Admin/a_an hour ago_fas fa-user-circ' is clicked on

2020-04-07 01:06:39 - [TEST_STEP][PASSED] - click(findTestObject("Object Repository/verification department/Page_Chiragh.com Admin/a_Mumtaz Hassan (30)")): Object: 'Object Repository/verification department/Page_Chiragh.com Admin/a_Mumtaz Hassan (30)' is clicked on

2020-04-07 01:06:40 - [MESSAGE][PASSED] - Object: 'Object Repository/verification department/Page_Chiragh.com Admin/a_Mumtaz Hassan (30)' is clicked on

2020-04-07 01:06:40 - [TEST_STEP][PASSED] - click(findTestObject("Object Repository/verification department/Page_Chiragh.com Admin/button_Yes")): Object: 'Object Repository/verification department/Page_Chiragh.com Admin/button_Yes' is clicked on

2020-04-07 01:06:41 - [MESSAGE][PASSED] - Object: 'Object Repository/verification department/Page_Chiragh.com Admin/button_Yes' is clicked on

2020-04-07 01:06:41 - [TEST_STEP][PASSED] - click(findTestObject("Object Repository/verification department/Page_Chiragh.com Admin/button_AK")): Object: 'Object Repository/verification department/Page_Chiragh.com Admin/button_AK' is clicked on

2020-04-07 01:06:48 - [MESSAGE][PASSED] - Object: 'Object Repository/verification department/Page_Chiragh.com Admin/button_AK' is clicked on

2020-04-07 01:06:48 - [TEST_STEP][PASSED] - click(findTestObject("Object Repository/verification department/Page_Chiragh.com Admin/button_exit_to_appLogout")): Object: 'Object Repository/verification department/Page_Chiragh.com Admin/button_exit_to_appLogout' is clicked on

2020-04-07 01:06:53 - [MESSAGE][PASSED] - Object: 'Object Repository/verification department/Page_Chiragh.com Admin/button_exit_to_appLogout' is clicked on

2020-04-07 01:06:53 - [TEST_STEP][PASSED] - waitForPageLoad(8): Wait for page load successfully

2020-04-07 01:06:53 - [MESSAGE][PASSED] - Wait for page load successfully

2020-04-07 01:06:53 - [TEST_STEP][PASSED] - click(findTestObject("Object Repository/verification department/Page_Chiragh.com Admin/div_Username")): Object: 'Object Repository/verification department/Page_Chiragh.com Admin/div_Username' is clicked on

2020-04-07 01:06:54 - [MESSAGE][PASSED] - Object: 'Object Repository/verification department/Page_Chiragh.com Admin/div_Username' is clicked on

2020-04-07 01:06:54 - [TEST_STEP][PASSED] - setText(findTestObject("Object Repository/verification department/Page_Chiragh.com Admin/input_Admin Panel_userName"), "mumtazhassan"): Text 'mumtazhassan' is set on object 'Object Repository/verification department/Page_Chiragh.com Admin/input_Admin Panel_userName'

2020-04-07 01:06:54 - [MESSAGE][PASSED] - Text 'mumtazhassan' is set on object 'Object Repository/verification department/Page_Chiragh.com Admin/input_Admin Panel_userName'

2020-04-07 01:06:54 - [TEST_STEP][PASSED] - click(findTestObject("Object Repository/verification department/Page_Chiragh.com Admin/div_Password")): Object: 'Object Repository/verification department/Page_Chiragh.com Admin/div_Password' is clicked on

2020-04-07 01:06:54 - [MESSAGE][PASSED] - Object: 'Object Repository/verification department/Page_Chiragh.com Admin/div_Password' is clicked on

2020-04-07 01:06:54 - [TEST_STEP][PASSED] - setEncryptedText(findTestObject("Object Repository/verification department/Page_Chiragh.com Admin/input_Username_password"), "c/4m4/rTvNs0iFiKg9IHPQ=="): Text ****** has been set on object 'Object Repository/verification department/Page_Chiragh.com Admin/input_Username_password'

2020-04-07 01:06:55 - [MESSAGE][PASSED] - Text ****** has been set on object 'Object Repository/verification department/Page_Chiragh.com Admin/input_Username_password'

2020-04-07 01:06:55 - [TEST_STEP][PASSED] - click(findTestObject("Object Repository/verification department/Page_Chiragh.com Admin/button_Login")): Object: 'Object Repository/verification department/Page_Chiragh.com Admin/button_Login' is clicked on

2020-04-07 01:06:55 - [MESSAGE][PASSED] - Object: 'Object Repository/verification department/Page_Chiragh.com Admin/button_Login' is clicked on

2020-04-07 01:06:55 - [TEST_STEP][PASSED] - click(findTestObject("Object Repository/verification department/Page_Chiragh.com Admin/a_My Leads")): Object: 'Object Repository/verification department/Page_Chiragh.com Admin/a_My Leads' is clicked on

2020-04-07 01:07:01 - [MESSAGE][PASSED] - Object: 'Object Repository/verification department/Page_Chiragh.com Admin/a_My Leads' is clicked on

2020-04-07 01:07:01 - [TEST_STEP][PASSED] - click(findTestObject("Object Repository/verification department/Page_Chiragh.com Admin/th_Status")): Object: 'Object Repository/verification department/Page_Chiragh.com Admin/th_Status' is clicked on

2020-04-07 01:07:09 - [MESSAGE][PASSED] - Object: 'Object Repository/verification department/Page_Chiragh.com Admin/th_Status' is clicked on

2020-04-07 01:07:09 - [TEST_STEP][PASSED] - click(findTestObject("Object Repository/verification department/Page_Chiragh.com Admin/a_Start Now")): Object: 'Object Repository/verification department/Page_Chiragh.com Admin/a_Start Now' is clicked on

2020-04-07 01:07:09 - [MESSAGE][PASSED] - Object: 'Object Repository/verification department/Page_Chiragh.com Admin/a_Start Now' is clicked on

2020-04-07 01:07:09 - [TEST_STEP][PASSED] - click(findTestObject("Object Repository/verification department/Page_Chiragh.com Admin/button_Yes")): Object: 'Object Repository/verification department/Page_Chiragh.com Admin/button_Yes' is clicked on

2020-04-07 01:07:10 - [MESSAGE][PASSED] - Object: 'Object Repository/verification department/Page_Chiragh.com Admin/button_Yes' is clicked on

2020-04-07 01:07:10 - [TEST_STEP][PASSED] - delay(8): Delayed 8 second(s)

2020-04-07 01:07:18 - [MESSAGE][PASSED] - Delayed 8 second(s)

2020-04-07 01:07:18 - [TEST_STEP][PASSED] - click(findTestObject("Object Repository/verification department/Page_Chiragh.com Admin/a_Wyman Dale 3 Floors Building")): Object: 'Object Repository/verification department/Page_Chiragh.com Admin/a_Wyman Dale 3 Floors Building' is clicked on

2020-04-07 01:07:31 - [MESSAGE][PASSED] - Object: 'Object Repository/verification department/Page_Chiragh.com Admin/a_Wyman Dale 3 Floors Building' is clicked on

2020-04-07 01:07:31 - [TEST_STEP][PASSED] - delay(3): Delayed 3 second(s)

2020-04-07 01:07:34 - [MESSAGE][PASSED] - Delayed 3 second(s)

2020-04-07 01:07:34 - [TEST_STEP][PASSED] - click(findTestObject("Object Repository/verification department/Page_Chiragh.com Admin/Page_Chiragh.com Admin/button_ownerVerify")): Object: 'Object Repository/verification department/Page_Chiragh.com Admin/Page_Chiragh.com Admin/button_ownerVerify' is clicked on

2020-04-07 01:07:35 - [MESSAGE][PASSED] - Object: 'Object Repository/verification department/Page_Chiragh.com Admin/Page_Chiragh.com Admin/button_ownerVerify' is clicked on

2020-04-07 01:07:35 - [TEST_STEP][PASSED] - click(findTestObject("Object Repository/verification department/Page_Chiragh.com Admin/div_Property Details")): Object: 'Object Repository/verification department/Page_Chiragh.com Admin/div_Property Details' is clicked on

2020-04-07 01:07:41 - [MESSAGE][PASSED] - Object: 'Object Repository/verification department/Page_Chiragh.com Admin/div_Property Details' is clicked on

2020-04-07 01:07:41 - [TEST_STEP][PASSED] - delay(3): Delayed 3 second(s)

2020-04-07 01:07:44 - [MESSAGE][PASSED] - Delayed 3 second(s)

2020-04-07 01:07:44 - [TEST_STEP][PASSED] - click(findTestObject("Object Repository/verification department/Page_Chiragh.com Admin/Page_Chiragh.com Admin/button_propertyVerify")): Object: 'Object Repository/verification department/Page_Chiragh.com Admin/Page_Chiragh.com Admin/button_propertyVerify' is clicked on

2020-04-07 01:07:44 - [MESSAGE][PASSED] - Object: 'Object Repository/verification department/Page_Chiragh.com Admin/Page_Chiragh.com Admin/button_propertyVerify' is clicked on

2020-04-07 01:07:44 - [TEST_STEP][PASSED] - delay(3): Delayed 3 second(s)

2020-04-07 01:07:47 - [MESSAGE][PASSED] - Delayed 3 second(s)

2020-04-07 01:07:47 - [TEST_STEP][PASSED] - delay(3): Delayed 3 second(s)

2020-04-07 01:07:50 - [MESSAGE][PASSED] - Delayed 3 second(s)

2020-04-07 01:07:50 - [TEST_STEP][PASSED] - click(findTestObject("Object Repository/verification department/Page_Chiragh.com Admin/div_Check List")): Object: 'Object Repository/verification department/Page_Chiragh.com Admin/div_Check List' is clicked on

2020-04-07 01:07:51 - [MESSAGE][PASSED] - Object: 'Object Repository/verification department/Page_Chiragh.com Admin/div_Check List' is clicked on

2020-04-07 01:07:51 - [TEST_STEP][PASSED] - delay(3): Delayed 3 second(s)

2020-04-07 01:07:54 - [MESSAGE][PASSED] - Delayed 3 second(s)

2020-04-07 01:07:54 - [TEST_STEP][PASSED] - scrollToElement(findTestObject("Object Repository/verification department/Page_Chiragh.com Admin/div_Property details are verif"), 9): Scroll to object 'Object Repository/verification department/Page_Chiragh.com Admin/div_Property details are verif' successfully

2020-04-07 01:07:54 - [MESSAGE][PASSED] - Scroll to object 'Object Repository/verification department/Page_Chiragh.com Admin/div_Property details are verif' successfully

2020-04-07 01:07:54 - [TEST_STEP][PASSED] - click(findTestObject("Object Repository/verification department/Page_Chiragh.com Admin/div_Property details are verif")): Object: 'Object Repository/verification department/Page_Chiragh.com Admin/div_Property details are verif' is clicked on

2020-04-07 01:07:55 - [MESSAGE][PASSED] - Object: 'Object Repository/verification department/Page_Chiragh.com Admin/div_Property details are verif' is clicked on

2020-04-07 01:07:55 - [TEST_STEP][PASSED] - click(findTestObject("Object Repository/verification department/Page_Chiragh.com Admin/button_Confirm")): Object: 'Object Repository/verification department/Page_Chiragh.com Admin/button_Confirm' is clicked on

2020-04-07 01:07:56 - [MESSAGE][PASSED] - Object: 'Object Repository/verification department/Page_Chiragh.com Admin/button_Confirm' is clicked on

2020-04-07 01:07:56 - [TEST_STEP][PASSED] - delay(5): Delayed 5 second(s)

2020-04-07 01:08:01 - [MESSAGE][PASSED] - Delayed 5 second(s)

2020-04-07 01:08:01 - [TEST_STEP][PASSED] - click(findTestObject("Object Repository/verification department/Page_Chiragh.com Admin/button_MH")): Object: 'Object Repository/verification department/Page_Chiragh.com Admin/button_MH' is clicked on

2020-04-07 01:08:01 - [MESSAGE][PASSED] - Object: 'Object Repository/verification department/Page_Chiragh.com Admin/button_MH' is clicked on

2020-04-07 01:08:01 - [TEST_STEP][PASSED] - delay(10): Delayed 10 second(s)

2020-04-07 01:08:11 - [MESSAGE][PASSED] - Delayed 10 second(s)

2020-04-07 01:08:11 - [TEST_STEP][PASSED] - click(findTestObject("Object Repository/verification department/Page_Chiragh.com Admin/button_exit_to_appLogout")): Object: 'Object Repository/verification department/Page_Chiragh.com Admin/button_exit_to_appLogout' is clicked on

2020-04-07 01:08:16 - [MESSAGE][PASSED] - Object: 'Object Repository/verification department/Page_Chiragh.com Admin/button_exit_to_appLogout' is clicked on

2020-04-07 01:08:16 - [TEST_STEP][PASSED] - waitForPageLoad(8): Wait for page load successfully

2020-04-07 01:08:16 - [MESSAGE][PASSED] - Wait for page load successfully

2020-04-07 01:08:16 - [TEST_STEP][PASSED] - click(findTestObject("Object Repository/verification department/Page_Chiragh.com Admin/div_Username")): Object: 'Object Repository/verification department/Page_Chiragh.com Admin/div_Username' is clicked on

2020-04-07 01:08:16 - [MESSAGE][PASSED] - Object: 'Object Repository/verification department/Page_Chiragh.com Admin/div_Username' is clicked on

2020-04-07 01:08:16 - [TEST_STEP][PASSED] - setText(findTestObject("Object Repository/verification department/Page_Chiragh.com Admin/input_Admin Panel_userName"), "arsalankhalid"): Text 'arsalankhalid' is set on object 'Object Repository/verification department/Page_Chiragh.com Admin/input_Admin Panel_userName'

2020-04-07 01:08:17 - [MESSAGE][PASSED] - Text 'arsalankhalid' is set on object 'Object Repository/verification department/Page_Chiragh.com Admin/input_Admin Panel_userName'

2020-04-07 01:08:17 - [TEST_STEP][PASSED] - click(findTestObject("Object Repository/verification department/Page_Chiragh.com Admin/div_Password")): Object: 'Object Repository/verification department/Page_Chiragh.com Admin/div_Password' is clicked on

2020-04-07 01:08:17 - [MESSAGE][PASSED] - Object: 'Object Repository/verification department/Page_Chiragh.com Admin/div_Password' is clicked on

2020-04-07 01:08:17 - [TEST_STEP][PASSED] - setEncryptedText(findTestObject("Object Repository/verification department/Page_Chiragh.com Admin/input_Username_password"), "c/4m4/rTvNs0iFiKg9IHPQ=="): Text ****** has been set on object 'Object Repository/verification department/Page_Chiragh.com Admin/input_Username_password'

2020-04-07 01:08:18 - [MESSAGE][PASSED] - Text ****** has been set on object 'Object Repository/verification department/Page_Chiragh.com Admin/input_Username_password'

2020-04-07 01:08:18 - [TEST_STEP][PASSED] - click(findTestObject("Object Repository/verification department/Page_Chiragh.com Admin/button_Login")): Object: 'Object Repository/verification department/Page_Chiragh.com Admin/button_Login' is clicked on

2020-04-07 01:08:18 - [MESSAGE][PASSED] - Object: 'Object Repository/verification department/Page_Chiragh.com Admin/button_Login' is clicked on

2020-04-07 01:08:18 - [TEST_STEP][PASSED] - click(findTestObject("Object Repository/verification department/Page_Chiragh.com Admin/a_In Process")): Object: 'Object Repository/verification department/Page_Chiragh.com Admin/a_In Process' is clicked on

2020-04-07 01:08:21 - [MESSAGE][PASSED] - Object: 'Object Repository/verification department/Page_Chiragh.com Admin/a_In Process' is clicked on

2020-04-07 01:08:21 - [TEST_STEP][PASSED] - click(findTestObject("Object Repository/verification department/Page_Chiragh.com Admin/a_Wyman Dale 3 Floors Building")): Object: 'Object Repository/verification department/Page_Chiragh.com Admin/a_Wyman Dale 3 Floors Building' is clicked on

2020-04-07 01:08:29 - [MESSAGE][PASSED] - Object: 'Object Repository/verification department/Page_Chiragh.com Admin/a_Wyman Dale 3 Floors Building' is clicked on

2020-04-07 01:08:29 - [TEST_STEP][PASSED] - delay(3): Delayed 3 second(s)

2020-04-07 01:08:32 - [MESSAGE][PASSED] - Delayed 3 second(s)

2020-04-07 01:08:32 - [TEST_STEP][PASSED] - click(findTestObject("Object Repository/verification department/Page_Chiragh.com Admin/div_Check List")): Object: 'Object Repository/verification department/Page_Chiragh.com Admin/div_Check List' is clicked on

2020-04-07 01:08:32 - [MESSAGE][PASSED] - Object: 'Object Repository/verification department/Page_Chiragh.com Admin/div_Check List' is clicked on

2020-04-07 01:08:32 - [TEST_STEP][PASSED] - click(findTestObject("Object Repository/verification department/Page_Chiragh.com Admin/button_Approve")): Object: 'Object Repository/verification department/Page_Chiragh.com Admin/button_Approve' is clicked on

2020-04-07 01:08:34 - [MESSAGE][PASSED] - Object: 'Object Repository/verification department/Page_Chiragh.com Admin/button_Approve' is clicked on

2020-04-07 01:08:34 - [TEST_STEP][PASSED] - click(findTestObject("Object Repository/verification department/Page_Chiragh.com Admin/snack-bar-container_Are you su_2")): Object: 'Object Repository/verification department/Page_Chiragh.com Admin/snack-bar-container_Are you su_2' is clicked on

2020-04-07 01:08:35 - [MESSAGE][PASSED] - Object: 'Object Repository/verification department/Page_Chiragh.com Admin/snack-bar-container_Are you su_2' is clicked on

2020-04-07 01:08:35 - [TEST_STEP][PASSED] - click(findTestObject("Object Repository/verification department/Page_Chiragh.com Admin/span_Are you sure you want to _2")): Object: 'Object Repository/verification department/Page_Chiragh.com Admin/span_Are you sure you want to _2' is clicked on

2020-04-07 01:08:35 - [MESSAGE][PASSED] - Object: 'Object Repository/verification department/Page_Chiragh.com Admin/span_Are you sure you want to _2' is clicked on

2020-04-07 01:08:35 - [TEST_STEP][PASSED] - click(findTestObject("Object Repository/verification department/Page_Chiragh.com Admin/button_Yes")): Object: 'Object Repository/verification department/Page_Chiragh.com Admin/button_Yes' is clicked on

2020-04-07 01:08:36 - [MESSAGE][PASSED] - Object: 'Object Repository/verification department/Page_Chiragh.com Admin/button_Yes' is clicked on

2020-04-07 01:08:36 - [TEST_STEP][PASSED] - delay(5): Delayed 5 second(s)

2020-04-07 01:08:41 - [MESSAGE][PASSED] - Delayed 5 second(s)

2020-04-07 01:08:41 - [TEST_STEP][PASSED] - closeBrowser(): Browser is closed

2020-04-07 01:08:41 - [MESSAGE][PASSED] - Browser is closed

2020-04-07 01:08:43 - [TEST_STEP][PASSED] - Video: Video recording for test case 'Test Cases/Admin/TC_PropertyVerificationCompleteFlow_011' .

2020-04-07 01:08:43 - [MESSAGE][INFO] - Video recording for test case 'Test Cases/Admin/TC_PropertyVerificationCompleteFlow_011' .
[[ATTACHMENT|C:\\Users\\hp\\git\\chiraghAdminPanel\\Reports\\20200407_004243\\ChiraghWeb_FrontEnd_SmokeTests\\20200407_004243/videos\\test_13.mov]]]]></system-out>
         <system-err><![CDATA[]]></system-err>
      </testcase>
      <testcase name="Test Cases/Front End/TC_RegisterationForm_012" time="112.909" classname="Test Cases/Front End/TC_RegisterationForm_012" status="FAILED">
         <failure type="FAILED" message="Test Cases/Front End/TC_RegisterationForm_012 FAILED.
Reason:
com.kms.katalon.core.exception.StepFailedException: Verify element text of test object 'Object Repository/Page_Chiragh - Registration Confirmation/h1_Thank You  for Registering on Chiragh' FAILED.
	at com.kms.katalon.core.webui.keyword.internal.WebUIKeywordMain.stepFailed(WebUIKeywordMain.groovy:64)
	at com.kms.katalon.core.webui.keyword.internal.WebUIKeywordMain.runKeyword(WebUIKeywordMain.groovy:26)
	at com.kms.katalon.core.webui.keyword.builtin.VerifyElementTextKeyword.verifyElementText(VerifyElementTextKeyword.groovy:72)
	at com.kms.katalon.core.webui.keyword.builtin.VerifyElementTextKeyword.execute(VerifyElementTextKeyword.groovy:40)
	at com.kms.katalon.core.keyword.internal.KeywordExecutor.executeKeywordForPlatform(KeywordExecutor.groovy:72)
	at com.kms.katalon.core.webui.keyword.WebUiBuiltInKeywords.verifyElementText(WebUiBuiltInKeywords.groovy:3689)
	at com.kms.katalon.core.webui.keyword.WebUiBuiltInKeywords$verifyElementText$8.call(Unknown Source)
	at TC_RegisterationForm_012.run(TC_RegisterationForm_012:159)
	at com.kms.katalon.core.main.ScriptEngine.run(ScriptEngine.java:194)
	at com.kms.katalon.core.main.ScriptEngine.runScriptAsRawText(ScriptEngine.java:119)
	at com.kms.katalon.core.main.TestCaseExecutor.runScript(TestCaseExecutor.java:337)
	at com.kms.katalon.core.main.TestCaseExecutor.doExecute(TestCaseExecutor.java:328)
	at com.kms.katalon.core.main.TestCaseExecutor.processExecutionPhase(TestCaseExecutor.java:307)
	at com.kms.katalon.core.main.TestCaseExecutor.accessMainPhase(TestCaseExecutor.java:299)
	at com.kms.katalon.core.main.TestCaseExecutor.execute(TestCaseExecutor.java:233)
	at com.kms.katalon.core.main.TestSuiteExecutor.accessTestCaseMainPhase(TestSuiteExecutor.java:169)
	at com.kms.katalon.core.main.TestSuiteExecutor.accessTestSuiteMainPhase(TestSuiteExecutor.java:142)
	at com.kms.katalon.core.main.TestSuiteExecutor.execute(TestSuiteExecutor.java:91)
	at com.kms.katalon.core.main.TestCaseMain.startTestSuite(TestCaseMain.java:157)
	at com.kms.katalon.core.main.TestCaseMain$startTestSuite$0.call(Unknown Source)
	at TempTestSuite1586202163582.run(TempTestSuite1586202163582.groovy:36)
Caused by: com.kms.katalon.core.exception.StepFailedException: Actual text 'Thank You
for Registering on Chiragh' and expected text 'Thank You' of test object 'Object Repository/Page_Chiragh - Registration Confirmation/h1_Thank You  for Registering on Chiragh' are NOT matched.
	at com.kms.katalon.core.webui.keyword.internal.WebUIKeywordMain.stepFailed(WebUIKeywordMain.groovy:64)
	at com.kms.katalon.core.webui.keyword.builtin.VerifyElementTextKeyword$_verifyElementText_closure1.doCall(VerifyElementTextKeyword.groovy:57)
	at com.kms.katalon.core.webui.keyword.builtin.VerifyElementTextKeyword$_verifyElementText_closure1.call(VerifyElementTextKeyword.groovy)
	at com.kms.katalon.core.webui.keyword.internal.WebUIKeywordMain.runKeyword(WebUIKeywordMain.groovy:20)
	... 19 more
"/>
         <system-out><![CDATA[2020-04-07 01:08:43 - [TEST_CASE][FAILED] - Test Cases/Front End/TC_RegisterationForm_012: Test Cases/Front End/TC_RegisterationForm_012 FAILED.
Reason:
com.kms.katalon.core.exception.StepFailedException: Verify element text of test object 'Object Repository/Page_Chiragh - Registration Confirmation/h1_Thank You  for Registering on Chiragh' FAILED.
	at com.kms.katalon.core.webui.keyword.internal.WebUIKeywordMain.stepFailed(WebUIKeywordMain.groovy:64)
	at com.kms.katalon.core.webui.keyword.internal.WebUIKeywordMain.runKeyword(WebUIKeywordMain.groovy:26)
	at com.kms.katalon.core.webui.keyword.builtin.VerifyElementTextKeyword.verifyElementText(VerifyElementTextKeyword.groovy:72)
	at com.kms.katalon.core.webui.keyword.builtin.VerifyElementTextKeyword.execute(VerifyElementTextKeyword.groovy:40)
	at com.kms.katalon.core.keyword.internal.KeywordExecutor.executeKeywordForPlatform(KeywordExecutor.groovy:72)
	at com.kms.katalon.core.webui.keyword.WebUiBuiltInKeywords.verifyElementText(WebUiBuiltInKeywords.groovy:3689)
	at com.kms.katalon.core.webui.keyword.WebUiBuiltInKeywords$verifyElementText$8.call(Unknown Source)
	at TC_RegisterationForm_012.run(TC_RegisterationForm_012:159)
	at com.kms.katalon.core.main.ScriptEngine.run(ScriptEngine.java:194)
	at com.kms.katalon.core.main.ScriptEngine.runScriptAsRawText(ScriptEngine.java:119)
	at com.kms.katalon.core.main.TestCaseExecutor.runScript(TestCaseExecutor.java:337)
	at com.kms.katalon.core.main.TestCaseExecutor.doExecute(TestCaseExecutor.java:328)
	at com.kms.katalon.core.main.TestCaseExecutor.processExecutionPhase(TestCaseExecutor.java:307)
	at com.kms.katalon.core.main.TestCaseExecutor.accessMainPhase(TestCaseExecutor.java:299)
	at com.kms.katalon.core.main.TestCaseExecutor.execute(TestCaseExecutor.java:233)
	at com.kms.katalon.core.main.TestSuiteExecutor.accessTestCaseMainPhase(TestSuiteExecutor.java:169)
	at com.kms.katalon.core.main.TestSuiteExecutor.accessTestSuiteMainPhase(TestSuiteExecutor.java:142)
	at com.kms.katalon.core.main.TestSuiteExecutor.execute(TestSuiteExecutor.java:91)
	at com.kms.katalon.core.main.TestCaseMain.startTestSuite(TestCaseMain.java:157)
	at com.kms.katalon.core.main.TestCaseMain$startTestSuite$0.call(Unknown Source)
	at TempTestSuite1586202163582.run(TempTestSuite1586202163582.groovy:36)
Caused by: com.kms.katalon.core.exception.StepFailedException: Actual text 'Thank You
for Registering on Chiragh' and expected text 'Thank You' of test object 'Object Repository/Page_Chiragh - Registration Confirmation/h1_Thank You  for Registering on Chiragh' are NOT matched.
	at com.kms.katalon.core.webui.keyword.internal.WebUIKeywordMain.stepFailed(WebUIKeywordMain.groovy:64)
	at com.kms.katalon.core.webui.keyword.builtin.VerifyElementTextKeyword$_verifyElementText_closure1.doCall(VerifyElementTextKeyword.groovy:57)
	at com.kms.katalon.core.webui.keyword.builtin.VerifyElementTextKeyword$_verifyElementText_closure1.call(VerifyElementTextKeyword.groovy)
	at com.kms.katalon.core.webui.keyword.internal.WebUIKeywordMain.runKeyword(WebUIKeywordMain.groovy:20)
	... 19 more


2020-04-07 01:08:44 - [TEST_STEP][PASSED] - faker = new com.github.javafaker.Faker(): null

2020-04-07 01:08:44 - [TEST_STEP][PASSED] - openBrowser(""): Browser is opened with url: ''

2020-04-07 01:08:44 - [MESSAGE][INFO] - Starting 'Chrome' driver

2020-04-07 01:08:49 - [MESSAGE][PASSED] - Browser is opened with url: ''

2020-04-07 01:08:49 - [TEST_STEP][PASSED] - navigateToUrl(Url): Navigate to 'http://test.chiragh.com' successfully

2020-04-07 01:09:21 - [MESSAGE][PASSED] - Navigate to 'http://test.chiragh.com' successfully

2020-04-07 01:09:21 - [TEST_STEP][PASSED] - waitForPageLoad(15): Wait for page load successfully

2020-04-07 01:09:21 - [MESSAGE][PASSED] - Wait for page load successfully

2020-04-07 01:09:21 - [TEST_STEP][PASSED] - maximizeWindow(): Current window maximized

2020-04-07 01:09:25 - [MESSAGE][PASSED] - Current window maximized

2020-04-07 01:09:25 - [TEST_STEP][PASSED] - delay(3): Delayed 3 second(s)

2020-04-07 01:09:28 - [MESSAGE][PASSED] - Delayed 3 second(s)

2020-04-07 01:09:28 - [TEST_STEP][PASSED] - click(findTestObject("Object Repository/Front End Objects/LoginWithValidCredentials/Page_Chiragh - Home/a_ENG_dropdownMenuLink")): Object: 'Object Repository/Front End Objects/LoginWithValidCredentials/Page_Chiragh - Home/a_ENG_dropdownMenuLink' is clicked on

2020-04-07 01:09:29 - [MESSAGE][PASSED] - Object: 'Object Repository/Front End Objects/LoginWithValidCredentials/Page_Chiragh - Home/a_ENG_dropdownMenuLink' is clicked on

2020-04-07 01:09:29 - [TEST_STEP][PASSED] - click(findTestObject("Object Repository/Front End Objects/LoginWithValidCredentials/Page_Chiragh - Home/a_Login")): Object: 'Object Repository/Front End Objects/LoginWithValidCredentials/Page_Chiragh - Home/a_Login' is clicked on

2020-04-07 01:09:30 - [MESSAGE][PASSED] - Object: 'Object Repository/Front End Objects/LoginWithValidCredentials/Page_Chiragh - Home/a_Login' is clicked on

2020-04-07 01:09:30 - [TEST_STEP][PASSED] - click(findTestObject("RegisterPage/Page_Chiragh - Login/a_Register")): Object: 'Object Repository/RegisterPage/Page_Chiragh - Login/a_Register' is clicked on

2020-04-07 01:09:31 - [MESSAGE][PASSED] - Object: 'Object Repository/RegisterPage/Page_Chiragh - Login/a_Register' is clicked on

2020-04-07 01:09:31 - [TEST_STEP][PASSED] - delay(2): Delayed 2 second(s)

2020-04-07 01:09:33 - [MESSAGE][PASSED] - Delayed 2 second(s)

2020-04-07 01:09:33 - [TEST_STEP][PASSED] - verifyElementText(findTestObject("Page_Chiragh - Register/h1_Register"), "Register"): Actual text and expected text of test object 'Object Repository/Page_Chiragh - Register/h1_Register' are matched.

2020-04-07 01:09:33 - [MESSAGE][PASSED] - Actual text and expected text of test object 'Object Repository/Page_Chiragh - Register/h1_Register' are matched.

2020-04-07 01:09:33 - [TEST_STEP][PASSED] - delay(2): Delayed 2 second(s)

2020-04-07 01:09:35 - [MESSAGE][PASSED] - Delayed 2 second(s)

2020-04-07 01:09:35 - [TEST_STEP][PASSED] - fName = name().firstName(): null

2020-04-07 01:09:35 - [TEST_STEP][PASSED] - setText(findTestObject("Page_Chiragh - Register/input_First Name_userFirstName"), fName): Text 'Kenton' is set on object 'Object Repository/Page_Chiragh - Register/input_First Name_userFirstName'

2020-04-07 01:09:36 - [MESSAGE][PASSED] - Text 'Kenton' is set on object 'Object Repository/Page_Chiragh - Register/input_First Name_userFirstName'

2020-04-07 01:09:36 - [TEST_STEP][PASSED] - delay(2): Delayed 2 second(s)

2020-04-07 01:09:38 - [MESSAGE][PASSED] - Delayed 2 second(s)

2020-04-07 01:09:38 - [TEST_STEP][PASSED] - lName = name().lastName(): null

2020-04-07 01:09:38 - [TEST_STEP][PASSED] - setText(findTestObject("Page_Chiragh - Register/input_Last Name_userlastName"), lName): Text 'Yundt' is set on object 'Object Repository/Page_Chiragh - Register/input_Last Name_userlastName'

2020-04-07 01:09:38 - [MESSAGE][PASSED] - Text 'Yundt' is set on object 'Object Repository/Page_Chiragh - Register/input_Last Name_userlastName'

2020-04-07 01:09:38 - [TEST_STEP][PASSED] - delay(2): Delayed 2 second(s)

2020-04-07 01:09:40 - [MESSAGE][PASSED] - Delayed 2 second(s)

2020-04-07 01:09:40 - [TEST_STEP][PASSED] - userName = name().firstName(): null

2020-04-07 01:09:40 - [TEST_STEP][PASSED] - setText(findTestObject("Page_Chiragh - Register/input_Username_0bdtue"), userName): Text 'Gretchen' is set on object 'Object Repository/Page_Chiragh - Register/input_Username_0bdtue'

2020-04-07 01:09:40 - [MESSAGE][PASSED] - Text 'Gretchen' is set on object 'Object Repository/Page_Chiragh - Register/input_Username_0bdtue'

2020-04-07 01:09:40 - [TEST_STEP][PASSED] - delay(2): Delayed 2 second(s)

2020-04-07 01:09:42 - [MESSAGE][PASSED] - Delayed 2 second(s)

2020-04-07 01:09:42 - [TEST_STEP][PASSED] - number = number.randomNumber(): null

2020-04-07 01:09:42 - [TEST_STEP][PASSED] - setText(findTestObject("Page_Chiragh - Register/input_Email _userEmail"), "testbcm11" + number + "@gmail.com"): Text 'testbcm116257@gmail.com' is set on object 'Object Repository/Page_Chiragh - Register/input_Email _userEmail'

2020-04-07 01:09:43 - [MESSAGE][PASSED] - Text 'testbcm116257@gmail.com' is set on object 'Object Repository/Page_Chiragh - Register/input_Email _userEmail'

2020-04-07 01:09:43 - [TEST_STEP][PASSED] - delay(2): Delayed 2 second(s)

2020-04-07 01:09:45 - [MESSAGE][PASSED] - Delayed 2 second(s)

2020-04-07 01:09:45 - [TEST_STEP][PASSED] - setText(findTestObject("Page_Chiragh - Register/input_Password_userPassword"), "A123456s@"): Text 'A123456s@' is set on object 'Object Repository/Page_Chiragh - Register/input_Password_userPassword'

2020-04-07 01:09:45 - [MESSAGE][PASSED] - Text 'A123456s@' is set on object 'Object Repository/Page_Chiragh - Register/input_Password_userPassword'

2020-04-07 01:09:45 - [TEST_STEP][PASSED] - delay(7): Delayed 7 second(s)

2020-04-07 01:09:52 - [MESSAGE][PASSED] - Delayed 7 second(s)

2020-04-07 01:09:52 - [TEST_STEP][PASSED] - setText(findTestObject("Page_Chiragh - Register/input_Confirm Password_userConfirmPassword"), "A123456s@"): Text 'A123456s@' is set on object 'Object Repository/Page_Chiragh - Register/input_Confirm Password_userConfirmPassword'

2020-04-07 01:09:53 - [MESSAGE][PASSED] - Text 'A123456s@' is set on object 'Object Repository/Page_Chiragh - Register/input_Confirm Password_userConfirmPassword'

2020-04-07 01:09:53 - [TEST_STEP][PASSED] - delay(2): Delayed 2 second(s)

2020-04-07 01:09:55 - [MESSAGE][PASSED] - Delayed 2 second(s)

2020-04-07 01:09:55 - [TEST_STEP][PASSED] - click(findTestObject("Page_Chiragh - Register/button_Next")): Object: 'Object Repository/Page_Chiragh - Register/button_Next' is clicked on

2020-04-07 01:09:55 - [MESSAGE][PASSED] - Object: 'Object Repository/Page_Chiragh - Register/button_Next' is clicked on

2020-04-07 01:09:55 - [TEST_STEP][PASSED] - waitForPageLoad(4): Wait for page load successfully

2020-04-07 01:09:55 - [MESSAGE][PASSED] - Wait for page load successfully

2020-04-07 01:09:55 - [TEST_STEP][PASSED] - click(findTestObject("Page_Chiragh - Register/input_Date of Birth_dob")): Object: 'Object Repository/Page_Chiragh - Register/input_Date of Birth_dob' is clicked on

2020-04-07 01:09:56 - [MESSAGE][PASSED] - Object: 'Object Repository/Page_Chiragh - Register/input_Date of Birth_dob' is clicked on

2020-04-07 01:09:56 - [TEST_STEP][PASSED] - click(findTestObject("Page_Chiragh - Register/span_Mar 2020")): Object: 'Object Repository/Page_Chiragh - Register/span_Mar 2020' is clicked on

2020-04-07 01:09:56 - [MESSAGE][PASSED] - Object: 'Object Repository/Page_Chiragh - Register/span_Mar 2020' is clicked on

2020-04-07 01:09:56 - [TEST_STEP][PASSED] - click(findTestObject("Page_Chiragh - Register/svg")): Object: 'Object Repository/Page_Chiragh - Register/svg' is clicked on

2020-04-07 01:09:57 - [MESSAGE][PASSED] - Object: 'Object Repository/Page_Chiragh - Register/svg' is clicked on

2020-04-07 01:09:57 - [TEST_STEP][PASSED] - click(findTestObject("Page_Chiragh - Register/span_1996")): Object: 'Object Repository/Page_Chiragh - Register/span_1996' is clicked on

2020-04-07 01:09:58 - [MESSAGE][PASSED] - Object: 'Object Repository/Page_Chiragh - Register/span_1996' is clicked on

2020-04-07 01:09:58 - [TEST_STEP][PASSED] - click(findTestObject("Page_Chiragh - Register/span_Feb")): Object: 'Object Repository/Page_Chiragh - Register/span_Feb' is clicked on

2020-04-07 01:09:58 - [MESSAGE][PASSED] - Object: 'Object Repository/Page_Chiragh - Register/span_Feb' is clicked on

2020-04-07 01:09:58 - [TEST_STEP][PASSED] - click(findTestObject("Page_Chiragh - Register/span_8")): Object: 'Object Repository/Page_Chiragh - Register/span_8' is clicked on

2020-04-07 01:09:59 - [MESSAGE][PASSED] - Object: 'Object Repository/Page_Chiragh - Register/span_8' is clicked on

2020-04-07 01:09:59 - [TEST_STEP][PASSED] - delay(2): Delayed 2 second(s)

2020-04-07 01:10:01 - [MESSAGE][PASSED] - Delayed 2 second(s)

2020-04-07 01:10:01 - [TEST_STEP][PASSED] - setText(findTestObject("Page_Chiragh - Register/Nationality"), "Pakis"): Text 'Pakis' is set on object 'Object Repository/Page_Chiragh - Register/Nationality'

2020-04-07 01:10:01 - [MESSAGE][PASSED] - Text 'Pakis' is set on object 'Object Repository/Page_Chiragh - Register/Nationality'

2020-04-07 01:10:01 - [TEST_STEP][PASSED] - click(findTestObject("Page_Chiragh - Register/ng-dropdown-panel_Pakistani")): Object: 'Object Repository/Page_Chiragh - Register/ng-dropdown-panel_Pakistani' is clicked on

2020-04-07 01:10:02 - [MESSAGE][PASSED] - Object: 'Object Repository/Page_Chiragh - Register/ng-dropdown-panel_Pakistani' is clicked on

2020-04-07 01:10:02 - [TEST_STEP][PASSED] - Useraddress = address.fullAddress(): null

2020-04-07 01:10:02 - [TEST_STEP][PASSED] - setText(findTestObject("Page_Chiragh - Register/input_Complete address _address"), Useraddress): Text 'Apt. 949 2653 Katrina Terrace, Rosemarieborough, HI 68506-5208' is set on object 'Object Repository/Page_Chiragh - Register/input_Complete address _address'

2020-04-07 01:10:03 - [MESSAGE][PASSED] - Text 'Apt. 949 2653 Katrina Terrace, Rosemarieborough, HI 68506-5208' is set on object 'Object Repository/Page_Chiragh - Register/input_Complete address _address'

2020-04-07 01:10:03 - [TEST_STEP][PASSED] - delay(2): Delayed 2 second(s)

2020-04-07 01:10:05 - [MESSAGE][PASSED] - Delayed 2 second(s)

2020-04-07 01:10:05 - [TEST_STEP][PASSED] - PObox = address.zipCode(): null

2020-04-07 01:10:05 - [TEST_STEP][PASSED] - setText(findTestObject("Page_Chiragh - Register/input_POBox_poBox"), PObox): Text '34061-9471' is set on object 'Object Repository/Page_Chiragh - Register/input_POBox_poBox'

2020-04-07 01:10:05 - [MESSAGE][PASSED] - Text '34061-9471' is set on object 'Object Repository/Page_Chiragh - Register/input_POBox_poBox'

2020-04-07 01:10:05 - [TEST_STEP][PASSED] - setText(findTestObject("Page_Chiragh - Register/Country"), "Pakis"): Text 'Pakis' is set on object 'Object Repository/Page_Chiragh - Register/Country'

2020-04-07 01:10:06 - [MESSAGE][PASSED] - Text 'Pakis' is set on object 'Object Repository/Page_Chiragh - Register/Country'

2020-04-07 01:10:06 - [TEST_STEP][PASSED] - click(findTestObject("Page_Chiragh - Register/span_Pakistan")): Object: 'Object Repository/Page_Chiragh - Register/span_Pakistan' is clicked on

2020-04-07 01:10:06 - [MESSAGE][PASSED] - Object: 'Object Repository/Page_Chiragh - Register/span_Pakistan' is clicked on

2020-04-07 01:10:06 - [TEST_STEP][PASSED] - delay(5): Delayed 5 second(s)

2020-04-07 01:10:11 - [MESSAGE][PASSED] - Delayed 5 second(s)

2020-04-07 01:10:11 - [TEST_STEP][PASSED] - setText(findTestObject("Page_Chiragh - Register/City"), "Lahor"): Text 'Lahor' is set on object 'Object Repository/Page_Chiragh - Register/City'

2020-04-07 01:10:12 - [MESSAGE][PASSED] - Text 'Lahor' is set on object 'Object Repository/Page_Chiragh - Register/City'

2020-04-07 01:10:12 - [TEST_STEP][PASSED] - click(findTestObject("Page_Chiragh - Register/span_Lahore")): Object: 'Object Repository/Page_Chiragh - Register/span_Lahore' is clicked on

2020-04-07 01:10:12 - [MESSAGE][PASSED] - Object: 'Object Repository/Page_Chiragh - Register/span_Lahore' is clicked on

2020-04-07 01:10:12 - [TEST_STEP][PASSED] - delay(2): Delayed 2 second(s)

2020-04-07 01:10:14 - [MESSAGE][PASSED] - Delayed 2 second(s)

2020-04-07 01:10:14 - [TEST_STEP][PASSED] - setText(findTestObject("Page_Chiragh - Register/input_Identification Type_ng-star-inserted"), "National"): Text 'National' is set on object 'Object Repository/Page_Chiragh - Register/input_Identification Type_ng-star-inserted'

2020-04-07 01:10:15 - [MESSAGE][PASSED] - Text 'National' is set on object 'Object Repository/Page_Chiragh - Register/input_Identification Type_ng-star-inserted'

2020-04-07 01:10:15 - [TEST_STEP][PASSED] - delay(1): Delayed 1 second(s)

2020-04-07 01:10:16 - [MESSAGE][PASSED] - Delayed 1 second(s)

2020-04-07 01:10:16 - [TEST_STEP][PASSED] - click(findTestObject("Page_Chiragh - Register/span_National ID")): Object: 'Object Repository/Page_Chiragh - Register/span_National ID' is clicked on

2020-04-07 01:10:16 - [MESSAGE][PASSED] - Object: 'Object Repository/Page_Chiragh - Register/span_National ID' is clicked on

2020-04-07 01:10:16 - [TEST_STEP][PASSED] - IdCardNumber = number().digits(10): null

2020-04-07 01:10:16 - [TEST_STEP][PASSED] - setText(findTestObject("Page_Chiragh - Register/input_ID Number_idCardNo"), IdCardNumber): Text '5106204128' is set on object 'Object Repository/Page_Chiragh - Register/input_ID Number_idCardNo'

2020-04-07 01:10:17 - [MESSAGE][PASSED] - Text '5106204128' is set on object 'Object Repository/Page_Chiragh - Register/input_ID Number_idCardNo'

2020-04-07 01:10:17 - [TEST_STEP][PASSED] - click(findTestObject("Page_Chiragh - Register/input_ID Expiry Date_idExpiryDate")): Object: 'Object Repository/Page_Chiragh - Register/input_ID Expiry Date_idExpiryDate' is clicked on

2020-04-07 01:10:17 - [MESSAGE][PASSED] - Object: 'Object Repository/Page_Chiragh - Register/input_ID Expiry Date_idExpiryDate' is clicked on

2020-04-07 01:10:17 - [TEST_STEP][PASSED] - click(findTestObject("Page_Chiragh - Register/span_Apr 2020")): Object: 'Object Repository/Page_Chiragh - Register/span_Apr 2020' is clicked on

2020-04-07 01:10:18 - [MESSAGE][PASSED] - Object: 'Object Repository/Page_Chiragh - Register/span_Apr 2020' is clicked on

2020-04-07 01:10:18 - [TEST_STEP][PASSED] - click(findTestObject("Page_Chiragh - Register/span_2021")): Object: 'Object Repository/Page_Chiragh - Register/span_2021' is clicked on

2020-04-07 01:10:18 - [MESSAGE][PASSED] - Object: 'Object Repository/Page_Chiragh - Register/span_2021' is clicked on

2020-04-07 01:10:18 - [TEST_STEP][PASSED] - click(findTestObject("Page_Chiragh - Register/span_Jan")): Object: 'Object Repository/Page_Chiragh - Register/span_Jan' is clicked on

2020-04-07 01:10:19 - [MESSAGE][PASSED] - Object: 'Object Repository/Page_Chiragh - Register/span_Jan' is clicked on

2020-04-07 01:10:19 - [TEST_STEP][PASSED] - click(findTestObject("Page_Chiragh - Register/Jan1")): Object: 'Object Repository/Page_Chiragh - Register/Jan1' is clicked on

2020-04-07 01:10:19 - [MESSAGE][PASSED] - Object: 'Object Repository/Page_Chiragh - Register/Jan1' is clicked on

2020-04-07 01:10:19 - [TEST_STEP][PASSED] - delay(2): Delayed 2 second(s)

2020-04-07 01:10:21 - [MESSAGE][PASSED] - Delayed 2 second(s)

2020-04-07 01:10:21 - [TEST_STEP][PASSED] - setText(findTestObject("Page_Chiragh - Register/input_Country Code_ng-star-inserted"), "Pakis"): Text 'Pakis' is set on object 'Object Repository/Page_Chiragh - Register/input_Country Code_ng-star-inserted'

2020-04-07 01:10:22 - [MESSAGE][PASSED] - Text 'Pakis' is set on object 'Object Repository/Page_Chiragh - Register/input_Country Code_ng-star-inserted'

2020-04-07 01:10:22 - [TEST_STEP][PASSED] - click(findTestObject("Page_Chiragh - Register/span_(92) Pakistan")): Object: 'Object Repository/Page_Chiragh - Register/span_(92) Pakistan' is clicked on

2020-04-07 01:10:22 - [MESSAGE][PASSED] - Object: 'Object Repository/Page_Chiragh - Register/span_(92) Pakistan' is clicked on

2020-04-07 01:10:22 - [TEST_STEP][PASSED] - setText(findTestObject("Page_Chiragh - Register/input_Mobile Number _mobileNo"), "03451200042"): Text '03451200042' is set on object 'Object Repository/Page_Chiragh - Register/input_Mobile Number _mobileNo'

2020-04-07 01:10:23 - [MESSAGE][PASSED] - Text '03451200042' is set on object 'Object Repository/Page_Chiragh - Register/input_Mobile Number _mobileNo'

2020-04-07 01:10:23 - [TEST_STEP][PASSED] - click(findTestObject("Page_Chiragh - Register/input_Phone Number_terms")): Object: 'Object Repository/Page_Chiragh - Register/input_Phone Number_terms' is clicked on

2020-04-07 01:10:23 - [MESSAGE][PASSED] - Object: 'Object Repository/Page_Chiragh - Register/input_Phone Number_terms' is clicked on

2020-04-07 01:10:23 - [TEST_STEP][PASSED] - delay(2): Delayed 2 second(s)

2020-04-07 01:10:25 - [MESSAGE][PASSED] - Delayed 2 second(s)

2020-04-07 01:10:25 - [TEST_STEP][PASSED] - click(findTestObject("Page_Chiragh - Register/button_Register")): Object: 'Object Repository/Page_Chiragh - Register/button_Register' is clicked on

2020-04-07 01:10:26 - [MESSAGE][PASSED] - Object: 'Object Repository/Page_Chiragh - Register/button_Register' is clicked on

2020-04-07 01:10:26 - [TEST_STEP][PASSED] - delay(2): Delayed 2 second(s)

2020-04-07 01:10:28 - [MESSAGE][PASSED] - Delayed 2 second(s)

2020-04-07 01:10:28 - [TEST_STEP][PASSED] - click(findTestObject("Page_Chiragh - Register/button_Proceed")): Object: 'Object Repository/Page_Chiragh - Register/button_Proceed' is clicked on

2020-04-07 01:10:28 - [MESSAGE][PASSED] - Object: 'Object Repository/Page_Chiragh - Register/button_Proceed' is clicked on

2020-04-07 01:10:28 - [TEST_STEP][PASSED] - delay(5): Delayed 5 second(s)

2020-04-07 01:10:33 - [MESSAGE][PASSED] - Delayed 5 second(s)

2020-04-07 01:10:33 - [TEST_STEP][FAILED] - verifyElementText(findTestObject("Page_Chiragh - Registration Confirmation/h1_Thank You  for Registering on Chiragh"), "Thank You"): Verify element text of test object 'Object Repository/Page_Chiragh - Registration Confirmation/h1_Thank You  for Registering on Chiragh' FAILED. (Root cause: com.kms.katalon.core.exception.StepFailedException: Verify element text of test object 'Object Repository/Page_Chiragh - Registration Confirmation/h1_Thank You  for Registering on Chiragh' FAILED.
	at com.kms.katalon.core.webui.keyword.internal.WebUIKeywordMain.stepFailed(WebUIKeywordMain.groovy:64)
	at com.kms.katalon.core.webui.keyword.internal.WebUIKeywordMain.runKeyword(WebUIKeywordMain.groovy:26)
	at com.kms.katalon.core.webui.keyword.builtin.VerifyElementTextKeyword.verifyElementText(VerifyElementTextKeyword.groovy:72)
	at com.kms.katalon.core.webui.keyword.builtin.VerifyElementTextKeyword.execute(VerifyElementTextKeyword.groovy:40)
	at com.kms.katalon.core.keyword.internal.KeywordExecutor.executeKeywordForPlatform(KeywordExecutor.groovy:72)
	at com.kms.katalon.core.webui.keyword.WebUiBuiltInKeywords.verifyElementText(WebUiBuiltInKeywords.groovy:3689)
	at com.kms.katalon.core.webui.keyword.WebUiBuiltInKeywords$verifyElementText$8.call(Unknown Source)
	at TC_RegisterationForm_012.run(TC_RegisterationForm_012:159)
	at com.kms.katalon.core.main.ScriptEngine.run(ScriptEngine.java:194)
	at com.kms.katalon.core.main.ScriptEngine.runScriptAsRawText(ScriptEngine.java:119)
	at com.kms.katalon.core.main.TestCaseExecutor.runScript(TestCaseExecutor.java:337)
	at com.kms.katalon.core.main.TestCaseExecutor.doExecute(TestCaseExecutor.java:328)
	at com.kms.katalon.core.main.TestCaseExecutor.processExecutionPhase(TestCaseExecutor.java:307)
	at com.kms.katalon.core.main.TestCaseExecutor.accessMainPhase(TestCaseExecutor.java:299)
	at com.kms.katalon.core.main.TestCaseExecutor.execute(TestCaseExecutor.java:233)
	at com.kms.katalon.core.main.TestSuiteExecutor.accessTestCaseMainPhase(TestSuiteExecutor.java:169)
	at com.kms.katalon.core.main.TestSuiteExecutor.accessTestSuiteMainPhase(TestSuiteExecutor.java:142)
	at com.kms.katalon.core.main.TestSuiteExecutor.execute(TestSuiteExecutor.java:91)
	at com.kms.katalon.core.main.TestCaseMain.startTestSuite(TestCaseMain.java:157)
	at com.kms.katalon.core.main.TestCaseMain$startTestSuite$0.call(Unknown Source)
	at TempTestSuite1586202163582.run(TempTestSuite1586202163582.groovy:36)
Caused by: com.kms.katalon.core.exception.StepFailedException: Actual text 'Thank You
for Registering on Chiragh' and expected text 'Thank You' of test object 'Object Repository/Page_Chiragh - Registration Confirmation/h1_Thank You  for Registering on Chiragh' are NOT matched.
	at com.kms.katalon.core.webui.keyword.internal.WebUIKeywordMain.stepFailed(WebUIKeywordMain.groovy:64)
	at com.kms.katalon.core.webui.keyword.builtin.VerifyElementTextKeyword$_verifyElementText_closure1.doCall(VerifyElementTextKeyword.groovy:57)
	at com.kms.katalon.core.webui.keyword.builtin.VerifyElementTextKeyword$_verifyElementText_closure1.call(VerifyElementTextKeyword.groovy)
	at com.kms.katalon.core.webui.keyword.internal.WebUIKeywordMain.runKeyword(WebUIKeywordMain.groovy:20)
	... 19 more
)

2020-04-07 01:10:34 - [MESSAGE][FAILED] - Actual text 'Thank You
for Registering on Chiragh' and expected text 'Thank You' of test object 'Object Repository/Page_Chiragh - Registration Confirmation/h1_Thank You  for Registering on Chiragh' are NOT matched. (Root cause: com.kms.katalon.core.exception.StepFailedException: Actual text 'Thank You
for Registering on Chiragh' and expected text 'Thank You' of test object 'Object Repository/Page_Chiragh - Registration Confirmation/h1_Thank You  for Registering on Chiragh' are NOT matched.
	at com.kms.katalon.core.webui.keyword.internal.WebUIKeywordMain.stepFailed(WebUIKeywordMain.groovy:64)
	at com.kms.katalon.core.webui.keyword.builtin.VerifyElementTextKeyword$_verifyElementText_closure1.doCall(VerifyElementTextKeyword.groovy:57)
	at com.kms.katalon.core.webui.keyword.builtin.VerifyElementTextKeyword$_verifyElementText_closure1.call(VerifyElementTextKeyword.groovy)
	at com.kms.katalon.core.webui.keyword.internal.WebUIKeywordMain.runKeyword(WebUIKeywordMain.groovy:20)
	at com.kms.katalon.core.webui.keyword.builtin.VerifyElementTextKeyword.verifyElementText(VerifyElementTextKeyword.groovy:72)
	at com.kms.katalon.core.webui.keyword.builtin.VerifyElementTextKeyword.execute(VerifyElementTextKeyword.groovy:40)
	at com.kms.katalon.core.keyword.internal.KeywordExecutor.executeKeywordForPlatform(KeywordExecutor.groovy:72)
	at com.kms.katalon.core.webui.keyword.WebUiBuiltInKeywords.verifyElementText(WebUiBuiltInKeywords.groovy:3689)
	at com.kms.katalon.core.webui.keyword.WebUiBuiltInKeywords$verifyElementText$8.call(Unknown Source)
	at TC_RegisterationForm_012.run(TC_RegisterationForm_012:159)
	at com.kms.katalon.core.main.ScriptEngine.run(ScriptEngine.java:194)
	at com.kms.katalon.core.main.ScriptEngine.runScriptAsRawText(ScriptEngine.java:119)
	at com.kms.katalon.core.main.TestCaseExecutor.runScript(TestCaseExecutor.java:337)
	at com.kms.katalon.core.main.TestCaseExecutor.doExecute(TestCaseExecutor.java:328)
	at com.kms.katalon.core.main.TestCaseExecutor.processExecutionPhase(TestCaseExecutor.java:307)
	at com.kms.katalon.core.main.TestCaseExecutor.accessMainPhase(TestCaseExecutor.java:299)
	at com.kms.katalon.core.main.TestCaseExecutor.execute(TestCaseExecutor.java:233)
	at com.kms.katalon.core.main.TestSuiteExecutor.accessTestCaseMainPhase(TestSuiteExecutor.java:169)
	at com.kms.katalon.core.main.TestSuiteExecutor.accessTestSuiteMainPhase(TestSuiteExecutor.java:142)
	at com.kms.katalon.core.main.TestSuiteExecutor.execute(TestSuiteExecutor.java:91)
	at com.kms.katalon.core.main.TestCaseMain.startTestSuite(TestCaseMain.java:157)
	at com.kms.katalon.core.main.TestCaseMain$startTestSuite$0.call(Unknown Source)
	at TempTestSuite1586202163582.run(TempTestSuite1586202163582.groovy:36)
)
[[ATTACHMENT|C:\\Users\\hp\\git\\chiraghAdminPanel\\Reports\\20200407_004243\\ChiraghWeb_FrontEnd_SmokeTests\\20200407_004243\\1586203834119.png]]

2020-04-07 01:10:34 - [MESSAGE][FAILED] - Verify element text of test object 'Object Repository/Page_Chiragh - Registration Confirmation/h1_Thank You  for Registering on Chiragh' FAILED. (Root cause: com.kms.katalon.core.exception.StepFailedException: Verify element text of test object 'Object Repository/Page_Chiragh - Registration Confirmation/h1_Thank You  for Registering on Chiragh' FAILED.
	at com.kms.katalon.core.webui.keyword.internal.WebUIKeywordMain.stepFailed(WebUIKeywordMain.groovy:64)
	at com.kms.katalon.core.webui.keyword.internal.WebUIKeywordMain.runKeyword(WebUIKeywordMain.groovy:26)
	at com.kms.katalon.core.webui.keyword.builtin.VerifyElementTextKeyword.verifyElementText(VerifyElementTextKeyword.groovy:72)
	at com.kms.katalon.core.webui.keyword.builtin.VerifyElementTextKeyword.execute(VerifyElementTextKeyword.groovy:40)
	at com.kms.katalon.core.keyword.internal.KeywordExecutor.executeKeywordForPlatform(KeywordExecutor.groovy:72)
	at com.kms.katalon.core.webui.keyword.WebUiBuiltInKeywords.verifyElementText(WebUiBuiltInKeywords.groovy:3689)
	at com.kms.katalon.core.webui.keyword.WebUiBuiltInKeywords$verifyElementText$8.call(Unknown Source)
	at TC_RegisterationForm_012.run(TC_RegisterationForm_012:159)
	at com.kms.katalon.core.main.ScriptEngine.run(ScriptEngine.java:194)
	at com.kms.katalon.core.main.ScriptEngine.runScriptAsRawText(ScriptEngine.java:119)
	at com.kms.katalon.core.main.TestCaseExecutor.runScript(TestCaseExecutor.java:337)
	at com.kms.katalon.core.main.TestCaseExecutor.doExecute(TestCaseExecutor.java:328)
	at com.kms.katalon.core.main.TestCaseExecutor.processExecutionPhase(TestCaseExecutor.java:307)
	at com.kms.katalon.core.main.TestCaseExecutor.accessMainPhase(TestCaseExecutor.java:299)
	at com.kms.katalon.core.main.TestCaseExecutor.execute(TestCaseExecutor.java:233)
	at com.kms.katalon.core.main.TestSuiteExecutor.accessTestCaseMainPhase(TestSuiteExecutor.java:169)
	at com.kms.katalon.core.main.TestSuiteExecutor.accessTestSuiteMainPhase(TestSuiteExecutor.java:142)
	at com.kms.katalon.core.main.TestSuiteExecutor.execute(TestSuiteExecutor.java:91)
	at com.kms.katalon.core.main.TestCaseMain.startTestSuite(TestCaseMain.java:157)
	at com.kms.katalon.core.main.TestCaseMain$startTestSuite$0.call(Unknown Source)
	at TempTestSuite1586202163582.run(TempTestSuite1586202163582.groovy:36)
Caused by: com.kms.katalon.core.exception.StepFailedException: Actual text 'Thank You
for Registering on Chiragh' and expected text 'Thank You' of test object 'Object Repository/Page_Chiragh - Registration Confirmation/h1_Thank You  for Registering on Chiragh' are NOT matched.
	at com.kms.katalon.core.webui.keyword.internal.WebUIKeywordMain.stepFailed(WebUIKeywordMain.groovy:64)
	at com.kms.katalon.core.webui.keyword.builtin.VerifyElementTextKeyword$_verifyElementText_closure1.doCall(VerifyElementTextKeyword.groovy:57)
	at com.kms.katalon.core.webui.keyword.builtin.VerifyElementTextKeyword$_verifyElementText_closure1.call(VerifyElementTextKeyword.groovy)
	at com.kms.katalon.core.webui.keyword.internal.WebUIKeywordMain.runKeyword(WebUIKeywordMain.groovy:20)
	... 19 more
)
[[ATTACHMENT|C:\\Users\\hp\\git\\chiraghAdminPanel\\Reports\\20200407_004243\\ChiraghWeb_FrontEnd_SmokeTests\\20200407_004243\\1586203834425.png]]

2020-04-07 01:10:36 - [TEST_STEP][PASSED] - Video: Video recording for test case 'Test Cases/Front End/TC_RegisterationForm_012' .

2020-04-07 01:10:36 - [MESSAGE][INFO] - Video recording for test case 'Test Cases/Front End/TC_RegisterationForm_012' .
[[ATTACHMENT|C:\\Users\\hp\\git\\chiraghAdminPanel\\Reports\\20200407_004243\\ChiraghWeb_FrontEnd_SmokeTests\\20200407_004243/videos\\test_14.mov]]]]></system-out>
         <system-err><![CDATA[2020-04-07 01:08:43 - [TEST_CASE][FAILED] - Test Cases/Front End/TC_RegisterationForm_012: Test Cases/Front End/TC_RegisterationForm_012 FAILED.
Reason:
com.kms.katalon.core.exception.StepFailedException: Verify element text of test object 'Object Repository/Page_Chiragh - Registration Confirmation/h1_Thank You  for Registering on Chiragh' FAILED.
	at com.kms.katalon.core.webui.keyword.internal.WebUIKeywordMain.stepFailed(WebUIKeywordMain.groovy:64)
	at com.kms.katalon.core.webui.keyword.internal.WebUIKeywordMain.runKeyword(WebUIKeywordMain.groovy:26)
	at com.kms.katalon.core.webui.keyword.builtin.VerifyElementTextKeyword.verifyElementText(VerifyElementTextKeyword.groovy:72)
	at com.kms.katalon.core.webui.keyword.builtin.VerifyElementTextKeyword.execute(VerifyElementTextKeyword.groovy:40)
	at com.kms.katalon.core.keyword.internal.KeywordExecutor.executeKeywordForPlatform(KeywordExecutor.groovy:72)
	at com.kms.katalon.core.webui.keyword.WebUiBuiltInKeywords.verifyElementText(WebUiBuiltInKeywords.groovy:3689)
	at com.kms.katalon.core.webui.keyword.WebUiBuiltInKeywords$verifyElementText$8.call(Unknown Source)
	at TC_RegisterationForm_012.run(TC_RegisterationForm_012:159)
	at com.kms.katalon.core.main.ScriptEngine.run(ScriptEngine.java:194)
	at com.kms.katalon.core.main.ScriptEngine.runScriptAsRawText(ScriptEngine.java:119)
	at com.kms.katalon.core.main.TestCaseExecutor.runScript(TestCaseExecutor.java:337)
	at com.kms.katalon.core.main.TestCaseExecutor.doExecute(TestCaseExecutor.java:328)
	at com.kms.katalon.core.main.TestCaseExecutor.processExecutionPhase(TestCaseExecutor.java:307)
	at com.kms.katalon.core.main.TestCaseExecutor.accessMainPhase(TestCaseExecutor.java:299)
	at com.kms.katalon.core.main.TestCaseExecutor.execute(TestCaseExecutor.java:233)
	at com.kms.katalon.core.main.TestSuiteExecutor.accessTestCaseMainPhase(TestSuiteExecutor.java:169)
	at com.kms.katalon.core.main.TestSuiteExecutor.accessTestSuiteMainPhase(TestSuiteExecutor.java:142)
	at com.kms.katalon.core.main.TestSuiteExecutor.execute(TestSuiteExecutor.java:91)
	at com.kms.katalon.core.main.TestCaseMain.startTestSuite(TestCaseMain.java:157)
	at com.kms.katalon.core.main.TestCaseMain$startTestSuite$0.call(Unknown Source)
	at TempTestSuite1586202163582.run(TempTestSuite1586202163582.groovy:36)
Caused by: com.kms.katalon.core.exception.StepFailedException: Actual text 'Thank You
for Registering on Chiragh' and expected text 'Thank You' of test object 'Object Repository/Page_Chiragh - Registration Confirmation/h1_Thank You  for Registering on Chiragh' are NOT matched.
	at com.kms.katalon.core.webui.keyword.internal.WebUIKeywordMain.stepFailed(WebUIKeywordMain.groovy:64)
	at com.kms.katalon.core.webui.keyword.builtin.VerifyElementTextKeyword$_verifyElementText_closure1.doCall(VerifyElementTextKeyword.groovy:57)
	at com.kms.katalon.core.webui.keyword.builtin.VerifyElementTextKeyword$_verifyElementText_closure1.call(VerifyElementTextKeyword.groovy)
	at com.kms.katalon.core.webui.keyword.internal.WebUIKeywordMain.runKeyword(WebUIKeywordMain.groovy:20)
	... 19 more]]></system-err>
      </testcase>
      <testcase name="Test Cases/Front End/TC_RegisterUserRemove(WatchList)" time="70.087" classname="Test Cases/Front End/TC_RegisterUserRemove(WatchList)" status="PASSED">
         <system-out><![CDATA[2020-04-07 01:10:36 - [TEST_CASE][PASSED] - Test Cases/Front End/TC_RegisterUserRemove(WatchList): Test Cases/Front End/TC_RegisterUserRemove(WatchList)

2020-04-07 01:10:36 - [TEST_STEP][PASSED] - openBrowser(""): Browser is opened with url: ''

2020-04-07 01:10:36 - [MESSAGE][WARNING] - A browser is already opened. Closing browser and opening a new one

2020-04-07 01:10:37 - [MESSAGE][INFO] - Starting 'Chrome' driver

2020-04-07 01:10:42 - [MESSAGE][PASSED] - Browser is opened with url: ''

2020-04-07 01:10:42 - [TEST_STEP][PASSED] - navigateToUrl(Url): Navigate to 'http://test.chiragh.com' successfully

2020-04-07 01:11:15 - [MESSAGE][PASSED] - Navigate to 'http://test.chiragh.com' successfully

2020-04-07 01:11:15 - [TEST_STEP][PASSED] - waitForPageLoad(15): Wait for page load successfully

2020-04-07 01:11:15 - [MESSAGE][PASSED] - Wait for page load successfully

2020-04-07 01:11:15 - [TEST_STEP][PASSED] - maximizeWindow(): Current window maximized

2020-04-07 01:11:20 - [MESSAGE][PASSED] - Current window maximized

2020-04-07 01:11:20 - [TEST_STEP][PASSED] - delay(3): Delayed 3 second(s)

2020-04-07 01:11:23 - [MESSAGE][PASSED] - Delayed 3 second(s)

2020-04-07 01:11:23 - [TEST_STEP][PASSED] - click(findTestObject("Object Repository/Front End Objects/RegisterUserRemove(WatchList)/Page_Chiragh - Home/a_ENG_dropdownMenuLink")): Object: 'Object Repository/Front End Objects/RegisterUserRemove(WatchList)/Page_Chiragh - Home/a_ENG_dropdownMenuLink' is clicked on

2020-04-07 01:11:23 - [MESSAGE][PASSED] - Object: 'Object Repository/Front End Objects/RegisterUserRemove(WatchList)/Page_Chiragh - Home/a_ENG_dropdownMenuLink' is clicked on

2020-04-07 01:11:23 - [TEST_STEP][PASSED] - click(findTestObject("Object Repository/Front End Objects/RegisterUserRemove(WatchList)/Page_Chiragh - Home/a_Login")): Object: 'Object Repository/Front End Objects/RegisterUserRemove(WatchList)/Page_Chiragh - Home/a_Login' is clicked on

2020-04-07 01:11:24 - [MESSAGE][PASSED] - Object: 'Object Repository/Front End Objects/RegisterUserRemove(WatchList)/Page_Chiragh - Home/a_Login' is clicked on

2020-04-07 01:11:24 - [TEST_STEP][PASSED] - setText(findTestObject("Object Repository/Front End Objects/RegisterUserRemove(WatchList)/Page_Chiragh - Login/input_Username_un"), "AUTOCHIRAGH"): Text 'AUTOCHIRAGH' is set on object 'Object Repository/Front End Objects/RegisterUserRemove(WatchList)/Page_Chiragh - Login/input_Username_un'

2020-04-07 01:11:25 - [MESSAGE][PASSED] - Text 'AUTOCHIRAGH' is set on object 'Object Repository/Front End Objects/RegisterUserRemove(WatchList)/Page_Chiragh - Login/input_Username_un'

2020-04-07 01:11:25 - [TEST_STEP][PASSED] - setEncryptedText(findTestObject("Object Repository/Front End Objects/RegisterUserRemove(WatchList)/Page_Chiragh - Login/input_Password_userPassword"), "RigbBhfdqOBDK95asqKeHw=="): Text ****** has been set on object 'Object Repository/Front End Objects/RegisterUserRemove(WatchList)/Page_Chiragh - Login/input_Password_userPassword'

2020-04-07 01:11:25 - [MESSAGE][PASSED] - Text ****** has been set on object 'Object Repository/Front End Objects/RegisterUserRemove(WatchList)/Page_Chiragh - Login/input_Password_userPassword'

2020-04-07 01:11:25 - [TEST_STEP][PASSED] - click(findTestObject("Object Repository/Front End Objects/RegisterUserRemove(WatchList)/Page_Chiragh - Login/button_Log In")): Object: 'Object Repository/Front End Objects/RegisterUserRemove(WatchList)/Page_Chiragh - Login/button_Log In' is clicked on

2020-04-07 01:11:26 - [MESSAGE][PASSED] - Object: 'Object Repository/Front End Objects/RegisterUserRemove(WatchList)/Page_Chiragh - Login/button_Log In' is clicked on

2020-04-07 01:11:26 - [TEST_STEP][PASSED] - click(findTestObject("Object Repository/Front End Objects/RegisterUserRemove(WatchList)/Page_Chiragh - Home/a_ENG_dropdownMenuLink")): Object: 'Object Repository/Front End Objects/RegisterUserRemove(WatchList)/Page_Chiragh - Home/a_ENG_dropdownMenuLink' is clicked on

2020-04-07 01:11:34 - [MESSAGE][PASSED] - Object: 'Object Repository/Front End Objects/RegisterUserRemove(WatchList)/Page_Chiragh - Home/a_ENG_dropdownMenuLink' is clicked on

2020-04-07 01:11:34 - [TEST_STEP][PASSED] - click(findTestObject("Object Repository/Front End Objects/RegisterUserRemove(WatchList)/Page_Chiragh - Home/a_HI AutoChiragh")): Object: 'Object Repository/Front End Objects/RegisterUserRemove(WatchList)/Page_Chiragh - Home/a_HI AutoChiragh' is clicked on

2020-04-07 01:11:35 - [MESSAGE][PASSED] - Object: 'Object Repository/Front End Objects/RegisterUserRemove(WatchList)/Page_Chiragh - Home/a_HI AutoChiragh' is clicked on

2020-04-07 01:11:35 - [TEST_STEP][PASSED] - click(findTestObject("Object Repository/Front End Objects/RegisterUserRemove(WatchList)/Page_Chiragh - Dashborad Home/b_Manage Activity")): Object: 'Object Repository/Front End Objects/RegisterUserRemove(WatchList)/Page_Chiragh - Dashborad Home/b_Manage Activity' is clicked on

2020-04-07 01:11:36 - [MESSAGE][PASSED] - Object: 'Object Repository/Front End Objects/RegisterUserRemove(WatchList)/Page_Chiragh - Dashborad Home/b_Manage Activity' is clicked on

2020-04-07 01:11:36 - [TEST_STEP][PASSED] - click(findTestObject("Object Repository/Front End Objects/RegisterUserRemove(WatchList)/Page_Chiragh - Open House/a_Watch List")): Object: 'Object Repository/Front End Objects/RegisterUserRemove(WatchList)/Page_Chiragh - Open House/a_Watch List' is clicked on

2020-04-07 01:11:40 - [MESSAGE][PASSED] - Object: 'Object Repository/Front End Objects/RegisterUserRemove(WatchList)/Page_Chiragh - Open House/a_Watch List' is clicked on

2020-04-07 01:11:40 - [TEST_STEP][PASSED] - click(findTestObject("Object Repository/Front End Objects/RegisterUserRemove(WatchList)/Page_Chiragh - Watch List/svg_PROPERTY ID 38916_svg-inline--fa fa-times fa-w-12")): Object: 'Object Repository/Front End Objects/RegisterUserRemove(WatchList)/Page_Chiragh - Watch List/svg_PROPERTY ID 38916_svg-inline--fa fa-times fa-w-12' is clicked on

2020-04-07 01:11:42 - [MESSAGE][PASSED] - Object: 'Object Repository/Front End Objects/RegisterUserRemove(WatchList)/Page_Chiragh - Watch List/svg_PROPERTY ID 38916_svg-inline--fa fa-times fa-w-12' is clicked on

2020-04-07 01:11:42 - [TEST_STEP][PASSED] - click(findTestObject("Object Repository/Front End Objects/RegisterUserRemove(WatchList)/Page_Chiragh - Watch List/div_Property has been removed from your Watch List")): Object: 'Object Repository/Front End Objects/RegisterUserRemove(WatchList)/Page_Chiragh - Watch List/div_Property has been removed from your Watch List' is clicked on

2020-04-07 01:11:43 - [MESSAGE][PASSED] - Object: 'Object Repository/Front End Objects/RegisterUserRemove(WatchList)/Page_Chiragh - Watch List/div_Property has been removed from your Watch List' is clicked on

2020-04-07 01:11:43 - [TEST_STEP][PASSED] - click(findTestObject("Object Repository/Front End Objects/RegisterUserRemove(WatchList)/Page_Chiragh - Watch List/div_Ok")): Object: 'Object Repository/Front End Objects/RegisterUserRemove(WatchList)/Page_Chiragh - Watch List/div_Ok' is clicked on

2020-04-07 01:11:44 - [MESSAGE][PASSED] - Object: 'Object Repository/Front End Objects/RegisterUserRemove(WatchList)/Page_Chiragh - Watch List/div_Ok' is clicked on

2020-04-07 01:11:44 - [TEST_STEP][PASSED] - closeBrowser(): Browser is closed

2020-04-07 01:11:44 - [MESSAGE][PASSED] - Browser is closed

2020-04-07 01:11:46 - [TEST_STEP][PASSED] - Video: Video recording for test case 'Test Cases/Front End/TC_RegisterUserRemove(WatchList)' .

2020-04-07 01:11:46 - [MESSAGE][INFO] - Video recording for test case 'Test Cases/Front End/TC_RegisterUserRemove(WatchList)' .
[[ATTACHMENT|C:\\Users\\hp\\git\\chiraghAdminPanel\\Reports\\20200407_004243\\ChiraghWeb_FrontEnd_SmokeTests\\20200407_004243/videos\\test_15.mov]]]]></system-out>
         <system-err><![CDATA[]]></system-err>
      </testcase>
      <testcase name="Test Cases/Front End/TC_RgisterUserAdd(WatchList)" time="136.852" classname="Test Cases/Front End/TC_RgisterUserAdd(WatchList)" status="FAILED">
         <failure type="FAILED" message="Test Cases/Front End/TC_RgisterUserAdd(WatchList) FAILED.
Reason:
com.kms.katalon.core.exception.StepFailedException: Unable to click on object 'Object Repository/Front End Objects/RegisterUserAdd(WatchList)/Page_Chiragh - Home/div_Property has been added to your Watch List'
	at com.kms.katalon.core.webui.keyword.internal.WebUIKeywordMain.stepFailed(WebUIKeywordMain.groovy:64)
	at com.kms.katalon.core.webui.keyword.internal.WebUIKeywordMain.runKeyword(WebUIKeywordMain.groovy:26)
	at com.kms.katalon.core.webui.keyword.builtin.ClickKeyword.click(ClickKeyword.groovy:76)
	at com.kms.katalon.core.webui.keyword.builtin.ClickKeyword.execute(ClickKeyword.groovy:43)
	at com.kms.katalon.core.keyword.internal.KeywordExecutor.executeKeywordForPlatform(KeywordExecutor.groovy:72)
	at com.kms.katalon.core.webui.keyword.WebUiBuiltInKeywords.click(WebUiBuiltInKeywords.groovy:616)
	at com.kms.katalon.core.webui.keyword.WebUiBuiltInKeywords$click$3.call(Unknown Source)
	at TC_RgisterUserAdd(WatchList).run(TC_RgisterUserAdd(WatchList):49)
	at com.kms.katalon.core.main.ScriptEngine.run(ScriptEngine.java:194)
	at com.kms.katalon.core.main.ScriptEngine.runScriptAsRawText(ScriptEngine.java:119)
	at com.kms.katalon.core.main.TestCaseExecutor.runScript(TestCaseExecutor.java:337)
	at com.kms.katalon.core.main.TestCaseExecutor.doExecute(TestCaseExecutor.java:328)
	at com.kms.katalon.core.main.TestCaseExecutor.processExecutionPhase(TestCaseExecutor.java:307)
	at com.kms.katalon.core.main.TestCaseExecutor.accessMainPhase(TestCaseExecutor.java:299)
	at com.kms.katalon.core.main.TestCaseExecutor.execute(TestCaseExecutor.java:233)
	at com.kms.katalon.core.main.TestSuiteExecutor.accessTestCaseMainPhase(TestSuiteExecutor.java:169)
	at com.kms.katalon.core.main.TestSuiteExecutor.accessTestSuiteMainPhase(TestSuiteExecutor.java:142)
	at com.kms.katalon.core.main.TestSuiteExecutor.execute(TestSuiteExecutor.java:91)
	at com.kms.katalon.core.main.TestCaseMain.startTestSuite(TestCaseMain.java:157)
	at com.kms.katalon.core.main.TestCaseMain$startTestSuite$0.call(Unknown Source)
	at TempTestSuite1586202163582.run(TempTestSuite1586202163582.groovy:36)
Caused by: com.kms.katalon.core.webui.exception.WebElementNotFoundException: Web element with id: 'Object Repository/Front End Objects/RegisterUserAdd(WatchList)/Page_Chiragh - Home/div_Property has been added to your Watch List' located by 'By.xpath: (.//*[normalize-space(text()) and normalize-space(.)='Terms &amp; Conditions'])[1]/following::div[3]' not found
	at com.kms.katalon.core.webui.common.WebUiCommonHelper.findWebElement(WebUiCommonHelper.java:1154)
	at com.kms.katalon.core.webui.keyword.internal.WebUIAbstractKeyword.findWebElement(WebUIAbstractKeyword.groovy:27)
	at com.kms.katalon.core.webui.keyword.internal.WebUIAbstractKeyword.findWebElement(WebUIAbstractKeyword.groovy:26)
	at com.kms.katalon.core.webui.keyword.builtin.ClickKeyword$_click_closure1.doCall(ClickKeyword.groovy:67)
	at com.kms.katalon.core.webui.keyword.builtin.ClickKeyword$_click_closure1.call(ClickKeyword.groovy)
	at com.kms.katalon.core.webui.keyword.internal.WebUIKeywordMain.runKeyword(WebUIKeywordMain.groovy:20)
	... 19 more
"/>
         <system-out><![CDATA[2020-04-07 01:11:46 - [TEST_CASE][FAILED] - Test Cases/Front End/TC_RgisterUserAdd(WatchList): Test Cases/Front End/TC_RgisterUserAdd(WatchList) FAILED.
Reason:
com.kms.katalon.core.exception.StepFailedException: Unable to click on object 'Object Repository/Front End Objects/RegisterUserAdd(WatchList)/Page_Chiragh - Home/div_Property has been added to your Watch List'
	at com.kms.katalon.core.webui.keyword.internal.WebUIKeywordMain.stepFailed(WebUIKeywordMain.groovy:64)
	at com.kms.katalon.core.webui.keyword.internal.WebUIKeywordMain.runKeyword(WebUIKeywordMain.groovy:26)
	at com.kms.katalon.core.webui.keyword.builtin.ClickKeyword.click(ClickKeyword.groovy:76)
	at com.kms.katalon.core.webui.keyword.builtin.ClickKeyword.execute(ClickKeyword.groovy:43)
	at com.kms.katalon.core.keyword.internal.KeywordExecutor.executeKeywordForPlatform(KeywordExecutor.groovy:72)
	at com.kms.katalon.core.webui.keyword.WebUiBuiltInKeywords.click(WebUiBuiltInKeywords.groovy:616)
	at com.kms.katalon.core.webui.keyword.WebUiBuiltInKeywords$click$3.call(Unknown Source)
	at TC_RgisterUserAdd(WatchList).run(TC_RgisterUserAdd(WatchList):49)
	at com.kms.katalon.core.main.ScriptEngine.run(ScriptEngine.java:194)
	at com.kms.katalon.core.main.ScriptEngine.runScriptAsRawText(ScriptEngine.java:119)
	at com.kms.katalon.core.main.TestCaseExecutor.runScript(TestCaseExecutor.java:337)
	at com.kms.katalon.core.main.TestCaseExecutor.doExecute(TestCaseExecutor.java:328)
	at com.kms.katalon.core.main.TestCaseExecutor.processExecutionPhase(TestCaseExecutor.java:307)
	at com.kms.katalon.core.main.TestCaseExecutor.accessMainPhase(TestCaseExecutor.java:299)
	at com.kms.katalon.core.main.TestCaseExecutor.execute(TestCaseExecutor.java:233)
	at com.kms.katalon.core.main.TestSuiteExecutor.accessTestCaseMainPhase(TestSuiteExecutor.java:169)
	at com.kms.katalon.core.main.TestSuiteExecutor.accessTestSuiteMainPhase(TestSuiteExecutor.java:142)
	at com.kms.katalon.core.main.TestSuiteExecutor.execute(TestSuiteExecutor.java:91)
	at com.kms.katalon.core.main.TestCaseMain.startTestSuite(TestCaseMain.java:157)
	at com.kms.katalon.core.main.TestCaseMain$startTestSuite$0.call(Unknown Source)
	at TempTestSuite1586202163582.run(TempTestSuite1586202163582.groovy:36)
Caused by: com.kms.katalon.core.webui.exception.WebElementNotFoundException: Web element with id: 'Object Repository/Front End Objects/RegisterUserAdd(WatchList)/Page_Chiragh - Home/div_Property has been added to your Watch List' located by 'By.xpath: (.//*[normalize-space(text()) and normalize-space(.)='Terms & Conditions'])[1]/following::div[3]' not found
	at com.kms.katalon.core.webui.common.WebUiCommonHelper.findWebElement(WebUiCommonHelper.java:1154)
	at com.kms.katalon.core.webui.keyword.internal.WebUIAbstractKeyword.findWebElement(WebUIAbstractKeyword.groovy:27)
	at com.kms.katalon.core.webui.keyword.internal.WebUIAbstractKeyword.findWebElement(WebUIAbstractKeyword.groovy:26)
	at com.kms.katalon.core.webui.keyword.builtin.ClickKeyword$_click_closure1.doCall(ClickKeyword.groovy:67)
	at com.kms.katalon.core.webui.keyword.builtin.ClickKeyword$_click_closure1.call(ClickKeyword.groovy)
	at com.kms.katalon.core.webui.keyword.internal.WebUIKeywordMain.runKeyword(WebUIKeywordMain.groovy:20)
	... 19 more


2020-04-07 01:11:47 - [TEST_STEP][PASSED] - openBrowser(""): Browser is opened with url: ''

2020-04-07 01:11:47 - [MESSAGE][INFO] - Starting 'Chrome' driver

2020-04-07 01:11:52 - [MESSAGE][PASSED] - Browser is opened with url: ''

2020-04-07 01:11:52 - [TEST_STEP][PASSED] - navigateToUrl(Url): Navigate to 'http://test.chiragh.com' successfully

2020-04-07 01:12:30 - [MESSAGE][PASSED] - Navigate to 'http://test.chiragh.com' successfully

2020-04-07 01:12:30 - [TEST_STEP][PASSED] - waitForPageLoad(15): Wait for page load successfully

2020-04-07 01:12:30 - [MESSAGE][PASSED] - Wait for page load successfully

2020-04-07 01:12:30 - [TEST_STEP][PASSED] - maximizeWindow(): Current window maximized

2020-04-07 01:12:34 - [MESSAGE][PASSED] - Current window maximized

2020-04-07 01:12:34 - [TEST_STEP][PASSED] - delay(3): Delayed 3 second(s)

2020-04-07 01:12:37 - [MESSAGE][PASSED] - Delayed 3 second(s)

2020-04-07 01:12:37 - [TEST_STEP][PASSED] - click(findTestObject("Object Repository/Front End Objects/RegisterUserAdd(WatchList)/Page_Chiragh - Home/a_ENG_dropdownMenuLink")): Object: 'Object Repository/Front End Objects/RegisterUserAdd(WatchList)/Page_Chiragh - Home/a_ENG_dropdownMenuLink' is clicked on

2020-04-07 01:12:38 - [MESSAGE][PASSED] - Object: 'Object Repository/Front End Objects/RegisterUserAdd(WatchList)/Page_Chiragh - Home/a_ENG_dropdownMenuLink' is clicked on

2020-04-07 01:12:38 - [TEST_STEP][PASSED] - click(findTestObject("Object Repository/Front End Objects/RegisterUserAdd(WatchList)/Page_Chiragh - Home/a_Login")): Object: 'Object Repository/Front End Objects/RegisterUserAdd(WatchList)/Page_Chiragh - Home/a_Login' is clicked on

2020-04-07 01:12:39 - [MESSAGE][PASSED] - Object: 'Object Repository/Front End Objects/RegisterUserAdd(WatchList)/Page_Chiragh - Home/a_Login' is clicked on

2020-04-07 01:12:39 - [TEST_STEP][PASSED] - setText(findTestObject("Object Repository/Front End Objects/RegisterUserAdd(WatchList)/Page_Chiragh - Login/input_Username_un"), userName): Text 'AUTOCHIRAGH' is set on object 'Object Repository/Front End Objects/RegisterUserAdd(WatchList)/Page_Chiragh - Login/input_Username_un'

2020-04-07 01:12:40 - [MESSAGE][PASSED] - Text 'AUTOCHIRAGH' is set on object 'Object Repository/Front End Objects/RegisterUserAdd(WatchList)/Page_Chiragh - Login/input_Username_un'

2020-04-07 01:12:40 - [TEST_STEP][PASSED] - setEncryptedText(findTestObject("Object Repository/Front End Objects/RegisterUserAdd(WatchList)/Page_Chiragh - Login/input_Password_userPassword"), "RigbBhfdqOBDK95asqKeHw=="): Text ****** has been set on object 'Object Repository/Front End Objects/RegisterUserAdd(WatchList)/Page_Chiragh - Login/input_Password_userPassword'

2020-04-07 01:12:40 - [MESSAGE][PASSED] - Text ****** has been set on object 'Object Repository/Front End Objects/RegisterUserAdd(WatchList)/Page_Chiragh - Login/input_Password_userPassword'

2020-04-07 01:12:40 - [TEST_STEP][PASSED] - click(findTestObject("Object Repository/Front End Objects/RegisterUserAdd(WatchList)/Page_Chiragh - Login/button_Log In")): Object: 'Object Repository/Front End Objects/RegisterUserAdd(WatchList)/Page_Chiragh - Login/button_Log In' is clicked on

2020-04-07 01:12:41 - [MESSAGE][PASSED] - Object: 'Object Repository/Front End Objects/RegisterUserAdd(WatchList)/Page_Chiragh - Login/button_Log In' is clicked on

2020-04-07 01:12:41 - [TEST_STEP][PASSED] - waitForPageLoad(15): Wait for page load successfully

2020-04-07 01:12:41 - [MESSAGE][PASSED] - Wait for page load successfully

2020-04-07 01:12:41 - [TEST_STEP][PASSED] - scrollToElement(findTestObject("Object Repository/Front End Objects/RegisterUserAdd(WatchList)/Page_Chiragh - Home/h6_Active auctions in process"), 4): Scroll to object 'Object Repository/Front End Objects/RegisterUserAdd(WatchList)/Page_Chiragh - Home/h6_Active auctions in process' successfully

2020-04-07 01:13:00 - [MESSAGE][PASSED] - Scroll to object 'Object Repository/Front End Objects/RegisterUserAdd(WatchList)/Page_Chiragh - Home/h6_Active auctions in process' successfully

2020-04-07 01:13:00 - [TEST_STEP][PASSED] - click(findTestObject("Object Repository/Front End Objects/RegisterUserAdd(WatchList)/Page_Chiragh - Home/img")): Object: 'Object Repository/Front End Objects/RegisterUserAdd(WatchList)/Page_Chiragh - Home/img' is clicked on

2020-04-07 01:13:01 - [MESSAGE][PASSED] - Object: 'Object Repository/Front End Objects/RegisterUserAdd(WatchList)/Page_Chiragh - Home/img' is clicked on

2020-04-07 01:13:01 - [TEST_STEP][FAILED] - click(findTestObject("Front End Objects/RegisterUserAdd(WatchList)/Page_Chiragh - Home/div_Property has been added to your Watch List")): Unable to click on object 'Object Repository/Front End Objects/RegisterUserAdd(WatchList)/Page_Chiragh - Home/div_Property has been added to your Watch List' (Root cause: com.kms.katalon.core.exception.StepFailedException: Unable to click on object 'Object Repository/Front End Objects/RegisterUserAdd(WatchList)/Page_Chiragh - Home/div_Property has been added to your Watch List'
	at com.kms.katalon.core.webui.keyword.internal.WebUIKeywordMain.stepFailed(WebUIKeywordMain.groovy:64)
	at com.kms.katalon.core.webui.keyword.internal.WebUIKeywordMain.runKeyword(WebUIKeywordMain.groovy:26)
	at com.kms.katalon.core.webui.keyword.builtin.ClickKeyword.click(ClickKeyword.groovy:76)
	at com.kms.katalon.core.webui.keyword.builtin.ClickKeyword.execute(ClickKeyword.groovy:43)
	at com.kms.katalon.core.keyword.internal.KeywordExecutor.executeKeywordForPlatform(KeywordExecutor.groovy:72)
	at com.kms.katalon.core.webui.keyword.WebUiBuiltInKeywords.click(WebUiBuiltInKeywords.groovy:616)
	at com.kms.katalon.core.webui.keyword.WebUiBuiltInKeywords$click$3.call(Unknown Source)
	at TC_RgisterUserAdd(WatchList).run(TC_RgisterUserAdd(WatchList):49)
	at com.kms.katalon.core.main.ScriptEngine.run(ScriptEngine.java:194)
	at com.kms.katalon.core.main.ScriptEngine.runScriptAsRawText(ScriptEngine.java:119)
	at com.kms.katalon.core.main.TestCaseExecutor.runScript(TestCaseExecutor.java:337)
	at com.kms.katalon.core.main.TestCaseExecutor.doExecute(TestCaseExecutor.java:328)
	at com.kms.katalon.core.main.TestCaseExecutor.processExecutionPhase(TestCaseExecutor.java:307)
	at com.kms.katalon.core.main.TestCaseExecutor.accessMainPhase(TestCaseExecutor.java:299)
	at com.kms.katalon.core.main.TestCaseExecutor.execute(TestCaseExecutor.java:233)
	at com.kms.katalon.core.main.TestSuiteExecutor.accessTestCaseMainPhase(TestSuiteExecutor.java:169)
	at com.kms.katalon.core.main.TestSuiteExecutor.accessTestSuiteMainPhase(TestSuiteExecutor.java:142)
	at com.kms.katalon.core.main.TestSuiteExecutor.execute(TestSuiteExecutor.java:91)
	at com.kms.katalon.core.main.TestCaseMain.startTestSuite(TestCaseMain.java:157)
	at com.kms.katalon.core.main.TestCaseMain$startTestSuite$0.call(Unknown Source)
	at TempTestSuite1586202163582.run(TempTestSuite1586202163582.groovy:36)
Caused by: com.kms.katalon.core.webui.exception.WebElementNotFoundException: Web element with id: 'Object Repository/Front End Objects/RegisterUserAdd(WatchList)/Page_Chiragh - Home/div_Property has been added to your Watch List' located by 'By.xpath: (.//*[normalize-space(text()) and normalize-space(.)='Terms & Conditions'])[1]/following::div[3]' not found
	at com.kms.katalon.core.webui.common.WebUiCommonHelper.findWebElement(WebUiCommonHelper.java:1154)
	at com.kms.katalon.core.webui.keyword.internal.WebUIAbstractKeyword.findWebElement(WebUIAbstractKeyword.groovy:27)
	at com.kms.katalon.core.webui.keyword.internal.WebUIAbstractKeyword.findWebElement(WebUIAbstractKeyword.groovy:26)
	at com.kms.katalon.core.webui.keyword.builtin.ClickKeyword$_click_closure1.doCall(ClickKeyword.groovy:67)
	at com.kms.katalon.core.webui.keyword.builtin.ClickKeyword$_click_closure1.call(ClickKeyword.groovy)
	at com.kms.katalon.core.webui.keyword.internal.WebUIKeywordMain.runKeyword(WebUIKeywordMain.groovy:20)
	at com.kms.katalon.core.webui.keyword.builtin.ClickKeyword.click(ClickKeyword.groovy:76)
	at com.kms.katalon.core.webui.keyword.builtin.ClickKeyword.execute(ClickKeyword.groovy:43)
	at com.kms.katalon.core.keyword.internal.KeywordExecutor.executeKeywordForPlatform(KeywordExecutor.groovy:72)
	at com.kms.katalon.core.webui.keyword.WebUiBuiltInKeywords.click(WebUiBuiltInKeywords.groovy:616)
	at com.kms.katalon.core.webui.keyword.WebUiBuiltInKeywords$click$3.call(Unknown Source)
	at Script1585818448014.run(Script1585818448014.groovy:49)
	... 13 more
)

2020-04-07 01:14:00 - [MESSAGE][INFO] - Unable to find the element located by 'By.xpath: (.//*[normalize-space(text()) and normalize-space(.)='Terms & Conditions'])[1]/following::div[3]'. Please recheck the objects properties to make sure the desired element is located. 

2020-04-07 01:14:01 - [MESSAGE][FAILED] - Unable to click on object 'Object Repository/Front End Objects/RegisterUserAdd(WatchList)/Page_Chiragh - Home/div_Property has been added to your Watch List' (Root cause: com.kms.katalon.core.exception.StepFailedException: Unable to click on object 'Object Repository/Front End Objects/RegisterUserAdd(WatchList)/Page_Chiragh - Home/div_Property has been added to your Watch List'
	at com.kms.katalon.core.webui.keyword.internal.WebUIKeywordMain.stepFailed(WebUIKeywordMain.groovy:64)
	at com.kms.katalon.core.webui.keyword.internal.WebUIKeywordMain.runKeyword(WebUIKeywordMain.groovy:26)
	at com.kms.katalon.core.webui.keyword.builtin.ClickKeyword.click(ClickKeyword.groovy:76)
	at com.kms.katalon.core.webui.keyword.builtin.ClickKeyword.execute(ClickKeyword.groovy:43)
	at com.kms.katalon.core.keyword.internal.KeywordExecutor.executeKeywordForPlatform(KeywordExecutor.groovy:72)
	at com.kms.katalon.core.webui.keyword.WebUiBuiltInKeywords.click(WebUiBuiltInKeywords.groovy:616)
	at com.kms.katalon.core.webui.keyword.WebUiBuiltInKeywords$click$3.call(Unknown Source)
	at TC_RgisterUserAdd(WatchList).run(TC_RgisterUserAdd(WatchList):49)
	at com.kms.katalon.core.main.ScriptEngine.run(ScriptEngine.java:194)
	at com.kms.katalon.core.main.ScriptEngine.runScriptAsRawText(ScriptEngine.java:119)
	at com.kms.katalon.core.main.TestCaseExecutor.runScript(TestCaseExecutor.java:337)
	at com.kms.katalon.core.main.TestCaseExecutor.doExecute(TestCaseExecutor.java:328)
	at com.kms.katalon.core.main.TestCaseExecutor.processExecutionPhase(TestCaseExecutor.java:307)
	at com.kms.katalon.core.main.TestCaseExecutor.accessMainPhase(TestCaseExecutor.java:299)
	at com.kms.katalon.core.main.TestCaseExecutor.execute(TestCaseExecutor.java:233)
	at com.kms.katalon.core.main.TestSuiteExecutor.accessTestCaseMainPhase(TestSuiteExecutor.java:169)
	at com.kms.katalon.core.main.TestSuiteExecutor.accessTestSuiteMainPhase(TestSuiteExecutor.java:142)
	at com.kms.katalon.core.main.TestSuiteExecutor.execute(TestSuiteExecutor.java:91)
	at com.kms.katalon.core.main.TestCaseMain.startTestSuite(TestCaseMain.java:157)
	at com.kms.katalon.core.main.TestCaseMain$startTestSuite$0.call(Unknown Source)
	at TempTestSuite1586202163582.run(TempTestSuite1586202163582.groovy:36)
Caused by: com.kms.katalon.core.webui.exception.WebElementNotFoundException: Web element with id: 'Object Repository/Front End Objects/RegisterUserAdd(WatchList)/Page_Chiragh - Home/div_Property has been added to your Watch List' located by 'By.xpath: (.//*[normalize-space(text()) and normalize-space(.)='Terms & Conditions'])[1]/following::div[3]' not found
	at com.kms.katalon.core.webui.common.WebUiCommonHelper.findWebElement(WebUiCommonHelper.java:1154)
	at com.kms.katalon.core.webui.keyword.internal.WebUIAbstractKeyword.findWebElement(WebUIAbstractKeyword.groovy:27)
	at com.kms.katalon.core.webui.keyword.internal.WebUIAbstractKeyword.findWebElement(WebUIAbstractKeyword.groovy:26)
	at com.kms.katalon.core.webui.keyword.builtin.ClickKeyword$_click_closure1.doCall(ClickKeyword.groovy:67)
	at com.kms.katalon.core.webui.keyword.builtin.ClickKeyword$_click_closure1.call(ClickKeyword.groovy)
	at com.kms.katalon.core.webui.keyword.internal.WebUIKeywordMain.runKeyword(WebUIKeywordMain.groovy:20)
	at com.kms.katalon.core.webui.keyword.builtin.ClickKeyword.click(ClickKeyword.groovy:76)
	at com.kms.katalon.core.webui.keyword.builtin.ClickKeyword.execute(ClickKeyword.groovy:43)
	at com.kms.katalon.core.keyword.internal.KeywordExecutor.executeKeywordForPlatform(KeywordExecutor.groovy:72)
	at com.kms.katalon.core.webui.keyword.WebUiBuiltInKeywords.click(WebUiBuiltInKeywords.groovy:616)
	at com.kms.katalon.core.webui.keyword.WebUiBuiltInKeywords$click$3.call(Unknown Source)
	at Script1585818448014.run(Script1585818448014.groovy:49)
	... 13 more
)
[[ATTACHMENT|C:\\Users\\hp\\git\\chiraghAdminPanel\\Reports\\20200407_004243\\ChiraghWeb_FrontEnd_SmokeTests\\20200407_004243\\1586204040941.png]]

2020-04-07 01:14:03 - [TEST_STEP][PASSED] - Video: Video recording for test case 'Test Cases/Front End/TC_RgisterUserAdd(WatchList)' .

2020-04-07 01:14:03 - [MESSAGE][INFO] - Video recording for test case 'Test Cases/Front End/TC_RgisterUserAdd(WatchList)' .
[[ATTACHMENT|C:\\Users\\hp\\git\\chiraghAdminPanel\\Reports\\20200407_004243\\ChiraghWeb_FrontEnd_SmokeTests\\20200407_004243/videos\\test_16.mov]]]]></system-out>
         <system-err><![CDATA[2020-04-07 01:11:46 - [TEST_CASE][FAILED] - Test Cases/Front End/TC_RgisterUserAdd(WatchList): Test Cases/Front End/TC_RgisterUserAdd(WatchList) FAILED.
Reason:
com.kms.katalon.core.exception.StepFailedException: Unable to click on object 'Object Repository/Front End Objects/RegisterUserAdd(WatchList)/Page_Chiragh - Home/div_Property has been added to your Watch List'
	at com.kms.katalon.core.webui.keyword.internal.WebUIKeywordMain.stepFailed(WebUIKeywordMain.groovy:64)
	at com.kms.katalon.core.webui.keyword.internal.WebUIKeywordMain.runKeyword(WebUIKeywordMain.groovy:26)
	at com.kms.katalon.core.webui.keyword.builtin.ClickKeyword.click(ClickKeyword.groovy:76)
	at com.kms.katalon.core.webui.keyword.builtin.ClickKeyword.execute(ClickKeyword.groovy:43)
	at com.kms.katalon.core.keyword.internal.KeywordExecutor.executeKeywordForPlatform(KeywordExecutor.groovy:72)
	at com.kms.katalon.core.webui.keyword.WebUiBuiltInKeywords.click(WebUiBuiltInKeywords.groovy:616)
	at com.kms.katalon.core.webui.keyword.WebUiBuiltInKeywords$click$3.call(Unknown Source)
	at TC_RgisterUserAdd(WatchList).run(TC_RgisterUserAdd(WatchList):49)
	at com.kms.katalon.core.main.ScriptEngine.run(ScriptEngine.java:194)
	at com.kms.katalon.core.main.ScriptEngine.runScriptAsRawText(ScriptEngine.java:119)
	at com.kms.katalon.core.main.TestCaseExecutor.runScript(TestCaseExecutor.java:337)
	at com.kms.katalon.core.main.TestCaseExecutor.doExecute(TestCaseExecutor.java:328)
	at com.kms.katalon.core.main.TestCaseExecutor.processExecutionPhase(TestCaseExecutor.java:307)
	at com.kms.katalon.core.main.TestCaseExecutor.accessMainPhase(TestCaseExecutor.java:299)
	at com.kms.katalon.core.main.TestCaseExecutor.execute(TestCaseExecutor.java:233)
	at com.kms.katalon.core.main.TestSuiteExecutor.accessTestCaseMainPhase(TestSuiteExecutor.java:169)
	at com.kms.katalon.core.main.TestSuiteExecutor.accessTestSuiteMainPhase(TestSuiteExecutor.java:142)
	at com.kms.katalon.core.main.TestSuiteExecutor.execute(TestSuiteExecutor.java:91)
	at com.kms.katalon.core.main.TestCaseMain.startTestSuite(TestCaseMain.java:157)
	at com.kms.katalon.core.main.TestCaseMain$startTestSuite$0.call(Unknown Source)
	at TempTestSuite1586202163582.run(TempTestSuite1586202163582.groovy:36)
Caused by: com.kms.katalon.core.webui.exception.WebElementNotFoundException: Web element with id: 'Object Repository/Front End Objects/RegisterUserAdd(WatchList)/Page_Chiragh - Home/div_Property has been added to your Watch List' located by 'By.xpath: (.//*[normalize-space(text()) and normalize-space(.)='Terms & Conditions'])[1]/following::div[3]' not found
	at com.kms.katalon.core.webui.common.WebUiCommonHelper.findWebElement(WebUiCommonHelper.java:1154)
	at com.kms.katalon.core.webui.keyword.internal.WebUIAbstractKeyword.findWebElement(WebUIAbstractKeyword.groovy:27)
	at com.kms.katalon.core.webui.keyword.internal.WebUIAbstractKeyword.findWebElement(WebUIAbstractKeyword.groovy:26)
	at com.kms.katalon.core.webui.keyword.builtin.ClickKeyword$_click_closure1.doCall(ClickKeyword.groovy:67)
	at com.kms.katalon.core.webui.keyword.builtin.ClickKeyword$_click_closure1.call(ClickKeyword.groovy)
	at com.kms.katalon.core.webui.keyword.internal.WebUIKeywordMain.runKeyword(WebUIKeywordMain.groovy:20)
	... 19 more]]></system-err>
      </testcase>
      <testcase name="Test Cases/Front End/TC_Subscribe_010" time="43.657" classname="Test Cases/Front End/TC_Subscribe_010" status="PASSED">
         <system-out><![CDATA[2020-04-07 01:14:03 - [TEST_CASE][PASSED] - Test Cases/Front End/TC_Subscribe_010: Test Cases/Front End/TC_Subscribe_010

2020-04-07 01:14:04 - [TEST_STEP][PASSED] - openBrowser(""): Browser is opened with url: ''

2020-04-07 01:14:04 - [MESSAGE][WARNING] - A browser is already opened. Closing browser and opening a new one

2020-04-07 01:14:04 - [MESSAGE][INFO] - Starting 'Chrome' driver

2020-04-07 01:14:10 - [MESSAGE][PASSED] - Browser is opened with url: ''

2020-04-07 01:14:10 - [TEST_STEP][PASSED] - navigateToUrl(Url): Navigate to 'http://test.chiragh.com' successfully

2020-04-07 01:14:41 - [MESSAGE][PASSED] - Navigate to 'http://test.chiragh.com' successfully

2020-04-07 01:14:41 - [TEST_STEP][PASSED] - waitForPageLoad(20): Wait for page load successfully

2020-04-07 01:14:41 - [MESSAGE][PASSED] - Wait for page load successfully

2020-04-07 01:14:41 - [TEST_STEP][PASSED] - scrollToElement(findTestObject("Front End Objects/Subscribe/Page_Chiragh - Home/input_Newsletter_email"), 5): Scroll to object 'Object Repository/Front End Objects/Subscribe/Page_Chiragh - Home/input_Newsletter_email' successfully

2020-04-07 01:14:42 - [MESSAGE][PASSED] - Scroll to object 'Object Repository/Front End Objects/Subscribe/Page_Chiragh - Home/input_Newsletter_email' successfully

2020-04-07 01:14:42 - [TEST_STEP][PASSED] - email = RandomStringUtils.randomAlphanumeric(9): null

2020-04-07 01:14:42 - [TEST_STEP][PASSED] - setText(findTestObject("Object Repository/Front End Objects/Subscribe/Page_Chiragh - Home/input_Newsletter_email"), email + "@gmail.com"): Text 'ECon1uF0r@gmail.com' is set on object 'Object Repository/Front End Objects/Subscribe/Page_Chiragh - Home/input_Newsletter_email'

2020-04-07 01:14:43 - [MESSAGE][PASSED] - Text 'ECon1uF0r@gmail.com' is set on object 'Object Repository/Front End Objects/Subscribe/Page_Chiragh - Home/input_Newsletter_email'

2020-04-07 01:14:43 - [TEST_STEP][PASSED] - click(findTestObject("Object Repository/Front End Objects/Subscribe/Page_Chiragh - Home/button_Subscribe")): Object: 'Object Repository/Front End Objects/Subscribe/Page_Chiragh - Home/button_Subscribe' is clicked on

2020-04-07 01:14:43 - [MESSAGE][PASSED] - Object: 'Object Repository/Front End Objects/Subscribe/Page_Chiragh - Home/button_Subscribe' is clicked on

2020-04-07 01:14:43 - [TEST_STEP][PASSED] - verifyElementPresent(findTestObject("Object Repository/Front End Objects/Subscribe/Page_Chiragh - Home/div_You are now subscribed to our Newslette_4ff70c"), 5): Object 'Object Repository/Front End Objects/Subscribe/Page_Chiragh - Home/div_You are now subscribed to our Newslette_4ff70c' is present

2020-04-07 01:14:44 - [MESSAGE][PASSED] - Object 'Object Repository/Front End Objects/Subscribe/Page_Chiragh - Home/div_You are now subscribed to our Newslette_4ff70c' is present

2020-04-07 01:14:44 - [TEST_STEP][PASSED] - closeBrowser(): Browser is closed

2020-04-07 01:14:45 - [MESSAGE][PASSED] - Browser is closed

2020-04-07 01:14:47 - [TEST_STEP][PASSED] - Video: Video recording for test case 'Test Cases/Front End/TC_Subscribe_010' .

2020-04-07 01:14:47 - [MESSAGE][INFO] - Video recording for test case 'Test Cases/Front End/TC_Subscribe_010' .
[[ATTACHMENT|C:\\Users\\hp\\git\\chiraghAdminPanel\\Reports\\20200407_004243\\ChiraghWeb_FrontEnd_SmokeTests\\20200407_004243/videos\\test_17.mov]]]]></system-out>
         <system-err><![CDATA[]]></system-err>
      </testcase>
      <testcase name="Test Cases/Front End/TC_TopUP(AED)_003" time="116.79" classname="Test Cases/Front End/TC_TopUP(AED)_003" status="PASSED">
         <system-out><![CDATA[2020-04-07 01:14:47 - [TEST_CASE][PASSED] - Test Cases/Front End/TC_TopUP(AED)_003: Test Cases/Front End/TC_TopUP(AED)_003

2020-04-07 01:14:47 - [TEST_STEP][PASSED] - openBrowser(""): Browser is opened with url: ''

2020-04-07 01:14:47 - [MESSAGE][INFO] - Starting 'Chrome' driver

2020-04-07 01:14:52 - [MESSAGE][PASSED] - Browser is opened with url: ''

2020-04-07 01:14:52 - [TEST_STEP][PASSED] - navigateToUrl(Url): Navigate to 'http://test.chiragh.com' successfully

2020-04-07 01:15:45 - [MESSAGE][PASSED] - Navigate to 'http://test.chiragh.com' successfully

2020-04-07 01:15:45 - [TEST_STEP][PASSED] - waitForPageLoad(15): Wait for page load successfully

2020-04-07 01:15:45 - [MESSAGE][PASSED] - Wait for page load successfully

2020-04-07 01:15:45 - [TEST_STEP][PASSED] - maximizeWindow(): Current window maximized

2020-04-07 01:15:49 - [MESSAGE][PASSED] - Current window maximized

2020-04-07 01:15:49 - [TEST_STEP][PASSED] - delay(3): Delayed 3 second(s)

2020-04-07 01:15:52 - [MESSAGE][PASSED] - Delayed 3 second(s)

2020-04-07 01:15:52 - [TEST_STEP][PASSED] - click(findTestObject("Object Repository/Front End Objects/LoginWithValidCredentials/Page_Chiragh - Home/a_ENG_dropdownMenuLink")): Object: 'Object Repository/Front End Objects/LoginWithValidCredentials/Page_Chiragh - Home/a_ENG_dropdownMenuLink' is clicked on

2020-04-07 01:15:53 - [MESSAGE][PASSED] - Object: 'Object Repository/Front End Objects/LoginWithValidCredentials/Page_Chiragh - Home/a_ENG_dropdownMenuLink' is clicked on

2020-04-07 01:15:53 - [TEST_STEP][PASSED] - click(findTestObject("Object Repository/Front End Objects/LoginWithValidCredentials/Page_Chiragh - Home/a_Login")): Object: 'Object Repository/Front End Objects/LoginWithValidCredentials/Page_Chiragh - Home/a_Login' is clicked on

2020-04-07 01:15:54 - [MESSAGE][PASSED] - Object: 'Object Repository/Front End Objects/LoginWithValidCredentials/Page_Chiragh - Home/a_Login' is clicked on

2020-04-07 01:15:54 - [TEST_STEP][PASSED] - setText(findTestObject("Object Repository/Front End Objects/LoginWithValidCredentials/Page_Chiragh - Login/input_Username_un"), userName): Text 'AUTOCHIRAGH' is set on object 'Object Repository/Front End Objects/LoginWithValidCredentials/Page_Chiragh - Login/input_Username_un'

2020-04-07 01:15:55 - [MESSAGE][PASSED] - Text 'AUTOCHIRAGH' is set on object 'Object Repository/Front End Objects/LoginWithValidCredentials/Page_Chiragh - Login/input_Username_un'

2020-04-07 01:15:55 - [TEST_STEP][PASSED] - setEncryptedText(findTestObject("Object Repository/Front End Objects/LoginWithValidCredentials/Page_Chiragh - Login/input_Password_userPassword"), "RigbBhfdqOBDK95asqKeHw=="): Text ****** has been set on object 'Object Repository/Front End Objects/LoginWithValidCredentials/Page_Chiragh - Login/input_Password_userPassword'

2020-04-07 01:15:55 - [MESSAGE][PASSED] - Text ****** has been set on object 'Object Repository/Front End Objects/LoginWithValidCredentials/Page_Chiragh - Login/input_Password_userPassword'

2020-04-07 01:15:55 - [TEST_STEP][PASSED] - click(findTestObject("Object Repository/Front End Objects/LoginWithValidCredentials/Page_Chiragh - Login/button_Log In")): Object: 'Object Repository/Front End Objects/LoginWithValidCredentials/Page_Chiragh - Login/button_Log In' is clicked on

2020-04-07 01:15:56 - [MESSAGE][PASSED] - Object: 'Object Repository/Front End Objects/LoginWithValidCredentials/Page_Chiragh - Login/button_Log In' is clicked on

2020-04-07 01:15:56 - [TEST_STEP][PASSED] - waitForPageLoad(15): Wait for page load successfully

2020-04-07 01:15:56 - [MESSAGE][PASSED] - Wait for page load successfully

2020-04-07 01:15:56 - [TEST_STEP][PASSED] - click(findTestObject("Object Repository/Front End Objects/LoginWithValidCredentials/Page_Chiragh - Home/a_a month ago_dropdownMenuLink")): Object: 'Object Repository/Front End Objects/LoginWithValidCredentials/Page_Chiragh - Home/a_a month ago_dropdownMenuLink' is clicked on

2020-04-07 01:16:05 - [MESSAGE][PASSED] - Object: 'Object Repository/Front End Objects/LoginWithValidCredentials/Page_Chiragh - Home/a_a month ago_dropdownMenuLink' is clicked on

2020-04-07 01:16:05 - [TEST_STEP][PASSED] - delay(5): Delayed 5 second(s)

2020-04-07 01:16:10 - [MESSAGE][PASSED] - Delayed 5 second(s)

2020-04-07 01:16:10 - [TEST_STEP][PASSED] - click(findTestObject("Object Repository/Front End Objects/LoginWithValidCredentials/Page_Chiragh - Home/a_HI AutoChiragh")): Object: 'Object Repository/Front End Objects/LoginWithValidCredentials/Page_Chiragh - Home/a_HI AutoChiragh' is clicked on

2020-04-07 01:16:10 - [MESSAGE][PASSED] - Object: 'Object Repository/Front End Objects/LoginWithValidCredentials/Page_Chiragh - Home/a_HI AutoChiragh' is clicked on

2020-04-07 01:16:10 - [TEST_STEP][PASSED] - click(findTestObject("Front End Objects/TopUp(AED)/Page_Chiragh - Dashborad Home/a_My Wallet")): Object: 'Object Repository/Front End Objects/TopUp(AED)/Page_Chiragh - Dashborad Home/a_My Wallet' is clicked on

2020-04-07 01:16:12 - [MESSAGE][PASSED] - Object: 'Object Repository/Front End Objects/TopUp(AED)/Page_Chiragh - Dashborad Home/a_My Wallet' is clicked on

2020-04-07 01:16:12 - [TEST_STEP][PASSED] - click(findTestObject("Front End Objects/TopUp(AED)/Page_Chiragh - User Account Summary/a_Make a Transaction")): Object: 'Object Repository/Front End Objects/TopUp(AED)/Page_Chiragh - User Account Summary/a_Make a Transaction' is clicked on

2020-04-07 01:16:18 - [MESSAGE][PASSED] - Object: 'Object Repository/Front End Objects/TopUp(AED)/Page_Chiragh - User Account Summary/a_Make a Transaction' is clicked on

2020-04-07 01:16:18 - [TEST_STEP][PASSED] - delay(3): Delayed 3 second(s)

2020-04-07 01:16:21 - [MESSAGE][PASSED] - Delayed 3 second(s)

2020-04-07 01:16:21 - [TEST_STEP][PASSED] - setText(findTestObject("Front End Objects/TopUp(AED)/Page_Chiragh - Transaction Top Up/input_Chiragh Wallet _amount"), "1000"): Text '1000' is set on object 'Object Repository/Front End Objects/TopUp(AED)/Page_Chiragh - Transaction Top Up/input_Chiragh Wallet _amount'

2020-04-07 01:16:22 - [MESSAGE][PASSED] - Text '1000' is set on object 'Object Repository/Front End Objects/TopUp(AED)/Page_Chiragh - Transaction Top Up/input_Chiragh Wallet _amount'

2020-04-07 01:16:22 - [TEST_STEP][PASSED] - delay(5): Delayed 5 second(s)

2020-04-07 01:16:27 - [MESSAGE][PASSED] - Delayed 5 second(s)

2020-04-07 01:16:27 - [TEST_STEP][PASSED] - click(findTestObject("Front End Objects/TopUp(AED)/Page_Chiragh - Transaction Top Up/select_ChiraghBank")): Object: 'Object Repository/Front End Objects/TopUp(AED)/Page_Chiragh - Transaction Top Up/select_ChiraghBank' is clicked on

2020-04-07 01:16:27 - [MESSAGE][PASSED] - Object: 'Object Repository/Front End Objects/TopUp(AED)/Page_Chiragh - Transaction Top Up/select_ChiraghBank' is clicked on

2020-04-07 01:16:27 - [TEST_STEP][PASSED] - click(findTestObject("Front End Objects/TopUp(AED)/Page_Chiragh - Transaction Top Up/BankOption1")): Object: 'Object Repository/Front End Objects/TopUp(AED)/Page_Chiragh - Transaction Top Up/BankOption1' is clicked on

2020-04-07 01:16:28 - [MESSAGE][PASSED] - Object: 'Object Repository/Front End Objects/TopUp(AED)/Page_Chiragh - Transaction Top Up/BankOption1' is clicked on

2020-04-07 01:16:28 - [TEST_STEP][PASSED] - setText(findTestObject("Front End Objects/TopUp(AED)/Page_Chiragh - Transaction Top Up/input_Transaction ID _transact"), "676767"): Text '676767' is set on object 'Object Repository/Front End Objects/TopUp(AED)/Page_Chiragh - Transaction Top Up/input_Transaction ID _transact'

2020-04-07 01:16:31 - [MESSAGE][PASSED] - Text '676767' is set on object 'Object Repository/Front End Objects/TopUp(AED)/Page_Chiragh - Transaction Top Up/input_Transaction ID _transact'

2020-04-07 01:16:31 - [TEST_STEP][PASSED] - uploadFile(findTestObject("Front End Objects/TopUp(AED)/Page_Chiragh - Transaction Top Up/UploadReceipt"), "C:\Users\HP\git\chiraghAdminPanel\Include\PropertyImages\1584693242612-Scanned_Passport_Copy.png"): File 'C:\Users\HP\git\chiraghAdminPanel\Include\PropertyImages\1584693242612-Scanned_Passport_Copy.png' sent to object: 'Object Repository/Front End Objects/TopUp(AED)/Page_Chiragh - Transaction Top Up/UploadReceipt'

2020-04-07 01:16:32 - [MESSAGE][PASSED] - File 'C:\Users\HP\git\chiraghAdminPanel\Include\PropertyImages\1584693242612-Scanned_Passport_Copy.png' sent to object: 'Object Repository/Front End Objects/TopUp(AED)/Page_Chiragh - Transaction Top Up/UploadReceipt'

2020-04-07 01:16:32 - [TEST_STEP][PASSED] - delay(5): Delayed 5 second(s)

2020-04-07 01:16:37 - [MESSAGE][PASSED] - Delayed 5 second(s)

2020-04-07 01:16:37 - [TEST_STEP][PASSED] - scrollToElement(findTestObject("Front End Objects/TopUp(AED)/Page_Chiragh - Transaction Top Up/checkbox"), 5): Scroll to object 'Object Repository/Front End Objects/TopUp(AED)/Page_Chiragh - Transaction Top Up/checkbox' successfully

2020-04-07 01:16:37 - [MESSAGE][PASSED] - Scroll to object 'Object Repository/Front End Objects/TopUp(AED)/Page_Chiragh - Transaction Top Up/checkbox' successfully

2020-04-07 01:16:37 - [TEST_STEP][PASSED] - click(findTestObject("Front End Objects/TopUp(AED)/Page_Chiragh - Transaction Top Up/div_I agree with Chiragh Walle")): Object: 'Object Repository/Front End Objects/TopUp(AED)/Page_Chiragh - Transaction Top Up/div_I agree with Chiragh Walle' is clicked on

2020-04-07 01:16:37 - [MESSAGE][PASSED] - Object: 'Object Repository/Front End Objects/TopUp(AED)/Page_Chiragh - Transaction Top Up/div_I agree with Chiragh Walle' is clicked on

2020-04-07 01:16:37 - [TEST_STEP][PASSED] - delay(2): Delayed 2 second(s)

2020-04-07 01:16:39 - [MESSAGE][PASSED] - Delayed 2 second(s)

2020-04-07 01:16:39 - [TEST_STEP][PASSED] - click(findTestObject("Front End Objects/TopUp(AED)/Page_Chiragh - Transaction Top Up/button_SEND REQUEST")): Object: 'Object Repository/Front End Objects/TopUp(AED)/Page_Chiragh - Transaction Top Up/button_SEND REQUEST' is clicked on

2020-04-07 01:16:40 - [MESSAGE][PASSED] - Object: 'Object Repository/Front End Objects/TopUp(AED)/Page_Chiragh - Transaction Top Up/button_SEND REQUEST' is clicked on

2020-04-07 01:16:40 - [TEST_STEP][PASSED] - delay(1): Delayed 1 second(s)

2020-04-07 01:16:41 - [MESSAGE][PASSED] - Delayed 1 second(s)

2020-04-07 01:16:41 - [TEST_STEP][PASSED] - verifyElementPresent(findTestObject("Front End Objects/TopUp(AED)/Page_Chiragh - Transaction Top Up/div_TOP UP REQUEST SUBMITTED S"), 3): Object 'Object Repository/Front End Objects/TopUp(AED)/Page_Chiragh - Transaction Top Up/div_TOP UP REQUEST SUBMITTED S' is present

2020-04-07 01:16:41 - [MESSAGE][PASSED] - Object 'Object Repository/Front End Objects/TopUp(AED)/Page_Chiragh - Transaction Top Up/div_TOP UP REQUEST SUBMITTED S' is present

2020-04-07 01:16:41 - [TEST_STEP][PASSED] - closeBrowser(): Browser is closed

2020-04-07 01:16:42 - [MESSAGE][PASSED] - Browser is closed

2020-04-07 01:16:44 - [TEST_STEP][PASSED] - Video: Video recording for test case 'Test Cases/Front End/TC_TopUP(AED)_003' .

2020-04-07 01:16:44 - [MESSAGE][INFO] - Video recording for test case 'Test Cases/Front End/TC_TopUP(AED)_003' .
[[ATTACHMENT|C:\\Users\\hp\\git\\chiraghAdminPanel\\Reports\\20200407_004243\\ChiraghWeb_FrontEnd_SmokeTests\\20200407_004243/videos\\test_18.mov]]]]></system-out>
         <system-err><![CDATA[]]></system-err>
      </testcase>
      <testcase name="Test Cases/Front End/TC_TopUP(EUR)_004" time="106.526" classname="Test Cases/Front End/TC_TopUP(EUR)_004" status="PASSED">
         <system-out><![CDATA[2020-04-07 01:16:44 - [TEST_CASE][PASSED] - Test Cases/Front End/TC_TopUP(EUR)_004: Test Cases/Front End/TC_TopUP(EUR)_004

2020-04-07 01:16:44 - [TEST_STEP][PASSED] - openBrowser(""): Browser is opened with url: ''

2020-04-07 01:16:44 - [MESSAGE][INFO] - Starting 'Chrome' driver

2020-04-07 01:16:49 - [MESSAGE][PASSED] - Browser is opened with url: ''

2020-04-07 01:16:49 - [TEST_STEP][PASSED] - navigateToUrl(Url): Navigate to 'http://test.chiragh.com' successfully

2020-04-07 01:17:29 - [MESSAGE][PASSED] - Navigate to 'http://test.chiragh.com' successfully

2020-04-07 01:17:29 - [TEST_STEP][PASSED] - waitForPageLoad(15): Wait for page load successfully

2020-04-07 01:17:29 - [MESSAGE][PASSED] - Wait for page load successfully

2020-04-07 01:17:29 - [TEST_STEP][PASSED] - maximizeWindow(): Current window maximized

2020-04-07 01:17:34 - [MESSAGE][PASSED] - Current window maximized

2020-04-07 01:17:34 - [TEST_STEP][PASSED] - delay(3): Delayed 3 second(s)

2020-04-07 01:17:37 - [MESSAGE][PASSED] - Delayed 3 second(s)

2020-04-07 01:17:37 - [TEST_STEP][PASSED] - click(findTestObject("Object Repository/Front End Objects/LoginWithValidCredentials/Page_Chiragh - Home/a_ENG_dropdownMenuLink")): Object: 'Object Repository/Front End Objects/LoginWithValidCredentials/Page_Chiragh - Home/a_ENG_dropdownMenuLink' is clicked on

2020-04-07 01:17:37 - [MESSAGE][PASSED] - Object: 'Object Repository/Front End Objects/LoginWithValidCredentials/Page_Chiragh - Home/a_ENG_dropdownMenuLink' is clicked on

2020-04-07 01:17:37 - [TEST_STEP][PASSED] - click(findTestObject("Object Repository/Front End Objects/LoginWithValidCredentials/Page_Chiragh - Home/a_Login")): Object: 'Object Repository/Front End Objects/LoginWithValidCredentials/Page_Chiragh - Home/a_Login' is clicked on

2020-04-07 01:17:38 - [MESSAGE][PASSED] - Object: 'Object Repository/Front End Objects/LoginWithValidCredentials/Page_Chiragh - Home/a_Login' is clicked on

2020-04-07 01:17:38 - [TEST_STEP][PASSED] - setText(findTestObject("Object Repository/Front End Objects/LoginWithValidCredentials/Page_Chiragh - Login/input_Username_un"), userName): Text 'AUTOCHIRAGH' is set on object 'Object Repository/Front End Objects/LoginWithValidCredentials/Page_Chiragh - Login/input_Username_un'

2020-04-07 01:17:39 - [MESSAGE][PASSED] - Text 'AUTOCHIRAGH' is set on object 'Object Repository/Front End Objects/LoginWithValidCredentials/Page_Chiragh - Login/input_Username_un'

2020-04-07 01:17:39 - [TEST_STEP][PASSED] - setEncryptedText(findTestObject("Object Repository/Front End Objects/LoginWithValidCredentials/Page_Chiragh - Login/input_Password_userPassword"), "RigbBhfdqOBDK95asqKeHw=="): Text ****** has been set on object 'Object Repository/Front End Objects/LoginWithValidCredentials/Page_Chiragh - Login/input_Password_userPassword'

2020-04-07 01:17:39 - [MESSAGE][PASSED] - Text ****** has been set on object 'Object Repository/Front End Objects/LoginWithValidCredentials/Page_Chiragh - Login/input_Password_userPassword'

2020-04-07 01:17:39 - [TEST_STEP][PASSED] - click(findTestObject("Object Repository/Front End Objects/LoginWithValidCredentials/Page_Chiragh - Login/button_Log In")): Object: 'Object Repository/Front End Objects/LoginWithValidCredentials/Page_Chiragh - Login/button_Log In' is clicked on

2020-04-07 01:17:40 - [MESSAGE][PASSED] - Object: 'Object Repository/Front End Objects/LoginWithValidCredentials/Page_Chiragh - Login/button_Log In' is clicked on

2020-04-07 01:17:40 - [TEST_STEP][PASSED] - waitForPageLoad(15): Wait for page load successfully

2020-04-07 01:17:40 - [MESSAGE][PASSED] - Wait for page load successfully

2020-04-07 01:17:40 - [TEST_STEP][PASSED] - click(findTestObject("Object Repository/Front End Objects/LoginWithValidCredentials/Page_Chiragh - Home/a_a month ago_dropdownMenuLink")): Object: 'Object Repository/Front End Objects/LoginWithValidCredentials/Page_Chiragh - Home/a_a month ago_dropdownMenuLink' is clicked on

2020-04-07 01:17:47 - [MESSAGE][PASSED] - Object: 'Object Repository/Front End Objects/LoginWithValidCredentials/Page_Chiragh - Home/a_a month ago_dropdownMenuLink' is clicked on

2020-04-07 01:17:47 - [TEST_STEP][PASSED] - delay(5): Delayed 5 second(s)

2020-04-07 01:17:52 - [MESSAGE][PASSED] - Delayed 5 second(s)

2020-04-07 01:17:52 - [TEST_STEP][PASSED] - click(findTestObject("Object Repository/Front End Objects/LoginWithValidCredentials/Page_Chiragh - Home/a_HI AutoChiragh")): Object: 'Object Repository/Front End Objects/LoginWithValidCredentials/Page_Chiragh - Home/a_HI AutoChiragh' is clicked on

2020-04-07 01:17:53 - [MESSAGE][PASSED] - Object: 'Object Repository/Front End Objects/LoginWithValidCredentials/Page_Chiragh - Home/a_HI AutoChiragh' is clicked on

2020-04-07 01:17:53 - [TEST_STEP][PASSED] - click(findTestObject("Front End Objects/TopUp(AED)/Page_Chiragh - Dashborad Home/a_My Wallet")): Object: 'Object Repository/Front End Objects/TopUp(AED)/Page_Chiragh - Dashborad Home/a_My Wallet' is clicked on

2020-04-07 01:18:03 - [MESSAGE][PASSED] - Object: 'Object Repository/Front End Objects/TopUp(AED)/Page_Chiragh - Dashborad Home/a_My Wallet' is clicked on

2020-04-07 01:18:03 - [TEST_STEP][PASSED] - click(findTestObject("Front End Objects/TopUp(AED)/Page_Chiragh - User Account Summary/a_Make a Transaction")): Object: 'Object Repository/Front End Objects/TopUp(AED)/Page_Chiragh - User Account Summary/a_Make a Transaction' is clicked on

2020-04-07 01:18:03 - [MESSAGE][PASSED] - Object: 'Object Repository/Front End Objects/TopUp(AED)/Page_Chiragh - User Account Summary/a_Make a Transaction' is clicked on

2020-04-07 01:18:03 - [TEST_STEP][PASSED] - delay(3): Delayed 3 second(s)

2020-04-07 01:18:06 - [MESSAGE][PASSED] - Delayed 3 second(s)

2020-04-07 01:18:06 - [TEST_STEP][PASSED] - setText(findTestObject("Front End Objects/TopUp(AED)/Page_Chiragh - Transaction Top Up/input_Chiragh Wallet _amount"), "1000"): Text '1000' is set on object 'Object Repository/Front End Objects/TopUp(AED)/Page_Chiragh - Transaction Top Up/input_Chiragh Wallet _amount'

2020-04-07 01:18:08 - [MESSAGE][PASSED] - Text '1000' is set on object 'Object Repository/Front End Objects/TopUp(AED)/Page_Chiragh - Transaction Top Up/input_Chiragh Wallet _amount'

2020-04-07 01:18:08 - [TEST_STEP][PASSED] - click(findTestObject("Object Repository/Front End Objects/TopUp(AED)/Page_Chiragh - Transaction Top Up/select_USD AED EUR")): Object: 'Object Repository/Front End Objects/TopUp(AED)/Page_Chiragh - Transaction Top Up/select_USD AED EUR' is clicked on

2020-04-07 01:18:09 - [MESSAGE][PASSED] - Object: 'Object Repository/Front End Objects/TopUp(AED)/Page_Chiragh - Transaction Top Up/select_USD AED EUR' is clicked on

2020-04-07 01:18:09 - [TEST_STEP][PASSED] - click(findTestObject("Object Repository/Front End Objects/TopUp(AED)/Page_Chiragh - Transaction Top Up/currency_EUR")): Object: 'Object Repository/Front End Objects/TopUp(AED)/Page_Chiragh - Transaction Top Up/currency_EUR' is clicked on

2020-04-07 01:18:09 - [MESSAGE][PASSED] - Object: 'Object Repository/Front End Objects/TopUp(AED)/Page_Chiragh - Transaction Top Up/currency_EUR' is clicked on

2020-04-07 01:18:09 - [TEST_STEP][PASSED] - delay(5): Delayed 5 second(s)

2020-04-07 01:18:14 - [MESSAGE][PASSED] - Delayed 5 second(s)

2020-04-07 01:18:14 - [TEST_STEP][PASSED] - click(findTestObject("Front End Objects/TopUp(AED)/Page_Chiragh - Transaction Top Up/select_ChiraghBank")): Object: 'Object Repository/Front End Objects/TopUp(AED)/Page_Chiragh - Transaction Top Up/select_ChiraghBank' is clicked on

2020-04-07 01:18:15 - [MESSAGE][PASSED] - Object: 'Object Repository/Front End Objects/TopUp(AED)/Page_Chiragh - Transaction Top Up/select_ChiraghBank' is clicked on

2020-04-07 01:18:15 - [TEST_STEP][PASSED] - click(findTestObject("Front End Objects/TopUp(AED)/Page_Chiragh - Transaction Top Up/BankOption1")): Object: 'Object Repository/Front End Objects/TopUp(AED)/Page_Chiragh - Transaction Top Up/BankOption1' is clicked on

2020-04-07 01:18:15 - [MESSAGE][PASSED] - Object: 'Object Repository/Front End Objects/TopUp(AED)/Page_Chiragh - Transaction Top Up/BankOption1' is clicked on

2020-04-07 01:18:15 - [TEST_STEP][PASSED] - setText(findTestObject("Front End Objects/TopUp(AED)/Page_Chiragh - Transaction Top Up/input_Transaction ID _transact"), "676767"): Text '676767' is set on object 'Object Repository/Front End Objects/TopUp(AED)/Page_Chiragh - Transaction Top Up/input_Transaction ID _transact'

2020-04-07 01:18:18 - [MESSAGE][PASSED] - Text '676767' is set on object 'Object Repository/Front End Objects/TopUp(AED)/Page_Chiragh - Transaction Top Up/input_Transaction ID _transact'

2020-04-07 01:18:18 - [TEST_STEP][PASSED] - uploadFile(findTestObject("Front End Objects/TopUp(AED)/Page_Chiragh - Transaction Top Up/UploadReceipt"), "C:\Users\HP\git\chiraghAdminPanel\Include\PropertyImages\1584693242612-Scanned_Passport_Copy.png"): File 'C:\Users\HP\git\chiraghAdminPanel\Include\PropertyImages\1584693242612-Scanned_Passport_Copy.png' sent to object: 'Object Repository/Front End Objects/TopUp(AED)/Page_Chiragh - Transaction Top Up/UploadReceipt'

2020-04-07 01:18:18 - [MESSAGE][PASSED] - File 'C:\Users\HP\git\chiraghAdminPanel\Include\PropertyImages\1584693242612-Scanned_Passport_Copy.png' sent to object: 'Object Repository/Front End Objects/TopUp(AED)/Page_Chiragh - Transaction Top Up/UploadReceipt'

2020-04-07 01:18:18 - [TEST_STEP][PASSED] - delay(5): Delayed 5 second(s)

2020-04-07 01:18:23 - [MESSAGE][PASSED] - Delayed 5 second(s)

2020-04-07 01:18:23 - [TEST_STEP][PASSED] - scrollToElement(findTestObject("Front End Objects/TopUp(AED)/Page_Chiragh - Transaction Top Up/checkbox"), 5): Scroll to object 'Object Repository/Front End Objects/TopUp(AED)/Page_Chiragh - Transaction Top Up/checkbox' successfully

2020-04-07 01:18:23 - [MESSAGE][PASSED] - Scroll to object 'Object Repository/Front End Objects/TopUp(AED)/Page_Chiragh - Transaction Top Up/checkbox' successfully

2020-04-07 01:18:23 - [TEST_STEP][PASSED] - click(findTestObject("Front End Objects/TopUp(AED)/Page_Chiragh - Transaction Top Up/div_I agree with Chiragh Walle")): Object: 'Object Repository/Front End Objects/TopUp(AED)/Page_Chiragh - Transaction Top Up/div_I agree with Chiragh Walle' is clicked on

2020-04-07 01:18:24 - [MESSAGE][PASSED] - Object: 'Object Repository/Front End Objects/TopUp(AED)/Page_Chiragh - Transaction Top Up/div_I agree with Chiragh Walle' is clicked on

2020-04-07 01:18:24 - [TEST_STEP][PASSED] - delay(2): Delayed 2 second(s)

2020-04-07 01:18:26 - [MESSAGE][PASSED] - Delayed 2 second(s)

2020-04-07 01:18:26 - [TEST_STEP][PASSED] - click(findTestObject("Front End Objects/TopUp(AED)/Page_Chiragh - Transaction Top Up/button_SEND REQUEST")): Object: 'Object Repository/Front End Objects/TopUp(AED)/Page_Chiragh - Transaction Top Up/button_SEND REQUEST' is clicked on

2020-04-07 01:18:26 - [MESSAGE][PASSED] - Object: 'Object Repository/Front End Objects/TopUp(AED)/Page_Chiragh - Transaction Top Up/button_SEND REQUEST' is clicked on

2020-04-07 01:18:26 - [TEST_STEP][PASSED] - delay(1): Delayed 1 second(s)

2020-04-07 01:18:27 - [MESSAGE][PASSED] - Delayed 1 second(s)

2020-04-07 01:18:27 - [TEST_STEP][PASSED] - verifyElementPresent(findTestObject("Front End Objects/TopUp(AED)/Page_Chiragh - Transaction Top Up/div_TOP UP REQUEST SUBMITTED S"), 3): Object 'Object Repository/Front End Objects/TopUp(AED)/Page_Chiragh - Transaction Top Up/div_TOP UP REQUEST SUBMITTED S' is present

2020-04-07 01:18:28 - [MESSAGE][PASSED] - Object 'Object Repository/Front End Objects/TopUp(AED)/Page_Chiragh - Transaction Top Up/div_TOP UP REQUEST SUBMITTED S' is present

2020-04-07 01:18:28 - [TEST_STEP][PASSED] - closeBrowser(): Browser is closed

2020-04-07 01:18:28 - [MESSAGE][PASSED] - Browser is closed

2020-04-07 01:18:30 - [TEST_STEP][PASSED] - Video: Video recording for test case 'Test Cases/Front End/TC_TopUP(EUR)_004' .

2020-04-07 01:18:30 - [MESSAGE][INFO] - Video recording for test case 'Test Cases/Front End/TC_TopUP(EUR)_004' .
[[ATTACHMENT|C:\\Users\\hp\\git\\chiraghAdminPanel\\Reports\\20200407_004243\\ChiraghWeb_FrontEnd_SmokeTests\\20200407_004243/videos\\test_19.mov]]]]></system-out>
         <system-err><![CDATA[]]></system-err>
      </testcase>
      <testcase name="Test Cases/Front End/TC_TopUP(USD)_005" time="95.791" classname="Test Cases/Front End/TC_TopUP(USD)_005" status="PASSED">
         <system-out><![CDATA[2020-04-07 01:18:30 - [TEST_CASE][PASSED] - Test Cases/Front End/TC_TopUP(USD)_005: Test Cases/Front End/TC_TopUP(USD)_005

2020-04-07 01:18:30 - [TEST_STEP][PASSED] - openBrowser(""): Browser is opened with url: ''

2020-04-07 01:18:30 - [MESSAGE][INFO] - Starting 'Chrome' driver

2020-04-07 01:18:36 - [MESSAGE][PASSED] - Browser is opened with url: ''

2020-04-07 01:18:36 - [TEST_STEP][PASSED] - navigateToUrl(Url): Navigate to 'http://test.chiragh.com' successfully

2020-04-07 01:19:05 - [MESSAGE][PASSED] - Navigate to 'http://test.chiragh.com' successfully

2020-04-07 01:19:05 - [TEST_STEP][PASSED] - waitForPageLoad(15): Wait for page load successfully

2020-04-07 01:19:05 - [MESSAGE][PASSED] - Wait for page load successfully

2020-04-07 01:19:05 - [TEST_STEP][PASSED] - maximizeWindow(): Current window maximized

2020-04-07 01:19:09 - [MESSAGE][PASSED] - Current window maximized

2020-04-07 01:19:09 - [TEST_STEP][PASSED] - delay(3): Delayed 3 second(s)

2020-04-07 01:19:12 - [MESSAGE][PASSED] - Delayed 3 second(s)

2020-04-07 01:19:12 - [TEST_STEP][PASSED] - click(findTestObject("Object Repository/Front End Objects/LoginWithValidCredentials/Page_Chiragh - Home/a_ENG_dropdownMenuLink")): Object: 'Object Repository/Front End Objects/LoginWithValidCredentials/Page_Chiragh - Home/a_ENG_dropdownMenuLink' is clicked on

2020-04-07 01:19:13 - [MESSAGE][PASSED] - Object: 'Object Repository/Front End Objects/LoginWithValidCredentials/Page_Chiragh - Home/a_ENG_dropdownMenuLink' is clicked on

2020-04-07 01:19:13 - [TEST_STEP][PASSED] - click(findTestObject("Object Repository/Front End Objects/LoginWithValidCredentials/Page_Chiragh - Home/a_Login")): Object: 'Object Repository/Front End Objects/LoginWithValidCredentials/Page_Chiragh - Home/a_Login' is clicked on

2020-04-07 01:19:14 - [MESSAGE][PASSED] - Object: 'Object Repository/Front End Objects/LoginWithValidCredentials/Page_Chiragh - Home/a_Login' is clicked on

2020-04-07 01:19:14 - [TEST_STEP][PASSED] - setText(findTestObject("Object Repository/Front End Objects/LoginWithValidCredentials/Page_Chiragh - Login/input_Username_un"), userName): Text 'AUTOCHIRAGH' is set on object 'Object Repository/Front End Objects/LoginWithValidCredentials/Page_Chiragh - Login/input_Username_un'

2020-04-07 01:19:14 - [MESSAGE][PASSED] - Text 'AUTOCHIRAGH' is set on object 'Object Repository/Front End Objects/LoginWithValidCredentials/Page_Chiragh - Login/input_Username_un'

2020-04-07 01:19:14 - [TEST_STEP][PASSED] - setEncryptedText(findTestObject("Object Repository/Front End Objects/LoginWithValidCredentials/Page_Chiragh - Login/input_Password_userPassword"), "RigbBhfdqOBDK95asqKeHw=="): Text ****** has been set on object 'Object Repository/Front End Objects/LoginWithValidCredentials/Page_Chiragh - Login/input_Password_userPassword'

2020-04-07 01:19:15 - [MESSAGE][PASSED] - Text ****** has been set on object 'Object Repository/Front End Objects/LoginWithValidCredentials/Page_Chiragh - Login/input_Password_userPassword'

2020-04-07 01:19:15 - [TEST_STEP][PASSED] - click(findTestObject("Object Repository/Front End Objects/LoginWithValidCredentials/Page_Chiragh - Login/button_Log In")): Object: 'Object Repository/Front End Objects/LoginWithValidCredentials/Page_Chiragh - Login/button_Log In' is clicked on

2020-04-07 01:19:15 - [MESSAGE][PASSED] - Object: 'Object Repository/Front End Objects/LoginWithValidCredentials/Page_Chiragh - Login/button_Log In' is clicked on

2020-04-07 01:19:15 - [TEST_STEP][PASSED] - waitForPageLoad(15): Wait for page load successfully

2020-04-07 01:19:15 - [MESSAGE][PASSED] - Wait for page load successfully

2020-04-07 01:19:15 - [TEST_STEP][PASSED] - click(findTestObject("Object Repository/Front End Objects/LoginWithValidCredentials/Page_Chiragh - Home/a_a month ago_dropdownMenuLink")): Object: 'Object Repository/Front End Objects/LoginWithValidCredentials/Page_Chiragh - Home/a_a month ago_dropdownMenuLink' is clicked on

2020-04-07 01:19:23 - [MESSAGE][PASSED] - Object: 'Object Repository/Front End Objects/LoginWithValidCredentials/Page_Chiragh - Home/a_a month ago_dropdownMenuLink' is clicked on

2020-04-07 01:19:23 - [TEST_STEP][PASSED] - delay(5): Delayed 5 second(s)

2020-04-07 01:19:28 - [MESSAGE][PASSED] - Delayed 5 second(s)

2020-04-07 01:19:28 - [TEST_STEP][PASSED] - click(findTestObject("Object Repository/Front End Objects/LoginWithValidCredentials/Page_Chiragh - Home/a_HI AutoChiragh")): Object: 'Object Repository/Front End Objects/LoginWithValidCredentials/Page_Chiragh - Home/a_HI AutoChiragh' is clicked on

2020-04-07 01:19:28 - [MESSAGE][PASSED] - Object: 'Object Repository/Front End Objects/LoginWithValidCredentials/Page_Chiragh - Home/a_HI AutoChiragh' is clicked on

2020-04-07 01:19:28 - [TEST_STEP][PASSED] - click(findTestObject("Front End Objects/TopUp(AED)/Page_Chiragh - Dashborad Home/a_My Wallet")): Object: 'Object Repository/Front End Objects/TopUp(AED)/Page_Chiragh - Dashborad Home/a_My Wallet' is clicked on

2020-04-07 01:19:30 - [MESSAGE][PASSED] - Object: 'Object Repository/Front End Objects/TopUp(AED)/Page_Chiragh - Dashborad Home/a_My Wallet' is clicked on

2020-04-07 01:19:30 - [TEST_STEP][PASSED] - click(findTestObject("Front End Objects/TopUp(AED)/Page_Chiragh - User Account Summary/a_Make a Transaction")): Object: 'Object Repository/Front End Objects/TopUp(AED)/Page_Chiragh - User Account Summary/a_Make a Transaction' is clicked on

2020-04-07 01:19:39 - [MESSAGE][PASSED] - Object: 'Object Repository/Front End Objects/TopUp(AED)/Page_Chiragh - User Account Summary/a_Make a Transaction' is clicked on

2020-04-07 01:19:39 - [TEST_STEP][PASSED] - delay(3): Delayed 3 second(s)

2020-04-07 01:19:42 - [MESSAGE][PASSED] - Delayed 3 second(s)

2020-04-07 01:19:42 - [TEST_STEP][PASSED] - setText(findTestObject("Front End Objects/TopUp(AED)/Page_Chiragh - Transaction Top Up/input_Chiragh Wallet _amount"), "1000"): Text '1000' is set on object 'Object Repository/Front End Objects/TopUp(AED)/Page_Chiragh - Transaction Top Up/input_Chiragh Wallet _amount'

2020-04-07 01:19:42 - [MESSAGE][PASSED] - Text '1000' is set on object 'Object Repository/Front End Objects/TopUp(AED)/Page_Chiragh - Transaction Top Up/input_Chiragh Wallet _amount'

2020-04-07 01:19:42 - [TEST_STEP][PASSED] - delay(3): Delayed 3 second(s)

2020-04-07 01:19:45 - [MESSAGE][PASSED] - Delayed 3 second(s)

2020-04-07 01:19:45 - [TEST_STEP][PASSED] - click(findTestObject("Object Repository/Front End Objects/TopUp(AED)/Page_Chiragh - Transaction Top Up/select_USD AED EUR")): Object: 'Object Repository/Front End Objects/TopUp(AED)/Page_Chiragh - Transaction Top Up/select_USD AED EUR' is clicked on

2020-04-07 01:19:46 - [MESSAGE][PASSED] - Object: 'Object Repository/Front End Objects/TopUp(AED)/Page_Chiragh - Transaction Top Up/select_USD AED EUR' is clicked on

2020-04-07 01:19:46 - [TEST_STEP][PASSED] - click(findTestObject("Object Repository/Front End Objects/TopUp(AED)/Page_Chiragh - Transaction Top Up/currency_USD")): Object: 'Object Repository/Front End Objects/TopUp(AED)/Page_Chiragh - Transaction Top Up/currency_USD' is clicked on

2020-04-07 01:19:46 - [MESSAGE][PASSED] - Object: 'Object Repository/Front End Objects/TopUp(AED)/Page_Chiragh - Transaction Top Up/currency_USD' is clicked on

2020-04-07 01:19:46 - [TEST_STEP][PASSED] - delay(5): Delayed 5 second(s)

2020-04-07 01:19:51 - [MESSAGE][PASSED] - Delayed 5 second(s)

2020-04-07 01:19:51 - [TEST_STEP][PASSED] - click(findTestObject("Front End Objects/TopUp(AED)/Page_Chiragh - Transaction Top Up/select_ChiraghBank")): Object: 'Object Repository/Front End Objects/TopUp(AED)/Page_Chiragh - Transaction Top Up/select_ChiraghBank' is clicked on

2020-04-07 01:19:51 - [MESSAGE][PASSED] - Object: 'Object Repository/Front End Objects/TopUp(AED)/Page_Chiragh - Transaction Top Up/select_ChiraghBank' is clicked on

2020-04-07 01:19:51 - [TEST_STEP][PASSED] - click(findTestObject("Front End Objects/TopUp(AED)/Page_Chiragh - Transaction Top Up/BankOption1")): Object: 'Object Repository/Front End Objects/TopUp(AED)/Page_Chiragh - Transaction Top Up/BankOption1' is clicked on

2020-04-07 01:19:52 - [MESSAGE][PASSED] - Object: 'Object Repository/Front End Objects/TopUp(AED)/Page_Chiragh - Transaction Top Up/BankOption1' is clicked on

2020-04-07 01:19:52 - [TEST_STEP][PASSED] - setText(findTestObject("Front End Objects/TopUp(AED)/Page_Chiragh - Transaction Top Up/input_Transaction ID _transact"), "676767"): Text '676767' is set on object 'Object Repository/Front End Objects/TopUp(AED)/Page_Chiragh - Transaction Top Up/input_Transaction ID _transact'

2020-04-07 01:19:54 - [MESSAGE][PASSED] - Text '676767' is set on object 'Object Repository/Front End Objects/TopUp(AED)/Page_Chiragh - Transaction Top Up/input_Transaction ID _transact'

2020-04-07 01:19:54 - [TEST_STEP][PASSED] - uploadFile(findTestObject("Front End Objects/TopUp(AED)/Page_Chiragh - Transaction Top Up/UploadReceipt"), "C:\Users\HP\git\chiraghAdminPanel\Include\PropertyImages\1584693242612-Scanned_Passport_Copy.png"): File 'C:\Users\HP\git\chiraghAdminPanel\Include\PropertyImages\1584693242612-Scanned_Passport_Copy.png' sent to object: 'Object Repository/Front End Objects/TopUp(AED)/Page_Chiragh - Transaction Top Up/UploadReceipt'

2020-04-07 01:19:54 - [MESSAGE][PASSED] - File 'C:\Users\HP\git\chiraghAdminPanel\Include\PropertyImages\1584693242612-Scanned_Passport_Copy.png' sent to object: 'Object Repository/Front End Objects/TopUp(AED)/Page_Chiragh - Transaction Top Up/UploadReceipt'

2020-04-07 01:19:54 - [TEST_STEP][PASSED] - delay(5): Delayed 5 second(s)

2020-04-07 01:19:59 - [MESSAGE][PASSED] - Delayed 5 second(s)

2020-04-07 01:19:59 - [TEST_STEP][PASSED] - scrollToElement(findTestObject("Front End Objects/TopUp(AED)/Page_Chiragh - Transaction Top Up/checkbox"), 5): Scroll to object 'Object Repository/Front End Objects/TopUp(AED)/Page_Chiragh - Transaction Top Up/checkbox' successfully

2020-04-07 01:19:59 - [MESSAGE][PASSED] - Scroll to object 'Object Repository/Front End Objects/TopUp(AED)/Page_Chiragh - Transaction Top Up/checkbox' successfully

2020-04-07 01:19:59 - [TEST_STEP][PASSED] - click(findTestObject("Front End Objects/TopUp(AED)/Page_Chiragh - Transaction Top Up/div_I agree with Chiragh Walle")): Object: 'Object Repository/Front End Objects/TopUp(AED)/Page_Chiragh - Transaction Top Up/div_I agree with Chiragh Walle' is clicked on

2020-04-07 01:20:00 - [MESSAGE][PASSED] - Object: 'Object Repository/Front End Objects/TopUp(AED)/Page_Chiragh - Transaction Top Up/div_I agree with Chiragh Walle' is clicked on

2020-04-07 01:20:00 - [TEST_STEP][PASSED] - delay(2): Delayed 2 second(s)

2020-04-07 01:20:02 - [MESSAGE][PASSED] - Delayed 2 second(s)

2020-04-07 01:20:02 - [TEST_STEP][PASSED] - click(findTestObject("Front End Objects/TopUp(AED)/Page_Chiragh - Transaction Top Up/button_SEND REQUEST")): Object: 'Object Repository/Front End Objects/TopUp(AED)/Page_Chiragh - Transaction Top Up/button_SEND REQUEST' is clicked on

2020-04-07 01:20:02 - [MESSAGE][PASSED] - Object: 'Object Repository/Front End Objects/TopUp(AED)/Page_Chiragh - Transaction Top Up/button_SEND REQUEST' is clicked on

2020-04-07 01:20:02 - [TEST_STEP][PASSED] - delay(1): Delayed 1 second(s)

2020-04-07 01:20:03 - [MESSAGE][PASSED] - Delayed 1 second(s)

2020-04-07 01:20:03 - [TEST_STEP][PASSED] - verifyElementPresent(findTestObject("Front End Objects/TopUp(AED)/Page_Chiragh - Transaction Top Up/div_TOP UP REQUEST SUBMITTED S"), 3): Object 'Object Repository/Front End Objects/TopUp(AED)/Page_Chiragh - Transaction Top Up/div_TOP UP REQUEST SUBMITTED S' is present

2020-04-07 01:20:03 - [MESSAGE][PASSED] - Object 'Object Repository/Front End Objects/TopUp(AED)/Page_Chiragh - Transaction Top Up/div_TOP UP REQUEST SUBMITTED S' is present

2020-04-07 01:20:03 - [TEST_STEP][PASSED] - closeBrowser(): Browser is closed

2020-04-07 01:20:04 - [MESSAGE][PASSED] - Browser is closed

2020-04-07 01:20:06 - [TEST_STEP][PASSED] - Video: Video recording for test case 'Test Cases/Front End/TC_TopUP(USD)_005' .

2020-04-07 01:20:06 - [MESSAGE][INFO] - Video recording for test case 'Test Cases/Front End/TC_TopUP(USD)_005' .
[[ATTACHMENT|C:\\Users\\hp\\git\\chiraghAdminPanel\\Reports\\20200407_004243\\ChiraghWeb_FrontEnd_SmokeTests\\20200407_004243/videos\\test_20.mov]]]]></system-out>
         <system-err><![CDATA[]]></system-err>
      </testcase>
      <testcase name="Test Cases/Front End/TC_UnregisterUser(WatchList)" time="60.361" classname="Test Cases/Front End/TC_UnregisterUser(WatchList)" status="PASSED">
         <system-out><![CDATA[2020-04-07 01:20:06 - [TEST_CASE][PASSED] - Test Cases/Front End/TC_UnregisterUser(WatchList): Test Cases/Front End/TC_UnregisterUser(WatchList)

2020-04-07 01:20:06 - [TEST_STEP][PASSED] - openBrowser(""): Browser is opened with url: ''

2020-04-07 01:20:06 - [MESSAGE][INFO] - Starting 'Chrome' driver

2020-04-07 01:20:11 - [MESSAGE][PASSED] - Browser is opened with url: ''

2020-04-07 01:20:11 - [TEST_STEP][PASSED] - navigateToUrl(Url): Navigate to 'http://test.chiragh.com' successfully

2020-04-07 01:20:48 - [MESSAGE][PASSED] - Navigate to 'http://test.chiragh.com' successfully

2020-04-07 01:20:48 - [TEST_STEP][PASSED] - maximizeWindow(): Current window maximized

2020-04-07 01:20:52 - [MESSAGE][PASSED] - Current window maximized

2020-04-07 01:20:52 - [TEST_STEP][PASSED] - delay(3): Delayed 3 second(s)

2020-04-07 01:20:55 - [MESSAGE][PASSED] - Delayed 3 second(s)

2020-04-07 01:20:55 - [TEST_STEP][PASSED] - waitForPageLoad(15): Wait for page load successfully

2020-04-07 01:20:55 - [MESSAGE][PASSED] - Wait for page load successfully

2020-04-07 01:20:55 - [TEST_STEP][PASSED] - scrollToElement(findTestObject("Object Repository/Front End Objects/UnregisterUser(WatchList)/Page_Chiragh - Home/h6_Active auctions in process"), 3): Scroll to object 'Object Repository/Front End Objects/UnregisterUser(WatchList)/Page_Chiragh - Home/h6_Active auctions in process' successfully

2020-04-07 01:20:55 - [MESSAGE][PASSED] - Scroll to object 'Object Repository/Front End Objects/UnregisterUser(WatchList)/Page_Chiragh - Home/h6_Active auctions in process' successfully

2020-04-07 01:20:55 - [TEST_STEP][PASSED] - delay(5): Delayed 5 second(s)

2020-04-07 01:21:00 - [MESSAGE][PASSED] - Delayed 5 second(s)

2020-04-07 01:21:00 - [TEST_STEP][PASSED] - click(findTestObject("Object Repository/Front End Objects/UnregisterUser(WatchList)/Page_Chiragh - Home/img")): Object: 'Object Repository/Front End Objects/UnregisterUser(WatchList)/Page_Chiragh - Home/img' is clicked on

2020-04-07 01:21:01 - [MESSAGE][PASSED] - Object: 'Object Repository/Front End Objects/UnregisterUser(WatchList)/Page_Chiragh - Home/img' is clicked on

2020-04-07 01:21:01 - [TEST_STEP][PASSED] - click(findTestObject("Object Repository/Front End Objects/UnregisterUser(WatchList)/Page_Chiragh - Login/h1_Log In")): Object: 'Object Repository/Front End Objects/UnregisterUser(WatchList)/Page_Chiragh - Login/h1_Log In' is clicked on

2020-04-07 01:21:02 - [MESSAGE][PASSED] - Object: 'Object Repository/Front End Objects/UnregisterUser(WatchList)/Page_Chiragh - Login/h1_Log In' is clicked on

2020-04-07 01:21:02 - [TEST_STEP][PASSED] - delay(2): Delayed 2 second(s)

2020-04-07 01:21:04 - [MESSAGE][PASSED] - Delayed 2 second(s)

2020-04-07 01:21:04 - [TEST_STEP][PASSED] - closeBrowser(): Browser is closed

2020-04-07 01:21:04 - [MESSAGE][PASSED] - Browser is closed

2020-04-07 01:21:06 - [TEST_STEP][PASSED] - Video: Video recording for test case 'Test Cases/Front End/TC_UnregisterUser(WatchList)' .

2020-04-07 01:21:06 - [MESSAGE][INFO] - Video recording for test case 'Test Cases/Front End/TC_UnregisterUser(WatchList)' .
[[ATTACHMENT|C:\\Users\\hp\\git\\chiraghAdminPanel\\Reports\\20200407_004243\\ChiraghWeb_FrontEnd_SmokeTests\\20200407_004243/videos\\test_21.mov]]]]></system-out>
         <system-err><![CDATA[]]></system-err>
      </testcase>
      <testcase name="Test Cases/Front End/TC_VerifyAllLinks_007" time="0.013" classname="Test Cases/Front End/TC_VerifyAllLinks_007" status="PASSED">
         <system-out><![CDATA[2020-04-07 01:21:06 - [TEST_CASE][PASSED] - Test Cases/Front End/TC_VerifyAllLinks_007: null]]></system-out>
         <system-err><![CDATA[]]></system-err>
      </testcase>
      <system-out><![CDATA[2020-04-07 00:42:52 - [TEST_SUITE][INCOMPLETE] - ChiraghWeb_FrontEnd_SmokeTests: null]]></system-out>
      <system-err><![CDATA[2020-04-07 00:42:52 - [TEST_SUITE][INCOMPLETE] - ChiraghWeb_FrontEnd_SmokeTests: null]]></system-err>
   </testsuite>
</testsuites>
