<?xml version="1.0" encoding="UTF-8"?>
<testsuites name="AdminCompleteFlow" time="1052" tests="3" failures="2" errors="0">
   <testsuite name="AdminCompleteFlow" tests="3" failures="2" errors="0" time="1052" timestamp="2019-04-26 14:54:05" hostname="HP - DESKTOP-2D7LI1O" id="Test Suites/AdminCompleteFlow">
      <properties>
         <property name="deviceName" value=""/>
         <property name="devicePlatform" value=""/>
         <property name="logFolder" value="C:\\Users\\HP\\git\\chiraghAdminPanel\\Reports\\AdminCompleteFlow\\20190426_145337"/>
         <property name="logFiles" value="C:\\Users\\HP\\git\\chiraghAdminPanel\\Reports\\AdminCompleteFlow\\20190426_145337\\execution0.log"/>
         <property name="attachments" value="C:\\Users\\HP\\git\\chiraghAdminPanel\\Reports\\AdminCompleteFlow\\20190426_145337\\1556273496478.png"/>
         <property name="hostName" value="HP - DESKTOP-2D7LI1O"/>
         <property name="os" value="Windows 10 64bit"/>
         <property name="katalonVersion" value="5.10.1.1"/>
         <property name="browser" value="Chrome 73.0.3683.103"/>
         <property name="hostAddress" value="192.168.0.163"/>
         <property name="sessionId" value="a3c7ceff932da2b12da6195934c863b4"/>
         <property name="seleniumVersion" value="3.7.1"/>
         <property name="proxyInformation" value="ProxyInformation{proxyOption=NO_PROXY, proxyServerType=HTTP, password=, proxyServerAddress=, proxyServerPort=0}"/>
         <property name="platform" value="Windows 10"/>
      </properties>
      <testcase name="Test Cases/property(owner)" classname="Test Cases/property(owner)" status="PASSED">
         <system-out><![CDATA[2019-04-26 14:54:05 - [TEST_CASE][PASSED] - Test Cases/property(owner): Test Cases/property(owner)

2019-04-26 14:54:06 - [TEST_STEP][PASSED] - faker = new com.github.javafaker.Faker(): null

2019-04-26 14:54:07 - [TEST_STEP][PASSED] - ownerfirst = name().firstName(): null

2019-04-26 14:54:07 - [TEST_STEP][PASSED] - ownermiddle = name().firstName(): null

2019-04-26 14:54:07 - [TEST_STEP][PASSED] - ownerlast = name().firstName(): null

2019-04-26 14:54:07 - [TEST_STEP][PASSED] - ownerphcode = address().countryCode(): null

2019-04-26 14:54:07 - [TEST_STEP][PASSED] - ownermobcode = address().countryCode(): null

2019-04-26 14:54:07 - [TEST_STEP][PASSED] - owneraddress = address().streetAddress(): null

2019-04-26 14:54:07 - [TEST_STEP][PASSED] - poafirst = name().firstName(): null

2019-04-26 14:54:07 - [TEST_STEP][PASSED] - poamiddle = name().firstName(): null

2019-04-26 14:54:07 - [TEST_STEP][PASSED] - poalast = name().firstName(): null

2019-04-26 14:54:07 - [TEST_STEP][PASSED] - poaphncode = address().countryCode(): null

2019-04-26 14:54:07 - [TEST_STEP][PASSED] - poamobcode = address().countryCode(): null

2019-04-26 14:54:07 - [TEST_STEP][PASSED] - poaaddress = address().streetAddress(): null

2019-04-26 14:54:07 - [TEST_STEP][PASSED] - projectname = address().streetName(): null

2019-04-26 14:54:07 - [TEST_STEP][PASSED] - propertyaddress = address().streetAddress(): null

2019-04-26 14:54:07 - [TEST_STEP][PASSED] - openBrowser(""): Browser is opened with url: ''

2019-04-26 14:54:07 - [MESSAGE][INFO] - Starting 'Chrome' driver

2019-04-26 14:54:08 - [MESSAGE][INFO] - Action delay is set to 0 seconds

2019-04-26 14:54:11 - [MESSAGE][PASSED] - Browser is opened with url: ''

2019-04-26 14:54:11 - [TEST_STEP][PASSED] - navigateToUrl(Url): Navigate to 'http://dev.chiragh.com/' successfully

2019-04-26 14:54:11 - [MESSAGE][WARNING] - Test object with id 'Object Repository/property by name/Page_Chiragh/h2_Project 51468 Penthouse wit' does not exist

2019-04-26 14:54:29 - [MESSAGE][PASSED] - Navigate to 'http://dev.chiragh.com/' successfully

2019-04-26 14:54:29 - [TEST_STEP][PASSED] - maximizeWindow(): Current window maximized

2019-04-26 14:54:30 - [MESSAGE][PASSED] - Current window maximized

2019-04-26 14:54:30 - [TEST_STEP][PASSED] - click(findTestObject("Object Repository/Property(owner)/individual owner/a_Sell")): Object: 'Object Repository/Property(owner)/individual owner/a_Sell' is clicked on

2019-04-26 14:54:30 - [MESSAGE][PASSED] - Object: 'Object Repository/Property(owner)/individual owner/a_Sell' is clicked on

2019-04-26 14:54:30 - [TEST_STEP][PASSED] - setText(findTestObject("Object Repository/Property(owner)/individual owner/input_Sign In_userName"), userName): Text 'bcmuser' is set on object 'Object Repository/Property(owner)/individual owner/input_Sign In_userName'

2019-04-26 14:54:34 - [MESSAGE][PASSED] - Text 'bcmuser' is set on object 'Object Repository/Property(owner)/individual owner/input_Sign In_userName'

2019-04-26 14:54:34 - [TEST_STEP][PASSED] - setText(findTestObject("Object Repository/Property(owner)/individual owner/input_Sign In_userPassword"), passWord): Text '1234567890' is set on object 'Object Repository/Property(owner)/individual owner/input_Sign In_userPassword'

2019-04-26 14:54:34 - [MESSAGE][PASSED] - Text '1234567890' is set on object 'Object Repository/Property(owner)/individual owner/input_Sign In_userPassword'

2019-04-26 14:54:34 - [TEST_STEP][PASSED] - click(findTestObject("Object Repository/Property(owner)/individual owner/button_Sign In")): Object: 'Object Repository/Property(owner)/individual owner/button_Sign In' is clicked on

2019-04-26 14:54:34 - [MESSAGE][PASSED] - Object: 'Object Repository/Property(owner)/individual owner/button_Sign In' is clicked on

2019-04-26 14:54:34 - [TEST_STEP][PASSED] - setText(findTestObject("Property(owner)/individual owner/owner/Page_Chiragh/input_First Name_userFirstName"), ownerfirst): Text 'Zakary' is set on object 'Object Repository/Property(owner)/individual owner/owner/Page_Chiragh/input_First Name_userFirstName'

2019-04-26 14:54:37 - [MESSAGE][PASSED] - Text 'Zakary' is set on object 'Object Repository/Property(owner)/individual owner/owner/Page_Chiragh/input_First Name_userFirstName'

2019-04-26 14:54:37 - [TEST_STEP][PASSED] - setText(findTestObject("Property(owner)/individual owner/owner/Page_Chiragh/input_Middle Name_userMiddleNa"), ownermiddle): Text 'Rocky' is set on object 'Object Repository/Property(owner)/individual owner/owner/Page_Chiragh/input_Middle Name_userMiddleNa'

2019-04-26 14:54:37 - [MESSAGE][PASSED] - Text 'Rocky' is set on object 'Object Repository/Property(owner)/individual owner/owner/Page_Chiragh/input_Middle Name_userMiddleNa'

2019-04-26 14:54:37 - [TEST_STEP][PASSED] - setText(findTestObject("Property(owner)/individual owner/owner/Page_Chiragh/input_Last Name_userLastName"), ownerlast): Text 'Brayan' is set on object 'Object Repository/Property(owner)/individual owner/owner/Page_Chiragh/input_Last Name_userLastName'

2019-04-26 14:54:37 - [MESSAGE][PASSED] - Text 'Brayan' is set on object 'Object Repository/Property(owner)/individual owner/owner/Page_Chiragh/input_Last Name_userLastName'

2019-04-26 14:54:37 - [TEST_STEP][PASSED] - click(findTestObject("Property(owner)/individual owner/owner/Page_Chiragh/span_Emirati")): Object: 'Object Repository/Property(owner)/individual owner/owner/Page_Chiragh/span_Emirati' is clicked on

2019-04-26 14:54:38 - [MESSAGE][PASSED] - Object: 'Object Repository/Property(owner)/individual owner/owner/Page_Chiragh/span_Emirati' is clicked on

2019-04-26 14:54:38 - [TEST_STEP][PASSED] - setText(findTestObject("Property(owner)/individual owner/owner/Page_Chiragh/input_Soon_select2-search__fie"), "Emirati"): Text 'Emirati' is set on object 'Object Repository/Property(owner)/individual owner/owner/Page_Chiragh/input_Soon_select2-search__fie'

2019-04-26 14:54:38 - [MESSAGE][PASSED] - Text 'Emirati' is set on object 'Object Repository/Property(owner)/individual owner/owner/Page_Chiragh/input_Soon_select2-search__fie'

2019-04-26 14:54:38 - [TEST_STEP][PASSED] - sendKeys(findTestObject("Property(owner)/individual owner/owner/Page_Chiragh/input_Soon_select2-search__fie"), Keys.chord(ENTER)): Keys 'ENTER + ' sent to object: 'Object Repository/Property(owner)/individual owner/owner/Page_Chiragh/input_Soon_select2-search__fie'

2019-04-26 14:54:38 - [MESSAGE][PASSED] - Keys 'ENTER + ' sent to object: 'Object Repository/Property(owner)/individual owner/owner/Page_Chiragh/input_Soon_select2-search__fie'

2019-04-26 14:54:38 - [TEST_STEP][PASSED] - ownerpassport = RandomStringUtils.randomNumeric(7): null

2019-04-26 14:54:38 - [TEST_STEP][PASSED] - setText(findTestObject("Property(owner)/individual owner/owner/Page_Chiragh/input_Passport Number_passport"), ownerpassport): Text '4416472' is set on object 'Object Repository/Property(owner)/individual owner/owner/Page_Chiragh/input_Passport Number_passport'

2019-04-26 14:54:39 - [MESSAGE][PASSED] - Text '4416472' is set on object 'Object Repository/Property(owner)/individual owner/owner/Page_Chiragh/input_Passport Number_passport'

2019-04-26 14:54:39 - [TEST_STEP][PASSED] - click(findTestObject("Property(owner)/individual owner/owner/Page_Chiragh/mat-form-field_Passport Expiry")): Object: 'Object Repository/Property(owner)/individual owner/owner/Page_Chiragh/mat-form-field_Passport Expiry' is clicked on

2019-04-26 14:54:39 - [MESSAGE][PASSED] - Object: 'Object Repository/Property(owner)/individual owner/owner/Page_Chiragh/mat-form-field_Passport Expiry' is clicked on

2019-04-26 14:54:39 - [TEST_STEP][PASSED] - click(findTestObject("Property(owner)/individual owner/owner/Page_Chiragh/button_Passport Expiry Date_ma")): Object: 'Object Repository/Property(owner)/individual owner/owner/Page_Chiragh/button_Passport Expiry Date_ma' is clicked on

2019-04-26 14:54:39 - [MESSAGE][PASSED] - Object: 'Object Repository/Property(owner)/individual owner/owner/Page_Chiragh/button_Passport Expiry Date_ma' is clicked on

2019-04-26 14:54:39 - [TEST_STEP][PASSED] - click(findTestObject("Property(owner)/individual owner/owner/Page_Chiragh/div_30")): Object: 'Object Repository/Property(owner)/individual owner/owner/Page_Chiragh/div_30' is clicked on

2019-04-26 14:54:39 - [MESSAGE][PASSED] - Object: 'Object Repository/Property(owner)/individual owner/owner/Page_Chiragh/div_30' is clicked on

2019-04-26 14:54:39 - [TEST_STEP][PASSED] - owneridcard = RandomStringUtils.randomNumeric(7): null

2019-04-26 14:54:39 - [TEST_STEP][PASSED] - setText(findTestObject("Property(owner)/individual owner/owner/Page_Chiragh/input_ID Card Number_idCardNo"), owneridcard): Text '2901007' is set on object 'Object Repository/Property(owner)/individual owner/owner/Page_Chiragh/input_ID Card Number_idCardNo'

2019-04-26 14:54:39 - [MESSAGE][PASSED] - Text '2901007' is set on object 'Object Repository/Property(owner)/individual owner/owner/Page_Chiragh/input_ID Card Number_idCardNo'

2019-04-26 14:54:39 - [TEST_STEP][PASSED] - click(findTestObject("Property(owner)/individual owner/owner/Page_Chiragh/div_ID Card Expiry Date_mat-fo")): Object: 'Object Repository/Property(owner)/individual owner/owner/Page_Chiragh/div_ID Card Expiry Date_mat-fo' is clicked on

2019-04-26 14:54:40 - [MESSAGE][PASSED] - Object: 'Object Repository/Property(owner)/individual owner/owner/Page_Chiragh/div_ID Card Expiry Date_mat-fo' is clicked on

2019-04-26 14:54:40 - [TEST_STEP][PASSED] - click(findTestObject("Property(owner)/individual owner/owner/Page_Chiragh/button_ID Card Expiry Date_mat")): Object: 'Object Repository/Property(owner)/individual owner/owner/Page_Chiragh/button_ID Card Expiry Date_mat' is clicked on

2019-04-26 14:54:40 - [MESSAGE][PASSED] - Object: 'Object Repository/Property(owner)/individual owner/owner/Page_Chiragh/button_ID Card Expiry Date_mat' is clicked on

2019-04-26 14:54:40 - [TEST_STEP][PASSED] - click(findTestObject("Property(owner)/individual owner/owner/Page_Chiragh/td_29")): Object: 'Object Repository/Property(owner)/individual owner/owner/Page_Chiragh/td_29' is clicked on

2019-04-26 14:54:40 - [MESSAGE][PASSED] - Object: 'Object Repository/Property(owner)/individual owner/owner/Page_Chiragh/td_29' is clicked on

2019-04-26 14:54:40 - [TEST_STEP][PASSED] - click(findTestObject("Object Repository/Property(owner)/individual owner/span_(228) Togo")): Object: 'Object Repository/Property(owner)/individual owner/span_(228) Togo' is clicked on

2019-04-26 14:54:40 - [MESSAGE][PASSED] - Object: 'Object Repository/Property(owner)/individual owner/span_(228) Togo' is clicked on

2019-04-26 14:54:40 - [TEST_STEP][PASSED] - setText(findTestObject("Object Repository/Property(owner)/individual owner/input_JAN 2021_select2-search_"), ownerphcode): Text 'KY' is set on object 'Object Repository/Property(owner)/individual owner/input_JAN 2021_select2-search_'

2019-04-26 14:54:40 - [MESSAGE][PASSED] - Text 'KY' is set on object 'Object Repository/Property(owner)/individual owner/input_JAN 2021_select2-search_'

2019-04-26 14:54:40 - [TEST_STEP][PASSED] - sendKeys(findTestObject("Object Repository/Property(owner)/individual owner/input_JAN 2021_select2-search_"), Keys.chord(ENTER)): Keys 'ENTER + ' sent to object: 'Object Repository/Property(owner)/individual owner/input_JAN 2021_select2-search_'

2019-04-26 14:54:41 - [MESSAGE][PASSED] - Keys 'ENTER + ' sent to object: 'Object Repository/Property(owner)/individual owner/input_JAN 2021_select2-search_'

2019-04-26 14:54:41 - [TEST_STEP][PASSED] - ownerphno = RandomStringUtils.randomNumeric(8): null

2019-04-26 14:54:41 - [TEST_STEP][PASSED] - setText(findTestObject("Object Repository/Property(owner)/individual owner/input_Phone Number_telephone"), ownerphno): Text '00713100' is set on object 'Object Repository/Property(owner)/individual owner/input_Phone Number_telephone'

2019-04-26 14:54:41 - [MESSAGE][PASSED] - Text '00713100' is set on object 'Object Repository/Property(owner)/individual owner/input_Phone Number_telephone'

2019-04-26 14:54:41 - [TEST_STEP][PASSED] - click(findTestObject("Object Repository/Property(owner)/individual owner/span_(971) United Arab Emirate")): Object: 'Object Repository/Property(owner)/individual owner/span_(971) United Arab Emirate' is clicked on

2019-04-26 14:54:41 - [MESSAGE][PASSED] - Object: 'Object Repository/Property(owner)/individual owner/span_(971) United Arab Emirate' is clicked on

2019-04-26 14:54:41 - [TEST_STEP][PASSED] - setText(findTestObject("Object Repository/Property(owner)/individual owner/input_JAN 2021_select2-search_"), ownermobcode): Text 'PN' is set on object 'Object Repository/Property(owner)/individual owner/input_JAN 2021_select2-search_'

2019-04-26 14:54:41 - [MESSAGE][PASSED] - Text 'PN' is set on object 'Object Repository/Property(owner)/individual owner/input_JAN 2021_select2-search_'

2019-04-26 14:54:41 - [TEST_STEP][PASSED] - sendKeys(findTestObject("Object Repository/Property(owner)/individual owner/input_JAN 2021_select2-search_"), Keys.chord(ENTER)): Keys 'ENTER + ' sent to object: 'Object Repository/Property(owner)/individual owner/input_JAN 2021_select2-search_'

2019-04-26 14:54:41 - [MESSAGE][PASSED] - Keys 'ENTER + ' sent to object: 'Object Repository/Property(owner)/individual owner/input_JAN 2021_select2-search_'

2019-04-26 14:54:41 - [TEST_STEP][PASSED] - ownermobno = RandomStringUtils.randomNumeric(8): null

2019-04-26 14:54:41 - [TEST_STEP][PASSED] - setText(findTestObject("Object Repository/Property(owner)/individual owner/input_Mobile Number_mobile"), ownermobno): Text '14018134' is set on object 'Object Repository/Property(owner)/individual owner/input_Mobile Number_mobile'

2019-04-26 14:54:42 - [MESSAGE][PASSED] - Text '14018134' is set on object 'Object Repository/Property(owner)/individual owner/input_Mobile Number_mobile'

2019-04-26 14:54:42 - [TEST_STEP][PASSED] - owneremail = RandomStringUtils.randomAlphanumeric(3): null

2019-04-26 14:54:42 - [TEST_STEP][PASSED] - setText(findTestObject("Object Repository/Property(owner)/individual owner/input_Email_email"), owneremail + "@gmail.com"): Text 'LXf@gmail.com' is set on object 'Object Repository/Property(owner)/individual owner/input_Email_email'

2019-04-26 14:54:42 - [MESSAGE][PASSED] - Text 'LXf@gmail.com' is set on object 'Object Repository/Property(owner)/individual owner/input_Email_email'

2019-04-26 14:54:42 - [TEST_STEP][PASSED] - setText(findTestObject("Object Repository/Property(owner)/individual owner/input_Address_userAddress"), owneraddress): Text '00749 Savannah Stravenue' is set on object 'Object Repository/Property(owner)/individual owner/input_Address_userAddress'

2019-04-26 14:54:43 - [MESSAGE][PASSED] - Text '00749 Savannah Stravenue' is set on object 'Object Repository/Property(owner)/individual owner/input_Address_userAddress'

2019-04-26 14:54:43 - [TEST_STEP][PASSED] - click(findTestObject("Object Repository/Property(owner)/individual owner/span_United Arab Emirates")): Object: 'Object Repository/Property(owner)/individual owner/span_United Arab Emirates' is clicked on

2019-04-26 14:54:43 - [MESSAGE][PASSED] - Object: 'Object Repository/Property(owner)/individual owner/span_United Arab Emirates' is clicked on

2019-04-26 14:54:43 - [TEST_STEP][PASSED] - setText(findTestObject("Object Repository/Property(owner)/individual owner/input_JAN 2021_select2-search_"), "Arab E"): Text 'Arab E' is set on object 'Object Repository/Property(owner)/individual owner/input_JAN 2021_select2-search_'

2019-04-26 14:54:43 - [MESSAGE][PASSED] - Text 'Arab E' is set on object 'Object Repository/Property(owner)/individual owner/input_JAN 2021_select2-search_'

2019-04-26 14:54:43 - [TEST_STEP][PASSED] - sendKeys(findTestObject("Object Repository/Property(owner)/individual owner/input_JAN 2021_select2-search_"), Keys.chord(ENTER)): Keys 'ENTER + ' sent to object: 'Object Repository/Property(owner)/individual owner/input_JAN 2021_select2-search_'

2019-04-26 14:54:43 - [MESSAGE][PASSED] - Keys 'ENTER + ' sent to object: 'Object Repository/Property(owner)/individual owner/input_JAN 2021_select2-search_'

2019-04-26 14:54:43 - [TEST_STEP][PASSED] - click(findTestObject("Object Repository/Property(owner)/individual owner/span_Sharjah")): Object: 'Object Repository/Property(owner)/individual owner/span_Sharjah' is clicked on

2019-04-26 14:54:43 - [MESSAGE][PASSED] - Object: 'Object Repository/Property(owner)/individual owner/span_Sharjah' is clicked on

2019-04-26 14:54:43 - [TEST_STEP][PASSED] - setText(findTestObject("Object Repository/Property(owner)/individual owner/input_JAN 2021_select2-search_"), "SH"): Text 'SH' is set on object 'Object Repository/Property(owner)/individual owner/input_JAN 2021_select2-search_'

2019-04-26 14:54:43 - [MESSAGE][PASSED] - Text 'SH' is set on object 'Object Repository/Property(owner)/individual owner/input_JAN 2021_select2-search_'

2019-04-26 14:54:43 - [TEST_STEP][PASSED] - sendKeys(findTestObject("Object Repository/Property(owner)/individual owner/input_JAN 2021_select2-search_"), Keys.chord(ENTER)): Keys 'ENTER + ' sent to object: 'Object Repository/Property(owner)/individual owner/input_JAN 2021_select2-search_'

2019-04-26 14:54:44 - [MESSAGE][PASSED] - Keys 'ENTER + ' sent to object: 'Object Repository/Property(owner)/individual owner/input_JAN 2021_select2-search_'

2019-04-26 14:54:44 - [TEST_STEP][PASSED] - ownerpobox = RandomStringUtils.randomNumeric(8): null

2019-04-26 14:54:44 - [TEST_STEP][PASSED] - setText(findTestObject("Object Repository/Property(owner)/individual owner/input_P.O.Box_pobox"), ownerpobox): Text '89550206' is set on object 'Object Repository/Property(owner)/individual owner/input_P.O.Box_pobox'

2019-04-26 14:54:44 - [MESSAGE][PASSED] - Text '89550206' is set on object 'Object Repository/Property(owner)/individual owner/input_P.O.Box_pobox'

2019-04-26 14:54:44 - [TEST_STEP][PASSED] - scrollToElement(findTestObject("Object Repository/Property(owner)/individual owner/div_jpg png pdf accepted with"), 3): Scroll to object 'Object Repository/Property(owner)/individual owner/div_jpg png pdf accepted with' successfully

2019-04-26 14:54:44 - [MESSAGE][PASSED] - Scroll to object 'Object Repository/Property(owner)/individual owner/div_jpg png pdf accepted with' successfully

2019-04-26 14:54:44 - [TEST_STEP][PASSED] - verifyElementPresent(findTestObject("Object Repository/Property(owner)/individual owner/div_jpg png pdf accepted with"), 5): Object 'Object Repository/Property(owner)/individual owner/div_jpg png pdf accepted with' is present

2019-04-26 14:54:44 - [MESSAGE][PASSED] - Object 'Object Repository/Property(owner)/individual owner/div_jpg png pdf accepted with' is present

2019-04-26 14:54:44 - [TEST_STEP][PASSED] - uploadFile(findTestObject("Object Repository/Property(owner)/individual owner/div_Upload_upload-doc-div"), "C:\Users\HP\Katalon Studio\register\Include\images\Scanned Passport Copy.png"): File 'C:\Users\HP\Katalon Studio\register\Include\images\Scanned Passport Copy.png' sent to object: 'Object Repository/Property(owner)/individual owner/div_Upload_upload-doc-div'

2019-04-26 14:54:44 - [MESSAGE][PASSED] - File 'C:\Users\HP\Katalon Studio\register\Include\images\Scanned Passport Copy.png' sent to object: 'Object Repository/Property(owner)/individual owner/div_Upload_upload-doc-div'

2019-04-26 14:54:44 - [TEST_STEP][PASSED] - delay(5): Delayed 5 second(s)

2019-04-26 14:54:49 - [MESSAGE][PASSED] - Delayed 5 second(s)

2019-04-26 14:54:49 - [TEST_STEP][PASSED] - click(findTestObject("Object Repository/Property(owner)/individual owner/button_Next")): Object: 'Object Repository/Property(owner)/individual owner/button_Next' is clicked on

2019-04-26 14:54:49 - [MESSAGE][PASSED] - Object: 'Object Repository/Property(owner)/individual owner/button_Next' is clicked on

2019-04-26 14:54:49 - [TEST_STEP][PASSED] - verifyElementPresent(findTestObject("Object Repository/Property(owner)/individual owner/snack-bar-container_Data  Save"), 5): Object 'Object Repository/Property(owner)/individual owner/snack-bar-container_Data  Save' is present

2019-04-26 14:54:51 - [MESSAGE][PASSED] - Object 'Object Repository/Property(owner)/individual owner/snack-bar-container_Data  Save' is present

2019-04-26 14:54:51 - [TEST_STEP][PASSED] - verifyElementPresent(findTestObject("Object Repository/Property(owner)/individual owner/span_Data  Saved Successfully"), 5): Object 'Object Repository/Property(owner)/individual owner/span_Data  Saved Successfully' is present

2019-04-26 14:54:51 - [MESSAGE][PASSED] - Object 'Object Repository/Property(owner)/individual owner/span_Data  Saved Successfully' is present

2019-04-26 14:54:51 - [TEST_STEP][PASSED] - verifyElementPresent(findTestObject("Object Repository/Property(owner)/poa/Page_Chiragh/form_POA Details POA StatusSel"), 5): Object 'Object Repository/Property(owner)/poa/Page_Chiragh/form_POA Details POA StatusSel' is present

2019-04-26 14:54:51 - [MESSAGE][PASSED] - Object 'Object Repository/Property(owner)/poa/Page_Chiragh/form_POA Details POA StatusSel' is present

2019-04-26 14:54:51 - [TEST_STEP][PASSED] - click(findTestObject("Object Repository/Property(owner)/poa/Page_Chiragh/button_Close")): Object: 'Object Repository/Property(owner)/poa/Page_Chiragh/button_Close' is clicked on

2019-04-26 14:54:51 - [MESSAGE][PASSED] - Object: 'Object Repository/Property(owner)/poa/Page_Chiragh/button_Close' is clicked on

2019-04-26 14:54:51 - [TEST_STEP][PASSED] - delay(3): Delayed 3 second(s)

2019-04-26 14:54:54 - [MESSAGE][PASSED] - Delayed 3 second(s)

2019-04-26 14:54:54 - [TEST_STEP][PASSED] - click(findTestObject("Object Repository/Property(owner)/poa/Page_Chiragh/mat-select_Select One")): Object: 'Object Repository/Property(owner)/poa/Page_Chiragh/mat-select_Select One' is clicked on

2019-04-26 14:54:55 - [MESSAGE][PASSED] - Object: 'Object Repository/Property(owner)/poa/Page_Chiragh/mat-select_Select One' is clicked on

2019-04-26 14:54:55 - [TEST_STEP][PASSED] - verifyElementPresent(findTestObject("Object Repository/Property(owner)/poa/Page_Chiragh/span_Yes"), 5): Object 'Object Repository/Property(owner)/poa/Page_Chiragh/span_Yes' is present

2019-04-26 14:54:55 - [MESSAGE][PASSED] - Object 'Object Repository/Property(owner)/poa/Page_Chiragh/span_Yes' is present

2019-04-26 14:54:55 - [TEST_STEP][PASSED] - click(findTestObject("Object Repository/Property(owner)/poa/Page_Chiragh/span_Yes")): Object: 'Object Repository/Property(owner)/poa/Page_Chiragh/span_Yes' is clicked on

2019-04-26 14:54:55 - [MESSAGE][PASSED] - Object: 'Object Repository/Property(owner)/poa/Page_Chiragh/span_Yes' is clicked on

2019-04-26 14:54:55 - [TEST_STEP][PASSED] - setText(findTestObject("Object Repository/Property(owner)/poa/Page_Chiragh/input_First Name_userFirstName"), poafirst): Text 'Ora' is set on object 'Object Repository/Property(owner)/poa/Page_Chiragh/input_First Name_userFirstName'

2019-04-26 14:54:55 - [MESSAGE][PASSED] - Text 'Ora' is set on object 'Object Repository/Property(owner)/poa/Page_Chiragh/input_First Name_userFirstName'

2019-04-26 14:54:55 - [TEST_STEP][PASSED] - setText(findTestObject("Object Repository/Property(owner)/poa/Page_Chiragh/input_Middle Name_userMiddleNa"), poamiddle): Text 'Cicero' is set on object 'Object Repository/Property(owner)/poa/Page_Chiragh/input_Middle Name_userMiddleNa'

2019-04-26 14:54:55 - [MESSAGE][PASSED] - Text 'Cicero' is set on object 'Object Repository/Property(owner)/poa/Page_Chiragh/input_Middle Name_userMiddleNa'

2019-04-26 14:54:55 - [TEST_STEP][PASSED] - setText(findTestObject("Object Repository/Property(owner)/poa/Page_Chiragh/input_Last Name_userLastName"), poalast): Text 'Obie' is set on object 'Object Repository/Property(owner)/poa/Page_Chiragh/input_Last Name_userLastName'

2019-04-26 14:54:56 - [MESSAGE][PASSED] - Text 'Obie' is set on object 'Object Repository/Property(owner)/poa/Page_Chiragh/input_Last Name_userLastName'

2019-04-26 14:54:56 - [TEST_STEP][PASSED] - delay(3): Delayed 3 second(s)

2019-04-26 14:54:59 - [MESSAGE][PASSED] - Delayed 3 second(s)

2019-04-26 14:54:59 - [TEST_STEP][PASSED] - click(findTestObject("Object Repository/Property(owner)/poa/nationality/Page_Chiragh/span_Select")): Object: 'Object Repository/Property(owner)/poa/nationality/Page_Chiragh/span_Select' is clicked on

2019-04-26 14:54:59 - [MESSAGE][PASSED] - Object: 'Object Repository/Property(owner)/poa/nationality/Page_Chiragh/span_Select' is clicked on

2019-04-26 14:54:59 - [TEST_STEP][PASSED] - setText(findTestObject("Object Repository/Property(owner)/poa/nationality/Page_Chiragh/input__select2-search__field"), "Pakistani"): Text 'Pakistani' is set on object 'Object Repository/Property(owner)/poa/nationality/Page_Chiragh/input__select2-search__field'

2019-04-26 14:54:59 - [MESSAGE][PASSED] - Text 'Pakistani' is set on object 'Object Repository/Property(owner)/poa/nationality/Page_Chiragh/input__select2-search__field'

2019-04-26 14:54:59 - [TEST_STEP][PASSED] - delay(3): Delayed 3 second(s)

2019-04-26 14:55:02 - [MESSAGE][PASSED] - Delayed 3 second(s)

2019-04-26 14:55:02 - [TEST_STEP][PASSED] - sendKeys(findTestObject("Object Repository/Property(owner)/poa/nationality/Page_Chiragh/input__select2-search__field"), Keys.chord(ENTER)): Keys 'ENTER + ' sent to object: 'Object Repository/Property(owner)/poa/nationality/Page_Chiragh/input__select2-search__field'

2019-04-26 14:55:02 - [MESSAGE][PASSED] - Keys 'ENTER + ' sent to object: 'Object Repository/Property(owner)/poa/nationality/Page_Chiragh/input__select2-search__field'

2019-04-26 14:55:02 - [TEST_STEP][PASSED] - poapassport = RandomStringUtils.randomNumeric(7): null

2019-04-26 14:55:02 - [TEST_STEP][PASSED] - setText(findTestObject("Object Repository/Property(owner)/poa/Page_Chiragh/input_Passport Number_passport"), poapassport): Text '1723395' is set on object 'Object Repository/Property(owner)/poa/Page_Chiragh/input_Passport Number_passport'

2019-04-26 14:55:02 - [MESSAGE][PASSED] - Text '1723395' is set on object 'Object Repository/Property(owner)/poa/Page_Chiragh/input_Passport Number_passport'

2019-04-26 14:55:02 - [TEST_STEP][PASSED] - click(findTestObject("Object Repository/Property(owner)/poa/Page_Chiragh/div_Passport Expiry Date_mat-f")): Object: 'Object Repository/Property(owner)/poa/Page_Chiragh/div_Passport Expiry Date_mat-f' is clicked on

2019-04-26 14:55:03 - [MESSAGE][PASSED] - Object: 'Object Repository/Property(owner)/poa/Page_Chiragh/div_Passport Expiry Date_mat-f' is clicked on

2019-04-26 14:55:03 - [TEST_STEP][PASSED] - click(findTestObject("Object Repository/Property(owner)/poa/Page_Chiragh/button_Passport Expiry Date_ma")): Object: 'Object Repository/Property(owner)/poa/Page_Chiragh/button_Passport Expiry Date_ma' is clicked on

2019-04-26 14:55:03 - [MESSAGE][PASSED] - Object: 'Object Repository/Property(owner)/poa/Page_Chiragh/button_Passport Expiry Date_ma' is clicked on

2019-04-26 14:55:03 - [TEST_STEP][PASSED] - click(findTestObject("Object Repository/Property(owner)/poa/Page_Chiragh/Page_Chiragh/button_FEB 2019")): Object: 'Object Repository/Property(owner)/poa/Page_Chiragh/Page_Chiragh/button_FEB 2019' is clicked on

2019-04-26 14:55:03 - [MESSAGE][PASSED] - Object: 'Object Repository/Property(owner)/poa/Page_Chiragh/Page_Chiragh/button_FEB 2019' is clicked on

2019-04-26 14:55:03 - [TEST_STEP][PASSED] - click(findTestObject("Object Repository/Property(owner)/poa/Page_Chiragh/div_2021")): Object: 'Object Repository/Property(owner)/poa/Page_Chiragh/div_2021' is clicked on

2019-04-26 14:55:03 - [MESSAGE][PASSED] - Object: 'Object Repository/Property(owner)/poa/Page_Chiragh/div_2021' is clicked on

2019-04-26 14:55:03 - [TEST_STEP][PASSED] - click(findTestObject("Object Repository/Property(owner)/poa/Page_Chiragh/div_DEC")): Object: 'Object Repository/Property(owner)/poa/Page_Chiragh/div_DEC' is clicked on

2019-04-26 14:55:03 - [MESSAGE][PASSED] - Object: 'Object Repository/Property(owner)/poa/Page_Chiragh/div_DEC' is clicked on

2019-04-26 14:55:03 - [TEST_STEP][PASSED] - click(findTestObject("Object Repository/Property(owner)/poa/Page_Chiragh/div_27"), STOP_ON_FAILURE): Object: 'Object Repository/Property(owner)/poa/Page_Chiragh/div_27' is clicked on

2019-04-26 14:55:04 - [MESSAGE][PASSED] - Object: 'Object Repository/Property(owner)/poa/Page_Chiragh/div_27' is clicked on

2019-04-26 14:55:04 - [TEST_STEP][PASSED] - poaidcard = RandomStringUtils.randomNumeric(7): null

2019-04-26 14:55:04 - [TEST_STEP][PASSED] - setText(findTestObject("Object Repository/Property(owner)/poa/Page_Chiragh/input_ID Card Number_idCardNo"), poaidcard): Text '6553118' is set on object 'Object Repository/Property(owner)/poa/Page_Chiragh/input_ID Card Number_idCardNo'

2019-04-26 14:55:04 - [MESSAGE][PASSED] - Text '6553118' is set on object 'Object Repository/Property(owner)/poa/Page_Chiragh/input_ID Card Number_idCardNo'

2019-04-26 14:55:04 - [TEST_STEP][PASSED] - delay(3): Delayed 3 second(s)

2019-04-26 14:55:07 - [MESSAGE][PASSED] - Delayed 3 second(s)

2019-04-26 14:55:07 - [TEST_STEP][PASSED] - click(findTestObject("Object Repository/Property(owner)/poa/Page_Chiragh/mat-form-field_ID Card Expiry")): Object: 'Object Repository/Property(owner)/poa/Page_Chiragh/mat-form-field_ID Card Expiry' is clicked on

2019-04-26 14:55:07 - [MESSAGE][PASSED] - Object: 'Object Repository/Property(owner)/poa/Page_Chiragh/mat-form-field_ID Card Expiry' is clicked on

2019-04-26 14:55:07 - [TEST_STEP][PASSED] - click(findTestObject("Object Repository/Property(owner)/poa/Page_Chiragh/button_ID Card Expiry Date_mat")): Object: 'Object Repository/Property(owner)/poa/Page_Chiragh/button_ID Card Expiry Date_mat' is clicked on

2019-04-26 14:55:07 - [MESSAGE][PASSED] - Object: 'Object Repository/Property(owner)/poa/Page_Chiragh/button_ID Card Expiry Date_mat' is clicked on

2019-04-26 14:55:07 - [TEST_STEP][PASSED] - click(findTestObject("Object Repository/Property(owner)/poa/id card expiry/Page_Chiragh/button_JAN 2019")): Object: 'Object Repository/Property(owner)/poa/id card expiry/Page_Chiragh/button_JAN 2019' is clicked on

2019-04-26 14:55:08 - [MESSAGE][PASSED] - Object: 'Object Repository/Property(owner)/poa/id card expiry/Page_Chiragh/button_JAN 2019' is clicked on

2019-04-26 14:55:08 - [TEST_STEP][PASSED] - verifyElementPresent(findTestObject("Object Repository/Property(owner)/poa/id card expiry/Page_Chiragh/div_20162017201820192020202120"), 5): Object 'Object Repository/Property(owner)/poa/id card expiry/Page_Chiragh/div_20162017201820192020202120' is present

2019-04-26 14:55:08 - [MESSAGE][PASSED] - Object 'Object Repository/Property(owner)/poa/id card expiry/Page_Chiragh/div_20162017201820192020202120' is present

2019-04-26 14:55:08 - [TEST_STEP][PASSED] - click(findTestObject("Object Repository/Property(owner)/poa/id card expiry/Page_Chiragh/div_2021")): Object: 'Object Repository/Property(owner)/poa/id card expiry/Page_Chiragh/div_2021' is clicked on

2019-04-26 14:55:08 - [MESSAGE][PASSED] - Object: 'Object Repository/Property(owner)/poa/id card expiry/Page_Chiragh/div_2021' is clicked on

2019-04-26 14:55:08 - [TEST_STEP][PASSED] - click(findTestObject("Object Repository/Property(owner)/poa/id card expiry/Page_Chiragh/div_SEP")): Object: 'Object Repository/Property(owner)/poa/id card expiry/Page_Chiragh/div_SEP' is clicked on

2019-04-26 14:55:08 - [MESSAGE][PASSED] - Object: 'Object Repository/Property(owner)/poa/id card expiry/Page_Chiragh/div_SEP' is clicked on

2019-04-26 14:55:08 - [TEST_STEP][PASSED] - click(findTestObject("Object Repository/Property(owner)/poa/id card expiry/Page_Chiragh/div_16"), STOP_ON_FAILURE): Object: 'Object Repository/Property(owner)/poa/id card expiry/Page_Chiragh/div_16' is clicked on

2019-04-26 14:55:08 - [MESSAGE][PASSED] - Object: 'Object Repository/Property(owner)/poa/id card expiry/Page_Chiragh/div_16' is clicked on

2019-04-26 14:55:08 - [TEST_STEP][PASSED] - delay(5): Delayed 5 second(s)

2019-04-26 14:55:13 - [MESSAGE][PASSED] - Delayed 5 second(s)

2019-04-26 14:55:13 - [TEST_STEP][PASSED] - click(findTestObject("Object Repository/Property(owner)/poa/Page_Chiragh/Page_Chiragh/span_Select")): Object: 'Object Repository/Property(owner)/poa/Page_Chiragh/Page_Chiragh/span_Select' is clicked on

2019-04-26 14:55:13 - [MESSAGE][PASSED] - Object: 'Object Repository/Property(owner)/poa/Page_Chiragh/Page_Chiragh/span_Select' is clicked on

2019-04-26 14:55:13 - [TEST_STEP][PASSED] - setText(findTestObject("Object Repository/Property(owner)/poa/Page_Chiragh/Page_Chiragh/input__select2-search__field"), "971"): Text '971' is set on object 'Object Repository/Property(owner)/poa/Page_Chiragh/Page_Chiragh/input__select2-search__field'

2019-04-26 14:55:14 - [MESSAGE][PASSED] - Text '971' is set on object 'Object Repository/Property(owner)/poa/Page_Chiragh/Page_Chiragh/input__select2-search__field'

2019-04-26 14:55:14 - [TEST_STEP][PASSED] - sendKeys(findTestObject("Object Repository/Property(owner)/poa/Page_Chiragh/Page_Chiragh/input__select2-search__field"), Keys.chord(ENTER)): Keys 'ENTER + ' sent to object: 'Object Repository/Property(owner)/poa/Page_Chiragh/Page_Chiragh/input__select2-search__field'

2019-04-26 14:55:14 - [MESSAGE][PASSED] - Keys 'ENTER + ' sent to object: 'Object Repository/Property(owner)/poa/Page_Chiragh/Page_Chiragh/input__select2-search__field'

2019-04-26 14:55:14 - [TEST_STEP][PASSED] - poaphnno = RandomStringUtils.randomNumeric(7): null

2019-04-26 14:55:14 - [TEST_STEP][PASSED] - setText(findTestObject("Object Repository/Property(owner)/poa/Page_Chiragh/input_Phone Number_telephone"), poaphnno): Text '2153717' is set on object 'Object Repository/Property(owner)/poa/Page_Chiragh/input_Phone Number_telephone'

2019-04-26 14:55:14 - [MESSAGE][PASSED] - Text '2153717' is set on object 'Object Repository/Property(owner)/poa/Page_Chiragh/input_Phone Number_telephone'

2019-04-26 14:55:14 - [TEST_STEP][PASSED] - click(findTestObject("Object Repository/Property(owner)/poa/Mobile Number/Page_Chiragh/span_Select")): Object: 'Object Repository/Property(owner)/poa/Mobile Number/Page_Chiragh/span_Select' is clicked on

2019-04-26 14:55:14 - [MESSAGE][PASSED] - Object: 'Object Repository/Property(owner)/poa/Mobile Number/Page_Chiragh/span_Select' is clicked on

2019-04-26 14:55:14 - [TEST_STEP][PASSED] - setText(findTestObject("Object Repository/Property(owner)/poa/Mobile Number/Page_Chiragh/input__select2-search__field"), "971"): Text '971' is set on object 'Object Repository/Property(owner)/poa/Mobile Number/Page_Chiragh/input__select2-search__field'

2019-04-26 14:55:14 - [MESSAGE][PASSED] - Text '971' is set on object 'Object Repository/Property(owner)/poa/Mobile Number/Page_Chiragh/input__select2-search__field'

2019-04-26 14:55:14 - [TEST_STEP][PASSED] - sendKeys(findTestObject("Object Repository/Property(owner)/poa/Mobile Number/Page_Chiragh/input__select2-search__field"), Keys.chord(ENTER)): Keys 'ENTER + ' sent to object: 'Object Repository/Property(owner)/poa/Mobile Number/Page_Chiragh/input__select2-search__field'

2019-04-26 14:55:14 - [MESSAGE][PASSED] - Keys 'ENTER + ' sent to object: 'Object Repository/Property(owner)/poa/Mobile Number/Page_Chiragh/input__select2-search__field'

2019-04-26 14:55:14 - [TEST_STEP][PASSED] - poamobno = RandomStringUtils.randomNumeric(7): null

2019-04-26 14:55:14 - [TEST_STEP][PASSED] - setText(findTestObject("Object Repository/Property(owner)/poa/Page_Chiragh/input_Mobile Number_mobile"), poamobno): Text '7338788' is set on object 'Object Repository/Property(owner)/poa/Page_Chiragh/input_Mobile Number_mobile'

2019-04-26 14:55:15 - [MESSAGE][PASSED] - Text '7338788' is set on object 'Object Repository/Property(owner)/poa/Page_Chiragh/input_Mobile Number_mobile'

2019-04-26 14:55:15 - [TEST_STEP][PASSED] - poaemail = RandomStringUtils.randomAlphanumeric(3): null

2019-04-26 14:55:15 - [TEST_STEP][PASSED] - setText(findTestObject("Object Repository/Property(owner)/poa/Page_Chiragh/input_Email_email"), poaemail + "@GMAIL.COM"): Text '1wg@GMAIL.COM' is set on object 'Object Repository/Property(owner)/poa/Page_Chiragh/input_Email_email'

2019-04-26 14:55:15 - [MESSAGE][PASSED] - Text '1wg@GMAIL.COM' is set on object 'Object Repository/Property(owner)/poa/Page_Chiragh/input_Email_email'

2019-04-26 14:55:15 - [TEST_STEP][PASSED] - setText(findTestObject("Object Repository/Property(owner)/poa/Page_Chiragh/input_Address_userAddress"), poaaddress): Text '00133 Boehm Ports' is set on object 'Object Repository/Property(owner)/poa/Page_Chiragh/input_Address_userAddress'

2019-04-26 14:55:16 - [MESSAGE][PASSED] - Text '00133 Boehm Ports' is set on object 'Object Repository/Property(owner)/poa/Page_Chiragh/input_Address_userAddress'

2019-04-26 14:55:16 - [TEST_STEP][PASSED] - click(findTestObject("Object Repository/Property(owner)/poa/country/Page_Chiragh/span_Select")): Object: 'Object Repository/Property(owner)/poa/country/Page_Chiragh/span_Select' is clicked on

2019-04-26 14:55:16 - [MESSAGE][PASSED] - Object: 'Object Repository/Property(owner)/poa/country/Page_Chiragh/span_Select' is clicked on

2019-04-26 14:55:16 - [TEST_STEP][PASSED] - setText(findTestObject("Object Repository/Property(owner)/poa/country/Page_Chiragh/input__select2-search__field"), "ARAB E"): Text 'ARAB E' is set on object 'Object Repository/Property(owner)/poa/country/Page_Chiragh/input__select2-search__field'

2019-04-26 14:55:16 - [MESSAGE][PASSED] - Text 'ARAB E' is set on object 'Object Repository/Property(owner)/poa/country/Page_Chiragh/input__select2-search__field'

2019-04-26 14:55:16 - [TEST_STEP][PASSED] - sendKeys(findTestObject("Object Repository/Property(owner)/poa/country/Page_Chiragh/input__select2-search__field"), Keys.chord(ENTER)): Keys 'ENTER + ' sent to object: 'Object Repository/Property(owner)/poa/country/Page_Chiragh/input__select2-search__field'

2019-04-26 14:55:16 - [MESSAGE][PASSED] - Keys 'ENTER + ' sent to object: 'Object Repository/Property(owner)/poa/country/Page_Chiragh/input__select2-search__field'

2019-04-26 14:55:16 - [TEST_STEP][PASSED] - click(findTestObject("Object Repository/Property(owner)/poa/city/Page_Chiragh/span_Select")): Object: 'Object Repository/Property(owner)/poa/city/Page_Chiragh/span_Select' is clicked on

2019-04-26 14:55:17 - [MESSAGE][PASSED] - Object: 'Object Repository/Property(owner)/poa/city/Page_Chiragh/span_Select' is clicked on

2019-04-26 14:55:17 - [TEST_STEP][PASSED] - setText(findTestObject("Object Repository/Property(owner)/poa/city/Page_Chiragh/input__select2-search__field"), "SHA"): Text 'SHA' is set on object 'Object Repository/Property(owner)/poa/city/Page_Chiragh/input__select2-search__field'

2019-04-26 14:55:17 - [MESSAGE][PASSED] - Text 'SHA' is set on object 'Object Repository/Property(owner)/poa/city/Page_Chiragh/input__select2-search__field'

2019-04-26 14:55:17 - [TEST_STEP][PASSED] - sendKeys(findTestObject("Object Repository/Property(owner)/poa/city/Page_Chiragh/input__select2-search__field"), Keys.chord(ENTER)): Keys 'ENTER + ' sent to object: 'Object Repository/Property(owner)/poa/city/Page_Chiragh/input__select2-search__field'

2019-04-26 14:55:17 - [MESSAGE][PASSED] - Keys 'ENTER + ' sent to object: 'Object Repository/Property(owner)/poa/city/Page_Chiragh/input__select2-search__field'

2019-04-26 14:55:17 - [TEST_STEP][PASSED] - poapobox = RandomStringUtils.randomNumeric(7): null

2019-04-26 14:55:17 - [TEST_STEP][PASSED] - setText(findTestObject("Object Repository/Property(owner)/poa/Page_Chiragh/input_P.O.Box_pobox"), poapobox): Text '3687567' is set on object 'Object Repository/Property(owner)/poa/Page_Chiragh/input_P.O.Box_pobox'

2019-04-26 14:55:17 - [MESSAGE][PASSED] - Text '3687567' is set on object 'Object Repository/Property(owner)/poa/Page_Chiragh/input_P.O.Box_pobox'

2019-04-26 14:55:17 - [TEST_STEP][PASSED] - poano = RandomStringUtils.randomNumeric(7): null

2019-04-26 14:55:17 - [TEST_STEP][PASSED] - setText(findTestObject("Object Repository/Property(owner)/poa/Page_Chiragh/input_POA Number_poaNumber"), poano): Text '0123066' is set on object 'Object Repository/Property(owner)/poa/Page_Chiragh/input_POA Number_poaNumber'

2019-04-26 14:55:17 - [MESSAGE][PASSED] - Text '0123066' is set on object 'Object Repository/Property(owner)/poa/Page_Chiragh/input_POA Number_poaNumber'

2019-04-26 14:55:17 - [TEST_STEP][PASSED] - click(findTestObject("Object Repository/Property(owner)/poa/poa expiry date/Page_Chiragh/div_POA Expiry Date_mat-form-f")): Object: 'Object Repository/Property(owner)/poa/poa expiry date/Page_Chiragh/div_POA Expiry Date_mat-form-f' is clicked on

2019-04-26 14:55:18 - [MESSAGE][PASSED] - Object: 'Object Repository/Property(owner)/poa/poa expiry date/Page_Chiragh/div_POA Expiry Date_mat-form-f' is clicked on

2019-04-26 14:55:18 - [TEST_STEP][PASSED] - click(findTestObject("Object Repository/Property(owner)/poa/poa expiry date/Page_Chiragh/button_POA Expiry Date_mat-ico")): Object: 'Object Repository/Property(owner)/poa/poa expiry date/Page_Chiragh/button_POA Expiry Date_mat-ico' is clicked on

2019-04-26 14:55:18 - [MESSAGE][PASSED] - Object: 'Object Repository/Property(owner)/poa/poa expiry date/Page_Chiragh/button_POA Expiry Date_mat-ico' is clicked on

2019-04-26 14:55:18 - [TEST_STEP][PASSED] - click(findTestObject("Object Repository/Property(owner)/poa/poa expiry date/Page_Chiragh/button_JAN 2019")): Object: 'Object Repository/Property(owner)/poa/poa expiry date/Page_Chiragh/button_JAN 2019' is clicked on

2019-04-26 14:55:18 - [MESSAGE][PASSED] - Object: 'Object Repository/Property(owner)/poa/poa expiry date/Page_Chiragh/button_JAN 2019' is clicked on

2019-04-26 14:55:18 - [TEST_STEP][PASSED] - click(findTestObject("Object Repository/Property(owner)/poa/poa expiry date/Page_Chiragh/div_2021")): Object: 'Object Repository/Property(owner)/poa/poa expiry date/Page_Chiragh/div_2021' is clicked on

2019-04-26 14:55:18 - [MESSAGE][PASSED] - Object: 'Object Repository/Property(owner)/poa/poa expiry date/Page_Chiragh/div_2021' is clicked on

2019-04-26 14:55:18 - [TEST_STEP][PASSED] - click(findTestObject("Object Repository/Property(owner)/poa/poa expiry date/Page_Chiragh/div_AUG")): Object: 'Object Repository/Property(owner)/poa/poa expiry date/Page_Chiragh/div_AUG' is clicked on

2019-04-26 14:55:18 - [MESSAGE][PASSED] - Object: 'Object Repository/Property(owner)/poa/poa expiry date/Page_Chiragh/div_AUG' is clicked on

2019-04-26 14:55:18 - [TEST_STEP][PASSED] - click(findTestObject("Object Repository/Property(owner)/poa/poa expiry date/Page_Chiragh/div_11")): Object: 'Object Repository/Property(owner)/poa/poa expiry date/Page_Chiragh/div_11' is clicked on

2019-04-26 14:55:19 - [MESSAGE][PASSED] - Object: 'Object Repository/Property(owner)/poa/poa expiry date/Page_Chiragh/div_11' is clicked on

2019-04-26 14:55:19 - [TEST_STEP][PASSED] - click(findTestObject("Object Repository/Property(owner)/poa/Page_Chiragh/mat-select_Select One_1")): Object: 'Object Repository/Property(owner)/poa/Page_Chiragh/mat-select_Select One_1' is clicked on

2019-04-26 14:55:19 - [MESSAGE][PASSED] - Object: 'Object Repository/Property(owner)/poa/Page_Chiragh/mat-select_Select One_1' is clicked on

2019-04-26 14:55:19 - [TEST_STEP][PASSED] - click(findTestObject("Object Repository/Property(owner)/poa/Page_Chiragh/mat-option_Individual Property")): Object: 'Object Repository/Property(owner)/poa/Page_Chiragh/mat-option_Individual Property' is clicked on

2019-04-26 14:55:19 - [MESSAGE][PASSED] - Object: 'Object Repository/Property(owner)/poa/Page_Chiragh/mat-option_Individual Property' is clicked on

2019-04-26 14:55:19 - [TEST_STEP][PASSED] - scrollToElement(findTestObject("Object Repository/Property(owner)/poa/Scanned Passport Copy/Page_Chiragh/div_jpg png pdf accepted with"), 5): Scroll to object 'Object Repository/Property(owner)/poa/Scanned Passport Copy/Page_Chiragh/div_jpg png pdf accepted with' successfully

2019-04-26 14:55:19 - [MESSAGE][PASSED] - Scroll to object 'Object Repository/Property(owner)/poa/Scanned Passport Copy/Page_Chiragh/div_jpg png pdf accepted with' successfully

2019-04-26 14:55:19 - [TEST_STEP][PASSED] - verifyElementPresent(findTestObject("Object Repository/Property(owner)/poa/Scanned Passport Copy/Page_Chiragh/div_jpg png pdf accepted with"), 5): Object 'Object Repository/Property(owner)/poa/Scanned Passport Copy/Page_Chiragh/div_jpg png pdf accepted with' is present

2019-04-26 14:55:19 - [MESSAGE][PASSED] - Object 'Object Repository/Property(owner)/poa/Scanned Passport Copy/Page_Chiragh/div_jpg png pdf accepted with' is present

2019-04-26 14:55:19 - [TEST_STEP][PASSED] - delay(6): Delayed 6 second(s)

2019-04-26 14:55:25 - [MESSAGE][PASSED] - Delayed 6 second(s)

2019-04-26 14:55:25 - [TEST_STEP][PASSED] - uploadFile(findTestObject("Object Repository/Property(owner)/poa/Scanned Passport Copy/Page_Chiragh/div_Scanned Passport Copy_doc-"), "C:\Users\HP\Katalon Studio\register\Include\images\Scanned Passport Copy.png"): File 'C:\Users\HP\Katalon Studio\register\Include\images\Scanned Passport Copy.png' sent to object: 'Object Repository/Property(owner)/poa/Scanned Passport Copy/Page_Chiragh/div_Scanned Passport Copy_doc-'

2019-04-26 14:55:25 - [MESSAGE][PASSED] - File 'C:\Users\HP\Katalon Studio\register\Include\images\Scanned Passport Copy.png' sent to object: 'Object Repository/Property(owner)/poa/Scanned Passport Copy/Page_Chiragh/div_Scanned Passport Copy_doc-'

2019-04-26 14:55:25 - [TEST_STEP][PASSED] - scrollToElement(findTestObject("Object Repository/Property(owner)/poa/Scanned Notarized POA/Page_Chiragh/div_Upload_upload-doc-div"), 5): Scroll to object 'Object Repository/Property(owner)/poa/Scanned Notarized POA/Page_Chiragh/div_Upload_upload-doc-div' successfully

2019-04-26 14:55:25 - [MESSAGE][PASSED] - Scroll to object 'Object Repository/Property(owner)/poa/Scanned Notarized POA/Page_Chiragh/div_Upload_upload-doc-div' successfully

2019-04-26 14:55:25 - [TEST_STEP][PASSED] - verifyElementPresent(findTestObject("Object Repository/Property(owner)/poa/Scanned Notarized POA/Page_Chiragh/div_Upload_upload-doc-div"), 5): Object 'Object Repository/Property(owner)/poa/Scanned Notarized POA/Page_Chiragh/div_Upload_upload-doc-div' is present

2019-04-26 14:55:25 - [MESSAGE][PASSED] - Object 'Object Repository/Property(owner)/poa/Scanned Notarized POA/Page_Chiragh/div_Upload_upload-doc-div' is present

2019-04-26 14:55:25 - [TEST_STEP][PASSED] - delay(7): Delayed 7 second(s)

2019-04-26 14:55:32 - [MESSAGE][PASSED] - Delayed 7 second(s)

2019-04-26 14:55:32 - [TEST_STEP][PASSED] - uploadFile(findTestObject("Object Repository/Property(owner)/poa/Scanned Notarized POA/Page_Chiragh/div_(International POA should"), "C:\Users\HP\Katalon Studio\register\Include\images\Scanned Passport Copy.png"): File 'C:\Users\HP\Katalon Studio\register\Include\images\Scanned Passport Copy.png' sent to object: 'Object Repository/Property(owner)/poa/Scanned Notarized POA/Page_Chiragh/div_(International POA should'

2019-04-26 14:55:32 - [MESSAGE][PASSED] - File 'C:\Users\HP\Katalon Studio\register\Include\images\Scanned Passport Copy.png' sent to object: 'Object Repository/Property(owner)/poa/Scanned Notarized POA/Page_Chiragh/div_(International POA should'

2019-04-26 14:55:32 - [TEST_STEP][PASSED] - click(findTestObject("Object Repository/Property(owner)/poa/Page_Chiragh/span_General POA not accepted_")): Object: 'Object Repository/Property(owner)/poa/Page_Chiragh/span_General POA not accepted_' is clicked on

2019-04-26 14:55:32 - [MESSAGE][PASSED] - Object: 'Object Repository/Property(owner)/poa/Page_Chiragh/span_General POA not accepted_' is clicked on

2019-04-26 14:55:32 - [TEST_STEP][PASSED] - delay(3): Delayed 3 second(s)

2019-04-26 14:55:35 - [MESSAGE][PASSED] - Delayed 3 second(s)

2019-04-26 14:55:35 - [TEST_STEP][PASSED] - click(findTestObject("Object Repository/Property(owner)/poa/Page_Chiragh/button_Next")): Object: 'Object Repository/Property(owner)/poa/Page_Chiragh/button_Next' is clicked on

2019-04-26 14:55:36 - [MESSAGE][PASSED] - Object: 'Object Repository/Property(owner)/poa/Page_Chiragh/button_Next' is clicked on

2019-04-26 14:55:36 - [TEST_STEP][PASSED] - verifyElementPresent(findTestObject("Object Repository/Property(owner)/poa/Page_Chiragh/snack-bar-container_Data  Save"), 5): Object 'Object Repository/Property(owner)/poa/Page_Chiragh/snack-bar-container_Data  Save' is present

2019-04-26 14:55:37 - [MESSAGE][PASSED] - Object 'Object Repository/Property(owner)/poa/Page_Chiragh/snack-bar-container_Data  Save' is present

2019-04-26 14:55:37 - [TEST_STEP][PASSED] - verifyElementPresent(findTestObject("Object Repository/Property(owner)/poa/Page_Chiragh/span_Data  Saved Successfully"), 5): Object 'Object Repository/Property(owner)/poa/Page_Chiragh/span_Data  Saved Successfully' is present

2019-04-26 14:55:37 - [MESSAGE][PASSED] - Object 'Object Repository/Property(owner)/poa/Page_Chiragh/span_Data  Saved Successfully' is present

2019-04-26 14:55:37 - [TEST_STEP][PASSED] - verifyElementPresent(findTestObject("Object Repository/Property(owner)/poa/Page_Chiragh/div_Property DetailsArea Detai"), 5): Object 'Object Repository/Property(owner)/poa/Page_Chiragh/div_Property DetailsArea Detai' is present

2019-04-26 14:55:37 - [MESSAGE][PASSED] - Object 'Object Repository/Property(owner)/poa/Page_Chiragh/div_Property DetailsArea Detai' is present

2019-04-26 14:55:37 - [TEST_STEP][PASSED] - delay(3): Delayed 3 second(s)

2019-04-26 14:55:40 - [MESSAGE][PASSED] - Delayed 3 second(s)

2019-04-26 14:55:40 - [TEST_STEP][PASSED] - click(findTestObject("Object Repository/Property(owner)/property/Property Status/Page_Chiragh/mat-select_Select One")): Object: 'Object Repository/Property(owner)/property/Property Status/Page_Chiragh/mat-select_Select One' is clicked on

2019-04-26 14:55:40 - [MESSAGE][PASSED] - Object: 'Object Repository/Property(owner)/property/Property Status/Page_Chiragh/mat-select_Select One' is clicked on

2019-04-26 14:55:40 - [TEST_STEP][PASSED] - click(findTestObject("Object Repository/Property(owner)/property/Property Status/Page_Chiragh/span_Other")): Object: 'Object Repository/Property(owner)/property/Property Status/Page_Chiragh/span_Other' is clicked on

2019-04-26 14:55:40 - [MESSAGE][PASSED] - Object: 'Object Repository/Property(owner)/property/Property Status/Page_Chiragh/span_Other' is clicked on

2019-04-26 14:55:40 - [TEST_STEP][PASSED] - setText(findTestObject("Object Repository/Property(owner)/property/Property Status/Page_Chiragh/input_Other_propertyStatusOthe"), "in progress"): Text 'in progress' is set on object 'Object Repository/Property(owner)/property/Property Status/Page_Chiragh/input_Other_propertyStatusOthe'

2019-04-26 14:55:41 - [MESSAGE][PASSED] - Text 'in progress' is set on object 'Object Repository/Property(owner)/property/Property Status/Page_Chiragh/input_Other_propertyStatusOthe'

2019-04-26 14:55:41 - [TEST_STEP][PASSED] - delay(3): Delayed 3 second(s)

2019-04-26 14:55:44 - [MESSAGE][PASSED] - Delayed 3 second(s)

2019-04-26 14:55:44 - [TEST_STEP][PASSED] - titledeed = RandomStringUtils.randomAlphanumeric(7): null

2019-04-26 14:55:44 - [TEST_STEP][PASSED] - setText(findTestObject("Object Repository/Property(owner)/property/Page_Chiragh/input_Title Deed Number_titlDe"), titledeed): Text 'hTi9l0S' is set on object 'Object Repository/Property(owner)/property/Page_Chiragh/input_Title Deed Number_titlDe'

2019-04-26 14:55:44 - [MESSAGE][PASSED] - Text 'hTi9l0S' is set on object 'Object Repository/Property(owner)/property/Page_Chiragh/input_Title Deed Number_titlDe'

2019-04-26 14:55:44 - [TEST_STEP][PASSED] - oqoodino = RandomStringUtils.randomAlphanumeric(7): null

2019-04-26 14:55:44 - [TEST_STEP][PASSED] - setText(findTestObject("Object Repository/Property(owner)/property/Page_Chiragh/input_Oqoodi Number_oqoodiNo"), oqoodino): Text 'r0ty9og' is set on object 'Object Repository/Property(owner)/property/Page_Chiragh/input_Oqoodi Number_oqoodiNo'

2019-04-26 14:55:44 - [MESSAGE][PASSED] - Text 'r0ty9og' is set on object 'Object Repository/Property(owner)/property/Page_Chiragh/input_Oqoodi Number_oqoodiNo'

2019-04-26 14:55:44 - [TEST_STEP][PASSED] - makanino = RandomStringUtils.randomAlphanumeric(7): null

2019-04-26 14:55:44 - [TEST_STEP][PASSED] - setText(findTestObject("Object Repository/Property(owner)/property/Page_Chiragh/input_Makani Number_makaniNo"), makanino): Text 'rAfs7RN' is set on object 'Object Repository/Property(owner)/property/Page_Chiragh/input_Makani Number_makaniNo'

2019-04-26 14:55:45 - [MESSAGE][PASSED] - Text 'rAfs7RN' is set on object 'Object Repository/Property(owner)/property/Page_Chiragh/input_Makani Number_makaniNo'

2019-04-26 14:55:45 - [TEST_STEP][PASSED] - verifyElementPresent(findTestObject("Object Repository/Property(owner)/property/Type of Area/Page_Chiragh/mat-select_Select One"), 7): Object 'Object Repository/Property(owner)/property/Type of Area/Page_Chiragh/mat-select_Select One' is present

2019-04-26 14:55:45 - [MESSAGE][PASSED] - Object 'Object Repository/Property(owner)/property/Type of Area/Page_Chiragh/mat-select_Select One' is present

2019-04-26 14:55:45 - [TEST_STEP][PASSED] - click(findTestObject("Object Repository/Property(owner)/property/Type of Area/Page_Chiragh/mat-select_Select One")): Object: 'Object Repository/Property(owner)/property/Type of Area/Page_Chiragh/mat-select_Select One' is clicked on

2019-04-26 14:55:45 - [MESSAGE][PASSED] - Object: 'Object Repository/Property(owner)/property/Type of Area/Page_Chiragh/mat-select_Select One' is clicked on

2019-04-26 14:55:45 - [TEST_STEP][PASSED] - click(findTestObject("Object Repository/Property(owner)/property/Type of Area/Page_Chiragh/span_Lease Hold")): Object: 'Object Repository/Property(owner)/property/Type of Area/Page_Chiragh/span_Lease Hold' is clicked on

2019-04-26 14:55:45 - [MESSAGE][PASSED] - Object: 'Object Repository/Property(owner)/property/Type of Area/Page_Chiragh/span_Lease Hold' is clicked on

2019-04-26 14:55:45 - [TEST_STEP][PASSED] - delay(3): Delayed 3 second(s)

2019-04-26 14:55:48 - [MESSAGE][PASSED] - Delayed 3 second(s)

2019-04-26 14:55:48 - [TEST_STEP][PASSED] - click(findTestObject("Object Repository/Property(owner)/property/Type of Property/Page_Chiragh/mat-select_Select One")): Object: 'Object Repository/Property(owner)/property/Type of Property/Page_Chiragh/mat-select_Select One' is clicked on

2019-04-26 14:55:48 - [MESSAGE][PASSED] - Object: 'Object Repository/Property(owner)/property/Type of Property/Page_Chiragh/mat-select_Select One' is clicked on

2019-04-26 14:55:48 - [TEST_STEP][PASSED] - delay(3): Delayed 3 second(s)

2019-04-26 14:55:51 - [MESSAGE][PASSED] - Delayed 3 second(s)

2019-04-26 14:55:51 - [TEST_STEP][PASSED] - click(findTestObject("Object Repository/Property(owner)/property/Type of Property/Page_Chiragh/Page_Chiragh/span_Other")): Object: 'Object Repository/Property(owner)/property/Type of Property/Page_Chiragh/Page_Chiragh/span_Other' is clicked on

2019-04-26 14:55:51 - [MESSAGE][PASSED] - Object: 'Object Repository/Property(owner)/property/Type of Property/Page_Chiragh/Page_Chiragh/span_Other' is clicked on

2019-04-26 14:55:51 - [TEST_STEP][PASSED] - setText(findTestObject("Object Repository/Property(owner)/property/Type of Property/Page_Chiragh/input_Other_typePropertyOther"), "villa"): Text 'villa' is set on object 'Object Repository/Property(owner)/property/Type of Property/Page_Chiragh/input_Other_typePropertyOther'

2019-04-26 14:55:52 - [MESSAGE][PASSED] - Text 'villa' is set on object 'Object Repository/Property(owner)/property/Type of Property/Page_Chiragh/input_Other_typePropertyOther'

2019-04-26 14:55:52 - [TEST_STEP][PASSED] - delay(3): Delayed 3 second(s)

2019-04-26 14:55:55 - [MESSAGE][PASSED] - Delayed 3 second(s)

2019-04-26 14:55:55 - [TEST_STEP][PASSED] - setText(findTestObject("Object Repository/Property(owner)/property/Page_Chiragh/input_Project Name_projectName"), projectname): Text 'Juliana Keys' is set on object 'Object Repository/Property(owner)/property/Page_Chiragh/input_Project Name_projectName'

2019-04-26 14:55:55 - [MESSAGE][PASSED] - Text 'Juliana Keys' is set on object 'Object Repository/Property(owner)/property/Page_Chiragh/input_Project Name_projectName'

2019-04-26 14:55:55 - [TEST_STEP][PASSED] - plotno = RandomStringUtils.randomAlphanumeric(7): null

2019-04-26 14:55:55 - [TEST_STEP][PASSED] - setText(findTestObject("Object Repository/Property(owner)/property/Page_Chiragh/input_Plot Number_plotNo"), plotno): Text 's4aBnnC' is set on object 'Object Repository/Property(owner)/property/Page_Chiragh/input_Plot Number_plotNo'

2019-04-26 14:55:55 - [MESSAGE][PASSED] - Text 's4aBnnC' is set on object 'Object Repository/Property(owner)/property/Page_Chiragh/input_Plot Number_plotNo'

2019-04-26 14:55:55 - [TEST_STEP][PASSED] - setText(findTestObject("Object Repository/Property(owner)/property/Page_Chiragh/input_Building Name_bulidingNa"), projectname): Text 'Juliana Keys' is set on object 'Object Repository/Property(owner)/property/Page_Chiragh/input_Building Name_bulidingNa'

2019-04-26 14:55:56 - [MESSAGE][PASSED] - Text 'Juliana Keys' is set on object 'Object Repository/Property(owner)/property/Page_Chiragh/input_Building Name_bulidingNa'

2019-04-26 14:55:56 - [TEST_STEP][PASSED] - buildingnumber = RandomStringUtils.randomAlphanumeric(3): null

2019-04-26 14:55:56 - [TEST_STEP][PASSED] - setText(findTestObject("Object Repository/Property(owner)/property/Page_Chiragh/input_Building Number_buliding"), buildingnumber): Text 'Cqq' is set on object 'Object Repository/Property(owner)/property/Page_Chiragh/input_Building Number_buliding'

2019-04-26 14:55:56 - [MESSAGE][PASSED] - Text 'Cqq' is set on object 'Object Repository/Property(owner)/property/Page_Chiragh/input_Building Number_buliding'

2019-04-26 14:55:56 - [TEST_STEP][PASSED] - officeno = RandomStringUtils.randomAlphanumeric(3): null

2019-04-26 14:55:56 - [TEST_STEP][PASSED] - setText(findTestObject("Object Repository/Property(owner)/property/Page_Chiragh/input_FlatOffice No._officeNo"), officeno): Text 'BDR' is set on object 'Object Repository/Property(owner)/property/Page_Chiragh/input_FlatOffice No._officeNo'

2019-04-26 14:55:56 - [MESSAGE][PASSED] - Text 'BDR' is set on object 'Object Repository/Property(owner)/property/Page_Chiragh/input_FlatOffice No._officeNo'

2019-04-26 14:55:56 - [TEST_STEP][PASSED] - netarea = RandomStringUtils.randomNumeric(3): null

2019-04-26 14:55:56 - [TEST_STEP][PASSED] - setText(findTestObject("Object Repository/Property(owner)/property/area/input_Net Area_netArea"), netarea): Text '363' is set on object 'Object Repository/Property(owner)/property/area/input_Net Area_netArea'

2019-04-26 14:55:56 - [MESSAGE][PASSED] - Text '363' is set on object 'Object Repository/Property(owner)/property/area/input_Net Area_netArea'

2019-04-26 14:55:56 - [TEST_STEP][PASSED] - click(findTestObject("Object Repository/Property(owner)/property/area/Page_Chiragh/mat-select_Select One")): Object: 'Object Repository/Property(owner)/property/area/Page_Chiragh/mat-select_Select One' is clicked on

2019-04-26 14:55:57 - [MESSAGE][PASSED] - Object: 'Object Repository/Property(owner)/property/area/Page_Chiragh/mat-select_Select One' is clicked on

2019-04-26 14:55:57 - [TEST_STEP][PASSED] - click(findTestObject("Object Repository/Property(owner)/property/area/Page_Chiragh/span_sqft")): Object: 'Object Repository/Property(owner)/property/area/Page_Chiragh/span_sqft' is clicked on

2019-04-26 14:55:57 - [MESSAGE][PASSED] - Object: 'Object Repository/Property(owner)/property/area/Page_Chiragh/span_sqft' is clicked on

2019-04-26 14:55:57 - [TEST_STEP][PASSED] - delay(3): Delayed 3 second(s)

2019-04-26 14:56:00 - [MESSAGE][PASSED] - Delayed 3 second(s)

2019-04-26 14:56:00 - [TEST_STEP][PASSED] - grossarea = RandomStringUtils.randomNumeric(4): null

2019-04-26 14:56:00 - [TEST_STEP][PASSED] - setText(findTestObject("Object Repository/Property(owner)/property/area/input_Gross Area_grossArea"), grossarea): Text '7679' is set on object 'Object Repository/Property(owner)/property/area/input_Gross Area_grossArea'

2019-04-26 14:56:00 - [MESSAGE][PASSED] - Text '7679' is set on object 'Object Repository/Property(owner)/property/area/input_Gross Area_grossArea'

2019-04-26 14:56:00 - [TEST_STEP][PASSED] - setText(findTestObject("Object Repository/Property(owner)/property/Page_Chiragh/input_Address_address"), propertyaddress): Text '676 Pollich Turnpike' is set on object 'Object Repository/Property(owner)/property/Page_Chiragh/input_Address_address'

2019-04-26 14:56:01 - [MESSAGE][PASSED] - Text '676 Pollich Turnpike' is set on object 'Object Repository/Property(owner)/property/Page_Chiragh/input_Address_address'

2019-04-26 14:56:01 - [TEST_STEP][PASSED] - click(findTestObject("Object Repository/Property(owner)/property/country/Page_Chiragh/span_Select")): Object: 'Object Repository/Property(owner)/property/country/Page_Chiragh/span_Select' is clicked on

2019-04-26 14:56:01 - [MESSAGE][PASSED] - Object: 'Object Repository/Property(owner)/property/country/Page_Chiragh/span_Select' is clicked on

2019-04-26 14:56:01 - [TEST_STEP][PASSED] - setText(findTestObject("Object Repository/Property(owner)/property/country/Page_Chiragh/input__select2-search__field"), "ARAB E"): Text 'ARAB E' is set on object 'Object Repository/Property(owner)/property/country/Page_Chiragh/input__select2-search__field'

2019-04-26 14:56:01 - [MESSAGE][PASSED] - Text 'ARAB E' is set on object 'Object Repository/Property(owner)/property/country/Page_Chiragh/input__select2-search__field'

2019-04-26 14:56:01 - [TEST_STEP][PASSED] - sendKeys(findTestObject("Property(owner)/property/country/Page_Chiragh/input__select2-search__field"), Keys.chord(ENTER)): Keys 'ENTER + ' sent to object: 'Object Repository/Property(owner)/property/country/Page_Chiragh/input__select2-search__field'

2019-04-26 14:56:01 - [MESSAGE][PASSED] - Keys 'ENTER + ' sent to object: 'Object Repository/Property(owner)/property/country/Page_Chiragh/input__select2-search__field'

2019-04-26 14:56:01 - [TEST_STEP][PASSED] - click(findTestObject("Property(owner)/property/city/Page_Chiragh/span_Select")): Object: 'Object Repository/Property(owner)/property/city/Page_Chiragh/span_Select' is clicked on

2019-04-26 14:56:01 - [MESSAGE][PASSED] - Object: 'Object Repository/Property(owner)/property/city/Page_Chiragh/span_Select' is clicked on

2019-04-26 14:56:01 - [TEST_STEP][PASSED] - setText(findTestObject("Property(owner)/property/city/Page_Chiragh/input__select2-search__field"), "Sharjah"): Text 'Sharjah' is set on object 'Object Repository/Property(owner)/property/city/Page_Chiragh/input__select2-search__field'

2019-04-26 14:56:02 - [MESSAGE][PASSED] - Text 'Sharjah' is set on object 'Object Repository/Property(owner)/property/city/Page_Chiragh/input__select2-search__field'

2019-04-26 14:56:02 - [TEST_STEP][PASSED] - sendKeys(findTestObject("Property(owner)/property/city/Page_Chiragh/input__select2-search__field"), Keys.chord(ENTER)): Keys 'ENTER + ' sent to object: 'Object Repository/Property(owner)/property/city/Page_Chiragh/input__select2-search__field'

2019-04-26 14:56:02 - [MESSAGE][PASSED] - Keys 'ENTER + ' sent to object: 'Object Repository/Property(owner)/property/city/Page_Chiragh/input__select2-search__field'

2019-04-26 14:56:02 - [TEST_STEP][PASSED] - setText(findTestObject("Object Repository/Property(owner)/property/map/Page_Chiragh/input_View_searchAddress"), "Hatta"): Text 'Hatta' is set on object 'Object Repository/Property(owner)/property/map/Page_Chiragh/input_View_searchAddress'

2019-04-26 14:56:02 - [MESSAGE][PASSED] - Text 'Hatta' is set on object 'Object Repository/Property(owner)/property/map/Page_Chiragh/input_View_searchAddress'

2019-04-26 14:56:02 - [TEST_STEP][PASSED] - click(findTestObject("Property(owner)/property/map/Page_Chiragh/div_HattaDubai - United Arab E")): Object: 'Object Repository/Property(owner)/property/map/Page_Chiragh/div_HattaDubai - United Arab E' is clicked on

2019-04-26 14:56:03 - [MESSAGE][PASSED] - Object: 'Object Repository/Property(owner)/property/map/Page_Chiragh/div_HattaDubai - United Arab E' is clicked on

2019-04-26 14:56:03 - [TEST_STEP][PASSED] - verifyElementPresent(findTestObject("Object Repository/Property(owner)/property/map/Page_Chiragh/div_Map DataMap data 2019 Goog"), 5): Object 'Object Repository/Property(owner)/property/map/Page_Chiragh/div_Map DataMap data 2019 Goog' is present

2019-04-26 14:56:03 - [MESSAGE][PASSED] - Object 'Object Repository/Property(owner)/property/map/Page_Chiragh/div_Map DataMap data 2019 Goog' is present

2019-04-26 14:56:03 - [TEST_STEP][PASSED] - delay(4): Delayed 4 second(s)

2019-04-26 14:56:07 - [MESSAGE][PASSED] - Delayed 4 second(s)

2019-04-26 14:56:07 - [TEST_STEP][PASSED] - waitForElementVisible(findTestObject("Object Repository/Property(owner)/property/map/Page_Chiragh/button_"), 4): Object 'Object Repository/Property(owner)/property/map/Page_Chiragh/button_' is visible

2019-04-26 14:56:07 - [MESSAGE][PASSED] - Object 'Object Repository/Property(owner)/property/map/Page_Chiragh/button_' is visible

2019-04-26 14:56:07 - [TEST_STEP][PASSED] - click(findTestObject("Object Repository/Property(owner)/property/map/Page_Chiragh/button_")): Object: 'Object Repository/Property(owner)/property/map/Page_Chiragh/button_' is clicked on

2019-04-26 14:56:07 - [MESSAGE][PASSED] - Object: 'Object Repository/Property(owner)/property/map/Page_Chiragh/button_' is clicked on

2019-04-26 14:56:07 - [TEST_STEP][PASSED] - delay(5): Delayed 5 second(s)

2019-04-26 14:56:12 - [MESSAGE][PASSED] - Delayed 5 second(s)

2019-04-26 14:56:12 - [TEST_STEP][PASSED] - developersname = company().name(): null

2019-04-26 14:56:12 - [TEST_STEP][PASSED] - setText(findTestObject("Property(owner)/property/Page_Chiragh/input_Developer Name_developer"), developersname): Text 'Lueilwitz-Lueilwitz' is set on object 'Object Repository/Property(owner)/property/Page_Chiragh/input_Developer Name_developer'

2019-04-26 14:56:13 - [MESSAGE][PASSED] - Text 'Lueilwitz-Lueilwitz' is set on object 'Object Repository/Property(owner)/property/Page_Chiragh/input_Developer Name_developer'

2019-04-26 14:56:13 - [TEST_STEP][PASSED] - associationnumber = RandomStringUtils.randomNumeric(7): null

2019-04-26 14:56:13 - [TEST_STEP][PASSED] - setText(findTestObject("Property(owner)/property/Page_Chiragh/input_Owner Association Number"), associationnumber): Text '0306014' is set on object 'Object Repository/Property(owner)/property/Page_Chiragh/input_Owner Association Number'

2019-04-26 14:56:13 - [MESSAGE][PASSED] - Text '0306014' is set on object 'Object Repository/Property(owner)/property/Page_Chiragh/input_Owner Association Number'

2019-04-26 14:56:13 - [TEST_STEP][PASSED] - communitynumber = RandomStringUtils.randomNumeric(7): null

2019-04-26 14:56:13 - [TEST_STEP][PASSED] - setText(findTestObject("Property(owner)/property/Page_Chiragh/input_Community Number_communi"), communitynumber): Text '4318777' is set on object 'Object Repository/Property(owner)/property/Page_Chiragh/input_Community Number_communi'

2019-04-26 14:56:13 - [MESSAGE][PASSED] - Text '4318777' is set on object 'Object Repository/Property(owner)/property/Page_Chiragh/input_Community Number_communi'

2019-04-26 14:56:13 - [TEST_STEP][PASSED] - click(findTestObject("Object Repository/Property(owner)/property/Present Use/Page_Chiragh/mat-select_Select One")): Object: 'Object Repository/Property(owner)/property/Present Use/Page_Chiragh/mat-select_Select One' is clicked on

2019-04-26 14:56:13 - [MESSAGE][PASSED] - Object: 'Object Repository/Property(owner)/property/Present Use/Page_Chiragh/mat-select_Select One' is clicked on

2019-04-26 14:56:13 - [TEST_STEP][PASSED] - click(findTestObject("Object Repository/Property(owner)/property/Present Use/Page_Chiragh/span_Commercial")): Object: 'Object Repository/Property(owner)/property/Present Use/Page_Chiragh/span_Commercial' is clicked on

2019-04-26 14:56:13 - [MESSAGE][PASSED] - Object: 'Object Repository/Property(owner)/property/Present Use/Page_Chiragh/span_Commercial' is clicked on

2019-04-26 14:56:13 - [TEST_STEP][PASSED] - approxage = RandomStringUtils.randomNumeric(1): null

2019-04-26 14:56:13 - [TEST_STEP][PASSED] - setText(findTestObject("Property(owner)/property/Page_Chiragh/input_Property Approx. Age_pro"), approxage + " Years"): Text '0 Years' is set on object 'Object Repository/Property(owner)/property/Page_Chiragh/input_Property Approx. Age_pro'

2019-04-26 14:56:14 - [MESSAGE][PASSED] - Text '0 Years' is set on object 'Object Repository/Property(owner)/property/Page_Chiragh/input_Property Approx. Age_pro'

2019-04-26 14:56:14 - [TEST_STEP][PASSED] - noOfBedrooms = RandomStringUtils.randomNumeric(1): null

2019-04-26 14:56:14 - [TEST_STEP][PASSED] - setText(findTestObject("Property(owner)/property/Page_Chiragh/input_Bedrooms_noOfBedrooms"), noOfBedrooms): Text '3' is set on object 'Object Repository/Property(owner)/property/Page_Chiragh/input_Bedrooms_noOfBedrooms'

2019-04-26 14:56:14 - [MESSAGE][PASSED] - Text '3' is set on object 'Object Repository/Property(owner)/property/Page_Chiragh/input_Bedrooms_noOfBedrooms'

2019-04-26 14:56:14 - [TEST_STEP][PASSED] - setText(findTestObject("Property(owner)/property/Page_Chiragh/input_Bathrooms_noOfBaths"), noOfBedrooms): Text '3' is set on object 'Object Repository/Property(owner)/property/Page_Chiragh/input_Bathrooms_noOfBaths'

2019-04-26 14:56:14 - [MESSAGE][PASSED] - Text '3' is set on object 'Object Repository/Property(owner)/property/Page_Chiragh/input_Bathrooms_noOfBaths'

2019-04-26 14:56:14 - [TEST_STEP][PASSED] - setText(findTestObject("Property(owner)/property/Page_Chiragh/input_Car Parks_carParks"), "2"): Text '2' is set on object 'Object Repository/Property(owner)/property/Page_Chiragh/input_Car Parks_carParks'

2019-04-26 14:56:14 - [MESSAGE][PASSED] - Text '2' is set on object 'Object Repository/Property(owner)/property/Page_Chiragh/input_Car Parks_carParks'

2019-04-26 14:56:14 - [TEST_STEP][PASSED] - setText(findTestObject("Property(owner)/property/Page_Chiragh/input_Kitchens_kitchens"), "2"): Text '2' is set on object 'Object Repository/Property(owner)/property/Page_Chiragh/input_Kitchens_kitchens'

2019-04-26 14:56:14 - [MESSAGE][PASSED] - Text '2' is set on object 'Object Repository/Property(owner)/property/Page_Chiragh/input_Kitchens_kitchens'

2019-04-26 14:56:14 - [TEST_STEP][PASSED] - setText(findTestObject("Property(owner)/property/Page_Chiragh/input_Floor No._floorNo"), "1"): Text '1' is set on object 'Object Repository/Property(owner)/property/Page_Chiragh/input_Floor No._floorNo'

2019-04-26 14:56:15 - [MESSAGE][PASSED] - Text '1' is set on object 'Object Repository/Property(owner)/property/Page_Chiragh/input_Floor No._floorNo'

2019-04-26 14:56:15 - [TEST_STEP][PASSED] - setText(findTestObject("Property(owner)/property/Page_Chiragh/input_Unit No._noUnits"), "1"): Text '1' is set on object 'Object Repository/Property(owner)/property/Page_Chiragh/input_Unit No._noUnits'

2019-04-26 14:56:15 - [MESSAGE][PASSED] - Text '1' is set on object 'Object Repository/Property(owner)/property/Page_Chiragh/input_Unit No._noUnits'

2019-04-26 14:56:15 - [TEST_STEP][PASSED] - setText(findTestObject("Property(owner)/property/Page_Chiragh/input_No. of Floors_noOfFloors"), "3"): Text '3' is set on object 'Object Repository/Property(owner)/property/Page_Chiragh/input_No. of Floors_noOfFloors'

2019-04-26 14:56:15 - [MESSAGE][PASSED] - Text '3' is set on object 'Object Repository/Property(owner)/property/Page_Chiragh/input_No. of Floors_noOfFloors'

2019-04-26 14:56:15 - [TEST_STEP][PASSED] - setText(findTestObject("Property(owner)/property/Page_Chiragh/input_No. of Shops_noShops"), "1"): Text '1' is set on object 'Object Repository/Property(owner)/property/Page_Chiragh/input_No. of Shops_noShops'

2019-04-26 14:56:15 - [MESSAGE][PASSED] - Text '1' is set on object 'Object Repository/Property(owner)/property/Page_Chiragh/input_No. of Shops_noShops'

2019-04-26 14:56:15 - [TEST_STEP][PASSED] - click(findTestObject("Object Repository/Property(owner)/property/Features/Page_Chiragh/span_Community View_check mr-2")): Object: 'Object Repository/Property(owner)/property/Features/Page_Chiragh/span_Community View_check mr-2' is clicked on

2019-04-26 14:56:15 - [MESSAGE][PASSED] - Object: 'Object Repository/Property(owner)/property/Features/Page_Chiragh/span_Community View_check mr-2' is clicked on

2019-04-26 14:56:15 - [TEST_STEP][PASSED] - click(findTestObject("Object Repository/Property(owner)/property/Features/Page_Chiragh/span_Covered Parking_check mr-")): Object: 'Object Repository/Property(owner)/property/Features/Page_Chiragh/span_Covered Parking_check mr-' is clicked on

2019-04-26 14:56:15 - [MESSAGE][PASSED] - Object: 'Object Repository/Property(owner)/property/Features/Page_Chiragh/span_Covered Parking_check mr-' is clicked on

2019-04-26 14:56:15 - [TEST_STEP][PASSED] - click(findTestObject("Object Repository/Property(owner)/property/Features/Page_Chiragh/span_Fully Fitted Kitchen_chec")): Object: 'Object Repository/Property(owner)/property/Features/Page_Chiragh/span_Fully Fitted Kitchen_chec' is clicked on

2019-04-26 14:56:16 - [MESSAGE][PASSED] - Object: 'Object Repository/Property(owner)/property/Features/Page_Chiragh/span_Fully Fitted Kitchen_chec' is clicked on

2019-04-26 14:56:16 - [TEST_STEP][PASSED] - click(findTestObject("Object Repository/Property(owner)/property/Features/Page_Chiragh/span_Fully Furnished_check mr-")): Object: 'Object Repository/Property(owner)/property/Features/Page_Chiragh/span_Fully Furnished_check mr-' is clicked on

2019-04-26 14:56:16 - [MESSAGE][PASSED] - Object: 'Object Repository/Property(owner)/property/Features/Page_Chiragh/span_Fully Furnished_check mr-' is clicked on

2019-04-26 14:56:16 - [TEST_STEP][PASSED] - click(findTestObject("Object Repository/Property(owner)/property/Features/Page_Chiragh/span_Intercom_check mr-2")): Object: 'Object Repository/Property(owner)/property/Features/Page_Chiragh/span_Intercom_check mr-2' is clicked on

2019-04-26 14:56:16 - [MESSAGE][PASSED] - Object: 'Object Repository/Property(owner)/property/Features/Page_Chiragh/span_Intercom_check mr-2' is clicked on

2019-04-26 14:56:16 - [TEST_STEP][PASSED] - click(findTestObject("Object Repository/Property(owner)/property/Facilities/Page_Chiragh/span_Basket Ball Court_check m")): Object: 'Object Repository/Property(owner)/property/Facilities/Page_Chiragh/span_Basket Ball Court_check m' is clicked on

2019-04-26 14:56:16 - [MESSAGE][PASSED] - Object: 'Object Repository/Property(owner)/property/Facilities/Page_Chiragh/span_Basket Ball Court_check m' is clicked on

2019-04-26 14:56:16 - [TEST_STEP][PASSED] - click(findTestObject("Object Repository/Property(owner)/property/Facilities/Page_Chiragh/span_Children Play Area_check")): Object: 'Object Repository/Property(owner)/property/Facilities/Page_Chiragh/span_Children Play Area_check' is clicked on

2019-04-26 14:56:16 - [MESSAGE][PASSED] - Object: 'Object Repository/Property(owner)/property/Facilities/Page_Chiragh/span_Children Play Area_check' is clicked on

2019-04-26 14:56:16 - [TEST_STEP][PASSED] - click(findTestObject("Object Repository/Property(owner)/property/Facilities/Page_Chiragh/span_Business Center_check mr-")): Object: 'Object Repository/Property(owner)/property/Facilities/Page_Chiragh/span_Business Center_check mr-' is clicked on

2019-04-26 14:56:16 - [MESSAGE][PASSED] - Object: 'Object Repository/Property(owner)/property/Facilities/Page_Chiragh/span_Business Center_check mr-' is clicked on

2019-04-26 14:56:16 - [TEST_STEP][PASSED] - click(findTestObject("Object Repository/Property(owner)/property/Facilities/Page_Chiragh/span_Facilities_check mr-2")): Object: 'Object Repository/Property(owner)/property/Facilities/Page_Chiragh/span_Facilities_check mr-2' is clicked on

2019-04-26 14:56:16 - [MESSAGE][PASSED] - Object: 'Object Repository/Property(owner)/property/Facilities/Page_Chiragh/span_Facilities_check mr-2' is clicked on

2019-04-26 14:56:16 - [TEST_STEP][PASSED] - click(findTestObject("Object Repository/Property(owner)/property/Neighbourhood Information/Page_Chiragh/span_Beaches_check mr-2")): Object: 'Object Repository/Property(owner)/property/Neighbourhood Information/Page_Chiragh/span_Beaches_check mr-2' is clicked on

2019-04-26 14:56:17 - [MESSAGE][PASSED] - Object: 'Object Repository/Property(owner)/property/Neighbourhood Information/Page_Chiragh/span_Beaches_check mr-2' is clicked on

2019-04-26 14:56:17 - [TEST_STEP][PASSED] - click(findTestObject("Object Repository/Property(owner)/property/Neighbourhood Information/Page_Chiragh/span_Medical Centers_check mr-")): Object: 'Object Repository/Property(owner)/property/Neighbourhood Information/Page_Chiragh/span_Medical Centers_check mr-' is clicked on

2019-04-26 14:56:17 - [MESSAGE][PASSED] - Object: 'Object Repository/Property(owner)/property/Neighbourhood Information/Page_Chiragh/span_Medical Centers_check mr-' is clicked on

2019-04-26 14:56:17 - [TEST_STEP][PASSED] - click(findTestObject("Object Repository/Property(owner)/property/Neighbourhood Information/Page_Chiragh/span_Mosques_check mr-2")): Object: 'Object Repository/Property(owner)/property/Neighbourhood Information/Page_Chiragh/span_Mosques_check mr-2' is clicked on

2019-04-26 14:56:17 - [MESSAGE][PASSED] - Object: 'Object Repository/Property(owner)/property/Neighbourhood Information/Page_Chiragh/span_Mosques_check mr-2' is clicked on

2019-04-26 14:56:17 - [TEST_STEP][PASSED] - click(findTestObject("Object Repository/Property(owner)/property/Neighbourhood Information/Page_Chiragh/span_Park_check mr-2")): Object: 'Object Repository/Property(owner)/property/Neighbourhood Information/Page_Chiragh/span_Park_check mr-2' is clicked on

2019-04-26 14:56:17 - [MESSAGE][PASSED] - Object: 'Object Repository/Property(owner)/property/Neighbourhood Information/Page_Chiragh/span_Park_check mr-2' is clicked on

2019-04-26 14:56:17 - [TEST_STEP][PASSED] - click(findTestObject("Object Repository/Property(owner)/property/Neighbourhood Information/Page_Chiragh/span_Schools_check mr-2")): Object: 'Object Repository/Property(owner)/property/Neighbourhood Information/Page_Chiragh/span_Schools_check mr-2' is clicked on

2019-04-26 14:56:17 - [MESSAGE][PASSED] - Object: 'Object Repository/Property(owner)/property/Neighbourhood Information/Page_Chiragh/span_Schools_check mr-2' is clicked on

2019-04-26 14:56:17 - [TEST_STEP][PASSED] - click(findTestObject("Object Repository/Property(owner)/property/Neighbourhood Information/Page_Chiragh/span_Super Markets_check mr-2")): Object: 'Object Repository/Property(owner)/property/Neighbourhood Information/Page_Chiragh/span_Super Markets_check mr-2' is clicked on

2019-04-26 14:56:17 - [MESSAGE][PASSED] - Object: 'Object Repository/Property(owner)/property/Neighbourhood Information/Page_Chiragh/span_Super Markets_check mr-2' is clicked on

2019-04-26 14:56:17 - [TEST_STEP][PASSED] - setText(findTestObject("Object Repository/Property(owner)/property/Page_Chiragh/textarea_Description_propertyD"), "property for sale"): Text 'property for sale' is set on object 'Object Repository/Property(owner)/property/Page_Chiragh/textarea_Description_propertyD'

2019-04-26 14:56:18 - [MESSAGE][PASSED] - Text 'property for sale' is set on object 'Object Repository/Property(owner)/property/Page_Chiragh/textarea_Description_propertyD'

2019-04-26 14:56:18 - [TEST_STEP][PASSED] - scrollToElement(findTestObject("Object Repository/Property(owner)/property/Scanned Title Deed/Page_Chiragh/div_jpg png pdf accepted with"), 5): Scroll to object 'Object Repository/Property(owner)/property/Scanned Title Deed/Page_Chiragh/div_jpg png pdf accepted with' successfully

2019-04-26 14:56:18 - [MESSAGE][PASSED] - Scroll to object 'Object Repository/Property(owner)/property/Scanned Title Deed/Page_Chiragh/div_jpg png pdf accepted with' successfully

2019-04-26 14:56:18 - [TEST_STEP][PASSED] - delay(7): Delayed 7 second(s)

2019-04-26 14:56:25 - [MESSAGE][PASSED] - Delayed 7 second(s)

2019-04-26 14:56:25 - [TEST_STEP][PASSED] - uploadFile(findTestObject("Object Repository/Property(owner)/property/Scanned Title Deed/Page_Chiragh/div_Scanned Title Deed_doc-upl"), "C:\Users\HP\Katalon Studio\register\Include\images\Scanned Passport Copy.png"): File 'C:\Users\HP\Katalon Studio\register\Include\images\Scanned Passport Copy.png' sent to object: 'Object Repository/Property(owner)/property/Scanned Title Deed/Page_Chiragh/div_Scanned Title Deed_doc-upl'

2019-04-26 14:56:25 - [MESSAGE][PASSED] - File 'C:\Users\HP\Katalon Studio\register\Include\images\Scanned Passport Copy.png' sent to object: 'Object Repository/Property(owner)/property/Scanned Title Deed/Page_Chiragh/div_Scanned Title Deed_doc-upl'

2019-04-26 14:56:25 - [TEST_STEP][PASSED] - scrollToElement(findTestObject("Object Repository/Property(owner)/property/SPA/Page_Chiragh/div_Upload_upload-doc-div"), 5): Scroll to object 'Object Repository/Property(owner)/property/SPA/Page_Chiragh/div_Upload_upload-doc-div' successfully

2019-04-26 14:56:25 - [MESSAGE][PASSED] - Scroll to object 'Object Repository/Property(owner)/property/SPA/Page_Chiragh/div_Upload_upload-doc-div' successfully

2019-04-26 14:56:25 - [TEST_STEP][PASSED] - delay(7): Delayed 7 second(s)

2019-04-26 14:56:32 - [MESSAGE][PASSED] - Delayed 7 second(s)

2019-04-26 14:56:32 - [TEST_STEP][PASSED] - uploadFile(findTestObject("Object Repository/Property(owner)/property/SPA/Page_Chiragh/Page_Chiragh/div_(Sale purchase agreement)_"), "C:\Users\HP\Katalon Studio\register\Include\images\Scanned Passport Copy.png"): File 'C:\Users\HP\Katalon Studio\register\Include\images\Scanned Passport Copy.png' sent to object: 'Object Repository/Property(owner)/property/SPA/Page_Chiragh/Page_Chiragh/div_(Sale purchase agreement)_'

2019-04-26 14:56:32 - [MESSAGE][PASSED] - File 'C:\Users\HP\Katalon Studio\register\Include\images\Scanned Passport Copy.png' sent to object: 'Object Repository/Property(owner)/property/SPA/Page_Chiragh/Page_Chiragh/div_(Sale purchase agreement)_'

2019-04-26 14:56:32 - [TEST_STEP][PASSED] - delay(7): Delayed 7 second(s)

2019-04-26 14:56:39 - [MESSAGE][PASSED] - Delayed 7 second(s)

2019-04-26 14:56:39 - [TEST_STEP][PASSED] - click(findTestObject("Object Repository/Property(owner)/property/Page_Chiragh/button_Next")): Object: 'Object Repository/Property(owner)/property/Page_Chiragh/button_Next' is clicked on

2019-04-26 14:56:39 - [MESSAGE][PASSED] - Object: 'Object Repository/Property(owner)/property/Page_Chiragh/button_Next' is clicked on

2019-04-26 14:56:39 - [TEST_STEP][PASSED] - delay(3): Delayed 3 second(s)

2019-04-26 14:56:42 - [MESSAGE][PASSED] - Delayed 3 second(s)

2019-04-26 14:56:42 - [TEST_STEP][PASSED] - click(findTestObject("Property(owner)/mortgage/Mortgage Status/Page_Chiragh/mat-select_Select One")): Object: 'Object Repository/Property(owner)/mortgage/Mortgage Status/Page_Chiragh/mat-select_Select One' is clicked on

2019-04-26 14:56:42 - [MESSAGE][PASSED] - Object: 'Object Repository/Property(owner)/mortgage/Mortgage Status/Page_Chiragh/mat-select_Select One' is clicked on

2019-04-26 14:56:42 - [TEST_STEP][PASSED] - click(findTestObject("Property(owner)/mortgage/Mortgage Status/Page_Chiragh/span_Yes")): Object: 'Object Repository/Property(owner)/mortgage/Mortgage Status/Page_Chiragh/span_Yes' is clicked on

2019-04-26 14:56:43 - [MESSAGE][PASSED] - Object: 'Object Repository/Property(owner)/mortgage/Mortgage Status/Page_Chiragh/span_Yes' is clicked on

2019-04-26 14:56:43 - [TEST_STEP][PASSED] - Mortgagenumber = RandomStringUtils.randomNumeric(7): null

2019-04-26 14:56:43 - [TEST_STEP][PASSED] - setText(findTestObject("Property(owner)/mortgage/Page_Chiragh/input_Mortgage Number_morgageR"), Mortgagenumber): Text '7008472' is set on object 'Object Repository/Property(owner)/mortgage/Page_Chiragh/input_Mortgage Number_morgageR'

2019-04-26 14:56:43 - [MESSAGE][PASSED] - Text '7008472' is set on object 'Object Repository/Property(owner)/mortgage/Page_Chiragh/input_Mortgage Number_morgageR'

2019-04-26 14:56:43 - [TEST_STEP][PASSED] - MortgageInitialAmount = RandomStringUtils.randomNumeric(7): null

2019-04-26 14:56:43 - [TEST_STEP][PASSED] - setText(findTestObject("Property(owner)/mortgage/Page_Chiragh/input_Mortgage Initial Amount_"), MortgageInitialAmount): Text '6744898' is set on object 'Object Repository/Property(owner)/mortgage/Page_Chiragh/input_Mortgage Initial Amount_'

2019-04-26 14:56:43 - [MESSAGE][PASSED] - Text '6744898' is set on object 'Object Repository/Property(owner)/mortgage/Page_Chiragh/input_Mortgage Initial Amount_'

2019-04-26 14:56:43 - [TEST_STEP][PASSED] - delay(3): Delayed 3 second(s)

2019-04-26 14:56:46 - [MESSAGE][PASSED] - Delayed 3 second(s)

2019-04-26 14:56:46 - [TEST_STEP][PASSED] - click(findTestObject("Object Repository/Property(owner)/mortgage/Mortgage Start Date/Page_Chiragh/mat-form-field_Mortgage Start")): Object: 'Object Repository/Property(owner)/mortgage/Mortgage Start Date/Page_Chiragh/mat-form-field_Mortgage Start' is clicked on

2019-04-26 14:56:46 - [MESSAGE][PASSED] - Object: 'Object Repository/Property(owner)/mortgage/Mortgage Start Date/Page_Chiragh/mat-form-field_Mortgage Start' is clicked on

2019-04-26 14:56:46 - [TEST_STEP][PASSED] - click(findTestObject("Object Repository/Property(owner)/mortgage/Mortgage Start Date/Page_Chiragh/button_Mortgage Start Date_mat")): Object: 'Object Repository/Property(owner)/mortgage/Mortgage Start Date/Page_Chiragh/button_Mortgage Start Date_mat' is clicked on

2019-04-26 14:56:46 - [MESSAGE][PASSED] - Object: 'Object Repository/Property(owner)/mortgage/Mortgage Start Date/Page_Chiragh/button_Mortgage Start Date_mat' is clicked on

2019-04-26 14:56:46 - [TEST_STEP][PASSED] - click(findTestObject("Object Repository/Property(owner)/mortgage/Mortgage Start Date/Page_Chiragh/button_JAN 2019")): Object: 'Object Repository/Property(owner)/mortgage/Mortgage Start Date/Page_Chiragh/button_JAN 2019' is clicked on

2019-04-26 14:56:47 - [MESSAGE][PASSED] - Object: 'Object Repository/Property(owner)/mortgage/Mortgage Start Date/Page_Chiragh/button_JAN 2019' is clicked on

2019-04-26 14:56:47 - [TEST_STEP][PASSED] - click(findTestObject("Object Repository/Property(owner)/mortgage/Mortgage Start Date/Page_Chiragh/div_2022")): Object: 'Object Repository/Property(owner)/mortgage/Mortgage Start Date/Page_Chiragh/div_2022' is clicked on

2019-04-26 14:56:47 - [MESSAGE][PASSED] - Object: 'Object Repository/Property(owner)/mortgage/Mortgage Start Date/Page_Chiragh/div_2022' is clicked on

2019-04-26 14:56:47 - [TEST_STEP][PASSED] - click(findTestObject("Object Repository/Property(owner)/mortgage/Mortgage Start Date/Page_Chiragh/div_NOV")): Object: 'Object Repository/Property(owner)/mortgage/Mortgage Start Date/Page_Chiragh/div_NOV' is clicked on

2019-04-26 14:56:47 - [MESSAGE][PASSED] - Object: 'Object Repository/Property(owner)/mortgage/Mortgage Start Date/Page_Chiragh/div_NOV' is clicked on

2019-04-26 14:56:47 - [TEST_STEP][PASSED] - click(findTestObject("Object Repository/Property(owner)/mortgage/Mortgage Start Date/Page_Chiragh/div_17"), STOP_ON_FAILURE): Object: 'Object Repository/Property(owner)/mortgage/Mortgage Start Date/Page_Chiragh/div_17' is clicked on

2019-04-26 14:56:47 - [MESSAGE][PASSED] - Object: 'Object Repository/Property(owner)/mortgage/Mortgage Start Date/Page_Chiragh/div_17' is clicked on

2019-04-26 14:56:47 - [TEST_STEP][PASSED] - click(findTestObject("Property(owner)/mortgage/Mortgage Period/Page_Chiragh/mat-select_Year")): Object: 'Object Repository/Property(owner)/mortgage/Mortgage Period/Page_Chiragh/mat-select_Year' is clicked on

2019-04-26 14:56:47 - [MESSAGE][PASSED] - Object: 'Object Repository/Property(owner)/mortgage/Mortgage Period/Page_Chiragh/mat-select_Year' is clicked on

2019-04-26 14:56:47 - [TEST_STEP][PASSED] - click(findTestObject("Property(owner)/mortgage/Mortgage Period/Page_Chiragh/span_3")): Object: 'Object Repository/Property(owner)/mortgage/Mortgage Period/Page_Chiragh/span_3' is clicked on

2019-04-26 14:56:47 - [MESSAGE][PASSED] - Object: 'Object Repository/Property(owner)/mortgage/Mortgage Period/Page_Chiragh/span_3' is clicked on

2019-04-26 14:56:47 - [TEST_STEP][PASSED] - OutstandingAmount = RandomStringUtils.randomNumeric(7): null

2019-04-26 14:56:47 - [TEST_STEP][PASSED] - setText(findTestObject("Property(owner)/mortgage/Page_Chiragh/input_Outstanding Amount_outst"), OutstandingAmount): Text '5039169' is set on object 'Object Repository/Property(owner)/mortgage/Page_Chiragh/input_Outstanding Amount_outst'

2019-04-26 14:56:48 - [MESSAGE][PASSED] - Text '5039169' is set on object 'Object Repository/Property(owner)/mortgage/Page_Chiragh/input_Outstanding Amount_outst'

2019-04-26 14:56:48 - [TEST_STEP][PASSED] - MonthlyMortgagepayment = RandomStringUtils.randomNumeric(7): null

2019-04-26 14:56:48 - [TEST_STEP][PASSED] - setText(findTestObject("Property(owner)/mortgage/Page_Chiragh/input_Monthly Mortgage payment"), MonthlyMortgagepayment): Text '1928913' is set on object 'Object Repository/Property(owner)/mortgage/Page_Chiragh/input_Monthly Mortgage payment'

2019-04-26 14:56:48 - [MESSAGE][PASSED] - Text '1928913' is set on object 'Object Repository/Property(owner)/mortgage/Page_Chiragh/input_Monthly Mortgage payment'

2019-04-26 14:56:48 - [TEST_STEP][PASSED] - click(findTestObject("Property(owner)/mortgage/Financing/Page_Chiragh/span_Select Bank")): Object: 'Object Repository/Property(owner)/mortgage/Financing/Page_Chiragh/span_Select Bank' is clicked on

2019-04-26 14:56:48 - [MESSAGE][PASSED] - Object: 'Object Repository/Property(owner)/mortgage/Financing/Page_Chiragh/span_Select Bank' is clicked on

2019-04-26 14:56:48 - [TEST_STEP][PASSED] - setText(findTestObject("Property(owner)/mortgage/Financing/Page_Chiragh/input__select2-search__field"), "Other"): Text 'Other' is set on object 'Object Repository/Property(owner)/mortgage/Financing/Page_Chiragh/input__select2-search__field'

2019-04-26 14:56:48 - [MESSAGE][PASSED] - Text 'Other' is set on object 'Object Repository/Property(owner)/mortgage/Financing/Page_Chiragh/input__select2-search__field'

2019-04-26 14:56:48 - [TEST_STEP][PASSED] - sendKeys(findTestObject("Property(owner)/mortgage/Financing/Page_Chiragh/input__select2-search__field"), Keys.chord(ENTER)): Keys 'ENTER + ' sent to object: 'Object Repository/Property(owner)/mortgage/Financing/Page_Chiragh/input__select2-search__field'

2019-04-26 14:56:48 - [MESSAGE][PASSED] - Keys 'ENTER + ' sent to object: 'Object Repository/Property(owner)/mortgage/Financing/Page_Chiragh/input__select2-search__field'

2019-04-26 14:56:48 - [TEST_STEP][PASSED] - setText(findTestObject("Property(owner)/mortgage/Financing/Page_Chiragh/input_Other_otherBank"), "UAE Bank"): Text 'UAE Bank' is set on object 'Object Repository/Property(owner)/mortgage/Financing/Page_Chiragh/input_Other_otherBank'

2019-04-26 14:56:49 - [MESSAGE][PASSED] - Text 'UAE Bank' is set on object 'Object Repository/Property(owner)/mortgage/Financing/Page_Chiragh/input_Other_otherBank'

2019-04-26 14:56:49 - [TEST_STEP][PASSED] - scrollToElement(findTestObject("Object Repository/Property(owner)/mortgage/Scanned NOC Form/Page_Chiragh/div_jpg png pdf accepted with"), 5): Scroll to object 'Object Repository/Property(owner)/mortgage/Scanned NOC Form/Page_Chiragh/div_jpg png pdf accepted with' successfully

2019-04-26 14:56:49 - [MESSAGE][PASSED] - Scroll to object 'Object Repository/Property(owner)/mortgage/Scanned NOC Form/Page_Chiragh/div_jpg png pdf accepted with' successfully

2019-04-26 14:56:49 - [TEST_STEP][PASSED] - delay(7): Delayed 7 second(s)

2019-04-26 14:56:56 - [MESSAGE][PASSED] - Delayed 7 second(s)

2019-04-26 14:56:56 - [TEST_STEP][PASSED] - uploadFile(findTestObject("Object Repository/Property(owner)/mortgage/Scanned NOC Form/Page_Chiragh/div_(Mortgage Company)_doc-upl"), "C:\Users\HP\Katalon Studio\register\Include\images\Scanned Passport Copy.png"): File 'C:\Users\HP\Katalon Studio\register\Include\images\Scanned Passport Copy.png' sent to object: 'Object Repository/Property(owner)/mortgage/Scanned NOC Form/Page_Chiragh/div_(Mortgage Company)_doc-upl'

2019-04-26 14:56:56 - [MESSAGE][PASSED] - File 'C:\Users\HP\Katalon Studio\register\Include\images\Scanned Passport Copy.png' sent to object: 'Object Repository/Property(owner)/mortgage/Scanned NOC Form/Page_Chiragh/div_(Mortgage Company)_doc-upl'

2019-04-26 14:56:56 - [TEST_STEP][PASSED] - scrollToElement(findTestObject("Object Repository/Property(owner)/mortgage/other/Page_Chiragh/div_Upload_upload-doc-div"), 5): Scroll to object 'Object Repository/Property(owner)/mortgage/other/Page_Chiragh/div_Upload_upload-doc-div' successfully

2019-04-26 14:56:56 - [MESSAGE][PASSED] - Scroll to object 'Object Repository/Property(owner)/mortgage/other/Page_Chiragh/div_Upload_upload-doc-div' successfully

2019-04-26 14:56:56 - [TEST_STEP][PASSED] - delay(7): Delayed 7 second(s)

2019-04-26 14:57:03 - [MESSAGE][PASSED] - Delayed 7 second(s)

2019-04-26 14:57:03 - [TEST_STEP][PASSED] - uploadFile(findTestObject("Object Repository/Property(owner)/mortgage/other/Page_Chiragh/div_Other_doc-upload"), "C:\Users\HP\Katalon Studio\register\Include\images\Scanned Passport Copy.png"): File 'C:\Users\HP\Katalon Studio\register\Include\images\Scanned Passport Copy.png' sent to object: 'Object Repository/Property(owner)/mortgage/other/Page_Chiragh/div_Other_doc-upload'

2019-04-26 14:57:03 - [MESSAGE][PASSED] - File 'C:\Users\HP\Katalon Studio\register\Include\images\Scanned Passport Copy.png' sent to object: 'Object Repository/Property(owner)/mortgage/other/Page_Chiragh/div_Other_doc-upload'

2019-04-26 14:57:03 - [TEST_STEP][PASSED] - delay(5): Delayed 5 second(s)

2019-04-26 14:57:08 - [MESSAGE][PASSED] - Delayed 5 second(s)

2019-04-26 14:57:08 - [TEST_STEP][PASSED] - click(findTestObject("Property(owner)/mortgage/Page_Chiragh/button_Next")): Object: 'Object Repository/Property(owner)/mortgage/Page_Chiragh/button_Next' is clicked on

2019-04-26 14:57:08 - [MESSAGE][PASSED] - Object: 'Object Repository/Property(owner)/mortgage/Page_Chiragh/button_Next' is clicked on

2019-04-26 14:57:08 - [TEST_STEP][PASSED] - delay(3): Delayed 3 second(s)

2019-04-26 14:57:11 - [MESSAGE][PASSED] - Delayed 3 second(s)

2019-04-26 14:57:11 - [TEST_STEP][PASSED] - click(findTestObject("Property(owner)/rent/Property Rented/Page_Chiragh/mat-select_Select One")): Object: 'Object Repository/Property(owner)/rent/Property Rented/Page_Chiragh/mat-select_Select One' is clicked on

2019-04-26 14:57:11 - [MESSAGE][PASSED] - Object: 'Object Repository/Property(owner)/rent/Property Rented/Page_Chiragh/mat-select_Select One' is clicked on

2019-04-26 14:57:11 - [TEST_STEP][PASSED] - click(findTestObject("Property(owner)/rent/Property Rented/Page_Chiragh/span_Yes")): Object: 'Object Repository/Property(owner)/rent/Property Rented/Page_Chiragh/span_Yes' is clicked on

2019-04-26 14:57:11 - [MESSAGE][PASSED] - Object: 'Object Repository/Property(owner)/rent/Property Rented/Page_Chiragh/span_Yes' is clicked on

2019-04-26 14:57:11 - [TEST_STEP][PASSED] - EjariNumber = RandomStringUtils.randomNumeric(7): null

2019-04-26 14:57:11 - [TEST_STEP][PASSED] - setText(findTestObject("Property(owner)/rent/Page_Chiragh/input_Ejari Number_rentalEjari"), EjariNumber): Text '4039676' is set on object 'Object Repository/Property(owner)/rent/Page_Chiragh/input_Ejari Number_rentalEjari'

2019-04-26 14:57:12 - [MESSAGE][PASSED] - Text '4039676' is set on object 'Object Repository/Property(owner)/rent/Page_Chiragh/input_Ejari Number_rentalEjari'

2019-04-26 14:57:12 - [TEST_STEP][PASSED] - tenantName = name().firstName(): null

2019-04-26 14:57:12 - [TEST_STEP][PASSED] - setText(findTestObject("Property(owner)/rent/Page_Chiragh/input_Tenant Name_tenantName"), tenantName): Text 'Brennon' is set on object 'Object Repository/Property(owner)/rent/Page_Chiragh/input_Tenant Name_tenantName'

2019-04-26 14:57:12 - [MESSAGE][PASSED] - Text 'Brennon' is set on object 'Object Repository/Property(owner)/rent/Page_Chiragh/input_Tenant Name_tenantName'

2019-04-26 14:57:12 - [TEST_STEP][PASSED] - AnnualRentAmount = RandomStringUtils.randomNumeric(7): null

2019-04-26 14:57:12 - [TEST_STEP][PASSED] - setText(findTestObject("Property(owner)/rent/Page_Chiragh/input_Annual Rent Amount_renta"), AnnualRentAmount): Text '6636770' is set on object 'Object Repository/Property(owner)/rent/Page_Chiragh/input_Annual Rent Amount_renta'

2019-04-26 14:57:12 - [MESSAGE][PASSED] - Text '6636770' is set on object 'Object Repository/Property(owner)/rent/Page_Chiragh/input_Annual Rent Amount_renta'

2019-04-26 14:57:12 - [TEST_STEP][PASSED] - delay(7): Delayed 7 second(s)

2019-04-26 14:57:19 - [MESSAGE][PASSED] - Delayed 7 second(s)

2019-04-26 14:57:19 - [TEST_STEP][PASSED] - click(findTestObject("Property(owner)/rent/Payment Structure/Page_Chiragh/mat-select_Select One")): Object: 'Object Repository/Property(owner)/rent/Payment Structure/Page_Chiragh/mat-select_Select One' is clicked on

2019-04-26 14:57:19 - [MESSAGE][PASSED] - Object: 'Object Repository/Property(owner)/rent/Payment Structure/Page_Chiragh/mat-select_Select One' is clicked on

2019-04-26 14:57:19 - [TEST_STEP][PASSED] - click(findTestObject("Property(owner)/rent/Payment Structure/Page_Chiragh/span_2")): Object: 'Object Repository/Property(owner)/rent/Payment Structure/Page_Chiragh/span_2' is clicked on

2019-04-26 14:57:19 - [MESSAGE][PASSED] - Object: 'Object Repository/Property(owner)/rent/Payment Structure/Page_Chiragh/span_2' is clicked on

2019-04-26 14:57:19 - [TEST_STEP][PASSED] - click(findTestObject("Property(owner)/rent/Lease Start Date/Page_Chiragh/div_Lease Start Date_mat-form-")): Object: 'Object Repository/Property(owner)/rent/Lease Start Date/Page_Chiragh/div_Lease Start Date_mat-form-' is clicked on

2019-04-26 14:57:19 - [MESSAGE][PASSED] - Object: 'Object Repository/Property(owner)/rent/Lease Start Date/Page_Chiragh/div_Lease Start Date_mat-form-' is clicked on

2019-04-26 14:57:19 - [TEST_STEP][PASSED] - click(findTestObject("Property(owner)/rent/Lease Start Date/Page_Chiragh/button_Lease Start Date_mat-ic")): Object: 'Object Repository/Property(owner)/rent/Lease Start Date/Page_Chiragh/button_Lease Start Date_mat-ic' is clicked on

2019-04-26 14:57:20 - [MESSAGE][PASSED] - Object: 'Object Repository/Property(owner)/rent/Lease Start Date/Page_Chiragh/button_Lease Start Date_mat-ic' is clicked on

2019-04-26 14:57:20 - [TEST_STEP][PASSED] - click(findTestObject("Property(owner)/rent/Lease Start Date/Page_Chiragh/button_JAN 2019")): Object: 'Object Repository/Property(owner)/rent/Lease Start Date/Page_Chiragh/button_JAN 2019' is clicked on

2019-04-26 14:57:20 - [MESSAGE][PASSED] - Object: 'Object Repository/Property(owner)/rent/Lease Start Date/Page_Chiragh/button_JAN 2019' is clicked on

2019-04-26 14:57:20 - [TEST_STEP][PASSED] - click(findTestObject("Property(owner)/rent/Lease Start Date/Page_Chiragh/div_2022")): Object: 'Object Repository/Property(owner)/rent/Lease Start Date/Page_Chiragh/div_2022' is clicked on

2019-04-26 14:57:20 - [MESSAGE][PASSED] - Object: 'Object Repository/Property(owner)/rent/Lease Start Date/Page_Chiragh/div_2022' is clicked on

2019-04-26 14:57:20 - [TEST_STEP][PASSED] - click(findTestObject("Property(owner)/rent/Lease Start Date/Page_Chiragh/div_NOV")): Object: 'Object Repository/Property(owner)/rent/Lease Start Date/Page_Chiragh/div_NOV' is clicked on

2019-04-26 14:57:20 - [MESSAGE][PASSED] - Object: 'Object Repository/Property(owner)/rent/Lease Start Date/Page_Chiragh/div_NOV' is clicked on

2019-04-26 14:57:20 - [TEST_STEP][PASSED] - click(findTestObject("Property(owner)/rent/Lease Start Date/Page_Chiragh/td_25"), STOP_ON_FAILURE): Object: 'Object Repository/Property(owner)/rent/Lease Start Date/Page_Chiragh/td_25' is clicked on

2019-04-26 14:57:20 - [MESSAGE][PASSED] - Object: 'Object Repository/Property(owner)/rent/Lease Start Date/Page_Chiragh/td_25' is clicked on

2019-04-26 14:57:20 - [TEST_STEP][PASSED] - click(findTestObject("Object Repository/Property(owner)/rent/Lease End Date/Page_Chiragh/div_Lease End Date_mat-form-fi")): Object: 'Object Repository/Property(owner)/rent/Lease End Date/Page_Chiragh/div_Lease End Date_mat-form-fi' is clicked on

2019-04-26 14:57:20 - [MESSAGE][PASSED] - Object: 'Object Repository/Property(owner)/rent/Lease End Date/Page_Chiragh/div_Lease End Date_mat-form-fi' is clicked on

2019-04-26 14:57:20 - [TEST_STEP][PASSED] - click(findTestObject("Object Repository/Property(owner)/rent/Lease End Date/Page_Chiragh/button_Lease End Date_mat-icon")): Object: 'Object Repository/Property(owner)/rent/Lease End Date/Page_Chiragh/button_Lease End Date_mat-icon' is clicked on

2019-04-26 14:57:21 - [MESSAGE][PASSED] - Object: 'Object Repository/Property(owner)/rent/Lease End Date/Page_Chiragh/button_Lease End Date_mat-icon' is clicked on

2019-04-26 14:57:21 - [TEST_STEP][PASSED] - click(findTestObject("Object Repository/Property(owner)/rent/Lease End Date/Page_Chiragh/button_JAN 2019")): Object: 'Object Repository/Property(owner)/rent/Lease End Date/Page_Chiragh/button_JAN 2019' is clicked on

2019-04-26 14:57:21 - [MESSAGE][PASSED] - Object: 'Object Repository/Property(owner)/rent/Lease End Date/Page_Chiragh/button_JAN 2019' is clicked on

2019-04-26 14:57:21 - [TEST_STEP][PASSED] - click(findTestObject("Object Repository/Property(owner)/rent/Lease End Date/Page_Chiragh/div_2026")): Object: 'Object Repository/Property(owner)/rent/Lease End Date/Page_Chiragh/div_2026' is clicked on

2019-04-26 14:57:21 - [MESSAGE][PASSED] - Object: 'Object Repository/Property(owner)/rent/Lease End Date/Page_Chiragh/div_2026' is clicked on

2019-04-26 14:57:21 - [TEST_STEP][PASSED] - click(findTestObject("Object Repository/Property(owner)/rent/Lease End Date/Page_Chiragh/div_NOV")): Object: 'Object Repository/Property(owner)/rent/Lease End Date/Page_Chiragh/div_NOV' is clicked on

2019-04-26 14:57:21 - [MESSAGE][PASSED] - Object: 'Object Repository/Property(owner)/rent/Lease End Date/Page_Chiragh/div_NOV' is clicked on

2019-04-26 14:57:21 - [TEST_STEP][PASSED] - click(findTestObject("Object Repository/Property(owner)/rent/Lease End Date/Page_Chiragh/div_10"), STOP_ON_FAILURE): Object: 'Object Repository/Property(owner)/rent/Lease End Date/Page_Chiragh/div_10' is clicked on

2019-04-26 14:57:21 - [MESSAGE][PASSED] - Object: 'Object Repository/Property(owner)/rent/Lease End Date/Page_Chiragh/div_10' is clicked on

2019-04-26 14:57:21 - [TEST_STEP][PASSED] - delay(7): Delayed 7 second(s)

2019-04-26 14:57:28 - [MESSAGE][PASSED] - Delayed 7 second(s)

2019-04-26 14:57:28 - [TEST_STEP][PASSED] - scrollToElement(findTestObject("Object Repository/Property(owner)/rent/Scanned Tenancy Contract/Page_Chiragh/div_jpg png pdf accepted with"), 5): Scroll to object 'Object Repository/Property(owner)/rent/Scanned Tenancy Contract/Page_Chiragh/div_jpg png pdf accepted with' successfully

2019-04-26 14:57:29 - [MESSAGE][PASSED] - Scroll to object 'Object Repository/Property(owner)/rent/Scanned Tenancy Contract/Page_Chiragh/div_jpg png pdf accepted with' successfully

2019-04-26 14:57:29 - [TEST_STEP][PASSED] - delay(7): Delayed 7 second(s)

2019-04-26 14:57:36 - [MESSAGE][PASSED] - Delayed 7 second(s)

2019-04-26 14:57:36 - [TEST_STEP][PASSED] - uploadFile(findTestObject("Object Repository/Property(owner)/rent/Scanned Tenancy Contract/Page_Chiragh/div_Scanned Tenancy Contract_d"), "C:\Users\HP\Katalon Studio\register\Include\images\Scanned Passport Copy.png"): File 'C:\Users\HP\Katalon Studio\register\Include\images\Scanned Passport Copy.png' sent to object: 'Object Repository/Property(owner)/rent/Scanned Tenancy Contract/Page_Chiragh/div_Scanned Tenancy Contract_d'

2019-04-26 14:57:36 - [MESSAGE][PASSED] - File 'C:\Users\HP\Katalon Studio\register\Include\images\Scanned Passport Copy.png' sent to object: 'Object Repository/Property(owner)/rent/Scanned Tenancy Contract/Page_Chiragh/div_Scanned Tenancy Contract_d'

2019-04-26 14:57:36 - [TEST_STEP][PASSED] - scrollToElement(findTestObject("Object Repository/Property(owner)/rent/other/Page_Chiragh/div_Upload_upload-doc-div"), 5): Scroll to object 'Object Repository/Property(owner)/rent/other/Page_Chiragh/div_Upload_upload-doc-div' successfully

2019-04-26 14:57:36 - [MESSAGE][PASSED] - Scroll to object 'Object Repository/Property(owner)/rent/other/Page_Chiragh/div_Upload_upload-doc-div' successfully

2019-04-26 14:57:36 - [TEST_STEP][PASSED] - delay(7): Delayed 7 second(s)

2019-04-26 14:57:43 - [MESSAGE][PASSED] - Delayed 7 second(s)

2019-04-26 14:57:43 - [TEST_STEP][PASSED] - uploadFile(findTestObject("Object Repository/Property(owner)/rent/other/Page_Chiragh/Page_Chiragh/div_Other_doc-upload"), "C:\Users\HP\Katalon Studio\register\Include\images\Scanned Passport Copy.png"): File 'C:\Users\HP\Katalon Studio\register\Include\images\Scanned Passport Copy.png' sent to object: 'Object Repository/Property(owner)/rent/other/Page_Chiragh/Page_Chiragh/div_Other_doc-upload'

2019-04-26 14:57:43 - [MESSAGE][PASSED] - File 'C:\Users\HP\Katalon Studio\register\Include\images\Scanned Passport Copy.png' sent to object: 'Object Repository/Property(owner)/rent/other/Page_Chiragh/Page_Chiragh/div_Other_doc-upload'

2019-04-26 14:57:43 - [TEST_STEP][PASSED] - click(findTestObject("Property(owner)/mortgage/Page_Chiragh/button_Next")): Object: 'Object Repository/Property(owner)/mortgage/Page_Chiragh/button_Next' is clicked on

2019-04-26 14:57:43 - [MESSAGE][PASSED] - Object: 'Object Repository/Property(owner)/mortgage/Page_Chiragh/button_Next' is clicked on

2019-04-26 14:57:43 - [TEST_STEP][PASSED] - click(findTestObject("Property(owner)/Valuation/Page_Chiragh/span_INDEPENDENT REAL ESTATE V")): Object: 'Object Repository/Property(owner)/Valuation/Page_Chiragh/span_INDEPENDENT REAL ESTATE V' is clicked on

2019-04-26 14:57:47 - [MESSAGE][PASSED] - Object: 'Object Repository/Property(owner)/Valuation/Page_Chiragh/span_INDEPENDENT REAL ESTATE V' is clicked on

2019-04-26 14:57:47 - [TEST_STEP][PASSED] - click(findTestObject("Property(owner)/Valuation/Page_Chiragh/h3_JLL")): Object: 'Object Repository/Property(owner)/Valuation/Page_Chiragh/h3_JLL' is clicked on

2019-04-26 14:57:47 - [MESSAGE][PASSED] - Object: 'Object Repository/Property(owner)/Valuation/Page_Chiragh/h3_JLL' is clicked on

2019-04-26 14:57:47 - [TEST_STEP][PASSED] - delay(3): Delayed 3 second(s)

2019-04-26 14:57:50 - [MESSAGE][PASSED] - Delayed 3 second(s)

2019-04-26 14:57:50 - [TEST_STEP][PASSED] - click(findTestObject("Object Repository/Property(owner)/property saved/Page_Chiragh/mat-select_Select Payment Mode")): Object: 'Object Repository/Property(owner)/property saved/Page_Chiragh/mat-select_Select Payment Mode' is clicked on

2019-04-26 14:57:50 - [MESSAGE][PASSED] - Object: 'Object Repository/Property(owner)/property saved/Page_Chiragh/mat-select_Select Payment Mode' is clicked on

2019-04-26 14:57:50 - [TEST_STEP][PASSED] - delay(3): Delayed 3 second(s)

2019-04-26 14:57:53 - [MESSAGE][PASSED] - Delayed 3 second(s)

2019-04-26 14:57:53 - [TEST_STEP][PASSED] - click(findTestObject("Object Repository/Property(owner)/property saved/Page_Chiragh/span_Wallet")): Object: 'Object Repository/Property(owner)/property saved/Page_Chiragh/span_Wallet' is clicked on

2019-04-26 14:57:53 - [MESSAGE][PASSED] - Object: 'Object Repository/Property(owner)/property saved/Page_Chiragh/span_Wallet' is clicked on

2019-04-26 14:57:53 - [TEST_STEP][PASSED] - delay(3): Delayed 3 second(s)

2019-04-26 14:57:56 - [MESSAGE][PASSED] - Delayed 3 second(s)

2019-04-26 14:57:56 - [TEST_STEP][PASSED] - click(findTestObject("Property(owner)/Valuation/Page_Chiragh/button_SUBMIT FOR VALUATION")): Object: 'Object Repository/Property(owner)/Valuation/Page_Chiragh/button_SUBMIT FOR VALUATION' is clicked on

2019-04-26 14:57:56 - [MESSAGE][PASSED] - Object: 'Object Repository/Property(owner)/Valuation/Page_Chiragh/button_SUBMIT FOR VALUATION' is clicked on

2019-04-26 14:57:56 - [TEST_STEP][PASSED] - delay(5): Delayed 5 second(s)

2019-04-26 14:58:01 - [MESSAGE][PASSED] - Delayed 5 second(s)

2019-04-26 14:58:01 - [TEST_STEP][PASSED] - verifyElementPresent(findTestObject("Object Repository/Property(owner)/property saved/Page_Chiragh/div_Your property details have"), 5): Object 'Object Repository/Property(owner)/property saved/Page_Chiragh/div_Your property details have' is present

2019-04-26 14:58:01 - [MESSAGE][PASSED] - Object 'Object Repository/Property(owner)/property saved/Page_Chiragh/div_Your property details have' is present]]></system-out>
         <system-err><![CDATA[]]></system-err>
      </testcase>
      <testcase name="Test Cases/verification department" classname="Test Cases/verification department" status="PASSED">
         <system-out><![CDATA[2019-04-26 14:58:01 - [TEST_CASE][PASSED] - Test Cases/verification department: Test Cases/verification department

2019-04-26 14:58:02 - [TEST_STEP][PASSED] - openBrowser(""): Browser is opened with url: ''

2019-04-26 14:58:02 - [MESSAGE][WARNING] - A browser is already opened. Closing browser and opening a new one

2019-04-26 14:58:03 - [MESSAGE][INFO] - Starting 'Chrome' driver

2019-04-26 14:58:05 - [MESSAGE][PASSED] - Browser is opened with url: ''

2019-04-26 14:58:05 - [TEST_STEP][PASSED] - navigateToUrl("http://admin-chiragh.surge.sh/"): Navigate to 'http://admin-chiragh.surge.sh/' successfully

2019-04-26 14:58:13 - [MESSAGE][PASSED] - Navigate to 'http://admin-chiragh.surge.sh/' successfully

2019-04-26 14:58:13 - [TEST_STEP][PASSED] - maximizeWindow(): Current window maximized

2019-04-26 14:58:14 - [MESSAGE][PASSED] - Current window maximized

2019-04-26 14:58:14 - [TEST_STEP][PASSED] - click(findTestObject("Object Repository/verification department/Page_Chiragh.com Admin/div_Username")): Object: 'Object Repository/verification department/Page_Chiragh.com Admin/div_Username' is clicked on

2019-04-26 14:58:14 - [MESSAGE][PASSED] - Object: 'Object Repository/verification department/Page_Chiragh.com Admin/div_Username' is clicked on

2019-04-26 14:58:14 - [TEST_STEP][PASSED] - setText(findTestObject("Object Repository/verification department/Page_Chiragh.com Admin/input_Admin Panel_userName"), "arsalankhalid"): Text 'arsalankhalid' is set on object 'Object Repository/verification department/Page_Chiragh.com Admin/input_Admin Panel_userName'

2019-04-26 14:58:15 - [MESSAGE][PASSED] - Text 'arsalankhalid' is set on object 'Object Repository/verification department/Page_Chiragh.com Admin/input_Admin Panel_userName'

2019-04-26 14:58:15 - [TEST_STEP][PASSED] - click(findTestObject("Object Repository/verification department/Page_Chiragh.com Admin/div_Password")): Object: 'Object Repository/verification department/Page_Chiragh.com Admin/div_Password' is clicked on

2019-04-26 14:58:15 - [MESSAGE][PASSED] - Object: 'Object Repository/verification department/Page_Chiragh.com Admin/div_Password' is clicked on

2019-04-26 14:58:15 - [TEST_STEP][PASSED] - setEncryptedText(findTestObject("Object Repository/verification department/Page_Chiragh.com Admin/input_Username_password"), "RigbBhfdqODKcAsiUrg+1Q=="): Text ****** has been set on object 'Object Repository/verification department/Page_Chiragh.com Admin/input_Username_password'

2019-04-26 14:58:15 - [MESSAGE][PASSED] - Text ****** has been set on object 'Object Repository/verification department/Page_Chiragh.com Admin/input_Username_password'

2019-04-26 14:58:15 - [TEST_STEP][PASSED] - click(findTestObject("Object Repository/verification department/Page_Chiragh.com Admin/button_Login")): Object: 'Object Repository/verification department/Page_Chiragh.com Admin/button_Login' is clicked on

2019-04-26 14:58:15 - [MESSAGE][PASSED] - Object: 'Object Repository/verification department/Page_Chiragh.com Admin/button_Login' is clicked on

2019-04-26 14:58:15 - [TEST_STEP][PASSED] - click(findTestObject("Object Repository/verification department/Page_Chiragh.com Admin/a_New Leads")): Object: 'Object Repository/verification department/Page_Chiragh.com Admin/a_New Leads' is clicked on

2019-04-26 14:58:19 - [MESSAGE][PASSED] - Object: 'Object Repository/verification department/Page_Chiragh.com Admin/a_New Leads' is clicked on

2019-04-26 14:58:19 - [TEST_STEP][PASSED] - click(findTestObject("Object Repository/verification department/Page_Chiragh.com Admin/Page_Chiragh.com Admin/a_an hour ago_fas fa-user-circ")): Object: 'Object Repository/verification department/Page_Chiragh.com Admin/Page_Chiragh.com Admin/a_an hour ago_fas fa-user-circ' is clicked on

2019-04-26 14:58:20 - [MESSAGE][PASSED] - Object: 'Object Repository/verification department/Page_Chiragh.com Admin/Page_Chiragh.com Admin/a_an hour ago_fas fa-user-circ' is clicked on

2019-04-26 14:58:20 - [TEST_STEP][PASSED] - click(findTestObject("Object Repository/verification department/Page_Chiragh.com Admin/a_Mumtaz Hassan (30)")): Object: 'Object Repository/verification department/Page_Chiragh.com Admin/a_Mumtaz Hassan (30)' is clicked on

2019-04-26 14:58:20 - [MESSAGE][PASSED] - Object: 'Object Repository/verification department/Page_Chiragh.com Admin/a_Mumtaz Hassan (30)' is clicked on

2019-04-26 14:58:20 - [TEST_STEP][PASSED] - click(findTestObject("Object Repository/verification department/Page_Chiragh.com Admin/button_Yes")): Object: 'Object Repository/verification department/Page_Chiragh.com Admin/button_Yes' is clicked on

2019-04-26 14:58:20 - [MESSAGE][PASSED] - Object: 'Object Repository/verification department/Page_Chiragh.com Admin/button_Yes' is clicked on

2019-04-26 14:58:20 - [TEST_STEP][PASSED] - click(findTestObject("Object Repository/verification department/Page_Chiragh.com Admin/button_AK")): Object: 'Object Repository/verification department/Page_Chiragh.com Admin/button_AK' is clicked on

2019-04-26 14:58:20 - [MESSAGE][PASSED] - Object: 'Object Repository/verification department/Page_Chiragh.com Admin/button_AK' is clicked on

2019-04-26 14:58:20 - [TEST_STEP][PASSED] - click(findTestObject("Object Repository/verification department/Page_Chiragh.com Admin/button_exit_to_appLogout")): Object: 'Object Repository/verification department/Page_Chiragh.com Admin/button_exit_to_appLogout' is clicked on

2019-04-26 14:58:25 - [MESSAGE][PASSED] - Object: 'Object Repository/verification department/Page_Chiragh.com Admin/button_exit_to_appLogout' is clicked on

2019-04-26 14:58:25 - [TEST_STEP][PASSED] - waitForPageLoad(8): Wait for page load successfully

2019-04-26 14:58:25 - [MESSAGE][PASSED] - Wait for page load successfully

2019-04-26 14:58:25 - [TEST_STEP][PASSED] - click(findTestObject("Object Repository/verification department/Page_Chiragh.com Admin/div_Username")): Object: 'Object Repository/verification department/Page_Chiragh.com Admin/div_Username' is clicked on

2019-04-26 14:58:26 - [MESSAGE][PASSED] - Object: 'Object Repository/verification department/Page_Chiragh.com Admin/div_Username' is clicked on

2019-04-26 14:58:26 - [TEST_STEP][PASSED] - setText(findTestObject("Object Repository/verification department/Page_Chiragh.com Admin/input_Admin Panel_userName"), "mumtazhassan"): Text 'mumtazhassan' is set on object 'Object Repository/verification department/Page_Chiragh.com Admin/input_Admin Panel_userName'

2019-04-26 14:58:26 - [MESSAGE][PASSED] - Text 'mumtazhassan' is set on object 'Object Repository/verification department/Page_Chiragh.com Admin/input_Admin Panel_userName'

2019-04-26 14:58:26 - [TEST_STEP][PASSED] - click(findTestObject("Object Repository/verification department/Page_Chiragh.com Admin/div_Password")): Object: 'Object Repository/verification department/Page_Chiragh.com Admin/div_Password' is clicked on

2019-04-26 14:58:26 - [MESSAGE][PASSED] - Object: 'Object Repository/verification department/Page_Chiragh.com Admin/div_Password' is clicked on

2019-04-26 14:58:26 - [TEST_STEP][PASSED] - setEncryptedText(findTestObject("Object Repository/verification department/Page_Chiragh.com Admin/input_Username_password"), "RigbBhfdqODKcAsiUrg+1Q=="): Text ****** has been set on object 'Object Repository/verification department/Page_Chiragh.com Admin/input_Username_password'

2019-04-26 14:58:26 - [MESSAGE][PASSED] - Text ****** has been set on object 'Object Repository/verification department/Page_Chiragh.com Admin/input_Username_password'

2019-04-26 14:58:26 - [TEST_STEP][PASSED] - click(findTestObject("Object Repository/verification department/Page_Chiragh.com Admin/button_Login")): Object: 'Object Repository/verification department/Page_Chiragh.com Admin/button_Login' is clicked on

2019-04-26 14:58:26 - [MESSAGE][PASSED] - Object: 'Object Repository/verification department/Page_Chiragh.com Admin/button_Login' is clicked on

2019-04-26 14:58:26 - [TEST_STEP][PASSED] - click(findTestObject("Object Repository/verification department/Page_Chiragh.com Admin/a_My Leads")): Object: 'Object Repository/verification department/Page_Chiragh.com Admin/a_My Leads' is clicked on

2019-04-26 14:58:28 - [MESSAGE][PASSED] - Object: 'Object Repository/verification department/Page_Chiragh.com Admin/a_My Leads' is clicked on

2019-04-26 14:58:28 - [TEST_STEP][PASSED] - click(findTestObject("Object Repository/verification department/Page_Chiragh.com Admin/th_Status")): Object: 'Object Repository/verification department/Page_Chiragh.com Admin/th_Status' is clicked on

2019-04-26 14:58:31 - [MESSAGE][PASSED] - Object: 'Object Repository/verification department/Page_Chiragh.com Admin/th_Status' is clicked on

2019-04-26 14:58:31 - [TEST_STEP][PASSED] - click(findTestObject("Object Repository/verification department/Page_Chiragh.com Admin/a_Start Now")): Object: 'Object Repository/verification department/Page_Chiragh.com Admin/a_Start Now' is clicked on

2019-04-26 14:58:31 - [MESSAGE][PASSED] - Object: 'Object Repository/verification department/Page_Chiragh.com Admin/a_Start Now' is clicked on

2019-04-26 14:58:31 - [TEST_STEP][PASSED] - click(findTestObject("Object Repository/verification department/Page_Chiragh.com Admin/button_Yes")): Object: 'Object Repository/verification department/Page_Chiragh.com Admin/button_Yes' is clicked on

2019-04-26 14:58:31 - [MESSAGE][PASSED] - Object: 'Object Repository/verification department/Page_Chiragh.com Admin/button_Yes' is clicked on

2019-04-26 14:58:31 - [TEST_STEP][PASSED] - delay(8): Delayed 8 second(s)

2019-04-26 14:58:39 - [MESSAGE][PASSED] - Delayed 8 second(s)

2019-04-26 14:58:39 - [TEST_STEP][PASSED] - click(findTestObject("Object Repository/verification department/Page_Chiragh.com Admin/a_Wyman Dale 3 Floors Building")): Object: 'Object Repository/verification department/Page_Chiragh.com Admin/a_Wyman Dale 3 Floors Building' is clicked on

2019-04-26 14:58:40 - [MESSAGE][PASSED] - Object: 'Object Repository/verification department/Page_Chiragh.com Admin/a_Wyman Dale 3 Floors Building' is clicked on

2019-04-26 14:58:40 - [TEST_STEP][PASSED] - click(findTestObject("Object Repository/verification department/Page_Chiragh.com Admin/button_Verify")): Object: 'Object Repository/verification department/Page_Chiragh.com Admin/button_Verify' is clicked on

2019-04-26 14:58:41 - [MESSAGE][PASSED] - Object: 'Object Repository/verification department/Page_Chiragh.com Admin/button_Verify' is clicked on

2019-04-26 14:58:41 - [TEST_STEP][PASSED] - click(findTestObject("Object Repository/verification department/Page_Chiragh.com Admin/div_POAs")): Object: 'Object Repository/verification department/Page_Chiragh.com Admin/div_POAs' is clicked on

2019-04-26 14:58:41 - [MESSAGE][PASSED] - Object: 'Object Repository/verification department/Page_Chiragh.com Admin/div_POAs' is clicked on

2019-04-26 14:58:41 - [TEST_STEP][PASSED] - click(findTestObject("Object Repository/verification department/Page_Chiragh.com Admin/div_POAs_1")): Object: 'Object Repository/verification department/Page_Chiragh.com Admin/div_POAs_1' is clicked on

2019-04-26 14:58:41 - [MESSAGE][PASSED] - Object: 'Object Repository/verification department/Page_Chiragh.com Admin/div_POAs_1' is clicked on

2019-04-26 14:58:41 - [TEST_STEP][PASSED] - click(findTestObject("Object Repository/verification department/Page_Chiragh.com Admin/button_Verify")): Object: 'Object Repository/verification department/Page_Chiragh.com Admin/button_Verify' is clicked on

2019-04-26 14:58:41 - [MESSAGE][PASSED] - Object: 'Object Repository/verification department/Page_Chiragh.com Admin/button_Verify' is clicked on

2019-04-26 14:58:41 - [TEST_STEP][PASSED] - click(findTestObject("Object Repository/verification department/Page_Chiragh.com Admin/div_Property Details")): Object: 'Object Repository/verification department/Page_Chiragh.com Admin/div_Property Details' is clicked on

2019-04-26 14:58:42 - [MESSAGE][PASSED] - Object: 'Object Repository/verification department/Page_Chiragh.com Admin/div_Property Details' is clicked on

2019-04-26 14:58:42 - [TEST_STEP][PASSED] - click(findTestObject("Object Repository/verification department/Page_Chiragh.com Admin/button_Verify")): Object: 'Object Repository/verification department/Page_Chiragh.com Admin/button_Verify' is clicked on

2019-04-26 14:58:42 - [MESSAGE][PASSED] - Object: 'Object Repository/verification department/Page_Chiragh.com Admin/button_Verify' is clicked on

2019-04-26 14:58:42 - [TEST_STEP][PASSED] - click(findTestObject("Object Repository/verification department/Page_Chiragh.com Admin/div_Mortgage")): Object: 'Object Repository/verification department/Page_Chiragh.com Admin/div_Mortgage' is clicked on

2019-04-26 14:58:43 - [MESSAGE][PASSED] - Object: 'Object Repository/verification department/Page_Chiragh.com Admin/div_Mortgage' is clicked on

2019-04-26 14:58:43 - [TEST_STEP][PASSED] - click(findTestObject("Object Repository/verification department/Page_Chiragh.com Admin/div_Mortgage_1")): Object: 'Object Repository/verification department/Page_Chiragh.com Admin/div_Mortgage_1' is clicked on

2019-04-26 14:58:43 - [MESSAGE][PASSED] - Object: 'Object Repository/verification department/Page_Chiragh.com Admin/div_Mortgage_1' is clicked on

2019-04-26 14:58:43 - [TEST_STEP][PASSED] - click(findTestObject("Object Repository/verification department/Page_Chiragh.com Admin/button_Verify")): Object: 'Object Repository/verification department/Page_Chiragh.com Admin/button_Verify' is clicked on

2019-04-26 14:58:43 - [MESSAGE][PASSED] - Object: 'Object Repository/verification department/Page_Chiragh.com Admin/button_Verify' is clicked on

2019-04-26 14:58:43 - [TEST_STEP][PASSED] - click(findTestObject("Object Repository/verification department/Page_Chiragh.com Admin/div_Rental")): Object: 'Object Repository/verification department/Page_Chiragh.com Admin/div_Rental' is clicked on

2019-04-26 14:58:44 - [MESSAGE][PASSED] - Object: 'Object Repository/verification department/Page_Chiragh.com Admin/div_Rental' is clicked on

2019-04-26 14:58:44 - [TEST_STEP][PASSED] - click(findTestObject("Object Repository/verification department/Page_Chiragh.com Admin/button_Verify")): Object: 'Object Repository/verification department/Page_Chiragh.com Admin/button_Verify' is clicked on

2019-04-26 14:58:44 - [MESSAGE][PASSED] - Object: 'Object Repository/verification department/Page_Chiragh.com Admin/button_Verify' is clicked on

2019-04-26 14:58:44 - [TEST_STEP][PASSED] - click(findTestObject("Object Repository/verification department/Page_Chiragh.com Admin/div_Check List")): Object: 'Object Repository/verification department/Page_Chiragh.com Admin/div_Check List' is clicked on

2019-04-26 14:58:45 - [MESSAGE][PASSED] - Object: 'Object Repository/verification department/Page_Chiragh.com Admin/div_Check List' is clicked on

2019-04-26 14:58:45 - [TEST_STEP][PASSED] - click(findTestObject("Object Repository/verification department/Page_Chiragh.com Admin/div_Property details are verif")): Object: 'Object Repository/verification department/Page_Chiragh.com Admin/div_Property details are verif' is clicked on

2019-04-26 14:58:47 - [MESSAGE][PASSED] - Object: 'Object Repository/verification department/Page_Chiragh.com Admin/div_Property details are verif' is clicked on

2019-04-26 14:58:47 - [TEST_STEP][PASSED] - click(findTestObject("Object Repository/verification department/Page_Chiragh.com Admin/button_Confirm")): Object: 'Object Repository/verification department/Page_Chiragh.com Admin/button_Confirm' is clicked on

2019-04-26 14:58:47 - [MESSAGE][PASSED] - Object: 'Object Repository/verification department/Page_Chiragh.com Admin/button_Confirm' is clicked on

2019-04-26 14:58:47 - [TEST_STEP][PASSED] - delay(5): Delayed 5 second(s)

2019-04-26 14:58:52 - [MESSAGE][PASSED] - Delayed 5 second(s)

2019-04-26 14:58:52 - [TEST_STEP][PASSED] - click(findTestObject("Object Repository/verification department/Page_Chiragh.com Admin/button_MH")): Object: 'Object Repository/verification department/Page_Chiragh.com Admin/button_MH' is clicked on

2019-04-26 14:58:52 - [MESSAGE][PASSED] - Object: 'Object Repository/verification department/Page_Chiragh.com Admin/button_MH' is clicked on

2019-04-26 14:58:52 - [TEST_STEP][PASSED] - delay(7): Delayed 7 second(s)

2019-04-26 14:58:59 - [MESSAGE][PASSED] - Delayed 7 second(s)

2019-04-26 14:58:59 - [TEST_STEP][PASSED] - click(findTestObject("Object Repository/verification department/Page_Chiragh.com Admin/button_exit_to_appLogout")): Object: 'Object Repository/verification department/Page_Chiragh.com Admin/button_exit_to_appLogout' is clicked on

2019-04-26 14:59:04 - [MESSAGE][PASSED] - Object: 'Object Repository/verification department/Page_Chiragh.com Admin/button_exit_to_appLogout' is clicked on

2019-04-26 14:59:04 - [TEST_STEP][PASSED] - waitForPageLoad(8): Wait for page load successfully

2019-04-26 14:59:04 - [MESSAGE][PASSED] - Wait for page load successfully

2019-04-26 14:59:04 - [TEST_STEP][PASSED] - click(findTestObject("Object Repository/verification department/Page_Chiragh.com Admin/div_Username")): Object: 'Object Repository/verification department/Page_Chiragh.com Admin/div_Username' is clicked on

2019-04-26 14:59:04 - [MESSAGE][PASSED] - Object: 'Object Repository/verification department/Page_Chiragh.com Admin/div_Username' is clicked on

2019-04-26 14:59:04 - [TEST_STEP][PASSED] - setText(findTestObject("Object Repository/verification department/Page_Chiragh.com Admin/input_Admin Panel_userName"), "arsalankhalid"): Text 'arsalankhalid' is set on object 'Object Repository/verification department/Page_Chiragh.com Admin/input_Admin Panel_userName'

2019-04-26 14:59:05 - [MESSAGE][PASSED] - Text 'arsalankhalid' is set on object 'Object Repository/verification department/Page_Chiragh.com Admin/input_Admin Panel_userName'

2019-04-26 14:59:05 - [TEST_STEP][PASSED] - click(findTestObject("Object Repository/verification department/Page_Chiragh.com Admin/div_Password")): Object: 'Object Repository/verification department/Page_Chiragh.com Admin/div_Password' is clicked on

2019-04-26 14:59:05 - [MESSAGE][PASSED] - Object: 'Object Repository/verification department/Page_Chiragh.com Admin/div_Password' is clicked on

2019-04-26 14:59:05 - [TEST_STEP][PASSED] - setEncryptedText(findTestObject("Object Repository/verification department/Page_Chiragh.com Admin/input_Username_password"), "RigbBhfdqODKcAsiUrg+1Q=="): Text ****** has been set on object 'Object Repository/verification department/Page_Chiragh.com Admin/input_Username_password'

2019-04-26 14:59:05 - [MESSAGE][PASSED] - Text ****** has been set on object 'Object Repository/verification department/Page_Chiragh.com Admin/input_Username_password'

2019-04-26 14:59:05 - [TEST_STEP][PASSED] - click(findTestObject("Object Repository/verification department/Page_Chiragh.com Admin/button_Login")): Object: 'Object Repository/verification department/Page_Chiragh.com Admin/button_Login' is clicked on

2019-04-26 14:59:05 - [MESSAGE][PASSED] - Object: 'Object Repository/verification department/Page_Chiragh.com Admin/button_Login' is clicked on

2019-04-26 14:59:05 - [TEST_STEP][PASSED] - click(findTestObject("Object Repository/verification department/Page_Chiragh.com Admin/a_In Process")): Object: 'Object Repository/verification department/Page_Chiragh.com Admin/a_In Process' is clicked on

2019-04-26 14:59:07 - [MESSAGE][PASSED] - Object: 'Object Repository/verification department/Page_Chiragh.com Admin/a_In Process' is clicked on

2019-04-26 14:59:07 - [TEST_STEP][PASSED] - click(findTestObject("Object Repository/verification department/Page_Chiragh.com Admin/a_Wyman Dale 3 Floors Building")): Object: 'Object Repository/verification department/Page_Chiragh.com Admin/a_Wyman Dale 3 Floors Building' is clicked on

2019-04-26 14:59:11 - [MESSAGE][PASSED] - Object: 'Object Repository/verification department/Page_Chiragh.com Admin/a_Wyman Dale 3 Floors Building' is clicked on

2019-04-26 14:59:11 - [TEST_STEP][PASSED] - delay(3): Delayed 3 second(s)

2019-04-26 14:59:14 - [MESSAGE][PASSED] - Delayed 3 second(s)

2019-04-26 14:59:14 - [TEST_STEP][PASSED] - click(findTestObject("Object Repository/verification department/Page_Chiragh.com Admin/div_Check List")): Object: 'Object Repository/verification department/Page_Chiragh.com Admin/div_Check List' is clicked on

2019-04-26 14:59:14 - [MESSAGE][PASSED] - Object: 'Object Repository/verification department/Page_Chiragh.com Admin/div_Check List' is clicked on

2019-04-26 14:59:14 - [TEST_STEP][PASSED] - click(findTestObject("Object Repository/verification department/Page_Chiragh.com Admin/button_Approve")): Object: 'Object Repository/verification department/Page_Chiragh.com Admin/button_Approve' is clicked on

2019-04-26 14:59:14 - [MESSAGE][PASSED] - Object: 'Object Repository/verification department/Page_Chiragh.com Admin/button_Approve' is clicked on

2019-04-26 14:59:14 - [TEST_STEP][PASSED] - click(findTestObject("Object Repository/verification department/Page_Chiragh.com Admin/snack-bar-container_Are you su_2")): Object: 'Object Repository/verification department/Page_Chiragh.com Admin/snack-bar-container_Are you su_2' is clicked on

2019-04-26 14:59:14 - [MESSAGE][PASSED] - Object: 'Object Repository/verification department/Page_Chiragh.com Admin/snack-bar-container_Are you su_2' is clicked on

2019-04-26 14:59:14 - [TEST_STEP][PASSED] - click(findTestObject("Object Repository/verification department/Page_Chiragh.com Admin/span_Are you sure you want to _2")): Object: 'Object Repository/verification department/Page_Chiragh.com Admin/span_Are you sure you want to _2' is clicked on

2019-04-26 14:59:15 - [MESSAGE][PASSED] - Object: 'Object Repository/verification department/Page_Chiragh.com Admin/span_Are you sure you want to _2' is clicked on

2019-04-26 14:59:15 - [TEST_STEP][PASSED] - click(findTestObject("Object Repository/verification department/Page_Chiragh.com Admin/button_Yes")): Object: 'Object Repository/verification department/Page_Chiragh.com Admin/button_Yes' is clicked on

2019-04-26 14:59:15 - [MESSAGE][PASSED] - Object: 'Object Repository/verification department/Page_Chiragh.com Admin/button_Yes' is clicked on

2019-04-26 14:59:15 - [TEST_STEP][PASSED] - delay(5): Delayed 5 second(s)

2019-04-26 14:59:20 - [MESSAGE][PASSED] - Delayed 5 second(s)

2019-04-26 14:59:20 - [TEST_STEP][PASSED] - closeBrowser(): Browser is closed

2019-04-26 14:59:21 - [MESSAGE][PASSED] - Browser is closed]]></system-out>
         <system-err><![CDATA[]]></system-err>
      </testcase>
      <testcase name="Test Cases/valuation department" classname="Test Cases/valuation department" status="PASSED">
         <system-out><![CDATA[2019-04-26 14:59:21 - [TEST_CASE][PASSED] - Test Cases/valuation department: Test Cases/valuation department

2019-04-26 14:59:21 - [TEST_STEP][PASSED] - openBrowser(""): Browser is opened with url: ''

2019-04-26 14:59:21 - [MESSAGE][INFO] - Starting 'Chrome' driver

2019-04-26 14:59:23 - [MESSAGE][PASSED] - Browser is opened with url: ''

2019-04-26 14:59:23 - [TEST_STEP][PASSED] - navigateToUrl("http://admin-chiragh.surge.sh/"): Navigate to 'http://admin-chiragh.surge.sh/' successfully

2019-04-26 14:59:31 - [MESSAGE][PASSED] - Navigate to 'http://admin-chiragh.surge.sh/' successfully

2019-04-26 14:59:31 - [TEST_STEP][PASSED] - maximizeWindow(): Current window maximized

2019-04-26 14:59:32 - [MESSAGE][PASSED] - Current window maximized

2019-04-26 14:59:32 - [TEST_STEP][PASSED] - waitForPageLoad(8): Wait for page load successfully

2019-04-26 14:59:32 - [MESSAGE][PASSED] - Wait for page load successfully

2019-04-26 14:59:32 - [TEST_STEP][PASSED] - click(findTestObject("Object Repository/brokerage department/Page_Chiragh.com Admin/div_Username")): Object: 'Object Repository/brokerage department/Page_Chiragh.com Admin/div_Username' is clicked on

2019-04-26 14:59:32 - [MESSAGE][PASSED] - Object: 'Object Repository/brokerage department/Page_Chiragh.com Admin/div_Username' is clicked on

2019-04-26 14:59:32 - [TEST_STEP][PASSED] - setText(findTestObject("Object Repository/brokerage department/Page_Chiragh.com Admin/input_Admin Panel_userName"), "farhanm"): Text 'farhanm' is set on object 'Object Repository/brokerage department/Page_Chiragh.com Admin/input_Admin Panel_userName'

2019-04-26 14:59:32 - [MESSAGE][PASSED] - Text 'farhanm' is set on object 'Object Repository/brokerage department/Page_Chiragh.com Admin/input_Admin Panel_userName'

2019-04-26 14:59:32 - [TEST_STEP][PASSED] - click(findTestObject("Object Repository/brokerage department/Page_Chiragh.com Admin/div_Password")): Object: 'Object Repository/brokerage department/Page_Chiragh.com Admin/div_Password' is clicked on

2019-04-26 14:59:32 - [MESSAGE][PASSED] - Object: 'Object Repository/brokerage department/Page_Chiragh.com Admin/div_Password' is clicked on

2019-04-26 14:59:32 - [TEST_STEP][PASSED] - setEncryptedText(findTestObject("Object Repository/brokerage department/Page_Chiragh.com Admin/input_Username_password"), "RigbBhfdqODKcAsiUrg+1Q=="): Text ****** has been set on object 'Object Repository/brokerage department/Page_Chiragh.com Admin/input_Username_password'

2019-04-26 14:59:32 - [MESSAGE][PASSED] - Text ****** has been set on object 'Object Repository/brokerage department/Page_Chiragh.com Admin/input_Username_password'

2019-04-26 14:59:32 - [TEST_STEP][PASSED] - click(findTestObject("Object Repository/brokerage department/Page_Chiragh.com Admin/button_Login")): Object: 'Object Repository/brokerage department/Page_Chiragh.com Admin/button_Login' is clicked on

2019-04-26 14:59:32 - [MESSAGE][PASSED] - Object: 'Object Repository/brokerage department/Page_Chiragh.com Admin/button_Login' is clicked on

2019-04-26 14:59:32 - [TEST_STEP][PASSED] - click(findTestObject("Object Repository/brokerage department/Page_Chiragh.com Admin/a_New Leads")): Object: 'Object Repository/brokerage department/Page_Chiragh.com Admin/a_New Leads' is clicked on

2019-04-26 14:59:37 - [MESSAGE][PASSED] - Object: 'Object Repository/brokerage department/Page_Chiragh.com Admin/a_New Leads' is clicked on

2019-04-26 14:59:37 - [TEST_STEP][PASSED] - click(findTestObject("Object Repository/brokerage department/Page_Chiragh.com Admin/a_an hour ago_fas fa-user-circ")): Object: 'Object Repository/brokerage department/Page_Chiragh.com Admin/a_an hour ago_fas fa-user-circ' is clicked on

2019-04-26 14:59:41 - [MESSAGE][PASSED] - Object: 'Object Repository/brokerage department/Page_Chiragh.com Admin/a_an hour ago_fas fa-user-circ' is clicked on

2019-04-26 14:59:41 - [TEST_STEP][PASSED] - click(findTestObject("Object Repository/brokerage department/Page_Chiragh.com Admin/a_Abdullah M")): Object: 'Object Repository/brokerage department/Page_Chiragh.com Admin/a_Abdullah M' is clicked on

2019-04-26 14:59:41 - [MESSAGE][PASSED] - Object: 'Object Repository/brokerage department/Page_Chiragh.com Admin/a_Abdullah M' is clicked on

2019-04-26 14:59:41 - [TEST_STEP][PASSED] - delay(5): Delayed 5 second(s)

2019-04-26 14:59:46 - [MESSAGE][PASSED] - Delayed 5 second(s)

2019-04-26 14:59:46 - [TEST_STEP][PASSED] - click(findTestObject("Object Repository/brokerage department/Page_Chiragh.com Admin/button_FM")): Object: 'Object Repository/brokerage department/Page_Chiragh.com Admin/button_FM' is clicked on

2019-04-26 14:59:46 - [MESSAGE][PASSED] - Object: 'Object Repository/brokerage department/Page_Chiragh.com Admin/button_FM' is clicked on

2019-04-26 14:59:46 - [TEST_STEP][PASSED] - click(findTestObject("Object Repository/brokerage department/Page_Chiragh.com Admin/button_exit_to_appLogout")): Object: 'Object Repository/brokerage department/Page_Chiragh.com Admin/button_exit_to_appLogout' is clicked on

2019-04-26 14:59:52 - [MESSAGE][PASSED] - Object: 'Object Repository/brokerage department/Page_Chiragh.com Admin/button_exit_to_appLogout' is clicked on

2019-04-26 14:59:52 - [TEST_STEP][PASSED] - waitForPageLoad(5): Wait for page load successfully

2019-04-26 14:59:52 - [MESSAGE][PASSED] - Wait for page load successfully

2019-04-26 14:59:52 - [TEST_STEP][PASSED] - click(findTestObject("Object Repository/valuation department/Page_Chiragh.com Admin/div_Username")): Object: 'Object Repository/valuation department/Page_Chiragh.com Admin/div_Username' is clicked on

2019-04-26 14:59:52 - [MESSAGE][PASSED] - Object: 'Object Repository/valuation department/Page_Chiragh.com Admin/div_Username' is clicked on

2019-04-26 14:59:52 - [TEST_STEP][PASSED] - setText(findTestObject("Object Repository/valuation department/Page_Chiragh.com Admin/input_Admin Panel_userName"), "haleemhanif"): Text 'haleemhanif' is set on object 'Object Repository/valuation department/Page_Chiragh.com Admin/input_Admin Panel_userName'

2019-04-26 14:59:53 - [MESSAGE][PASSED] - Text 'haleemhanif' is set on object 'Object Repository/valuation department/Page_Chiragh.com Admin/input_Admin Panel_userName'

2019-04-26 14:59:53 - [TEST_STEP][PASSED] - click(findTestObject("Object Repository/valuation department/Page_Chiragh.com Admin/div_Password")): Object: 'Object Repository/valuation department/Page_Chiragh.com Admin/div_Password' is clicked on

2019-04-26 14:59:53 - [MESSAGE][PASSED] - Object: 'Object Repository/valuation department/Page_Chiragh.com Admin/div_Password' is clicked on

2019-04-26 14:59:53 - [TEST_STEP][PASSED] - setEncryptedText(findTestObject("Object Repository/valuation department/Page_Chiragh.com Admin/input_Username_password"), "RigbBhfdqODKcAsiUrg+1Q=="): Text ****** has been set on object 'Object Repository/valuation department/Page_Chiragh.com Admin/input_Username_password'

2019-04-26 14:59:53 - [MESSAGE][PASSED] - Text ****** has been set on object 'Object Repository/valuation department/Page_Chiragh.com Admin/input_Username_password'

2019-04-26 14:59:53 - [TEST_STEP][PASSED] - click(findTestObject("Object Repository/valuation department/Page_Chiragh.com Admin/button_Login")): Object: 'Object Repository/valuation department/Page_Chiragh.com Admin/button_Login' is clicked on

2019-04-26 14:59:53 - [MESSAGE][PASSED] - Object: 'Object Repository/valuation department/Page_Chiragh.com Admin/button_Login' is clicked on

2019-04-26 14:59:53 - [TEST_STEP][PASSED] - click(findTestObject("Object Repository/valuation department/Page_Chiragh.com Admin/a_New Leads")): Object: 'Object Repository/valuation department/Page_Chiragh.com Admin/a_New Leads' is clicked on

2019-04-26 14:59:56 - [MESSAGE][PASSED] - Object: 'Object Repository/valuation department/Page_Chiragh.com Admin/a_New Leads' is clicked on

2019-04-26 14:59:56 - [TEST_STEP][PASSED] - delay(2): Delayed 2 second(s)

2019-04-26 14:59:58 - [MESSAGE][PASSED] - Delayed 2 second(s)

2019-04-26 14:59:58 - [TEST_STEP][PASSED] - click(findTestObject("Object Repository/valuation department/Page_Chiragh.com Admin/a_a day ago_fas fa-user-circle")): Object: 'Object Repository/valuation department/Page_Chiragh.com Admin/a_a day ago_fas fa-user-circle' is clicked on

2019-04-26 14:59:58 - [MESSAGE][PASSED] - Object: 'Object Repository/valuation department/Page_Chiragh.com Admin/a_a day ago_fas fa-user-circle' is clicked on

2019-04-26 14:59:58 - [TEST_STEP][PASSED] - click(findTestObject("Object Repository/valuation department/Page_Chiragh.com Admin/a_Chrystal Dsouza")): Object: 'Object Repository/valuation department/Page_Chiragh.com Admin/a_Chrystal Dsouza' is clicked on

2019-04-26 14:59:58 - [MESSAGE][PASSED] - Object: 'Object Repository/valuation department/Page_Chiragh.com Admin/a_Chrystal Dsouza' is clicked on

2019-04-26 14:59:58 - [TEST_STEP][PASSED] - click(findTestObject("Object Repository/valuation department/Page_Chiragh.com Admin/button_HH")): Object: 'Object Repository/valuation department/Page_Chiragh.com Admin/button_HH' is clicked on

2019-04-26 14:59:58 - [MESSAGE][PASSED] - Object: 'Object Repository/valuation department/Page_Chiragh.com Admin/button_HH' is clicked on

2019-04-26 14:59:58 - [TEST_STEP][PASSED] - delay(5): Delayed 5 second(s)

2019-04-26 15:00:03 - [MESSAGE][PASSED] - Delayed 5 second(s)

2019-04-26 15:00:03 - [TEST_STEP][PASSED] - click(findTestObject("Object Repository/valuation department/Page_Chiragh.com Admin/button_exit_to_appLogout")): Object: 'Object Repository/valuation department/Page_Chiragh.com Admin/button_exit_to_appLogout' is clicked on

2019-04-26 15:00:09 - [MESSAGE][PASSED] - Object: 'Object Repository/valuation department/Page_Chiragh.com Admin/button_exit_to_appLogout' is clicked on

2019-04-26 15:00:09 - [TEST_STEP][PASSED] - waitForPageLoad(8): Wait for page load successfully

2019-04-26 15:00:09 - [MESSAGE][PASSED] - Wait for page load successfully

2019-04-26 15:00:09 - [TEST_STEP][PASSED] - click(findTestObject("Object Repository/valuation department/Page_Chiragh.com Admin/div_Username")): Object: 'Object Repository/valuation department/Page_Chiragh.com Admin/div_Username' is clicked on

2019-04-26 15:00:10 - [MESSAGE][PASSED] - Object: 'Object Repository/valuation department/Page_Chiragh.com Admin/div_Username' is clicked on

2019-04-26 15:00:10 - [TEST_STEP][PASSED] - setText(findTestObject("Object Repository/valuation department/Page_Chiragh.com Admin/input_Admin Panel_userName"), "chrystaldsouza"): Text 'chrystaldsouza' is set on object 'Object Repository/valuation department/Page_Chiragh.com Admin/input_Admin Panel_userName'

2019-04-26 15:00:10 - [MESSAGE][PASSED] - Text 'chrystaldsouza' is set on object 'Object Repository/valuation department/Page_Chiragh.com Admin/input_Admin Panel_userName'

2019-04-26 15:00:10 - [TEST_STEP][PASSED] - click(findTestObject("Object Repository/valuation department/Page_Chiragh.com Admin/div_Password")): Object: 'Object Repository/valuation department/Page_Chiragh.com Admin/div_Password' is clicked on

2019-04-26 15:00:10 - [MESSAGE][PASSED] - Object: 'Object Repository/valuation department/Page_Chiragh.com Admin/div_Password' is clicked on

2019-04-26 15:00:10 - [TEST_STEP][PASSED] - setEncryptedText(findTestObject("Object Repository/valuation department/Page_Chiragh.com Admin/input_Username_password"), "RigbBhfdqODKcAsiUrg+1Q=="): Text ****** has been set on object 'Object Repository/valuation department/Page_Chiragh.com Admin/input_Username_password'

2019-04-26 15:00:10 - [MESSAGE][PASSED] - Text ****** has been set on object 'Object Repository/valuation department/Page_Chiragh.com Admin/input_Username_password'

2019-04-26 15:00:10 - [TEST_STEP][PASSED] - click(findTestObject("Object Repository/valuation department/Page_Chiragh.com Admin/button_Login")): Object: 'Object Repository/valuation department/Page_Chiragh.com Admin/button_Login' is clicked on

2019-04-26 15:00:10 - [MESSAGE][PASSED] - Object: 'Object Repository/valuation department/Page_Chiragh.com Admin/button_Login' is clicked on

2019-04-26 15:00:10 - [TEST_STEP][PASSED] - click(findTestObject("Object Repository/valuation department/Page_Chiragh.com Admin/a_My Leads")): Object: 'Object Repository/valuation department/Page_Chiragh.com Admin/a_My Leads' is clicked on

2019-04-26 15:00:13 - [MESSAGE][PASSED] - Object: 'Object Repository/valuation department/Page_Chiragh.com Admin/a_My Leads' is clicked on

2019-04-26 15:00:13 - [TEST_STEP][PASSED] - click(findTestObject("Object Repository/valuation department/Page_Chiragh.com Admin/i_Schedule Appointment_fas fa-")): Object: 'Object Repository/valuation department/Page_Chiragh.com Admin/i_Schedule Appointment_fas fa-' is clicked on

2019-04-26 15:00:16 - [MESSAGE][PASSED] - Object: 'Object Repository/valuation department/Page_Chiragh.com Admin/i_Schedule Appointment_fas fa-' is clicked on

2019-04-26 15:00:16 - [TEST_STEP][PASSED] - delay(3): Delayed 3 second(s)

2019-04-26 15:00:19 - [MESSAGE][PASSED] - Delayed 3 second(s)

2019-04-26 15:00:19 - [TEST_STEP][PASSED] - setText(findTestObject("Object Repository/valuation department/Page_Chiragh.com Admin/input_Schedule an Onsite Visit"), "Onsite Visit"): Text 'Onsite Visit' is set on object 'Object Repository/valuation department/Page_Chiragh.com Admin/input_Schedule an Onsite Visit'

2019-04-26 15:00:20 - [MESSAGE][PASSED] - Text 'Onsite Visit' is set on object 'Object Repository/valuation department/Page_Chiragh.com Admin/input_Schedule an Onsite Visit'

2019-04-26 15:00:20 - [TEST_STEP][PASSED] - click(findTestObject("Object Repository/valuation department/Page_Chiragh.com Admin/span_Schedule an Onsite Visit_")): Object: 'Object Repository/valuation department/Page_Chiragh.com Admin/span_Schedule an Onsite Visit_' is clicked on

2019-04-26 15:00:20 - [MESSAGE][PASSED] - Object: 'Object Repository/valuation department/Page_Chiragh.com Admin/span_Schedule an Onsite Visit_' is clicked on

2019-04-26 15:00:20 - [TEST_STEP][PASSED] - click(findTestObject("Object Repository/valuation department/Page_Chiragh.com Admin/div_Help_cdk-overlay-backdrop")): Object: 'Object Repository/valuation department/Page_Chiragh.com Admin/div_Help_cdk-overlay-backdrop' is clicked on

2019-04-26 15:00:21 - [MESSAGE][PASSED] - Object: 'Object Repository/valuation department/Page_Chiragh.com Admin/div_Help_cdk-overlay-backdrop' is clicked on

2019-04-26 15:00:21 - [TEST_STEP][PASSED] - click(findTestObject("Object Repository/valuation department/Page_Chiragh.com Admin/span_20")): Object: 'Object Repository/valuation department/Page_Chiragh.com Admin/span_20' is clicked on

2019-04-26 15:00:21 - [MESSAGE][PASSED] - Object: 'Object Repository/valuation department/Page_Chiragh.com Admin/span_20' is clicked on

2019-04-26 15:00:21 - [TEST_STEP][PASSED] - setText(findTestObject("Object Repository/valuation department/Page_Chiragh.com Admin/input_Sat_owl-dt-timer-input"), "11"): Text '11' is set on object 'Object Repository/valuation department/Page_Chiragh.com Admin/input_Sat_owl-dt-timer-input'

2019-04-26 15:00:21 - [MESSAGE][PASSED] - Text '11' is set on object 'Object Repository/valuation department/Page_Chiragh.com Admin/input_Sat_owl-dt-timer-input'

2019-04-26 15:00:21 - [TEST_STEP][PASSED] - setText(findTestObject("Object Repository/valuation department/Page_Chiragh.com Admin/input_Hour_owl-dt-timer-input"), "00"): Text '00' is set on object 'Object Repository/valuation department/Page_Chiragh.com Admin/input_Hour_owl-dt-timer-input'

2019-04-26 15:00:21 - [MESSAGE][PASSED] - Text '00' is set on object 'Object Repository/valuation department/Page_Chiragh.com Admin/input_Hour_owl-dt-timer-input'

2019-04-26 15:00:21 - [TEST_STEP][PASSED] - delay(4): Delayed 4 second(s)

2019-04-26 15:00:25 - [MESSAGE][PASSED] - Delayed 4 second(s)

2019-04-26 15:00:25 - [TEST_STEP][PASSED] - click(findTestObject("Object Repository/valuation department/Page_Chiragh.com Admin/span_Set")): Object: 'Object Repository/valuation department/Page_Chiragh.com Admin/span_Set' is clicked on

2019-04-26 15:00:26 - [MESSAGE][PASSED] - Object: 'Object Repository/valuation department/Page_Chiragh.com Admin/span_Set' is clicked on

2019-04-26 15:00:26 - [TEST_STEP][PASSED] - setText(findTestObject("Object Repository/valuation department/Page_Chiragh.com Admin/textarea_Schedule an Onsite Vi"), "Onsite Visit "): Text 'Onsite Visit ' is set on object 'Object Repository/valuation department/Page_Chiragh.com Admin/textarea_Schedule an Onsite Vi'

2019-04-26 15:00:26 - [MESSAGE][PASSED] - Text 'Onsite Visit ' is set on object 'Object Repository/valuation department/Page_Chiragh.com Admin/textarea_Schedule an Onsite Vi'

2019-04-26 15:00:26 - [TEST_STEP][PASSED] - click(findTestObject("Object Repository/valuation department/Page_Chiragh.com Admin/button_SAVE")): Object: 'Object Repository/valuation department/Page_Chiragh.com Admin/button_SAVE' is clicked on

2019-04-26 15:00:27 - [MESSAGE][PASSED] - Object: 'Object Repository/valuation department/Page_Chiragh.com Admin/button_SAVE' is clicked on

2019-04-26 15:00:27 - [TEST_STEP][PASSED] - delay(4): Delayed 4 second(s)

2019-04-26 15:00:31 - [MESSAGE][PASSED] - Delayed 4 second(s)

2019-04-26 15:00:31 - [TEST_STEP][PASSED] - click(findTestObject("Object Repository/valuation department/Page_Chiragh.com Admin/Page_Chiragh.com Admin/img1")): Object: 'Object Repository/valuation department/Page_Chiragh.com Admin/Page_Chiragh.com Admin/img1' is clicked on

2019-04-26 15:00:31 - [MESSAGE][PASSED] - Object: 'Object Repository/valuation department/Page_Chiragh.com Admin/Page_Chiragh.com Admin/img1' is clicked on

2019-04-26 15:00:31 - [TEST_STEP][PASSED] - delay(3): Delayed 3 second(s)

2019-04-26 15:00:34 - [MESSAGE][PASSED] - Delayed 3 second(s)

2019-04-26 15:00:34 - [TEST_STEP][PASSED] - click(findTestObject("Object Repository/valuation department/Page_Chiragh.com Admin/button_CD")): Object: 'Object Repository/valuation department/Page_Chiragh.com Admin/button_CD' is clicked on

2019-04-26 15:00:34 - [MESSAGE][PASSED] - Object: 'Object Repository/valuation department/Page_Chiragh.com Admin/button_CD' is clicked on

2019-04-26 15:00:34 - [TEST_STEP][PASSED] - delay(8): Delayed 8 second(s)

2019-04-26 15:00:42 - [MESSAGE][PASSED] - Delayed 8 second(s)

2019-04-26 15:00:42 - [TEST_STEP][PASSED] - click(findTestObject("Object Repository/valuation department/Page_Chiragh.com Admin/button_exit_to_appLogout")): Object: 'Object Repository/valuation department/Page_Chiragh.com Admin/button_exit_to_appLogout' is clicked on

2019-04-26 15:00:48 - [MESSAGE][PASSED] - Object: 'Object Repository/valuation department/Page_Chiragh.com Admin/button_exit_to_appLogout' is clicked on

2019-04-26 15:00:48 - [TEST_STEP][PASSED] - waitForPageLoad(8): Wait for page load successfully

2019-04-26 15:00:48 - [MESSAGE][PASSED] - Wait for page load successfully

2019-04-26 15:00:48 - [TEST_STEP][PASSED] - click(findTestObject("Object Repository/valuation department/Page_Chiragh.com Admin/div_Username")): Object: 'Object Repository/valuation department/Page_Chiragh.com Admin/div_Username' is clicked on

2019-04-26 15:00:48 - [MESSAGE][PASSED] - Object: 'Object Repository/valuation department/Page_Chiragh.com Admin/div_Username' is clicked on

2019-04-26 15:00:48 - [TEST_STEP][PASSED] - setText(findTestObject("Object Repository/valuation department/Page_Chiragh.com Admin/input_Admin Panel_userName"), "fatimazaidi"): Text 'fatimazaidi' is set on object 'Object Repository/valuation department/Page_Chiragh.com Admin/input_Admin Panel_userName'

2019-04-26 15:00:49 - [MESSAGE][PASSED] - Text 'fatimazaidi' is set on object 'Object Repository/valuation department/Page_Chiragh.com Admin/input_Admin Panel_userName'

2019-04-26 15:00:49 - [TEST_STEP][PASSED] - click(findTestObject("Object Repository/valuation department/Page_Chiragh.com Admin/div_Password")): Object: 'Object Repository/valuation department/Page_Chiragh.com Admin/div_Password' is clicked on

2019-04-26 15:00:49 - [MESSAGE][PASSED] - Object: 'Object Repository/valuation department/Page_Chiragh.com Admin/div_Password' is clicked on

2019-04-26 15:00:49 - [TEST_STEP][PASSED] - setEncryptedText(findTestObject("Object Repository/valuation department/Page_Chiragh.com Admin/input_Username_password"), "RigbBhfdqODKcAsiUrg+1Q=="): Text ****** has been set on object 'Object Repository/valuation department/Page_Chiragh.com Admin/input_Username_password'

2019-04-26 15:00:49 - [MESSAGE][PASSED] - Text ****** has been set on object 'Object Repository/valuation department/Page_Chiragh.com Admin/input_Username_password'

2019-04-26 15:00:49 - [TEST_STEP][PASSED] - click(findTestObject("Object Repository/valuation department/Page_Chiragh.com Admin/button_Login")): Object: 'Object Repository/valuation department/Page_Chiragh.com Admin/button_Login' is clicked on

2019-04-26 15:00:49 - [MESSAGE][PASSED] - Object: 'Object Repository/valuation department/Page_Chiragh.com Admin/button_Login' is clicked on

2019-04-26 15:00:49 - [TEST_STEP][PASSED] - click(findTestObject("Object Repository/valuation department/Page_Chiragh.com Admin/a_December 30th 2019 1024 AM_f")): Object: 'Object Repository/valuation department/Page_Chiragh.com Admin/a_December 30th 2019 1024 AM_f' is clicked on

2019-04-26 15:00:54 - [MESSAGE][PASSED] - Object: 'Object Repository/valuation department/Page_Chiragh.com Admin/a_December 30th 2019 1024 AM_f' is clicked on

2019-04-26 15:00:54 - [TEST_STEP][PASSED] - click(findTestObject("Object Repository/valuation department/Page_Chiragh.com Admin/a_Adnan Shafiq")): Object: 'Object Repository/valuation department/Page_Chiragh.com Admin/a_Adnan Shafiq' is clicked on

2019-04-26 15:00:54 - [MESSAGE][PASSED] - Object: 'Object Repository/valuation department/Page_Chiragh.com Admin/a_Adnan Shafiq' is clicked on

2019-04-26 15:00:54 - [TEST_STEP][PASSED] - click(findTestObject("Object Repository/valuation department/Page_Chiragh.com Admin/a_In Process")): Object: 'Object Repository/valuation department/Page_Chiragh.com Admin/a_In Process' is clicked on

2019-04-26 15:00:54 - [MESSAGE][PASSED] - Object: 'Object Repository/valuation department/Page_Chiragh.com Admin/a_In Process' is clicked on

2019-04-26 15:00:54 - [TEST_STEP][PASSED] - click(findTestObject("Object Repository/valuation department/Page_Chiragh.com Admin/button_FZ")): Object: 'Object Repository/valuation department/Page_Chiragh.com Admin/button_FZ' is clicked on

2019-04-26 15:00:54 - [MESSAGE][PASSED] - Object: 'Object Repository/valuation department/Page_Chiragh.com Admin/button_FZ' is clicked on

2019-04-26 15:00:54 - [TEST_STEP][PASSED] - delay(7): Delayed 7 second(s)

2019-04-26 15:01:01 - [MESSAGE][PASSED] - Delayed 7 second(s)

2019-04-26 15:01:01 - [TEST_STEP][PASSED] - click(findTestObject("Object Repository/valuation department/Page_Chiragh.com Admin/button_exit_to_appLogout")): Object: 'Object Repository/valuation department/Page_Chiragh.com Admin/button_exit_to_appLogout' is clicked on

2019-04-26 15:01:07 - [MESSAGE][PASSED] - Object: 'Object Repository/valuation department/Page_Chiragh.com Admin/button_exit_to_appLogout' is clicked on

2019-04-26 15:01:07 - [TEST_STEP][PASSED] - waitForPageLoad(8): Wait for page load successfully

2019-04-26 15:01:07 - [MESSAGE][PASSED] - Wait for page load successfully

2019-04-26 15:01:07 - [TEST_STEP][PASSED] - click(findTestObject("Object Repository/valuation department/Page_Chiragh.com Admin/div_Username")): Object: 'Object Repository/valuation department/Page_Chiragh.com Admin/div_Username' is clicked on

2019-04-26 15:01:07 - [MESSAGE][PASSED] - Object: 'Object Repository/valuation department/Page_Chiragh.com Admin/div_Username' is clicked on

2019-04-26 15:01:07 - [TEST_STEP][PASSED] - setText(findTestObject("Object Repository/valuation department/Page_Chiragh.com Admin/input_Admin Panel_userName"), "adnanshafiq"): Text 'adnanshafiq' is set on object 'Object Repository/valuation department/Page_Chiragh.com Admin/input_Admin Panel_userName'

2019-04-26 15:01:08 - [MESSAGE][PASSED] - Text 'adnanshafiq' is set on object 'Object Repository/valuation department/Page_Chiragh.com Admin/input_Admin Panel_userName'

2019-04-26 15:01:08 - [TEST_STEP][PASSED] - click(findTestObject("Object Repository/valuation department/Page_Chiragh.com Admin/div_Password")): Object: 'Object Repository/valuation department/Page_Chiragh.com Admin/div_Password' is clicked on

2019-04-26 15:01:08 - [MESSAGE][PASSED] - Object: 'Object Repository/valuation department/Page_Chiragh.com Admin/div_Password' is clicked on

2019-04-26 15:01:08 - [TEST_STEP][PASSED] - setEncryptedText(findTestObject("Object Repository/valuation department/Page_Chiragh.com Admin/input_Username_password"), "RigbBhfdqODKcAsiUrg+1Q=="): Text ****** has been set on object 'Object Repository/valuation department/Page_Chiragh.com Admin/input_Username_password'

2019-04-26 15:01:08 - [MESSAGE][PASSED] - Text ****** has been set on object 'Object Repository/valuation department/Page_Chiragh.com Admin/input_Username_password'

2019-04-26 15:01:08 - [TEST_STEP][PASSED] - click(findTestObject("Object Repository/valuation department/Page_Chiragh.com Admin/button_Login")): Object: 'Object Repository/valuation department/Page_Chiragh.com Admin/button_Login' is clicked on

2019-04-26 15:01:08 - [MESSAGE][PASSED] - Object: 'Object Repository/valuation department/Page_Chiragh.com Admin/button_Login' is clicked on

2019-04-26 15:01:08 - [TEST_STEP][PASSED] - click(findTestObject("Object Repository/valuation department/Page_Chiragh.com Admin/a_December 30th 2019 1000 AM_f_1")): Object: 'Object Repository/valuation department/Page_Chiragh.com Admin/a_December 30th 2019 1000 AM_f_1' is clicked on

2019-04-26 15:01:14 - [MESSAGE][PASSED] - Object: 'Object Repository/valuation department/Page_Chiragh.com Admin/a_December 30th 2019 1000 AM_f_1' is clicked on

2019-04-26 15:01:14 - [TEST_STEP][PASSED] - click(findTestObject("Object Repository/valuation department/Page_Chiragh.com Admin/a_Confirm")): Object: 'Object Repository/valuation department/Page_Chiragh.com Admin/a_Confirm' is clicked on

2019-04-26 15:01:15 - [MESSAGE][PASSED] - Object: 'Object Repository/valuation department/Page_Chiragh.com Admin/a_Confirm' is clicked on

2019-04-26 15:01:15 - [TEST_STEP][PASSED] - click(findTestObject("Object Repository/valuation department/Page_Chiragh.com Admin/a_Birdie Fords Hotel_fas fa-ba")): Object: 'Object Repository/valuation department/Page_Chiragh.com Admin/a_Birdie Fords Hotel_fas fa-ba' is clicked on

2019-04-26 15:01:15 - [MESSAGE][PASSED] - Object: 'Object Repository/valuation department/Page_Chiragh.com Admin/a_Birdie Fords Hotel_fas fa-ba' is clicked on

2019-04-26 15:01:15 - [TEST_STEP][PASSED] - delay(3): Delayed 3 second(s)

2019-04-26 15:01:18 - [MESSAGE][PASSED] - Delayed 3 second(s)

2019-04-26 15:01:18 - [TEST_STEP][PASSED] - click(findTestObject("Object Repository/valuation department/Page_Chiragh.com Admin/div_Valuation")): Object: 'Object Repository/valuation department/Page_Chiragh.com Admin/div_Valuation' is clicked on

2019-04-26 15:01:18 - [MESSAGE][PASSED] - Object: 'Object Repository/valuation department/Page_Chiragh.com Admin/div_Valuation' is clicked on

2019-04-26 15:01:18 - [TEST_STEP][PASSED] - uploadFile(findTestObject("Object Repository/valuation department/Page_Chiragh.com Admin/input_Valuation_file"), "C:\Users\HP\Katalon Studio\Chiragh(Admin)\Include\pdf\valuation.pdf"): File 'C:\Users\HP\Katalon Studio\Chiragh(Admin)\Include\pdf\valuation.pdf' sent to object: 'Object Repository/valuation department/Page_Chiragh.com Admin/input_Valuation_file'

2019-04-26 15:01:19 - [MESSAGE][PASSED] - File 'C:\Users\HP\Katalon Studio\Chiragh(Admin)\Include\pdf\valuation.pdf' sent to object: 'Object Repository/valuation department/Page_Chiragh.com Admin/input_Valuation_file'

2019-04-26 15:01:19 - [TEST_STEP][PASSED] - delay(10): Delayed 10 second(s)

2019-04-26 15:01:29 - [MESSAGE][PASSED] - Delayed 10 second(s)

2019-04-26 15:01:29 - [TEST_STEP][PASSED] - click(findTestObject("Object Repository/valuation department/Page_Chiragh.com Admin/img")): Object: 'Object Repository/valuation department/Page_Chiragh.com Admin/img' is clicked on

2019-04-26 15:01:29 - [MESSAGE][PASSED] - Object: 'Object Repository/valuation department/Page_Chiragh.com Admin/img' is clicked on

2019-04-26 15:01:29 - [TEST_STEP][PASSED] - delay(5): Delayed 5 second(s)

2019-04-26 15:01:34 - [MESSAGE][PASSED] - Delayed 5 second(s)

2019-04-26 15:01:34 - [TEST_STEP][PASSED] - click(findTestObject("Object Repository/valuation department/Page_Chiragh.com Admin/a_Birdie Fords Hotel")): Object: 'Object Repository/valuation department/Page_Chiragh.com Admin/a_Birdie Fords Hotel' is clicked on

2019-04-26 15:01:34 - [MESSAGE][PASSED] - Object: 'Object Repository/valuation department/Page_Chiragh.com Admin/a_Birdie Fords Hotel' is clicked on

2019-04-26 15:01:34 - [TEST_STEP][PASSED] - delay(4): Delayed 4 second(s)

2019-04-26 15:01:38 - [MESSAGE][PASSED] - Delayed 4 second(s)

2019-04-26 15:01:38 - [TEST_STEP][PASSED] - click(findTestObject("Object Repository/valuation department/Page_Chiragh.com Admin/div_Check List")): Object: 'Object Repository/valuation department/Page_Chiragh.com Admin/div_Check List' is clicked on

2019-04-26 15:01:39 - [MESSAGE][PASSED] - Object: 'Object Repository/valuation department/Page_Chiragh.com Admin/div_Check List' is clicked on

2019-04-26 15:01:39 - [TEST_STEP][PASSED] - delay(4): Delayed 4 second(s)

2019-04-26 15:01:43 - [MESSAGE][PASSED] - Delayed 4 second(s)

2019-04-26 15:01:43 - [TEST_STEP][PASSED] - click(findTestObject("Object Repository/valuation department/Page_Chiragh.com Admin/button_Confirm")): Object: 'Object Repository/valuation department/Page_Chiragh.com Admin/button_Confirm' is clicked on

2019-04-26 15:01:43 - [MESSAGE][PASSED] - Object: 'Object Repository/valuation department/Page_Chiragh.com Admin/button_Confirm' is clicked on

2019-04-26 15:01:43 - [TEST_STEP][PASSED] - delay(3): Delayed 3 second(s)

2019-04-26 15:01:46 - [MESSAGE][PASSED] - Delayed 3 second(s)

2019-04-26 15:01:46 - [TEST_STEP][PASSED] - click(findTestObject("Object Repository/valuation department/Page_Chiragh.com Admin/button_AS")): Object: 'Object Repository/valuation department/Page_Chiragh.com Admin/button_AS' is clicked on

2019-04-26 15:01:46 - [MESSAGE][PASSED] - Object: 'Object Repository/valuation department/Page_Chiragh.com Admin/button_AS' is clicked on

2019-04-26 15:01:46 - [TEST_STEP][PASSED] - delay(8): Delayed 8 second(s)

2019-04-26 15:01:54 - [MESSAGE][PASSED] - Delayed 8 second(s)

2019-04-26 15:01:54 - [TEST_STEP][PASSED] - click(findTestObject("Object Repository/valuation department/Page_Chiragh.com Admin/button_exit_to_appLogout")): Object: 'Object Repository/valuation department/Page_Chiragh.com Admin/button_exit_to_appLogout' is clicked on

2019-04-26 15:02:00 - [MESSAGE][PASSED] - Object: 'Object Repository/valuation department/Page_Chiragh.com Admin/button_exit_to_appLogout' is clicked on

2019-04-26 15:02:00 - [TEST_STEP][PASSED] - waitForPageLoad(8): Wait for page load successfully

2019-04-26 15:02:00 - [MESSAGE][PASSED] - Wait for page load successfully

2019-04-26 15:02:00 - [TEST_STEP][PASSED] - click(findTestObject("Object Repository/valuation department/Page_Chiragh.com Admin/div_Username")): Object: 'Object Repository/valuation department/Page_Chiragh.com Admin/div_Username' is clicked on

2019-04-26 15:02:00 - [MESSAGE][PASSED] - Object: 'Object Repository/valuation department/Page_Chiragh.com Admin/div_Username' is clicked on

2019-04-26 15:02:00 - [TEST_STEP][PASSED] - setText(findTestObject("Object Repository/valuation department/Page_Chiragh.com Admin/input_Admin Panel_userName"), "fatimazaidi"): Text 'fatimazaidi' is set on object 'Object Repository/valuation department/Page_Chiragh.com Admin/input_Admin Panel_userName'

2019-04-26 15:02:01 - [MESSAGE][PASSED] - Text 'fatimazaidi' is set on object 'Object Repository/valuation department/Page_Chiragh.com Admin/input_Admin Panel_userName'

2019-04-26 15:02:01 - [TEST_STEP][PASSED] - click(findTestObject("Object Repository/valuation department/Page_Chiragh.com Admin/div_Password")): Object: 'Object Repository/valuation department/Page_Chiragh.com Admin/div_Password' is clicked on

2019-04-26 15:02:01 - [MESSAGE][PASSED] - Object: 'Object Repository/valuation department/Page_Chiragh.com Admin/div_Password' is clicked on

2019-04-26 15:02:01 - [TEST_STEP][PASSED] - setEncryptedText(findTestObject("Object Repository/valuation department/Page_Chiragh.com Admin/input_Username_password"), "RigbBhfdqODKcAsiUrg+1Q=="): Text ****** has been set on object 'Object Repository/valuation department/Page_Chiragh.com Admin/input_Username_password'

2019-04-26 15:02:01 - [MESSAGE][PASSED] - Text ****** has been set on object 'Object Repository/valuation department/Page_Chiragh.com Admin/input_Username_password'

2019-04-26 15:02:01 - [TEST_STEP][PASSED] - click(findTestObject("Object Repository/valuation department/Page_Chiragh.com Admin/button_Login")): Object: 'Object Repository/valuation department/Page_Chiragh.com Admin/button_Login' is clicked on

2019-04-26 15:02:01 - [MESSAGE][PASSED] - Object: 'Object Repository/valuation department/Page_Chiragh.com Admin/button_Login' is clicked on

2019-04-26 15:02:01 - [TEST_STEP][PASSED] - click(findTestObject("Object Repository/valuation department/Page_Chiragh.com Admin/a_In Process")): Object: 'Object Repository/valuation department/Page_Chiragh.com Admin/a_In Process' is clicked on

2019-04-26 15:02:04 - [MESSAGE][PASSED] - Object: 'Object Repository/valuation department/Page_Chiragh.com Admin/a_In Process' is clicked on

2019-04-26 15:02:04 - [TEST_STEP][PASSED] - click(findTestObject("Object Repository/valuation department/Page_Chiragh.com Admin/a_Birdie Fords Hotel")): Object: 'Object Repository/valuation department/Page_Chiragh.com Admin/a_Birdie Fords Hotel' is clicked on

2019-04-26 15:02:06 - [MESSAGE][PASSED] - Object: 'Object Repository/valuation department/Page_Chiragh.com Admin/a_Birdie Fords Hotel' is clicked on

2019-04-26 15:02:06 - [TEST_STEP][PASSED] - delay(4): Delayed 4 second(s)

2019-04-26 15:02:10 - [MESSAGE][PASSED] - Delayed 4 second(s)

2019-04-26 15:02:10 - [TEST_STEP][PASSED] - click(findTestObject("Object Repository/valuation department/Page_Chiragh.com Admin/div_Check List")): Object: 'Object Repository/valuation department/Page_Chiragh.com Admin/div_Check List' is clicked on

2019-04-26 15:02:11 - [MESSAGE][PASSED] - Object: 'Object Repository/valuation department/Page_Chiragh.com Admin/div_Check List' is clicked on

2019-04-26 15:02:11 - [TEST_STEP][PASSED] - click(findTestObject("Object Repository/valuation department/Page_Chiragh.com Admin/button_Approve")): Object: 'Object Repository/valuation department/Page_Chiragh.com Admin/button_Approve' is clicked on

2019-04-26 15:02:11 - [MESSAGE][PASSED] - Object: 'Object Repository/valuation department/Page_Chiragh.com Admin/button_Approve' is clicked on

2019-04-26 15:02:11 - [TEST_STEP][PASSED] - click(findTestObject("Object Repository/valuation department/Page_Chiragh.com Admin/button_Yes")): Object: 'Object Repository/valuation department/Page_Chiragh.com Admin/button_Yes' is clicked on

2019-04-26 15:02:11 - [MESSAGE][PASSED] - Object: 'Object Repository/valuation department/Page_Chiragh.com Admin/button_Yes' is clicked on

2019-04-26 15:02:11 - [TEST_STEP][PASSED] - delay(3): Delayed 3 second(s)

2019-04-26 15:02:14 - [MESSAGE][PASSED] - Delayed 3 second(s)

2019-04-26 15:02:14 - [TEST_STEP][PASSED] - click(findTestObject("Object Repository/valuation department/Page_Chiragh.com Admin/button_FZ")): Object: 'Object Repository/valuation department/Page_Chiragh.com Admin/button_FZ' is clicked on

2019-04-26 15:02:15 - [MESSAGE][PASSED] - Object: 'Object Repository/valuation department/Page_Chiragh.com Admin/button_FZ' is clicked on

2019-04-26 15:02:15 - [TEST_STEP][PASSED] - delay(8): Delayed 8 second(s)

2019-04-26 15:02:23 - [MESSAGE][PASSED] - Delayed 8 second(s)

2019-04-26 15:02:23 - [TEST_STEP][PASSED] - click(findTestObject("Object Repository/valuation department/Page_Chiragh.com Admin/button_exit_to_appLogout")): Object: 'Object Repository/valuation department/Page_Chiragh.com Admin/button_exit_to_appLogout' is clicked on

2019-04-26 15:02:29 - [MESSAGE][PASSED] - Object: 'Object Repository/valuation department/Page_Chiragh.com Admin/button_exit_to_appLogout' is clicked on

2019-04-26 15:02:29 - [TEST_STEP][PASSED] - waitForPageLoad(8): Wait for page load successfully

2019-04-26 15:02:29 - [MESSAGE][PASSED] - Wait for page load successfully

2019-04-26 15:02:29 - [TEST_STEP][PASSED] - click(findTestObject("Object Repository/valuation department/Page_Chiragh.com Admin/div_Username")): Object: 'Object Repository/valuation department/Page_Chiragh.com Admin/div_Username' is clicked on

2019-04-26 15:02:29 - [MESSAGE][PASSED] - Object: 'Object Repository/valuation department/Page_Chiragh.com Admin/div_Username' is clicked on

2019-04-26 15:02:29 - [TEST_STEP][PASSED] - setText(findTestObject("Object Repository/valuation department/Page_Chiragh.com Admin/input_Admin Panel_userName"), "chrystaldsouza"): Text 'chrystaldsouza' is set on object 'Object Repository/valuation department/Page_Chiragh.com Admin/input_Admin Panel_userName'

2019-04-26 15:02:29 - [MESSAGE][PASSED] - Text 'chrystaldsouza' is set on object 'Object Repository/valuation department/Page_Chiragh.com Admin/input_Admin Panel_userName'

2019-04-26 15:02:29 - [TEST_STEP][PASSED] - click(findTestObject("Object Repository/valuation department/Page_Chiragh.com Admin/div_Password")): Object: 'Object Repository/valuation department/Page_Chiragh.com Admin/div_Password' is clicked on

2019-04-26 15:02:29 - [MESSAGE][PASSED] - Object: 'Object Repository/valuation department/Page_Chiragh.com Admin/div_Password' is clicked on

2019-04-26 15:02:29 - [TEST_STEP][PASSED] - setEncryptedText(findTestObject("Object Repository/valuation department/Page_Chiragh.com Admin/input_Username_password"), "RigbBhfdqODKcAsiUrg+1Q=="): Text ****** has been set on object 'Object Repository/valuation department/Page_Chiragh.com Admin/input_Username_password'

2019-04-26 15:02:30 - [MESSAGE][PASSED] - Text ****** has been set on object 'Object Repository/valuation department/Page_Chiragh.com Admin/input_Username_password'

2019-04-26 15:02:30 - [TEST_STEP][PASSED] - click(findTestObject("Object Repository/valuation department/Page_Chiragh.com Admin/button_Login")): Object: 'Object Repository/valuation department/Page_Chiragh.com Admin/button_Login' is clicked on

2019-04-26 15:02:30 - [MESSAGE][PASSED] - Object: 'Object Repository/valuation department/Page_Chiragh.com Admin/button_Login' is clicked on

2019-04-26 15:02:30 - [TEST_STEP][PASSED] - click(findTestObject("Object Repository/valuation department/Page_Chiragh.com Admin/a_My Leads")): Object: 'Object Repository/valuation department/Page_Chiragh.com Admin/a_My Leads' is clicked on

2019-04-26 15:02:32 - [MESSAGE][PASSED] - Object: 'Object Repository/valuation department/Page_Chiragh.com Admin/a_My Leads' is clicked on

2019-04-26 15:02:32 - [TEST_STEP][PASSED] - click(findTestObject("Object Repository/valuation department/Page_Chiragh.com Admin/a_Birdie Fords Hotel_fas fa-ba_1")): Object: 'Object Repository/valuation department/Page_Chiragh.com Admin/a_Birdie Fords Hotel_fas fa-ba_1' is clicked on

2019-04-26 15:02:36 - [MESSAGE][PASSED] - Object: 'Object Repository/valuation department/Page_Chiragh.com Admin/a_Birdie Fords Hotel_fas fa-ba_1' is clicked on

2019-04-26 15:02:36 - [TEST_STEP][PASSED] - delay(5): Delayed 5 second(s)

2019-04-26 15:02:41 - [MESSAGE][PASSED] - Delayed 5 second(s)

2019-04-26 15:02:41 - [TEST_STEP][PASSED] - click(findTestObject("Object Repository/valuation department/Page_Chiragh.com Admin/div_Valuation_1")): Object: 'Object Repository/valuation department/Page_Chiragh.com Admin/div_Valuation_1' is clicked on

2019-04-26 15:02:41 - [MESSAGE][PASSED] - Object: 'Object Repository/valuation department/Page_Chiragh.com Admin/div_Valuation_1' is clicked on

2019-04-26 15:02:41 - [TEST_STEP][PASSED] - click(findTestObject("Object Repository/valuation department/Page_Chiragh.com Admin/div_Valuation_1")): Object: 'Object Repository/valuation department/Page_Chiragh.com Admin/div_Valuation_1' is clicked on

2019-04-26 15:02:41 - [MESSAGE][PASSED] - Object: 'Object Repository/valuation department/Page_Chiragh.com Admin/div_Valuation_1' is clicked on

2019-04-26 15:02:41 - [TEST_STEP][PASSED] - uploadFile(findTestObject("Object Repository/valuation department/Page_Chiragh.com Admin/div_Chiragh Valuation Report"), "C:\Users\HP\Katalon Studio\Chiragh(Admin)\Include\pdf\ChiraghValuation.pdf"): File 'C:\Users\HP\Katalon Studio\Chiragh(Admin)\Include\pdf\ChiraghValuation.pdf' sent to object: 'Object Repository/valuation department/Page_Chiragh.com Admin/div_Chiragh Valuation Report'

2019-04-26 15:02:42 - [MESSAGE][PASSED] - File 'C:\Users\HP\Katalon Studio\Chiragh(Admin)\Include\pdf\ChiraghValuation.pdf' sent to object: 'Object Repository/valuation department/Page_Chiragh.com Admin/div_Chiragh Valuation Report'

2019-04-26 15:02:42 - [TEST_STEP][PASSED] - delay(5): Delayed 5 second(s)

2019-04-26 15:02:47 - [MESSAGE][PASSED] - Delayed 5 second(s)

2019-04-26 15:02:47 - [TEST_STEP][PASSED] - uploadFile(findTestObject("Object Repository/valuation department/Page_Chiragh.com Admin/div_Market Analysis Report"), "C:\Users\HP\Katalon Studio\Chiragh(Admin)\Include\pdf\MarketAnalysis.pdf"): File 'C:\Users\HP\Katalon Studio\Chiragh(Admin)\Include\pdf\MarketAnalysis.pdf' sent to object: 'Object Repository/valuation department/Page_Chiragh.com Admin/div_Market Analysis Report'

2019-04-26 15:02:47 - [MESSAGE][PASSED] - File 'C:\Users\HP\Katalon Studio\Chiragh(Admin)\Include\pdf\MarketAnalysis.pdf' sent to object: 'Object Repository/valuation department/Page_Chiragh.com Admin/div_Market Analysis Report'

2019-04-26 15:02:47 - [TEST_STEP][PASSED] - delay(5): Delayed 5 second(s)

2019-04-26 15:02:52 - [MESSAGE][PASSED] - Delayed 5 second(s)

2019-04-26 15:02:52 - [TEST_STEP][PASSED] - click(findTestObject("Object Repository/valuation department/Gallery/Page_Chiragh.com Admin/div_Gallery_mat-tab-header-pag")): Object: 'Object Repository/valuation department/Gallery/Page_Chiragh.com Admin/div_Gallery_mat-tab-header-pag' is clicked on

2019-04-26 15:02:52 - [MESSAGE][PASSED] - Object: 'Object Repository/valuation department/Gallery/Page_Chiragh.com Admin/div_Gallery_mat-tab-header-pag' is clicked on

2019-04-26 15:02:52 - [TEST_STEP][PASSED] - delay(3): Delayed 3 second(s)

2019-04-26 15:02:55 - [MESSAGE][PASSED] - Delayed 3 second(s)

2019-04-26 15:02:55 - [TEST_STEP][PASSED] - click(findTestObject("Object Repository/valuation department/Page_Chiragh.com Admin/div_Gallery")): Object: 'Object Repository/valuation department/Page_Chiragh.com Admin/div_Gallery' is clicked on

2019-04-26 15:02:56 - [MESSAGE][PASSED] - Object: 'Object Repository/valuation department/Page_Chiragh.com Admin/div_Gallery' is clicked on

2019-04-26 15:02:56 - [TEST_STEP][PASSED] - click(findTestObject("Object Repository/valuation department/Page_Chiragh.com Admin/div_Gallery")): Object: 'Object Repository/valuation department/Page_Chiragh.com Admin/div_Gallery' is clicked on

2019-04-26 15:02:56 - [MESSAGE][PASSED] - Object: 'Object Repository/valuation department/Page_Chiragh.com Admin/div_Gallery' is clicked on

2019-04-26 15:02:56 - [TEST_STEP][PASSED] - delay(8): Delayed 8 second(s)

2019-04-26 15:03:04 - [MESSAGE][PASSED] - Delayed 8 second(s)

2019-04-26 15:03:04 - [TEST_STEP][PASSED] - uploadFile(findTestObject("Object Repository/valuation department/Page_Chiragh.com Admin/input_This collection is empty"), "C:\Users\HP\Katalon Studio\Chiragh(Admin)\Include\propertyImages\15.jpg"): File 'C:\Users\HP\Katalon Studio\Chiragh(Admin)\Include\propertyImages\15.jpg' sent to object: 'Object Repository/valuation department/Page_Chiragh.com Admin/input_This collection is empty'

2019-04-26 15:03:04 - [MESSAGE][PASSED] - File 'C:\Users\HP\Katalon Studio\Chiragh(Admin)\Include\propertyImages\15.jpg' sent to object: 'Object Repository/valuation department/Page_Chiragh.com Admin/input_This collection is empty'

2019-04-26 15:03:04 - [TEST_STEP][PASSED] - delay(3): Delayed 3 second(s)

2019-04-26 15:03:07 - [MESSAGE][PASSED] - Delayed 3 second(s)

2019-04-26 15:03:07 - [TEST_STEP][PASSED] - uploadFile(findTestObject("Object Repository/valuation department/Page_Chiragh.com Admin/button_Mark Main_upload-img-li"), "C:\Users\HP\Katalon Studio\Chiragh(Admin)\Include\propertyImages\akoya-oxygen-1076-2052.jpg"): File 'C:\Users\HP\Katalon Studio\Chiragh(Admin)\Include\propertyImages\akoya-oxygen-1076-2052.jpg' sent to object: 'Object Repository/valuation department/Page_Chiragh.com Admin/button_Mark Main_upload-img-li'

2019-04-26 15:03:11 - [MESSAGE][PASSED] - File 'C:\Users\HP\Katalon Studio\Chiragh(Admin)\Include\propertyImages\akoya-oxygen-1076-2052.jpg' sent to object: 'Object Repository/valuation department/Page_Chiragh.com Admin/button_Mark Main_upload-img-li'

2019-04-26 15:03:11 - [TEST_STEP][PASSED] - delay(3): Delayed 3 second(s)

2019-04-26 15:03:14 - [MESSAGE][PASSED] - Delayed 3 second(s)

2019-04-26 15:03:14 - [TEST_STEP][PASSED] - uploadFile(findTestObject("Object Repository/valuation department/Page_Chiragh.com Admin/input_This collection is empty"), "C:\Users\HP\Katalon Studio\Chiragh(Admin)\Include\propertyImages\arabian-ranches.png"): File 'C:\Users\HP\Katalon Studio\Chiragh(Admin)\Include\propertyImages\arabian-ranches.png' sent to object: 'Object Repository/valuation department/Page_Chiragh.com Admin/input_This collection is empty'

2019-04-26 15:03:14 - [MESSAGE][PASSED] - File 'C:\Users\HP\Katalon Studio\Chiragh(Admin)\Include\propertyImages\arabian-ranches.png' sent to object: 'Object Repository/valuation department/Page_Chiragh.com Admin/input_This collection is empty'

2019-04-26 15:03:14 - [TEST_STEP][PASSED] - delay(3): Delayed 3 second(s)

2019-04-26 15:03:17 - [MESSAGE][PASSED] - Delayed 3 second(s)

2019-04-26 15:03:17 - [TEST_STEP][PASSED] - uploadFile(findTestObject("Object Repository/valuation department/Page_Chiragh.com Admin/input_This collection is empty"), "C:\Users\HP\Katalon Studio\Chiragh(Admin)\Include\propertyImages\119161567.jpg"): File 'C:\Users\HP\Katalon Studio\Chiragh(Admin)\Include\propertyImages\119161567.jpg' sent to object: 'Object Repository/valuation department/Page_Chiragh.com Admin/input_This collection is empty'

2019-04-26 15:03:17 - [MESSAGE][PASSED] - File 'C:\Users\HP\Katalon Studio\Chiragh(Admin)\Include\propertyImages\119161567.jpg' sent to object: 'Object Repository/valuation department/Page_Chiragh.com Admin/input_This collection is empty'

2019-04-26 15:03:17 - [TEST_STEP][PASSED] - delay(3): Delayed 3 second(s)

2019-04-26 15:03:20 - [MESSAGE][PASSED] - Delayed 3 second(s)

2019-04-26 15:03:20 - [TEST_STEP][PASSED] - uploadFile(findTestObject("Object Repository/valuation department/Page_Chiragh.com Admin/input_This collection is empty"), "C:\Users\HP\Katalon Studio\Chiragh(Admin)\Include\propertyImages\41533282.jpeg"): File 'C:\Users\HP\Katalon Studio\Chiragh(Admin)\Include\propertyImages\41533282.jpeg' sent to object: 'Object Repository/valuation department/Page_Chiragh.com Admin/input_This collection is empty'

2019-04-26 15:03:20 - [MESSAGE][PASSED] - File 'C:\Users\HP\Katalon Studio\Chiragh(Admin)\Include\propertyImages\41533282.jpeg' sent to object: 'Object Repository/valuation department/Page_Chiragh.com Admin/input_This collection is empty'

2019-04-26 15:03:20 - [TEST_STEP][PASSED] - delay(3): Delayed 3 second(s)

2019-04-26 15:03:23 - [MESSAGE][PASSED] - Delayed 3 second(s)

2019-04-26 15:03:23 - [TEST_STEP][PASSED] - uploadFile(findTestObject("Object Repository/valuation department/Page_Chiragh.com Admin/input_This collection is empty"), "C:\Users\HP\Katalon Studio\Chiragh(Admin)\Include\propertyImages\arabian-ranches.png"): File 'C:\Users\HP\Katalon Studio\Chiragh(Admin)\Include\propertyImages\arabian-ranches.png' sent to object: 'Object Repository/valuation department/Page_Chiragh.com Admin/input_This collection is empty'

2019-04-26 15:03:23 - [MESSAGE][PASSED] - File 'C:\Users\HP\Katalon Studio\Chiragh(Admin)\Include\propertyImages\arabian-ranches.png' sent to object: 'Object Repository/valuation department/Page_Chiragh.com Admin/input_This collection is empty'

2019-04-26 15:03:23 - [TEST_STEP][PASSED] - delay(3): Delayed 3 second(s)

2019-04-26 15:03:26 - [MESSAGE][PASSED] - Delayed 3 second(s)

2019-04-26 15:03:26 - [TEST_STEP][PASSED] - click(findTestObject("Object Repository/valuation department/Page_Chiragh.com Admin/img")): Object: 'Object Repository/valuation department/Page_Chiragh.com Admin/img' is clicked on

2019-04-26 15:03:27 - [MESSAGE][PASSED] - Object: 'Object Repository/valuation department/Page_Chiragh.com Admin/img' is clicked on

2019-04-26 15:03:27 - [TEST_STEP][PASSED] - delay(3): Delayed 3 second(s)

2019-04-26 15:03:30 - [MESSAGE][PASSED] - Delayed 3 second(s)

2019-04-26 15:03:30 - [TEST_STEP][PASSED] - click(findTestObject("Object Repository/valuation department/Page_Chiragh.com Admin/a_Birdie Fords Hotel")): Object: 'Object Repository/valuation department/Page_Chiragh.com Admin/a_Birdie Fords Hotel' is clicked on

2019-04-26 15:03:30 - [MESSAGE][PASSED] - Object: 'Object Repository/valuation department/Page_Chiragh.com Admin/a_Birdie Fords Hotel' is clicked on

2019-04-26 15:03:30 - [TEST_STEP][PASSED] - delay(4): Delayed 4 second(s)

2019-04-26 15:03:34 - [MESSAGE][PASSED] - Delayed 4 second(s)

2019-04-26 15:03:34 - [TEST_STEP][PASSED] - click(findTestObject("Object Repository/valuation department/Page_Chiragh.com Admin/div_Check List_3")): Object: 'Object Repository/valuation department/Page_Chiragh.com Admin/div_Check List_3' is clicked on

2019-04-26 15:03:34 - [MESSAGE][PASSED] - Object: 'Object Repository/valuation department/Page_Chiragh.com Admin/div_Check List_3' is clicked on

2019-04-26 15:03:34 - [TEST_STEP][PASSED] - delay(4): Delayed 4 second(s)

2019-04-26 15:03:38 - [MESSAGE][PASSED] - Delayed 4 second(s)

2019-04-26 15:03:38 - [TEST_STEP][PASSED] - click(findTestObject("Object Repository/valuation department/Checklist/Page_Chiragh.com Admin/div_Confirm on site meeting ca")): Object: 'Object Repository/valuation department/Checklist/Page_Chiragh.com Admin/div_Confirm on site meeting ca' is clicked on

2019-04-26 15:03:39 - [MESSAGE][PASSED] - Object: 'Object Repository/valuation department/Checklist/Page_Chiragh.com Admin/div_Confirm on site meeting ca' is clicked on

2019-04-26 15:03:39 - [TEST_STEP][PASSED] - click(findTestObject("Object Repository/valuation department/Checklist/Page_Chiragh.com Admin/div_NOC (optional)_mat-checkbo")): Object: 'Object Repository/valuation department/Checklist/Page_Chiragh.com Admin/div_NOC (optional)_mat-checkbo' is clicked on

2019-04-26 15:03:39 - [MESSAGE][PASSED] - Object: 'Object Repository/valuation department/Checklist/Page_Chiragh.com Admin/div_NOC (optional)_mat-checkbo' is clicked on

2019-04-26 15:03:39 - [TEST_STEP][PASSED] - click(findTestObject("Object Repository/valuation department/Checklist/Page_Chiragh.com Admin/div_Keys collected_mat-checkbo")): Object: 'Object Repository/valuation department/Checklist/Page_Chiragh.com Admin/div_Keys collected_mat-checkbo' is clicked on

2019-04-26 15:03:39 - [MESSAGE][PASSED] - Object: 'Object Repository/valuation department/Checklist/Page_Chiragh.com Admin/div_Keys collected_mat-checkbo' is clicked on

2019-04-26 15:03:39 - [TEST_STEP][PASSED] - click(findTestObject("Object Repository/valuation department/Checklist/Page_Chiragh.com Admin/div_Call photographer to confi")): Object: 'Object Repository/valuation department/Checklist/Page_Chiragh.com Admin/div_Call photographer to confi' is clicked on

2019-04-26 15:03:40 - [MESSAGE][PASSED] - Object: 'Object Repository/valuation department/Checklist/Page_Chiragh.com Admin/div_Call photographer to confi' is clicked on

2019-04-26 15:03:40 - [TEST_STEP][PASSED] - click(findTestObject("Object Repository/valuation department/Checklist/Page_Chiragh.com Admin/div_Booked the camera through")): Object: 'Object Repository/valuation department/Checklist/Page_Chiragh.com Admin/div_Booked the camera through' is clicked on

2019-04-26 15:03:40 - [MESSAGE][PASSED] - Object: 'Object Repository/valuation department/Checklist/Page_Chiragh.com Admin/div_Booked the camera through' is clicked on

2019-04-26 15:03:40 - [TEST_STEP][PASSED] - scrollToElement(findTestObject("Object Repository/valuation department/Checklist/Page_Chiragh.com Admin/div_Valuation report is upload"), 3): Scroll to object 'Object Repository/valuation department/Checklist/Page_Chiragh.com Admin/div_Valuation report is upload' successfully

2019-04-26 15:03:40 - [MESSAGE][PASSED] - Scroll to object 'Object Repository/valuation department/Checklist/Page_Chiragh.com Admin/div_Valuation report is upload' successfully

2019-04-26 15:03:40 - [TEST_STEP][PASSED] - click(findTestObject("Object Repository/valuation department/Checklist/Page_Chiragh.com Admin/div_Valuation report is upload")): Object: 'Object Repository/valuation department/Checklist/Page_Chiragh.com Admin/div_Valuation report is upload' is clicked on

2019-04-26 15:03:40 - [MESSAGE][PASSED] - Object: 'Object Repository/valuation department/Checklist/Page_Chiragh.com Admin/div_Valuation report is upload' is clicked on

2019-04-26 15:03:40 - [TEST_STEP][PASSED] - click(findTestObject("Object Repository/valuation department/Checklist/Page_Chiragh.com Admin/div_Market analysis report upl")): Object: 'Object Repository/valuation department/Checklist/Page_Chiragh.com Admin/div_Market analysis report upl' is clicked on

2019-04-26 15:03:41 - [MESSAGE][PASSED] - Object: 'Object Repository/valuation department/Checklist/Page_Chiragh.com Admin/div_Market analysis report upl' is clicked on

2019-04-26 15:03:41 - [TEST_STEP][PASSED] - delay(4): Delayed 4 second(s)

2019-04-26 15:03:45 - [MESSAGE][PASSED] - Delayed 4 second(s)

2019-04-26 15:03:45 - [TEST_STEP][PASSED] - click(findTestObject("Object Repository/valuation department/Page_Chiragh.com Admin/button_Confirm")): Object: 'Object Repository/valuation department/Page_Chiragh.com Admin/button_Confirm' is clicked on

2019-04-26 15:03:45 - [MESSAGE][PASSED] - Object: 'Object Repository/valuation department/Page_Chiragh.com Admin/button_Confirm' is clicked on

2019-04-26 15:03:45 - [TEST_STEP][PASSED] - delay(3): Delayed 3 second(s)

2019-04-26 15:03:48 - [MESSAGE][PASSED] - Delayed 3 second(s)

2019-04-26 15:03:48 - [TEST_STEP][PASSED] - click(findTestObject("Object Repository/valuation department/Page_Chiragh.com Admin/button_CD")): Object: 'Object Repository/valuation department/Page_Chiragh.com Admin/button_CD' is clicked on

2019-04-26 15:03:48 - [MESSAGE][PASSED] - Object: 'Object Repository/valuation department/Page_Chiragh.com Admin/button_CD' is clicked on

2019-04-26 15:03:48 - [TEST_STEP][PASSED] - delay(8): Delayed 8 second(s)

2019-04-26 15:03:56 - [MESSAGE][PASSED] - Delayed 8 second(s)

2019-04-26 15:03:56 - [TEST_STEP][PASSED] - click(findTestObject("Object Repository/valuation department/Page_Chiragh.com Admin/button_exit_to_appLogout")): Object: 'Object Repository/valuation department/Page_Chiragh.com Admin/button_exit_to_appLogout' is clicked on

2019-04-26 15:04:02 - [MESSAGE][PASSED] - Object: 'Object Repository/valuation department/Page_Chiragh.com Admin/button_exit_to_appLogout' is clicked on

2019-04-26 15:04:02 - [TEST_STEP][PASSED] - waitForPageLoad(8): Wait for page load successfully

2019-04-26 15:04:02 - [MESSAGE][PASSED] - Wait for page load successfully

2019-04-26 15:04:02 - [TEST_STEP][PASSED] - click(findTestObject("Object Repository/valuation department/Page_Chiragh.com Admin/div_Username")): Object: 'Object Repository/valuation department/Page_Chiragh.com Admin/div_Username' is clicked on

2019-04-26 15:04:02 - [MESSAGE][PASSED] - Object: 'Object Repository/valuation department/Page_Chiragh.com Admin/div_Username' is clicked on

2019-04-26 15:04:02 - [TEST_STEP][PASSED] - setText(findTestObject("Object Repository/valuation department/Page_Chiragh.com Admin/input_Admin Panel_userName"), "haleemhanif"): Text 'haleemhanif' is set on object 'Object Repository/valuation department/Page_Chiragh.com Admin/input_Admin Panel_userName'

2019-04-26 15:04:03 - [MESSAGE][PASSED] - Text 'haleemhanif' is set on object 'Object Repository/valuation department/Page_Chiragh.com Admin/input_Admin Panel_userName'

2019-04-26 15:04:03 - [TEST_STEP][PASSED] - click(findTestObject("Object Repository/valuation department/Page_Chiragh.com Admin/div_Password")): Object: 'Object Repository/valuation department/Page_Chiragh.com Admin/div_Password' is clicked on

2019-04-26 15:04:03 - [MESSAGE][PASSED] - Object: 'Object Repository/valuation department/Page_Chiragh.com Admin/div_Password' is clicked on

2019-04-26 15:04:03 - [TEST_STEP][PASSED] - setEncryptedText(findTestObject("Object Repository/valuation department/Page_Chiragh.com Admin/input_Username_password"), "RigbBhfdqODKcAsiUrg+1Q=="): Text ****** has been set on object 'Object Repository/valuation department/Page_Chiragh.com Admin/input_Username_password'

2019-04-26 15:04:03 - [MESSAGE][PASSED] - Text ****** has been set on object 'Object Repository/valuation department/Page_Chiragh.com Admin/input_Username_password'

2019-04-26 15:04:03 - [TEST_STEP][PASSED] - click(findTestObject("Object Repository/valuation department/Page_Chiragh.com Admin/button_Login")): Object: 'Object Repository/valuation department/Page_Chiragh.com Admin/button_Login' is clicked on

2019-04-26 15:04:03 - [MESSAGE][PASSED] - Object: 'Object Repository/valuation department/Page_Chiragh.com Admin/button_Login' is clicked on

2019-04-26 15:04:03 - [TEST_STEP][PASSED] - click(findTestObject("Object Repository/valuation department/Page_Chiragh.com Admin/a_New Leads")): Object: 'Object Repository/valuation department/Page_Chiragh.com Admin/a_New Leads' is clicked on

2019-04-26 15:04:06 - [MESSAGE][PASSED] - Object: 'Object Repository/valuation department/Page_Chiragh.com Admin/a_New Leads' is clicked on

2019-04-26 15:04:06 - [TEST_STEP][PASSED] - click(findTestObject("Object Repository/valuation department/Page_Chiragh.com Admin/a_In Process_2")): Object: 'Object Repository/valuation department/Page_Chiragh.com Admin/a_In Process_2' is clicked on

2019-04-26 15:04:06 - [MESSAGE][PASSED] - Object: 'Object Repository/valuation department/Page_Chiragh.com Admin/a_In Process_2' is clicked on

2019-04-26 15:04:06 - [TEST_STEP][PASSED] - click(findTestObject("Object Repository/valuation department/Page_Chiragh.com Admin/a_Birdie Fords Hotel")): Object: 'Object Repository/valuation department/Page_Chiragh.com Admin/a_Birdie Fords Hotel' is clicked on

2019-04-26 15:04:09 - [MESSAGE][PASSED] - Object: 'Object Repository/valuation department/Page_Chiragh.com Admin/a_Birdie Fords Hotel' is clicked on

2019-04-26 15:04:09 - [TEST_STEP][PASSED] - delay(5): Delayed 5 second(s)

2019-04-26 15:04:14 - [MESSAGE][PASSED] - Delayed 5 second(s)

2019-04-26 15:04:14 - [TEST_STEP][PASSED] - click(findTestObject("Object Repository/valuation department/Page_Chiragh.com Admin/div_Check List_7")): Object: 'Object Repository/valuation department/Page_Chiragh.com Admin/div_Check List_7' is clicked on

2019-04-26 15:04:14 - [MESSAGE][PASSED] - Object: 'Object Repository/valuation department/Page_Chiragh.com Admin/div_Check List_7' is clicked on

2019-04-26 15:04:14 - [TEST_STEP][PASSED] - delay(5): Delayed 5 second(s)

2019-04-26 15:04:19 - [MESSAGE][PASSED] - Delayed 5 second(s)

2019-04-26 15:04:19 - [TEST_STEP][PASSED] - click(findTestObject("Object Repository/valuation department/Page_Chiragh.com Admin/button_Approve")): Object: 'Object Repository/valuation department/Page_Chiragh.com Admin/button_Approve' is clicked on

2019-04-26 15:04:20 - [MESSAGE][PASSED] - Object: 'Object Repository/valuation department/Page_Chiragh.com Admin/button_Approve' is clicked on

2019-04-26 15:04:20 - [TEST_STEP][PASSED] - doubleClick(findTestObject("Object Repository/valuation department/Page_Chiragh.com Admin/button_Yes")): Object: 'Object Repository/valuation department/Page_Chiragh.com Admin/button_Yes' is double clicked on

2019-04-26 15:04:20 - [MESSAGE][PASSED] - Object: 'Object Repository/valuation department/Page_Chiragh.com Admin/button_Yes' is double clicked on

2019-04-26 15:04:20 - [TEST_STEP][PASSED] - delay(9): Delayed 9 second(s)

2019-04-26 15:04:29 - [MESSAGE][PASSED] - Delayed 9 second(s)

2019-04-26 15:04:29 - [TEST_STEP][PASSED] - click(findTestObject("Object Repository/valuation department/Page_Chiragh.com Admin/button_HH")): Object: 'Object Repository/valuation department/Page_Chiragh.com Admin/button_HH' is clicked on

2019-04-26 15:04:29 - [MESSAGE][PASSED] - Object: 'Object Repository/valuation department/Page_Chiragh.com Admin/button_HH' is clicked on

2019-04-26 15:04:29 - [TEST_STEP][PASSED] - delay(5): Delayed 5 second(s)

2019-04-26 15:04:34 - [MESSAGE][PASSED] - Delayed 5 second(s)

2019-04-26 15:04:34 - [TEST_STEP][PASSED] - click(findTestObject("Object Repository/valuation department/Page_Chiragh.com Admin/button_exit_to_appLogout")): Object: 'Object Repository/valuation department/Page_Chiragh.com Admin/button_exit_to_appLogout' is clicked on

2019-04-26 15:04:40 - [MESSAGE][PASSED] - Object: 'Object Repository/valuation department/Page_Chiragh.com Admin/button_exit_to_appLogout' is clicked on

2019-04-26 15:04:40 - [TEST_STEP][PASSED] - closeBrowser(): Browser is closed

2019-04-26 15:04:40 - [MESSAGE][PASSED] - Browser is closed]]></system-out>
         <system-err><![CDATA[]]></system-err>
      </testcase>
      <testcase name="Test Cases/brokerage department" classname="Test Cases/brokerage department" status="FAILED">
         <failure type="FAILED" message="Test Cases/brokerage department FAILED.
Reason:
com.kms.katalon.core.exception.StepFailedException: Unable to click on object 'Object Repository/brokerage department/Page_Chiragh.com Admin/a_June Light Hotel_fas fa-bars_2' (Root cause: org.openqa.selenium.WebDriverException: chrome not reachable
  (Session info: chrome=73.0.3683.103)
  (Driver info: chromedriver=2.43.600210 (68dcf5eebde37173d4027fa8635e332711d2874a),platform=Windows NT 10.0.17134 x86_64) (WARNING: The server did not provide any stacktrace information)
Command duration or timeout: 0 milliseconds
Build info: version: '3.7.1', revision: '8a0099a', time: '2017-11-06T21:07:36.161Z'
System info: host: 'DESKTOP-2D7LI1O', ip: '192.168.0.163', os.name: 'Windows 10', os.arch: 'amd64', os.version: '10.0', java.version: '1.8.0_181'
Driver info: com.kms.katalon.selenium.driver.CChromeDriver
Capabilities {acceptInsecureCerts: false, acceptSslCerts: false, applicationCacheEnabled: false, browserConnectionEnabled: false, browserName: chrome, chrome: {chromedriverVersion: 2.43.600210 (68dcf5eebde371..., userDataDir: C:\Users\HP\AppData\Local\T...}, cssSelectorsEnabled: true, databaseEnabled: false, goog:chromeOptions: {debuggerAddress: localhost:57599}, handlesAlerts: true, hasTouchScreen: false, javascriptEnabled: true, locationContextEnabled: true, mobileEmulationEnabled: false, nativeEvents: true, networkConnectionEnabled: false, pageLoadStrategy: normal, platform: XP, platformName: XP, rotatable: false, setWindowRect: true, takesHeapSnapshot: true, takesScreenshot: true, unexpectedAlertBehaviour: , unhandledPromptBehavior: , version: 73.0.3683.103, webStorageEnabled: true}
Session ID: 7b529fc40b99ed6b29aea922bba2ba83
*** Element info: {Using=xpath, value=/html/body/app-root/app-layout/div/app-md/app-seller/app-leads/section/div/div/div/div/table/tbody/tr[1]/td[2]/div/div/a})
	at com.kms.katalon.core.keyword.internal.KeywordMain.stepFailed(KeywordMain.groovy:36)
	at com.kms.katalon.core.webui.keyword.internal.WebUIKeywordMain.stepFailed(WebUIKeywordMain.groovy:65)
	at com.kms.katalon.core.webui.keyword.internal.WebUIKeywordMain.runKeyword(WebUIKeywordMain.groovy:27)
	at com.kms.katalon.core.webui.keyword.builtin.ClickKeyword.click(ClickKeyword.groovy:86)
	at com.kms.katalon.core.webui.keyword.builtin.ClickKeyword.execute(ClickKeyword.groovy:67)
	at com.kms.katalon.core.keyword.internal.KeywordExecutor.executeKeywordForPlatform(KeywordExecutor.groovy:53)
	at com.kms.katalon.core.webui.keyword.WebUiBuiltInKeywords.click(WebUiBuiltInKeywords.groovy:616)
	at com.kms.katalon.core.webui.keyword.WebUiBuiltInKeywords$click$2.call(Unknown Source)
	at brokerage department.run(brokerage department:181)
	at com.kms.katalon.core.main.ScriptEngine.run(ScriptEngine.java:194)
	at com.kms.katalon.core.main.ScriptEngine.runScriptAsRawText(ScriptEngine.java:119)
	at com.kms.katalon.core.main.TestCaseExecutor.runScript(TestCaseExecutor.java:328)
	at com.kms.katalon.core.main.TestCaseExecutor.doExecute(TestCaseExecutor.java:319)
	at com.kms.katalon.core.main.TestCaseExecutor.processExecutionPhase(TestCaseExecutor.java:298)
	at com.kms.katalon.core.main.TestCaseExecutor.accessMainPhase(TestCaseExecutor.java:290)
	at com.kms.katalon.core.main.TestCaseExecutor.execute(TestCaseExecutor.java:224)
	at com.kms.katalon.core.main.TestSuiteExecutor.accessTestCaseMainPhase(TestSuiteExecutor.java:129)
	at com.kms.katalon.core.main.TestSuiteExecutor.accessTestSuiteMainPhase(TestSuiteExecutor.java:112)
	at com.kms.katalon.core.main.TestSuiteExecutor.execute(TestSuiteExecutor.java:81)
	at com.kms.katalon.core.main.TestCaseMain.startTestSuite(TestCaseMain.java:149)
	at com.kms.katalon.core.main.TestCaseMain$startTestSuite$0.call(Unknown Source)
	at TempTestSuite1556272418007.run(TempTestSuite1556272418007.groovy:36)
"/>
         <system-out><![CDATA[2019-04-26 15:04:41 - [TEST_CASE][FAILED] - Test Cases/brokerage department: Test Cases/brokerage department FAILED.
Reason:
com.kms.katalon.core.exception.StepFailedException: Unable to click on object 'Object Repository/brokerage department/Page_Chiragh.com Admin/a_June Light Hotel_fas fa-bars_2' (Root cause: org.openqa.selenium.WebDriverException: chrome not reachable
  (Session info: chrome=73.0.3683.103)
  (Driver info: chromedriver=2.43.600210 (68dcf5eebde37173d4027fa8635e332711d2874a),platform=Windows NT 10.0.17134 x86_64) (WARNING: The server did not provide any stacktrace information)
Command duration or timeout: 0 milliseconds
Build info: version: '3.7.1', revision: '8a0099a', time: '2017-11-06T21:07:36.161Z'
System info: host: 'DESKTOP-2D7LI1O', ip: '192.168.0.163', os.name: 'Windows 10', os.arch: 'amd64', os.version: '10.0', java.version: '1.8.0_181'
Driver info: com.kms.katalon.selenium.driver.CChromeDriver
Capabilities {acceptInsecureCerts: false, acceptSslCerts: false, applicationCacheEnabled: false, browserConnectionEnabled: false, browserName: chrome, chrome: {chromedriverVersion: 2.43.600210 (68dcf5eebde371..., userDataDir: C:\Users\HP\AppData\Local\T...}, cssSelectorsEnabled: true, databaseEnabled: false, goog:chromeOptions: {debuggerAddress: localhost:57599}, handlesAlerts: true, hasTouchScreen: false, javascriptEnabled: true, locationContextEnabled: true, mobileEmulationEnabled: false, nativeEvents: true, networkConnectionEnabled: false, pageLoadStrategy: normal, platform: XP, platformName: XP, rotatable: false, setWindowRect: true, takesHeapSnapshot: true, takesScreenshot: true, unexpectedAlertBehaviour: , unhandledPromptBehavior: , version: 73.0.3683.103, webStorageEnabled: true}
Session ID: 7b529fc40b99ed6b29aea922bba2ba83
*** Element info: {Using=xpath, value=/html/body/app-root/app-layout/div/app-md/app-seller/app-leads/section/div/div/div/div/table/tbody/tr[1]/td[2]/div/div/a})
	at com.kms.katalon.core.keyword.internal.KeywordMain.stepFailed(KeywordMain.groovy:36)
	at com.kms.katalon.core.webui.keyword.internal.WebUIKeywordMain.stepFailed(WebUIKeywordMain.groovy:65)
	at com.kms.katalon.core.webui.keyword.internal.WebUIKeywordMain.runKeyword(WebUIKeywordMain.groovy:27)
	at com.kms.katalon.core.webui.keyword.builtin.ClickKeyword.click(ClickKeyword.groovy:86)
	at com.kms.katalon.core.webui.keyword.builtin.ClickKeyword.execute(ClickKeyword.groovy:67)
	at com.kms.katalon.core.keyword.internal.KeywordExecutor.executeKeywordForPlatform(KeywordExecutor.groovy:53)
	at com.kms.katalon.core.webui.keyword.WebUiBuiltInKeywords.click(WebUiBuiltInKeywords.groovy:616)
	at com.kms.katalon.core.webui.keyword.WebUiBuiltInKeywords$click$2.call(Unknown Source)
	at brokerage department.run(brokerage department:181)
	at com.kms.katalon.core.main.ScriptEngine.run(ScriptEngine.java:194)
	at com.kms.katalon.core.main.ScriptEngine.runScriptAsRawText(ScriptEngine.java:119)
	at com.kms.katalon.core.main.TestCaseExecutor.runScript(TestCaseExecutor.java:328)
	at com.kms.katalon.core.main.TestCaseExecutor.doExecute(TestCaseExecutor.java:319)
	at com.kms.katalon.core.main.TestCaseExecutor.processExecutionPhase(TestCaseExecutor.java:298)
	at com.kms.katalon.core.main.TestCaseExecutor.accessMainPhase(TestCaseExecutor.java:290)
	at com.kms.katalon.core.main.TestCaseExecutor.execute(TestCaseExecutor.java:224)
	at com.kms.katalon.core.main.TestSuiteExecutor.accessTestCaseMainPhase(TestSuiteExecutor.java:129)
	at com.kms.katalon.core.main.TestSuiteExecutor.accessTestSuiteMainPhase(TestSuiteExecutor.java:112)
	at com.kms.katalon.core.main.TestSuiteExecutor.execute(TestSuiteExecutor.java:81)
	at com.kms.katalon.core.main.TestCaseMain.startTestSuite(TestCaseMain.java:149)
	at com.kms.katalon.core.main.TestCaseMain$startTestSuite$0.call(Unknown Source)
	at TempTestSuite1556272418007.run(TempTestSuite1556272418007.groovy:36)


2019-04-26 15:04:41 - [TEST_STEP][PASSED] - openBrowser(""): Browser is opened with url: ''

2019-04-26 15:04:41 - [MESSAGE][INFO] - Starting 'Chrome' driver

2019-04-26 15:04:43 - [MESSAGE][PASSED] - Browser is opened with url: ''

2019-04-26 15:04:43 - [TEST_STEP][PASSED] - navigateToUrl("http://admin-chiragh.surge.sh/"): Navigate to 'http://admin-chiragh.surge.sh/' successfully

2019-04-26 15:04:50 - [MESSAGE][PASSED] - Navigate to 'http://admin-chiragh.surge.sh/' successfully

2019-04-26 15:04:50 - [TEST_STEP][PASSED] - maximizeWindow(): Current window maximized

2019-04-26 15:04:52 - [MESSAGE][PASSED] - Current window maximized

2019-04-26 15:04:52 - [TEST_STEP][PASSED] - currentWindow = getWindowIndex(): Current window's index is: 0

2019-04-26 15:04:52 - [MESSAGE][PASSED] - Current window's index is: 0

2019-04-26 15:04:52 - [TEST_STEP][PASSED] - click(findTestObject("Object Repository/brokerage department/Page_Chiragh.com Admin/div_Username")): Object: 'Object Repository/brokerage department/Page_Chiragh.com Admin/div_Username' is clicked on

2019-04-26 15:04:52 - [MESSAGE][PASSED] - Object: 'Object Repository/brokerage department/Page_Chiragh.com Admin/div_Username' is clicked on

2019-04-26 15:04:52 - [TEST_STEP][PASSED] - setText(findTestObject("Object Repository/brokerage department/Page_Chiragh.com Admin/input_Admin Panel_userName"), "abdullah"): Text 'abdullah' is set on object 'Object Repository/brokerage department/Page_Chiragh.com Admin/input_Admin Panel_userName'

2019-04-26 15:04:52 - [MESSAGE][PASSED] - Text 'abdullah' is set on object 'Object Repository/brokerage department/Page_Chiragh.com Admin/input_Admin Panel_userName'

2019-04-26 15:04:52 - [TEST_STEP][PASSED] - click(findTestObject("Object Repository/brokerage department/Page_Chiragh.com Admin/div_Password")): Object: 'Object Repository/brokerage department/Page_Chiragh.com Admin/div_Password' is clicked on

2019-04-26 15:04:52 - [MESSAGE][PASSED] - Object: 'Object Repository/brokerage department/Page_Chiragh.com Admin/div_Password' is clicked on

2019-04-26 15:04:52 - [TEST_STEP][PASSED] - setEncryptedText(findTestObject("Object Repository/brokerage department/Page_Chiragh.com Admin/input_Username_password"), "RigbBhfdqODKcAsiUrg+1Q=="): Text ****** has been set on object 'Object Repository/brokerage department/Page_Chiragh.com Admin/input_Username_password'

2019-04-26 15:04:52 - [MESSAGE][PASSED] - Text ****** has been set on object 'Object Repository/brokerage department/Page_Chiragh.com Admin/input_Username_password'

2019-04-26 15:04:52 - [TEST_STEP][PASSED] - click(findTestObject("Object Repository/brokerage department/Page_Chiragh.com Admin/button_Login")): Object: 'Object Repository/brokerage department/Page_Chiragh.com Admin/button_Login' is clicked on

2019-04-26 15:04:52 - [MESSAGE][PASSED] - Object: 'Object Repository/brokerage department/Page_Chiragh.com Admin/button_Login' is clicked on

2019-04-26 15:04:52 - [TEST_STEP][PASSED] - click(findTestObject("Object Repository/brokerage department/Page_Chiragh.com Admin/a_My Leads")): Object: 'Object Repository/brokerage department/Page_Chiragh.com Admin/a_My Leads' is clicked on

2019-04-26 15:04:57 - [MESSAGE][PASSED] - Object: 'Object Repository/brokerage department/Page_Chiragh.com Admin/a_My Leads' is clicked on

2019-04-26 15:04:57 - [TEST_STEP][PASSED] - click(findTestObject("Object Repository/brokerage department/Page_Chiragh.com Admin/a_Reichel Trail 3 Floors Build")): Object: 'Object Repository/brokerage department/Page_Chiragh.com Admin/a_Reichel Trail 3 Floors Build' is clicked on

2019-04-26 15:05:01 - [MESSAGE][PASSED] - Object: 'Object Repository/brokerage department/Page_Chiragh.com Admin/a_Reichel Trail 3 Floors Build' is clicked on

2019-04-26 15:05:01 - [TEST_STEP][PASSED] - delay(3): Delayed 3 second(s)

2019-04-26 15:05:04 - [MESSAGE][PASSED] - Delayed 3 second(s)

2019-04-26 15:05:04 - [TEST_STEP][PASSED] - click(findTestObject("Object Repository/brokerage department/Page_Chiragh.com Admin/div_Valuation")): Object: 'Object Repository/brokerage department/Page_Chiragh.com Admin/div_Valuation' is clicked on

2019-04-26 15:05:04 - [MESSAGE][PASSED] - Object: 'Object Repository/brokerage department/Page_Chiragh.com Admin/div_Valuation' is clicked on

2019-04-26 15:05:04 - [TEST_STEP][PASSED] - click(findTestObject("Object Repository/brokerage department/Page_Chiragh.com Admin/div_Valuation")): Object: 'Object Repository/brokerage department/Page_Chiragh.com Admin/div_Valuation' is clicked on

2019-04-26 15:05:05 - [MESSAGE][PASSED] - Object: 'Object Repository/brokerage department/Page_Chiragh.com Admin/div_Valuation' is clicked on

2019-04-26 15:05:05 - [TEST_STEP][PASSED] - click(findTestObject("Object Repository/brokerage department/Page_Chiragh.com Admin/div_Gallery_mat-tab-header-pag")): Object: 'Object Repository/brokerage department/Page_Chiragh.com Admin/div_Gallery_mat-tab-header-pag' is clicked on

2019-04-26 15:05:05 - [MESSAGE][PASSED] - Object: 'Object Repository/brokerage department/Page_Chiragh.com Admin/div_Gallery_mat-tab-header-pag' is clicked on

2019-04-26 15:05:05 - [TEST_STEP][PASSED] - delay(2): Delayed 2 second(s)

2019-04-26 15:05:07 - [MESSAGE][PASSED] - Delayed 2 second(s)

2019-04-26 15:05:07 - [TEST_STEP][PASSED] - click(findTestObject("Object Repository/brokerage department/Page_Chiragh.com Admin/div_Brokerage Proposal")): Object: 'Object Repository/brokerage department/Page_Chiragh.com Admin/div_Brokerage Proposal' is clicked on

2019-04-26 15:05:07 - [MESSAGE][PASSED] - Object: 'Object Repository/brokerage department/Page_Chiragh.com Admin/div_Brokerage Proposal' is clicked on

2019-04-26 15:05:07 - [TEST_STEP][PASSED] - click(findTestObject("Object Repository/brokerage department/Page_Chiragh.com Admin/div_Brokerage Proposal")): Object: 'Object Repository/brokerage department/Page_Chiragh.com Admin/div_Brokerage Proposal' is clicked on

2019-04-26 15:05:08 - [MESSAGE][PASSED] - Object: 'Object Repository/brokerage department/Page_Chiragh.com Admin/div_Brokerage Proposal' is clicked on

2019-04-26 15:05:08 - [TEST_STEP][PASSED] - delay(5): Delayed 5 second(s)

2019-04-26 15:05:13 - [MESSAGE][PASSED] - Delayed 5 second(s)

2019-04-26 15:05:13 - [TEST_STEP][PASSED] - uploadFile(findTestObject("Object Repository/brokerage department/Page_Chiragh.com Admin/img_Form A_ng-star-inserted"), "C:\Users\HP\Katalon Studio\Chiragh(Admin)\Include\pdf\MarketAnalysis.pdf"): File 'C:\Users\HP\Katalon Studio\Chiragh(Admin)\Include\pdf\MarketAnalysis.pdf' sent to object: 'Object Repository/brokerage department/Page_Chiragh.com Admin/img_Form A_ng-star-inserted'

2019-04-26 15:05:13 - [MESSAGE][PASSED] - File 'C:\Users\HP\Katalon Studio\Chiragh(Admin)\Include\pdf\MarketAnalysis.pdf' sent to object: 'Object Repository/brokerage department/Page_Chiragh.com Admin/img_Form A_ng-star-inserted'

2019-04-26 15:05:13 - [TEST_STEP][PASSED] - uploadFile(findTestObject("Object Repository/brokerage department/Page_Chiragh.com Admin/img_Brokerage Report_ng-star-i"), "C:\Users\HP\Katalon Studio\Chiragh(Admin)\Include\pdf\MarketAnalysis.pdf"): File 'C:\Users\HP\Katalon Studio\Chiragh(Admin)\Include\pdf\MarketAnalysis.pdf' sent to object: 'Object Repository/brokerage department/Page_Chiragh.com Admin/img_Brokerage Report_ng-star-i'

2019-04-26 15:05:13 - [MESSAGE][PASSED] - File 'C:\Users\HP\Katalon Studio\Chiragh(Admin)\Include\pdf\MarketAnalysis.pdf' sent to object: 'Object Repository/brokerage department/Page_Chiragh.com Admin/img_Brokerage Report_ng-star-i'

2019-04-26 15:05:13 - [TEST_STEP][PASSED] - delay(5): Delayed 5 second(s)

2019-04-26 15:05:18 - [MESSAGE][PASSED] - Delayed 5 second(s)

2019-04-26 15:05:18 - [TEST_STEP][PASSED] - setText(findTestObject("Object Repository/brokerage department/Page_Chiragh.com Admin/input_Open Price Range (AED)_o"), "3000000"): Text '3000000' is set on object 'Object Repository/brokerage department/Page_Chiragh.com Admin/input_Open Price Range (AED)_o'

2019-04-26 15:05:19 - [MESSAGE][PASSED] - Text '3000000' is set on object 'Object Repository/brokerage department/Page_Chiragh.com Admin/input_Open Price Range (AED)_o'

2019-04-26 15:05:19 - [TEST_STEP][PASSED] - setText(findTestObject("Object Repository/brokerage department/Page_Chiragh.com Admin/input_Open Price Range (AED)_o_7"), "6000000"): Text '6000000' is set on object 'Object Repository/brokerage department/Page_Chiragh.com Admin/input_Open Price Range (AED)_o_7'

2019-04-26 15:05:20 - [MESSAGE][PASSED] - Text '6000000' is set on object 'Object Repository/brokerage department/Page_Chiragh.com Admin/input_Open Price Range (AED)_o_7'

2019-04-26 15:05:20 - [TEST_STEP][PASSED] - setText(findTestObject("Object Repository/brokerage department/Page_Chiragh.com Admin/input_Reserve Price Range (AED"), "7000000"): Text '7000000' is set on object 'Object Repository/brokerage department/Page_Chiragh.com Admin/input_Reserve Price Range (AED'

2019-04-26 15:05:21 - [MESSAGE][PASSED] - Text '7000000' is set on object 'Object Repository/brokerage department/Page_Chiragh.com Admin/input_Reserve Price Range (AED'

2019-04-26 15:05:21 - [TEST_STEP][PASSED] - setText(findTestObject("Object Repository/brokerage department/Page_Chiragh.com Admin/input_Reserve Price Range (AED_7"), "9000000"): Text '9000000' is set on object 'Object Repository/brokerage department/Page_Chiragh.com Admin/input_Reserve Price Range (AED_7'

2019-04-26 15:05:22 - [MESSAGE][PASSED] - Text '9000000' is set on object 'Object Repository/brokerage department/Page_Chiragh.com Admin/input_Reserve Price Range (AED_7'

2019-04-26 15:05:22 - [TEST_STEP][PASSED] - click(findTestObject("Object Repository/brokerage department/Page_Chiragh.com Admin/button_Submit for Approval")): Object: 'Object Repository/brokerage department/Page_Chiragh.com Admin/button_Submit for Approval' is clicked on

2019-04-26 15:05:22 - [MESSAGE][PASSED] - Object: 'Object Repository/brokerage department/Page_Chiragh.com Admin/button_Submit for Approval' is clicked on

2019-04-26 15:05:22 - [TEST_STEP][PASSED] - click(findTestObject("Object Repository/brokerage department/Page_Chiragh.com Admin/img")): Object: 'Object Repository/brokerage department/Page_Chiragh.com Admin/img' is clicked on

2019-04-26 15:05:23 - [MESSAGE][PASSED] - Object: 'Object Repository/brokerage department/Page_Chiragh.com Admin/img' is clicked on

2019-04-26 15:05:23 - [TEST_STEP][PASSED] - delay(5): Delayed 5 second(s)

2019-04-26 15:05:28 - [MESSAGE][PASSED] - Delayed 5 second(s)

2019-04-26 15:05:28 - [TEST_STEP][PASSED] - click(findTestObject("Object Repository/brokerage department/Page_Chiragh.com Admin/button_AM")): Object: 'Object Repository/brokerage department/Page_Chiragh.com Admin/button_AM' is clicked on

2019-04-26 15:05:28 - [MESSAGE][PASSED] - Object: 'Object Repository/brokerage department/Page_Chiragh.com Admin/button_AM' is clicked on

2019-04-26 15:05:28 - [TEST_STEP][PASSED] - delay(5): Delayed 5 second(s)

2019-04-26 15:05:33 - [MESSAGE][PASSED] - Delayed 5 second(s)

2019-04-26 15:05:33 - [TEST_STEP][PASSED] - click(findTestObject("Object Repository/brokerage department/Page_Chiragh.com Admin/button_exit_to_appLogout")): Object: 'Object Repository/brokerage department/Page_Chiragh.com Admin/button_exit_to_appLogout' is clicked on

2019-04-26 15:05:39 - [MESSAGE][PASSED] - Object: 'Object Repository/brokerage department/Page_Chiragh.com Admin/button_exit_to_appLogout' is clicked on

2019-04-26 15:05:39 - [TEST_STEP][PASSED] - waitForPageLoad(5): Wait for page load successfully

2019-04-26 15:05:39 - [MESSAGE][PASSED] - Wait for page load successfully

2019-04-26 15:05:39 - [TEST_STEP][PASSED] - click(findTestObject("Object Repository/brokerage department/Page_Chiragh.com Admin/div_Username")): Object: 'Object Repository/brokerage department/Page_Chiragh.com Admin/div_Username' is clicked on

2019-04-26 15:05:40 - [MESSAGE][PASSED] - Object: 'Object Repository/brokerage department/Page_Chiragh.com Admin/div_Username' is clicked on

2019-04-26 15:05:40 - [TEST_STEP][PASSED] - setText(findTestObject("Object Repository/brokerage department/Page_Chiragh.com Admin/input_Admin Panel_userName"), "farhanm"): Text 'farhanm' is set on object 'Object Repository/brokerage department/Page_Chiragh.com Admin/input_Admin Panel_userName'

2019-04-26 15:05:40 - [MESSAGE][PASSED] - Text 'farhanm' is set on object 'Object Repository/brokerage department/Page_Chiragh.com Admin/input_Admin Panel_userName'

2019-04-26 15:05:40 - [TEST_STEP][PASSED] - click(findTestObject("Object Repository/brokerage department/Page_Chiragh.com Admin/div_Password")): Object: 'Object Repository/brokerage department/Page_Chiragh.com Admin/div_Password' is clicked on

2019-04-26 15:05:40 - [MESSAGE][PASSED] - Object: 'Object Repository/brokerage department/Page_Chiragh.com Admin/div_Password' is clicked on

2019-04-26 15:05:40 - [TEST_STEP][PASSED] - setEncryptedText(findTestObject("Object Repository/brokerage department/Page_Chiragh.com Admin/input_Username_password"), "RigbBhfdqODKcAsiUrg+1Q=="): Text ****** has been set on object 'Object Repository/brokerage department/Page_Chiragh.com Admin/input_Username_password'

2019-04-26 15:05:40 - [MESSAGE][PASSED] - Text ****** has been set on object 'Object Repository/brokerage department/Page_Chiragh.com Admin/input_Username_password'

2019-04-26 15:05:40 - [TEST_STEP][PASSED] - click(findTestObject("Object Repository/brokerage department/Page_Chiragh.com Admin/button_Login")): Object: 'Object Repository/brokerage department/Page_Chiragh.com Admin/button_Login' is clicked on

2019-04-26 15:05:40 - [MESSAGE][PASSED] - Object: 'Object Repository/brokerage department/Page_Chiragh.com Admin/button_Login' is clicked on

2019-04-26 15:05:40 - [TEST_STEP][PASSED] - click(findTestObject("Object Repository/brokerage department/Page_Chiragh.com Admin/a_In Process")): Object: 'Object Repository/brokerage department/Page_Chiragh.com Admin/a_In Process' is clicked on

2019-04-26 15:05:43 - [MESSAGE][PASSED] - Object: 'Object Repository/brokerage department/Page_Chiragh.com Admin/a_In Process' is clicked on

2019-04-26 15:05:43 - [TEST_STEP][PASSED] - click(findTestObject("Object Repository/brokerage department/Page_Chiragh.com Admin/a_June Light Hotel_fas fa-bars_1")): Object: 'Object Repository/brokerage department/Page_Chiragh.com Admin/a_June Light Hotel_fas fa-bars_1' is clicked on

2019-04-26 15:05:47 - [MESSAGE][PASSED] - Object: 'Object Repository/brokerage department/Page_Chiragh.com Admin/a_June Light Hotel_fas fa-bars_1' is clicked on

2019-04-26 15:05:47 - [TEST_STEP][PASSED] - delay(3): Delayed 3 second(s)

2019-04-26 15:05:50 - [MESSAGE][PASSED] - Delayed 3 second(s)

2019-04-26 15:05:50 - [TEST_STEP][PASSED] - click(findTestObject("Object Repository/brokerage department/Page_Chiragh.com Admin/div_Activity Log")): Object: 'Object Repository/brokerage department/Page_Chiragh.com Admin/div_Activity Log' is clicked on

2019-04-26 15:05:51 - [MESSAGE][PASSED] - Object: 'Object Repository/brokerage department/Page_Chiragh.com Admin/div_Activity Log' is clicked on

2019-04-26 15:05:51 - [TEST_STEP][PASSED] - click(findTestObject("Object Repository/brokerage department/Page_Chiragh.com Admin/div_Activity Log")): Object: 'Object Repository/brokerage department/Page_Chiragh.com Admin/div_Activity Log' is clicked on

2019-04-26 15:05:51 - [MESSAGE][PASSED] - Object: 'Object Repository/brokerage department/Page_Chiragh.com Admin/div_Activity Log' is clicked on

2019-04-26 15:05:51 - [TEST_STEP][PASSED] - click(findTestObject("Object Repository/brokerage department/Page_Chiragh.com Admin/div_Gallery_mat-tab-header-pag")): Object: 'Object Repository/brokerage department/Page_Chiragh.com Admin/div_Gallery_mat-tab-header-pag' is clicked on

2019-04-26 15:05:51 - [MESSAGE][PASSED] - Object: 'Object Repository/brokerage department/Page_Chiragh.com Admin/div_Gallery_mat-tab-header-pag' is clicked on

2019-04-26 15:05:51 - [TEST_STEP][PASSED] - delay(3): Delayed 3 second(s)

2019-04-26 15:05:54 - [MESSAGE][PASSED] - Delayed 3 second(s)

2019-04-26 15:05:54 - [TEST_STEP][PASSED] - click(findTestObject("Object Repository/brokerage department/Page_Chiragh.com Admin/div_Brokerage Proposal_1")): Object: 'Object Repository/brokerage department/Page_Chiragh.com Admin/div_Brokerage Proposal_1' is clicked on

2019-04-26 15:05:55 - [MESSAGE][PASSED] - Object: 'Object Repository/brokerage department/Page_Chiragh.com Admin/div_Brokerage Proposal_1' is clicked on

2019-04-26 15:05:55 - [TEST_STEP][PASSED] - click(findTestObject("Object Repository/brokerage department/Page_Chiragh.com Admin/div_Brokerage Proposal_1")): Object: 'Object Repository/brokerage department/Page_Chiragh.com Admin/div_Brokerage Proposal_1' is clicked on

2019-04-26 15:05:55 - [MESSAGE][PASSED] - Object: 'Object Repository/brokerage department/Page_Chiragh.com Admin/div_Brokerage Proposal_1' is clicked on

2019-04-26 15:05:55 - [TEST_STEP][PASSED] - delay(8): Delayed 8 second(s)

2019-04-26 15:06:03 - [MESSAGE][PASSED] - Delayed 8 second(s)

2019-04-26 15:06:03 - [TEST_STEP][PASSED] - click(findTestObject("Object Repository/brokerage department/Page_Chiragh.com Admin/button_Approve")): Object: 'Object Repository/brokerage department/Page_Chiragh.com Admin/button_Approve' is clicked on

2019-04-26 15:06:03 - [MESSAGE][PASSED] - Object: 'Object Repository/brokerage department/Page_Chiragh.com Admin/button_Approve' is clicked on

2019-04-26 15:06:03 - [TEST_STEP][PASSED] - click(findTestObject("Object Repository/brokerage department/Page_Chiragh.com Admin/img")): Object: 'Object Repository/brokerage department/Page_Chiragh.com Admin/img' is clicked on

2019-04-26 15:06:03 - [MESSAGE][PASSED] - Object: 'Object Repository/brokerage department/Page_Chiragh.com Admin/img' is clicked on

2019-04-26 15:06:03 - [TEST_STEP][PASSED] - delay(5): Delayed 5 second(s)

2019-04-26 15:06:08 - [MESSAGE][PASSED] - Delayed 5 second(s)

2019-04-26 15:06:08 - [TEST_STEP][PASSED] - click(findTestObject("Object Repository/brokerage department/Page_Chiragh.com Admin/button_FM")): Object: 'Object Repository/brokerage department/Page_Chiragh.com Admin/button_FM' is clicked on

2019-04-26 15:06:09 - [MESSAGE][PASSED] - Object: 'Object Repository/brokerage department/Page_Chiragh.com Admin/button_FM' is clicked on

2019-04-26 15:06:09 - [TEST_STEP][PASSED] - delay(5): Delayed 5 second(s)

2019-04-26 15:06:14 - [MESSAGE][PASSED] - Delayed 5 second(s)

2019-04-26 15:06:14 - [TEST_STEP][PASSED] - click(findTestObject("Object Repository/brokerage department/Page_Chiragh.com Admin/button_exit_to_appLogout")): Object: 'Object Repository/brokerage department/Page_Chiragh.com Admin/button_exit_to_appLogout' is clicked on

2019-04-26 15:06:20 - [MESSAGE][PASSED] - Object: 'Object Repository/brokerage department/Page_Chiragh.com Admin/button_exit_to_appLogout' is clicked on

2019-04-26 15:06:20 - [TEST_STEP][PASSED] - waitForPageLoad(5): Wait for page load successfully

2019-04-26 15:06:20 - [MESSAGE][PASSED] - Wait for page load successfully

2019-04-26 15:06:20 - [TEST_STEP][PASSED] - click(findTestObject("Object Repository/brokerage department/Page_Chiragh.com Admin/div_Username")): Object: 'Object Repository/brokerage department/Page_Chiragh.com Admin/div_Username' is clicked on

2019-04-26 15:06:20 - [MESSAGE][PASSED] - Object: 'Object Repository/brokerage department/Page_Chiragh.com Admin/div_Username' is clicked on

2019-04-26 15:06:20 - [TEST_STEP][PASSED] - setText(findTestObject("Object Repository/brokerage department/Page_Chiragh.com Admin/input_Admin Panel_userName"), "nayab"): Text 'nayab' is set on object 'Object Repository/brokerage department/Page_Chiragh.com Admin/input_Admin Panel_userName'

2019-04-26 15:06:20 - [MESSAGE][PASSED] - Text 'nayab' is set on object 'Object Repository/brokerage department/Page_Chiragh.com Admin/input_Admin Panel_userName'

2019-04-26 15:06:20 - [TEST_STEP][PASSED] - click(findTestObject("Object Repository/brokerage department/Page_Chiragh.com Admin/div_Password")): Object: 'Object Repository/brokerage department/Page_Chiragh.com Admin/div_Password' is clicked on

2019-04-26 15:06:20 - [MESSAGE][PASSED] - Object: 'Object Repository/brokerage department/Page_Chiragh.com Admin/div_Password' is clicked on

2019-04-26 15:06:20 - [TEST_STEP][PASSED] - setEncryptedText(findTestObject("Object Repository/brokerage department/Page_Chiragh.com Admin/input_Username_password"), "RigbBhfdqODKcAsiUrg+1Q=="): Text ****** has been set on object 'Object Repository/brokerage department/Page_Chiragh.com Admin/input_Username_password'

2019-04-26 15:06:20 - [MESSAGE][PASSED] - Text ****** has been set on object 'Object Repository/brokerage department/Page_Chiragh.com Admin/input_Username_password'

2019-04-26 15:06:20 - [TEST_STEP][PASSED] - click(findTestObject("Object Repository/brokerage department/Page_Chiragh.com Admin/button_Login")): Object: 'Object Repository/brokerage department/Page_Chiragh.com Admin/button_Login' is clicked on

2019-04-26 15:06:20 - [MESSAGE][PASSED] - Object: 'Object Repository/brokerage department/Page_Chiragh.com Admin/button_Login' is clicked on

2019-04-26 15:06:20 - [TEST_STEP][PASSED] - click(findTestObject("Object Repository/brokerage department/Page_Chiragh.com Admin/a_In Process_1")): Object: 'Object Repository/brokerage department/Page_Chiragh.com Admin/a_In Process_1' is clicked on

2019-04-26 15:06:23 - [MESSAGE][PASSED] - Object: 'Object Repository/brokerage department/Page_Chiragh.com Admin/a_In Process_1' is clicked on

2019-04-26 15:06:23 - [TEST_STEP][PASSED] - delay(250): Delayed 250 second(s)

2019-04-26 15:10:33 - [MESSAGE][PASSED] - Delayed 250 second(s)

2019-04-26 15:10:33 - [TEST_STEP][FAILED] - click(findTestObject("Object Repository/brokerage department/Page_Chiragh.com Admin/a_June Light Hotel_fas fa-bars_2")): click(findTestObject("Object Repository/brokerage department/Page_Chiragh.com Admin/a_June Light Hotel_fas fa-bars_2")) FAILED.
Reason:
com.kms.katalon.core.exception.StepFailedException: Unable to click on object 'Object Repository/brokerage department/Page_Chiragh.com Admin/a_June Light Hotel_fas fa-bars_2' (Root cause: org.openqa.selenium.WebDriverException: chrome not reachable
  (Session info: chrome=73.0.3683.103)
  (Driver info: chromedriver=2.43.600210 (68dcf5eebde37173d4027fa8635e332711d2874a),platform=Windows NT 10.0.17134 x86_64) (WARNING: The server did not provide any stacktrace information)
Command duration or timeout: 0 milliseconds
Build info: version: '3.7.1', revision: '8a0099a', time: '2017-11-06T21:07:36.161Z'
System info: host: 'DESKTOP-2D7LI1O', ip: '192.168.0.163', os.name: 'Windows 10', os.arch: 'amd64', os.version: '10.0', java.version: '1.8.0_181'
Driver info: com.kms.katalon.selenium.driver.CChromeDriver
Capabilities {acceptInsecureCerts: false, acceptSslCerts: false, applicationCacheEnabled: false, browserConnectionEnabled: false, browserName: chrome, chrome: {chromedriverVersion: 2.43.600210 (68dcf5eebde371..., userDataDir: C:\Users\HP\AppData\Local\T...}, cssSelectorsEnabled: true, databaseEnabled: false, goog:chromeOptions: {debuggerAddress: localhost:57599}, handlesAlerts: true, hasTouchScreen: false, javascriptEnabled: true, locationContextEnabled: true, mobileEmulationEnabled: false, nativeEvents: true, networkConnectionEnabled: false, pageLoadStrategy: normal, platform: XP, platformName: XP, rotatable: false, setWindowRect: true, takesHeapSnapshot: true, takesScreenshot: true, unexpectedAlertBehaviour: , unhandledPromptBehavior: , version: 73.0.3683.103, webStorageEnabled: true}
Session ID: 7b529fc40b99ed6b29aea922bba2ba83
*** Element info: {Using=xpath, value=/html/body/app-root/app-layout/div/app-md/app-seller/app-leads/section/div/div/div/div/table/tbody/tr[1]/td[2]/div/div/a})
	at com.kms.katalon.core.keyword.internal.KeywordMain.stepFailed(KeywordMain.groovy:36)
	at com.kms.katalon.core.webui.keyword.internal.WebUIKeywordMain.stepFailed(WebUIKeywordMain.groovy:65)
	at com.kms.katalon.core.webui.keyword.internal.WebUIKeywordMain.runKeyword(WebUIKeywordMain.groovy:27)
	at com.kms.katalon.core.webui.keyword.builtin.ClickKeyword.click(ClickKeyword.groovy:86)
	at com.kms.katalon.core.webui.keyword.builtin.ClickKeyword.execute(ClickKeyword.groovy:67)
	at com.kms.katalon.core.keyword.internal.KeywordExecutor.executeKeywordForPlatform(KeywordExecutor.groovy:53)
	at com.kms.katalon.core.webui.keyword.WebUiBuiltInKeywords.click(WebUiBuiltInKeywords.groovy:616)
	at com.kms.katalon.core.webui.keyword.WebUiBuiltInKeywords$click$2.call(Unknown Source)
	at brokerage department.run(brokerage department:181)
	at com.kms.katalon.core.main.ScriptEngine.run(ScriptEngine.java:194)
	at com.kms.katalon.core.main.ScriptEngine.runScriptAsRawText(ScriptEngine.java:119)
	at com.kms.katalon.core.main.TestCaseExecutor.runScript(TestCaseExecutor.java:328)
	at com.kms.katalon.core.main.TestCaseExecutor.doExecute(TestCaseExecutor.java:319)
	at com.kms.katalon.core.main.TestCaseExecutor.processExecutionPhase(TestCaseExecutor.java:298)
	at com.kms.katalon.core.main.TestCaseExecutor.accessMainPhase(TestCaseExecutor.java:290)
	at com.kms.katalon.core.main.TestCaseExecutor.execute(TestCaseExecutor.java:224)
	at com.kms.katalon.core.main.TestSuiteExecutor.accessTestCaseMainPhase(TestSuiteExecutor.java:129)
	at com.kms.katalon.core.main.TestSuiteExecutor.accessTestSuiteMainPhase(TestSuiteExecutor.java:112)
	at com.kms.katalon.core.main.TestSuiteExecutor.execute(TestSuiteExecutor.java:81)
	at com.kms.katalon.core.main.TestCaseMain.startTestSuite(TestCaseMain.java:149)
	at com.kms.katalon.core.main.TestCaseMain$startTestSuite$0.call(Unknown Source)
	at TempTestSuite1556272418007.run(TempTestSuite1556272418007.groovy:36)


2019-04-26 15:10:45 - [MESSAGE][WARNING] - Cannot take screenshot

2019-04-26 15:10:45 - [MESSAGE][FAILED] - Unable to click on object 'Object Repository/brokerage department/Page_Chiragh.com Admin/a_June Light Hotel_fas fa-bars_2' (Root cause: org.openqa.selenium.WebDriverException: chrome not reachable
  (Session info: chrome=73.0.3683.103)
  (Driver info: chromedriver=2.43.600210 (68dcf5eebde37173d4027fa8635e332711d2874a),platform=Windows NT 10.0.17134 x86_64) (WARNING: The server did not provide any stacktrace information)
Command duration or timeout: 0 milliseconds
Build info: version: '3.7.1', revision: '8a0099a', time: '2017-11-06T21:07:36.161Z'
System info: host: 'DESKTOP-2D7LI1O', ip: '192.168.0.163', os.name: 'Windows 10', os.arch: 'amd64', os.version: '10.0', java.version: '1.8.0_181'
Driver info: com.kms.katalon.selenium.driver.CChromeDriver
Capabilities {acceptInsecureCerts: false, acceptSslCerts: false, applicationCacheEnabled: false, browserConnectionEnabled: false, browserName: chrome, chrome: {chromedriverVersion: 2.43.600210 (68dcf5eebde371..., userDataDir: C:\Users\HP\AppData\Local\T...}, cssSelectorsEnabled: true, databaseEnabled: false, goog:chromeOptions: {debuggerAddress: localhost:57599}, handlesAlerts: true, hasTouchScreen: false, javascriptEnabled: true, locationContextEnabled: true, mobileEmulationEnabled: false, nativeEvents: true, networkConnectionEnabled: false, pageLoadStrategy: normal, platform: XP, platformName: XP, rotatable: false, setWindowRect: true, takesHeapSnapshot: true, takesScreenshot: true, unexpectedAlertBehaviour: , unhandledPromptBehavior: , version: 73.0.3683.103, webStorageEnabled: true}
Session ID: 7b529fc40b99ed6b29aea922bba2ba83
*** Element info: {Using=xpath, value=/html/body/app-root/app-layout/div/app-md/app-seller/app-leads/section/div/div/div/div/table/tbody/tr[1]/td[2]/div/div/a})

2019-04-26 15:10:45 - [MESSAGE][FAILED] - click(findTestObject("Object Repository/brokerage department/Page_Chiragh.com Admin/a_June Light Hotel_fas fa-bars_2")) FAILED.
Reason:
com.kms.katalon.core.exception.StepFailedException: Unable to click on object 'Object Repository/brokerage department/Page_Chiragh.com Admin/a_June Light Hotel_fas fa-bars_2' (Root cause: org.openqa.selenium.WebDriverException: chrome not reachable
  (Session info: chrome=73.0.3683.103)
  (Driver info: chromedriver=2.43.600210 (68dcf5eebde37173d4027fa8635e332711d2874a),platform=Windows NT 10.0.17134 x86_64) (WARNING: The server did not provide any stacktrace information)
Command duration or timeout: 0 milliseconds
Build info: version: '3.7.1', revision: '8a0099a', time: '2017-11-06T21:07:36.161Z'
System info: host: 'DESKTOP-2D7LI1O', ip: '192.168.0.163', os.name: 'Windows 10', os.arch: 'amd64', os.version: '10.0', java.version: '1.8.0_181'
Driver info: com.kms.katalon.selenium.driver.CChromeDriver
Capabilities {acceptInsecureCerts: false, acceptSslCerts: false, applicationCacheEnabled: false, browserConnectionEnabled: false, browserName: chrome, chrome: {chromedriverVersion: 2.43.600210 (68dcf5eebde371..., userDataDir: C:\Users\HP\AppData\Local\T...}, cssSelectorsEnabled: true, databaseEnabled: false, goog:chromeOptions: {debuggerAddress: localhost:57599}, handlesAlerts: true, hasTouchScreen: false, javascriptEnabled: true, locationContextEnabled: true, mobileEmulationEnabled: false, nativeEvents: true, networkConnectionEnabled: false, pageLoadStrategy: normal, platform: XP, platformName: XP, rotatable: false, setWindowRect: true, takesHeapSnapshot: true, takesScreenshot: true, unexpectedAlertBehaviour: , unhandledPromptBehavior: , version: 73.0.3683.103, webStorageEnabled: true}
Session ID: 7b529fc40b99ed6b29aea922bba2ba83
*** Element info: {Using=xpath, value=/html/body/app-root/app-layout/div/app-md/app-seller/app-leads/section/div/div/div/div/table/tbody/tr[1]/td[2]/div/div/a})
	at com.kms.katalon.core.keyword.internal.KeywordMain.stepFailed(KeywordMain.groovy:36)
	at com.kms.katalon.core.webui.keyword.internal.WebUIKeywordMain.stepFailed(WebUIKeywordMain.groovy:65)
	at com.kms.katalon.core.webui.keyword.internal.WebUIKeywordMain.runKeyword(WebUIKeywordMain.groovy:27)
	at com.kms.katalon.core.webui.keyword.builtin.ClickKeyword.click(ClickKeyword.groovy:86)
	at com.kms.katalon.core.webui.keyword.builtin.ClickKeyword.execute(ClickKeyword.groovy:67)
	at com.kms.katalon.core.keyword.internal.KeywordExecutor.executeKeywordForPlatform(KeywordExecutor.groovy:53)
	at com.kms.katalon.core.webui.keyword.WebUiBuiltInKeywords.click(WebUiBuiltInKeywords.groovy:616)
	at com.kms.katalon.core.webui.keyword.WebUiBuiltInKeywords$click$2.call(Unknown Source)
	at brokerage department.run(brokerage department:181)
	at com.kms.katalon.core.main.ScriptEngine.run(ScriptEngine.java:194)
	at com.kms.katalon.core.main.ScriptEngine.runScriptAsRawText(ScriptEngine.java:119)
	at com.kms.katalon.core.main.TestCaseExecutor.runScript(TestCaseExecutor.java:328)
	at com.kms.katalon.core.main.TestCaseExecutor.doExecute(TestCaseExecutor.java:319)
	at com.kms.katalon.core.main.TestCaseExecutor.processExecutionPhase(TestCaseExecutor.java:298)
	at com.kms.katalon.core.main.TestCaseExecutor.accessMainPhase(TestCaseExecutor.java:290)
	at com.kms.katalon.core.main.TestCaseExecutor.execute(TestCaseExecutor.java:224)
	at com.kms.katalon.core.main.TestSuiteExecutor.accessTestCaseMainPhase(TestSuiteExecutor.java:129)
	at com.kms.katalon.core.main.TestSuiteExecutor.accessTestSuiteMainPhase(TestSuiteExecutor.java:112)
	at com.kms.katalon.core.main.TestSuiteExecutor.execute(TestSuiteExecutor.java:81)
	at com.kms.katalon.core.main.TestCaseMain.startTestSuite(TestCaseMain.java:149)
	at com.kms.katalon.core.main.TestCaseMain$startTestSuite$0.call(Unknown Source)
	at TempTestSuite1556272418007.run(TempTestSuite1556272418007.groovy:36)]]></system-out>
         <system-err><![CDATA[2019-04-26 15:04:41 - [TEST_CASE][FAILED] - Test Cases/brokerage department: Test Cases/brokerage department FAILED.
Reason:
com.kms.katalon.core.exception.StepFailedException: Unable to click on object 'Object Repository/brokerage department/Page_Chiragh.com Admin/a_June Light Hotel_fas fa-bars_2' (Root cause: org.openqa.selenium.WebDriverException: chrome not reachable
  (Session info: chrome=73.0.3683.103)
  (Driver info: chromedriver=2.43.600210 (68dcf5eebde37173d4027fa8635e332711d2874a),platform=Windows NT 10.0.17134 x86_64) (WARNING: The server did not provide any stacktrace information)
Command duration or timeout: 0 milliseconds
Build info: version: '3.7.1', revision: '8a0099a', time: '2017-11-06T21:07:36.161Z'
System info: host: 'DESKTOP-2D7LI1O', ip: '192.168.0.163', os.name: 'Windows 10', os.arch: 'amd64', os.version: '10.0', java.version: '1.8.0_181'
Driver info: com.kms.katalon.selenium.driver.CChromeDriver
Capabilities {acceptInsecureCerts: false, acceptSslCerts: false, applicationCacheEnabled: false, browserConnectionEnabled: false, browserName: chrome, chrome: {chromedriverVersion: 2.43.600210 (68dcf5eebde371..., userDataDir: C:\Users\HP\AppData\Local\T...}, cssSelectorsEnabled: true, databaseEnabled: false, goog:chromeOptions: {debuggerAddress: localhost:57599}, handlesAlerts: true, hasTouchScreen: false, javascriptEnabled: true, locationContextEnabled: true, mobileEmulationEnabled: false, nativeEvents: true, networkConnectionEnabled: false, pageLoadStrategy: normal, platform: XP, platformName: XP, rotatable: false, setWindowRect: true, takesHeapSnapshot: true, takesScreenshot: true, unexpectedAlertBehaviour: , unhandledPromptBehavior: , version: 73.0.3683.103, webStorageEnabled: true}
Session ID: 7b529fc40b99ed6b29aea922bba2ba83
*** Element info: {Using=xpath, value=/html/body/app-root/app-layout/div/app-md/app-seller/app-leads/section/div/div/div/div/table/tbody/tr[1]/td[2]/div/div/a})
	at com.kms.katalon.core.keyword.internal.KeywordMain.stepFailed(KeywordMain.groovy:36)
	at com.kms.katalon.core.webui.keyword.internal.WebUIKeywordMain.stepFailed(WebUIKeywordMain.groovy:65)
	at com.kms.katalon.core.webui.keyword.internal.WebUIKeywordMain.runKeyword(WebUIKeywordMain.groovy:27)
	at com.kms.katalon.core.webui.keyword.builtin.ClickKeyword.click(ClickKeyword.groovy:86)
	at com.kms.katalon.core.webui.keyword.builtin.ClickKeyword.execute(ClickKeyword.groovy:67)
	at com.kms.katalon.core.keyword.internal.KeywordExecutor.executeKeywordForPlatform(KeywordExecutor.groovy:53)
	at com.kms.katalon.core.webui.keyword.WebUiBuiltInKeywords.click(WebUiBuiltInKeywords.groovy:616)
	at com.kms.katalon.core.webui.keyword.WebUiBuiltInKeywords$click$2.call(Unknown Source)
	at brokerage department.run(brokerage department:181)
	at com.kms.katalon.core.main.ScriptEngine.run(ScriptEngine.java:194)
	at com.kms.katalon.core.main.ScriptEngine.runScriptAsRawText(ScriptEngine.java:119)
	at com.kms.katalon.core.main.TestCaseExecutor.runScript(TestCaseExecutor.java:328)
	at com.kms.katalon.core.main.TestCaseExecutor.doExecute(TestCaseExecutor.java:319)
	at com.kms.katalon.core.main.TestCaseExecutor.processExecutionPhase(TestCaseExecutor.java:298)
	at com.kms.katalon.core.main.TestCaseExecutor.accessMainPhase(TestCaseExecutor.java:290)
	at com.kms.katalon.core.main.TestCaseExecutor.execute(TestCaseExecutor.java:224)
	at com.kms.katalon.core.main.TestSuiteExecutor.accessTestCaseMainPhase(TestSuiteExecutor.java:129)
	at com.kms.katalon.core.main.TestSuiteExecutor.accessTestSuiteMainPhase(TestSuiteExecutor.java:112)
	at com.kms.katalon.core.main.TestSuiteExecutor.execute(TestSuiteExecutor.java:81)
	at com.kms.katalon.core.main.TestCaseMain.startTestSuite(TestCaseMain.java:149)
	at com.kms.katalon.core.main.TestCaseMain$startTestSuite$0.call(Unknown Source)
	at TempTestSuite1556272418007.run(TempTestSuite1556272418007.groovy:36)]]></system-err>
      </testcase>
      <testcase name="Test Cases/listing department" classname="Test Cases/listing department" status="FAILED">
         <failure type="FAILED" message="Test Cases/listing department FAILED.
Reason:
com.kms.katalon.core.exception.StepFailedException: Unable to click on object 'Object Repository/listing/Page_Chiragh.com Admin/a_Hamza Attiq' (Root cause: com.kms.katalon.core.webui.exception.WebElementNotFoundException: Web element with id: 'Object Repository/listing/Page_Chiragh.com Admin/a_Hamza Attiq' located by 'By.xpath: //a[contains(text(),'Hamza Attiq')]' not found)
	at com.kms.katalon.core.keyword.internal.KeywordMain.stepFailed(KeywordMain.groovy:36)
	at com.kms.katalon.core.webui.keyword.internal.WebUIKeywordMain.stepFailed(WebUIKeywordMain.groovy:65)
	at com.kms.katalon.core.webui.keyword.internal.WebUIKeywordMain.runKeyword(WebUIKeywordMain.groovy:27)
	at com.kms.katalon.core.webui.keyword.builtin.ClickKeyword.click(ClickKeyword.groovy:86)
	at com.kms.katalon.core.webui.keyword.builtin.ClickKeyword.execute(ClickKeyword.groovy:67)
	at com.kms.katalon.core.keyword.internal.KeywordExecutor.executeKeywordForPlatform(KeywordExecutor.groovy:53)
	at com.kms.katalon.core.webui.keyword.WebUiBuiltInKeywords.click(WebUiBuiltInKeywords.groovy:616)
	at com.kms.katalon.core.webui.keyword.WebUiBuiltInKeywords$click$2.call(Unknown Source)
	at listing department.run(listing department:36)
	at com.kms.katalon.core.main.ScriptEngine.run(ScriptEngine.java:194)
	at com.kms.katalon.core.main.ScriptEngine.runScriptAsRawText(ScriptEngine.java:119)
	at com.kms.katalon.core.main.TestCaseExecutor.runScript(TestCaseExecutor.java:328)
	at com.kms.katalon.core.main.TestCaseExecutor.doExecute(TestCaseExecutor.java:319)
	at com.kms.katalon.core.main.TestCaseExecutor.processExecutionPhase(TestCaseExecutor.java:298)
	at com.kms.katalon.core.main.TestCaseExecutor.accessMainPhase(TestCaseExecutor.java:290)
	at com.kms.katalon.core.main.TestCaseExecutor.execute(TestCaseExecutor.java:224)
	at com.kms.katalon.core.main.TestSuiteExecutor.accessTestCaseMainPhase(TestSuiteExecutor.java:129)
	at com.kms.katalon.core.main.TestSuiteExecutor.accessTestSuiteMainPhase(TestSuiteExecutor.java:112)
	at com.kms.katalon.core.main.TestSuiteExecutor.execute(TestSuiteExecutor.java:81)
	at com.kms.katalon.core.main.TestCaseMain.startTestSuite(TestCaseMain.java:149)
	at com.kms.katalon.core.main.TestCaseMain$startTestSuite$0.call(Unknown Source)
	at TempTestSuite1556272418007.run(TempTestSuite1556272418007.groovy:36)
"/>
         <system-out><![CDATA[2019-04-26 15:10:45 - [TEST_CASE][FAILED] - Test Cases/listing department: Test Cases/listing department FAILED.
Reason:
com.kms.katalon.core.exception.StepFailedException: Unable to click on object 'Object Repository/listing/Page_Chiragh.com Admin/a_Hamza Attiq' (Root cause: com.kms.katalon.core.webui.exception.WebElementNotFoundException: Web element with id: 'Object Repository/listing/Page_Chiragh.com Admin/a_Hamza Attiq' located by 'By.xpath: //a[contains(text(),'Hamza Attiq')]' not found)
	at com.kms.katalon.core.keyword.internal.KeywordMain.stepFailed(KeywordMain.groovy:36)
	at com.kms.katalon.core.webui.keyword.internal.WebUIKeywordMain.stepFailed(WebUIKeywordMain.groovy:65)
	at com.kms.katalon.core.webui.keyword.internal.WebUIKeywordMain.runKeyword(WebUIKeywordMain.groovy:27)
	at com.kms.katalon.core.webui.keyword.builtin.ClickKeyword.click(ClickKeyword.groovy:86)
	at com.kms.katalon.core.webui.keyword.builtin.ClickKeyword.execute(ClickKeyword.groovy:67)
	at com.kms.katalon.core.keyword.internal.KeywordExecutor.executeKeywordForPlatform(KeywordExecutor.groovy:53)
	at com.kms.katalon.core.webui.keyword.WebUiBuiltInKeywords.click(WebUiBuiltInKeywords.groovy:616)
	at com.kms.katalon.core.webui.keyword.WebUiBuiltInKeywords$click$2.call(Unknown Source)
	at listing department.run(listing department:36)
	at com.kms.katalon.core.main.ScriptEngine.run(ScriptEngine.java:194)
	at com.kms.katalon.core.main.ScriptEngine.runScriptAsRawText(ScriptEngine.java:119)
	at com.kms.katalon.core.main.TestCaseExecutor.runScript(TestCaseExecutor.java:328)
	at com.kms.katalon.core.main.TestCaseExecutor.doExecute(TestCaseExecutor.java:319)
	at com.kms.katalon.core.main.TestCaseExecutor.processExecutionPhase(TestCaseExecutor.java:298)
	at com.kms.katalon.core.main.TestCaseExecutor.accessMainPhase(TestCaseExecutor.java:290)
	at com.kms.katalon.core.main.TestCaseExecutor.execute(TestCaseExecutor.java:224)
	at com.kms.katalon.core.main.TestSuiteExecutor.accessTestCaseMainPhase(TestSuiteExecutor.java:129)
	at com.kms.katalon.core.main.TestSuiteExecutor.accessTestSuiteMainPhase(TestSuiteExecutor.java:112)
	at com.kms.katalon.core.main.TestSuiteExecutor.execute(TestSuiteExecutor.java:81)
	at com.kms.katalon.core.main.TestCaseMain.startTestSuite(TestCaseMain.java:149)
	at com.kms.katalon.core.main.TestCaseMain$startTestSuite$0.call(Unknown Source)
	at TempTestSuite1556272418007.run(TempTestSuite1556272418007.groovy:36)


2019-04-26 15:10:46 - [TEST_STEP][PASSED] - openBrowser(""): Browser is opened with url: ''

2019-04-26 15:10:46 - [MESSAGE][WARNING] - A browser is already opened. Closing browser and opening a new one

2019-04-26 15:10:46 - [MESSAGE][INFO] - Starting 'Chrome' driver

2019-04-26 15:10:49 - [MESSAGE][PASSED] - Browser is opened with url: ''

2019-04-26 15:10:49 - [TEST_STEP][PASSED] - navigateToUrl("http://admin-chiragh.surge.sh/"): Navigate to 'http://admin-chiragh.surge.sh/' successfully

2019-04-26 15:10:56 - [MESSAGE][PASSED] - Navigate to 'http://admin-chiragh.surge.sh/' successfully

2019-04-26 15:10:56 - [TEST_STEP][PASSED] - maximizeWindow(): Current window maximized

2019-04-26 15:10:57 - [MESSAGE][PASSED] - Current window maximized

2019-04-26 15:10:57 - [TEST_STEP][PASSED] - waitForPageLoad(5): Wait for page load successfully

2019-04-26 15:10:57 - [MESSAGE][PASSED] - Wait for page load successfully

2019-04-26 15:10:57 - [TEST_STEP][PASSED] - setText(findTestObject("Object Repository/listing/Page_Chiragh.com Admin/input_Admin Panel_userName"), "sami"): Text 'sami' is set on object 'Object Repository/listing/Page_Chiragh.com Admin/input_Admin Panel_userName'

2019-04-26 15:10:58 - [MESSAGE][PASSED] - Text 'sami' is set on object 'Object Repository/listing/Page_Chiragh.com Admin/input_Admin Panel_userName'

2019-04-26 15:10:58 - [TEST_STEP][PASSED] - click(findTestObject("Object Repository/listing/Page_Chiragh.com Admin/div_Password")): Object: 'Object Repository/listing/Page_Chiragh.com Admin/div_Password' is clicked on

2019-04-26 15:10:58 - [MESSAGE][PASSED] - Object: 'Object Repository/listing/Page_Chiragh.com Admin/div_Password' is clicked on

2019-04-26 15:10:58 - [TEST_STEP][PASSED] - setEncryptedText(findTestObject("Object Repository/listing/Page_Chiragh.com Admin/input_Username_password"), "RigbBhfdqODKcAsiUrg+1Q=="): Text ****** has been set on object 'Object Repository/listing/Page_Chiragh.com Admin/input_Username_password'

2019-04-26 15:10:58 - [MESSAGE][PASSED] - Text ****** has been set on object 'Object Repository/listing/Page_Chiragh.com Admin/input_Username_password'

2019-04-26 15:10:58 - [TEST_STEP][PASSED] - click(findTestObject("Object Repository/listing/Page_Chiragh.com Admin/button_Login")): Object: 'Object Repository/listing/Page_Chiragh.com Admin/button_Login' is clicked on

2019-04-26 15:10:58 - [MESSAGE][PASSED] - Object: 'Object Repository/listing/Page_Chiragh.com Admin/button_Login' is clicked on

2019-04-26 15:10:58 - [TEST_STEP][PASSED] - click(findTestObject("Object Repository/listing/Page_Chiragh.com Admin/a_New Leads")): Object: 'Object Repository/listing/Page_Chiragh.com Admin/a_New Leads' is clicked on

2019-04-26 15:11:02 - [MESSAGE][PASSED] - Object: 'Object Repository/listing/Page_Chiragh.com Admin/a_New Leads' is clicked on

2019-04-26 15:11:02 - [TEST_STEP][PASSED] - click(findTestObject("Object Repository/listing/Page_Chiragh.com Admin/a_ 7 Days_fas fa-user-circle d")): Object: 'Object Repository/listing/Page_Chiragh.com Admin/a_ 7 Days_fas fa-user-circle d' is clicked on

2019-04-26 15:11:04 - [MESSAGE][PASSED] - Object: 'Object Repository/listing/Page_Chiragh.com Admin/a_ 7 Days_fas fa-user-circle d' is clicked on

2019-04-26 15:11:04 - [TEST_STEP][FAILED] - click(findTestObject("Object Repository/listing/Page_Chiragh.com Admin/a_Hamza Attiq")): click(findTestObject("Object Repository/listing/Page_Chiragh.com Admin/a_Hamza Attiq")) FAILED.
Reason:
com.kms.katalon.core.exception.StepFailedException: Unable to click on object 'Object Repository/listing/Page_Chiragh.com Admin/a_Hamza Attiq' (Root cause: com.kms.katalon.core.webui.exception.WebElementNotFoundException: Web element with id: 'Object Repository/listing/Page_Chiragh.com Admin/a_Hamza Attiq' located by 'By.xpath: //a[contains(text(),'Hamza Attiq')]' not found)
	at com.kms.katalon.core.keyword.internal.KeywordMain.stepFailed(KeywordMain.groovy:36)
	at com.kms.katalon.core.webui.keyword.internal.WebUIKeywordMain.stepFailed(WebUIKeywordMain.groovy:65)
	at com.kms.katalon.core.webui.keyword.internal.WebUIKeywordMain.runKeyword(WebUIKeywordMain.groovy:27)
	at com.kms.katalon.core.webui.keyword.builtin.ClickKeyword.click(ClickKeyword.groovy:86)
	at com.kms.katalon.core.webui.keyword.builtin.ClickKeyword.execute(ClickKeyword.groovy:67)
	at com.kms.katalon.core.keyword.internal.KeywordExecutor.executeKeywordForPlatform(KeywordExecutor.groovy:53)
	at com.kms.katalon.core.webui.keyword.WebUiBuiltInKeywords.click(WebUiBuiltInKeywords.groovy:616)
	at com.kms.katalon.core.webui.keyword.WebUiBuiltInKeywords$click$2.call(Unknown Source)
	at listing department.run(listing department:36)
	at com.kms.katalon.core.main.ScriptEngine.run(ScriptEngine.java:194)
	at com.kms.katalon.core.main.ScriptEngine.runScriptAsRawText(ScriptEngine.java:119)
	at com.kms.katalon.core.main.TestCaseExecutor.runScript(TestCaseExecutor.java:328)
	at com.kms.katalon.core.main.TestCaseExecutor.doExecute(TestCaseExecutor.java:319)
	at com.kms.katalon.core.main.TestCaseExecutor.processExecutionPhase(TestCaseExecutor.java:298)
	at com.kms.katalon.core.main.TestCaseExecutor.accessMainPhase(TestCaseExecutor.java:290)
	at com.kms.katalon.core.main.TestCaseExecutor.execute(TestCaseExecutor.java:224)
	at com.kms.katalon.core.main.TestSuiteExecutor.accessTestCaseMainPhase(TestSuiteExecutor.java:129)
	at com.kms.katalon.core.main.TestSuiteExecutor.accessTestSuiteMainPhase(TestSuiteExecutor.java:112)
	at com.kms.katalon.core.main.TestSuiteExecutor.execute(TestSuiteExecutor.java:81)
	at com.kms.katalon.core.main.TestCaseMain.startTestSuite(TestCaseMain.java:149)
	at com.kms.katalon.core.main.TestCaseMain$startTestSuite$0.call(Unknown Source)
	at TempTestSuite1556272418007.run(TempTestSuite1556272418007.groovy:36)


2019-04-26 15:11:36 - [MESSAGE][INFO] - Unable to find the element located by 'By.xpath: //a[contains(text(),'Hamza Attiq')]'. Please recheck the objects properties to make sure the desired element is located. 

2019-04-26 15:11:36 - [MESSAGE][FAILED] - Unable to click on object 'Object Repository/listing/Page_Chiragh.com Admin/a_Hamza Attiq' (Root cause: com.kms.katalon.core.webui.exception.WebElementNotFoundException: Web element with id: 'Object Repository/listing/Page_Chiragh.com Admin/a_Hamza Attiq' located by 'By.xpath: //a[contains(text(),'Hamza Attiq')]' not found)
[[ATTACHMENT|C:\\Users\\HP\\git\\chiraghAdminPanel\\Reports\\AdminCompleteFlow\\20190426_145337\\1556273496478.png]]

2019-04-26 15:11:36 - [MESSAGE][FAILED] - click(findTestObject("Object Repository/listing/Page_Chiragh.com Admin/a_Hamza Attiq")) FAILED.
Reason:
com.kms.katalon.core.exception.StepFailedException: Unable to click on object 'Object Repository/listing/Page_Chiragh.com Admin/a_Hamza Attiq' (Root cause: com.kms.katalon.core.webui.exception.WebElementNotFoundException: Web element with id: 'Object Repository/listing/Page_Chiragh.com Admin/a_Hamza Attiq' located by 'By.xpath: //a[contains(text(),'Hamza Attiq')]' not found)
	at com.kms.katalon.core.keyword.internal.KeywordMain.stepFailed(KeywordMain.groovy:36)
	at com.kms.katalon.core.webui.keyword.internal.WebUIKeywordMain.stepFailed(WebUIKeywordMain.groovy:65)
	at com.kms.katalon.core.webui.keyword.internal.WebUIKeywordMain.runKeyword(WebUIKeywordMain.groovy:27)
	at com.kms.katalon.core.webui.keyword.builtin.ClickKeyword.click(ClickKeyword.groovy:86)
	at com.kms.katalon.core.webui.keyword.builtin.ClickKeyword.execute(ClickKeyword.groovy:67)
	at com.kms.katalon.core.keyword.internal.KeywordExecutor.executeKeywordForPlatform(KeywordExecutor.groovy:53)
	at com.kms.katalon.core.webui.keyword.WebUiBuiltInKeywords.click(WebUiBuiltInKeywords.groovy:616)
	at com.kms.katalon.core.webui.keyword.WebUiBuiltInKeywords$click$2.call(Unknown Source)
	at listing department.run(listing department:36)
	at com.kms.katalon.core.main.ScriptEngine.run(ScriptEngine.java:194)
	at com.kms.katalon.core.main.ScriptEngine.runScriptAsRawText(ScriptEngine.java:119)
	at com.kms.katalon.core.main.TestCaseExecutor.runScript(TestCaseExecutor.java:328)
	at com.kms.katalon.core.main.TestCaseExecutor.doExecute(TestCaseExecutor.java:319)
	at com.kms.katalon.core.main.TestCaseExecutor.processExecutionPhase(TestCaseExecutor.java:298)
	at com.kms.katalon.core.main.TestCaseExecutor.accessMainPhase(TestCaseExecutor.java:290)
	at com.kms.katalon.core.main.TestCaseExecutor.execute(TestCaseExecutor.java:224)
	at com.kms.katalon.core.main.TestSuiteExecutor.accessTestCaseMainPhase(TestSuiteExecutor.java:129)
	at com.kms.katalon.core.main.TestSuiteExecutor.accessTestSuiteMainPhase(TestSuiteExecutor.java:112)
	at com.kms.katalon.core.main.TestSuiteExecutor.execute(TestSuiteExecutor.java:81)
	at com.kms.katalon.core.main.TestCaseMain.startTestSuite(TestCaseMain.java:149)
	at com.kms.katalon.core.main.TestCaseMain$startTestSuite$0.call(Unknown Source)
	at TempTestSuite1556272418007.run(TempTestSuite1556272418007.groovy:36)]]></system-out>
         <system-err><![CDATA[2019-04-26 15:10:45 - [TEST_CASE][FAILED] - Test Cases/listing department: Test Cases/listing department FAILED.
Reason:
com.kms.katalon.core.exception.StepFailedException: Unable to click on object 'Object Repository/listing/Page_Chiragh.com Admin/a_Hamza Attiq' (Root cause: com.kms.katalon.core.webui.exception.WebElementNotFoundException: Web element with id: 'Object Repository/listing/Page_Chiragh.com Admin/a_Hamza Attiq' located by 'By.xpath: //a[contains(text(),'Hamza Attiq')]' not found)
	at com.kms.katalon.core.keyword.internal.KeywordMain.stepFailed(KeywordMain.groovy:36)
	at com.kms.katalon.core.webui.keyword.internal.WebUIKeywordMain.stepFailed(WebUIKeywordMain.groovy:65)
	at com.kms.katalon.core.webui.keyword.internal.WebUIKeywordMain.runKeyword(WebUIKeywordMain.groovy:27)
	at com.kms.katalon.core.webui.keyword.builtin.ClickKeyword.click(ClickKeyword.groovy:86)
	at com.kms.katalon.core.webui.keyword.builtin.ClickKeyword.execute(ClickKeyword.groovy:67)
	at com.kms.katalon.core.keyword.internal.KeywordExecutor.executeKeywordForPlatform(KeywordExecutor.groovy:53)
	at com.kms.katalon.core.webui.keyword.WebUiBuiltInKeywords.click(WebUiBuiltInKeywords.groovy:616)
	at com.kms.katalon.core.webui.keyword.WebUiBuiltInKeywords$click$2.call(Unknown Source)
	at listing department.run(listing department:36)
	at com.kms.katalon.core.main.ScriptEngine.run(ScriptEngine.java:194)
	at com.kms.katalon.core.main.ScriptEngine.runScriptAsRawText(ScriptEngine.java:119)
	at com.kms.katalon.core.main.TestCaseExecutor.runScript(TestCaseExecutor.java:328)
	at com.kms.katalon.core.main.TestCaseExecutor.doExecute(TestCaseExecutor.java:319)
	at com.kms.katalon.core.main.TestCaseExecutor.processExecutionPhase(TestCaseExecutor.java:298)
	at com.kms.katalon.core.main.TestCaseExecutor.accessMainPhase(TestCaseExecutor.java:290)
	at com.kms.katalon.core.main.TestCaseExecutor.execute(TestCaseExecutor.java:224)
	at com.kms.katalon.core.main.TestSuiteExecutor.accessTestCaseMainPhase(TestSuiteExecutor.java:129)
	at com.kms.katalon.core.main.TestSuiteExecutor.accessTestSuiteMainPhase(TestSuiteExecutor.java:112)
	at com.kms.katalon.core.main.TestSuiteExecutor.execute(TestSuiteExecutor.java:81)
	at com.kms.katalon.core.main.TestCaseMain.startTestSuite(TestCaseMain.java:149)
	at com.kms.katalon.core.main.TestCaseMain$startTestSuite$0.call(Unknown Source)
	at TempTestSuite1556272418007.run(TempTestSuite1556272418007.groovy:36)]]></system-err>
      </testcase>
      <system-out><![CDATA[2019-04-26 14:54:05 - [TEST_SUITE][FAILED] - AdminCompleteFlow: Test Cases/brokerage department FAILED.
Reason:
com.kms.katalon.core.exception.StepFailedException: Unable to click on object 'Object Repository/brokerage department/Page_Chiragh.com Admin/a_June Light Hotel_fas fa-bars_2' (Root cause: org.openqa.selenium.WebDriverException: chrome not reachable
  (Session info: chrome=73.0.3683.103)
  (Driver info: chromedriver=2.43.600210 (68dcf5eebde37173d4027fa8635e332711d2874a),platform=Windows NT 10.0.17134 x86_64) (WARNING: The server did not provide any stacktrace information)
Command duration or timeout: 0 milliseconds
Build info: version: '3.7.1', revision: '8a0099a', time: '2017-11-06T21:07:36.161Z'
System info: host: 'DESKTOP-2D7LI1O', ip: '192.168.0.163', os.name: 'Windows 10', os.arch: 'amd64', os.version: '10.0', java.version: '1.8.0_181'
Driver info: com.kms.katalon.selenium.driver.CChromeDriver
Capabilities {acceptInsecureCerts: false, acceptSslCerts: false, applicationCacheEnabled: false, browserConnectionEnabled: false, browserName: chrome, chrome: {chromedriverVersion: 2.43.600210 (68dcf5eebde371..., userDataDir: C:\Users\HP\AppData\Local\T...}, cssSelectorsEnabled: true, databaseEnabled: false, goog:chromeOptions: {debuggerAddress: localhost:57599}, handlesAlerts: true, hasTouchScreen: false, javascriptEnabled: true, locationContextEnabled: true, mobileEmulationEnabled: false, nativeEvents: true, networkConnectionEnabled: false, pageLoadStrategy: normal, platform: XP, platformName: XP, rotatable: false, setWindowRect: true, takesHeapSnapshot: true, takesScreenshot: true, unexpectedAlertBehaviour: , unhandledPromptBehavior: , version: 73.0.3683.103, webStorageEnabled: true}
Session ID: 7b529fc40b99ed6b29aea922bba2ba83
*** Element info: {Using=xpath, value=/html/body/app-root/app-layout/div/app-md/app-seller/app-leads/section/div/div/div/div/table/tbody/tr[1]/td[2]/div/div/a})
	at com.kms.katalon.core.keyword.internal.KeywordMain.stepFailed(KeywordMain.groovy:36)
	at com.kms.katalon.core.webui.keyword.internal.WebUIKeywordMain.stepFailed(WebUIKeywordMain.groovy:65)
	at com.kms.katalon.core.webui.keyword.internal.WebUIKeywordMain.runKeyword(WebUIKeywordMain.groovy:27)
	at com.kms.katalon.core.webui.keyword.builtin.ClickKeyword.click(ClickKeyword.groovy:86)
	at com.kms.katalon.core.webui.keyword.builtin.ClickKeyword.execute(ClickKeyword.groovy:67)
	at com.kms.katalon.core.keyword.internal.KeywordExecutor.executeKeywordForPlatform(KeywordExecutor.groovy:53)
	at com.kms.katalon.core.webui.keyword.WebUiBuiltInKeywords.click(WebUiBuiltInKeywords.groovy:616)
	at com.kms.katalon.core.webui.keyword.WebUiBuiltInKeywords$click$2.call(Unknown Source)
	at brokerage department.run(brokerage department:181)
	at com.kms.katalon.core.main.ScriptEngine.run(ScriptEngine.java:194)
	at com.kms.katalon.core.main.ScriptEngine.runScriptAsRawText(ScriptEngine.java:119)
	at com.kms.katalon.core.main.TestCaseExecutor.runScript(TestCaseExecutor.java:328)
	at com.kms.katalon.core.main.TestCaseExecutor.doExecute(TestCaseExecutor.java:319)
	at com.kms.katalon.core.main.TestCaseExecutor.processExecutionPhase(TestCaseExecutor.java:298)
	at com.kms.katalon.core.main.TestCaseExecutor.accessMainPhase(TestCaseExecutor.java:290)
	at com.kms.katalon.core.main.TestCaseExecutor.execute(TestCaseExecutor.java:224)
	at com.kms.katalon.core.main.TestSuiteExecutor.accessTestCaseMainPhase(TestSuiteExecutor.java:129)
	at com.kms.katalon.core.main.TestSuiteExecutor.accessTestSuiteMainPhase(TestSuiteExecutor.java:112)
	at com.kms.katalon.core.main.TestSuiteExecutor.execute(TestSuiteExecutor.java:81)
	at com.kms.katalon.core.main.TestCaseMain.startTestSuite(TestCaseMain.java:149)
	at com.kms.katalon.core.main.TestCaseMain$startTestSuite$0.call(Unknown Source)
	at TempTestSuite1556272418007.run(TempTestSuite1556272418007.groovy:36)]]></system-out>
      <system-err><![CDATA[2019-04-26 14:54:05 - [TEST_SUITE][FAILED] - AdminCompleteFlow: Test Cases/brokerage department FAILED.
Reason:
com.kms.katalon.core.exception.StepFailedException: Unable to click on object 'Object Repository/brokerage department/Page_Chiragh.com Admin/a_June Light Hotel_fas fa-bars_2' (Root cause: org.openqa.selenium.WebDriverException: chrome not reachable
  (Session info: chrome=73.0.3683.103)
  (Driver info: chromedriver=2.43.600210 (68dcf5eebde37173d4027fa8635e332711d2874a),platform=Windows NT 10.0.17134 x86_64) (WARNING: The server did not provide any stacktrace information)
Command duration or timeout: 0 milliseconds
Build info: version: '3.7.1', revision: '8a0099a', time: '2017-11-06T21:07:36.161Z'
System info: host: 'DESKTOP-2D7LI1O', ip: '192.168.0.163', os.name: 'Windows 10', os.arch: 'amd64', os.version: '10.0', java.version: '1.8.0_181'
Driver info: com.kms.katalon.selenium.driver.CChromeDriver
Capabilities {acceptInsecureCerts: false, acceptSslCerts: false, applicationCacheEnabled: false, browserConnectionEnabled: false, browserName: chrome, chrome: {chromedriverVersion: 2.43.600210 (68dcf5eebde371..., userDataDir: C:\Users\HP\AppData\Local\T...}, cssSelectorsEnabled: true, databaseEnabled: false, goog:chromeOptions: {debuggerAddress: localhost:57599}, handlesAlerts: true, hasTouchScreen: false, javascriptEnabled: true, locationContextEnabled: true, mobileEmulationEnabled: false, nativeEvents: true, networkConnectionEnabled: false, pageLoadStrategy: normal, platform: XP, platformName: XP, rotatable: false, setWindowRect: true, takesHeapSnapshot: true, takesScreenshot: true, unexpectedAlertBehaviour: , unhandledPromptBehavior: , version: 73.0.3683.103, webStorageEnabled: true}
Session ID: 7b529fc40b99ed6b29aea922bba2ba83
*** Element info: {Using=xpath, value=/html/body/app-root/app-layout/div/app-md/app-seller/app-leads/section/div/div/div/div/table/tbody/tr[1]/td[2]/div/div/a})
	at com.kms.katalon.core.keyword.internal.KeywordMain.stepFailed(KeywordMain.groovy:36)
	at com.kms.katalon.core.webui.keyword.internal.WebUIKeywordMain.stepFailed(WebUIKeywordMain.groovy:65)
	at com.kms.katalon.core.webui.keyword.internal.WebUIKeywordMain.runKeyword(WebUIKeywordMain.groovy:27)
	at com.kms.katalon.core.webui.keyword.builtin.ClickKeyword.click(ClickKeyword.groovy:86)
	at com.kms.katalon.core.webui.keyword.builtin.ClickKeyword.execute(ClickKeyword.groovy:67)
	at com.kms.katalon.core.keyword.internal.KeywordExecutor.executeKeywordForPlatform(KeywordExecutor.groovy:53)
	at com.kms.katalon.core.webui.keyword.WebUiBuiltInKeywords.click(WebUiBuiltInKeywords.groovy:616)
	at com.kms.katalon.core.webui.keyword.WebUiBuiltInKeywords$click$2.call(Unknown Source)
	at brokerage department.run(brokerage department:181)
	at com.kms.katalon.core.main.ScriptEngine.run(ScriptEngine.java:194)
	at com.kms.katalon.core.main.ScriptEngine.runScriptAsRawText(ScriptEngine.java:119)
	at com.kms.katalon.core.main.TestCaseExecutor.runScript(TestCaseExecutor.java:328)
	at com.kms.katalon.core.main.TestCaseExecutor.doExecute(TestCaseExecutor.java:319)
	at com.kms.katalon.core.main.TestCaseExecutor.processExecutionPhase(TestCaseExecutor.java:298)
	at com.kms.katalon.core.main.TestCaseExecutor.accessMainPhase(TestCaseExecutor.java:290)
	at com.kms.katalon.core.main.TestCaseExecutor.execute(TestCaseExecutor.java:224)
	at com.kms.katalon.core.main.TestSuiteExecutor.accessTestCaseMainPhase(TestSuiteExecutor.java:129)
	at com.kms.katalon.core.main.TestSuiteExecutor.accessTestSuiteMainPhase(TestSuiteExecutor.java:112)
	at com.kms.katalon.core.main.TestSuiteExecutor.execute(TestSuiteExecutor.java:81)
	at com.kms.katalon.core.main.TestCaseMain.startTestSuite(TestCaseMain.java:149)
	at com.kms.katalon.core.main.TestCaseMain$startTestSuite$0.call(Unknown Source)
	at TempTestSuite1556272418007.run(TempTestSuite1556272418007.groovy:36)]]></system-err>
   </testsuite>
</testsuites>
