<?xml version="1.0" encoding="UTF-8"?>
<testsuites name="ChiraghWeb_FrontEnd_TopUps" time="456.696" tests="3" failures="0" errors="0">
   <testsuite name="ChiraghWeb_FrontEnd_TopUps" tests="3" failures="0" errors="0" time="456.696" timestamp="2020-03-31 20:48:44" hostname="hp - Adnan" id="Test Suites/ChiraghWeb_FrontEnd_TopUps">
      <properties>
         <property name="deviceName" value=""/>
         <property name="devicePlatform" value=""/>
         <property name="logFolder" value="C:\\Users\\hp\\git\\chiraghAdminPanel\\Reports\\20200331_203336\\ChiraghWeb_FrontEnd_TopUps\\20200331_203337"/>
         <property name="logFiles" value="C:\\Users\\hp\\git\\chiraghAdminPanel\\Reports\\20200331_203336\\ChiraghWeb_FrontEnd_TopUps\\20200331_203337\\execution0.log"/>
         <property name="attachments" value="C:\\Users\\hp\\git\\chiraghAdminPanel\\Reports\\20200331_203336\\ChiraghWeb_FrontEnd_TopUps\\20200331_203337/videos\\test_1.mov, C:\\Users\\hp\\git\\chiraghAdminPanel\\Reports\\20200331_203336\\ChiraghWeb_FrontEnd_TopUps\\20200331_203337/videos\\test_2.mov, C:\\Users\\hp\\git\\chiraghAdminPanel\\Reports\\20200331_203336\\ChiraghWeb_FrontEnd_TopUps\\20200331_203337/videos\\test_3.mov"/>
         <property name="hostName" value="hp - Adnan"/>
         <property name="os" value="Windows 10 64bit"/>
         <property name="katalonVersion" value="7.2.6.1"/>
         <property name="browser" value="Chrome 80.0.3987.149"/>
         <property name="hostAddress" value="192.168.0.58"/>
         <property name="sessionId" value="1fbc24c38966204f5a50df2df649a560"/>
         <property name="seleniumVersion" value="3.141.59"/>
         <property name="proxyInformation" value="ProxyInformation{proxyOption=NO_PROXY, proxyServerType=HTTP, password=, proxyServerAddress=, proxyServerPort=0, executionList=}"/>
         <property name="platform" value="Windows 10"/>
      </properties>
      <testcase name="Test Cases/Front End/TC_TopUP(AED)_003" time="146.382" classname="Test Cases/Front End/TC_TopUP(AED)_003" status="PASSED">
         <system-out><![CDATA[2020-03-31 20:48:44 - [TEST_CASE][PASSED] - Test Cases/Front End/TC_TopUP(AED)_003: Test Cases/Front End/TC_TopUP(AED)_003

2020-03-31 20:48:45 - [TEST_STEP][PASSED] - openBrowser(""): Browser is opened with url: ''

2020-03-31 20:48:45 - [MESSAGE][INFO] - Starting 'Chrome' driver

2020-03-31 20:48:45 - [MESSAGE][INFO] - Action delay is set to 0 seconds

2020-03-31 20:48:53 - [MESSAGE][PASSED] - Browser is opened with url: ''

2020-03-31 20:48:53 - [TEST_STEP][PASSED] - navigateToUrl(Url): Navigate to 'http://uat.chiragh.com' successfully

2020-03-31 20:48:53 - [MESSAGE][WARNING] - Test object with id 'Object Repository/property by name/Page_Chiragh/h2_Project 51468 Penthouse wit' does not exist

2020-03-31 20:50:19 - [MESSAGE][PASSED] - Navigate to 'http://uat.chiragh.com' successfully

2020-03-31 20:50:19 - [TEST_STEP][PASSED] - waitForPageLoad(15): Wait for page load successfully

2020-03-31 20:50:19 - [MESSAGE][PASSED] - Wait for page load successfully

2020-03-31 20:50:19 - [TEST_STEP][PASSED] - maximizeWindow(): Current window maximized

2020-03-31 20:50:23 - [MESSAGE][PASSED] - Current window maximized

2020-03-31 20:50:23 - [TEST_STEP][PASSED] - delay(3): Delayed 3 second(s)

2020-03-31 20:50:26 - [MESSAGE][PASSED] - Delayed 3 second(s)

2020-03-31 20:50:26 - [TEST_STEP][PASSED] - click(findTestObject("Object Repository/Front End Objects/LoginWithValidCredentials/Page_Chiragh - Home/a_ENG_dropdownMenuLink")): Object: 'Object Repository/Front End Objects/LoginWithValidCredentials/Page_Chiragh - Home/a_ENG_dropdownMenuLink' is clicked on

2020-03-31 20:50:27 - [MESSAGE][PASSED] - Object: 'Object Repository/Front End Objects/LoginWithValidCredentials/Page_Chiragh - Home/a_ENG_dropdownMenuLink' is clicked on

2020-03-31 20:50:27 - [TEST_STEP][PASSED] - click(findTestObject("Object Repository/Front End Objects/LoginWithValidCredentials/Page_Chiragh - Home/a_Login")): Object: 'Object Repository/Front End Objects/LoginWithValidCredentials/Page_Chiragh - Home/a_Login' is clicked on

2020-03-31 20:50:28 - [MESSAGE][PASSED] - Object: 'Object Repository/Front End Objects/LoginWithValidCredentials/Page_Chiragh - Home/a_Login' is clicked on

2020-03-31 20:50:28 - [TEST_STEP][PASSED] - setText(findTestObject("Object Repository/Front End Objects/LoginWithValidCredentials/Page_Chiragh - Login/input_Username_un"), userName): Text 'adnanshafiq1' is set on object 'Object Repository/Front End Objects/LoginWithValidCredentials/Page_Chiragh - Login/input_Username_un'

2020-03-31 20:50:29 - [MESSAGE][PASSED] - Text 'adnanshafiq1' is set on object 'Object Repository/Front End Objects/LoginWithValidCredentials/Page_Chiragh - Login/input_Username_un'

2020-03-31 20:50:29 - [TEST_STEP][PASSED] - setEncryptedText(findTestObject("Object Repository/Front End Objects/LoginWithValidCredentials/Page_Chiragh - Login/input_Password_userPassword"), "RigbBhfdqOBDK95asqKeHw=="): Text ****** has been set on object 'Object Repository/Front End Objects/LoginWithValidCredentials/Page_Chiragh - Login/input_Password_userPassword'

2020-03-31 20:50:29 - [MESSAGE][PASSED] - Text ****** has been set on object 'Object Repository/Front End Objects/LoginWithValidCredentials/Page_Chiragh - Login/input_Password_userPassword'

2020-03-31 20:50:29 - [TEST_STEP][PASSED] - click(findTestObject("Object Repository/Front End Objects/LoginWithValidCredentials/Page_Chiragh - Login/button_Log In")): Object: 'Object Repository/Front End Objects/LoginWithValidCredentials/Page_Chiragh - Login/button_Log In' is clicked on

2020-03-31 20:50:30 - [MESSAGE][PASSED] - Object: 'Object Repository/Front End Objects/LoginWithValidCredentials/Page_Chiragh - Login/button_Log In' is clicked on

2020-03-31 20:50:30 - [TEST_STEP][PASSED] - waitForPageLoad(15): Wait for page load successfully

2020-03-31 20:50:30 - [MESSAGE][PASSED] - Wait for page load successfully

2020-03-31 20:50:30 - [TEST_STEP][PASSED] - click(findTestObject("Object Repository/Front End Objects/LoginWithValidCredentials/Page_Chiragh - Home/a_a month ago_dropdownMenuLink")): Object: 'Object Repository/Front End Objects/LoginWithValidCredentials/Page_Chiragh - Home/a_a month ago_dropdownMenuLink' is clicked on

2020-03-31 20:50:36 - [MESSAGE][PASSED] - Object: 'Object Repository/Front End Objects/LoginWithValidCredentials/Page_Chiragh - Home/a_a month ago_dropdownMenuLink' is clicked on

2020-03-31 20:50:36 - [TEST_STEP][PASSED] - delay(5): Delayed 5 second(s)

2020-03-31 20:50:41 - [MESSAGE][PASSED] - Delayed 5 second(s)

2020-03-31 20:50:41 - [TEST_STEP][PASSED] - click(findTestObject("Object Repository/Front End Objects/LoginWithValidCredentials/Page_Chiragh - Home/a_HI AutoChiragh")): Object: 'Object Repository/Front End Objects/LoginWithValidCredentials/Page_Chiragh - Home/a_HI AutoChiragh' is clicked on

2020-03-31 20:50:41 - [MESSAGE][PASSED] - Object: 'Object Repository/Front End Objects/LoginWithValidCredentials/Page_Chiragh - Home/a_HI AutoChiragh' is clicked on

2020-03-31 20:50:41 - [TEST_STEP][PASSED] - click(findTestObject("Front End Objects/TopUp(AED)/Page_Chiragh - Dashborad Home/a_My Wallet")): Object: 'Object Repository/Front End Objects/TopUp(AED)/Page_Chiragh - Dashborad Home/a_My Wallet' is clicked on

2020-03-31 20:50:43 - [MESSAGE][PASSED] - Object: 'Object Repository/Front End Objects/TopUp(AED)/Page_Chiragh - Dashborad Home/a_My Wallet' is clicked on

2020-03-31 20:50:43 - [TEST_STEP][PASSED] - click(findTestObject("Front End Objects/TopUp(AED)/Page_Chiragh - User Account Summary/a_Make a Transaction")): Object: 'Object Repository/Front End Objects/TopUp(AED)/Page_Chiragh - User Account Summary/a_Make a Transaction' is clicked on

2020-03-31 20:50:46 - [MESSAGE][PASSED] - Object: 'Object Repository/Front End Objects/TopUp(AED)/Page_Chiragh - User Account Summary/a_Make a Transaction' is clicked on

2020-03-31 20:50:46 - [TEST_STEP][PASSED] - delay(3): Delayed 3 second(s)

2020-03-31 20:50:49 - [MESSAGE][PASSED] - Delayed 3 second(s)

2020-03-31 20:50:49 - [TEST_STEP][PASSED] - setText(findTestObject("Front End Objects/TopUp(AED)/Page_Chiragh - Transaction Top Up/input_Chiragh Wallet _amount"), "1000"): Text '1000' is set on object 'Object Repository/Front End Objects/TopUp(AED)/Page_Chiragh - Transaction Top Up/input_Chiragh Wallet _amount'

2020-03-31 20:50:49 - [MESSAGE][PASSED] - Text '1000' is set on object 'Object Repository/Front End Objects/TopUp(AED)/Page_Chiragh - Transaction Top Up/input_Chiragh Wallet _amount'

2020-03-31 20:50:49 - [TEST_STEP][PASSED] - delay(5): Delayed 5 second(s)

2020-03-31 20:50:54 - [MESSAGE][PASSED] - Delayed 5 second(s)

2020-03-31 20:50:54 - [TEST_STEP][PASSED] - click(findTestObject("Front End Objects/TopUp(AED)/Page_Chiragh - Transaction Top Up/select_ChiraghBank")): Object: 'Object Repository/Front End Objects/TopUp(AED)/Page_Chiragh - Transaction Top Up/select_ChiraghBank' is clicked on

2020-03-31 20:50:55 - [MESSAGE][PASSED] - Object: 'Object Repository/Front End Objects/TopUp(AED)/Page_Chiragh - Transaction Top Up/select_ChiraghBank' is clicked on

2020-03-31 20:50:55 - [TEST_STEP][PASSED] - click(findTestObject("Front End Objects/TopUp(AED)/Page_Chiragh - Transaction Top Up/BankOption1")): Object: 'Object Repository/Front End Objects/TopUp(AED)/Page_Chiragh - Transaction Top Up/BankOption1' is clicked on

2020-03-31 20:50:55 - [MESSAGE][PASSED] - Object: 'Object Repository/Front End Objects/TopUp(AED)/Page_Chiragh - Transaction Top Up/BankOption1' is clicked on

2020-03-31 20:50:55 - [TEST_STEP][PASSED] - setText(findTestObject("Front End Objects/TopUp(AED)/Page_Chiragh - Transaction Top Up/input_Transaction ID _transact"), "676767"): Text '676767' is set on object 'Object Repository/Front End Objects/TopUp(AED)/Page_Chiragh - Transaction Top Up/input_Transaction ID _transact'

2020-03-31 20:50:58 - [MESSAGE][PASSED] - Text '676767' is set on object 'Object Repository/Front End Objects/TopUp(AED)/Page_Chiragh - Transaction Top Up/input_Transaction ID _transact'

2020-03-31 20:50:58 - [TEST_STEP][PASSED] - uploadFile(findTestObject("Front End Objects/TopUp(AED)/Page_Chiragh - Transaction Top Up/UploadReceipt"), "C:\Users\HP\git\chiraghAdminPanel\Include\PropertyImages\1584693242612-Scanned_Passport_Copy.png"): File 'C:\Users\HP\git\chiraghAdminPanel\Include\PropertyImages\1584693242612-Scanned_Passport_Copy.png' sent to object: 'Object Repository/Front End Objects/TopUp(AED)/Page_Chiragh - Transaction Top Up/UploadReceipt'

2020-03-31 20:50:59 - [MESSAGE][PASSED] - File 'C:\Users\HP\git\chiraghAdminPanel\Include\PropertyImages\1584693242612-Scanned_Passport_Copy.png' sent to object: 'Object Repository/Front End Objects/TopUp(AED)/Page_Chiragh - Transaction Top Up/UploadReceipt'

2020-03-31 20:50:59 - [TEST_STEP][PASSED] - delay(5): Delayed 5 second(s)

2020-03-31 20:51:04 - [MESSAGE][PASSED] - Delayed 5 second(s)

2020-03-31 20:51:04 - [TEST_STEP][PASSED] - scrollToElement(findTestObject("Front End Objects/TopUp(AED)/Page_Chiragh - Transaction Top Up/checkbox"), 5): Scroll to object 'Object Repository/Front End Objects/TopUp(AED)/Page_Chiragh - Transaction Top Up/checkbox' successfully

2020-03-31 20:51:04 - [MESSAGE][PASSED] - Scroll to object 'Object Repository/Front End Objects/TopUp(AED)/Page_Chiragh - Transaction Top Up/checkbox' successfully

2020-03-31 20:51:04 - [TEST_STEP][PASSED] - click(findTestObject("Front End Objects/TopUp(AED)/Page_Chiragh - Transaction Top Up/div_I agree with Chiragh Walle")): Object: 'Object Repository/Front End Objects/TopUp(AED)/Page_Chiragh - Transaction Top Up/div_I agree with Chiragh Walle' is clicked on

2020-03-31 20:51:04 - [MESSAGE][PASSED] - Object: 'Object Repository/Front End Objects/TopUp(AED)/Page_Chiragh - Transaction Top Up/div_I agree with Chiragh Walle' is clicked on

2020-03-31 20:51:04 - [TEST_STEP][PASSED] - delay(2): Delayed 2 second(s)

2020-03-31 20:51:06 - [MESSAGE][PASSED] - Delayed 2 second(s)

2020-03-31 20:51:06 - [TEST_STEP][PASSED] - click(findTestObject("Front End Objects/TopUp(AED)/Page_Chiragh - Transaction Top Up/button_SEND REQUEST")): Object: 'Object Repository/Front End Objects/TopUp(AED)/Page_Chiragh - Transaction Top Up/button_SEND REQUEST' is clicked on

2020-03-31 20:51:07 - [MESSAGE][PASSED] - Object: 'Object Repository/Front End Objects/TopUp(AED)/Page_Chiragh - Transaction Top Up/button_SEND REQUEST' is clicked on

2020-03-31 20:51:07 - [TEST_STEP][PASSED] - delay(1): Delayed 1 second(s)

2020-03-31 20:51:08 - [MESSAGE][PASSED] - Delayed 1 second(s)

2020-03-31 20:51:08 - [TEST_STEP][PASSED] - verifyElementPresent(findTestObject("Front End Objects/TopUp(AED)/Page_Chiragh - Transaction Top Up/div_TOP UP REQUEST SUBMITTED S"), 3): Object 'Object Repository/Front End Objects/TopUp(AED)/Page_Chiragh - Transaction Top Up/div_TOP UP REQUEST SUBMITTED S' is present

2020-03-31 20:51:08 - [MESSAGE][PASSED] - Object 'Object Repository/Front End Objects/TopUp(AED)/Page_Chiragh - Transaction Top Up/div_TOP UP REQUEST SUBMITTED S' is present

2020-03-31 20:51:08 - [TEST_STEP][PASSED] - closeBrowser(): Browser is closed

2020-03-31 20:51:09 - [MESSAGE][PASSED] - Browser is closed

2020-03-31 20:51:11 - [TEST_STEP][PASSED] - Video: Video recording for test case 'Test Cases/Front End/TC_TopUP(AED)_003' .

2020-03-31 20:51:11 - [MESSAGE][INFO] - Video recording for test case 'Test Cases/Front End/TC_TopUP(AED)_003' .
[[ATTACHMENT|C:\\Users\\hp\\git\\chiraghAdminPanel\\Reports\\20200331_203336\\ChiraghWeb_FrontEnd_TopUps\\20200331_203337/videos\\test_1.mov]]]]></system-out>
         <system-err><![CDATA[]]></system-err>
      </testcase>
      <testcase name="Test Cases/Front End/TC_TopUP(EUR)_004" time="157.175" classname="Test Cases/Front End/TC_TopUP(EUR)_004" status="PASSED">
         <system-out><![CDATA[2020-03-31 20:51:11 - [TEST_CASE][PASSED] - Test Cases/Front End/TC_TopUP(EUR)_004: Test Cases/Front End/TC_TopUP(EUR)_004

2020-03-31 20:51:11 - [TEST_STEP][PASSED] - openBrowser(""): Browser is opened with url: ''

2020-03-31 20:51:11 - [MESSAGE][INFO] - Starting 'Chrome' driver

2020-03-31 20:51:16 - [MESSAGE][PASSED] - Browser is opened with url: ''

2020-03-31 20:51:16 - [TEST_STEP][PASSED] - navigateToUrl(Url): Navigate to 'http://uat.chiragh.com' successfully

2020-03-31 20:52:57 - [MESSAGE][PASSED] - Navigate to 'http://uat.chiragh.com' successfully

2020-03-31 20:52:57 - [TEST_STEP][PASSED] - waitForPageLoad(15): Wait for page load successfully

2020-03-31 20:52:57 - [MESSAGE][PASSED] - Wait for page load successfully

2020-03-31 20:52:57 - [TEST_STEP][PASSED] - maximizeWindow(): Current window maximized

2020-03-31 20:53:01 - [MESSAGE][PASSED] - Current window maximized

2020-03-31 20:53:01 - [TEST_STEP][PASSED] - delay(3): Delayed 3 second(s)

2020-03-31 20:53:04 - [MESSAGE][PASSED] - Delayed 3 second(s)

2020-03-31 20:53:04 - [TEST_STEP][PASSED] - click(findTestObject("Object Repository/Front End Objects/LoginWithValidCredentials/Page_Chiragh - Home/a_ENG_dropdownMenuLink")): Object: 'Object Repository/Front End Objects/LoginWithValidCredentials/Page_Chiragh - Home/a_ENG_dropdownMenuLink' is clicked on

2020-03-31 20:53:04 - [MESSAGE][PASSED] - Object: 'Object Repository/Front End Objects/LoginWithValidCredentials/Page_Chiragh - Home/a_ENG_dropdownMenuLink' is clicked on

2020-03-31 20:53:04 - [TEST_STEP][PASSED] - click(findTestObject("Object Repository/Front End Objects/LoginWithValidCredentials/Page_Chiragh - Home/a_Login")): Object: 'Object Repository/Front End Objects/LoginWithValidCredentials/Page_Chiragh - Home/a_Login' is clicked on

2020-03-31 20:53:05 - [MESSAGE][PASSED] - Object: 'Object Repository/Front End Objects/LoginWithValidCredentials/Page_Chiragh - Home/a_Login' is clicked on

2020-03-31 20:53:05 - [TEST_STEP][PASSED] - setText(findTestObject("Object Repository/Front End Objects/LoginWithValidCredentials/Page_Chiragh - Login/input_Username_un"), userName): Text 'adnanshafiq1' is set on object 'Object Repository/Front End Objects/LoginWithValidCredentials/Page_Chiragh - Login/input_Username_un'

2020-03-31 20:53:06 - [MESSAGE][PASSED] - Text 'adnanshafiq1' is set on object 'Object Repository/Front End Objects/LoginWithValidCredentials/Page_Chiragh - Login/input_Username_un'

2020-03-31 20:53:06 - [TEST_STEP][PASSED] - setEncryptedText(findTestObject("Object Repository/Front End Objects/LoginWithValidCredentials/Page_Chiragh - Login/input_Password_userPassword"), "RigbBhfdqOBDK95asqKeHw=="): Text ****** has been set on object 'Object Repository/Front End Objects/LoginWithValidCredentials/Page_Chiragh - Login/input_Password_userPassword'

2020-03-31 20:53:06 - [MESSAGE][PASSED] - Text ****** has been set on object 'Object Repository/Front End Objects/LoginWithValidCredentials/Page_Chiragh - Login/input_Password_userPassword'

2020-03-31 20:53:06 - [TEST_STEP][PASSED] - click(findTestObject("Object Repository/Front End Objects/LoginWithValidCredentials/Page_Chiragh - Login/button_Log In")): Object: 'Object Repository/Front End Objects/LoginWithValidCredentials/Page_Chiragh - Login/button_Log In' is clicked on

2020-03-31 20:53:07 - [MESSAGE][PASSED] - Object: 'Object Repository/Front End Objects/LoginWithValidCredentials/Page_Chiragh - Login/button_Log In' is clicked on

2020-03-31 20:53:07 - [TEST_STEP][PASSED] - waitForPageLoad(15): Wait for page load successfully

2020-03-31 20:53:07 - [MESSAGE][PASSED] - Wait for page load successfully

2020-03-31 20:53:07 - [TEST_STEP][PASSED] - click(findTestObject("Object Repository/Front End Objects/LoginWithValidCredentials/Page_Chiragh - Home/a_a month ago_dropdownMenuLink")): Object: 'Object Repository/Front End Objects/LoginWithValidCredentials/Page_Chiragh - Home/a_a month ago_dropdownMenuLink' is clicked on

2020-03-31 20:53:12 - [MESSAGE][PASSED] - Object: 'Object Repository/Front End Objects/LoginWithValidCredentials/Page_Chiragh - Home/a_a month ago_dropdownMenuLink' is clicked on

2020-03-31 20:53:12 - [TEST_STEP][PASSED] - delay(5): Delayed 5 second(s)

2020-03-31 20:53:17 - [MESSAGE][PASSED] - Delayed 5 second(s)

2020-03-31 20:53:17 - [TEST_STEP][PASSED] - click(findTestObject("Object Repository/Front End Objects/LoginWithValidCredentials/Page_Chiragh - Home/a_HI AutoChiragh")): Object: 'Object Repository/Front End Objects/LoginWithValidCredentials/Page_Chiragh - Home/a_HI AutoChiragh' is clicked on

2020-03-31 20:53:18 - [MESSAGE][PASSED] - Object: 'Object Repository/Front End Objects/LoginWithValidCredentials/Page_Chiragh - Home/a_HI AutoChiragh' is clicked on

2020-03-31 20:53:18 - [TEST_STEP][PASSED] - click(findTestObject("Front End Objects/TopUp(AED)/Page_Chiragh - Dashborad Home/a_My Wallet")): Object: 'Object Repository/Front End Objects/TopUp(AED)/Page_Chiragh - Dashborad Home/a_My Wallet' is clicked on

2020-03-31 20:53:19 - [MESSAGE][PASSED] - Object: 'Object Repository/Front End Objects/TopUp(AED)/Page_Chiragh - Dashborad Home/a_My Wallet' is clicked on

2020-03-31 20:53:19 - [TEST_STEP][PASSED] - click(findTestObject("Front End Objects/TopUp(AED)/Page_Chiragh - User Account Summary/a_Make a Transaction")): Object: 'Object Repository/Front End Objects/TopUp(AED)/Page_Chiragh - User Account Summary/a_Make a Transaction' is clicked on

2020-03-31 20:53:23 - [MESSAGE][PASSED] - Object: 'Object Repository/Front End Objects/TopUp(AED)/Page_Chiragh - User Account Summary/a_Make a Transaction' is clicked on

2020-03-31 20:53:23 - [TEST_STEP][PASSED] - delay(3): Delayed 3 second(s)

2020-03-31 20:53:26 - [MESSAGE][PASSED] - Delayed 3 second(s)

2020-03-31 20:53:26 - [TEST_STEP][PASSED] - setText(findTestObject("Front End Objects/TopUp(AED)/Page_Chiragh - Transaction Top Up/input_Chiragh Wallet _amount"), "1000"): Text '1000' is set on object 'Object Repository/Front End Objects/TopUp(AED)/Page_Chiragh - Transaction Top Up/input_Chiragh Wallet _amount'

2020-03-31 20:53:26 - [MESSAGE][PASSED] - Text '1000' is set on object 'Object Repository/Front End Objects/TopUp(AED)/Page_Chiragh - Transaction Top Up/input_Chiragh Wallet _amount'

2020-03-31 20:53:26 - [TEST_STEP][PASSED] - click(findTestObject("Object Repository/Front End Objects/TopUp(AED)/Page_Chiragh - Transaction Top Up/select_USD AED EUR")): Object: 'Object Repository/Front End Objects/TopUp(AED)/Page_Chiragh - Transaction Top Up/select_USD AED EUR' is clicked on

2020-03-31 20:53:27 - [MESSAGE][PASSED] - Object: 'Object Repository/Front End Objects/TopUp(AED)/Page_Chiragh - Transaction Top Up/select_USD AED EUR' is clicked on

2020-03-31 20:53:27 - [TEST_STEP][PASSED] - click(findTestObject("Object Repository/Front End Objects/TopUp(AED)/Page_Chiragh - Transaction Top Up/currency_EUR")): Object: 'Object Repository/Front End Objects/TopUp(AED)/Page_Chiragh - Transaction Top Up/currency_EUR' is clicked on

2020-03-31 20:53:27 - [MESSAGE][PASSED] - Object: 'Object Repository/Front End Objects/TopUp(AED)/Page_Chiragh - Transaction Top Up/currency_EUR' is clicked on

2020-03-31 20:53:27 - [TEST_STEP][PASSED] - delay(5): Delayed 5 second(s)

2020-03-31 20:53:32 - [MESSAGE][PASSED] - Delayed 5 second(s)

2020-03-31 20:53:32 - [TEST_STEP][PASSED] - click(findTestObject("Front End Objects/TopUp(AED)/Page_Chiragh - Transaction Top Up/select_ChiraghBank")): Object: 'Object Repository/Front End Objects/TopUp(AED)/Page_Chiragh - Transaction Top Up/select_ChiraghBank' is clicked on

2020-03-31 20:53:33 - [MESSAGE][PASSED] - Object: 'Object Repository/Front End Objects/TopUp(AED)/Page_Chiragh - Transaction Top Up/select_ChiraghBank' is clicked on

2020-03-31 20:53:33 - [TEST_STEP][PASSED] - click(findTestObject("Front End Objects/TopUp(AED)/Page_Chiragh - Transaction Top Up/BankOption1")): Object: 'Object Repository/Front End Objects/TopUp(AED)/Page_Chiragh - Transaction Top Up/BankOption1' is clicked on

2020-03-31 20:53:33 - [MESSAGE][PASSED] - Object: 'Object Repository/Front End Objects/TopUp(AED)/Page_Chiragh - Transaction Top Up/BankOption1' is clicked on

2020-03-31 20:53:33 - [TEST_STEP][PASSED] - setText(findTestObject("Front End Objects/TopUp(AED)/Page_Chiragh - Transaction Top Up/input_Transaction ID _transact"), "676767"): Text '676767' is set on object 'Object Repository/Front End Objects/TopUp(AED)/Page_Chiragh - Transaction Top Up/input_Transaction ID _transact'

2020-03-31 20:53:35 - [MESSAGE][PASSED] - Text '676767' is set on object 'Object Repository/Front End Objects/TopUp(AED)/Page_Chiragh - Transaction Top Up/input_Transaction ID _transact'

2020-03-31 20:53:35 - [TEST_STEP][PASSED] - uploadFile(findTestObject("Front End Objects/TopUp(AED)/Page_Chiragh - Transaction Top Up/UploadReceipt"), "C:\Users\HP\git\chiraghAdminPanel\Include\PropertyImages\1584693242612-Scanned_Passport_Copy.png"): File 'C:\Users\HP\git\chiraghAdminPanel\Include\PropertyImages\1584693242612-Scanned_Passport_Copy.png' sent to object: 'Object Repository/Front End Objects/TopUp(AED)/Page_Chiragh - Transaction Top Up/UploadReceipt'

2020-03-31 20:53:36 - [MESSAGE][PASSED] - File 'C:\Users\HP\git\chiraghAdminPanel\Include\PropertyImages\1584693242612-Scanned_Passport_Copy.png' sent to object: 'Object Repository/Front End Objects/TopUp(AED)/Page_Chiragh - Transaction Top Up/UploadReceipt'

2020-03-31 20:53:36 - [TEST_STEP][PASSED] - delay(5): Delayed 5 second(s)

2020-03-31 20:53:41 - [MESSAGE][PASSED] - Delayed 5 second(s)

2020-03-31 20:53:41 - [TEST_STEP][PASSED] - scrollToElement(findTestObject("Front End Objects/TopUp(AED)/Page_Chiragh - Transaction Top Up/checkbox"), 5): Scroll to object 'Object Repository/Front End Objects/TopUp(AED)/Page_Chiragh - Transaction Top Up/checkbox' successfully

2020-03-31 20:53:41 - [MESSAGE][PASSED] - Scroll to object 'Object Repository/Front End Objects/TopUp(AED)/Page_Chiragh - Transaction Top Up/checkbox' successfully

2020-03-31 20:53:41 - [TEST_STEP][PASSED] - click(findTestObject("Front End Objects/TopUp(AED)/Page_Chiragh - Transaction Top Up/div_I agree with Chiragh Walle")): Object: 'Object Repository/Front End Objects/TopUp(AED)/Page_Chiragh - Transaction Top Up/div_I agree with Chiragh Walle' is clicked on

2020-03-31 20:53:41 - [MESSAGE][PASSED] - Object: 'Object Repository/Front End Objects/TopUp(AED)/Page_Chiragh - Transaction Top Up/div_I agree with Chiragh Walle' is clicked on

2020-03-31 20:53:41 - [TEST_STEP][PASSED] - delay(2): Delayed 2 second(s)

2020-03-31 20:53:43 - [MESSAGE][PASSED] - Delayed 2 second(s)

2020-03-31 20:53:43 - [TEST_STEP][PASSED] - click(findTestObject("Front End Objects/TopUp(AED)/Page_Chiragh - Transaction Top Up/button_SEND REQUEST")): Object: 'Object Repository/Front End Objects/TopUp(AED)/Page_Chiragh - Transaction Top Up/button_SEND REQUEST' is clicked on

2020-03-31 20:53:44 - [MESSAGE][PASSED] - Object: 'Object Repository/Front End Objects/TopUp(AED)/Page_Chiragh - Transaction Top Up/button_SEND REQUEST' is clicked on

2020-03-31 20:53:44 - [TEST_STEP][PASSED] - delay(1): Delayed 1 second(s)

2020-03-31 20:53:45 - [MESSAGE][PASSED] - Delayed 1 second(s)

2020-03-31 20:53:45 - [TEST_STEP][PASSED] - verifyElementPresent(findTestObject("Front End Objects/TopUp(AED)/Page_Chiragh - Transaction Top Up/div_TOP UP REQUEST SUBMITTED S"), 3): Object 'Object Repository/Front End Objects/TopUp(AED)/Page_Chiragh - Transaction Top Up/div_TOP UP REQUEST SUBMITTED S' is present

2020-03-31 20:53:45 - [MESSAGE][PASSED] - Object 'Object Repository/Front End Objects/TopUp(AED)/Page_Chiragh - Transaction Top Up/div_TOP UP REQUEST SUBMITTED S' is present

2020-03-31 20:53:45 - [TEST_STEP][PASSED] - closeBrowser(): Browser is closed

2020-03-31 20:53:46 - [MESSAGE][PASSED] - Browser is closed

2020-03-31 20:53:48 - [TEST_STEP][PASSED] - Video: Video recording for test case 'Test Cases/Front End/TC_TopUP(EUR)_004' .

2020-03-31 20:53:48 - [MESSAGE][INFO] - Video recording for test case 'Test Cases/Front End/TC_TopUP(EUR)_004' .
[[ATTACHMENT|C:\\Users\\hp\\git\\chiraghAdminPanel\\Reports\\20200331_203336\\ChiraghWeb_FrontEnd_TopUps\\20200331_203337/videos\\test_2.mov]]]]></system-out>
         <system-err><![CDATA[]]></system-err>
      </testcase>
      <testcase name="Test Cases/Front End/TC_TopUP(USD)_005" time="146.549" classname="Test Cases/Front End/TC_TopUP(USD)_005" status="PASSED">
         <system-out><![CDATA[2020-03-31 20:53:48 - [TEST_CASE][PASSED] - Test Cases/Front End/TC_TopUP(USD)_005: Test Cases/Front End/TC_TopUP(USD)_005

2020-03-31 20:53:48 - [TEST_STEP][PASSED] - openBrowser(""): Browser is opened with url: ''

2020-03-31 20:53:48 - [MESSAGE][INFO] - Starting 'Chrome' driver

2020-03-31 20:53:53 - [MESSAGE][PASSED] - Browser is opened with url: ''

2020-03-31 20:53:53 - [TEST_STEP][PASSED] - navigateToUrl(Url): Navigate to 'http://uat.chiragh.com' successfully

2020-03-31 20:55:21 - [MESSAGE][PASSED] - Navigate to 'http://uat.chiragh.com' successfully

2020-03-31 20:55:21 - [TEST_STEP][PASSED] - waitForPageLoad(15): Wait for page load successfully

2020-03-31 20:55:21 - [MESSAGE][PASSED] - Wait for page load successfully

2020-03-31 20:55:21 - [TEST_STEP][PASSED] - maximizeWindow(): Current window maximized

2020-03-31 20:55:25 - [MESSAGE][PASSED] - Current window maximized

2020-03-31 20:55:25 - [TEST_STEP][PASSED] - delay(3): Delayed 3 second(s)

2020-03-31 20:55:28 - [MESSAGE][PASSED] - Delayed 3 second(s)

2020-03-31 20:55:28 - [TEST_STEP][PASSED] - click(findTestObject("Object Repository/Front End Objects/LoginWithValidCredentials/Page_Chiragh - Home/a_ENG_dropdownMenuLink")): Object: 'Object Repository/Front End Objects/LoginWithValidCredentials/Page_Chiragh - Home/a_ENG_dropdownMenuLink' is clicked on

2020-03-31 20:55:28 - [MESSAGE][PASSED] - Object: 'Object Repository/Front End Objects/LoginWithValidCredentials/Page_Chiragh - Home/a_ENG_dropdownMenuLink' is clicked on

2020-03-31 20:55:28 - [TEST_STEP][PASSED] - click(findTestObject("Object Repository/Front End Objects/LoginWithValidCredentials/Page_Chiragh - Home/a_Login")): Object: 'Object Repository/Front End Objects/LoginWithValidCredentials/Page_Chiragh - Home/a_Login' is clicked on

2020-03-31 20:55:29 - [MESSAGE][PASSED] - Object: 'Object Repository/Front End Objects/LoginWithValidCredentials/Page_Chiragh - Home/a_Login' is clicked on

2020-03-31 20:55:29 - [TEST_STEP][PASSED] - setText(findTestObject("Object Repository/Front End Objects/LoginWithValidCredentials/Page_Chiragh - Login/input_Username_un"), userName): Text 'adnanshafiq1' is set on object 'Object Repository/Front End Objects/LoginWithValidCredentials/Page_Chiragh - Login/input_Username_un'

2020-03-31 20:55:30 - [MESSAGE][PASSED] - Text 'adnanshafiq1' is set on object 'Object Repository/Front End Objects/LoginWithValidCredentials/Page_Chiragh - Login/input_Username_un'

2020-03-31 20:55:30 - [TEST_STEP][PASSED] - setEncryptedText(findTestObject("Object Repository/Front End Objects/LoginWithValidCredentials/Page_Chiragh - Login/input_Password_userPassword"), "RigbBhfdqOBDK95asqKeHw=="): Text ****** has been set on object 'Object Repository/Front End Objects/LoginWithValidCredentials/Page_Chiragh - Login/input_Password_userPassword'

2020-03-31 20:55:30 - [MESSAGE][PASSED] - Text ****** has been set on object 'Object Repository/Front End Objects/LoginWithValidCredentials/Page_Chiragh - Login/input_Password_userPassword'

2020-03-31 20:55:30 - [TEST_STEP][PASSED] - click(findTestObject("Object Repository/Front End Objects/LoginWithValidCredentials/Page_Chiragh - Login/button_Log In")): Object: 'Object Repository/Front End Objects/LoginWithValidCredentials/Page_Chiragh - Login/button_Log In' is clicked on

2020-03-31 20:55:31 - [MESSAGE][PASSED] - Object: 'Object Repository/Front End Objects/LoginWithValidCredentials/Page_Chiragh - Login/button_Log In' is clicked on

2020-03-31 20:55:31 - [TEST_STEP][PASSED] - waitForPageLoad(15): Wait for page load successfully

2020-03-31 20:55:31 - [MESSAGE][PASSED] - Wait for page load successfully

2020-03-31 20:55:31 - [TEST_STEP][PASSED] - click(findTestObject("Object Repository/Front End Objects/LoginWithValidCredentials/Page_Chiragh - Home/a_a month ago_dropdownMenuLink")): Object: 'Object Repository/Front End Objects/LoginWithValidCredentials/Page_Chiragh - Home/a_a month ago_dropdownMenuLink' is clicked on

2020-03-31 20:55:37 - [MESSAGE][PASSED] - Object: 'Object Repository/Front End Objects/LoginWithValidCredentials/Page_Chiragh - Home/a_a month ago_dropdownMenuLink' is clicked on

2020-03-31 20:55:37 - [TEST_STEP][PASSED] - delay(5): Delayed 5 second(s)

2020-03-31 20:55:42 - [MESSAGE][PASSED] - Delayed 5 second(s)

2020-03-31 20:55:42 - [TEST_STEP][PASSED] - click(findTestObject("Object Repository/Front End Objects/LoginWithValidCredentials/Page_Chiragh - Home/a_HI AutoChiragh")): Object: 'Object Repository/Front End Objects/LoginWithValidCredentials/Page_Chiragh - Home/a_HI AutoChiragh' is clicked on

2020-03-31 20:55:43 - [MESSAGE][PASSED] - Object: 'Object Repository/Front End Objects/LoginWithValidCredentials/Page_Chiragh - Home/a_HI AutoChiragh' is clicked on

2020-03-31 20:55:43 - [TEST_STEP][PASSED] - click(findTestObject("Front End Objects/TopUp(AED)/Page_Chiragh - Dashborad Home/a_My Wallet")): Object: 'Object Repository/Front End Objects/TopUp(AED)/Page_Chiragh - Dashborad Home/a_My Wallet' is clicked on

2020-03-31 20:55:44 - [MESSAGE][PASSED] - Object: 'Object Repository/Front End Objects/TopUp(AED)/Page_Chiragh - Dashborad Home/a_My Wallet' is clicked on

2020-03-31 20:55:44 - [TEST_STEP][PASSED] - click(findTestObject("Front End Objects/TopUp(AED)/Page_Chiragh - User Account Summary/a_Make a Transaction")): Object: 'Object Repository/Front End Objects/TopUp(AED)/Page_Chiragh - User Account Summary/a_Make a Transaction' is clicked on

2020-03-31 20:55:47 - [MESSAGE][PASSED] - Object: 'Object Repository/Front End Objects/TopUp(AED)/Page_Chiragh - User Account Summary/a_Make a Transaction' is clicked on

2020-03-31 20:55:47 - [TEST_STEP][PASSED] - delay(3): Delayed 3 second(s)

2020-03-31 20:55:50 - [MESSAGE][PASSED] - Delayed 3 second(s)

2020-03-31 20:55:50 - [TEST_STEP][PASSED] - setText(findTestObject("Front End Objects/TopUp(AED)/Page_Chiragh - Transaction Top Up/input_Chiragh Wallet _amount"), "1000"): Text '1000' is set on object 'Object Repository/Front End Objects/TopUp(AED)/Page_Chiragh - Transaction Top Up/input_Chiragh Wallet _amount'

2020-03-31 20:55:50 - [MESSAGE][PASSED] - Text '1000' is set on object 'Object Repository/Front End Objects/TopUp(AED)/Page_Chiragh - Transaction Top Up/input_Chiragh Wallet _amount'

2020-03-31 20:55:50 - [TEST_STEP][PASSED] - delay(3): Delayed 3 second(s)

2020-03-31 20:55:53 - [MESSAGE][PASSED] - Delayed 3 second(s)

2020-03-31 20:55:53 - [TEST_STEP][PASSED] - click(findTestObject("Object Repository/Front End Objects/TopUp(AED)/Page_Chiragh - Transaction Top Up/select_USD AED EUR")): Object: 'Object Repository/Front End Objects/TopUp(AED)/Page_Chiragh - Transaction Top Up/select_USD AED EUR' is clicked on

2020-03-31 20:55:54 - [MESSAGE][PASSED] - Object: 'Object Repository/Front End Objects/TopUp(AED)/Page_Chiragh - Transaction Top Up/select_USD AED EUR' is clicked on

2020-03-31 20:55:54 - [TEST_STEP][PASSED] - click(findTestObject("Object Repository/Front End Objects/TopUp(AED)/Page_Chiragh - Transaction Top Up/currency_USD")): Object: 'Object Repository/Front End Objects/TopUp(AED)/Page_Chiragh - Transaction Top Up/currency_USD' is clicked on

2020-03-31 20:55:54 - [MESSAGE][PASSED] - Object: 'Object Repository/Front End Objects/TopUp(AED)/Page_Chiragh - Transaction Top Up/currency_USD' is clicked on

2020-03-31 20:55:54 - [TEST_STEP][PASSED] - delay(5): Delayed 5 second(s)

2020-03-31 20:55:59 - [MESSAGE][PASSED] - Delayed 5 second(s)

2020-03-31 20:55:59 - [TEST_STEP][PASSED] - click(findTestObject("Front End Objects/TopUp(AED)/Page_Chiragh - Transaction Top Up/select_ChiraghBank")): Object: 'Object Repository/Front End Objects/TopUp(AED)/Page_Chiragh - Transaction Top Up/select_ChiraghBank' is clicked on

2020-03-31 20:55:59 - [MESSAGE][PASSED] - Object: 'Object Repository/Front End Objects/TopUp(AED)/Page_Chiragh - Transaction Top Up/select_ChiraghBank' is clicked on

2020-03-31 20:55:59 - [TEST_STEP][PASSED] - click(findTestObject("Front End Objects/TopUp(AED)/Page_Chiragh - Transaction Top Up/BankOption1")): Object: 'Object Repository/Front End Objects/TopUp(AED)/Page_Chiragh - Transaction Top Up/BankOption1' is clicked on

2020-03-31 20:56:00 - [MESSAGE][PASSED] - Object: 'Object Repository/Front End Objects/TopUp(AED)/Page_Chiragh - Transaction Top Up/BankOption1' is clicked on

2020-03-31 20:56:00 - [TEST_STEP][PASSED] - setText(findTestObject("Front End Objects/TopUp(AED)/Page_Chiragh - Transaction Top Up/input_Transaction ID _transact"), "676767"): Text '676767' is set on object 'Object Repository/Front End Objects/TopUp(AED)/Page_Chiragh - Transaction Top Up/input_Transaction ID _transact'

2020-03-31 20:56:02 - [MESSAGE][PASSED] - Text '676767' is set on object 'Object Repository/Front End Objects/TopUp(AED)/Page_Chiragh - Transaction Top Up/input_Transaction ID _transact'

2020-03-31 20:56:02 - [TEST_STEP][PASSED] - uploadFile(findTestObject("Front End Objects/TopUp(AED)/Page_Chiragh - Transaction Top Up/UploadReceipt"), "C:\Users\HP\git\chiraghAdminPanel\Include\PropertyImages\1584693242612-Scanned_Passport_Copy.png"): File 'C:\Users\HP\git\chiraghAdminPanel\Include\PropertyImages\1584693242612-Scanned_Passport_Copy.png' sent to object: 'Object Repository/Front End Objects/TopUp(AED)/Page_Chiragh - Transaction Top Up/UploadReceipt'

2020-03-31 20:56:02 - [MESSAGE][PASSED] - File 'C:\Users\HP\git\chiraghAdminPanel\Include\PropertyImages\1584693242612-Scanned_Passport_Copy.png' sent to object: 'Object Repository/Front End Objects/TopUp(AED)/Page_Chiragh - Transaction Top Up/UploadReceipt'

2020-03-31 20:56:02 - [TEST_STEP][PASSED] - delay(5): Delayed 5 second(s)

2020-03-31 20:56:07 - [MESSAGE][PASSED] - Delayed 5 second(s)

2020-03-31 20:56:07 - [TEST_STEP][PASSED] - scrollToElement(findTestObject("Front End Objects/TopUp(AED)/Page_Chiragh - Transaction Top Up/checkbox"), 5): Scroll to object 'Object Repository/Front End Objects/TopUp(AED)/Page_Chiragh - Transaction Top Up/checkbox' successfully

2020-03-31 20:56:08 - [MESSAGE][PASSED] - Scroll to object 'Object Repository/Front End Objects/TopUp(AED)/Page_Chiragh - Transaction Top Up/checkbox' successfully

2020-03-31 20:56:08 - [TEST_STEP][PASSED] - click(findTestObject("Front End Objects/TopUp(AED)/Page_Chiragh - Transaction Top Up/div_I agree with Chiragh Walle")): Object: 'Object Repository/Front End Objects/TopUp(AED)/Page_Chiragh - Transaction Top Up/div_I agree with Chiragh Walle' is clicked on

2020-03-31 20:56:08 - [MESSAGE][PASSED] - Object: 'Object Repository/Front End Objects/TopUp(AED)/Page_Chiragh - Transaction Top Up/div_I agree with Chiragh Walle' is clicked on

2020-03-31 20:56:08 - [TEST_STEP][PASSED] - delay(2): Delayed 2 second(s)

2020-03-31 20:56:10 - [MESSAGE][PASSED] - Delayed 2 second(s)

2020-03-31 20:56:10 - [TEST_STEP][PASSED] - click(findTestObject("Front End Objects/TopUp(AED)/Page_Chiragh - Transaction Top Up/button_SEND REQUEST")): Object: 'Object Repository/Front End Objects/TopUp(AED)/Page_Chiragh - Transaction Top Up/button_SEND REQUEST' is clicked on

2020-03-31 20:56:10 - [MESSAGE][PASSED] - Object: 'Object Repository/Front End Objects/TopUp(AED)/Page_Chiragh - Transaction Top Up/button_SEND REQUEST' is clicked on

2020-03-31 20:56:10 - [TEST_STEP][PASSED] - delay(1): Delayed 1 second(s)

2020-03-31 20:56:11 - [MESSAGE][PASSED] - Delayed 1 second(s)

2020-03-31 20:56:11 - [TEST_STEP][PASSED] - verifyElementPresent(findTestObject("Front End Objects/TopUp(AED)/Page_Chiragh - Transaction Top Up/div_TOP UP REQUEST SUBMITTED S"), 3): Object 'Object Repository/Front End Objects/TopUp(AED)/Page_Chiragh - Transaction Top Up/div_TOP UP REQUEST SUBMITTED S' is present

2020-03-31 20:56:12 - [MESSAGE][PASSED] - Object 'Object Repository/Front End Objects/TopUp(AED)/Page_Chiragh - Transaction Top Up/div_TOP UP REQUEST SUBMITTED S' is present

2020-03-31 20:56:12 - [TEST_STEP][PASSED] - closeBrowser(): Browser is closed

2020-03-31 20:56:12 - [MESSAGE][PASSED] - Browser is closed

2020-03-31 20:56:14 - [TEST_STEP][PASSED] - Video: Video recording for test case 'Test Cases/Front End/TC_TopUP(USD)_005' .

2020-03-31 20:56:14 - [MESSAGE][INFO] - Video recording for test case 'Test Cases/Front End/TC_TopUP(USD)_005' .
[[ATTACHMENT|C:\\Users\\hp\\git\\chiraghAdminPanel\\Reports\\20200331_203336\\ChiraghWeb_FrontEnd_TopUps\\20200331_203337/videos\\test_3.mov]]]]></system-out>
         <system-err><![CDATA[]]></system-err>
      </testcase>
      <system-out><![CDATA[2020-03-31 20:48:44 - [TEST_SUITE][PASSED] - ChiraghWeb_FrontEnd_TopUps: Test Cases/Front End/TC_TopUP(USD)_005]]></system-out>
      <system-err><![CDATA[]]></system-err>
   </testsuite>
</testsuites>
